   1              		.cpu cortex-m4
   2              		.eabi_attribute 27, 1
   3              		.eabi_attribute 28, 1
   4              		.eabi_attribute 20, 1
   5              		.eabi_attribute 21, 1
   6              		.eabi_attribute 23, 3
   7              		.eabi_attribute 24, 1
   8              		.eabi_attribute 25, 1
   9              		.eabi_attribute 26, 1
  10              		.eabi_attribute 30, 4
  11              		.eabi_attribute 34, 1
  12              		.eabi_attribute 18, 4
  13              		.file	"keycode_config.c"
  14              		.text
  15              	.Ltext0:
  16              		.cfi_sections	.debug_frame
  17              		.section	.text.keycode_config,"ax",%progbits
  18              		.align	1
  19              		.global	keycode_config
  20              		.syntax unified
  21              		.thumb
  22              		.thumb_func
  23              		.fpu fpv4-sp-d16
  25              	keycode_config:
  26              	.LFB0:
  27              		.file 1 "quantum/keycode_config.c"
   1:quantum/keycode_config.c **** /* Copyright 2016 Jack Humbert
   2:quantum/keycode_config.c ****  *
   3:quantum/keycode_config.c ****  * This program is free software: you can redistribute it and/or modify
   4:quantum/keycode_config.c ****  * it under the terms of the GNU General Public License as published by
   5:quantum/keycode_config.c ****  * the Free Software Foundation, either version 2 of the License, or
   6:quantum/keycode_config.c ****  * (at your option) any later version.
   7:quantum/keycode_config.c ****  *
   8:quantum/keycode_config.c ****  * This program is distributed in the hope that it will be useful,
   9:quantum/keycode_config.c ****  * but WITHOUT ANY WARRANTY; without even the implied warranty of
  10:quantum/keycode_config.c ****  * MERCHANTABILITY or FITNESS FOR A PARTICULAR PURPOSE.  See the
  11:quantum/keycode_config.c ****  * GNU General Public License for more details.
  12:quantum/keycode_config.c ****  *
  13:quantum/keycode_config.c ****  * You should have received a copy of the GNU General Public License
  14:quantum/keycode_config.c ****  * along with this program.  If not, see <http://www.gnu.org/licenses/>.
  15:quantum/keycode_config.c ****  */
  16:quantum/keycode_config.c **** 
  17:quantum/keycode_config.c **** #include "keycode_config.h"
  18:quantum/keycode_config.c **** 
  19:quantum/keycode_config.c **** extern keymap_config_t keymap_config;
  20:quantum/keycode_config.c **** 
  21:quantum/keycode_config.c **** /** \brief keycode_config
  22:quantum/keycode_config.c ****  *
  23:quantum/keycode_config.c ****  * This function is used to check a specific keycode against the bootmagic config,
  24:quantum/keycode_config.c ****  * and will return the corrected keycode, when appropriate.
  25:quantum/keycode_config.c ****  */
  26:quantum/keycode_config.c **** uint16_t keycode_config(uint16_t keycode) {
  28              		.loc 1 26 0
  29              		.cfi_startproc
  30              		@ args = 0, pretend = 0, frame = 0
  31              		@ frame_needed = 0, uses_anonymous_args = 0
  32              		@ link register save eliminated.
  33              	.LVL0:
  27:quantum/keycode_config.c ****     switch (keycode) {
  34              		.loc 1 27 0
  35 0000 8228     		cmp	r0, #130
  36 0002 25D0     		beq	.L3
  37 0004 0CD8     		bhi	.L4
  38 0006 3128     		cmp	r0, #49
  39 0008 63D0     		beq	.L5
  40 000a 04D8     		bhi	.L6
  41 000c 2928     		cmp	r0, #41
  42 000e 59D0     		beq	.L7
  43 0010 2A28     		cmp	r0, #42
  44 0012 65D0     		beq	.L8
  45 0014 7047     		bx	lr
  46              	.L6:
  47 0016 3528     		cmp	r0, #53
  48 0018 4DD0     		beq	.L9
  49 001a 3928     		cmp	r0, #57
  50 001c 18D0     		beq	.L3
  51 001e 7047     		bx	lr
  52              	.L4:
  53 0020 E328     		cmp	r0, #227
  54 0022 30D0     		beq	.L10
  55 0024 04D8     		bhi	.L11
  56 0026 E028     		cmp	r0, #224
  57 0028 19D0     		beq	.L12
  58 002a E228     		cmp	r0, #226
  59 002c 26D0     		beq	.L13
  60 002e 7047     		bx	lr
  61              	.L11:
  62 0030 E628     		cmp	r0, #230
  63 0032 32D0     		beq	.L14
  64 0034 E728     		cmp	r0, #231
  65 0036 35D0     		beq	.L15
  66 0038 E428     		cmp	r0, #228
  67 003a 32D1     		bne	.L2
  28:quantum/keycode_config.c ****         case KC_CAPSLOCK:
  29:quantum/keycode_config.c ****         case KC_LOCKING_CAPS:
  30:quantum/keycode_config.c ****             if (keymap_config.swap_control_capslock || keymap_config.capslock_to_control) {
  31:quantum/keycode_config.c ****                 return KC_LCTL;
  32:quantum/keycode_config.c ****             }
  33:quantum/keycode_config.c ****             return keycode;
  34:quantum/keycode_config.c ****         case KC_LCTL:
  35:quantum/keycode_config.c ****             if (keymap_config.swap_control_capslock) {
  36:quantum/keycode_config.c ****                 return KC_CAPSLOCK;
  37:quantum/keycode_config.c ****             }
  38:quantum/keycode_config.c ****             if (keymap_config.swap_lctl_lgui) {
  39:quantum/keycode_config.c ****                 if (keymap_config.no_gui) {
  40:quantum/keycode_config.c ****                     return KC_NO;
  41:quantum/keycode_config.c ****                 }
  42:quantum/keycode_config.c ****                 return KC_LGUI;
  43:quantum/keycode_config.c ****             }
  44:quantum/keycode_config.c ****             return KC_LCTL;
  45:quantum/keycode_config.c ****         case KC_LALT:
  46:quantum/keycode_config.c ****             if (keymap_config.swap_lalt_lgui) {
  47:quantum/keycode_config.c ****                 if (keymap_config.no_gui) {
  48:quantum/keycode_config.c ****                     return KC_NO;
  49:quantum/keycode_config.c ****                 }
  50:quantum/keycode_config.c ****                 return KC_LGUI;
  51:quantum/keycode_config.c ****             }
  52:quantum/keycode_config.c ****             return KC_LALT;
  53:quantum/keycode_config.c ****         case KC_LGUI:
  54:quantum/keycode_config.c ****             if (keymap_config.swap_lalt_lgui) {
  55:quantum/keycode_config.c ****                 return KC_LALT;
  56:quantum/keycode_config.c ****             }
  57:quantum/keycode_config.c ****             if (keymap_config.swap_lctl_lgui) {
  58:quantum/keycode_config.c ****                 return KC_LCTRL;
  59:quantum/keycode_config.c ****             }
  60:quantum/keycode_config.c ****             if (keymap_config.no_gui) {
  61:quantum/keycode_config.c ****                 return KC_NO;
  62:quantum/keycode_config.c ****             }
  63:quantum/keycode_config.c ****             return KC_LGUI;
  64:quantum/keycode_config.c ****         case KC_RCTL:
  65:quantum/keycode_config.c ****             if (keymap_config.swap_rctl_rgui) {
  68              		.loc 1 65 0
  69 003c 304B     		ldr	r3, .L59
  70 003e 5A78     		ldrb	r2, [r3, #1]	@ zero_extendqisi2
  71 0040 9107     		lsls	r1, r2, #30
  72 0042 2ED5     		bpl	.L2
  66:quantum/keycode_config.c ****                 if (keymap_config.no_gui) {
  73              		.loc 1 66 0
  74 0044 1B78     		ldrb	r3, [r3]	@ zero_extendqisi2
  75              	.L58:
  40:quantum/keycode_config.c ****                 }
  76              		.loc 1 40 0
  77 0046 13F0100F 		tst	r3, #16
  78 004a 08BF     		it	eq
  79 004c E720     		moveq	r0, #231
  80              	.LVL1:
  81 004e 12E0     		b	.L54
  82              	.LVL2:
  83              	.L3:
  30:quantum/keycode_config.c ****                 return KC_LCTL;
  84              		.loc 1 30 0
  85 0050 2B4B     		ldr	r3, .L59
  86 0052 1B78     		ldrb	r3, [r3]	@ zero_extendqisi2
  31:quantum/keycode_config.c ****             }
  87              		.loc 1 31 0
  88 0054 13F0030F 		tst	r3, #3
  89 0058 18BF     		it	ne
  90 005a E020     		movne	r0, #224
  91              	.LVL3:
  92 005c 7047     		bx	lr
  93              	.LVL4:
  94              	.L12:
  35:quantum/keycode_config.c ****                 return KC_CAPSLOCK;
  95              		.loc 1 35 0
  96 005e 284A     		ldr	r2, .L59
  97 0060 1378     		ldrb	r3, [r2]	@ zero_extendqisi2
  98 0062 D907     		lsls	r1, r3, #31
  99 0064 43D4     		bmi	.L18
  38:quantum/keycode_config.c ****                 if (keymap_config.no_gui) {
 100              		.loc 1 38 0
 101 0066 5278     		ldrb	r2, [r2, #1]	@ zero_extendqisi2
 102 0068 12F0010F 		tst	r2, #1
 103              	.L57:
  46:quantum/keycode_config.c ****                 if (keymap_config.no_gui) {
 104              		.loc 1 46 0
 105 006c 19D0     		beq	.L2
  40:quantum/keycode_config.c ****                 }
 106              		.loc 1 40 0
 107 006e 13F0100F 		tst	r3, #16
 108 0072 08BF     		it	eq
 109 0074 E320     		moveq	r0, #227
 110              	.LVL5:
 111              	.L54:
 112 0076 18BF     		it	ne
 113 0078 0020     		movne	r0, #0
 114 007a 7047     		bx	lr
 115              	.LVL6:
 116              	.L13:
  46:quantum/keycode_config.c ****                 if (keymap_config.no_gui) {
 117              		.loc 1 46 0
 118 007c 204B     		ldr	r3, .L59
 119 007e 1B78     		ldrb	r3, [r3]	@ zero_extendqisi2
 120 0080 13F0040F 		tst	r3, #4
 121 0084 F2E7     		b	.L57
 122              	.L10:
  54:quantum/keycode_config.c ****                 return KC_LALT;
 123              		.loc 1 54 0
 124 0086 1E4A     		ldr	r2, .L59
 125 0088 1378     		ldrb	r3, [r2]	@ zero_extendqisi2
 126 008a 5907     		lsls	r1, r3, #29
 127 008c 31D4     		bmi	.L21
  57:quantum/keycode_config.c ****                 return KC_LCTRL;
 128              		.loc 1 57 0
 129 008e 5278     		ldrb	r2, [r2, #1]	@ zero_extendqisi2
 130 0090 D207     		lsls	r2, r2, #31
 131 0092 30D4     		bmi	.L22
 132              	.L55:
  40:quantum/keycode_config.c ****                 }
 133              		.loc 1 40 0
 134 0094 13F0100F 		tst	r3, #16
 135 0098 EDE7     		b	.L54
 136              	.L14:
  67:quantum/keycode_config.c ****                     return KC_NO;
  68:quantum/keycode_config.c ****                 }
  69:quantum/keycode_config.c ****                 return KC_RGUI;
  70:quantum/keycode_config.c ****             }
  71:quantum/keycode_config.c ****             return KC_RCTL;
  72:quantum/keycode_config.c ****         case KC_RALT:
  73:quantum/keycode_config.c ****             if (keymap_config.swap_ralt_rgui) {
 137              		.loc 1 73 0
 138 009a 194B     		ldr	r3, .L59
 139 009c 1B78     		ldrb	r3, [r3]	@ zero_extendqisi2
 140 009e 1A07     		lsls	r2, r3, #28
 141 00a0 D1D4     		bmi	.L58
 142              	.LVL7:
 143              	.L2:
  74:quantum/keycode_config.c ****                 if (keymap_config.no_gui) {
  75:quantum/keycode_config.c ****                     return KC_NO;
  76:quantum/keycode_config.c ****                 }
  77:quantum/keycode_config.c ****                 return KC_RGUI;
  78:quantum/keycode_config.c ****             }
  79:quantum/keycode_config.c ****             return KC_RALT;
  80:quantum/keycode_config.c ****         case KC_RGUI:
  81:quantum/keycode_config.c ****             if (keymap_config.swap_ralt_rgui) {
  82:quantum/keycode_config.c ****                 return KC_RALT;
  83:quantum/keycode_config.c ****             }
  84:quantum/keycode_config.c ****             if (keymap_config.swap_rctl_rgui) {
  85:quantum/keycode_config.c ****                 return KC_RCTL;
  86:quantum/keycode_config.c ****             }
  87:quantum/keycode_config.c ****             if (keymap_config.no_gui) {
  88:quantum/keycode_config.c ****                 return KC_NO;
  89:quantum/keycode_config.c ****             }
  90:quantum/keycode_config.c ****             return KC_RGUI;
  91:quantum/keycode_config.c ****         case KC_GRAVE:
  92:quantum/keycode_config.c ****             if (keymap_config.swap_grave_esc) {
  93:quantum/keycode_config.c ****                 return KC_ESC;
  94:quantum/keycode_config.c ****             }
  95:quantum/keycode_config.c ****             return KC_GRAVE;
  96:quantum/keycode_config.c ****         case KC_ESC:
  97:quantum/keycode_config.c ****             if (keymap_config.swap_grave_esc) {
  98:quantum/keycode_config.c ****                 return KC_GRAVE;
  99:quantum/keycode_config.c ****             }
 100:quantum/keycode_config.c ****             return KC_ESC;
 101:quantum/keycode_config.c ****         case KC_BSLASH:
 102:quantum/keycode_config.c ****             if (keymap_config.swap_backslash_backspace) {
 103:quantum/keycode_config.c ****                 return KC_BSPACE;
 104:quantum/keycode_config.c ****             }
 105:quantum/keycode_config.c ****             return KC_BSLASH;
 106:quantum/keycode_config.c ****         case KC_BSPACE:
 107:quantum/keycode_config.c ****             if (keymap_config.swap_backslash_backspace) {
 108:quantum/keycode_config.c ****                 return KC_BSLASH;
 109:quantum/keycode_config.c ****             }
 110:quantum/keycode_config.c ****             return KC_BSPACE;
 111:quantum/keycode_config.c ****         default:
 112:quantum/keycode_config.c ****             return keycode;
 113:quantum/keycode_config.c ****     }
 114:quantum/keycode_config.c **** }
 144              		.loc 1 114 0
 145 00a2 7047     		bx	lr
 146              	.LVL8:
 147              	.L15:
  81:quantum/keycode_config.c ****                 return KC_RALT;
 148              		.loc 1 81 0
 149 00a4 164A     		ldr	r2, .L59
 150 00a6 1378     		ldrb	r3, [r2]	@ zero_extendqisi2
 151 00a8 1907     		lsls	r1, r3, #28
 152 00aa 26D4     		bmi	.L25
  84:quantum/keycode_config.c ****                 return KC_RCTL;
 153              		.loc 1 84 0
 154 00ac 5278     		ldrb	r2, [r2, #1]	@ zero_extendqisi2
 155 00ae 9207     		lsls	r2, r2, #30
 156 00b0 F0D5     		bpl	.L55
  71:quantum/keycode_config.c ****         case KC_RALT:
 157              		.loc 1 71 0
 158 00b2 E420     		movs	r0, #228
 159              	.LVL9:
 160 00b4 F5E7     		b	.L2
 161              	.LVL10:
 162              	.L9:
  92:quantum/keycode_config.c ****                 return KC_ESC;
 163              		.loc 1 92 0
 164 00b6 124B     		ldr	r3, .L59
 165 00b8 1B78     		ldrb	r3, [r3]	@ zero_extendqisi2
  93:quantum/keycode_config.c ****             }
 166              		.loc 1 93 0
 167 00ba 13F0200F 		tst	r3, #32
 168 00be 18BF     		it	ne
 169 00c0 2920     		movne	r0, #41
 170              	.LVL11:
 171 00c2 7047     		bx	lr
 172              	.LVL12:
 173              	.L7:
  97:quantum/keycode_config.c ****                 return KC_GRAVE;
 174              		.loc 1 97 0
 175 00c4 0E4B     		ldr	r3, .L59
 176 00c6 1B78     		ldrb	r3, [r3]	@ zero_extendqisi2
  98:quantum/keycode_config.c ****             }
 177              		.loc 1 98 0
 178 00c8 13F0200F 		tst	r3, #32
 179 00cc 18BF     		it	ne
 180 00ce 3520     		movne	r0, #53
 181              	.LVL13:
 182 00d0 7047     		bx	lr
 183              	.LVL14:
 184              	.L5:
 102:quantum/keycode_config.c ****                 return KC_BSPACE;
 185              		.loc 1 102 0
 186 00d2 0B4B     		ldr	r3, .L59
 187 00d4 1B78     		ldrb	r3, [r3]	@ zero_extendqisi2
 103:quantum/keycode_config.c ****             }
 188              		.loc 1 103 0
 189 00d6 13F0400F 		tst	r3, #64
 190 00da 18BF     		it	ne
 191 00dc 2A20     		movne	r0, #42
 192              	.LVL15:
 193 00de 7047     		bx	lr
 194              	.LVL16:
 195              	.L8:
 107:quantum/keycode_config.c ****                 return KC_BSLASH;
 196              		.loc 1 107 0
 197 00e0 074B     		ldr	r3, .L59
 198 00e2 1B78     		ldrb	r3, [r3]	@ zero_extendqisi2
 108:quantum/keycode_config.c ****             }
 199              		.loc 1 108 0
 200 00e4 13F0400F 		tst	r3, #64
 201 00e8 18BF     		it	ne
 202 00ea 3120     		movne	r0, #49
 203              	.LVL17:
 204 00ec 7047     		bx	lr
 205              	.LVL18:
 206              	.L18:
  36:quantum/keycode_config.c ****             }
 207              		.loc 1 36 0
 208 00ee 3920     		movs	r0, #57
 209              	.LVL19:
 210 00f0 7047     		bx	lr
 211              	.LVL20:
 212              	.L21:
  52:quantum/keycode_config.c ****         case KC_LGUI:
 213              		.loc 1 52 0
 214 00f2 E220     		movs	r0, #226
 215              	.LVL21:
 216 00f4 7047     		bx	lr
 217              	.LVL22:
 218              	.L22:
  31:quantum/keycode_config.c ****             }
 219              		.loc 1 31 0
 220 00f6 E020     		movs	r0, #224
 221              	.LVL23:
 222 00f8 7047     		bx	lr
 223              	.LVL24:
 224              	.L25:
  79:quantum/keycode_config.c ****         case KC_RGUI:
 225              		.loc 1 79 0
 226 00fa E620     		movs	r0, #230
 227              	.LVL25:
 228 00fc 7047     		bx	lr
 229              	.L60:
 230 00fe 00BF     		.align	2
 231              	.L59:
 232 0100 00000000 		.word	keymap_config
 233              		.cfi_endproc
 234              	.LFE0:
 236              		.section	.text.mod_config,"ax",%progbits
 237              		.align	1
 238              		.global	mod_config
 239              		.syntax unified
 240              		.thumb
 241              		.thumb_func
 242              		.fpu fpv4-sp-d16
 244              	mod_config:
 245              	.LFB1:
 115:quantum/keycode_config.c **** 
 116:quantum/keycode_config.c **** /** \brief mod_config
 117:quantum/keycode_config.c ****  *
 118:quantum/keycode_config.c ****  *  This function checks the mods passed to it against the bootmagic config,
 119:quantum/keycode_config.c ****  *  and will remove or replace mods, based on that.
 120:quantum/keycode_config.c ****  */
 121:quantum/keycode_config.c **** 
 122:quantum/keycode_config.c **** uint8_t mod_config(uint8_t mod) {
 246              		.loc 1 122 0
 247              		.cfi_startproc
 248              		@ args = 0, pretend = 0, frame = 0
 249              		@ frame_needed = 0, uses_anonymous_args = 0
 250              		@ link register save eliminated.
 251              	.LVL26:
 123:quantum/keycode_config.c ****     if (keymap_config.swap_lalt_lgui) {
 252              		.loc 1 123 0
 253 0000 294B     		ldr	r3, .L86
 254 0002 1A78     		ldrb	r2, [r3]	@ zero_extendqisi2
 255 0004 5107     		lsls	r1, r2, #29
 256 0006 07D5     		bpl	.L62
 124:quantum/keycode_config.c ****         if ((mod & MOD_RGUI) == MOD_LGUI) {
 257              		.loc 1 124 0
 258 0008 00F01801 		and	r1, r0, #24
 259 000c 0829     		cmp	r1, #8
 260 000e 27D1     		bne	.L63
 125:quantum/keycode_config.c ****             mod &= ~MOD_LGUI;
 261              		.loc 1 125 0
 262 0010 00F0F700 		and	r0, r0, #247
 263              	.LVL27:
 126:quantum/keycode_config.c ****             mod |= MOD_LALT;
 264              		.loc 1 126 0
 265 0014 40F00400 		orr	r0, r0, #4
 266              	.LVL28:
 267              	.L62:
 127:quantum/keycode_config.c ****         } else if ((mod & MOD_RALT) == MOD_LALT) {
 128:quantum/keycode_config.c ****             mod &= ~MOD_LALT;
 129:quantum/keycode_config.c ****             mod |= MOD_LGUI;
 130:quantum/keycode_config.c ****         }
 131:quantum/keycode_config.c ****     }
 132:quantum/keycode_config.c ****     if (keymap_config.swap_ralt_rgui) {
 268              		.loc 1 132 0
 269 0018 1107     		lsls	r1, r2, #28
 270 001a 07D5     		bpl	.L64
 133:quantum/keycode_config.c ****         if ((mod & MOD_RGUI) == MOD_RGUI) {
 271              		.loc 1 133 0
 272 001c 00F01801 		and	r1, r0, #24
 273 0020 1829     		cmp	r1, #24
 274 0022 26D1     		bne	.L65
 134:quantum/keycode_config.c ****             mod &= ~MOD_RGUI;
 275              		.loc 1 134 0
 276 0024 00F0E700 		and	r0, r0, #231
 277              	.LVL29:
 135:quantum/keycode_config.c ****             mod |= MOD_RALT;
 278              		.loc 1 135 0
 279 0028 40F01400 		orr	r0, r0, #20
 280              	.LVL30:
 281              	.L64:
 136:quantum/keycode_config.c ****         } else if ((mod & MOD_RALT) == MOD_RALT) {
 137:quantum/keycode_config.c ****             mod &= ~MOD_RALT;
 138:quantum/keycode_config.c ****             mod |= MOD_RGUI;
 139:quantum/keycode_config.c ****         }
 140:quantum/keycode_config.c ****     }
 141:quantum/keycode_config.c ****     if (keymap_config.swap_lctl_lgui) {
 282              		.loc 1 141 0
 283 002c 5B78     		ldrb	r3, [r3, #1]	@ zero_extendqisi2
 284 002e D907     		lsls	r1, r3, #31
 285 0030 07D5     		bpl	.L66
 142:quantum/keycode_config.c ****         if ((mod & MOD_RGUI) == MOD_LGUI) {
 286              		.loc 1 142 0
 287 0032 00F01801 		and	r1, r0, #24
 288 0036 0829     		cmp	r1, #8
 289 0038 24D1     		bne	.L67
 143:quantum/keycode_config.c ****             mod &= ~MOD_LGUI;
 290              		.loc 1 143 0
 291 003a 00F0F700 		and	r0, r0, #247
 292              	.LVL31:
 144:quantum/keycode_config.c ****             mod |= MOD_LCTL;
 293              		.loc 1 144 0
 294 003e 40F00100 		orr	r0, r0, #1
 295              	.LVL32:
 296              	.L66:
 145:quantum/keycode_config.c ****         } else if ((mod & MOD_RCTL) == MOD_LCTL) {
 146:quantum/keycode_config.c ****             mod &= ~MOD_LCTL;
 147:quantum/keycode_config.c ****             mod |= MOD_LGUI;
 148:quantum/keycode_config.c ****         }
 149:quantum/keycode_config.c ****     }
 150:quantum/keycode_config.c ****     if (keymap_config.swap_rctl_rgui) {
 297              		.loc 1 150 0
 298 0042 9907     		lsls	r1, r3, #30
 299 0044 07D5     		bpl	.L68
 151:quantum/keycode_config.c ****         if ((mod & MOD_RGUI) == MOD_RGUI) {
 300              		.loc 1 151 0
 301 0046 00F01803 		and	r3, r0, #24
 302 004a 182B     		cmp	r3, #24
 303 004c 23D1     		bne	.L69
 152:quantum/keycode_config.c ****             mod &= ~MOD_RGUI;
 304              		.loc 1 152 0
 305 004e 00F0E700 		and	r0, r0, #231
 306              	.LVL33:
 153:quantum/keycode_config.c ****             mod |= MOD_RCTL;
 307              		.loc 1 153 0
 308 0052 40F01100 		orr	r0, r0, #17
 309              	.LVL34:
 310              	.L68:
 154:quantum/keycode_config.c ****         } else if ((mod & MOD_RCTL) == MOD_RCTL) {
 155:quantum/keycode_config.c ****             mod &= ~MOD_RCTL;
 156:quantum/keycode_config.c ****             mod |= MOD_RGUI;
 157:quantum/keycode_config.c ****         }
 158:quantum/keycode_config.c ****     }
 159:quantum/keycode_config.c ****     if (keymap_config.no_gui) {
 311              		.loc 1 159 0
 312 0056 D306     		lsls	r3, r2, #27
 313              	.LVL35:
 160:quantum/keycode_config.c ****         mod &= ~MOD_LGUI;
 161:quantum/keycode_config.c ****         mod &= ~MOD_RGUI;
 314              		.loc 1 161 0
 315 0058 48BF     		it	mi
 316 005a 00F0E700 		andmi	r0, r0, #231
 317              	.LVL36:
 162:quantum/keycode_config.c ****     }
 163:quantum/keycode_config.c **** 
 164:quantum/keycode_config.c ****     return mod;
 165:quantum/keycode_config.c **** }
 318              		.loc 1 165 0
 319 005e 7047     		bx	lr
 320              	.L63:
 127:quantum/keycode_config.c ****             mod &= ~MOD_LALT;
 321              		.loc 1 127 0
 322 0060 00F01401 		and	r1, r0, #20
 323 0064 0429     		cmp	r1, #4
 128:quantum/keycode_config.c ****             mod |= MOD_LGUI;
 324              		.loc 1 128 0
 325 0066 04BF     		itt	eq
 326 0068 00F0FB00 		andeq	r0, r0, #251
 327              	.LVL37:
 129:quantum/keycode_config.c ****         }
 328              		.loc 1 129 0
 329 006c 40F00800 		orreq	r0, r0, #8
 330              	.LVL38:
 331 0070 D2E7     		b	.L62
 332              	.L65:
 136:quantum/keycode_config.c ****             mod &= ~MOD_RALT;
 333              		.loc 1 136 0
 334 0072 00F01401 		and	r1, r0, #20
 335 0076 1429     		cmp	r1, #20
 137:quantum/keycode_config.c ****             mod |= MOD_RGUI;
 336              		.loc 1 137 0
 337 0078 04BF     		itt	eq
 338 007a 00F0EB00 		andeq	r0, r0, #235
 339              	.LVL39:
 138:quantum/keycode_config.c ****         }
 340              		.loc 1 138 0
 341 007e 40F01800 		orreq	r0, r0, #24
 342              	.LVL40:
 343 0082 D3E7     		b	.L64
 344              	.L67:
 145:quantum/keycode_config.c ****             mod &= ~MOD_LCTL;
 345              		.loc 1 145 0
 346 0084 00F01101 		and	r1, r0, #17
 347 0088 0129     		cmp	r1, #1
 146:quantum/keycode_config.c ****             mod |= MOD_LGUI;
 348              		.loc 1 146 0
 349 008a 04BF     		itt	eq
 350 008c 00F0FE00 		andeq	r0, r0, #254
 351              	.LVL41:
 147:quantum/keycode_config.c ****         }
 352              		.loc 1 147 0
 353 0090 40F00800 		orreq	r0, r0, #8
 354              	.LVL42:
 355 0094 D5E7     		b	.L66
 356              	.L69:
 154:quantum/keycode_config.c ****             mod &= ~MOD_RCTL;
 357              		.loc 1 154 0
 358 0096 00F01103 		and	r3, r0, #17
 359 009a 112B     		cmp	r3, #17
 155:quantum/keycode_config.c ****             mod |= MOD_RGUI;
 360              		.loc 1 155 0
 361 009c 04BF     		itt	eq
 362 009e 00F0EE00 		andeq	r0, r0, #238
 363              	.LVL43:
 156:quantum/keycode_config.c ****         }
 364              		.loc 1 156 0
 365 00a2 40F01800 		orreq	r0, r0, #24
 366              	.LVL44:
 367 00a6 D6E7     		b	.L68
 368              	.L87:
 369              		.align	2
 370              	.L86:
 371 00a8 00000000 		.word	keymap_config
 372              		.cfi_endproc
 373              	.LFE1:
 375              		.text
 376              	.Letext0:
 377              		.file 2 "/usr/local/Cellar/gcc-arm-none-eabi/20180627/arm-none-eabi/include/machine/_default_types
 378              		.file 3 "/usr/local/Cellar/gcc-arm-none-eabi/20180627/arm-none-eabi/include/sys/_stdint.h"
 379              		.file 4 "tmk_core/common/keycode.h"
 380              		.file 5 "tmk_core/common/action_code.h"
 381              		.file 6 "quantum/keycode_config.h"
DEFINED SYMBOLS
                            *ABS*:0000000000000000 keycode_config.c
/var/tmp//ccMqWoR3.s:18     .text.keycode_config:0000000000000000 $t
/var/tmp//ccMqWoR3.s:25     .text.keycode_config:0000000000000000 keycode_config
/var/tmp//ccMqWoR3.s:232    .text.keycode_config:0000000000000100 $d
/var/tmp//ccMqWoR3.s:237    .text.mod_config:0000000000000000 $t
/var/tmp//ccMqWoR3.s:244    .text.mod_config:0000000000000000 mod_config
/var/tmp//ccMqWoR3.s:371    .text.mod_config:00000000000000a8 $d

UNDEFINED SYMBOLS
keymap_config
