   1               		.file	"luts.c"
   2               	__SP_H__ = 0x3e
   3               	__SP_L__ = 0x3d
   4               	__SREG__ = 0x3f
   5               	__tmp_reg__ = 0
   6               	__zero_reg__ = 1
   7               		.section	.gnu.lto_.profile.b4290bf86dc47add,"",@progbits
   8 0000 789C 6363 		.string	"x\234cc```\004b\006"
   8      6060 6004 
   8      6206 00
   9 000b 00        		.string	""
  10 000c 4400      		.string	"D"
  11 000e 08        		.ascii	"\b"
  12               		.text
  13               		.section	.gnu.lto_.icf.b4290bf86dc47add,"",@progbits
  14 0000 789C 6363 		.string	"x\234cc``\340c@"
  14      6060 E063 
  14      4000 
  15 000a 2686 F96D 		.string	"&\206\371m['s16\317|6\201\237\001"
  15      5B27 7331 
  15      36CF 7C36 
  15      819F 0100 
  16 001a 2799 0530 		.ascii	"'\231\0050"
  17               		.text
  18               		.section	.gnu.lto_.inline.b4290bf86dc47add,"",@progbits
  19 0000 789C 6363 		.string	"x\234cc```b@\006"
  19      6060 6062 
  19      4006 00
  20 000b 00        		.string	""
  21 000c 9A00      		.string	"\232"
  22 000e 09        		.ascii	"\t"
  23               		.text
  24               		.section	.gnu.lto_.pureconst.b4290bf86dc47add,"",@progbits
  25 0000 789C 6363 		.string	"x\234cc```\004b\006"
  25      6060 6004 
  25      6206 00
  26 000b 00        		.string	""
  27 000c 4400      		.string	"D"
  28 000e 08        		.ascii	"\b"
  29               		.text
  30               		.section	.gnu.lto_frequency_lut.b4290bf86dc47add,"",@progbits
  31 0000 789C 559A 		.ascii	"x\234U\232Wlk\331z\337\017\347\314\214o\277\266c;m\342k'\266"
  31      576C 6BD9 
  31      7ADF 0FE7 
  31      CC8C 6FBF 
  31      B663 3B6D 
  32 0018 13A7 5DFB 		.ascii	"\023\247]\373\336\344\372:\211\235\327$\017~6\020\300\200\201"
  32      DEE4 FA3A 
  32      899D D724 
  32      0F7E 3610 
  32      C080 81
  33 002b 200F 7936 		.ascii	" \017y6\f\2778\241\272\250\336\273\250B\025\252S\225E$\325%\252"
  33      0CBF 38A1 
  33      BAA8 DEBB 
  33      A842 15AA 
  33      5395 4524 
  34 0042 5212 D51B 		.ascii	"R\022\325\033)\211\252T\027%\252+\377o\355\377>83\300\017\203"
  34      2989 AA54 
  34      1725 AA2B 
  34      FF6F EDFF 
  34      3E38 33C0 
  35 0058 A5DF D97B 		.ascii	"\245\337\331{\257\362\255o\255\2756\277\376\360\341\303\377\371"
  35      AFF2 AD6F 
  35      ADBD 36BF 
  35      FEF0 E1C3 
  35      FFF9 
  36 006a C587 0F86 		.ascii	"\305\207\017\206\017\332\177\005\037\r\266\212`\367\227\351\037"
  36      0FDA 7F05 
  36      1F0D B68A 
  36      60F7 97E9 
  36      1F
  37 007b 2B3E 7E30 		.ascii	"+>~0\\\030P\276\n\027\275\033\244l0l}\201\362\320\333^\351\367"
  37      5C18 50BE 
  37      0A17 BD1B 
  37      A46C 306C 
  37      7D81 F2D0 
  38 0093 357F 233E 		.ascii	"5\177#>\305\323\367\374\225\3467\305/\256\331~S\323w\242\317"
  38      C5D3 F7FC 
  38      95E6 37C5 
  38      2FAE D97E 
  38      53D3 77A2 
  39 00a8 2CCB D9D4 		.ascii	",\313\331\324\033\242;&\223&\f\232\177\024\237\2708\366\306\333"
  39      1BA2 3B26 
  39      9326 0C9A 
  39      7F14 9FB8 
  39      38F6 C6DB 
  40 00bc AF8B CF8C 		.ascii	"\257\213\317\214\246\315\376@\363\257\342\007\362\212\306\276"
  40      A6CD FE40 
  40      F3AF E207 
  40      F28A C6BE 
  41 00cc A7F9 35F1 		.ascii	"\247\3715\361\355\307\003\025\337\323\274Q\312%\226\256\241_"
  41      EDC7 0315 
  41      DFD3 BC51 
  41      CA25 96AE 
  41      A15F 
  42 00de D1FC AA94 		.ascii	"\321\374\252\224\327\3432\353~\250\371D)\373*v\243_j~E\312#\207"
  42      D7E3 32EB 
  42      7EA8 F944 
  42      29FB 2A76 
  42      A35F 6A7E 
  43 00f6 0F91 EF68 		.ascii	"\017\221\357h>U\312\251\201\230\373;\232_\226r\323b\177\001\233"
  43      3E55 CAA9 
  43      8198 FB3B 
  43      9A5F 9672 
  43      D362 7F01 
  44 010b 9721 E5AA 		.ascii	"\227!\345\252\334\256\340\327\232_\222r\177MW;\357\237\243\256"
  44      DCAE E0D7 
  44      9A5F 9272 
  44      7F4D 573B 
  44      EF9F A3AE 
  45 011f 8F1D 657C 		.ascii	"\217\035e|\324|@\312G\033\241\225\2575_ \345\233\313\223\273"
  45      D47C 40CA 
  45      471B A195 
  45      AF35 5F20 
  45      E59B CB93 
  46 0134 EF6A 7E51 		.ascii	"\357j~Q\265\257\351\355'\232.Q\227\217\347\275\361\361\013R\236"
  46      B5AF E9ED 
  46      279A 2E51 
  46      978F E7BD 
  46      F1F1 0B52 
  47 0149 2A59 717C 		.ascii	"*Yq|\241\371\n){\013:J~\250\371y)7\017\246\373>j\276Z\312g\301"
  47      A1F9 0A29 
  47      7B0B 3A4A 
  47      7EA8 F979 
  47      2937 0FA6 
  48 0165 A7AB 1F6B 		.ascii	"\247\253\037k\336/\345\336\200y\200\335S'\345\212\316\234=v\357"
  48      DE2F E5DE 
  48      8079 80DD 
  48      5327 E58A 
  48      CE9C 3D76 
  49 017a 9C94 DD09 		.ascii	"\234\224\335\t+\276\2574o\225\262\247e\255\227\327\317J9V\276"
  49      2BBE AF34 
  49      6F95 B2A7 
  49      65AD 97D7 
  49      CF4A 3956 
  50 018f B1C7 EE69 		.ascii	"\261\307\356i\225\262\253\340\271\233\315\237\221\362kx\355\215"
  50      95B2 ABE0 
  50      B99B CD9F 
  50      91F2 6B78 
  50      ED8D 
  51 01a1 F7EF 94F2 		.ascii	"\367\357\224\362\335j\226\036\035\323R\256l\257\036\343\375{"
  51      DD6A 961E 
  51      1DD3 52AE 
  51      6CAF 1EE3 
  51      FD7B 
  52 01b3 A53C 5ED0 		.ascii	"\245<^\320<\307\356\231R\365\361\007\331|\227\024\033\326\302"
  52      3CC7 EE99 
  52      52F5 F107 
  52      D97C 9714 
  52      1BD6 C2
  53 01c6 D36C FEA4 		.ascii	"\323l\376\244\224\313\267L\251\214\016\257\352\375\034W\"\233"
  53      94CB B74C 
  53      A98C 0EAF 
  53      EAFD 1C57 
  53      229B 
  54 01d8 EF93 725C 		.ascii	"\357\223r\\\330\371\327\232\036\221bB8>\300\332O|\353\237\177"
  54      D8F9 D79A 
  54      1E91 6242 
  54      383E C0DA 
  54      4F7C EB9F 
  55 01ed D0FE F9F2 		.ascii	"\320\376\371\362u\303\333\3675?\376\255\326|\320Zc\177\234\333"
  55      75C3 DBF7 
  55      353F FEAD 
  55      D67C D05A 
  55      637F 9CDB 
  56 0201 FE42 F363 		.ascii	"\376B\363c\337\032\215\017\332h\234\205.S\351G\277\025L\037\264"
  56      DF1A 8D0F 
  56      DA68 9C85 
  56      2E53 E947 
  56      BF15 4C1F 
  57 0216 60D2 AB63 		.ascii	"`\322\253c\320\252\363i*|\320\246Bm\363\374-csX\312E\246\212"
  57      D0AA F369 
  57      2A7C D0A6 
  57      426D F3FC 
  57      2D63 7358 
  58 022e 102F 0FA9 		.ascii	"\020/\017\251\333\333\206\002\234\033CR\036\315\255\314c\354"
  58      DBDB 8602 
  58      9C1B 4352 
  58      1ECD ADCC 
  58      63EC 
  59 0240 1D48 397B 		.ascii	"\035H9{\276j\223\2753(\345\355\344\270\004\366ND\312\273U\217"
  59      BE6A 93BD 
  59      3328 E5ED 
  59      E4B8 04F6 
  59      4E44 CABB 
  60 0256 77EC DC01 		.ascii	"w\354\334\001)\027\317\330\026\030\034W\337\352M\203\326\233"
  60      2917 CFD8 
  60      1618 1C57 
  60      DFEA 4D83 
  60      D69B 
  61 0268 E1F6 DD18 		.ascii	"\341\366\335\030\233\177\247\2367[\330\306\271\341\221\362d\273"
  61      9B7F A79E 
  61      375B D8C6 
  61      B9E1 91F2 
  61      64BB 
  62 027a EF7F 68FA 		.ascii	"\357\177h\372Y\212+W\017F\336\336-\345\036\317u\375w9\365>\242"
  62      598A 2B57 
  62      0F46 DEDE 
  62      2DE5 1ECF 
  62      75FD 7739 
  63 0291 1C19 7B9D 		.ascii	"\034\031{\235`\357\364\213\317\315\356O\342\343\223?~6\326\006"
  63      60EF F48B 
  63      CFCD EE4F 
  63      E2E3 933F 
  63      7E36 D606 
  64 02a5 6DAC E30F 		.ascii	"m\254\343\017Z\226\331\372\f\321\361A\317\006\307\326)~\365\240"
  64      5A96 D9FA 
  64      0CD1 F141 
  64      CF06 C7D6 
  64      297E F5A0 
  65 02b9 D2C6 CB73 		.ascii	"\322\306\313s\305\017\005NL\274\275C\rn\177\216\223\327\027\253"
  65      C50F 054E 
  65      4CBC BD43 
  65      0D6E 7F8E 
  65      93D7 17AB 
  66 02cd C7A7 3679 		.ascii	"\307\2476yY=\273\370\265\224\272kf\216J\361\246\363+\023\007"
  66      593D BBF8 
  66      B594 BA6B 
  66      668E 4AF1 
  66      A6F3 2B13 
  67 02e2 BF4F 650A 		.ascii	"\277Oe\n{\312.\203\303\362\361\363P5h\241\2320\353,\346\324k"
  67      7BCA 2E83 
  67      C3F2 F1F3 
  67      5035 68A1 
  67      9A30 EB2C 
  68 02f9 123F 5F51 		.ascii	"\022?_Q9E\337#>2\227\272\307\321\355\020_\327\275\377\247\232"
  68      3945 DF23 
  68      3E32 97BA 
  68      C7D1 ED10 
  68      5FD7 BDFF 
  69 030f EE16 DD39 		.ascii	"\356\026\33590\223\315\313\373DW\237\035\267q\360\272\304/,;"
  69      3093 CDCB 
  69      FB44 579F 
  69      1DB7 71F0 
  69      BAC4 2F2C 
  70 0324 E239 B8EE 		.ascii	"\3429\270\356\217\237\317$\2036\223\326\234\346'\366\356\260"
  70      8F9F CF24 
  70      8336 93D6 
  70      9CE6 27F6 
  70      EEB0 
  71 0336 78EF 7452 		.ascii	"x\357tR\n\257\267\251\301-\364=\323O\212\017\245\275N\263\373"
  71      0AAF B7A9 
  71      C12D F43D 
  71      D34F 8A0F 
  71      A5BD 4EB3 
  72 034b 3AC4 DB4E 		.ascii	":\304\333N\317\275\354\236y\361\333\033\336W^\337\256f\366i\313"
  72      CFBD EC9E 
  72      79F1 DB1B 
  72      DE57 5EDF 
  72      AE66 F669 
  73 0360 BB1E BBE2 		.ascii	"\273\036\273\342\035\215\376N6\257M5?\332\250%\322\017\206\355"
  73      1D8D FE4E 
  73      36AF 4D35 
  73      3FDA A825 
  73      D20F 86ED 
  74 0374 8F9F 6702 		.ascii	"\217\237g\002\203\226\t\346\262\336/\031<a\325}\233i\327?\322"
  74      8396 09E6 
  74      B2DE 2F19 
  74      3C61 D57D 
  74      9B69 D73F 
  75 0389 7C8B 0A76 		.ascii	"|\213\nv\313B&\347ND|~]\213\227\3277\253\314\3660\256'\366\033"
  75      CB42 26E7 
  75      4E44 7C7E 
  75      5D8B 97D7 
  75      37AB CCF6 
  76 03a2 F1F7 E3A7 		.ascii	"\361\367\343\247S\274\276I\374\345\221\345\222\231\345\351\343"
  76      53BC BE49 
  76      FCE5 91E5 
  76      9299 E5E9 
  76      E3
  77 03b3 E799 CAA0 		.ascii	"\347\231\312\240e\252\272\373\343!\336?\356K\224\333l5Yl\177"
  77      65AA BAFB 
  77      E321 DE3F 
  77      EE4B 94DB 
  77      6C35 596C 
  78 03c8 A3F8 FD79 		.ascii	"\243\370\375yc\326\2175o\022\177v\356\325\373\277A\265\277\245"
  78      63D6 8F35 
  78      6F12 7F76 
  78      EED5 FBBF 
  78      41B5 BFA5 
  79 03dc 3983 E393 		.ascii	"9\203\343\223#~\357\"\322\313\304\\/~3\362T\300\376)\371\362"
  79      237E EF22 
  79      D2CB C45C 
  79      2F7E 33F2 
  79      54C0 FE29 
  80 03f2 F34C 6AD0 		.ascii	"\363Lj\3202i_\260\300\304\372W\213\257{8\253axY\304\317;<\327"
  80      3269 5FB0 
  80      C0C4 FA57 
  80      8BAF 7B38 
  80      AB61 7859 
  81 040b 7CBE 55FC 		.ascii	"|\276U\374\332\300\312\357k\272V\245\236:_\204\332&\372>\274"
  81      DAC0 CAEF 
  81      6BBA 56A5 
  81      9E3A 5F84 
  81      DA26 FA3E 
  82 0420 B1FD 03CD 		.ascii	"\261\375\003\315\327\250\304\335\225mg\365\034_~\236\350\rZ\242"
  82      D7A8 C4DD 
  82      956D 67F5 
  82      1C5F 7E9E 
  82      E80D 5AA2 
  83 0434 1FDF B594 		.ascii	"\037\337\265\224q\370\007\305\257\354\316f\263yU\352\372\206"
  83      71F8 07C5 
  83      AFEC CE66 
  83      B379 55EA 
  83      FA86 
  84 0446 EEE6 1F31 		.ascii	"\356\346\0371\365\211\357x\177\372\237\2326\253TP\264\275\307"
  84      F589 EF78 
  84      7FFA 9F9A 
  84      36AB 5450 
  84      B4BD C7
  85 0459 D62D 88B6 		.ascii	"\326-\210\266\355\304\332\231\032*\325\344x\337\273\342\355\327"
  85      EDC4 DA99 
  85      1A2A D5E4 
  85      78DF BBE2 
  85      EDD7 
  86 046b BFFC 7C1D 		.ascii	"\277\374|\0352h\353\320X\365\343+G\177O|\315\274\313\311\324"
  86      3268 EBD0 
  86      58F5 E32B 
  86      477F 4F7C 
  86      CDBC CBC9 
  87 0480 56AE 96D5 		.ascii	"V\256\226\325\343\326j\336?\"\276jx\266\212\325/\023\337U\355"
  87      E3D6 6ADE 
  87      3F22 BE6A 
  87      78B6 8AD5 
  87      2F13 DF55 
  88 0495 AEE7 E489 		.ascii	"\256\347\344\211\212_,\033\211p\364KU\357&G\027\350_\277\374"
  88      8A5F 2C1B 
  88      8970 F44B 
  88      55EF 2647 
  88      17E8 5FBF 
  89 04aa 6C99 3468 		.ascii	"l\2314h\313\344`s\352.\037\237\362\225L\256w\353\b\023\177\261"
  89      CBE4 6073 
  89      EA2E 1F9F 
  89      F295 4CAE 
  89      77EB 0813 
  90 04c0 5AB5 AFBB 		.ascii	"Z\265\257\273\0238\271r\304\357\273\206\202\034\274\"\025\034"
  90      1338 B972 
  90      C4EF BB86 
  90      821C BC22 
  90      151C 
  91 04d2 C1A3 73F6 		.ascii	"\301\243s\366~\251\370\263\327\346).k\205*\221\367T\2542\370"
  91      7EA9 F8B3 
  91      D7E6 292E 
  91      6B85 2A91 
  91      F754 AC32 
  92 04e7 2D5F 7DBE 		.ascii	"-_}\276\212\033\264U<\345bSO}m\342\355\356\331G\366~\276\370"
  92      8A1B B455 
  92      3CE5 6253 
  92      4F7D 6DE2 
  92      EDEE D947 
  93 04ff 83CC CA04 		.ascii	"\203\314\312\004\006\207]|\371]\241\225\301\231\247\226E\353"
  93      0687 5D7C 
  93      F95D A195 
  93      C199 A796 
  93      45EB 
  94 0511 5115 73DB 		.ascii	"Q\025s\333\220xW\342e\220\327\347\212_\312z\261\260~\323\342"
  94      9078 57E2 
  94      6590 D7E7 
  94      8A5F CA7A 
  94      B1B0 7ED3 
  95 0526 3FED 320C 		.ascii	"?\3552\f\332.##\371\245\212\365[\021o\255\313\034\346\365\331"
  95      DA2E 2323 
  95      F9A5 8AF5 
  95      5B11 6FAD 
  95      CB1C E6F5 
  96 053b 2AB3 4F5D 		.ascii	"*\263O]\034re\b\211\357\355K\312c\367f\251\311\263t]\315\356"
  96      1C72 6508 
  96      89EF ED4B 
  96      CA63 F766 
  96      A9C9 B374 
  97 0552 8D88 AF6B 		.ascii	"\215\210\257k\334\233b\364e\252]\325\263\331\314\350\273\027"
  97      DC9B 62F4 
  97      65AA 5DD5 
  97      B3D9 CCE8 
  97      BB17 
  98 0564 FF69 1764 		.ascii	"\377i\027d\320vA\321\351\246e\326/\356kI\365+]\021>?]\205\317"
  98      D076 41D1 
  98      E9A6 65D6 
  98      2FEE 6B49 
  98      F52B 5D11 
  99 057d 5BDF B19E 		.ascii	"[\337\261\236\333\305\317\325/Ls\362\246\251\376k\234\355\325"
  99      DBC5 CFD5 
  99      2F4C 73F2 
  99      A6A9 FE6B 
  99      9CED D5
 100 0590 2797 F2C6 		.ascii	"'\227\362\306\202\027\256<&5;\002\005\363\254\237E\374\247]\232"
 100      8217 AE3C 
 100      2635 3B02 
 100      05F3 AC9F 
 100      45FC A75D 
 101 05a5 41DB A565 		.ascii	"A\333\245e>-\364\363\371\035\342\007\206\036\267x\377\024\225"
 101      3E2D F4F3 
 101      F91D E207 
 101      861E B778 
 101      FF14 95
 102 05b8 7C0A ADF9 		.ascii	"|\n\255\371l\177\277\370\005\353h&\343#Y%\257\261j=|'\304\373"
 102      6C7F BFF8 
 102      05EB 6826 
 102      E323 5925 
 102      AFB1 6A3D 
 103 05d0 17F6 2FD8 		.ascii	"\027\366/\330?I*\374\n\002\211L>\001\361\237v\221\006m\027\271"
 103      3F49 2AFC 
 103      0A02 894C 
 103      3E01 F19F 
 103      7691 066D 
 104 05e6 173E FD5B 		.ascii	"\027>\375[M\007EW\356\274:x\373\0045\274v\377)\273\357L\274{"
 104      4D07 4557 
 104      EEBC 3A78 
 104      FB04 35BC 
 104      76FF 29BB 
 105 05fe AC25 83E1 		.ascii	"\254%\203\341\023/\376\"\354K\3247\275\342\0333R*y}\234\352\376"
 105      132F FE22 
 105      EC4B D437 
 105      BDE2 1B33 
 105      522A 797D 
 106 0615 BAC4 272E 		.ascii	"\272\304'.MI\277R\360\331&\327\240mro_\274/\254^\276\370\216"
 106      4D49 BF52 
 106      F0D9 26D7 
 106      A06D 726F 
 106      5FBC 2FAC 
 107 062d A470 13BB 		.ascii	"\244p\023\273\347]6\311\303AK\034sc\265\370\265\310\3424\207"
 107      E75D 36C9 
 107      C341 4B1C 
 107      7363 B5F8 
 107      B5C8 E234 
 108 0642 EF4D BCC3 		.ascii	"\357M\274\303\356\236\246o\023\377i\223m\3206\331\266\305\270"
 108      EE9E A66F 
 108      13FF 6993 
 108      6DD0 36D9 
 108      B6C5 B8
 109 0655 3ADE BF5F 		.ascii	":\336\277_\374\324\326\303.g\367\213\370\322d\3534\207oR\374"
 109      FCD4 D6C3 
 109      2E67 F78B 
 109      F8D2 64EB 
 109      3487 6F52 
 110 066a 4B96 C5C5 		.ascii	"K\226\305\305\372=\213\317\254\362\374\266\246WE\037\337\270"
 110      FA3D 8BCF 
 110      ACF2 FCB6 
 110      A657 451F 
 110      DFB8 
 111 067c 1CAC DE93 		.ascii	"\034\254\336\223\350HzK\224\335s\240\252\257\277\003\030\264"
 111      E848 7A4B 
 111      94DD 73A0 
 111      AAAF BF03 
 111      18B4 
 112 068e 7780 E151 		.ascii	"w\200\341Q\323;gGT\374\26513\205\325{\020\037\277;6L\237\360"
 112      D33B 6747 
 112      54FC B531 
 112      3385 D57B 
 112      101F BF3B 
 113 06a6 1D94 77F6 		.ascii	"\035\224w\366\033Fy}L|R\361l\r\243'O\274\273\325\271\316\344"
 113      1B46 797D 
 113      4C7C 52F1 
 113      6C0D A327 
 113      4FBC BBD5 
 114 06bd 752F BE2E 		.ascii	"u/\276.\262T\302\331S#^\177E1h\257(\261\370\364x\006\207M\264"
 114      B254 C2D9 
 114      5323 5E7F 
 114      4531 68AF 
 114      28B1 F8F4 
 115 06d6 A764 EE89 		.ascii	"\247d\356\211\301\031\025\337j\335>\344\345\203\342O\367\342"
 115      C119 15DF 
 115      6ADD 3EE4 
 115      E583 E24F 
 115      F7E2 
 116 06e8 9A99 DB6E 		.ascii	"\232\231\333n\305\277\227\226\374\234\013\257\350O/H\006\355"
 116      C5BF 9796 
 116      FC9C 0BAF 
 116      E84F 2F48 
 116      06ED 
 117 06fa 05E9 F9AA 		.ascii	"\005\351\371\252o\211\261\033\022_\274\347kc\354]\213\337[\310"
 117      6F89 B11B 
 117      125F BCE7 
 117      6B63 EC5D 
 117      8BDF 5BC8 
 118 070e B070 70AE 		.ascii	"\260pp\256\304'\347\356Y\350\257\304O\245\226\377\221\246\215"
 118      C427 E7EE 
 118      59E8 AFC4 
 118      4FA5 96FF 
 118      91A6 8D
 119 0721 DF95 B1ED 		.ascii	"\337\225\261\355\314\2671\364/Eo\307=\34535\345\212\377\364\376"
 119      CCB7 31F4 
 119      2F45 6FC7 
 119      3DE5 3335 
 119      E58A FFF4 
 120 0736 66D0 DEDF 		.ascii	"f\320\336\337\222c\241\006\326\276V\374\205\377\316J\177.>\030"
 120      9263 A106 
 120      D6BE 56FC 
 120      85FF CE4A 
 120      7F2E 3E18 
 121 074a 7658 D9B9 		.ascii	"vX\331\271\335\342\357\235\003?\325\364\231\350\206\374\200\227"
 121      DDE2 EF9D 
 121      033F D5F4 
 121      99E8 86FC 
 121      8097 
 122 075c 6337 26DA 		.ascii	"c7&\332n9k\342\343#\342\037\036\226\364\367\235U\361\316\033"
 122      6E39 6BE2 
 122      E323 E21F 
 122      1E96 F4F7 
 122      9D55 F1CE 
 123 0771 A391 637F 		.ascii	"\243\221c\177*\376\300|1\312\307\237\210\217\345\364o2tN\304"
 123      2AFE C07C 
 123      31CA C79F 
 123      888F E5F4 
 123      6F32 744E 
 124 0786 E72E F62F 		.ascii	"\347.\366/\261\365\317\342\227\363\317\2628\266\307\252\372\321"
 124      B1F5 CFE2 
 124      97F3 CFB2 
 124      38B6 C7AA 
 124      FAD1 
 125 0798 C628 C736 		.ascii	"\306(\3076\353{\322\273\31687{\347H\275\236\236?yX\277j\361\r"
 125      EB7B D2BB 
 125      CE38 377B 
 125      E748 BD9E 
 125      9E3F 7958 
 126 07b0 2727 570C 		.ascii	"''W\f\335C\361\305\231q\031\274\177\267\370\r\177p\210\365;\020"
 126      DD43 F1C5 
 126      9971 19BC 
 126      7FB7 F80D 
 126      7F70 88F5 
 127 07c6 DFDB 387E 		.ascii	"\337\3338~\316\2519!~4"
 127      CEA9 3921 
 127      7E34 
 128 07d0 DEFD BF34 		.ascii	"\336\375\2774\035\026\355\366X\365\367\235M\321\031\256\241V"
 128      1D16 EDF6 
 128      58F5 F79D 
 128      4DD1 19AE 
 128      A156 
 129 07e2 CEEC 7DF1 		.ascii	"\316\354}\361\326pC-{\357B\374B\333./\337\023=q\237\235\314\313"
 129      D670 432D 
 129      7BEF 42FC 
 129      42DB 2E2F 
 129      DF13 3D71 
 130 07fa 13BE 8FB2 		.ascii	"\023\276\217\262\257\362\246\226\023\177WM\314\035\277\217\265"
 130      AFF2 A696 
 130      137F 574D 
 130      CC1D BF8F 
 130      B5
 131 080b 2B16 EFDA 		.ascii	"+\026\357\332\276\036d\354\204\304\247\276\255\350\313v\253\370"
 131      BE1E 64EC 
 131      84C4 A7BE 
 131      ADE8 CB76 
 131      ABF8 
 132 081d D3EB 5A2B 		.ascii	"\323\353Z+[\0274\250\231\026\354f\357\016\211\037\350x>\346\314"
 132      5B17 34A8 
 132      9916 EC66 
 132      EF0E 891F 
 132      E878 3EE6 
 133 0832 D951 B193 		.ascii	"\331Q\261\223\224\326\310\326\255\212oMZO\344\246g[\274\335T"
 133      94D6 C8D6 
 133      AD8A 6F4D 
 133      5A4F E4A6 
 133      675B BCDD 
 134 0847 6862 FDCE 		.ascii	"hb\375\316\304\2379\352\326\371\374-\361\235{\t\247\034\335\370"
 134      C49F 39EA 
 134      D6F9 FC2D 
 134      F19D 7B09 
 134      A71C DDF8 
 135 085b 1FC8 B2FE 		.ascii	"\037\310\262\376\334\365\367\232\336\024\235qc\376;\256\252b"
 135      DCF5 F79A 
 135      DE14 9D71 
 135      63FE 3BAE 
 135      AA62 
 136 086d F7EC 0515 		.ascii	"\367\354\005\025\234\030\033\242+\033\252\364\227Q\233\370\226"
 136      9C18 1BA2 
 136      2B1B AAF4 
 136      9751 9BF8 
 136      96
 137 087e A564 7DD5 		.ascii	"\245d}\325[\027\237\227f\321W\315\t\361=\311U\263|\372\232\370"
 137      5B17 9F97 
 137      66D1 57CD 
 137      09F1 3DC9 
 137      55B3 7CFA 
 138 0894 933D 7B1E 		.ascii	"\223={\036g\316\216\370\370\241\310\022coU|\305\340\226\237\275"
 138      67CE 8EF8 
 138      F8A1 C812 
 138      636F 557C 
 138      C5E0 969F 
 139 08a9 732F DE31 		.ascii	"s/\33617Z\315\330Z\021\337\337\262\271\316\353\263~(\253\332"
 139      375A CDD8 
 139      5A11 DFDF 
 139      B2B9 CEEB 
 139      B37E 28AB 
 140 08be 45CF 02F3 		.ascii	"E\317\002\363\302\262\370s\333\3044{\247A|\247\261\266\217\261"
 140      C2B2 F873 
 140      DBC4 347B 
 140      A741 7CA7 
 140      B1B6 8FB1 
 141 08d2 B724 DE72 		.ascii	"\267$\336r\035\\g\375\006\304W\004;\023\331\273\001\361\355\311"
 141      1D5C 67FD 
 141      06C4 5704 
 141      3B13 D9BB 
 141      01F1 EDC9 
 142 08e6 7623 636F 		.ascii	"v#coM\374HY\034\247\316\242ho\345`\252~R\"\332\325\355=f\367"
 142      4DFC 4859 
 142      1CA7 CEA2 
 142      686F E560 
 142      AA7E 5222 
 143 0900 2C88 F787 		.ascii	",\210\367\207\337k\370\370\364\037\311L\316\037\252dl\315\213"
 143      DF6B F8F8 
 143      F41F C94C 
 143      CE1F AA64 
 143      6CCD 8B
 144 0913 CF0F BE0D 		.ascii	"\317\017\276\r\262y\r\342\027\353\367\377P\323~53R\236\032\270"
 144      B279 0DE2 
 144      17EB F7FF 
 144      50D3 7E35 
 144      3352 9E1A 
 145 0928 E31B 14DD 		.ascii	"\343\033\024\335m\336\316`l\314\211\337\031y\233\323CW|\305n"
 145      6DDE CE60 
 145      6CCC 89DF 
 145      1979 9BD3 
 145      4357 7CC5 
 146 093d B93E F6B3 		.ascii	"\271>\366\263\342\267\366\216\013\371\370\230\370ssj\035{gF\245"
 146      E2B7 F68E 
 146      0BF9 F898 
 146      F873 736A 
 146      1D7B 6746 
 147 0952 C51A DB3B 		.ascii	"\305\032\333;\027\245\274\037\243\034\n\r,sM\234\026?b\214T\363"
 147      17A5 BC1F 
 147      A31C 0A0D 
 147      2C73 4D9C 
 147      163F 628C 
 148 0968 FE1D E28B 		.ascii	"\376\035\342\213\036V\372\365W}\361io\355\372\236iZ\274o\270"
 148      1E56 FAF5 
 148      577D F169 
 148      6FED FA9E 
 148      695A BC6F 
 149 097d 7A85 D74F 		.ascii	"z\205\327O\212/\277\235\367\363\372c\361%\211\213\207|\276O|"
 149      8A2F BF9D 
 149      F7F3 FA63 
 149      F125 898B 
 149      877C BE4F 
 150 0992 41B6 D7CC 		.ascii	"A\266\327\314\330N\376U\231K\027\271N\326\177Be\246\325\267l"
 150      D84E FE55 
 150      994B 17B9 
 150      4ED6 7F42 
 150      65A6 D5B7 
 151 09a7 6686 3AF1 		.ascii	"f\206:\361)\313\2139\214\256q\361\217\017\243\372\242<,\276\361"
 151      29CB 8B39 
 151      8CAE 71F1 
 151      8F0F A3FA 
 151      A23C 2CBE 
 152 09bc B1F3 95A3 		.ascii	"\261\363\225\2437&\276\3614i\205\367\337\025\237V\3646\304\373"
 152      3726 BEF1 
 152      3469 85F7 
 152      DF15 9F56 
 152      F436 C4FB 
 153 09d0 8F8A 7F79 		.ascii	"\217\212\177yq\366\362z\343\257\311\\*\312\322\027\345\021\361"
 153      71F6 F27A 
 153      E3AF C95C 
 153      2ACA D217 
 153      E511 F1
 154 09e3 1DBE 7907 		.ascii	"\035\276y\007\353_-~ki\343\200s{X\374\252\247`\212s{P\274q\263"
 154      EB5F 2D7E 
 154      6B69 E380 
 154      737B 58FC 
 154      AAA7 608A 
 155 09fd E38E F51B 		.ascii	"\343\216\365\033\022\277^i9\347\334\n\211\267\271\023\317\231"
 155      12BF 5E69 
 155      39E7 DC0A 
 155      89B7 B913 
 155      CF99 
 156 0a0f D906 C52F 		.ascii	"\331\006\305/\f\230\357\231Z\342~]\306\3579\257\204\327\017\210"
 156      0C98 EF99 
 156      5AE2 7E5D 
 156      C6EF 39AF 
 156      84D7 0F88 
 157 0a23 DFDD 8DBC 		.ascii	"\337\335\215\274\351{&\361\r\217\311\347\234\035^\265,y\002w"
 157      E97B 26F1 
 157      0D8F C9E7 
 157      9C1D 5EB5 
 157      2C79 0277 
 158 0a37 8C8F 31F1 		.ascii	"\214\2171\361\371\223\247\372Q\221G\325/\301\326\315\373\037"
 158      F993 A7FA 
 158      5191 47D5 
 158      2FC1 D6CD 
 158      FB1F 
 159 0a49 8977 171C 		.ascii	"\211w\027\034\005\030\375n\361\265q\363\373\034\277\264\177 "
 159      0518 FD6E 
 159      F1B5 71F3 
 159      FB1C BFB4 
 159      7F20 
 160 0a5b F53B DCFE 		.ascii	"\365;\334\376\033M\367\253\360k_\271\243n\027=\343\212\344\262"
 160      1B4D F7AB 
 160      F06B 5FB9 
 160      A36E 173D 
 160      E38A E4B2 
 161 0a6f 7B5D E2C7 		.ascii	"{]\342\307&\217\234l\336\242\370\351\310k\216\376\272\257\355"
 161      268F 9C6C 
 161      DEA2 F8E9 
 161      C86B 8EFE 
 161      BAAF ED
 162 0a82 29DC 2D0C 		.ascii	")\334-\f\257\230\370R\223\211\313\222C\364\221-\332\304\340\257"
 162      AF98 F852 
 162      9389 CB92 
 162      43F4 912D 
 162      DAC4 E0AF 
 163 0a96 F80D 9427 		.ascii	"\370\r\224'7\035s\354\035\273:W\334|\335`\357\017\211_<\037i"
 163      371D 73EC 
 163      1DBB 3A57 
 163      DC7C DD60 
 163      EF0F 895F 
 164 0aad E5ED FBC4 		.ascii	"\345\355\373\304\327\324\234<\362\361G\342wJ\037\215l]\257Z\366"
 164      D7D4 9C3C 
 164      F2F1 47E2 
 164      774A 1F8D 
 164      6C5D AF5A 
 165 0ac2 3AD2 BB78 		.ascii	":\322\273x\377\254\337D\371\365\245\317\314\336\351\021\237\336"
 165      FFAC DF44 
 165      F9F5 A5CF 
 165      CCDE E911 
 165      9FDE 
 166 0ad4 9836 C6FB 		.ascii	"\2306\306\373\367\211\337\215\354\353\275\337-\3762\257\307\316"
 166      F789 DF8D 
 166      ECEB BDDF 
 166      2DFE 32AF 
 166      C7CE 
 167 0ae6 DCB0 2DBE 		.ascii	"\334\260-\276\277\332\332\300\334\325%~-1)\205\275\237\374[\222"
 167      BFDA DAC0 
 167      DCD5 257E 
 167      2D31 2985 
 167      BD9F FC5B 
 168 0afb 2B2E 0EFE 		.ascii	"+.\016\376\267\246;E7\017EO\365\r\255\350\245\232\342\020/\267"
 168      B7A6 3B45 
 168      370F 454F 
 168      F50D ADE8 
 168      A59A E210 
 169 0b11 8937 E6EF 		.ascii	"\2117\346\357Fy\371\272\370\274\347\351\"\006_\207\nN_\333-\233"
 169      4679 F9BA 
 169      F8BC E7E9 
 169      2206 5F87 
 169      0A4E 5FDB 
 170 0b27 97F0 0F25 		.ascii	"\227\360\017%8;W\364e\255]\374\355F\371$\203\267]\274+7\325C"
 170      383B 57F4 
 170      65AD 5DFC 
 170      ED46 F924 
 170      83B7 5DBC 
 171 0b3f DF26 BE2B 		.ascii	"\337&\276+\353p\222\301\263.\276m\303\265\303\311\327*\336dv"
 171      EB70 92C1 
 171      B32E BE6D 
 171      C3B5 C3C9 
 171      D72A DE64 
 172 0b54 A530 7893 		.ascii	"\2450x\223\376\021\312+\207\226q\375m_\374\365ht\214\335\327"
 172      FE11 CA2B 
 172      8796 71FD 
 172      6D5F FCF5 
 172      6874 8CDD 
 173 0b69 25FE B064 		.ascii	"%\376\260d\273\217\365kV\013SOq<'WH\274\313dO\343\3606\251\340"
 173      BB8F F56B 
 173      560B 534F 
 173      713C 2757 
 173      48BC CB64 
 174 0b83 1A3D 3533 		.ascii	"\032=53z\262\376\261\324\327\332ef\375\254\342K\314\307\227L"
 174      7AB2 FEB1 
 174      D4D7 DA65 
 174      66FD ACE2 
 174      4BCC C797 
 175 0b98 4E6E F1A5 		.ascii	"Nn\361\245iK\177\245\351F\025\333G\301\021v\337\231\350\306\252"
 175      694B 7FA5 
 175      E946 15DB 
 175      47C1 1176 
 175      DF99 E8C6 
 176 0bad C012 83AF 		.ascii	"\300\022\203\257A\345\226^K\026\233W\361OP\276\237vU\323\327"
 176      41E5 965E 
 176      4B16 9B57 
 176      F14F 50BE 
 176      9F76 55D3 
 177 0bc2 1BD4 3A5B 		.ascii	"\033\324:[s\307\353g\305\247w\335\326s\356\324\211\2771\245\325"
 177      73C7 EB67 
 177      C5A7 77DD 
 177      D673 EED4 
 177      89BF 31A5 
 178 0bd7 B0F9 6FE2 		.ascii	"\260\371o\342\207L1\375\024\332\"~rlu\207\325\353\374\247\322"
 178      874C 31FD 
 178      14DA 227E 
 178      726C 7587 
 178      D5EB FCA7 
 179 0bec 9D0B 7771 		.ascii	"\235\013wq\314}\265\342\315\007\367\r\f\356\260\370\371\315\305"
 179      CC7D B5E2 
 179      CD07 F70D 
 179      0CEE B0F8 
 179      F9CD C5
 180 0bff 0E46 578D 		.ascii	"\016FW\215Zy\252Z<\354\236\342o$\372\20299\314\335\325j\356\317"
 180      5A79 AA5A 
 180      3CEC 9EE2 
 180      6F24 FA82 
 180      3939 CCDD 
 181 0c17 AE72 CF37 		.ascii	"\256r\3177#\272\250\307\321\314\350\250\022]=|U\305\333\307\375"
 181      23BA A8C7 
 181      D1CC E8A8 
 181      125D 3D7C 
 181      55C5 DBC7 
 182 0c2c 3394 DFA2 		.ascii	"3\224\337\242\363!>\336\254F\377%%Ho\027\037(\316x\347\355+\325"
 182      F321 3EDE 
 182      AC46 FF25 
 182      2548 6F17 
 182      1F28 CE78 
 183 0c44 B6E3 F0DA 		.ascii	"\266\343\360\332I\177!~\253\253\314\305\356\251P+\323\266?\203"
 183      497F 217E 
 183      ABAB CCC5 
 183      EEA9 502B 
 183      D3B6 3F83 
 184 0c58 A9A1 FEB7 		.ascii	"\251\241\376\267Q\036\216\254\266p\364\313U\364,\206f\271\262"
 184      511E 8EAC 
 184      B670 F4CB 
 184      55F4 2C86 
 184      66B9 B2
 185 0c6b ED88 3FEF 		.ascii	"\355\210?\357q\234s\362\225\251\324\342\352\351e\367\024\377"
 185      719C 73F2 
 185      95A9 D4E2 
 185      EAE9 65F7 
 185      14FF 
 186 0c7d 4456 C222 		.ascii	"DV\302\"W>\243\253T\374}I\351*\257_\020?\031\237\331\310\347"
 186      573E A3AB 
 186      54FC 7D49 
 186      E92A AF5F 
 186      103F 199F 
 187 0c94 97A8 853B 		.ascii	"\227\250\205;\253\245_\177\235\374\035I\006\365\331\223L\315"
 187      ABA5 5F7F 
 187      9DFC 1D49 
 187      06F5 D993 
 187      4CCD 
 188 0ca6 C5E2 7B4E 		.ascii	"\305\342{N\0066x\177\237\370\307XE\214\303W\244R\373\213%\223"
 188      0636 787F 
 188      9FF8 C758 
 188      458C C357 
 188      A452 FB8B 
 189 0cbc DD9B F8BB 		.ascii	"\335\233\370\273\222\233\212\234\277\320t\241\322\351O\274\373"
 189      929B 8A9C 
 189      BFD0 74A1 
 189      D2E9 4FBC 
 189      FB
 190 0ccd B0D8 D381 		.ascii	"\260\330\323\201\3440\007\247@\355j\342\313\037\364\304\377\317"
 190      E430 07A7 
 190      40ED 6AE2 
 190      CB1F F4C4 
 190      FFCF 
 191 0cdf A55C D657 		.ascii	"\245\\\326W\305\324\221\257\022w\352\373\r\203kP\374S\323\203"
 191      C5D4 91AF 
 191      1277 EAFB 
 191      0D83 6B50 
 191      FC53 D383 
 192 0cf3 9BEB 769E 		.ascii	"\233\353v\236xgZ(\240\177\242\370\0272:e\247]\034\275\\\361U"
 192      7867 5A28 
 192      A07F A2F8 
 192      1732 3A65 
 192      A75D 1CBD 
 193 0d0a 1999 5DFA 		.ascii	"\031\231]\372a\200\370\333Q\353-\237\237\243\356\177kYc\375\022"
 193      6180 F8DB 
 193      51EB 2D9F 
 193      9FA3 EE7F 
 193      6B59 63FD 
 194 0d1f 7E4F 126F 		.ascii	"~O\022o\351\210\221\255\317V\233\312\327\243\277\324\364\270"
 194      E988 91AD 
 194      CF56 9BCA 
 194      D7A3 BFD4 
 194      F4B8 
 195 0d31 E8C1 ABB3 		.ascii	"\350\301\253\263,v^\226\212-\343\263\207\251#\355\367Q\336\334"
 195      2C76 5E96 
 195      8A2D E3B3 
 195      87A9 23ED 
 195      F751 DEDC 
 196 0d45 9AD1 0FB2 		.ascii	"\232\321\017\2622U\3520\217\264s\352\371\305'\206/\346\364w}"
 196      3255 EA30 
 196      8FB4 73EA 
 196      F9C5 2786 
 196      2FE6 F477 
 197 0d5a F11B E35B 		.ascii	"\361\033\343[E\254~\341\037H\260\324\035\325\322\247\253]\327"
 197      45AC 7EE1 
 197      1F48 B0D4 
 197      1DD5 D2A7 
 197      AB5D D7
 198 0d6d 714B 2D9B 		.ascii	"qK-\233\277%\336\363x\372L\237\2462\363\370CP\377\004\361/%\266"
 198      BF25 DEF3 
 198      78FA 4C9F 
 198      A632 F3F8 
 198      4350 FF04 
 199 0d85 4B0E 6B18 		.ascii	"K\016k\030\234&\265\256\373\322\323\365-\263\370\326\331\211"
 199      9C26 B5AE 
 199      FBD2 D3F5 
 199      2DB3 F8D6 
 199      D989 
 200 0d97 2DFA 54F5 		.ascii	"-\372T\3652y\342ldfu\374"
 200      3279 E26C 
 200      6466 75FC 
 201 0da3 2B94 9733 		.string	"+\224\2273\013*\030\274)*\370^&_\031<\t\177(\301\031\036[e\373\222\325\272\357\017\376\02
 201      0B2A 18BC 
 201      292A F85E 
 201      265F 193C 
 201      097F 28C1 
 202 0ea4 9BFF 20FE 		.ascii	"\233\377 \376\241\253}\215\325{\024\277Yr\320\241\277\353\213"
 202      A1AB 7D8D 
 202      D57B 14BF 
 202      5972 D0A1 
 202      BFEB 8B
 203 0eb7 DF0C 7E3A 		.ascii	"\337\f~:\245_\373\271\254\263\305;\013\254\376\275\370\267\241"
 203      A55F FBB9 
 203      ACB3 C53B 
 203      0BAC FEBD 
 203      F8B7 A1
 204 0eca 926B DEDF 		.ascii	"\222k\336\337\361\037Pv\347\230gY\375;\361u\336\301\030\243\267"
 204      F11F 5076 
 204      E798 6759 
 204      FD3B F175 
 204      DEC1 18A3 
 205 0edf EC3F A2BC 		.ascii	"\354?\242\274X\021\177\314\324\024\025oi2W\360\376\257\342\023"
 205      5811 7FCC 
 205      D414 156F 
 205      6932 57F0 
 205      FEAF E213 
 206 0ef3 E66F A3FA 		.ascii	"\346o\243\372\313\276\370\302\371\253Tv\317\336/da\212\365\352"
 206      CBBE F8C2 
 206      F9AB 5476 
 206      CFDE 2F64 
 206      618A F5EA 
 207 0f07 A9E9 46FC 		.ascii	"\251\351F\374\374l\344\234\335\357\373\023Y\251N\247\313y\377"
 207      FC6C E49C 
 207      DDEF FB13 
 207      59A9 4EA7 
 207      CB79 FF
 208 0f1a 6BF1 532D 		.ascii	"k\361S-WV\016o\307/\305\237\254[x\375\225\370\246VK.\243\273"
 208      5756 0E6F 
 208      C72F C59F 
 208      AC5B 78FD 
 208      95F8 A656 
 209 0f32 E44F 25BC 		.ascii	"\344O%\274\242\311A\266\377R\374\215/9\216\263'\376?Iw\373\222"
 209      A2C9 41B6 
 209      FF52 FC8D 
 209      2F39 8EB3 
 209      27FE 3F49 
 210 0f49 5299 3C2E 		.ascii	"R\231<.\304{\035\007Cl\337\205\370)SA-\207\347\\\r\337M\326o"
 210      C47B 1D07 
 210      436C DF85 
 210      F829 5341 
 210      2D87 E75C 
 211 0f62 313A FEB3 		.ascii	"1:\376\263\214~b\362oh\366Ll\267\177\363\200\203;\375_P\366u"
 211      8C7E 62F2 
 211      6F68 F64C 
 211      6CB7 7FF3 
 211      8083 3BFD 
 212 0f7a 5E1C 72EE 		.ascii	"^\034r\356E\304G\375\203\372\033\217\373\317P\016O\267\351\037"
 212      45C4 47FD 
 212      83FA 1B8F 
 212      FBCF 500E 
 212      4FB7 E91F 
 213 0f8e 114E C51F 		.ascii	"\021N\305\037\333\356\232y}\373\237\313\344)\236\231e\355"
 213      DBEE 9A79 
 213      7DFB 9FCB 
 213      E429 9E99 
 213      65ED 
 214 0fa0 4FC4 072E 		.ascii	"O\304\007.G9\270\226\377*\261[[P\317]\301\261hk\342\3436\227"
 214      4739 B896 
 214      FF2A B15B 
 214      5B50 CF5D 
 214      C1B1 686B 
 215 0fb8 E592 41F9 		.ascii	"\345\222A\371\303\234\343t\213\275s$\345\216\253.}\335\316\031"
 215      C39C E374 
 215      8BBD 7324 
 215      E58E AB2E 
 215      7DDD CE19 
 216 0fcc 52CD E9CC 		.ascii	"R\315\351\314\276\340\035\016\325\360\364\366\236\363\t\246a"
 216      BEE0 1D0E 
 216      D5F0 F4F6 
 216      9EF3 09A6 
 216      61
 217 0fdd F943 417F 		.ascii	"\371CA\177V\220w8\220r\342\326\321\357qe\030Q\343a\271\037f\013"
 217      5690 7738 
 217      9072 E2D6 
 217      D1EF 7165 
 217      1851 E361 
 218 0ff5 C2AA 85E1 		.ascii	"\302\252\205\341\226\036f\257\270Qu"
 218      961E 66AF 
 218      B851 75
 219 1000 C7E2 07BD 		.ascii	"\307\342\007\275\t\373R\256<IHcz5\216\251\036_O\0163\302\367"
 219      09FB 52AE 
 219      3C49 4863 
 219      7A35 8EA9 
 219      1E5F 4F0E 
 220 1017 5484 0EF4 		.ascii	"T\204\016\364\233\031\001\306q\371\303\360\351V.\037\261+\345"
 220      9B19 01C6 
 220      71F9 C3F0 
 220      E956 2E1F 
 220      B12B E5
 221 102a 9ED3 E411 		.ascii	"\236\323\344\021>\"~B\376\020\337\277\236\3131\fIy|\331\331\256"
 221      3E22 7E42 
 221      FE10 DFBF 
 221      9ECB 310C 
 221      4979 7CD9 
 222 1040 9F76 FBE4 		.ascii	"\237v\373\344\017;e\201s6\"(\345\310h@_\2773'UT\217\331\333\030"
 222      0F3B 6581 
 222      7336 2228 
 222      E5C8 6840 
 222      5FBF 3327 
 223 105a 653B AAD5 		.ascii	"e;\252\325u\3617\274C\341\224j\326]O\t\263\340\266\224W\256o"
 223      75F1 37BC 
 223      43E1 946A 
 223      D65D 4F09 
 223      B3E0 B694 
 224 1071 0FD9 9155 		.ascii	"\017\331\221U\323\362\207\226\344\365J\246\221-)\037\304\267"
 224      D3F2 8796 
 224      E4F5 4AA6 
 224      912D 291F 
 224      C4B7 
 225 1083 1633 CE5A 		.ascii	"\0263\316Zf\344\017\315-\341e\366\303\246\224g\266\263\3239\321"
 225      66E4 0FCD 
 225      2DE1 65F6 
 225      C3A6 9467 
 225      B6B3 D339 
 226 1098 9CB3 F287 		.ascii	"\234\263\362\207\252\265G\033+\271!\345P\3112[99'\345X\311\223"
 226      AAB5 471B 
 226      2BB9 21E5 
 226      50C9 325B 
 226      3939 27E5 
 227 10af 7E72 B42E 		.ascii	"~r\264.esG\315*\207j\313\257\306r\267p\2007XS\231\314\224?\305"
 227      6573 47CD 
 227      2A87 6ACB 
 227      AFC6 72B7 
 227      7080 3758 
 228 10c9 465C CDAB 		.ascii	"F\\\315\253\324\227\225S\316\236^\225rR\342T\031{:eQ\3760\022"
 228      D497 9553 
 228      CE9E 5E95 
 228      7252 E254 
 228      197B 3A65 
 229 10e1 EA7E 6337 		.ascii	"\352~c7\254Hy\322\351\321\227\262\252\200\374a\267>\277\200\217"
 229      AC48 79D2 
 229      E9D1 97B2 
 229      AA80 FC61 
 229      B73E BF80 
 230 10f6 5896 B223 		.ascii	"X\226\262#\241<\205\035\351Z\222?\370:\362v\270\230\252r\257"
 230      A13C 851D 
 230      E95A 923F 
 230      F83A F276 
 230      B898 AA72 
 231 110b A5BB 8AD3 		.ascii	"\245\273\212\323iM]\261\3562z\330\r\352\216#\r\317\317\354\310"
 231      694D 5DB1 
 231      EE32 7AD8 
 231      0DEA 8E23 
 231      0DCF CFEC 
 232 1120 987A 6653 		.ascii	"\230zfS\365\224\227SF\325)w\3324\254\177zP\315\032\335\355h\345"
 232      F594 9753 
 232      46D5 2977 
 232      DA34 AC7F 
 232      7A50 CD1A 
 233 1138 1D16 54BF 		.ascii	"\035\026T\277xk\327\370\b\217\352\230\300a\215~\314\240\232="
 233      786B D7F8 
 233      088F EA98 
 233      C061 8D7E 
 233      CCA0 9A3D 
 234 114c ED9F 48E2 		.ascii	"\355\237H\342\244\013\253\236u\225\246\374\205\346U\277\275e"
 234      A40B AB9E 
 234      7595 A6FC 
 234      85E6 55BF 
 234      BD65 
 235 115e 1DC5 F468 		.ascii	"\035\305\364hPc\267\026\034\377;\315\253\216\237X\251y\346~\302"
 235      5063 B716 
 235      1CFF 3BCD 
 235      AB8E 9F58 
 235      A979 E67E 
 236 1173 A106 3FE2 		.ascii	"\241\006?\342\265\016\261\006j\344\334)\341M\346\244C\025>\376"
 236      B50E B106 
 236      6AE4 DC29 
 236      E14D E6A4 
 236      4315 3EFE 
 237 1187 8598 9949 		.ascii	"\205\230\231IO\215\375\350c\252\233U,V\021:\024s\2371bU\364t"
 237      4F8D FDE8 
 237      63AA 9B55 
 237      2C56 113A 
 237      1473 9F31 
 238 119f B6E6 F819 		.ascii	"\266\346\370\031-S*\306[\323\262\026\370\017T\374]4\225\261\n"
 238      2D53 2AC6 
 238      5BD3 B216 
 238      F80F 54FC 
 238      5D34 95B1 
 239 11b4 4635 8BCE 		.ascii	"F5\213\316\203\261Wz\025\300sW\225\007\372\242\257\346a\372X"
 239      83B1 577A 
 239      15C0 7357 
 239      9507 FAA2 
 239      AFE6 61FA 
 240 11c9 EF38 ABA0 		.ascii	"\3578\253\240\246\200)x\021\307;\334\252\211|\232\2213\307\261"
 240      A680 2978 
 240      11C7 3BDC 
 240      AA89 7C9A 
 240      9133 C7B1 
 241 11dd 5693 C8F7 		.ascii	"V\223\310\367\350\324?~w\252\\\021:\352\336\347@\250i8\037\035"
 241      E8D4 3F7E 
 241      77AA 5C11 
 241      3AEA DEE7 
 241      40A8 6938 
 242 11f3 34B3 11D7 		.ascii	"4\263\021\327*\333\334\317t\350/\rj\"\367\2448\2678\263{T6\253"
 242      2ADB DCCF 
 242      74E8 2F0D 
 242      6A22 F7A4 
 242      38B7 38B3 
 243 120b 080E EFE8 		.ascii	"\b\016\357\350'\002\352\037\270J\3378\020\317*\035\336,\235v"
 243      2702 EA1F 
 243      B84A DF38 
 243      10CF 2A1D 
 243      DE2C 9D76 
 244 121f B115 2A99 		.ascii	"\261\025*\231\314=\354W2\336FU\266]q\337\270XI\225\215*\323\243"
 244      CC3D EC57 
 244      32DE 4655 
 244      B65D 71DF 
 244      B858 4995 
 245 1237 D55C 3D72 		.ascii	"\325\\=rT:w\032[\365\317\200*\237\335\267M]\261\016;j=\260_\264"
 245      543A 771A 
 245      5BF5 CF80 
 245      2A9F DDB7 
 245      4D5D B10E 
 246 1251 D899 BF55 		.ascii	"\330\231\277UF\274\034\235\016\361\037\330\324\202\263\227\220"
 246      46BC 1C9D 
 246      0EF1 1FD8 
 246      D482 B397 
 246      90
 247 1262 67E4 1D24 		.ascii	"g\344\035$\245\266t\233F\330OIjAs\346x\357XG\311\310k\226,}k"
 247      A5B6 749B 
 247      46D8 4F49 
 247      6A41 73E6 
 247      78EF 5847 
 248 127d BEAD 16C4 		.ascii	"\276\255\026\304\344\246-\037\273I2\372k\352\232\376\231\326"
 248      E4A6 2D1F 
 248      BB49 32FA 
 248      6BEA 9AFE 
 248      99D6 
 249 128f A916 DCEC 		.ascii	"\251\026\334\354\204\235\377\253iY\020\336^\366\356\371\370b"
 249      849D FFAB 
 249      6959 10DE 
 249      5EF6 EEF9 
 249      F862 
 250 12a1 B59E 27FB 		.ascii	"\265\236'\373\013O\270\276\312z\222\037_U\307\345\353Qm\007\272"
 250      0B4F B8BE 
 250      CA7A 921F 
 250      5F55 C7E5 
 250      EB51 6D07 
 251 12b6 D71F 5699 		.ascii	"\327\037V\231\240e9z\253\230\322?\264l\253\355\306\332\330\261"
 251      A065 397A 
 251      AB98 D23F 
 251      B46C ABED 
 251      C6DA D8B1 
 252 12ca 853D 24CB 		.ascii	"\205=$\313\335\323B\244\237Ye\\mg\254\207\025\372\356V\226\313"
 252      DDD3 42A4 
 252      9F59 655C 
 252      6D67 AC87 
 252      15FA EE56 
 253 12e0 9A60 D702 		.ascii	"\232`\327\002\357\337\251\266K\303\233\236Tf\025Yn/\357\0137"
 253      EFDF A9B6 
 253      4BC3 9B9E 
 253      5466 1559 
 253      6E2F EF0B 
 254 12f5 E8AB D576 		.ascii	"\350\253\325vl\247\360i\221^\226\353\355\255\271RFI\276\332\356"
 254      6CA7 F069 
 254      915E 96EB 
 254      EDAD B952 
 254      4649 BEDA 
 255 130a 0597 8EF4 		.ascii	"\005\227\216\3643KY\356\207z\254nv\217I\355&W\347\367\376\233"
 255      334B 59EE 
 255      877A AC6E 
 255      768F 49ED 
 255      2657 E7F7 
 256 1320 A665 3751 		.ascii	"\246e7Q<\346\t0\002\342\325f5/r\351g\357\311nd\242\243;\310\352"
 256      3CE6 0930 
 256      02E2 D566 
 256      352F 72E9 
 256      67EF C96E 
 257 133a 1BD5 66B8 		.ascii	"\033\325f\270\367\320\244\357\216d7\023\270\365\254\321\307\251"
 257      F7D0 A4EF 
 257      8E64 3713 
 257      B8F5 ACD1 
 257      C7A9 
 258 134c CD76 EDC0 		.ascii	"\315v\355\300\334\377\323\264l\226J\035\rg\254}\222\332\313\367"
 258      DCFF D3B4 
 258      6C96 4A1D 
 258      0D67 AC7D 
 258      92DA CBF7 
 259 1360 DBDD E3AC 		.ascii	"\333\335\343\254\275\354\265\332\274\005\3727\374,\365\252\340"
 259      BDEC B5DA 
 259      BC05 FA37 
 259      FC2C F5AA 
 259      E0
 260 1371 DBCC F432 		.ascii	"\333\314\3642#\312^.j\t\337\261w\313\324\253\210-\264\035G/{"
 260      23CA 5E2E 
 260      6A09 DFB1 
 260      77CB D4AB 
 260      882D B41D 
 261 1388 C1FD 8994 		.ascii	"\301\375\211\224\030\037\337\254^un\217\354\347l\275\3545'\\"
 261      181F DFAC 
 261      5E75 6E8F 
 261      ECE7 6CBD 
 261      EC35 275C 
 262 139c CDC3 9C22 		.ascii	"\315\303\234\"^\365\"\225X\231\343\347\350\310^\325\323\231i"
 262      5EF5 2295 
 262      5899 E3E7 
 262      E8C8 5ED5 
 262      D399 69
 263 13af D20F FBD5 		.ascii	"\322\017\373\325\213\332\304\355q\2003D\366\302W)7^\206\367\255"
 263      8BDA C4ED 
 263      7180 3344 
 263      F6C2 5729 
 263      375E 86F7 
 264 13c4 7A11 6C5C 		.ascii	"z\021l\\(Hg\360\311^z=zV\311\366\345\253\027\321'\347v-\243C"
 264      2848 67F0 
 264      C95E 7A3D 
 264      7A56 C9F6 
 264      E5AB 17D1 
 265 13de F6EA E6C7 		.ascii	"\366\352\346\307\325\034\216\216\243J;#\334>\341\375\345U\300"
 265      D51C 8E8E 
 265      A34A 3B23 
 265      DC3E E1FD 
 265      E555 C0
 266 13f1 3911 AD65 		.ascii	"9\021\255e\246\333U\357\321\365\366\365\377\256iy\223\250},\377"
 266      A6DB 55EF 
 266      D1F5 F6F5 
 266      FFAE 6979 
 266      93A8 7D2C 
 267 1406 13F6 8E7A 		.ascii	"\023\366\216z\213\277\317\211\313d\353\344"
 267      8BBF CF89 
 267      CB64 EBE4 
 268 1412 4525 F4B2 		.string	"E%\364\262u\313\336\033P\247\004;\203sk\354\035y\021*=hZf\353\357\324!\304\203{\241\226\2
 268      75CB DE1B 
 268      50A7 043B 
 268      8373 6BEC 
 268      1D79 112A 
 269 1513 FAB6 38C9 		.string	"\372\2668\311\304-\213\034a\275\357{-\354\236=u"
 269      C42D 8B1C 
 269      61BD EF7B 
 269      2DEC 9E3D 
 269      7500 
 270 1525 7EF7 9876 		.ascii	"~\367\230v\301\340\221#\264\326X\213\227\335\273\257\316\337"
 270      C1E0 9123 
 270      B4D6 588B 
 270      97DD BBAF 
 270      CEDF 
 271 1537 F71B DF8A 		.ascii	"\367\033\337\2129\374r\202\347\210O\317\343\360\234\250\343\377"
 271      39FC 7282 
 271      E788 4FCF 
 271      E3F0 9CA8 
 271      E3FF 
 272 1549 EB97 4A3B 		.ascii	"\353\227J;\257\227\023\304\313\363\322,\326\377^}~\210:\223\237"
 272      AF97 13C4 
 272      CBF3 D22C 
 272      D6FF 5E7D 
 272      7E88 3A93 
 273 155e 383C 7280 		.ascii	"8<r\200\351\257\037\324s{\252\372:\322\031zq3\270\345|5Z\037"
 273      E9AF 1FD4 
 273      737B AAFA 
 273      3AD2 197A 
 273      7133 B8E5 
 274 1576 DCE0 F3AB 		.ascii	"\334\340\363\253\325\307\231\324\211\035}G%\347\277\261y\347"
 274      D5C7 99D4 
 274      891D 7D47 
 274      25E7 BFB1 
 274      79E7 
 275 1588 3A87 C7A3 		.ascii	":\207\307\243>\016-^\315T\262\375r>\275\260c\\\326\317\253\325"
 275      3E0E 2D5E 
 275      CD54 B2FD 
 275      723E BDB0 
 275      635C D6CF 
 276 159e B7A9 F69B 		.ascii	"\267\251\366\233h;\353/\347\347/6\343\232\376\342\246>\235\275"
 276      683B EB2F 
 276      E7E7 2F36 
 276      E39A FEE2 
 276      A63E 9DBD 
 277 15b2 6EC5 E9BB 		.ascii	"n\305\351\273!9\33779\367\317\364\217\274\352\323\235\345\324"
 277      2139 DF37 
 277      39F7 CFF4 
 277      8FBC EAD3 
 277      9DE5 D4
 278 15c5 39C2 E197 		.ascii	"9\302\341\227\317\023\301\365}\213\376\003\035\365\345\360\371"
 278      CF13 C1F5 
 278      7D8B FE03 
 278      1DF5 E5F0 
 278      F9
 279 15d6 B860 9DF5 		.ascii	"\270`\235\365\223\257+"
 279      93AF 2B
 280 15dd 4B2F D62A 		.string	"K/\326*\216o\273\372\260\271\272\236\350\244\227oG\331\261\023}\233r\243\276\253\276^\315
 280      8E6F BBFA 
 280      B0B9 BA9E 
 280      E8A4 976F 
 280      47D9 B113 
 281 16de 16C1 0298 		.string	"\026\301\002\230\007~0\007f\301\f\230\006S`\022\370\300\004\030\007c`\024\214\200a0\004\0
 281      077E 3007 
 281      66C1 0C98 
 281      0653 6012 
 281      F8C0 0418 
 282 16fe F002 0F70 		.string	"\360\002\017p\203~\340\002N\340"
 282      837E E002 
 282      4EE0 00
 283 1709 76D0 077A 		.string	"v\320\007zA\017\350\006]\240\023\330@\007h\007m\240\025\264\200f\320\004\254\240\0214\200
 283      410F E806 
 283      5DA0 13D8 
 283      4007 6807 
 283      6DA0 15B4 
 284 17ae 16C1 0298 		.string	"\026\301\002\230\007~0\007f\301\f\230\006S`\022\370\300\004\030\007c`\024\214\200a0\004\0
 284      077E 3007 
 284      66C1 0C98 
 284      0653 6012 
 284      F8C0 0418 
 285 17ce F002      		.ascii	"\360\002"
 286 17d0 0F70 837E 		.string	"\017p\203~\340\002N\340"
 286      E002 4EE0 
 286      00
 287 17d9 76D0 077A 		.string	"v\320\007zA\017\350\006]\240\023\330@\007h\007m\240\025\264\200f\320\004\254\240\0214\200
 287      410F E806 
 287      5DA0 13D8 
 287      4007 6807 
 287      6DA0 15B4 
 288 1860 C260 1FEC 		.string	"\302`\037\354\201]\020\002A\260\003\266\301\026\330\004\033`\035\254\201U\260\002\226\301
 288      815D 1002 
 288      41B0 03B6 
 288      C116 D804 
 288      1B60 1DAC 
 289 1880 E681 1FCC 		.string	"\346\201\037\314\201Y0\003\246\301\024\230\004>0\001\306\301\030\030\005#`\030\f\201A0"
 289      8159 3003 
 289      A6C1 1498 
 289      043E 3001 
 289      C6C1 1818 
 290 189d BCC0 03DC 		.string	"\274\300\003\334\240\037\270\200\0238\200\035\364\201^\320\003\272A\027\350\0046\320\001\
 290      A01F B880 
 290      1338 801D 
 290      F481 5ED0 
 290      03BA 4117 
 291 18fd E241 1C30 		.string	"\342A\0340\202\367\217\030\177\360\n^\3003x\002\217\340\001\304\300=\270\003Qp\013n\3005\
 291      82F7 8F18 
 291      7FF0 0A5E 
 291      C033 7802 
 291      8FE0 01C4 
 292 19b0 E483 3C90 		.string	"\344\203<\220\013r@6\310\002\231 \003\244\2034`\002\251 \005$\203$\220\b\022@<\210\003F\3
 292      0B72 4036 
 292      C802 9920 
 292      03A4 8334 
 292      6002 A920 
 293 19df 3170 0FEE 		.string	"1p\017\356@\024\334\202\033p\r\256\300%\270"
 293      4014 DC82 
 293      1B70 0DAE 
 293      C025 B800 
 294 19ef E7E0 0C44 		.string	"\347\340\fD\300)8\001\307\340\b\034\202\003\020\006\373`\017\354\202\020\b\202\035\260\r\
 294      C029 3801 
 294      C7E0 081C 
 294      8203 1006 
 294      FB60 0FEC 
 295 1a0f EB60 0DAC 		.string	"\353`\r\254\202\025\260\f\226@"
 295      8215 B00C 
 295      9640 00
 296 1a1a 2C82 0530 		.string	",\202\0050\017\374`\016\314\202\0310\r\246\300$\360\201\t0\016\306\300(\030\001\303`\b\f\
 296      0FFC 600E 
 296      CC82 1930 
 296      0DA6 C024 
 296      F081 0930 
 297 1a62 F5A0 0E58 		.string	"\365\240\016X@-\250\001\325\240\n\230A%\250"
 297      402D A801 
 297      D5A0 0A98 
 297      4125 A800 
 298 1a72 E5A0 0C94 		.string	"\345\240\f\224\202\022P\f\212@!("
 298      8212 500C 
 298      8A40 2128 
 298      00
 299 1a7f F920 0FE4 		.string	"\371 \017\344\202\034\220\r\262@&\310"
 299      821C 900D 
 299      B240 26C8 
 299      00
 300 1a8c E920 0D98 		.string	"\351 \r\230@*H\001\311 \t$\202\004\020\017\342\200\021\274\0330\376\340\025\274\200g\360\
 300      402A 4801 
 300      C920 0924 
 300      8204 100F 
 300      E280 11BC 
 301 1b09 2FF0 00   		.string	"/\360"
 302 1b0c 37E8 072E 		.ascii	"7\350\007.\340\004\016`\007}\240\027\364\200n\3037\037\f\247"
 302      E004 0E60 
 302      077D A017 
 302      F480 6EC3 
 302      371F 0CA7 
 303 1b20 5FFF F2C3 		.ascii	"_\377\362\303\377\007\310\236\241I"
 303      FF07 C89E 
 303      A149 
 304               		.text
 305               		.section	.gnu.lto_vibrato_lut.b4290bf86dc47add,"",@progbits
 306 0000 789C 8D92 		.string	"x\234\215\222[O\032A\030\206\347c\027l\225\202mo\341GHo\374!\375Ak<\224\264w\225\364BQ!\3
 306      5B4F 1A41 
 306      1886 E763 
 306      176C 9582 
 306      6D6F E147 
 307 002e 4A95 4A55 		.ascii	"J\225JUPD\033S\270\320\330\230\220\220\215h\242\200}\343\fk2"
 307      5044 1B53 
 307      B8D0 D898 
 307      9090 8D68 
 307      A280 7DE3 
 308 0045 37EE DE3C 		.ascii	"7\356\336<yw\236\274;\363\355\270\030c\001\2251b\374\t)\264\226"
 308      7977 9EBC 
 308      3BF3 EDB8 
 308      1863 0195 
 308      3162 FC09 
 309 005c 34B7 54FF 		.ascii	"4\267T\377\244\026\324\264~\274\326\272\017\205\225\307\365k"
 309      A416 D4B4 
 309      7EBC D6BA 
 309      0F85 95C7 
 309      F56B 
 310 006e 7DEC CEF3 		.ascii	"}\354\316\363I\t+Do\021;\227c&\t\235\t=\322J=t\365\245ZkU\345"
 310      4909 2B44 
 310      6F11 3B97 
 310      6326 099D 
 310      093D D24A 
 311 008a FA        		.ascii	"\372"
 312 008b 1BC4 FA7C 		.string	"\033\304\372|b\303#\353S\315NW\017n\377-\023\327_#\346/\306?\310\355\332x\306\322K\215\30
 312      62C3 23EB 
 312      53CD 4E57 
 312      0F6E FF2D 
 312      13D7 5F23 
 313 018c EE83 7BE0 		.string	"\356\203{\340o\260"
 313      6FB0 00
 314 0193 EE82 BFC0 		.ascii	"\356\202\277\300w>\312\003;\210\333\340O0\007n\201\233`\026\314"
 314      773E CA03 
 314      3B88 DBE0 
 314      4F30 076E 
 314      819B 6016 
 315 01a8 8069 7003 		.ascii	"\200ip\003\\\007\327\300U\360\007h\200:\270\002.\203)0\t&\300"
 315      5C07 D7C0 
 315      55F0 0768 
 315      803A B802 
 315      2E83 2930 
 316 01bf 38F9 199D 		.ascii	"8\371\031\235\320 \373\017\326\314y\177"
 316      D020 FB0F 
 316      D6CC 797F 
 317               		.text
 318               		.section	.gnu.lto_.symbol_nodes.b4290bf86dc47add,"",@progbits
 319 0000 789C 6363 		.string	"x\234cc``\020\002b\006V&\206F%\020\315\310\b\246\031"
 319      6060 1002 
 319      6206 5626 
 319      8646 2510 
 319      CDC8 08A6 
 320 0016 0F6B 016D 		.ascii	"\017k\001m"
 321               		.text
 322               		.section	.gnu.lto_.refs.b4290bf86dc47add,"",@progbits
 323 0000 789C 6363 		.string	"x\234cc```\004b\006"
 323      6060 6004 
 323      6206 00
 324 000b 00        		.string	""
 325 000c 4400      		.string	"D"
 326 000e 08        		.ascii	"\b"
 327               		.text
 328               		.section	.gnu.lto_.decls.b4290bf86dc47add,"",@progbits
 329 0000 789C 8552 		.ascii	"x\234\205R]H\024Q\024\276g&\267u\306?6\203\036$D\020\204h\307"
 329      5D48 1451 
 329      14BE 6726 
 329      B775 C63F 
 329      3683 1E24 
 330 0019 2012 A107 		.ascii	" \022\241\007\301\207\236\266\267\036|I\246u\265\215q\227\326"
 330      C187 9EB6 
 330      B71E 7C49 
 330      A675 B58D 
 330      7197 D6
 331 002c 19A1 B771 		.ascii	"\031\241\267q\325\362\207 \301\326\b-L\364!\304\f\265\\+[\323"
 331      D5F2 8720 
 331      C1D6 082D 
 331      4CF4 21C4 
 331      0CB5 5C2B 
 332 0042 D534 7F56 		.ascii	"\3254\177V\255\227\214\n\025\021\213R\350\327\036\266s\347\316"
 332      AD97 8C0A 
 332      1511 8B52 
 332      E8D7 1EB6 
 332      73E7 CE
 333 0055 D616 6917 		.ascii	"\326\026i\027\316"
 333      CE
 334 005a CC7C E77E 		.string	"\314|\347~\347\233\357\236s-\204\220s<!\001|\327`Dq!$#\344\317\305a\214a\314\377\225\257\
 334      E79B EF9E 
 334      732D 8490 
 334      733C 2101 
 334      7CD7 6044 
 335 015b 066F 00   		.string	"\006o"
 336 015e 25FA 0DC7 		.ascii	"%\372\r\307#`\213\371\246\354\331\266\271r\301tP\367_\007X\020"
 336      2360 8BF9 
 336      A6EC D9B6 
 336      B972 C174 
 336      50F7 5F07 
 337 0174 9A5D 5811 		.ascii	"\232]X\021\343\345\237\354&\177;0\265n\311\356\320{Ch\274\355"
 337      E3E5 9FEC 
 337      267F 3B30 
 337      B56E C9EE 
 337      D07B 4368 
 338 018a B8BF 53D7 		.ascii	"\270\277S\327sa\024l\320\307\214\307U\322\314i\216\300\030dc"
 338      7361 146C 
 338      D0C7 8CC7 
 338      55D2 CC69 
 338      8EC0 1864 
 339 019f 61F0 EDF8 		.ascii	"a\360\355\370\222\225\257\005\243k\213k\3555IlB\021\212\233\373"
 339      9295 AF05 
 339      A36B 8B6B 
 339      ED35 496C 
 339      4211 8A9B 
 340 01b4 46B3 D884 		.ascii	"F\263\330\204tz\023>\005/n\247\260\355}\b7\372?\fYv\234\330d"
 340      747A 133E 
 340      052F 6EA7 
 340      B0ED 7D08 
 340      37FA 3F0C 
 341 01cd 6C62 4FD9 		.ascii	"lbO\331yj\027;\326\367\306\237\307!\302\004\262\307\r\366\224"
 341      796A 173B 
 341      D6F7 C69F 
 341      C721 C204 
 341      B2C7 0DF6 
 342 01e2 719C C9D8 		.ascii	"q\234\311\330qZ^\276\251\026\371&\346j\365\335\315F.\247+v\311"
 342      715A 5EBE 
 342      A916 F926 
 342      E66A F5DD 
 342      CD46 2EA7 
 343 01f9 08AD 7C66 		.ascii	"\b\255|f^3F\237\257\351m\345\231\261=\b\267f\256\257\2440\337"
 343      5E33 469F 
 343      AFE9 6DE5 
 343      99B1 3D08 
 343      B766 AEAF 
 344 0210 9908 9FF7 		.ascii	"\231\b\237\367\f^\265\212\365\306P\253\353\022\261\367\263\370"
 344      0C5E B58A 
 344      F5C6 50AB 
 344      EB12 B1F7 
 344      B3F8 
 345 0222 DF19 DAFB 		.ascii	"\337\031\332\373i\354\275C\214\311\\\272\321\3721%\336\342\034"
 345      69EC BD43 
 345      8CC9 5CBA 
 345      D1FA 3125 
 345      DEE2 1C
 346 0235 ECE2 B179 		.ascii	"\354\342\261y+p\320\354\370\353\005\276J\017\001D\260\341a\263"
 346      2B70 D0EC 
 346      F8EB 05BE 
 346      4A0F 0144 
 346      B0E1 61B3 
 347 0249 E1BF EBC2 		.ascii	"\341\277\353\302f\303\347!\233$\227\372\\\3475\227\307y\241X"
 347      66C3 E721 
 347      9B24 97FA 
 347      5CE7 3597 
 347      C779 A158 
 348 025d D1D4 F4F3 		.ascii	"\321\324\364\363\232\354Q\265rI\326J\334^\t3\025v\247\365\304"
 348      9AEC 51B5 
 348      7249 D64A 
 348      DC5E 0933 
 348      1576 A7F5 
 349 0272 C953 9985 		.ascii	"\311S\231\205\371\371\304\252\271=\352\221c\305j\236\244U\370"
 349      F9F9 C4AA 
 349      B93D EA91 
 349      63C5 6A9E 
 349      A455 F8
 350 0285 24C5 EB94 		.ascii	"$\305\353\224\025\251\320\245(\262O\222+}\207\313\234\316\202"
 350      15A9 D0A5 
 350      28B2 4F92 
 350      2B7D 87CB 
 350      9CCE 82
 351 0298 3C29 CF7E 		.ascii	"<)\317~\324\236K\261\344\3668\025\255\304%U\250%Xh?K\366\377"
 351      D49E 4BB1 
 351      E4F6 3815 
 351      ADC4 2555 
 351      A825 5868 
 352 02b0 4B9E 8895 		.ascii	"K\236\210\225\3563>Y\365R\003\t\245\212WV\177\002\347\313:N"
 352      EE33 3E59 
 352      F552 0309 
 352      A58A 5756 
 352      7F02 E7CB 
 353               		.text
 354               		.section	.gnu.lto_.symtab.b4290bf86dc47add,"",@progbits
 355 0000 6672 6571 		.string	"frequency_lut"
 355      7565 6E63 
 355      795F 6C75 
 355      7400 
 356 000e 00        		.string	""
 357 000f 00        		.string	""
 358 0010 00        		.string	""
 359 0011 00        		.string	""
 360 0012 00        		.string	""
 361 0013 00        		.string	""
 362 0014 00        		.string	""
 363 0015 00        		.string	""
 364 0016 00        		.string	""
 365 0017 00        		.string	""
 366 0018 00        		.string	""
 367 0019 C400      		.string	"\304"
 368 001b 00        		.string	""
 369 001c 00        		.string	""
 370 001d 7669 6272 		.string	"vibrato_lut"
 370      6174 6F5F 
 370      6C75 7400 
 371 0029 00        		.string	""
 372 002a 00        		.string	""
 373 002b 00        		.string	""
 374 002c 00        		.string	""
 375 002d 00        		.string	""
 376 002e 00        		.string	""
 377 002f 00        		.string	""
 378 0030 00        		.string	""
 379 0031 00        		.string	""
 380 0032 00        		.string	""
 381 0033 00        		.string	""
 382 0034 D100      		.string	"\321"
 383 0036 00        		.string	""
 384 0037 00        		.string	""
 385               		.text
 386               		.section	.gnu.lto_.opts,"",@progbits
 387 0000 272D 666D 		.ascii	"'-fmath-errno' '-fsigned-zeros' '-ftrapping-m"
 387      6174 682D 
 387      6572 726E 
 387      6F27 2027 
 387      2D66 7369 
 388 002d 6174 6827 		.string	"ath' '-fno-trapv' '-fno-openmp' '-fno-openacc' '-mn-flash=1' '-mno-skip-bug' '-mmcu=avr5'
 388      2027 2D66 
 388      6E6F 2D74 
 388      7261 7076 
 388      2720 272D 
 389               		.text
 390               		.comm	__gnu_lto_v1,1,1
 391               		.comm	__gnu_lto_slim,1,1
 392               		.ident	"GCC: (GNU) 7.4.0"
DEFINED SYMBOLS
                            *ABS*:0000000000000000 luts.c
/var/tmp//ccvKZnue.s:2      *ABS*:000000000000003e __SP_H__
/var/tmp//ccvKZnue.s:3      *ABS*:000000000000003d __SP_L__
/var/tmp//ccvKZnue.s:4      *ABS*:000000000000003f __SREG__
/var/tmp//ccvKZnue.s:5      *ABS*:0000000000000000 __tmp_reg__
/var/tmp//ccvKZnue.s:6      *ABS*:0000000000000001 __zero_reg__
                            *COM*:0000000000000001 __gnu_lto_v1
                            *COM*:0000000000000001 __gnu_lto_slim

NO UNDEFINED SYMBOLS
