   1               		.file	"voices.c"
   2               	__SP_H__ = 0x3e
   3               	__SP_L__ = 0x3d
   4               	__SREG__ = 0x3f
   5               	__tmp_reg__ = 0
   6               	__zero_reg__ = 1
   7               		.section	.gnu.lto_.profile.fcda94eb15e90568,"",@progbits
   8 0000 789C 6363 		.ascii	"x\234cc```\003bF\206}L\237\030\001\005\207\001\301"
   8      6060 6003 
   8      6246 867D 
   8      4C9F 1801 
   8      0587 01C1 
   9               		.text
  10               		.section	.gnu.lto_.icf.fcda94eb15e90568,"",@progbits
  11 0000 789C 6363 		.string	"x\234cc``\220g@"
  11      6060 9067 
  11      4000 
  12 000a 5686 C533 		.string	"V\206\3053\276m\346b\\\363\367\306u6\246_\033\232\227\3621\257>\274)\230\345\347\271g\227
  12      BE6D E662 
  12      5CF3 F7C6 
  12      7536 A65F 
  12      1B9A 97F2 
  13 002c F4B1 0F55 		.ascii	"\364\261\017U"
  14               		.text
  15               		.section	.gnu.lto_.jmpfuncs.fcda94eb15e90568,"",@progbits
  16 0000 789C 6363 		.string	"x\234cc``(c@"
  16      6060 2863 
  16      4000 
  17 000a 1606 4646 		.string	"\026\006FF\306\3729\314\fL\f\f\314@.#\023\210\307\310\002\222c\234\302\314\270\353\353\35
  17      C6FA 39CC 
  17      0C4C 0C0C 
  17      CC40 2E23 
  17      1388 C7C8 
  18 0058 00        		.string	""
  19 0059 6C99 1CA4 		.ascii	"l\231\034\244"
  20               		.text
  21               		.section	.gnu.lto_.inline.fcda94eb15e90568,"",@progbits
  22 0000 789C 6363 		.string	"x\234cc``Hdd\200\003\026 bfd`b\272\300\317\300\266@\236\t$\306\304\300\316\006\024\3428`\
  22      6060 4864 
  22      6480 0316 
  22      2062 6664 
  22      6062 BAC0 
  23 00c8 9320 9500 		.string	"\223 \225"
  24 00cc 0275 54FF 		.ascii	"\002uT\377"
  25               		.text
  26               		.section	.gnu.lto_.pureconst.fcda94eb15e90568,"",@progbits
  27 0000 789C 6363 		.string	"x\234cc``\340\004b\026\006\t&\tf\t\026\t"
  27      6060 E004 
  27      6216 0609 
  27      2609 6609 
  27      1609 00
  28 0013 02B0 00   		.string	"\002\260"
  29 0016 7D        		.ascii	"}"
  30               		.text
  31               		.section	.gnu.lto_set_voice.fcda94eb15e90568,"",@progbits
  32 0000 789C 258F 		.ascii	"x\234%\217\275J\003Q\020\205\347\334\211\233U\214\255\242\333"
  32      BD4A 0351 
  32      1085 E7DC 
  32      899B 558C 
  32      ADA2 DB
  33 0013 5984 3446 		.ascii	"Y\2044F\360\021\354}\207\020-Rh\020\335\264{\335\020\023\321"
  33      F011 EC7D 
  33      8710 2D52 
  33      6810 DDB4 
  33      7BDD 1013 
  34 0028 4244 2384 		.ascii	"BD#\204 \013\"\332\251\030\177\266\273\304\312B\005[\255,,D\004"
  34      200B 22DA 
  34      A918 7FB6 
  34      BBC4 CA42 
  34      055B AD2C 
  35 003f C142 41A3 		.ascii	"\301BA\243s\223\201\201\341p\346\3147\016\021\r\200h\214z\r&"
  35      7393 8181 
  35      E170 E6CC 
  35      370E 110D 
  35      8068 8C7A 
  36 0055 A8CD 3BA2 		.ascii	"\250\315;\242\025W\001v\320.(P\b\260\301\333\214v\365%V\231C"
  36      1557 0176 
  36      D02E 2850 
  36      08B0 C1DB 
  36      8C76 F525 
  37 006c 2D65 76BF 		.ascii	"-ev\277F\364\221A\223\211\352\322\266p\206\214\270V\367\257\277"
  37      46F4 9141 
  37      9389 EAD2 
  37      B670 868C 
  37      B856 F7AF 
  38 0081 533C 0A92 		.ascii	"S<\n\222\371\247rr\333\237>\320:\324\346iZ\0176\031h\201e\003"
  38      F9A7 7272 
  38      DB9F 3ED0 
  38      3AD4 E669 
  38      5A0F 3619 
  39 0099 531E 263D 		.ascii	"S\036&=\022\201p\216\2645?\237vvRN\242\227\207\0138$lt\374\320"
  39      1281 708E 
  39      B435 3F9F 
  39      7676 524E 
  39      A297 870B 
  40 00b3 6774 E7AF 		.ascii	"gt\347\257\252\315\3478'\204\313\272\251&\036\001\324\206\326"
  40      AACD E738 
  40      2784 CBBA 
  40      A926 1E01 
  40      D486 D6
  41 00c6 58D9 A96C 		.ascii	"X\331\251l\350\025a\343f\306.JX\275\322\276O\256s\223U\027$\216"
  41      E815 61E3 
  41      66C6 2E4A 
  41      58BD D2BE 
  41      4FAE 7393 
  42 00de DF1E 93C1 		.ascii	"\337\036\223\301\257vE\210l\276h\255\362\307\326P\204=X\252+"
  42      AF76 4588 
  42      6CBE 68AD 
  42      F2C7 D650 
  42      843D 58AA 
  43 00f3 79F2 129E 		.ascii	"y\362\022\236\034\216\021\241!\241\357\b#\247\213a\253&\240r"
  43      1C8E 11A1 
  43      21A1 EF08 
  43      23A7 8B61 
  43      AB26 A072 
  44 0107 4611 0D2F 		.ascii	"F\021\r/\372\271\205e\177>\233\363g\013\305l\251X\310\317-M\344"
  44      FAB9 8565 
  44      7F3E 9BF3 
  44      670B C56C 
  44      A958 C8CF 
  45 011e 09A5 7FAB 		.ascii	"\t\245\177\253\352]\251"
  45      EA5D A9
  46               		.text
  47               		.section	.gnu.lto_voice_iterate.fcda94eb15e90568,"",@progbits
  48 0000 789C 8D90 		.ascii	"x\234\215\220?K\003A\024\304\337\354\336]\016D[\025S\331\005"
  48      3F4B 0341 
  48      14C4 DFEC 
  48      DE5D 0E44 
  48      5B15 53D9 
  49 0015 C17C 143F 		.ascii	"\301|\024?C\210\026)4\210\3066k\202I\374S\210\350\t!\310u\332"
  49      4388 1629 
  49      3488 C636 
  49      6B82 49FC 
  49      5388 E809 
  50 002d 8918 35A7 		.ascii	"\211\0305\247\315\221.\026\nbgg!(\"()5:kD\260\363\301\276\335"
  50      CD91 2E16 
  50      0A62 6767 
  50      2128 2228 
  50      2935 3A6B 
  51 0047 FDB1 3B33 		.ascii	"\375\261;3\273\236\210,Cd\224\363\030\007\264@m^\021\372\n\260"
  51      BB9E 882C 
  51      4364 94F3 
  51      1807 B440 
  51      6D5E 11FA 
  52 005d 0BE3 438A 		.ascii	"\013\343C\212\nEl\350m\215v\365!R\251}\303\212w\337G\314A\214"
  52      0A45 6CE8 
  52      6D8D 76F5 
  52      2152 A97D 
  52      C38A 77DF 
  53 0075 8616 0938 		.ascii	"\206\026\t8l\341\030)\341\261\373\243\336\316\240\347\3649\232"
  53      6CE1 1829 
  53      E1B1 FBA3 
  53      DECE A0E7 
  53      F439 9A
  54 0088 F084 1E72 		.ascii	"\360\204\036rx\343\306\246\367Y5qw\\S\266\241\241\330\224\266"
  54      78E3 C6A6 
  54      F759 3571 
  54      775C 53B6 
  54      A1A1 D894 
  55 009d CDB1 CDB5 		.ascii	"\315\261\315\265L\244\306k\3646\261\254jeW\345X\236P\n:SV\253"
  55      4CA4 C66B 
  55      F436 B1AC 
  55      6A65 57E5 
  55      589E 500A 
  56 00b5 AE41 8B60 		.ascii	"\256A\213`\245}\235X\327\r\315\013\334F\321\363]\242\370a|\202"
  56      A57D 9D58 
  56      D70D CD0B 
  56      DC46 D1F3 
  56      5DA2 F861 
  57 00cb D0BA 9235 		.ascii	"\320\272\2225\313\257[C!\366\030\321\301)\237p\202$\343\234!"
  57      CBAF 5B43 
  57      21F6 18D1 
  57      C129 9F70 
  57      8224 E39C 
  58 00e0 8495 7BAB 		.ascii	"\204\225{\253\242/\247\250HP\016*?@\223a\"iY\253\322\031\350"
  58      A22F A7A8 
  58      4850 0E2A 
  58      3F40 9361 
  58      2269 59AB 
  59 00f7 4387 9CA2 		.ascii	"C\207\234\242\365\213\356\245k}\025|\264\220\374\243\344\362"
  59      F58B EEA5 
  59      6B7D 157C 
  59      B490 FCA3 
  59      E4F2 
  60 0109 9805 B76B 		.ascii	"\230\005\267k\217\tK\376\023,\372\rv\316`\324\220\027\224B\357"
  60      8F09 4BFE 
  60      132C FA0D 
  60      76CE 60D4 
  60      9017 9442 
  61 011e FBD7 6CD5 		.ascii	"\373\327l\325\030\216_\240D\206\347\013\231\271\305\302l:S\230"
  61      188E 5FA0 
  61      4486 E70B 
  61      99B9 C5C2 
  61      6C3A 5398 
  62 0132 CEE5 D34B 		.ascii	"\316\345\323K\371\\vfa2+_\3516~\035"
  62      F95C 7666 
  62      6132 2B5F 
  62      E936 7E1D 
  63               		.text
  64               		.section	.gnu.lto_voice_deiterate.fcda94eb15e90568,"",@progbits
  65 0000 789C 8D50 		.string	"x\234\215P=K\003A\024|o\367\356r\026\332J\320\316*\215\301\037d\021\242E\n\r\242\261\315\
  65      3D4B 0341 
  65      147C 6FF7 
  65      EE72 16DA 
  65      4AD0 CE2A 
  66 00cb BEB8 026B 		.ascii	"\276\270\002k\027\337\266\306|\336GD\213\317\360\204S\236D\234"
  66      17DF B6C6 
  66      7CDE 4744 
  66      8BCF F084 
  66      539E 449C 
  67 00df 73F6 59E4 		.ascii	"s\366Y\344\336+\034\311)(\002(z\345\037@\003\303|\277^\372\320"
  67      DE2B 1CC9 
  67      2928 0228 
  67      7AE5 1F40 
  67      03C3 7CBF 
  68 00f6 62A1 38C6 		.ascii	"b\2418\306\035\314\202\323)\357\315D$\013<\220\232\335\376\265"
  68      1DCC 82D3 
  68      29EF CD44 
  68      240B 3C90 
  68      9ADD FEB5 
  69 010a 1D91 5C0E 		.ascii	"\035\221\\\016\206\244?e\0334\001\356\353\265\021A\376\023\364"
  69      86A4 3F65 
  69      1B34 01EE 
  69      EBB5 1141 
  69      FE13 F4
  70 011d E237 6817 		.ascii	"\3427h\027A\241A\257\\\360\235\341/JU\021\026_\242\210\306\227"
  70      41A1 41AF 
  70      5CF0 9DE1 
  70      2F4A 5511 
  70      165F A288 
  71 0133 72A9 C595 		.ascii	"r\251\305\225\334B2\225\233\313d\223\253\331Lz~y:M\337|W\202"
  71      DC42 3295 
  71      9BCB 6493 
  71      ABD9 4C7A 
  71      7E79 3A4D 
  72 014b 96        		.ascii	"\226"
  73               		.text
  74               		.section	.gnu.lto_voice_envelope.fcda94eb15e90568,"",@progbits
  75 0000 789C 9D5A 		.ascii	"x\234\235ZiTU\327\025\276\347\3367\002\357=\346y\024\001\301"
  75      6954 55D7 
  75      15BE E7DE 
  75      3702 EF3D 
  75      E679 1401 
  76 0015 26A9 316D 		.ascii	"&\2511m\2324\343\017\363\303_\355\237\254\264?\354\312\"v%?4"
  76      9A34 E30F 
  76      F3C3 5FED 
  76      9FAC B43F 
  76      ECCA 2276 
  77 002c 6D53 BBD2 		.ascii	"mS\273\322v\255\346\t2\031\034\303\370\004\305\"**\032\023\215"
  77      76AD E609 
  77      3219 1CC3 
  77      F804 C522 
  77      2A2A 1A13 
  78 0041 22A2 AF51 		.ascii	"\"\242\257Q\023\021\305\3318[\025\025\024\007\304\001\024\245"
  78      1311 C5D9 
  78      385B 1515 
  78      1407 C401 
  78      14A5 
  79 0053 7B9F 7DCE 		.ascii	"{\237}\316}<\036\304\233\272\226\233s\317\335\337>g\357\263\277"
  79      7D3C 1EC4 
  79      9BBA 969B 
  79      73CF DDDF 
  79      3E67 EFB3 
  80 0068 73F6 BDF7 		.ascii	"s\366\275\367Y\024E9\226\245(\257\301\337\251\252\242\260\211"
  80      5914 4539 
  80      96A5 28AF 
  80      C1DF A9AA 
  80      A2B0 89
  81 007b 0A53 1776 		.ascii	"\nS\027v(\312l\233j\313\271dW\3346\215K\023\227v.\223\271L\347"
  81      28CA 6C9B 
  81      6ACB B964 
  81      57DC 368D 
  81      4B13 9776 
  82 0094 723C 9713 		.ascii	"r<\227\023H\223\345\020\324d\262\355\216\200\0163\227\026.\255"
  82      4893 E510 
  82      D464 B2ED 
  82      8E80 0E33 
  82      9716 2EAD 
  83 00a8 D423 552C 		.ascii	"\324#U,\262a\225\r\233l\330\325\234\376t\305\035\024T\225\243"
  83      B261 950D 
  83      9B6C D8D5 
  83      9CFE 74C5 
  83      1D14 5495 
  84 00bd B843 82D4 		.ascii	"\270C\202\324\340\3168\270r\255{\t\256\2025gA<\330\t\341\322"
  84      E0CE 38B8 
  84      72AD 7B09 
  84      AE82 3567 
  84      413C D809 
  85 00d3 416D 0974 		.ascii	"Am\tt\310\206S6\\j(\007Grp\250\026\301\001a\\\206S[\252\206\313"
  85      C886 5336 
  85      5C6A 2807 
  85      4772 70A8 
  85      16C1 0161 
  86 00ee 4684 6C44 		.ascii	"F\204lD\252Q\034\034\307\301QZ,\007Ds\031Cm\251\032#\033\261"
  86      AA51 1C1C 
  86      C7C1 515A 
  86      2C07 4473 
  86      1943 6DA9 
  87 0106 B211 A7C6 		.ascii	"\262\021\247\306\037J\004p\216w\022\200\343\265$\016H\3402\221"
  87      1F4A 0470 
  87      8E77 1280 
  87      E3B5 240E 
  87      48E0 3291 
  88 011a DA52 3551 		.ascii	"\332R5Q6\222d#\3314\216G+\205\313T.\323\250G\252\244\312F\232"
  88      3692 6423 
  88      D934 8E47 
  88      2B85 CB54 
  88      2ED3 A847 
  89 0133 6C8C 938D 		.ascii	"l\214\223\215t\331\030\257f\024g\301\0342Q\206d\260L\352\316"
  89      74D9 18AF 
  89      6614 67C1 
  89      1C32 5186 
  89      64B0 4CEA 
  90 0148 54B3 7877 		.ascii	"T\263xw\016\357\316\222\332\023\324l\f\270\215\007\337\226-\273"
  90      0EEF CE92 
  90      DA13 D46C 
  90      0CB8 8D07 
  90      DF96 2DBB 
  91 015c 7318 C386 		.ascii	"s\030\303\206\333\306\224\317T\315d\266Xm\366\240\340\020\207"
  91      DBC6 94CF 
  91      54CD 64B6 
  91      586D F6A0 
  91      E010 87
  92 016f D315 1A16 		.ascii	"\323\025\032\026\036\021\031\025\035\023\033\027\237\220\230"
  92      1E11 1915 
  92      1D13 1B17 
  92      9F90 98
  93 017e 949C 929A 		.ascii	"\224\234\222\2326.}|Ff\326\204\354\034\366\031+\325\3124vx\316"
  93      362E 7D7C 
  93      4666 D684 
  93      EC1C F619 
  93      2BD5 CA34 
  94 0195 9735 DAE7 		.ascii	"\2275\332\347Z\215\2460\023\\\366\036\360\\v\342%c\251py\267"
  94      5A8D A630 
  94      135C F61E 
  94      F05C 76E2 
  94      2563 A970 
  95 01ab A0B1 C39A 		.ascii	"\240\261\303\232\275\312\r\377\274\225eI5\253\275\254FS\225\n"
  95      BDCA 0DFF 
  95      BC95 6549 
  95      35AB BDAC 
  95      4653 950A 
  96 01bf D0DE C412 		.ascii	"\320\336\304\022\331\327,\021\262\222mf\331\240;4XU\033\254\305"
  96      D9D7 2C11 
  96      B292 6D66 
  96      D9A0 3B34 
  96      5855 1BAC 
  97 01d4 3305 DAD5 		.ascii	"3\005\332\325\227\232^\315j\340\260\316]\232;\004@\354\033\246"
  97      979A 5ECD 
  97      6AE0 B0CE 
  97      5D9A 3B04 
  97      40EC 1BA6 
  98 01e8 0DC7 A11D 		.ascii	"\r\307\241\035\266\205e\241\372\336\326\003\377\324\306s\344"
  98      B685 65A1 
  98      FADE D603 
  98      FFD4 C673 
  98      E4
  99 01f9 BECB 57B7 		.ascii	"\276\313W\267ZLpk+\323\3006\364\354\031z\350u\321\fU\270<rg\177"
  99      5A4C 706B 
  99      2BD3 C036 
  99      F4EC 197A 
  99      E875 D10C 
 100 0213 6D30 CD30 		.ascii	"m0\3150\024.\317v\256\356\321\264\211\034[\376\305\341U,\243"
 100      142E CF76 
 100      AEEE D1B4 
 100      891C 5BFE 
 100      C5E1 552C 
 101 0228 DEED CE73 		.ascii	"\336\355\316s{\257v\332\013\334\336\331\2515\232\306\266\323"
 101      7BAF 76DA 
 101      0BDC DED9 
 101      A935 9AC6 
 101      B6D3 
 102 023a C82D 30F2 		.ascii	"\310-0\3626\370\337\314L\n\231\276\264\361i\271\303bb\255,\003"
 102      36F8 DFCC 
 102      4C0A 99BE 
 102      B4F1 69B9 
 102      C362 62AD 
 103 0250 7D02 5776 		.ascii	"}\002Wv0\213\302\340/vm8b\366\272\237\016\025\271\275'\356\261"
 103      308B C2E0 
 103      2F76 6D38 
 103      62F6 BA9F 
 103      0E15 B9BD 
 104 0267 1597 1BD8 		.ascii	"\025\227\033\330?\030\314\032\346\006S\327@\230M(\314 ,\026\020"
 104      3F18 CC1A 
 104      E606 53D7 
 104      4098 4D28 
 104      CC20 2C16 
 105 027c 562B 0A1B 		.ascii	"V+\n\033\n;\352\005\241\bF\225\020\024\016\024N\274\353B\021"
 105      0A3B EA05 
 105      A108 4695 
 105      1014 0E14 
 105      4EBC EB42 
 106 0291 8A22 0C55 		.ascii	"\212\"\fU\302QD\340\335H\024Q(\242\361n\f\212X\024q\250\022\217"
 106      C251 44E0 
 106      DD48 1451 
 106      28A2 F16E 
 106      0C8A 5814 
 107 02a9 2201 EF62 		.ascii	"\"\001\357b\360\314I(\222\361n\n\212T\024i\2502\016E:\336\035"
 107      F0CC 4928 
 107      92F1 6E0A 
 107      8A54 1469 
 107      A832 0E45 
 108 02c0 8F22 0345 		.ascii	"\217\"\003E&\3169\013\305\004\024\331\330\227\203b\"\212\237"
 108      26CE 390B 
 108      C504 14D9 
 108      D897 8362 
 108      228A 9F
 109 02d3 21E2 3914 		.ascii	"!\3429\024\317\243x\001M\375\034\305$T~\021U&\243x\t\357\376"
 109      CFA3 7801 
 109      4DFD 1CC5 
 109      2454 7E11 
 109      5526 A378 
 110 02ea 025B BF44 		.ascii	"\002[\277D\3612\212_a\337+(^E\345_\243x\r\305\353(\336@\2257"
 110      F132 8A5F 
 110      61DF 2B28 
 110      5E45 E55F 
 110      A378 0DC5 
 111 0304 D1D4      		.ascii	"\321\324"
 112 0306 5B78 F936 		.string	"[x\3716_\361)\f\345;\n\306x*\357y\227\313\367\270\234\306e.\227\037r9\203\362D)\206\025\2
 112      5FF1 290C 
 112      E53B 0AC6 
 112      782A EF79 
 112      97CB F7B8 
 113 0407 D8F7 60BE 		.ascii	"\330\367`\276R\343l\331K\230\315E\3737\006\021\006/\3475\037"
 113      52E3 6CD9 
 113      4B98 CD45 
 113      FB37 0611 
 113      062F E735 
 114 041c 9F67 9798 		.ascii	"\237g\227\230'\034\323\3061H"
 114      271C D3C6 
 114      3148 
 115 0426 3BB6 8F30 		.string	";\266\2170\333\227\2256\n\f\262\372L\323\205N\207\304l\016AL;\307\230\021\263\2370%5\325k
 115      DB97 9536 
 115      0A0C B2FA 
 115      4CD3 854E 
 115      87C4 6C0E 
 116 0527 E7F4 01CE 		.string	"\347\364\001\316\323"
 116      D300 
 117 052d EB76 3DED 		.string	"\353v=\355g0"
 117      6730 00
 118 0534 469B 4E8D 		.ascii	"F\233N\215\013`\024\243g\362Eoh\037\243\360\231(|]2|\317\214"
 118      0B60 14A3 
 118      67F2 456F 
 118      681F A3F0 
 118      9928 7C5D 
 119 054c D77F F578 		.ascii	"\327\177\365x]\204\361|\001\372\310\350\204/\351\023\276<\326"
 119      5D84 F17C 
 119      01FA C8E8 
 119      842F E913 
 119      BE3C D6
 120 055f 843B 61C2 		.ascii	"\204;a\302\335\254\240n\355\r\261\263\2743\222\214C\355\252 "
 120      DDAC A06E 
 120      ED0D B1B3 
 120      BC33 928C 
 120      43ED AA20 
 121 0573 A303 13E4 		.ascii	"\243\003\023\344\212 \343\201E\333,\2708\032\263\017_I\215\257"
 121      8A20 E381 
 121      45DB 2CB8 
 121      381A B30F 
 121      5F49 8DAF 
 122 0587 55E5 DD6F 		.ascii	"U\345\335o\332t\2365i\230c\327\340x\273\312\022+5'Z\351\"+Eg"
 122      DA74 9E35 
 122      6998 63D7 
 122      E078 BBCA 
 122      122B 3527 
 123 05a1 1A2B 5C04 		.ascii	"\032+\\\004\213\200\313\003\313\327u\b\243Ap9p\274\375y\235\340"
 123      8B80 CB03 
 123      CBD7 7508 
 123      A341 7039 
 123      70BC FD79 
 124 05b7 DCC8 7530 		.ascii	"\334\310u0\322\215F\\h\344\006\03192wN2\201\366\342\345\212\225"
 124      D28D 465C 
 124      68E4 0619 
 124      3932 774E 
 124      3281 F6E2 
 125 05ce 03B7 55BA 		.ascii	"\003\267U\272\216"
 125      8E
 126 05d3 C453 BB64 		.string	"\304S\273dkC\220\264r\223[\271\tVz\320\nf\005\273%3\336\2544\253b\315\2324Z2'\017xW\317b6
 126      6B43 90B4 
 126      7293 5BB9 
 126      0956 7AD0 
 126      0A66 05BB 
 127 06d4 CB53 3F83 		.ascii	"\313S?\203\031c\026\345o-<%\312\013+i/\351;\327mG\236Z\331\004"
 127      1963 16E5 
 127      6F2D 3C25 
 127      CA0B 2B69 
 127      2FE9 3BD7 
 128 06ee 96AF 629C 		.ascii	"\226\257b\234\362+\n\033\035\244d\003=PZ\220\177\376_\244\363"
 128      F22B 0A1B 
 128      1DA4 6403 
 128      3D50 5A90 
 128      7FFE 5FA4 
 129 0703 1A9B C375 		.ascii	"\032\233\303u\240\006j\266\222\316\fP\363\325)P\210A\027\325"
 129      A006 6AB6 
 129      92CE 0C50 
 129      F3D5 2950 
 129      8841 17D5 
 130 0717 29CD F5A2 		.ascii	")\315\365\242P\261\033\251\263\nTYg\025\252\2742\231\223\352"
 130      50B1 1BA9 
 130      B30A 5459 
 130      6715 AABC 
 130      3299 93EA 
 131 072b 43FB ED85 		.ascii	"C\373\355\205\365\363\237\023{a\030n\035E*\337\200\006J\013\366"
 131      F5F3 9F13 
 131      7B61 186E 
 131      1D45 2ADF 
 131      8006 4A0B 
 132 0740 E8A7 7DB7 		.ascii	"\350\247}\267C\356v\327q\213\tG\275b\322{\334\337\321*6\311`"
 132      43EE 76D7 
 132      718B 0947 
 132      BD62 D27B 
 132      DCDF D12A 
 133 0757 2C12 3C9D 		.ascii	",\022<\235k\364\235\351>\207\225\250\211\270;Uj\021\b\233\253"
 133      6BF4 9DE9 
 133      3E87 95A8 
 133      89B8 3B55 
 133      6A11 089B 
 134 076c 8A9D 2944 		.ascii	"\212\235)D\331\247\210\324\354vPf\206\0233Z\352#\2142\343sU\346"
 134      D9A7 88D4 
 134      EC76 5066 
 134      8613 335A 
 134      EA23 8C32 
 135 0784 55A9 6AE0 		.ascii	"U\251j\340x\234\247\022-\034\276\261\037\316{\216\006\217\300"
 135      789C A712 
 135      2D1C BEB1 
 135      1FCE 7B8E 
 135      068F C0
 136 0797 B5AA 2ABC 		.ascii	"\265\252*\274\271e\205F\201\302\335\332s\270j\205\231\274\213"
 136      B965 8546 
 136      81C2 DDDA 
 136      73B8 6A85 
 136      99BC 8B
 137 07aa 62F3 D544 		.ascii	"b\363\325D\b\237X\256`R\n\006=\252>\305Q\023\002}?>\017\250Z"
 137      089F 58AE 
 137      6052 0A06 
 137      3DAA 3EC5 
 137      5113 027D 
 138 07c3 17A8 4954 		.ascii	"\027\250IT\3506O\"\224\003\200\200\332"
 138      E836 4F22 
 138      9403 8080 
 138      DA
 139 07d0 7D68 FF79 		.ascii	"}h\377y\253@\231\374\223\025P\0139*\357\330\\J:#\361Y\244\307"
 139      AB40 99FC 
 139      9315 500B 
 139      392A EFD8 
 139      5C4A 3A23 
 140 07e8 6731 C4C7 		.ascii	"g1\304\307\303O\273\0228\001t\367a\361\311\3750\212}\233\361"
 140      C34F BB12 
 140      3801 74F7 
 140      61F1 C9FD 
 140      308A 7D9B 
 141 07fd D87F A1DB 		.ascii	"\330\177\241\333.S\307\340t\271\210\267K\331\255Iv\336\252\031"
 141      2E53 C7E0 
 141      74B9 88B7 
 141      4BD9 AD49 
 141      76DE AA19 
 142 0811 C6CE 23B5 		.ascii	"\306\316#\265\267\277\264\013\207\355\001\354\254\320\331\031"
 142      B7BF B40B 
 142      87ED 01EC 
 142      ACD0 D919 
 143 0821 AA94 4B76 		.ascii	"\252\224Kv\356\234/\330\351\034\225\235\225\243\261\323E\332"
 143      EE9C 2FD8 
 143      E91C 959D 
 143      95A3 B1D3 
 143      45DA 
 144 0833 B555 8B9E 		.ascii	"\265U\213\236\bvvYY\225\244g\233\240g((\212\336a\204\374\020"
 144      0876 7659 
 144      5995 A467 
 144      9BA0 6728 
 144      288A DE61 
 145 084a 6E8C 20E4 		.ascii	"n\214 \344\207D\310\223\222\220aF\bY\255\023\322\343O\310\260"
 145      8744 C893 
 145      9290 6146 
 145      0859 AD13 
 145      D2E3 4FC8 
 146 085f 80E2 4427 		.ascii	"\200\342D'd$2f\211\352_Yk\274\262\336s\260\352Oz\301\353\224"
 146      6424 3266 
 146      89EA 5F59 
 146      6BBC B2DE 
 146      73B0 EA4F 
 147 0877 F4AC 5181 		.ascii	"\364\254Q\201gQ\210\252U\375kk\215/\352\223\213\327\037\233$"
 147      6751 88AA 
 147      55FD 6B6B 
 147      8D2F EA93 
 147      8BD7 1F9B 
 148 088c AC97 C396 		.ascii	"\254\227\303\226JzF#l\231\244g\230\362\242H\221+N\312\220(\312"
 148      4A7A 4623 
 148      6C99 A467 
 148      98F2 A248 
 148      912B 4ECA 
 149 08a3 90D3 C633 		.ascii	"\220\323\3063\244N\317\220\345F\330\371o\221-\341\372\320}2;"
 149      A44E CF90 
 149      E546 D8F9 
 149      6F91 2DE1 
 149      FAD0 7D32 
 150 08b8 A389 9CE7 		.ascii	"\243\211\234\347Z$9\303\211\215a\376l\214\360\360=\304\307\306"
 150      5A24 39C3 
 150      898D 61FE 
 150      6C8C F0F0 
 150      3DC4 C7C6 
 151 08cc 48E8 7B26 		.ascii	"H\350{&\033\353G\2621\n\200\200\252/\033\334n\013d\343\035B\255"
 151      1BEB 47B2 
 151      310A 8080 
 151      AA2F 1BDC 
 151      6E0B 64E3 
 152 08e3 F8E9      		.ascii	"\370\351"
 153 08e5 6C6C D0E3 		.string	"ll\320\343\261\222\2631\212\273\033\241\273;$\335\215\244Pw\031\017\365*\335\364\352\261\
 153      B192 B331 
 153      8ABB 1BA1 
 153      BB3B 24DD 
 153      8DA4 5077 
 154 09e6 08A8 9DD5 		.string	"\b\250\235\3257\217\312\022\\\0138*\233\177:9\267\351\361h\341\344$wcuw\037Kwc(\324C\306C
 154      378F CA12 
 154      5C0B 382A 
 154      9B7F 3A39 
 154      B7E9 F168 
 155 0a27 3977 EAE4 		.string	"9w\352\344\214\247\263\035\311\271\245L\2203yTrzG#g\nh\007\2221\025n\004\222o\032\334\030
 155      8CA7 B31D 
 155      C9B9 A54C 
 155      9033 7954 
 155      727A 4723 
 156 0af7 7CE6 B9D9 		.ascii	"|\346\271\331\361\323\251yP\017\317!N\315\f\356}\222\356\375"
 156      F1D3 A979 
 156      500F CF21 
 156      4ECD 0CEE 
 156      7D92 EEFD 
 157 0b0b 43E9 7D3C 		.ascii	"C\351}<E~\251\361\310\037"
 157      457E A9F1 
 157      C81F 
 158 0b15 D64D 1F19 		.string	"\326M\037\031\213\232GE\264\223}\317\322\033\312\305\263\264\205\236\245\327\025\030~\226
 158      8B9A 4745 
 158      B493 7DCF 
 158      D21B CAC5 
 158      B3B4 859E 
 159 0c16 20A0 F6EE 		.string	" \240\366\356[v\311\026\370\342f\023\241\256\001\252\007R\372\272\030\034\277\210\346?\33
 159      5B76 C916 
 159      F8E2 6613 
 159      A1AE 01AA 
 159      0752 FABA 
 160 0c35 C4D6 6861 		.string	"\304\326ha\025\370\225\205u\301\021\007\006\341\336\341\275=W\034\302\232\032\260\223u\25
 160      15F8 9585 
 160      75C1 1107 
 160      06E1 DEE1 
 160      BD3D 571C 
 161 0cfb 45EC 382F 		.string	"E\3548/a?\207>q\336\212*k\022t\322\264N\211l{\021:\301\364\312k\273\017\312\274\271\347\3
 161      613F 873E 
 161      71DE 8A2A 
 161      6B12 74D2 
 161      B44E 896C 
 162 0d30 6C38 74F6 		.string	"l8t\366\214s\324m\320K\300\001y\354\032\317\266Gzx\037\363l\233\314\027\177\374\260\305\2
 162      8C73 D46D 
 162      D04B C001 
 162      79EC 1ACF 
 162      B647 7A78 
 163 0d87 3DBF 72E8 		.string	"=\277r\350\227\320g\204\325y\232X\235F\027\001_\006,"
 163      97D0 6784 
 163      D579 9A58 
 163      9D46 1701 
 163      5F06 2C00 
 164 0d9b BD2B EF7C 		.ascii	"\275+\357|o\016\334\332\305\322\344kbi\332Fw~\224\245\231\243"
 164      6F0E DCDA 
 164      C5D2 E46B 
 164      6269 DA46 
 164      777E 94A5 
 165 0db1 49E7 0B34 		.ascii	"I\347\0134\\\232\227\311\317\233\367\345\231\362+\362S\377\204"
 165      5C9A 97C9 
 165      CF9B F7E5 
 165      99F2 2BF2 
 165      53FF 84
 166 0dc4 AB31 8D15 		.ascii	"\2531\215\025\202\237\360`qz\327n\251\204\307\271xn\310PzM\364"
 166      829F F060 
 166      717A D76E 
 166      A984 C7B9 
 166      786E C850 
 167 0ddb 81FF C1DE 		.ascii	"\201\377\301\336O\215N\243H\237F\261f\240n-\021\017U\231\224"
 167      4F8D 4EA3 
 167      489F 46B1 
 167      66A0 6E2D 
 167      110F 5599 
 168 0df0 427C CA4F 		.ascii	"B|\312O\364)\277BS\326\277\354j\314\312\346\216\234\362+\303"
 168      F429 BF42 
 168      53D6 BFEC 
 168      6ACC CAE6 
 168      8E9C F22B 
 169 0e05 A69C F5FF 		.ascii	"\246\234\365\377L\371s}\312\245\332\030i3OLs\202/\323\257\311"
 169      4CF9 737D 
 169      CAA5 DA18 
 169      6933 4F4C 
 169      7382 2FD3 
 170 0e1b 4CB7 53A6 		.ascii	"L\267S\246o3\236\351\3635\231\351\013\264\341\231\336b8\323\027"
 170      6F33 9EE9 
 170      F335 99E9 
 170      0BB4 E199 
 170      DE62 38D3 
 171 0e30 EA53 5E34 		.ascii	"\352S^4\326\224\027\213\r\177\365v\303)\364\205n\265\314\310"
 171      D694 178B 
 171      0D7F F576 
 171      C329 F485 
 171      6EB5 CCC8 
 172 0e44 DA95 6B58 		.ascii	"\332\225kXC\346\327\r\325\216UC\256]*k\3104,\346*4^\364\325\237"
 172      43E6 D70D 
 172      D58E 5543 
 172      AE5D 2A6B 
 172      C834 2CE6 
 173 0e5e FE62 998D 		.ascii	"\376b\231\215\226\263\202?v\365,:\256\027\201\313\223eM\tO.\342"
 173      96B3 823F 
 173      76F5 2C3A 
 173      AE17 81CB 
 173      9365 4D09 
 174 0e75 8711 559A 		.ascii	"\207\021U\232(\002\263\351\223\016\206\2771\231\242/\036[Z\007"
 174      2802 B3E9 
 174      930E 86BF 
 174      3199 A22F 
 174      1E5B 5A07 
 175 0e89 3685 D024 		.ascii	"6\205\320$^\325k\216n\261\221\376\032:a\230\276\312\332Mj`\365"
 175      5ED5 6B8E 
 175      6EB1 91FE 
 175      1A3A 6198 
 175      BECA DA4D 
 176 0ea0 5049 CE54 		.ascii	"PI\316Tk\362\311\345MB\275\006@@}u\242\345[\026\370\006\354\021"
 176      6BF2 C9E5 
 176      4D42 BD06 
 176      4040 7D75 
 176      A2E5 5B16 
 177 0eb8 A13C 9A38 		.ascii	"\241<\2328K\032\177K\250\327\001\b\250\2745\255[\345\266`\361"
 177      4B1A 7F4B 
 177      A8D7 0108 
 177      A8BC 35AD 
 177      5BE5 B660 
 178 0ecd A1F6 126A 		.ascii	"\241\366\022j\211F\225\312#\361@\366F@\245\002\317\304\240\212"
 178      8946 95CA 
 178      23F1 40F6 
 178      4640 A502 
 178      CFC4 A08A 
 179 0ee1 95CA EB3F 		.ascii	"\225\312\353?^-\301^Q\253\211J%\357Xa\265\330d\336\004\243\330"
 179      5E2D C15E 
 179      51AB 894A 
 179      25EF 5861 
 179      B5D8 64DE 
 180 0ef8 B3A3 ED53 		.ascii	"\263\243\355S\352x\253l\330\307\353\b\376\361z\330\210\021uP"
 180      EA78 AB6C 
 180      D8C7 EB08 
 180      FEF1 7AD8 
 180      8811 7550 
 181 0f0c 3160 DFC0 		.ascii	"1`\337\300\341\233\305\301\220\016\263Ck\264H\266\f\362a)>\333"
 181      E19B C5C1 
 181      900E B343 
 181      6BB4 48B6 
 181      0CF2 6129 
 182 0f22 6252 2FAC 		.ascii	"bR/\254X\350\232\264\301\275\320\355N\255\321\242X\035\337d\336"
 182      58E8 9AB4 
 182      C1BD D0ED 
 182      4EAD D1A2 
 182      581D DF64 
 183 0f37 C474 63CB 		.ascii	"\304tc\313\265I\242P\022\257\001\246\302\200\370\033\034\377"
 183      B549 A250 
 183      12AF 01A6 
 183      C280 F81B 
 183      1CFF 
 184 0f49 EA74 2A5F 		.ascii	"\352t*_\303\034\361\273\241.\306\370\017_\2562\372\025\232G{"
 184      C31C F1BB 
 184      A12E C6F8 
 184      0F5F AE32 
 184      FA15 9A47 
 185 0f5e 5BB9 C5F2 		.ascii	"[\271\305\362\352v6$\222\221\267A\375\001{\033\354h\020\207)"
 185      EA76 3624 
 185      9291 B741 
 185      FD01 7B1B 
 185      EC68 1087 
 186 0f73 1610 331C 		.ascii	"\026\0203\034\236['5\250sS\267mh3Ag:\336\311\00215\373\321\335"
 186      9E5B 2735 
 186      A873 53B7 
 186      6D68 3341 
 186      673A DEC9 
 187 0f8d 01B8 3345 		.ascii	"\001\2703E\305\0363\n\033\n+\n;\210\334\330\323\217\021"
 187      C51E 330A 
 187      1B0A 2B0A 
 187      3B88 DCD8 
 187      D38F 11
 188 0fa0 9A1B AD7A 		.ascii	"\232\033\255z\264\017#\256\177\0022\f\2323\234sg\202\f\201\346"
 188      B40F 23AE 
 188      7F02 320C 
 188      9A33 9C73 
 188      6782 0C81 
 189 0fb5 B4A4 35F5 		.ascii	"\264\2445\365\340\323\264Dl'\200\230\022\207\300\230}\377\004"
 189      E0D3 B444 
 189      6C27 8098 
 189      1287 C098 
 189      7DFF 04
 190 0fc8 DD70 44BC 		.ascii	"\335pD\274\227\342Y\317\307\035\207f\323Pd\242\230\200?\215b"
 190      97E2 59CF 
 190      C71D 8766 
 190      D350 64A2 
 190      9880 3F8D 
 191 0fdd E818 E46B 		.ascii	"\350\030\344k\314\237g\275?\363\257\263f\274\360\376\254\017"
 191      CC9F 67BD 
 191      3FF3 AFB3 
 191      66BC F0FE 
 191      AC0F 
 192 0fef 3EFA F885 		.ascii	">\372\370\205\277}\374Q\356\364O\236\317U\354\177\374"
 192      BF7D FC51 
 192      EEF4 4F9E 
 192      CF55 EC7F 
 192      FC
 193 1000 CBF4 3FCF 		.ascii	"\313\364?\317\232>3\367\357\226Y3g}2\375\203\260\334\217g\374"
 193      9A3E 33F7 
 193      EF96 5933 
 193      677D 32FD 
 193      83B0 DC8F 
 194 1016 69FA CC4F 		.ascii	"i\372\314O\336\377\353\364\017\376\360\321\314\017\246\177\372"
 194      DEFF EBF4 
 194      0FFE F0D1 
 194      CC0F A67F 
 194      FA
 195 1027 3F45 8D57 		.ascii	"?E\215W\212"
 195      8A
 196               		.text
 197               		.section	.gnu.lto_.symbol_nodes.fcda94eb15e90568,"",@progbits
 198 0000 789C 6363 		.string	"x\234cc``8\007\304\fL\"\365\f\f\023\200L \265\253\301\221\201\201U\230\241Q\t$!Z\317\210\
 198      6060 3807 
 198      C40C 4C22 
 198      F50C 0C13 
 198      804C 20B5 
 199 0082 A0CA 289F 		.ascii	"\240\312(\237"
 200               		.text
 201               		.section	.gnu.lto_.refs.fcda94eb15e90568,"",@progbits
 202 0000 789C 25CE 		.ascii	"x\234%\316\277\013\301A\030\307\361\347\375\345{\317\371\021"
 202      BF0B C141 
 202      18C7 F1E7 
 202      FDE5 7BCF 
 202      F911 
 203 0012 2549 8CCA 		.ascii	"%I\214\312$&e\362\347\211E)a\365\237\330\224I6e\222X\fF\211\362"
 203      2426 65F2 
 203      E789 4529 
 203      61F5 9FD8 
 203      9449 3665 
 204 002c 91E1 75CF 		.ascii	"\221\341u\317\347>\327]\027\314l#\030\220$\277\225\220d\376\263"
 204      E73E D75D 
 204      17CC 6C23 
 204      1890 24BF 
 204      9590 64FE 
 205 0041 97B5 5407 		.ascii	"\227\265T\007N\310\343\005b\221P\"\226\361\n^\305kx\235\320 "
 205      4EC8 E305 
 205      6291 5022 
 205      96F1 0A5E 
 205      C56B 789D 
 206 0057 362D 6DE1 		.ascii	"6-m\341m\274\203w-\355\343\003|\210\353\341t\253\373;\331\313"
 206      6DBC 8377 
 206      2DED E303 
 206      7C88 EBE1 
 206      74AB FB3B 
 207 006d 41FB A3E6 		.ascii	"A\373\243\346I\316r1\302\325\2107\345\273<\344)/\365o\365\037"
 207      49CE 7231 
 207      C2D5 8837 
 207      E5BB 3CE4 
 207      292F F56F 
 208 0083 E591 FE31 		.ascii	"\345\221\3761\2068\001\237\312L\346\352\026\352\226\312+,\267"
 208      8638 019F 
 208      CA4C E6EA 
 208      16EA 96CA 
 208      2B2C B7
 209 0096 C6BE 1D1B 		.ascii	"\306\276\035\033\031W"
 209      1957 
 210               		.text
 211               		.section	.gnu.lto_.decls.fcda94eb15e90568,"",@progbits
 212 0000 789C 9596 		.string	"x\234\225\226kTT\327\025\307\357\271w\006\346\301k\221\324\320\2044VbJ\324\210i4Fc\273\26
 212      6B54 54D7 
 212      15C7 EFB9 
 212      7706 E6C1 
 212      6B91 D4D0 
 213 0044 0502 C853 		.string	"\005\002\310Sy\250(\b\021A4\200<\004\304\027\310C\004\004\205\356\363\270\314L\257v5\263\
 213      79A8 2808 
 213      1141 3480 
 213      3C04 C417 
 213      C843 0404 
 214 0133 6C19 D8A7 		.ascii	"l\031\330\247`\277\005\373\fl9\330\n\260\317\301V\202}\001\266"
 214      60BF 05FB 
 214      0C6C 39D8 
 214      0AB0 CFC1 
 214      5682 7D01 
 215 0148 0A6C 35D8 		.ascii	"\nl5\330\227`k^\323\277d\001\345D\367\235Q\305\013\310W\203f"
 215      9760 6B5E 
 215      D3BF 6401 
 215      E544 F79D 
 215      51C5 0BC8 
 216 015f 111E 0F94 		.ascii	"\021\036\017\224\274p\247c|\373`\331X\235\022\206\337h\220\n"
 216      BC70 A763 
 216      7CFB 60D9 
 216      589D 1286 
 216      DF68 900A 
 217 0173 8609 8732 		.ascii	"\206\t\2072\373]\005\236\334JI/\335\347\256\3409t\036\t\250\020"
 217      FB5D 059E 
 217      DC4A 492F 
 217      DDE7 AEE0 
 217      3974 1E09 
 218 0189 F912 B9B1 		.ascii	"\371\022\271\261\270\350\t\201\362\2560|\0259\320)\bo\021>\257"
 218      B8E8 0981 
 218      F2AE 307C 
 218      1539 D029 
 218      086F 113E 
 219 019e B163 8F02 		.ascii	"\261c\217\002\363%\300\027#_T\204\024x\276"
 219      F325 C017 
 219      235F 5484 
 219      1478 BE
 220 01ad 6FFA 6CA9 		.string	"o\372l\251\007uq\201aG\331\205\"W\301\217\270\214\335\251\357%!\312\301\245\f\\J\251K\355
 220      0775 7181 
 220      6147 D985 
 220      2257 C18F 
 220      B88C DDA9 
 221 02ae 69E6 4327 		.ascii	"i\346C'Ob\241\312\241\314\345\275Q\242\310c\214\303\234\375\251"
 221      4F62 A1CA 
 221      A1CC E5BD 
 221      51A2 C863 
 221      8CC3 9CFD 
 222 02c3 F9AE 62A6 		.ascii	"\371\256b\246J)\234E8>?\330S<\240F\376*\3525\276\002r@\315\240"
 222      4A29 9C45 
 222      383E 3FD8 
 222      533C A046 
 222      FE2A EA35 
 223 02dd 7C13 32A6 		.ascii	"|\0232\246^D\201\343\344)\240&\210\374\246,\260\b\304:_75\256"
 223      5E44 81E3 
 223      E429 A026 
 223      88FC A62C 
 223      B008 C43A 
 224 02f5 ED42 1D08 		.ascii	"\355B\035\b\036;i\177A\354\202\210\3211\"C\270RN\232B\f\343\244"
 224      1E3B 697F 
 224      41EC 8288 
 224      D131 2243 
 224      B852 4E9A 
 225 030d EF8C A2F3 		.ascii	"\357\214\242\363\274$G\376\020\307\324f\245\017Uf\210]\016\317"
 225      BC24 47FE 
 225      10C7 D466 
 225      A50F 5566 
 225      885D 0ECF 
 226 0321 F1D2 5B44 		.ascii	"\361\322[D\325\031\006\363\204uP\240\272\016\341\035\345il\247"
 226      D519 06F3 
 226      8475 50A0 
 226      BA0E E11D 
 226      E569 6CA7 
 227 0335 DB8E 8B44 		.ascii	"\333\216\213D\254\340e5\211CJ\241\230\024\034%\3677\265\342\307"
 227      ACE0 6535 
 227      8943 4AA1 
 227      9814 1C25 
 227      F737 B5E2 
 228 034a 8654 0899 		.ascii	"\206T\b\231\310\003\321\224\237R\357\356\263\217\264@\024\275"
 228      C803 D194 
 228      9F52 EFEE 
 228      B38F B440 
 228      14BD 
 229 035c 10DA 386F 		.ascii	"\020\3328o\256\315w\220\017\374\277\215\024T\253wb\3429Z\220"
 229      AECD 7790 
 229      0FFC BF8D 
 229      1454 AB77 
 229      62E2 395A 
 230 0371 2EA6 778B 		.ascii	".\246w\213\225w\212\227\365\306\211\"\264YT`\016\265\330\233"
 230      9577 8A97 
 230      F5C6 8922 
 230      B459 5460 
 230      0EB5 D89B 
 231 0385 D642 1E22 		.ascii	"\326B\036\"t\013uAN?\241\005\340:\320\237\236\245\026\332h\032"
 231      740B 7541 
 231      4E3F A105 
 231      E03A D09F 
 231      9EA5 16DA 
 232 039b DDF1 39DD 		.ascii	"\335\3619\335\3327\204l#!M,\342\323\343\025\271j\026q\364/b\202"
 232      DA37 846C 
 232      2321 4D2C 
 232      E2D3 E315 
 232      B96A 1671 
 233 03b3 8871 4050 		.ascii	"\210q@P\253=Z\253c\264v\022\355\334\335\364\007n\302C\026\255"
 233      AB3D 5AAB 
 233      63B4 7612 
 233      EDDC DDF4 
 233      076E C243 
 234 03c9 3DF2 A407 		.ascii	"=\362\244\007\323\250\376\253\203\306]\273\306]G\215\016\242"
 234      D3A8 FEAB 
 234      83C6 5DBB 
 234      C65D 478D 
 234      0EA2 
 235 03db D17C AD65 		.ascii	"\321|\255eV%LR\215s\331\323\271\032R\270uZV\267\221\254\274H"
 235      5625 4C52 
 235      8D73 D9D3 
 235      B91A 52B8 
 235      755A 56B7 
 236 03f3 A745 C01D 		.ascii	"\247E\300\035i\021\335d\021]R\335.\267\356\033\361d\031\334\266"
 236      6911 DD64 
 236      115D 52DD 
 236      2EB7 EE1B 
 236      F164 19DC 
 237 0408 448B 9511 		.ascii	"D\213\225\021\"~;\200B\235\366\034:\035s\270Grh*\317\253q\023"
 237      227E 3B80 
 237      429D F61C 
 237      3A1D 73B8 
 237      4772 682A 
 238 0420 62E9 B6D9 		.ascii	"b\351\266\331\220\363(\336EH\240\203\334\324\376:\262\255\364"
 238      90F3 28DE 
 238      4548 A083 
 238      DCD4 FE3A 
 238      B2AD F4
 239 0433 122F 3C13 		.ascii	"\022/<\023Qy\312]H\242\267\217e\034n\"{\310}\270\215\372\350"
 239      5179 CA5D 
 239      48A2 B78F 
 239      651C 6E22 
 239      7BC8 7DB8 
 240 044a AB7F 3672 		.ascii	"\253\1776r\372\212J8@\211\264\324\341Z\262C>\300D?%\354\313\\"
 240      FA8A 4A38 
 240      4089 B4D4 
 240      E15A B243 
 240      3EC0 443F 
 241 0462 2F2D F3DE 		.ascii	"/-\363\336\251\373Vi\346\021\245Rj\023o#\307\225\257\267\257"
 241      A9FB 5669 
 241      E611 A552 
 241      6A13 6F23 
 241      C795 AFB7 
 242 0477 FC09 59F9 		.ascii	"\374\tY\371ci\345#\025=\231\270\366\303\351b\345\354\365\217"
 242      6369 E523 
 242      153D 99B8 
 242      F6C3 E962 
 242      E5EC F58F 
 243 048b B22E 268B 		.ascii	"\262.&\213\266\030q\231\370O\f\242\036i\361\350!\274\275=l\353"
 243      B618 7199 
 243      F84F 0CA2 
 243      1E69 F1E8 
 243      21BC BD3D 
 244 04a1 4103 64ED 		.ascii	"A\003d\355}m\247\263TB\313\233\226\353\274\302\24743\347E\r\321"
 244      7D6D A7B3 
 244      5442 CB9B 
 244      96EB BCC2 
 244      A734 33E7 
 245 04b8 C9BC BD23 		.ascii	"\311\274\275#\247\334Y\016\217\327G\213\325\021\242\333\020\""
 245      A7DC 590E 
 245      8FD7 478B 
 245      D511 A2DB 
 245      1022 
 246 04ca 090C      		.ascii	"\t\f"
 247 04cc CE25 300C 		.string	"\316%0\f\t\fJ\t\214\220\004\032\252\"w\013B+\377\372G\0266ni\315\317\234\036\331\226\2271
 247      090C 4A09 
 247      8C90 041A 
 247      AA22 770B 
 247      422B FFFA 
 248 05cd 5D67 C395 		.ascii	"]g\303\225\346\375\256\3028\031(z&\007\357\bH\355\213\300\017"
 248      E6FD AEC2 
 248      3819 287A 
 248      2607 EF08 
 248      48ED 8BC0 
 249 05e2 F9C7 D233 		.ascii	"\371\307\3223$\321\013\315\235!1\274?\212\342\325 \265\223\367"
 249      24D1 0BCD 
 249      9D21 31BC 
 249      3F8A E2D5 
 249      20B5 93F7 
 250 05f6 45D1 BC2F 		.ascii	"E\321\274/w\020N <sP\264\341.\343\257'\245\343\221\303C\024\311"
 250      7710 4E20 
 250      3C73 50B4 
 250      E12E E3AF 
 250      27A5 E391 
 251 060e 0B0E 3F82 		.ascii	"\013\016?\202f\032\232\357{\262\254\253\327&&\314'L\004\357\334"
 251      661A 9AEF 
 251      7BB2 ACAB 
 251      D726 26CC 
 251      274C 04EF 
 252 0623 9908 EC83 		.ascii	"\231\b\354\203bI\272]7\206D$\274\244\351J\277-\274\351o\213\221"
 252      6249 BA5D 
 252      3786 4424 
 252      BCA4 E94A 
 252      BF2D BCE9 
 253 063a 8683      		.ascii	"\206\203"
 254 063c BD1E B42D 		.string	"\275\036\264-\363a8h\273z\206\210C\371F\253\005\254\016{\214\215\211\307A\312\337\362X\33
 254      F361 3868 
 254      BB7A 8688 
 254      43F9 46AB 
 254      05AC 0E7B 
 255 073d EF46 3603 		.string	"\357F6\003\270\002lk\275\026\201\034a\374\016\330\341\203\f>H\340\335Mc\255\356\2160~\376
 255      B802 6C6B 
 255      BD16 811C 
 255      61FC 0ED8 
 255      E183 0C3E 
 256 0790 7F32 DCF1 		.ascii	"\1772\334\361J\355\250\215Kh\327>\302\264\217\020\355\301\244"
 256      4AED A88D 
 256      4B68 D73E 
 256      C2B4 8F10 
 256      EDC1 A4
 257 07a3 74D1 DDEF 		.ascii	"t\321\335\357(\355\366ih\367\306y\344|\244\033h:\357\007\314"
 257      28ED F669 
 257      68F7 C679 
 257      E47C A41B 
 257      683A EF07 
 258 07b8 7857 FD0C 		.ascii	"xW\375\f\242\f\354\036k\222\243\3048\336\231;J\270\353\375\263"
 258      A20C EC1E 
 258      6B92 A3C4 
 258      38DE 993B 
 258      4AB8 EBFD 
 259 07cd BBD5 8C   		.ascii	"\273\325\214"
 260 07d0 9B8A 16D1 		.ascii	"\233\212\026\321\327\316\3201\002\235\336U\220*\211=\366\201"
 260      D7CE D031 
 260      029D DE55 
 260      902A 893D 
 260      F681 
 261 07e2 90CE D071 		.ascii	"\220\316\320q\002U\367_:\253`P\333\"\031t\202@\243{k\356\270"
 261      0255 F75F 
 261      3AAB 6050 
 261      DB22 1974 
 261      8240 A37B 
 262 07f9 31A8 E90B 		.ascii	"1\250\351\013\031\224A\240k\205\371\007\346\240\3252\350$\201"
 262      1994 41A0 
 262      6B85 F907 
 262      E6A0 D532 
 262      E824 81
 263 080c FAAA 1B6F 		.ascii	"\372\252\033oHP\335\2272\350\024\201\032\033\253\272]\0314\223"
 263      4850 DD97 
 263      32E8 1481 
 263      1A1B ABBA 
 263      5D19 3493 
 264 0820 A294 51A7 		.ascii	"\242\224Q\247i\r\304W\025*)\363\030Y\r\316\020h\2662fH#\025J"
 264      690D C457 
 264      152A 29F3 
 264      1859 0DCE 
 264      1068 B632 
 265 0839 0E65 12E8 		.ascii	"\016e\022\350\330\236\372\031\251\232m\2612(\213@\373\237\305"
 265      D89E FA19 
 265      A99A 6DB1 
 265      3228 8B40 
 265      FB9F C5
 266 084c DDD2 32A8 		.ascii	"\335\3222\250&\355\335H1\0329c\331\004K\037,\237\221rozO\226"
 266      26ED DD48 
 266      311A 3963 
 266      D904 4B1F 
 266      2C9F 9172 
 267 0864 FA59 023D 		.ascii	"\372Y\002=\212\252\230\366\224:#\207\316\021h\344\316t\256\324"
 267      8AAA 98F6 
 267      943A 2387 
 267      CE11 68E4 
 267      CE74 AED4 
 268 0878 99A9 F765 		.ascii	"\231\251\367eP\016\201\016Mv\334\347\245z\312\241\\\002"
 268      500E 810E 
 268      4D76 DCE7 
 268      A57A CAA1 
 268      5C02 
 269 088a B5B7 F4FE 		.string	"\265\267\364\376 \345\324#\207\362\b\324\360<7^zZF?\220A?\020h\2607\273Kj_\265\034\312'\3
 269      20E5 D423 
 269      87F2 08D4 
 269      F03C 375E 
 269      7A5A 463F 
 270 098b 0DBB 3448 		.string	"\r\2734H\365\207?\377m\376\332U\253\270w^{\177\013\247!\337\002-;\266\032\324\341\006&\36
 270      F587 3FFF 
 270      6DFE DA55 
 270      ABB8 775E 
 270      7B7F 0BA7 
 271 09b4 8B30 78D2 		.ascii	"\2130x\322\221\336\300\306\036tl0m3\030\315[\r\212\340P\263^"
 271      91DE C0C6 
 271      1E74 6C30 
 271      6D33 18CD 
 271      5B0D 8AE0 
 272 09cb 6134 E882 		.ascii	"a4\350\202]Mf\313\2260\363ve\220\331\024nY\021`\r\017\0130\232"
 272      5D4D 66CB 
 272      9630 F376 
 272      6590 D914 
 272      6E59 1160 
 273 09e4 8374 C680 		.ascii	"\203t\306\200\265\006\243Q\027\026\240\333\026\366\311\346\240"
 273      B506 A351 
 273      1716 A0DB 
 273      16F6 C9E6 
 273      A0
 274 09f5 A0AF 5606 		.ascii	"\240\257V\006\254\\\272|\3512<\016\b1\005\031\255zC@\250\316"
 274      AC5C BA7C 
 274      E932 3C0E 
 274      0831 0519 
 274      AD7A 4340 
 275 0a0b B205 F214 		.ascii	"\262\005\362\024\266\232\267+\302t&\375\312\237\347\036n\321"
 275      B69A B72B 
 275      C274 26FD 
 275      CA9F E71E 
 275      6ED1 
 276 0a1d 1B43 3681 		.ascii	"\033C6\201\200\222d\347!e\027\030b\322\033\376\255\262\206\230"
 276      8092 64E7 
 276      2165 1718 
 276      62D2 1BFE 
 276      ADB2 8698 
 277 0a31 2C9F 7E1E 		.ascii	",\237~\036h\371\371\252\340\b\252\352\315\306\220\360pH\313\254"
 277      68F9 F9AA 
 277      E008 AAEA 
 277      CDC6 90F0 
 277      7048 CBAC 
 278 0a45 0CFC DA6C 		.ascii	"\f\374\332l6ja\251P\315\220\320Ma\006\217\255f\343\216\255[\314"
 278      366A 61A9 
 278      50CD 90D0 
 278      4D61 068F 
 278      AD66 E38E 
 279 0a5c A61D 81B8 		.ascii	"\246\035\201\270<Z\326\373@\243\325\242\f6\232u\226_8\227\031"
 279      3C5A D6FB 
 279      40A3 D5A2 
 279      0C36 9A75 
 279      965F 3897 
 280 0a71 E671 47FE 		.ascii	"\346qG\376\003\276\302\304\323"
 280      03BE C2C4 
 280      D3
 281               		.text
 282               		.section	.gnu.lto_.symtab.fcda94eb15e90568,"",@progbits
 283 0000 7365 745F 		.string	"set_voice"
 283      766F 6963 
 283      6500 
 284 000a 00        		.string	""
 285 000b 00        		.string	""
 286 000c 00        		.string	""
 287 000d 00        		.string	""
 288 000e 00        		.string	""
 289 000f 00        		.string	""
 290 0010 00        		.string	""
 291 0011 00        		.string	""
 292 0012 00        		.string	""
 293 0013 00        		.string	""
 294 0014 00        		.string	""
 295 0015 D800      		.string	"\330"
 296 0017 00        		.string	""
 297 0018 00        		.string	""
 298 0019 766F 6963 		.string	"voice"
 298      6500 
 299 001f 00        		.string	""
 300 0020 00        		.string	""
 301 0021 00        		.string	""
 302 0022 00        		.string	""
 303 0023 00        		.string	""
 304 0024 00        		.string	""
 305 0025 00        		.string	""
 306 0026 00        		.string	""
 307 0027 00        		.string	""
 308 0028 00        		.string	""
 309 0029 00        		.string	""
 310 002a F700      		.string	"\367"
 311 002c 00        		.string	""
 312 002d 00        		.string	""
 313 002e 766F 6963 		.string	"voice_iterate"
 313      655F 6974 
 313      6572 6174 
 313      6500 
 314 003c 00        		.string	""
 315 003d 00        		.string	""
 316 003e 00        		.string	""
 317 003f 00        		.string	""
 318 0040 00        		.string	""
 319 0041 00        		.string	""
 320 0042 00        		.string	""
 321 0043 00        		.string	""
 322 0044 00        		.string	""
 323 0045 00        		.string	""
 324 0046 00        		.string	""
 325 0047 DB00      		.string	"\333"
 326 0049 00        		.string	""
 327 004a 00        		.string	""
 328 004b 766F 6963 		.string	"voice_deiterate"
 328      655F 6465 
 328      6974 6572 
 328      6174 6500 
 329 005b 00        		.string	""
 330 005c 00        		.string	""
 331 005d 00        		.string	""
 332 005e 00        		.string	""
 333 005f 00        		.string	""
 334 0060 00        		.string	""
 335 0061 00        		.string	""
 336 0062 00        		.string	""
 337 0063 00        		.string	""
 338 0064 00        		.string	""
 339 0065 00        		.string	""
 340 0066 DD00      		.string	"\335"
 341 0068 00        		.string	""
 342 0069 00        		.string	""
 343 006a 766F 6963 		.string	"voice_envelope"
 343      655F 656E 
 343      7665 6C6F 
 343      7065 00
 344 0079 00        		.string	""
 345 007a 00        		.string	""
 346 007b 00        		.string	""
 347 007c 00        		.string	""
 348 007d 00        		.string	""
 349 007e 00        		.string	""
 350 007f 00        		.string	""
 351 0080 00        		.string	""
 352 0081 00        		.string	""
 353 0082 00        		.string	""
 354 0083 00        		.string	""
 355 0084 E100      		.string	"\341"
 356 0086 00        		.string	""
 357 0087 00        		.string	""
 358 0088 656E 7665 		.string	"envelope_index"
 358      6C6F 7065 
 358      5F69 6E64 
 358      6578 00
 359 0097 00        		.string	""
 360 0098 02        		.ascii	"\002"
 361 0099 00        		.string	""
 362 009a 00        		.string	""
 363 009b 00        		.string	""
 364 009c 00        		.string	""
 365 009d 00        		.string	""
 366 009e 00        		.string	""
 367 009f 00        		.string	""
 368 00a0 00        		.string	""
 369 00a1 00        		.string	""
 370 00a2 00        		.string	""
 371 00a3 0100      		.string	"\001"
 372 00a5 00        		.string	""
 373 00a6 676C 6973 		.string	"glissando"
 373      7361 6E64 
 373      6F00 
 374 00b0 00        		.string	""
 375 00b1 02        		.ascii	"\002"
 376 00b2 00        		.string	""
 377 00b3 00        		.string	""
 378 00b4 00        		.string	""
 379 00b5 00        		.string	""
 380 00b6 00        		.string	""
 381 00b7 00        		.string	""
 382 00b8 00        		.string	""
 383 00b9 00        		.string	""
 384 00ba 00        		.string	""
 385 00bb 0701 00   		.string	"\007\001"
 386 00be 00        		.string	""
 387 00bf 6E6F 7465 		.string	"note_timbre"
 387      5F74 696D 
 387      6272 6500 
 388 00cb 00        		.string	""
 389 00cc 02        		.ascii	"\002"
 390 00cd 00        		.string	""
 391 00ce 00        		.string	""
 392 00cf 00        		.string	""
 393 00d0 00        		.string	""
 394 00d1 00        		.string	""
 395 00d2 00        		.string	""
 396 00d3 00        		.string	""
 397 00d4 00        		.string	""
 398 00d5 00        		.string	""
 399 00d6 0B01 00   		.string	"\013\001"
 400 00d9 00        		.string	""
 401 00da 706F 6C79 		.string	"polyphony_rate"
 401      7068 6F6E 
 401      795F 7261 
 401      7465 00
 402 00e9 00        		.string	""
 403 00ea 02        		.ascii	"\002"
 404 00eb 00        		.string	""
 405 00ec 00        		.string	""
 406 00ed 00        		.string	""
 407 00ee 00        		.string	""
 408 00ef 00        		.string	""
 409 00f0 00        		.string	""
 410 00f1 00        		.string	""
 411 00f2 00        		.string	""
 412 00f3 00        		.string	""
 413 00f4 0D01 00   		.string	"\r\001"
 414 00f7 00        		.string	""
 415 00f8 7669 6272 		.string	"vibrato_lut"
 415      6174 6F5F 
 415      6C75 7400 
 416 0104 00        		.string	""
 417 0105 02        		.ascii	"\002"
 418 0106 00        		.string	""
 419 0107 00        		.string	""
 420 0108 00        		.string	""
 421 0109 00        		.string	""
 422 010a 00        		.string	""
 423 010b 00        		.string	""
 424 010c 00        		.string	""
 425 010d 00        		.string	""
 426 010e 00        		.string	""
 427 010f 1801 00   		.string	"\030\001"
 428 0112 00        		.string	""
 429 0113 7261 6E64 		.string	"rand"
 429      00
 430 0118 00        		.string	""
 431 0119 02        		.ascii	"\002"
 432 011a 00        		.string	""
 433 011b 00        		.string	""
 434 011c 00        		.string	""
 435 011d 00        		.string	""
 436 011e 00        		.string	""
 437 011f 00        		.string	""
 438 0120 00        		.string	""
 439 0121 00        		.string	""
 440 0122 00        		.string	""
 441 0123 F400      		.string	"\364"
 442 0125 00        		.string	""
 443 0126 00        		.string	""
 444               		.text
 445               		.section	.gnu.lto_.opts,"",@progbits
 446 0000 272D 666D 		.ascii	"'-fmath-errno' '-fsigned-zeros' '-ftrapping-m"
 446      6174 682D 
 446      6572 726E 
 446      6F27 2027 
 446      2D66 7369 
 447 002d 6174 6827 		.string	"ath' '-fno-trapv' '-fno-openmp' '-fno-openacc' '-mn-flash=1' '-mno-skip-bug' '-mmcu=avr5'
 447      2027 2D66 
 447      6E6F 2D74 
 447      7261 7076 
 447      2720 272D 
 448               		.text
 449               		.comm	__gnu_lto_v1,1,1
 450               		.comm	__gnu_lto_slim,1,1
 451               		.ident	"GCC: (GNU) 7.4.0"
DEFINED SYMBOLS
                            *ABS*:0000000000000000 voices.c
/var/tmp//ccEjsMna.s:2      *ABS*:000000000000003e __SP_H__
/var/tmp//ccEjsMna.s:3      *ABS*:000000000000003d __SP_L__
/var/tmp//ccEjsMna.s:4      *ABS*:000000000000003f __SREG__
/var/tmp//ccEjsMna.s:5      *ABS*:0000000000000000 __tmp_reg__
/var/tmp//ccEjsMna.s:6      *ABS*:0000000000000001 __zero_reg__
                            *COM*:0000000000000001 __gnu_lto_v1
                            *COM*:0000000000000001 __gnu_lto_slim

NO UNDEFINED SYMBOLS
