   1              		.cpu cortex-m4
   2              		.eabi_attribute 20, 1
   3              		.eabi_attribute 21, 1
   4              		.eabi_attribute 23, 3
   5              		.eabi_attribute 24, 1
   6              		.eabi_attribute 25, 1
   7              		.eabi_attribute 26, 1
   8              		.eabi_attribute 30, 4
   9              		.eabi_attribute 34, 1
  10              		.eabi_attribute 18, 2
  11              		.file	"planck.c"
  12              		.text
  13              	.Ltext0:
  14              		.cfi_sections	.debug_frame
  15              		.section	.text.matrix_init_kb,"ax",%progbits
  16              		.align	1
  17              		.weak	matrix_init_kb
  18              		.syntax unified
  19              		.thumb
  20              		.thumb_func
  21              		.fpu softvfp
  23              	matrix_init_kb:
  24              	.LFB287:
  25              		.file 1 "keyboards/planck/planck.c"
   1:keyboards/planck/planck.c **** #include "planck.h"
   2:keyboards/planck/planck.c **** 
   3:keyboards/planck/planck.c **** #ifdef SWAP_HANDS_ENABLE
   4:keyboards/planck/planck.c **** __attribute__ ((weak))
   5:keyboards/planck/planck.c **** const keypos_t hand_swap_config[MATRIX_ROWS][MATRIX_COLS] = {
   6:keyboards/planck/planck.c ****   {{11, 0}, {10, 0}, {9, 0}, {8, 0}, {7, 0}, {6, 0}, {5, 0}, {4, 0}, {3, 0}, {2, 0}, {1, 0}, {0, 0}
   7:keyboards/planck/planck.c ****   {{11, 1}, {10, 1}, {9, 1}, {8, 1}, {7, 1}, {6, 1}, {5, 1}, {4, 1}, {3, 1}, {2, 1}, {1, 1}, {0, 1}
   8:keyboards/planck/planck.c ****   {{11, 2}, {10, 2}, {9, 2}, {8, 2}, {7, 2}, {6, 2}, {5, 2}, {4, 2}, {3, 2}, {2, 2}, {1, 2}, {0, 2}
   9:keyboards/planck/planck.c ****   {{11, 3}, {10, 3}, {9, 3}, {8, 3}, {7, 3}, {6, 3}, {5, 3}, {4, 3}, {3, 3}, {2, 3}, {1, 3}, {0, 3}
  10:keyboards/planck/planck.c **** };
  11:keyboards/planck/planck.c **** #endif
  12:keyboards/planck/planck.c **** 
  13:keyboards/planck/planck.c **** __attribute__ ((weak))
  14:keyboards/planck/planck.c **** void matrix_init_kb(void) {
  26              		.loc 1 14 0
  27              		.cfi_startproc
  28              		@ args = 0, pretend = 0, frame = 0
  29              		@ frame_needed = 0, uses_anonymous_args = 0
  30              		@ link register save eliminated.
  15:keyboards/planck/planck.c **** 	// Turn status LED on
  16:keyboards/planck/planck.c **** 	#ifdef __AVR__
  17:keyboards/planck/planck.c **** 	DDRE |= (1<<6);
  18:keyboards/planck/planck.c **** 	PORTE |= (1<<6);
  19:keyboards/planck/planck.c **** 	#endif
  20:keyboards/planck/planck.c **** 
  21:keyboards/planck/planck.c **** 	matrix_init_user();
  31              		.loc 1 21 0
  32 0000 FFF7FEBF 		b	matrix_init_user
  33              	.LVL0:
  34              		.cfi_endproc
  35              	.LFE287:
  37              		.global	music_map
  38              		.section	.rodata.music_map,"a",%progbits
  41              	music_map:
  42 0000 24       		.byte	36
  43 0001 25       		.byte	37
  44 0002 26       		.byte	38
  45 0003 27       		.byte	39
  46 0004 28       		.byte	40
  47 0005 29       		.byte	41
  48 0006 18       		.byte	24
  49 0007 19       		.byte	25
  50 0008 1A       		.byte	26
  51 0009 1B       		.byte	27
  52 000a 1C       		.byte	28
  53 000b 1D       		.byte	29
  54 000c 0C       		.byte	12
  55 000d 0D       		.byte	13
  56 000e 0E       		.byte	14
  57 000f 0F       		.byte	15
  58 0010 10       		.byte	16
  59 0011 11       		.byte	17
  60 0012 00       		.byte	0
  61 0013 01       		.byte	1
  62 0014 02       		.byte	2
  63 0015 09       		.byte	9
  64 0016 0A       		.byte	10
  65 0017 0B       		.byte	11
  66 0018 2A       		.byte	42
  67 0019 2B       		.byte	43
  68 001a 2C       		.byte	44
  69 001b 2D       		.byte	45
  70 001c 2E       		.byte	46
  71 001d 2F       		.byte	47
  72 001e 1E       		.byte	30
  73 001f 1F       		.byte	31
  74 0020 20       		.byte	32
  75 0021 21       		.byte	33
  76 0022 22       		.byte	34
  77 0023 23       		.byte	35
  78 0024 12       		.byte	18
  79 0025 13       		.byte	19
  80 0026 14       		.byte	20
  81 0027 15       		.byte	21
  82 0028 16       		.byte	22
  83 0029 17       		.byte	23
  84 002a 06       		.byte	6
  85 002b 07       		.byte	7
  86 002c 08       		.byte	8
  87 002d 03       		.byte	3
  88 002e 04       		.byte	4
  89 002f 05       		.byte	5
  90              		.text
  91              	.Letext0:
  92              		.file 2 "/usr/local/Cellar/gcc-arm-none-eabi/20180627/lib/gcc/arm-none-eabi/7.3.1/include/stddef.h
  93              		.file 3 "/usr/local/Cellar/gcc-arm-none-eabi/20180627/arm-none-eabi/include/machine/_default_types
  94              		.file 4 "/usr/local/Cellar/gcc-arm-none-eabi/20180627/arm-none-eabi/include/sys/_stdint.h"
  95              		.file 5 "./lib/chibios/os/common/ports/ARMCMx/compilers/GCC/chtypes.h"
  96              		.file 6 "./lib/chibios/os/rt/include/chsystypes.h"
  97              		.file 7 "./lib/chibios/os/rt/include/chschd.h"
  98              		.file 8 "./lib/chibios/os/common/ext/CMSIS/include/core_cm4.h"
  99              		.file 9 "./lib/chibios/os/common/ext/CMSIS/ST/STM32F3xx/system_stm32f3xx.h"
 100              		.file 10 "./lib/chibios/os/common/ext/CMSIS/ST/STM32F3xx/stm32f303xc.h"
 101              		.file 11 "./lib/chibios/os/common/ports/ARMCMx/chcore.h"
 102              		.file 12 "./lib/chibios/os/common/ports/ARMCMx/chcore_v7m.h"
 103              		.file 13 "./lib/chibios/os/hal/ports/STM32/LLD/TIMv1/stm32_tim.h"
 104              		.file 14 "./lib/chibios/os/rt/include/chtm.h"
 105              		.file 15 "./lib/chibios/os/rt/include/chsem.h"
 106              		.file 16 "./lib/chibios/os/rt/include/chmtx.h"
 107              		.file 17 "./lib/chibios/os/rt/include/chsys.h"
 108              		.file 18 "./lib/chibios/os/rt/include/chregistry.h"
 109              		.file 19 "./lib/chibios/os/common/oslib/include/chmemcore.h"
 110              		.file 20 "./lib/chibios/os/hal/ports/STM32/LLD/DMAv1/stm32_dma.h"
 111              		.file 21 "./lib/chibios/os/hal/ports/STM32/LLD/GPIOv2/hal_pal_lld.h"
 112              		.file 22 "./lib/chibios/os/hal/include/hal_dac.h"
 113              		.file 23 "./lib/chibios/os/hal/ports/STM32/LLD/DACv1/hal_dac_lld.h"
 114              		.file 24 "./lib/chibios/os/hal/include/hal_gpt.h"
 115              		.file 25 "./lib/chibios/os/hal/ports/STM32/LLD/TIMv1/hal_gpt_lld.h"
 116              		.file 26 "./lib/chibios/os/hal/include/hal_i2c.h"
 117              		.file 27 "./lib/chibios/os/hal/ports/STM32/LLD/I2Cv2/hal_i2c_lld.h"
 118              		.file 28 "./lib/chibios/os/hal/include/hal_pwm.h"
 119              		.file 29 "./lib/chibios/os/hal/ports/STM32/LLD/TIMv1/hal_pwm_lld.h"
 120              		.file 30 "./lib/chibios/os/hal/include/hal_usb.h"
 121              		.file 31 "./lib/chibios/os/hal/ports/STM32/LLD/USBv1/hal_usb_lld.h"
 122              		.file 32 "tmk_core/common/action.h"
 123              		.file 33 "tmk_core/common/report.h"
 124              		.file 34 "tmk_core/common/host.h"
 125              		.file 35 "tmk_core/common/debug.h"
 126              		.file 36 "quantum/keycode_config.h"
 127              		.file 37 "quantum/keymap.h"
 128              		.file 38 "tmk_core/common/action_layer.h"
 129              		.file 39 "tmk_core/common/timer.h"
 130              		.file 40 "tmk_core/common/action_util.h"
 131              		.file 41 "/usr/local/Cellar/gcc-arm-none-eabi/20180627/arm-none-eabi/include/sys/lock.h"
 132              		.file 42 "/usr/local/Cellar/gcc-arm-none-eabi/20180627/arm-none-eabi/include/sys/_types.h"
 133              		.file 43 "/usr/local/Cellar/gcc-arm-none-eabi/20180627/arm-none-eabi/include/sys/reent.h"
 134              		.file 44 "/usr/local/Cellar/gcc-arm-none-eabi/20180627/arm-none-eabi/include/stdlib.h"
 135              		.file 45 "quantum/audio/luts.h"
 136              		.file 46 "/usr/local/Cellar/gcc-arm-none-eabi/20180627/arm-none-eabi/include/math.h"
 137              		.file 47 "quantum/process_keycode/process_music.h"
 138              		.file 48 "quantum/quantum.h"
DEFINED SYMBOLS
                            *ABS*:0000000000000000 planck.c
/var/folders/qs/3p__ddh573j_6k2216pg8mv40000gn/T//ccqhilF9.s:16     .text.matrix_init_kb:0000000000000000 $t
/var/folders/qs/3p__ddh573j_6k2216pg8mv40000gn/T//ccqhilF9.s:23     .text.matrix_init_kb:0000000000000000 matrix_init_kb
/var/folders/qs/3p__ddh573j_6k2216pg8mv40000gn/T//ccqhilF9.s:41     .rodata.music_map:0000000000000000 music_map

UNDEFINED SYMBOLS
matrix_init_user
