   1              		.cpu cortex-m4
   2              		.eabi_attribute 20, 1
   3              		.eabi_attribute 21, 1
   4              		.eabi_attribute 23, 3
   5              		.eabi_attribute 24, 1
   6              		.eabi_attribute 25, 1
   7              		.eabi_attribute 26, 1
   8              		.eabi_attribute 30, 4
   9              		.eabi_attribute 34, 1
  10              		.eabi_attribute 18, 2
  11              		.file	"hal_st.c"
  12              		.text
  13              	.Ltext0:
  14              		.cfi_sections	.debug_frame
  15              		.section	.text.stInit,"ax",%progbits
  16              		.align	1
  17              		.global	stInit
  18              		.syntax unified
  19              		.thumb
  20              		.thumb_func
  21              		.fpu softvfp
  23              	stInit:
  24              	.LFB279:
  25              		.file 1 "lib/chibios/os/hal/src/hal_st.c"
   1:lib/chibios/os/hal/src/hal_st.c **** /*
   2:lib/chibios/os/hal/src/hal_st.c ****     ChibiOS - Copyright (C) 2006..2016 Giovanni Di Sirio
   3:lib/chibios/os/hal/src/hal_st.c **** 
   4:lib/chibios/os/hal/src/hal_st.c ****     Licensed under the Apache License, Version 2.0 (the "License");
   5:lib/chibios/os/hal/src/hal_st.c ****     you may not use this file except in compliance with the License.
   6:lib/chibios/os/hal/src/hal_st.c ****     You may obtain a copy of the License at
   7:lib/chibios/os/hal/src/hal_st.c **** 
   8:lib/chibios/os/hal/src/hal_st.c ****         http://www.apache.org/licenses/LICENSE-2.0
   9:lib/chibios/os/hal/src/hal_st.c **** 
  10:lib/chibios/os/hal/src/hal_st.c ****     Unless required by applicable law or agreed to in writing, software
  11:lib/chibios/os/hal/src/hal_st.c ****     distributed under the License is distributed on an "AS IS" BASIS,
  12:lib/chibios/os/hal/src/hal_st.c ****     WITHOUT WARRANTIES OR CONDITIONS OF ANY KIND, either express or implied.
  13:lib/chibios/os/hal/src/hal_st.c ****     See the License for the specific language governing permissions and
  14:lib/chibios/os/hal/src/hal_st.c ****     limitations under the License.
  15:lib/chibios/os/hal/src/hal_st.c **** */
  16:lib/chibios/os/hal/src/hal_st.c **** 
  17:lib/chibios/os/hal/src/hal_st.c **** /**
  18:lib/chibios/os/hal/src/hal_st.c ****  * @file    hal_st.c
  19:lib/chibios/os/hal/src/hal_st.c ****  * @brief   ST Driver code.
  20:lib/chibios/os/hal/src/hal_st.c ****  *
  21:lib/chibios/os/hal/src/hal_st.c ****  * @addtogroup ST
  22:lib/chibios/os/hal/src/hal_st.c ****  * @{
  23:lib/chibios/os/hal/src/hal_st.c ****  */
  24:lib/chibios/os/hal/src/hal_st.c **** 
  25:lib/chibios/os/hal/src/hal_st.c **** #include "hal.h"
  26:lib/chibios/os/hal/src/hal_st.c **** 
  27:lib/chibios/os/hal/src/hal_st.c **** #if (OSAL_ST_MODE != OSAL_ST_MODE_NONE) || defined(__DOXYGEN__)
  28:lib/chibios/os/hal/src/hal_st.c **** 
  29:lib/chibios/os/hal/src/hal_st.c **** /*===========================================================================*/
  30:lib/chibios/os/hal/src/hal_st.c **** /* Driver local definitions.                                                 */
  31:lib/chibios/os/hal/src/hal_st.c **** /*===========================================================================*/
  32:lib/chibios/os/hal/src/hal_st.c **** 
  33:lib/chibios/os/hal/src/hal_st.c **** /*===========================================================================*/
  34:lib/chibios/os/hal/src/hal_st.c **** /* Driver exported variables.                                                */
  35:lib/chibios/os/hal/src/hal_st.c **** /*===========================================================================*/
  36:lib/chibios/os/hal/src/hal_st.c **** 
  37:lib/chibios/os/hal/src/hal_st.c **** /*===========================================================================*/
  38:lib/chibios/os/hal/src/hal_st.c **** /* Driver local types.                                                       */
  39:lib/chibios/os/hal/src/hal_st.c **** /*===========================================================================*/
  40:lib/chibios/os/hal/src/hal_st.c **** 
  41:lib/chibios/os/hal/src/hal_st.c **** /*===========================================================================*/
  42:lib/chibios/os/hal/src/hal_st.c **** /* Driver local variables.                                                   */
  43:lib/chibios/os/hal/src/hal_st.c **** /*===========================================================================*/
  44:lib/chibios/os/hal/src/hal_st.c **** 
  45:lib/chibios/os/hal/src/hal_st.c **** /*===========================================================================*/
  46:lib/chibios/os/hal/src/hal_st.c **** /* Driver local functions.                                                   */
  47:lib/chibios/os/hal/src/hal_st.c **** /*===========================================================================*/
  48:lib/chibios/os/hal/src/hal_st.c **** 
  49:lib/chibios/os/hal/src/hal_st.c **** /*===========================================================================*/
  50:lib/chibios/os/hal/src/hal_st.c **** /* Driver exported functions.                                                */
  51:lib/chibios/os/hal/src/hal_st.c **** /*===========================================================================*/
  52:lib/chibios/os/hal/src/hal_st.c **** 
  53:lib/chibios/os/hal/src/hal_st.c **** /**
  54:lib/chibios/os/hal/src/hal_st.c ****  * @brief   ST Driver initialization.
  55:lib/chibios/os/hal/src/hal_st.c ****  * @note    This function is implicitly invoked by @p halInit(), there is
  56:lib/chibios/os/hal/src/hal_st.c ****  *          no need to explicitly initialize the driver.
  57:lib/chibios/os/hal/src/hal_st.c ****  *
  58:lib/chibios/os/hal/src/hal_st.c ****  * @init
  59:lib/chibios/os/hal/src/hal_st.c ****  */
  60:lib/chibios/os/hal/src/hal_st.c **** void stInit(void) {
  26              		.loc 1 60 0
  27              		.cfi_startproc
  28              		@ args = 0, pretend = 0, frame = 0
  29              		@ frame_needed = 0, uses_anonymous_args = 0
  30              		@ link register save eliminated.
  61:lib/chibios/os/hal/src/hal_st.c **** 
  62:lib/chibios/os/hal/src/hal_st.c ****   st_lld_init();
  31              		.loc 1 62 0
  32 0000 FFF7FEBF 		b	st_lld_init
  33              	.LVL0:
  34              		.cfi_endproc
  35              	.LFE279:
  37              		.section	.text.stStartAlarm,"ax",%progbits
  38              		.align	1
  39              		.global	stStartAlarm
  40              		.syntax unified
  41              		.thumb
  42              		.thumb_func
  43              		.fpu softvfp
  45              	stStartAlarm:
  46              	.LFB280:
  63:lib/chibios/os/hal/src/hal_st.c **** }
  64:lib/chibios/os/hal/src/hal_st.c **** 
  65:lib/chibios/os/hal/src/hal_st.c **** /**
  66:lib/chibios/os/hal/src/hal_st.c ****  * @brief   Starts the alarm.
  67:lib/chibios/os/hal/src/hal_st.c ****  * @note    Makes sure that no spurious alarms are triggered after
  68:lib/chibios/os/hal/src/hal_st.c ****  *          this call.
  69:lib/chibios/os/hal/src/hal_st.c ****  * @note    This functionality is only available in free running mode, the
  70:lib/chibios/os/hal/src/hal_st.c ****  *          behavior in periodic mode is undefined.
  71:lib/chibios/os/hal/src/hal_st.c ****  *
  72:lib/chibios/os/hal/src/hal_st.c ****  * @param[in] abstime   the time to be set for the first alarm
  73:lib/chibios/os/hal/src/hal_st.c ****  *
  74:lib/chibios/os/hal/src/hal_st.c ****  * @api
  75:lib/chibios/os/hal/src/hal_st.c ****  */
  76:lib/chibios/os/hal/src/hal_st.c **** void stStartAlarm(systime_t abstime) {
  47              		.loc 1 76 0
  48              		.cfi_startproc
  49              		@ args = 0, pretend = 0, frame = 0
  50              		@ frame_needed = 0, uses_anonymous_args = 0
  51              		@ link register save eliminated.
  52              	.LVL1:
  53              	.LBB10:
  54              	.LBB11:
  55              		.file 2 "./lib/chibios/os/hal/ports/STM32/LLD/TIMv1/hal_st_lld.h"
   1:./lib/chibios/os/hal/ports/STM32/LLD/TIMv1/hal_st_lld.h **** /*
   2:./lib/chibios/os/hal/ports/STM32/LLD/TIMv1/hal_st_lld.h ****     ChibiOS - Copyright (C) 2006..2016 Giovanni Di Sirio
   3:./lib/chibios/os/hal/ports/STM32/LLD/TIMv1/hal_st_lld.h **** 
   4:./lib/chibios/os/hal/ports/STM32/LLD/TIMv1/hal_st_lld.h ****     Licensed under the Apache License, Version 2.0 (the "License");
   5:./lib/chibios/os/hal/ports/STM32/LLD/TIMv1/hal_st_lld.h ****     you may not use this file except in compliance with the License.
   6:./lib/chibios/os/hal/ports/STM32/LLD/TIMv1/hal_st_lld.h ****     You may obtain a copy of the License at
   7:./lib/chibios/os/hal/ports/STM32/LLD/TIMv1/hal_st_lld.h **** 
   8:./lib/chibios/os/hal/ports/STM32/LLD/TIMv1/hal_st_lld.h ****         http://www.apache.org/licenses/LICENSE-2.0
   9:./lib/chibios/os/hal/ports/STM32/LLD/TIMv1/hal_st_lld.h **** 
  10:./lib/chibios/os/hal/ports/STM32/LLD/TIMv1/hal_st_lld.h ****     Unless required by applicable law or agreed to in writing, software
  11:./lib/chibios/os/hal/ports/STM32/LLD/TIMv1/hal_st_lld.h ****     distributed under the License is distributed on an "AS IS" BASIS,
  12:./lib/chibios/os/hal/ports/STM32/LLD/TIMv1/hal_st_lld.h ****     WITHOUT WARRANTIES OR CONDITIONS OF ANY KIND, either express or implied.
  13:./lib/chibios/os/hal/ports/STM32/LLD/TIMv1/hal_st_lld.h ****     See the License for the specific language governing permissions and
  14:./lib/chibios/os/hal/ports/STM32/LLD/TIMv1/hal_st_lld.h ****     limitations under the License.
  15:./lib/chibios/os/hal/ports/STM32/LLD/TIMv1/hal_st_lld.h **** */
  16:./lib/chibios/os/hal/ports/STM32/LLD/TIMv1/hal_st_lld.h **** 
  17:./lib/chibios/os/hal/ports/STM32/LLD/TIMv1/hal_st_lld.h **** /**
  18:./lib/chibios/os/hal/ports/STM32/LLD/TIMv1/hal_st_lld.h ****  * @file    TIMv1/hal_st_lld.h
  19:./lib/chibios/os/hal/ports/STM32/LLD/TIMv1/hal_st_lld.h ****  * @brief   ST Driver subsystem low level driver header.
  20:./lib/chibios/os/hal/ports/STM32/LLD/TIMv1/hal_st_lld.h ****  * @details This header is designed to be include-able without having to
  21:./lib/chibios/os/hal/ports/STM32/LLD/TIMv1/hal_st_lld.h ****  *          include other files from the HAL.
  22:./lib/chibios/os/hal/ports/STM32/LLD/TIMv1/hal_st_lld.h ****  *
  23:./lib/chibios/os/hal/ports/STM32/LLD/TIMv1/hal_st_lld.h ****  * @addtogroup ST
  24:./lib/chibios/os/hal/ports/STM32/LLD/TIMv1/hal_st_lld.h ****  * @{
  25:./lib/chibios/os/hal/ports/STM32/LLD/TIMv1/hal_st_lld.h ****  */
  26:./lib/chibios/os/hal/ports/STM32/LLD/TIMv1/hal_st_lld.h **** 
  27:./lib/chibios/os/hal/ports/STM32/LLD/TIMv1/hal_st_lld.h **** #ifndef HAL_ST_LLD_H
  28:./lib/chibios/os/hal/ports/STM32/LLD/TIMv1/hal_st_lld.h **** #define HAL_ST_LLD_H
  29:./lib/chibios/os/hal/ports/STM32/LLD/TIMv1/hal_st_lld.h **** 
  30:./lib/chibios/os/hal/ports/STM32/LLD/TIMv1/hal_st_lld.h **** #include "mcuconf.h"
  31:./lib/chibios/os/hal/ports/STM32/LLD/TIMv1/hal_st_lld.h **** #include "stm32_registry.h"
  32:./lib/chibios/os/hal/ports/STM32/LLD/TIMv1/hal_st_lld.h **** #include "stm32_tim.h"
  33:./lib/chibios/os/hal/ports/STM32/LLD/TIMv1/hal_st_lld.h **** 
  34:./lib/chibios/os/hal/ports/STM32/LLD/TIMv1/hal_st_lld.h **** /*===========================================================================*/
  35:./lib/chibios/os/hal/ports/STM32/LLD/TIMv1/hal_st_lld.h **** /* Driver constants.                                                         */
  36:./lib/chibios/os/hal/ports/STM32/LLD/TIMv1/hal_st_lld.h **** /*===========================================================================*/
  37:./lib/chibios/os/hal/ports/STM32/LLD/TIMv1/hal_st_lld.h **** 
  38:./lib/chibios/os/hal/ports/STM32/LLD/TIMv1/hal_st_lld.h **** /*===========================================================================*/
  39:./lib/chibios/os/hal/ports/STM32/LLD/TIMv1/hal_st_lld.h **** /* Driver pre-compile time settings.                                         */
  40:./lib/chibios/os/hal/ports/STM32/LLD/TIMv1/hal_st_lld.h **** /*===========================================================================*/
  41:./lib/chibios/os/hal/ports/STM32/LLD/TIMv1/hal_st_lld.h **** 
  42:./lib/chibios/os/hal/ports/STM32/LLD/TIMv1/hal_st_lld.h **** /**
  43:./lib/chibios/os/hal/ports/STM32/LLD/TIMv1/hal_st_lld.h ****  * @name    Configuration options
  44:./lib/chibios/os/hal/ports/STM32/LLD/TIMv1/hal_st_lld.h ****  * @{
  45:./lib/chibios/os/hal/ports/STM32/LLD/TIMv1/hal_st_lld.h ****  */
  46:./lib/chibios/os/hal/ports/STM32/LLD/TIMv1/hal_st_lld.h **** /**
  47:./lib/chibios/os/hal/ports/STM32/LLD/TIMv1/hal_st_lld.h ****  * @brief   SysTick timer IRQ priority.
  48:./lib/chibios/os/hal/ports/STM32/LLD/TIMv1/hal_st_lld.h ****  */
  49:./lib/chibios/os/hal/ports/STM32/LLD/TIMv1/hal_st_lld.h **** #if !defined(STM32_ST_IRQ_PRIORITY) || defined(__DOXYGEN__)
  50:./lib/chibios/os/hal/ports/STM32/LLD/TIMv1/hal_st_lld.h **** #define STM32_ST_IRQ_PRIORITY               8
  51:./lib/chibios/os/hal/ports/STM32/LLD/TIMv1/hal_st_lld.h **** #endif
  52:./lib/chibios/os/hal/ports/STM32/LLD/TIMv1/hal_st_lld.h **** 
  53:./lib/chibios/os/hal/ports/STM32/LLD/TIMv1/hal_st_lld.h **** /**
  54:./lib/chibios/os/hal/ports/STM32/LLD/TIMv1/hal_st_lld.h ****  * @brief   TIMx unit (by number) to be used for free running operations.
  55:./lib/chibios/os/hal/ports/STM32/LLD/TIMv1/hal_st_lld.h ****  * @note    You must select a 32 bits timer if a 32 bits @p systick_t type
  56:./lib/chibios/os/hal/ports/STM32/LLD/TIMv1/hal_st_lld.h ****  *          is required.
  57:./lib/chibios/os/hal/ports/STM32/LLD/TIMv1/hal_st_lld.h ****  * @note    Timers 2, 3, 4 and 5 are supported.
  58:./lib/chibios/os/hal/ports/STM32/LLD/TIMv1/hal_st_lld.h ****  */
  59:./lib/chibios/os/hal/ports/STM32/LLD/TIMv1/hal_st_lld.h **** #if !defined(STM32_ST_USE_TIMER) || defined(__DOXYGEN__)
  60:./lib/chibios/os/hal/ports/STM32/LLD/TIMv1/hal_st_lld.h **** #define STM32_ST_USE_TIMER                  2
  61:./lib/chibios/os/hal/ports/STM32/LLD/TIMv1/hal_st_lld.h **** #endif
  62:./lib/chibios/os/hal/ports/STM32/LLD/TIMv1/hal_st_lld.h **** /** @} */
  63:./lib/chibios/os/hal/ports/STM32/LLD/TIMv1/hal_st_lld.h **** 
  64:./lib/chibios/os/hal/ports/STM32/LLD/TIMv1/hal_st_lld.h **** /*===========================================================================*/
  65:./lib/chibios/os/hal/ports/STM32/LLD/TIMv1/hal_st_lld.h **** /* Derived constants and error checks.                                       */
  66:./lib/chibios/os/hal/ports/STM32/LLD/TIMv1/hal_st_lld.h **** /*===========================================================================*/
  67:./lib/chibios/os/hal/ports/STM32/LLD/TIMv1/hal_st_lld.h **** 
  68:./lib/chibios/os/hal/ports/STM32/LLD/TIMv1/hal_st_lld.h **** #if STM32_ST_USE_TIMER == 2
  69:./lib/chibios/os/hal/ports/STM32/LLD/TIMv1/hal_st_lld.h **** #if !STM32_HAS_TIM2
  70:./lib/chibios/os/hal/ports/STM32/LLD/TIMv1/hal_st_lld.h **** #error "TIM2 not present"
  71:./lib/chibios/os/hal/ports/STM32/LLD/TIMv1/hal_st_lld.h **** #endif
  72:./lib/chibios/os/hal/ports/STM32/LLD/TIMv1/hal_st_lld.h **** #define STM32_ST_TIM                              STM32_TIM2
  73:./lib/chibios/os/hal/ports/STM32/LLD/TIMv1/hal_st_lld.h **** 
  74:./lib/chibios/os/hal/ports/STM32/LLD/TIMv1/hal_st_lld.h **** #elif STM32_ST_USE_TIMER == 3
  75:./lib/chibios/os/hal/ports/STM32/LLD/TIMv1/hal_st_lld.h **** #if !STM32_HAS_TIM3
  76:./lib/chibios/os/hal/ports/STM32/LLD/TIMv1/hal_st_lld.h **** #error "TIM3 not present"
  77:./lib/chibios/os/hal/ports/STM32/LLD/TIMv1/hal_st_lld.h **** #endif
  78:./lib/chibios/os/hal/ports/STM32/LLD/TIMv1/hal_st_lld.h **** #define STM32_ST_TIM                              STM32_TIM3
  79:./lib/chibios/os/hal/ports/STM32/LLD/TIMv1/hal_st_lld.h **** 
  80:./lib/chibios/os/hal/ports/STM32/LLD/TIMv1/hal_st_lld.h **** #elif STM32_ST_USE_TIMER == 4
  81:./lib/chibios/os/hal/ports/STM32/LLD/TIMv1/hal_st_lld.h **** #if !STM32_HAS_TIM4
  82:./lib/chibios/os/hal/ports/STM32/LLD/TIMv1/hal_st_lld.h **** #error "TIM4 not present"
  83:./lib/chibios/os/hal/ports/STM32/LLD/TIMv1/hal_st_lld.h **** #endif
  84:./lib/chibios/os/hal/ports/STM32/LLD/TIMv1/hal_st_lld.h **** #define STM32_ST_TIM                              STM32_TIM4
  85:./lib/chibios/os/hal/ports/STM32/LLD/TIMv1/hal_st_lld.h **** 
  86:./lib/chibios/os/hal/ports/STM32/LLD/TIMv1/hal_st_lld.h **** #elif STM32_ST_USE_TIMER == 5
  87:./lib/chibios/os/hal/ports/STM32/LLD/TIMv1/hal_st_lld.h **** #if !STM32_HAS_TIM5
  88:./lib/chibios/os/hal/ports/STM32/LLD/TIMv1/hal_st_lld.h **** #error "TIM5 not present"
  89:./lib/chibios/os/hal/ports/STM32/LLD/TIMv1/hal_st_lld.h **** #endif
  90:./lib/chibios/os/hal/ports/STM32/LLD/TIMv1/hal_st_lld.h **** #define STM32_ST_TIM                              STM32_TIM5
  91:./lib/chibios/os/hal/ports/STM32/LLD/TIMv1/hal_st_lld.h **** 
  92:./lib/chibios/os/hal/ports/STM32/LLD/TIMv1/hal_st_lld.h **** #elif STM32_ST_USE_TIMER == 21
  93:./lib/chibios/os/hal/ports/STM32/LLD/TIMv1/hal_st_lld.h **** #if !STM32_HAS_TIM21
  94:./lib/chibios/os/hal/ports/STM32/LLD/TIMv1/hal_st_lld.h **** #error "TIM21 not present"
  95:./lib/chibios/os/hal/ports/STM32/LLD/TIMv1/hal_st_lld.h **** #endif
  96:./lib/chibios/os/hal/ports/STM32/LLD/TIMv1/hal_st_lld.h **** #define STM32_ST_TIM                              STM32_TIM21
  97:./lib/chibios/os/hal/ports/STM32/LLD/TIMv1/hal_st_lld.h **** 
  98:./lib/chibios/os/hal/ports/STM32/LLD/TIMv1/hal_st_lld.h **** #elif STM32_ST_USE_TIMER == 22
  99:./lib/chibios/os/hal/ports/STM32/LLD/TIMv1/hal_st_lld.h **** #if !STM32_HAS_TIM22
 100:./lib/chibios/os/hal/ports/STM32/LLD/TIMv1/hal_st_lld.h **** #error "TIM22 not present"
 101:./lib/chibios/os/hal/ports/STM32/LLD/TIMv1/hal_st_lld.h **** #endif
 102:./lib/chibios/os/hal/ports/STM32/LLD/TIMv1/hal_st_lld.h **** #define STM32_ST_TIM                              STM32_TIM22
 103:./lib/chibios/os/hal/ports/STM32/LLD/TIMv1/hal_st_lld.h **** 
 104:./lib/chibios/os/hal/ports/STM32/LLD/TIMv1/hal_st_lld.h **** #else
 105:./lib/chibios/os/hal/ports/STM32/LLD/TIMv1/hal_st_lld.h **** #error "STM32_ST_USE_TIMER specifies an unsupported timer"
 106:./lib/chibios/os/hal/ports/STM32/LLD/TIMv1/hal_st_lld.h **** #endif
 107:./lib/chibios/os/hal/ports/STM32/LLD/TIMv1/hal_st_lld.h **** 
 108:./lib/chibios/os/hal/ports/STM32/LLD/TIMv1/hal_st_lld.h **** /*===========================================================================*/
 109:./lib/chibios/os/hal/ports/STM32/LLD/TIMv1/hal_st_lld.h **** /* Driver data structures and types.                                         */
 110:./lib/chibios/os/hal/ports/STM32/LLD/TIMv1/hal_st_lld.h **** /*===========================================================================*/
 111:./lib/chibios/os/hal/ports/STM32/LLD/TIMv1/hal_st_lld.h **** 
 112:./lib/chibios/os/hal/ports/STM32/LLD/TIMv1/hal_st_lld.h **** /*===========================================================================*/
 113:./lib/chibios/os/hal/ports/STM32/LLD/TIMv1/hal_st_lld.h **** /* Driver macros.                                                            */
 114:./lib/chibios/os/hal/ports/STM32/LLD/TIMv1/hal_st_lld.h **** /*===========================================================================*/
 115:./lib/chibios/os/hal/ports/STM32/LLD/TIMv1/hal_st_lld.h **** 
 116:./lib/chibios/os/hal/ports/STM32/LLD/TIMv1/hal_st_lld.h **** /*===========================================================================*/
 117:./lib/chibios/os/hal/ports/STM32/LLD/TIMv1/hal_st_lld.h **** /* External declarations.                                                    */
 118:./lib/chibios/os/hal/ports/STM32/LLD/TIMv1/hal_st_lld.h **** /*===========================================================================*/
 119:./lib/chibios/os/hal/ports/STM32/LLD/TIMv1/hal_st_lld.h **** 
 120:./lib/chibios/os/hal/ports/STM32/LLD/TIMv1/hal_st_lld.h **** #ifdef __cplusplus
 121:./lib/chibios/os/hal/ports/STM32/LLD/TIMv1/hal_st_lld.h **** extern "C" {
 122:./lib/chibios/os/hal/ports/STM32/LLD/TIMv1/hal_st_lld.h **** #endif
 123:./lib/chibios/os/hal/ports/STM32/LLD/TIMv1/hal_st_lld.h ****   void st_lld_init(void);
 124:./lib/chibios/os/hal/ports/STM32/LLD/TIMv1/hal_st_lld.h **** #ifdef __cplusplus
 125:./lib/chibios/os/hal/ports/STM32/LLD/TIMv1/hal_st_lld.h **** }
 126:./lib/chibios/os/hal/ports/STM32/LLD/TIMv1/hal_st_lld.h **** #endif
 127:./lib/chibios/os/hal/ports/STM32/LLD/TIMv1/hal_st_lld.h **** 
 128:./lib/chibios/os/hal/ports/STM32/LLD/TIMv1/hal_st_lld.h **** /*===========================================================================*/
 129:./lib/chibios/os/hal/ports/STM32/LLD/TIMv1/hal_st_lld.h **** /* Driver inline functions.                                                  */
 130:./lib/chibios/os/hal/ports/STM32/LLD/TIMv1/hal_st_lld.h **** /*===========================================================================*/
 131:./lib/chibios/os/hal/ports/STM32/LLD/TIMv1/hal_st_lld.h **** 
 132:./lib/chibios/os/hal/ports/STM32/LLD/TIMv1/hal_st_lld.h **** /**
 133:./lib/chibios/os/hal/ports/STM32/LLD/TIMv1/hal_st_lld.h ****  * @brief   Returns the time counter value.
 134:./lib/chibios/os/hal/ports/STM32/LLD/TIMv1/hal_st_lld.h ****  *
 135:./lib/chibios/os/hal/ports/STM32/LLD/TIMv1/hal_st_lld.h ****  * @return              The counter value.
 136:./lib/chibios/os/hal/ports/STM32/LLD/TIMv1/hal_st_lld.h ****  *
 137:./lib/chibios/os/hal/ports/STM32/LLD/TIMv1/hal_st_lld.h ****  * @notapi
 138:./lib/chibios/os/hal/ports/STM32/LLD/TIMv1/hal_st_lld.h ****  */
 139:./lib/chibios/os/hal/ports/STM32/LLD/TIMv1/hal_st_lld.h **** static inline systime_t st_lld_get_counter(void) {
 140:./lib/chibios/os/hal/ports/STM32/LLD/TIMv1/hal_st_lld.h **** 
 141:./lib/chibios/os/hal/ports/STM32/LLD/TIMv1/hal_st_lld.h ****   return (systime_t)STM32_ST_TIM->CNT;
 142:./lib/chibios/os/hal/ports/STM32/LLD/TIMv1/hal_st_lld.h **** }
 143:./lib/chibios/os/hal/ports/STM32/LLD/TIMv1/hal_st_lld.h **** 
 144:./lib/chibios/os/hal/ports/STM32/LLD/TIMv1/hal_st_lld.h **** /**
 145:./lib/chibios/os/hal/ports/STM32/LLD/TIMv1/hal_st_lld.h ****  * @brief   Starts the alarm.
 146:./lib/chibios/os/hal/ports/STM32/LLD/TIMv1/hal_st_lld.h ****  * @note    Makes sure that no spurious alarms are triggered after
 147:./lib/chibios/os/hal/ports/STM32/LLD/TIMv1/hal_st_lld.h ****  *          this call.
 148:./lib/chibios/os/hal/ports/STM32/LLD/TIMv1/hal_st_lld.h ****  *
 149:./lib/chibios/os/hal/ports/STM32/LLD/TIMv1/hal_st_lld.h ****  * @param[in] time      the time to be set for the first alarm
 150:./lib/chibios/os/hal/ports/STM32/LLD/TIMv1/hal_st_lld.h ****  *
 151:./lib/chibios/os/hal/ports/STM32/LLD/TIMv1/hal_st_lld.h ****  * @notapi
 152:./lib/chibios/os/hal/ports/STM32/LLD/TIMv1/hal_st_lld.h ****  */
 153:./lib/chibios/os/hal/ports/STM32/LLD/TIMv1/hal_st_lld.h **** static inline void st_lld_start_alarm(systime_t time) {
 154:./lib/chibios/os/hal/ports/STM32/LLD/TIMv1/hal_st_lld.h **** 
 155:./lib/chibios/os/hal/ports/STM32/LLD/TIMv1/hal_st_lld.h ****   STM32_ST_TIM->CCR[0] = (uint32_t)time;
  56              		.loc 2 155 0
  57 0000 4FF08043 		mov	r3, #1073741824
 156:./lib/chibios/os/hal/ports/STM32/LLD/TIMv1/hal_st_lld.h ****   STM32_ST_TIM->SR     = 0;
  58              		.loc 2 156 0
  59 0004 0022     		movs	r2, #0
 155:./lib/chibios/os/hal/ports/STM32/LLD/TIMv1/hal_st_lld.h ****   STM32_ST_TIM->SR     = 0;
  60              		.loc 2 155 0
  61 0006 5863     		str	r0, [r3, #52]
  62              		.loc 2 156 0
  63 0008 1A61     		str	r2, [r3, #16]
 157:./lib/chibios/os/hal/ports/STM32/LLD/TIMv1/hal_st_lld.h ****   STM32_ST_TIM->DIER   = STM32_TIM_DIER_CC1IE;
  64              		.loc 2 157 0
  65 000a 0222     		movs	r2, #2
  66 000c DA60     		str	r2, [r3, #12]
  67              	.LVL2:
  68              	.LBE11:
  69              	.LBE10:
  77:lib/chibios/os/hal/src/hal_st.c **** 
  78:lib/chibios/os/hal/src/hal_st.c ****   osalDbgAssert(stIsAlarmActive() == false, "already active");
  79:lib/chibios/os/hal/src/hal_st.c **** 
  80:lib/chibios/os/hal/src/hal_st.c ****   st_lld_start_alarm(abstime);
  81:lib/chibios/os/hal/src/hal_st.c **** }
  70              		.loc 1 81 0
  71 000e 7047     		bx	lr
  72              		.cfi_endproc
  73              	.LFE280:
  75              		.section	.text.stStopAlarm,"ax",%progbits
  76              		.align	1
  77              		.global	stStopAlarm
  78              		.syntax unified
  79              		.thumb
  80              		.thumb_func
  81              		.fpu softvfp
  83              	stStopAlarm:
  84              	.LFB281:
  82:lib/chibios/os/hal/src/hal_st.c **** 
  83:lib/chibios/os/hal/src/hal_st.c **** /**
  84:lib/chibios/os/hal/src/hal_st.c ****  * @brief   Stops the alarm interrupt.
  85:lib/chibios/os/hal/src/hal_st.c ****  * @note    This functionality is only available in free running mode, the
  86:lib/chibios/os/hal/src/hal_st.c ****  *          behavior in periodic mode is undefined.
  87:lib/chibios/os/hal/src/hal_st.c ****  *
  88:lib/chibios/os/hal/src/hal_st.c ****  * @api
  89:lib/chibios/os/hal/src/hal_st.c ****  */
  90:lib/chibios/os/hal/src/hal_st.c **** void stStopAlarm(void) {
  85              		.loc 1 90 0
  86              		.cfi_startproc
  87              		@ args = 0, pretend = 0, frame = 0
  88              		@ frame_needed = 0, uses_anonymous_args = 0
  89              		@ link register save eliminated.
  90              	.LBB12:
  91              	.LBB13:
 158:./lib/chibios/os/hal/ports/STM32/LLD/TIMv1/hal_st_lld.h **** }
 159:./lib/chibios/os/hal/ports/STM32/LLD/TIMv1/hal_st_lld.h **** 
 160:./lib/chibios/os/hal/ports/STM32/LLD/TIMv1/hal_st_lld.h **** /**
 161:./lib/chibios/os/hal/ports/STM32/LLD/TIMv1/hal_st_lld.h ****  * @brief   Stops the alarm interrupt.
 162:./lib/chibios/os/hal/ports/STM32/LLD/TIMv1/hal_st_lld.h ****  *
 163:./lib/chibios/os/hal/ports/STM32/LLD/TIMv1/hal_st_lld.h ****  * @notapi
 164:./lib/chibios/os/hal/ports/STM32/LLD/TIMv1/hal_st_lld.h ****  */
 165:./lib/chibios/os/hal/ports/STM32/LLD/TIMv1/hal_st_lld.h **** static inline void st_lld_stop_alarm(void) {
 166:./lib/chibios/os/hal/ports/STM32/LLD/TIMv1/hal_st_lld.h **** 
 167:./lib/chibios/os/hal/ports/STM32/LLD/TIMv1/hal_st_lld.h ****   STM32_ST_TIM->DIER = 0;
  92              		.loc 2 167 0
  93 0000 4FF08043 		mov	r3, #1073741824
  94 0004 0022     		movs	r2, #0
  95 0006 DA60     		str	r2, [r3, #12]
  96              	.LBE13:
  97              	.LBE12:
  91:lib/chibios/os/hal/src/hal_st.c **** 
  92:lib/chibios/os/hal/src/hal_st.c ****   st_lld_stop_alarm();
  93:lib/chibios/os/hal/src/hal_st.c **** }
  98              		.loc 1 93 0
  99 0008 7047     		bx	lr
 100              		.cfi_endproc
 101              	.LFE281:
 103              		.section	.text.stSetAlarm,"ax",%progbits
 104              		.align	1
 105              		.global	stSetAlarm
 106              		.syntax unified
 107              		.thumb
 108              		.thumb_func
 109              		.fpu softvfp
 111              	stSetAlarm:
 112              	.LFB282:
  94:lib/chibios/os/hal/src/hal_st.c **** 
  95:lib/chibios/os/hal/src/hal_st.c **** /**
  96:lib/chibios/os/hal/src/hal_st.c ****  * @brief   Sets the alarm time.
  97:lib/chibios/os/hal/src/hal_st.c ****  * @note    This functionality is only available in free running mode, the
  98:lib/chibios/os/hal/src/hal_st.c ****  *          behavior in periodic mode is undefined.
  99:lib/chibios/os/hal/src/hal_st.c ****  *
 100:lib/chibios/os/hal/src/hal_st.c ****  * @param[in] abstime   the time to be set for the next alarm
 101:lib/chibios/os/hal/src/hal_st.c ****  *
 102:lib/chibios/os/hal/src/hal_st.c ****  * @api
 103:lib/chibios/os/hal/src/hal_st.c ****  */
 104:lib/chibios/os/hal/src/hal_st.c **** void stSetAlarm(systime_t abstime) {
 113              		.loc 1 104 0
 114              		.cfi_startproc
 115              		@ args = 0, pretend = 0, frame = 0
 116              		@ frame_needed = 0, uses_anonymous_args = 0
 117              		@ link register save eliminated.
 118              	.LVL3:
 119              	.LBB14:
 120              	.LBB15:
 168:./lib/chibios/os/hal/ports/STM32/LLD/TIMv1/hal_st_lld.h **** }
 169:./lib/chibios/os/hal/ports/STM32/LLD/TIMv1/hal_st_lld.h **** 
 170:./lib/chibios/os/hal/ports/STM32/LLD/TIMv1/hal_st_lld.h **** /**
 171:./lib/chibios/os/hal/ports/STM32/LLD/TIMv1/hal_st_lld.h ****  * @brief   Sets the alarm time.
 172:./lib/chibios/os/hal/ports/STM32/LLD/TIMv1/hal_st_lld.h ****  *
 173:./lib/chibios/os/hal/ports/STM32/LLD/TIMv1/hal_st_lld.h ****  * @param[in] time      the time to be set for the next alarm
 174:./lib/chibios/os/hal/ports/STM32/LLD/TIMv1/hal_st_lld.h ****  *
 175:./lib/chibios/os/hal/ports/STM32/LLD/TIMv1/hal_st_lld.h ****  * @notapi
 176:./lib/chibios/os/hal/ports/STM32/LLD/TIMv1/hal_st_lld.h ****  */
 177:./lib/chibios/os/hal/ports/STM32/LLD/TIMv1/hal_st_lld.h **** static inline void st_lld_set_alarm(systime_t time) {
 178:./lib/chibios/os/hal/ports/STM32/LLD/TIMv1/hal_st_lld.h **** 
 179:./lib/chibios/os/hal/ports/STM32/LLD/TIMv1/hal_st_lld.h ****   STM32_ST_TIM->CCR[0] = (uint32_t)time;
 121              		.loc 2 179 0
 122 0000 4FF08043 		mov	r3, #1073741824
 123 0004 5863     		str	r0, [r3, #52]
 124              	.LVL4:
 125              	.LBE15:
 126              	.LBE14:
 105:lib/chibios/os/hal/src/hal_st.c **** 
 106:lib/chibios/os/hal/src/hal_st.c ****   osalDbgAssert(stIsAlarmActive() != false, "not active");
 107:lib/chibios/os/hal/src/hal_st.c **** 
 108:lib/chibios/os/hal/src/hal_st.c ****   st_lld_set_alarm(abstime);
 109:lib/chibios/os/hal/src/hal_st.c **** }
 127              		.loc 1 109 0
 128 0006 7047     		bx	lr
 129              		.cfi_endproc
 130              	.LFE282:
 132              		.section	.text.stGetAlarm,"ax",%progbits
 133              		.align	1
 134              		.global	stGetAlarm
 135              		.syntax unified
 136              		.thumb
 137              		.thumb_func
 138              		.fpu softvfp
 140              	stGetAlarm:
 141              	.LFB283:
 110:lib/chibios/os/hal/src/hal_st.c **** 
 111:lib/chibios/os/hal/src/hal_st.c **** /**
 112:lib/chibios/os/hal/src/hal_st.c ****  * @brief   Returns the current alarm time.
 113:lib/chibios/os/hal/src/hal_st.c ****  * @note    This functionality is only available in free running mode, the
 114:lib/chibios/os/hal/src/hal_st.c ****  *          behavior in periodic mode is undefined.
 115:lib/chibios/os/hal/src/hal_st.c ****  *
 116:lib/chibios/os/hal/src/hal_st.c ****  * @return              The currently set alarm time.
 117:lib/chibios/os/hal/src/hal_st.c ****  *
 118:lib/chibios/os/hal/src/hal_st.c ****  * @api
 119:lib/chibios/os/hal/src/hal_st.c ****  */
 120:lib/chibios/os/hal/src/hal_st.c **** systime_t stGetAlarm(void) {
 142              		.loc 1 120 0
 143              		.cfi_startproc
 144              		@ args = 0, pretend = 0, frame = 0
 145              		@ frame_needed = 0, uses_anonymous_args = 0
 146              		@ link register save eliminated.
 147              	.LBB16:
 148              	.LBB17:
 180:./lib/chibios/os/hal/ports/STM32/LLD/TIMv1/hal_st_lld.h **** }
 181:./lib/chibios/os/hal/ports/STM32/LLD/TIMv1/hal_st_lld.h **** 
 182:./lib/chibios/os/hal/ports/STM32/LLD/TIMv1/hal_st_lld.h **** /**
 183:./lib/chibios/os/hal/ports/STM32/LLD/TIMv1/hal_st_lld.h ****  * @brief   Returns the current alarm time.
 184:./lib/chibios/os/hal/ports/STM32/LLD/TIMv1/hal_st_lld.h ****  *
 185:./lib/chibios/os/hal/ports/STM32/LLD/TIMv1/hal_st_lld.h ****  * @return              The currently set alarm time.
 186:./lib/chibios/os/hal/ports/STM32/LLD/TIMv1/hal_st_lld.h ****  *
 187:./lib/chibios/os/hal/ports/STM32/LLD/TIMv1/hal_st_lld.h ****  * @notapi
 188:./lib/chibios/os/hal/ports/STM32/LLD/TIMv1/hal_st_lld.h ****  */
 189:./lib/chibios/os/hal/ports/STM32/LLD/TIMv1/hal_st_lld.h **** static inline systime_t st_lld_get_alarm(void) {
 190:./lib/chibios/os/hal/ports/STM32/LLD/TIMv1/hal_st_lld.h **** 
 191:./lib/chibios/os/hal/ports/STM32/LLD/TIMv1/hal_st_lld.h ****   return (systime_t)STM32_ST_TIM->CCR[0];
 149              		.loc 2 191 0
 150 0000 4FF08043 		mov	r3, #1073741824
 151 0004 586B     		ldr	r0, [r3, #52]
 152              	.LBE17:
 153              	.LBE16:
 121:lib/chibios/os/hal/src/hal_st.c **** 
 122:lib/chibios/os/hal/src/hal_st.c ****   osalDbgAssert(stIsAlarmActive() != false, "not active");
 123:lib/chibios/os/hal/src/hal_st.c **** 
 124:lib/chibios/os/hal/src/hal_st.c ****   return st_lld_get_alarm();
 125:lib/chibios/os/hal/src/hal_st.c **** }
 154              		.loc 1 125 0
 155 0006 7047     		bx	lr
 156              		.cfi_endproc
 157              	.LFE283:
 159              		.text
 160              	.Letext0:
 161              		.file 3 "/usr/local/Cellar/gcc-arm-none-eabi/20180627/lib/gcc/arm-none-eabi/7.3.1/include/stddef.h
 162              		.file 4 "/usr/local/Cellar/gcc-arm-none-eabi/20180627/arm-none-eabi/include/machine/_default_types
 163              		.file 5 "/usr/local/Cellar/gcc-arm-none-eabi/20180627/arm-none-eabi/include/sys/_stdint.h"
 164              		.file 6 "./lib/chibios/os/common/ports/ARMCMx/compilers/GCC/chtypes.h"
 165              		.file 7 "./lib/chibios/os/rt/include/chsystypes.h"
 166              		.file 8 "./lib/chibios/os/rt/include/chschd.h"
 167              		.file 9 "./lib/chibios/os/common/ext/CMSIS/include/core_cm4.h"
 168              		.file 10 "./lib/chibios/os/common/ext/CMSIS/ST/STM32F3xx/system_stm32f3xx.h"
 169              		.file 11 "./lib/chibios/os/common/ext/CMSIS/ST/STM32F3xx/stm32f303xc.h"
 170              		.file 12 "./lib/chibios/os/common/ports/ARMCMx/chcore.h"
 171              		.file 13 "./lib/chibios/os/common/ports/ARMCMx/chcore_v7m.h"
 172              		.file 14 "./lib/chibios/os/hal/ports/STM32/LLD/TIMv1/stm32_tim.h"
 173              		.file 15 "./lib/chibios/os/rt/include/chtm.h"
 174              		.file 16 "./lib/chibios/os/rt/include/chsem.h"
 175              		.file 17 "./lib/chibios/os/rt/include/chmtx.h"
 176              		.file 18 "./lib/chibios/os/rt/include/chsys.h"
 177              		.file 19 "./lib/chibios/os/rt/include/chregistry.h"
 178              		.file 20 "./lib/chibios/os/common/oslib/include/chmemcore.h"
 179              		.file 21 "./lib/chibios/os/hal/ports/STM32/LLD/DMAv1/stm32_dma.h"
 180              		.file 22 "./lib/chibios/os/hal/ports/STM32/LLD/GPIOv2/hal_pal_lld.h"
 181              		.file 23 "./lib/chibios/os/hal/include/hal_dac.h"
 182              		.file 24 "./lib/chibios/os/hal/ports/STM32/LLD/DACv1/hal_dac_lld.h"
 183              		.file 25 "./lib/chibios/os/hal/include/hal_gpt.h"
 184              		.file 26 "./lib/chibios/os/hal/ports/STM32/LLD/TIMv1/hal_gpt_lld.h"
 185              		.file 27 "./lib/chibios/os/hal/include/hal_i2c.h"
 186              		.file 28 "./lib/chibios/os/hal/ports/STM32/LLD/I2Cv2/hal_i2c_lld.h"
 187              		.file 29 "./lib/chibios/os/hal/include/hal_pwm.h"
 188              		.file 30 "./lib/chibios/os/hal/ports/STM32/LLD/TIMv1/hal_pwm_lld.h"
 189              		.file 31 "./lib/chibios/os/hal/include/hal_usb.h"
 190              		.file 32 "./lib/chibios/os/hal/ports/STM32/LLD/USBv1/hal_usb_lld.h"
DEFINED SYMBOLS
                            *ABS*:0000000000000000 hal_st.c
/var/tmp//cckyDQrO.s:16     .text.stInit:0000000000000000 $t
/var/tmp//cckyDQrO.s:23     .text.stInit:0000000000000000 stInit
/var/tmp//cckyDQrO.s:38     .text.stStartAlarm:0000000000000000 $t
/var/tmp//cckyDQrO.s:45     .text.stStartAlarm:0000000000000000 stStartAlarm
/var/tmp//cckyDQrO.s:76     .text.stStopAlarm:0000000000000000 $t
/var/tmp//cckyDQrO.s:83     .text.stStopAlarm:0000000000000000 stStopAlarm
/var/tmp//cckyDQrO.s:104    .text.stSetAlarm:0000000000000000 $t
/var/tmp//cckyDQrO.s:111    .text.stSetAlarm:0000000000000000 stSetAlarm
/var/tmp//cckyDQrO.s:133    .text.stGetAlarm:0000000000000000 $t
/var/tmp//cckyDQrO.s:140    .text.stGetAlarm:0000000000000000 stGetAlarm

UNDEFINED SYMBOLS
st_lld_init
