   1               		.file	"keycode_config.c"
   2               	__SP_H__ = 0x3e
   3               	__SP_L__ = 0x3d
   4               	__SREG__ = 0x3f
   5               	__tmp_reg__ = 0
   6               	__zero_reg__ = 1
   7               		.section	.gnu.lto_.profile.cb4c68893bb692e1,"",@progbits
   8 0000 789C 6363 		.string	"x\234cc```\003bF\206~\306\205\214"
   8      6060 6003 
   8      6246 867E 
   8      C685 8C00 
   9 0010 0426 0140 		.ascii	"\004&\001@"
  10               		.text
  11               		.section	.gnu.lto_.icf.cb4c68893bb692e1,"",@progbits
  12 0000 789C 6363 		.string	"x\234cc``\340c@"
  12      6060 E063 
  12      4000 
  13 000a 2686 23AB 		.string	"&\206#\253\236nbf\372\335\177}\016\023\003"
  13      9E6E 6266 
  13      FADD 7F7D 
  13      0E13 0300 
  14 001a 3013 0620 		.ascii	"0\023\006 "
  15               		.text
  16               		.section	.gnu.lto_.jmpfuncs.cb4c68893bb692e1,"",@progbits
  17 0000 789C 6363 		.string	"x\234cc``\020b@"
  17      6060 1062 
  17      4000 
  18 000a 2606 4646 		.string	"&\006FF\306\3729\314\fL\020\232\221\001"
  18      C6FA 39CC 
  18      0C4C 109A 
  18      9101 00
  19 0019 165C 0260 		.ascii	"\026\\\002`"
  20               		.text
  21               		.section	.gnu.lto_.inline.cb4c68893bb692e1,"",@progbits
  22 0000 789C 6363 		.string	"x\234cc``\230\312\310"
  22      6060 98CA 
  22      C800 
  23 000a 074C 0C0C 		.string	"\007L\f\f/\030x\031y\031\004\262\24603\256\231z\214\245\233y\0163\003\243&\343fF\031\006\
  23      2F18 7819 
  23      7919 04B2 
  23      A630 33AE 
  23      997A 8CA5 
  24 00d9 2CC2 0116 		.string	",\302\001\026a\001\263\231\0308f\260\036`\004\221\n B"
  24      6101 B399 
  24      1838 66B0 
  24      1E60 0491 
  24      0A20 4200 
  25 00ed 4470 8008 		.string	"Dp\200\b\026H\250\333*0\002e\201f3'\314Y\310\314\300\266"
  25      1648 A8DB 
  25      2A30 0265 
  25      8166 3327 
  25      CC59 C8CC 
  26 0104 68BA C81D 		.string	"h\272\310\035}\260,\003"
  26      7DB0 2C03 
  26      00
  27 010d F976 63BB 		.ascii	"\371vc\273"
  28               		.text
  29               		.section	.gnu.lto_.pureconst.cb4c68893bb692e1,"",@progbits
  30 0000 789C 6363 		.string	"x\234cc```\005b&\006\026&\026"
  30      6060 6005 
  30      6226 0616 
  30      2616 00
  31 000f 00        		.string	""
  32 0010 A600      		.string	"\246"
  33 0012 18        		.ascii	"\030"
  34               		.text
  35               		.section	.gnu.lto_keycode_config.cb4c68893bb692e1,"",@progbits
  36 0000 789C 8D57 		.string	"x\234\215W[sS\327\025\336\373\034]\216\356\362M\226lY\222e\030\232<\204d:y\350/\350s;}\35
  36      5B73 53D7 
  36      15DE FB1C 
  36      5D8E EEF2 
  36      4D96 6C59 
  37 0059 D3B5 F6C5 		.string	"\323\265\366\305\332=\232\234\221\037>i\257\275\276}\326\367\255\275\217\274]\204\220}\34
  37      DA3D 9A9C 
  37      911F 3E69 
  37      AFBD BE7D 
  37      D6F7 ADBD 
  38 00b0 A708 BB58 		.ascii	"\247\b\273X\330\245\271\361\323\313b~\267\226f#\203\215\fI\361"
  38      D8A5 B9F1 
  38      D3CB 627E 
  38      B796 6623 
  38      838D 0C49 
  39 00c5 685E 25C9 		.ascii	"h^%\311+\222|l\344\223I~\261n\200\255\033\020\243 \033\005\005"
  39      2B92 7C6C 
  39      E493 497E 
  39      B16E 80AD 
  39      1B10 A320 
  40 00dc 25C4 2821 		.ascii	"%\304(!I\tke\312\272e\"\251\234\215\312eR\205V\251$U\212\244"
  40      4909 6B65 
  40      CABA 6522 
  40      A99C 8DCA 
  40      6552 8556 
  41 00f5 2A36 AA92 		.ascii	"*6\252\222I\021\361\270j\366\270j1\212\262QTPb\214\022\223\224"
  41      4911 F1B8 
  41      6AF6 B86A 
  41      318A B251 
  41      5450 628C 
  42 010c 1A2D DDBA 		.ascii	"\032-\335\272\004\302\265\210\376Z\031\216\213p\035\013\327\311"
  42      04C2 B588 
  42      FE5A 198E 
  42      8B70 1D0B 
  42      D7C9 
  43 011e 7042 8493 		.ascii	"pB\204\223,\234\224\341\224\b\327\263p\275\f\247)\305/\246A\311"
  43      2C9C 94E1 
  43      9408 D7B3 
  43      70BD 0CA7 
  43      29C5 2FA6 
  44 0134 0A4D 7738 		.ascii	"\nMw8]n\303\343\365\371\003\301P\270\254\274\242\262*R\035\215"
  44      5D6E C3E3 
  44      F5F9 03C1 
  44      50B8 ACBC 
  44      A2B2 2A52 
  45 014a D5D4 C6EB 		.ascii	"\325\324\306\353\022\311T}\232\256\240\355\372&\235\236y1\227"
  45      12C9 547D 
  45      9AAE A0ED 
  45      FA26 9D9E 
  45      7931 97
  46 015d 0DAD D57B 		.ascii	"\r\255\325{t\330\0130\274x\367\263m>\034R\032\206\341\207s\207"
  46      74D8 0B30 
  46      BC78 F7B3 
  46      6D3E 1C52 
  46      1A86 E187 
  47 0173 2E3B 5EFA 		.ascii	".;^\372\3004W\232\331\356\331\237]0WE{t\215tAv\037\215\323C4"
  47      C034 579A 
  47      D9EE D99F 
  47      5D30 5745 
  47      7B74 8D74 
  48 018e 0E5B 891E 		.ascii	"\016[\211\036\246/An\377\205\215{\034z\234\022\370~\264\265\353"
  48      A62F 416E 
  48      FF85 8D7B 
  48      1C7A 9C12 
  48      F87E B4B5 
  49 01a3 6160 C9FB 		.ascii	"a`\311\373\214w\3517\246\037H\364\b\325U\036\256C\373\351\022"
  49      8C77 E937 
  49      A61F 48F4 
  49      08D5 551E 
  49      AE43 FBE9 
  50 01b8 4C9F 3830 		.ascii	"L\23780\2779\340r\340\272\260\334\177\250\213P\334\253\027\235"
  50      BF39 E072 
  50      E0BA B0DC 
  50      7FA8 8B50 
  50      DCAB 179D 
  51 01cc 5973 FEC5 		.ascii	"Ys\376\305j3{\345}z\371\227K(p\200\004\240#8\020\234\b.\0047"
  51      6A33 7BE5 
  51      7D7A F997 
  51      4B28 7080 
  51      04A0 2338 
  52 01e6 8281 E041 		.ascii	"\202\201\340A\360\"\370\020\374\b\001\204 B\b!\214P\206P\216"
  52      F022 F810 
  52      FC08 0184 
  52      2042 0821 
  52      8C50 8650 
  53 01fb 5081 5089 		.ascii	"P\201P\211P\205\020A\250F\210\"\304\020j\020j\021\260t\275\016"
  53      5085 1041 
  53      A846 8822 
  53      C410 6A10 
  53      6A11 B074 
  54 0211 2181 9044 		.ascii	"!\201\220DH!\324#\244\021\032\020\026\241\304\305\224i$\255\240"
  54      4821 D423 
  54      A411 1A10 
  54      16A1 C4C5 
  54      9469 24AD 
  55 0226 0C9A 6366 		.ascii	"\f\232cfI\033H\200oMY2E\267\233\263\333\234\2507\243/\006\033"
  55      491B 4880 
  55      6F4D 5932 
  55      45B7 9BB3 
  55      DB9C A837 
  56 023e F67E F9EE 		.ascii	"\366~\371\3564\335@\32776\233f\357\213u\261\036\320H\272\321"
  56      34DD 40D7 
  56      3736 9B66 
  56      EF8B 75B1 
  56      1ED0 48BA 
  57 0253 1342 0760 		.ascii	"\023B\007`\002\033\262\371c\007\266Gc\226\177\335\262v\314!\t"
  57      021B B2F9 
  57      6307 B647 
  57      6396 7FDD 
  57      B276 CC21 
  58 0268 3B82 904F 		.ascii	";\202\220O\007\301\332n\035\355\243G9\245\371\243\221\266\020"
  58      07C1 DA6E 
  58      1DED A347 
  58      39A5 F9A3 
  58      91B6 10
  59 027b E7BC 0CC3 		.ascii	"\347\274\f\303\241\2553W}\2223\3058"
  59      A1AD 3357 
  59      7D92 33C5 
  59      38
  60 0288 C718 4743 		.string	"\307\030GC\316q\316\331\331\376t\330\3079\257\341s\036\f<qI\316a\3069\3018\254_'9\307\354
  60      CE71 CED9 
  60      D9FE 74D8 
  60      C739 AFE1 
  60      731E 0C3C 
  61 0389 24F8 6C83 		.ascii	"$\370l\203.\017\271`\277\336\244\215\320\026\334\256\350\356"
  61      2E0F B960 
  61      BFDE A48D 
  61      D016 DCAE 
  61      E8EE 
  62 039b 2DBA F2D8 		.ascii	"-\272\362\330\324\211\034\345\333\027W\313\034\235=\347\344\257"
  62      D489 1CE5 
  62      DB17 57CB 
  62      1C9D 3DE7 
  62      E4AF 
  63 03ad 1203 865D 		.ascii	"\022\003\206]\253\206?w\343\320\311^\t\003\003w\306\334+\236"
  63      AB86 3F77 
  63      E3D0 C95E 
  63      0903 0377 
  63      C6DC 2B9E 
  64 03c1 9B06 047A 		.ascii	"\233\006\004z\341Pb\254\257\351\336\206`/\335\016ms\321K\360"
  64      E150 62AC 
  64      AFE9 DE86 
  64      602F DD0E 
  64      6D73 D14B 
  65 03d6 4AFA 125F 		.ascii	"J\372\022_(01\372ph\223\361\352G&\374\245\340(\321\313\264\227"
  65      2830 31FA 
  65      7068 93F1 
  65      EA47 26FC 
  65      A5E0 28D1 
  66 03ed D28B F0E6 		.ascii	"\322\213\360\346x\r\346\351W\364Ux|\323\263\026\361p\215?\177"
  66      780D E6E9 
  66      57F4 5578 
  66      7CD3 B316 
  66      F170 8D3F 
  67 0402 F8FE FE0F 		.ascii	"\370\376\376\017\374\370@\235\302\226\205\225~\240\315c\247N"
  67      FCF8 409D 
  67      C296 8595 
  67      7EA0 CD63 
  67      A74E 
  68 0414 6B22 0932 		.ascii	"k\"\t2\366\335\031x\022\340\031\204~\303^^x4\035\344\244\243"
  68      F6DD 1978 
  68      12E0 1984 
  68      7EC3 5E5E 
  68      7834 1DE4 
  69 042a 094F A6B3 		.ascii	"\tO\246\263 t\3179\241\324\305\225\216\374\232/\243\227\"\345"
  69      2074 CF39 
  69      A1D4 C595 
  69      8EFC 9A2F 
  69      A397 22E5 
  70 043e BF8A 9423 		.ascii	"\277\212\224#g\257<5\226\356E)\275y\230u\323\034\210\331\314"
  70      67AF 3C35 
  70      96EE 4529 
  70      BD79 9875 
  70      D31C 88D9 
  71 0453 4E35 4C1F 		.ascii	"N5L\037<|\240S\343J{\377E\261\2621\272\264 \365\212E\252\203"
  71      3C7C A053 
  71      E34A 7BFF 
  71      45B1 B231 
  71      BAB4 20F5 
  72 046b 57D0 77FA 		.ascii	"W\320w\372l\213\301\205P\372\255U\252cA[\033\224\317\2641\r\347"
  72      6C8B C185 
  72      50FA AD55 
  72      AA63 415B 
  72      1B94 CFB4 
  73 0482 8506 6729 		.ascii	"\205\006g)\032\256\332j\370\316^\303\270\320\360s\324\360\275"
  73      1AAE DA6A 
  73      F8CE 5EC3 
  73      B8D0 F073 
  73      D4F0 BD
  74 0495 4503 5650 		.ascii	"E\003VP\\\264K)\332M:tV4\220\236\357\362\361\0047\227\276\360"
  74      5CB4 4B29 
  74      DA4D 3A74 
  74      5634 909E 
  74      EFF2 F104 
  75 04ad 0BA5 D330 		.ascii	"\013\245\3230\034L\261\3125\261\212[i\253A\236\022\326VO\241"
  75      1C4C B1CA 
  75      35B1 8A5B 
  75      69AB 419E 
  75      12D6 564F 
  76 04c2 AD73 B2AD 		.ascii	"\255s\262\255nn\311Ua\211Q\212%\223\266\226\\\263\267\344\007"
  76      6E6E C955 
  76      6189 518A 
  76      2593 B696 
  76      5CB3 B7E4 
  77 04d7 B5AD D72D 		.ascii	"\265\255\327-\226xx\005\027\232\367\367\350\\\233\003N\250\305"
  77      9678 7805 
  77      179A F7F7 
  77      E85C 9B03 
  77      4EA8 C5
  78 04ea 218F E290 		.ascii	"!\217\342\220W\266\025\035\332#\034\362\302*\305\226x\025K|\344"
  78      57B6 151D 
  78      DA23 1CF2 
  78      C22A C596 
  78      7815 4B7C 
  79 04ff 2065 96F8 		.ascii	" e\226\370\013\226\364\217\bK\fn\311\264\260\304W\212%7m-\231"
  79      0B96 F48F 
  79      084B 0C6E 
  79      C9B4 B0C4 
  79      578A 2537 
  80 0516 B2B7 E496 		.ascii	"\262\267\344\226j\311m\213%~\250\240\330\003\277\342A@\331\332"
  80      6AC9 6D8B 
  80      257E A8A0 
  80      D803 BFE2 
  80      4140 D9DA 
  81 052a 4F44 D181 		.ascii	"OD\321\201R\212\276c[\364\217\366EO\253[{\306Rt\020*(\336\332"
  81      528A BE63 
  81      5BF4 8FF6 
  81      454F AB5B 
  81      7BC6 5274 
  82 0543 41A5 E8A0 		.ascii	"A\245\350\240\262\265G\367yyB\b\265NXi!\245q!\271\227\303\205"
  82      B2B5 47F7 
  82      7979 4208 
  82      B54E 5869 
  82      21A5 7121 
  83 055b C6ED 6C8F 		.ascii	"\306\355l\217\361\306y\270\007m;\305r\341RL\270kk\302={\023\356"
  83      F1C6 79B8 
  83      076D 3BC5 
  83      72E1 524C 
  83      B86B 6BC2 
  84 0573 AB26 3CB0 		.ascii	"\253&<\260\230P\306+X\370\317R\247\032\235\265\212+S<)S\032\271"
  84      9850 C62B 
  84      58F8 CF52 
  84      A71A 9DB5 
  84      8A2B 533C 
  85 058b 66A7 D8CC 		.ascii	"f\247\330\314\345\245\210x\370\023\"vk(\342\321O\2118\302D\314"
  85      E5A5 8878 
  85      F813 2276 
  85      6B28 E2D1 
  85      4F89 38C2 
  86 05a1 A9DB EFB1 		.ascii	"\251\333\357\261ED\005TP|\226*\224\226\224\313\263TQh\311\244"
  86      4544 0554 
  86      507C 962A 
  86      9496 94CB 
  86      B354 5168 
  87 05b7 6C89 97AB 		.ascii	"l\211\227\253\331\"[RY\212\232'\266-\311\333\267\344\251\252"
  87      D922 5B52 
  87      598A 9A27 
  87      B62D C9DB 
  87      B7E4 A9AA 
  88 05cb E699 454D 		.ascii	"\346\231EM\025\257`\341\027Z\247\006}nmI\225\322\222J\345\375"
  88      15AF 60E1 
  88      175A A706 
  88      7D6E 6D49 
  88      95D2 924A 
  89 05e1 B2F7 509F 		.ascii	"\262\367P\237X&\002\313\024\233\022QL\251\222\246D\224}\332!"
  89      5826 02CB 
  89      149B 1251 
  89      4CA9 92A6 
  89      4494 7DDA 
  90 05f6 4CF1 7153 		.ascii	"L\361qSvIS\252K1e\336\326\224\027\366\246\230\232bJ\243\366\377"
  90      7649 53AA 
  90      4B31 65DE 
  90      D694 17F6 
  90      A698 9A62 
  91 060e A644 A182 		.ascii	"\246D\241\202b\027\242\212\013\325\312\306\374PV\035+\245\352"
  91      6217 A28A 
  91      0BD5 CAC6 
  91      FC50 561D 
  91      2BA5 EA
  92 0621 959A 5DD5 		.ascii	"\225\232]\325M\232m\325\315\232r\272VY\252\256\201\n\212\217"
  92      4D9A 6DD5 
  92      CD9A 72BA 
  92      5659 AAAE 
  92      810A 8A8F 
  93 0635 538D 5275 		.ascii	"S\215RuT\375\365<\374\236\340\325\242\332\242wL\255\322\273\230"
  93      54FD F53C 
  93      FC9E E0D5 
  93      A2DA A277 
  93      4CAD D2BB 
  94 064a 7CC7 D414 		.ascii	"|\307\324\024z7#{\347\340.\034\223.\304Kq\241\305\326\205\325"
  94      7A37 237B 
  94      E7E0 2E1C 
  94      932E C44B 
  94      71A1 C5D6 
  95 0660 F62E B4AA 		.ascii	"\366.\264\252\275k\263\270P\307+\2707\232\231\f\362\r\235\242"
  95      BD6B B3B8 
  95      50C7 2BB8 
  95      379A 990C 
  95      F20D 9DA2 
  96 0674 6B34 8BB8 		.ascii	"k4\213\270:E\\-\331\2413qqec\256\023\342(\027\367\251\024\227"
  96      3A45 5C2D 
  96      D9A1 3371 
  96      7165 63AE 
  96      13E2 2817 
  97 068c 2845 DC5A 		.ascii	"(E\334Z[q\355\366\342:Tq\353,\342\222PA\261\232\244\242\246N"
  97      5B71 EDF6 
  97      E23A 5471 
  97      EB2C E292 
  97      5041 B19A 
  98 06a4 AA49 28BF 		.ascii	"\252I(\277\343R\215.\376\333\223jR\245\250\351\264U\263\336^"
  98      E352 8D2E 
  98      FEDB 936A 
  98      52A5 A8E9 
  98      B455 B3DE 
  99 06b9 CD3F 5435 		.ascii	"\315?T5\033,j\352y\005\375\323{\372\305\377\336YB7Z\325\325+"
  99      1B2C 6AEA 
  99      7905 FDD3 
  99      7BFA C5FF 
  99      DE59 4237 
 100 06d1 EA92 525D 		.ascii	"\352\222R]\252\240\356\266T\247qucR]\272\024u\233l\325m\266W"
 100      AAA0 EEB6 
 100      54A7 7175 
 100      6352 5DBA 
 100      1475 9B6C 
 101 06e9 D7A5 AAEB 		.ascii	"\327\245\252\353\266\250k\200\n\212\3254(j\352\245\2324ig\367"
 101      B6A8 6B80 
 101      0A8A D534 
 101      286A EAA5 
 101      9A34 6967 
 102 06fe FE9B 94B2 		.ascii	"\376\233\224\262[\3754\325HF_\004I\217\350\"\274\200\352\371"
 102      5BFD 34D5 
 102      4846 5F04 
 102      498F E822 
 102      BC80 EAF9 
 103 0712 CE78 465F 		.ascii	"\316xF_\354\030\334\020\301\233\2573\2631\256\336\2434\270\264"
 103      EC18 DC10 
 103      C19B AF33 
 103      B331 AEDE 
 103      A334 B8B4 
 104 0726 FC53 8BBB 		.ascii	"\374S\213\2733]\t\274D\032\271\2568\262\\\231\356\b\306\275\231"
 104      335D 09BC 
 104      441A B9AE 
 104      38B2 5C99 
 104      EE08 C6BD 
 105 073b 0C8B FB72 		.ascii	"\f\213\373r\2318\336L=\231\255\021\374\364\347\267\262\274\300"
 105      9938 DE4C 
 105      3D99 AD11 
 105      FCF4 E7B7 
 105      B2BC C0
 106 074e B904 A605 		.ascii	"\271\004\246\005w'1+\224\177\227\261\312\362\023\343:\336\372"
 106      7727 312B 
 106      947F 97B1 
 106      CAF2 13E3 
 106      3ADE FA
 107 0761 CA07 27B3 		.ascii	"\312\007'\263:^4\303\371\311q\r\247*\363\327\371T\325\340\r\230"
 107      3A5E 34C3 
 107      F9C9 710D 
 107      A72A F3D7 
 107      F954 D5E0 
 108 0777 82EB 6445 		.ascii	"\202\353dE\376\006L\301\227H\356\026O\256\336\375\026\246F\327"
 108      FE06 4CC1 
 108      9748 EE16 
 108      4FAE DEFD 
 108      16A6 46D7 
 109 078b 2CC7 C458 		.ascii	",\307\304Xn\032\346\007i\274fp\006\346\341\306_\233\237\201\b"
 109      6E1A E607 
 109      69BC 6670 
 109      06E6 E1C6 
 109      5F9B 9F81 
 110 07a0 7C89 E7EE 		.ascii	"|\211\347\356C\004\246\3522\017 r\214\306\023\371\007\0209A\343"
 110      4304 A6EA 
 110      320F 2072 
 110      8CC6 13F9 
 110      0710 3941 
 111 07b5 C9C1 4710 		.ascii	"\311\301G\020\201/\251\314\034D`\252>77\016\227\272\305\332\232"
 111      812F A9CC 
 111      1C44 60AA 
 111      3E37 370E 
 111      97BA C5DA 
 112 07ca BF83 8114 		.ascii	"\277\203\201\024}\323"
 112      7DD3 
 113 07d0 0889 FDE5 		.ascii	"\b\211\375\345\235\337/\377\353;\177^\372\326\233\177[\366\366"
 113      9DDF 2FFF 
 113      EB3B 7F5E 
 113      FAD6 9B7F 
 113      5BF6 F6
 114 07e3 1B6F FE6E 		.ascii	"\033o\376n\331\333\313\377\360\247?\276\262\214\270E\344\177"
 114      D9DB CBFF 
 114      F0A7 3FBE 
 114      B28C B845 
 114      E47F 
 115 07f5 082F 4B9A 		.ascii	"\b/K\232"
 116               		.text
 117               		.section	.gnu.lto_mod_config.cb4c68893bb692e1,"",@progbits
 118 0000 789C 8D56 		.string	"x\234\215VKlTe\024\376\317\2753s\357\314\334y?[\246\017(m\205\205`\330\260s\341\322\225\0
 118      4B6C 5465 
 118      14FE CFBD 
 118      3373 EFCC 
 118      DC79 3F5B 
 119 0029 3191 852B 		.ascii	"1\221\205+\306\026J\021\tDi\205B\245\221\026\241\n\b\024\260"
 119      C616 4A11 
 119      0944 6985 
 119      42A5 9116 
 119      A10A 0814 
 120 003e 85CA 485B 		.ascii	"\205\312H[Z*\257BJ\t(\030\204\032\020\252D\344!\245x\376s\356"
 120      5A2A AF42 
 120      4A09 2818 
 120      841A 10AA 
 120      44E4 21A5 
 121 0056 EDCC F412 		.ascii	"\355\314\364\022\342,\276\316\177\356y|\377\371\316\271\035\227"
 121      E22C BECE 
 121      7FEE 797C 
 121      FFF9 CEB9 
 121      1D97 
 122 0068 10E2 558F 		.string	"\020\342U\217\020%\370w.\b\001\005\002\224u\247\204\370XW\024\265\256R\244=\232DCU\034\37
 122      1025 F877 
 122      2E08 0105 
 122      0294 75A7 
 122      84F8 5857 
 123 0169 2E81 AA89 		.string	".\201\252\211\335g\235\231\364\370\223\225\351\314\211\026\330\364\362s\2001\240HP%8$8%\2
 123      DD67 9D99 
 123      F4F8 9395 
 123      E9CC 8916 
 123      D8F4 F273 
 124 025e 0EE8 C242 		.string	"\016\350\302B\327a\371\245\356\036\313\t=v\337\352x\350c\017\001?H*\370Y\245\252\242\256\
 124      D761 F9A5 
 124      EE1E CB09 
 124      3D76 DFEA 
 124      78E8 630F 
 125 0309 DD36 0E01 		.string	"\3356\016\001fZ\377\nG\005\321BM\310\367\nR!\315\034\252\021\\\036\266\353\\\365\344\340|
 125      665A FF0A 
 125      4705 D142 
 125      4DC8 F70A 
 125      5221 CD1C 
 126 03f6 39B3 03E4 		.string	"9\263\003\344\306\026i\330\343\270\373\337\255\307q\200t\017\036\242\336\201mr\200|\371\0
 126      C616 69D8 
 126      E3B8 FBDF 
 126      ADC7 7180 
 126      740F 1EA2 
 127 048a 6BA4 C0E9 		.string	"k\244\300\351\311\032\271\262\032y\220\244\201\227.\3647\266I\215\334\001<$\2037\333\244F
 127      C91A B9B2 
 127      1A79 90A4 
 127      8197 2EF4 
 127      37B6 498D 
 128 0587 FEC4 0119 		.ascii	"\376\304\001\031\247\bQ\360\301\322w\026\177\270t\321\254\367"
 128      A708 51F0 
 128      C1D2 7716 
 128      7FB8 74D1 
 128      ACF7 
 129 0599 177C 54B5 		.ascii	"\027|T\265d\376\202\267\253\226,^\370\336\273\317W\tu\321\222"
 129      64FE 82B7 
 129      AB96 2C5E 
 129      F8DE BBCF 
 129      5709 75D1 
 130 05ae F9FF 0161 		.ascii	"\371\377\001a5@*"
 130      3540 2A
 131               		.text
 132               		.section	.gnu.lto_.symbol_nodes.cb4c68893bb692e1,"",@progbits
 133 0000 789C 6363 		.string	"x\234cc``\320\006b\006&\206z\006\206\t\347\030@\324\256\006G\006\006V&\006\005\2208c=#\21
 133      6060 D006 
 133      6206 2686 
 133      7A06 8609 
 133      E718 40D4 
 134 0026 B3F5 080D 		.ascii	"\263\365\b\r"
 135               		.text
 136               		.section	.gnu.lto_.refs.cb4c68893bb692e1,"",@progbits
 137 0000 789C 15C9 		.ascii	"x\234\025\311\241\n\2000\024@\321{'8X\231I0\t\013\246\201\311"
 137      A10A 8030 
 137      1440 D17B 
 137      2738 5899 
 137      4930 090B 
 138 0017 F082 1FBF 		.ascii	"\360\202\037\277?\233\206\223\316\n\304\247\202\013f,\270\341"
 138      3F9B 8693 
 138      CE0A C4A7 
 138      820B 662C 
 138      B8E1 
 139 0029 8E07 9ED8 		.ascii	"\216\007\236\330\360\302\2167>\030\370\342 %\364\337\tK\357\003"
 139      F0C2 8E37 
 139      3E18 F8E2 
 139      2025 F4DF 
 139      094B EF03 
 140 003d 08        		.ascii	"\b"
 141               		.text
 142               		.section	.gnu.lto_.decls.cb4c68893bb692e1,"",@progbits
 143 0000 789C 7D96 		.ascii	"x\234}\226]PSG\024\307\357\271\033 D\002\016\322\016\266\351"
 143      5D50 5347 
 143      14C7 EFB9 
 143      1B20 4402 
 143      0ED2 0EB6 
 144 0015 C768 9CC9 		.ascii	"\307h\234\311CK\320\266Z\247/V\333\351[_:>\370\024\323\220\""
 144      434B D0B6 
 144      5AA7 2F56 
 144      DBE9 5B5F 
 144      3A3E F814 
 145 002c 4320      		.ascii	"C "
 146 002e 3604 6D67 		.string	"6\004mg\372pQR\030\265V\004\031\006mEQ\013~b\375(`\305\220\022\252\200\n\210\242\240\242H
 146      FA70 5152 
 146      18B5 5604 
 146      1906 6D45 
 146      510B 7E62 
 147 012f 55A0 834A 		.string	"U\240\203J\320\tp\001\f\264\364yH\020\340,\006\317`\360\b-\347\036\334\263\250\333%I\"T\2
 147      D009 7001 
 147      0CB4 F479 
 147      4810 E02C 
 147      06CF 60F0 
 148 017a 8386 271F 		.string	"\203\206'\037z\013\007\004n\314\\\343\313\254\243\231\231Jw\211DP\345{:HD\215\227P\243N\3
 148      7A0B 0704 
 148      6ECC 5CE3 
 148      CBAC A399 
 148      994A 7789 
 149 01b2 F906 CCB8 		.string	"\371\006\314\270\017\314\305;\347\224\020\310\230\240<\313\024\217\213J:\366\007\202\234m
 149      0FCC C53B 
 149      E794 10C8 
 149      98A0 3CCB 
 149      148F 8B4A 
 150 0289 97E1 AA7D 		.string	"\227\341\252}rT$\247\270s\325{\243(\202\234a\216\252{|\240\235@\244\016pA\201!\207\255:i\
 150      7254 24A7 
 150      B873 D57B 
 150      A328 829C 
 150      618E AA7B 
 151 0379 96F1 1935 		.string	"\226\361\0315\352Xt"
 151      EA58 7400 
 152 0381 F4D0 0EF4 		.string	"\364\320\016\364\f\345}<\2376\177\303\032Z\002\361D\037\276\214\322yt\242\233\245,\211n\0
 152      0CE5 7D3C 
 152      9F36 7FC3 
 152      1A5A 02F1 
 152      441F BE8C 
 153 03a1 1358 0F5C 		.ascii	"\023X\017\\\r\360\017\276\257\307\310\376\205\326\213\326\217"
 153      0DF0 0FBE 
 153      AFC7 C8FE 
 153      85D6 8BD6 
 153      8F
 154 03b2 D683 F610 		.ascii	"\326\203\366\020\355o\264>\264'h\335\240g/\210\027\357\370D."
 154      ED6F B43E 
 154      B427 68DD 
 154      A067 2F88 
 154      17EF F844 
 155 03c7 DE11 52EB 		.ascii	"\336\021R\353\035\177\255\n\336\025\022_\346\243\033\024\372"
 155      1D7F AD0A 
 155      DE15 125F 
 155      E6A3 1B14 
 155      FA
 156 03d8 7E48 FA9E 		.ascii	"~H\372\236_\362!\005o\013\211\337\360\303'\327\310\370\203\220"
 156      5FF2 2105 
 156      6F0B 89DF 
 156      F0C3 27D7 
 156      C8F8 8390 
 157 03ec F852 1FDD 		.ascii	"\370R\037\335\257$\277\025\222\276\351\227\274U\301\357\206\304"
 157      AF24 BF15 
 157      92BE E997 
 157      BC55 C1EF 
 157      86C4 
 158 03fe 3B19 CECF 		.ascii	";\031\316\317\363\321/\350y\216\234 \357L\337\f\277\350!\331"
 158      F3D1 2FE8 
 158      798E 9C20 
 158      EF4C DF0C 
 158      BFE8 21D9 
 159 0412 D2B6 18D6 		.ascii	"\322\266\030\326\2555\344\033V\224b\256kk]Rn\f\375\3160v\356"
 159      AD35 E41B 
 159      5694 62AE 
 159      6B6B 5D52 
 159      6E0C FDCE 
 160 0429 5365 A46F 		.ascii	"Se\244o\233q\270}w5\024\224D\340\n4\304\361N\206\242x^\376_\210"
 160      9B71 B87D 
 160      7735 1494 
 160      44E0 0A34 
 160      C4F1 4E86 
 161 0443 7B59 17AE 		.ascii	"{Y\027\256\345\351#\342\222\334\265\374\004lD1!h>\250\336|BG"
 161      E5E9 23E2 
 161      92DC B5FC 
 161      046C 4431 
 161      2168 3EA8 
 162 045b 858C FFA8 		.ascii	"\205\214\377\250v\277|\031\322Lt\031>\303e8\210\003z*/3\334:"
 162      76BF 7C19 
 162      D24C 7419 
 162      3EC3 6538 
 162      8803 7A2A 
 163 0473 5D85 BB27 		.ascii	"]\205\273'\265d\200m\035\261|\327\363\303Z0\304\361\022\267>"
 163      B564 806D 
 163      1DB1 7CD7 
 163      F3C3 5A30 
 163      C4F1 12B7 
 164 0488 A015 86B1 		.ascii	"\240\025\206\261\357\220\357P\243\005C\324\201\347\230\376\177"
 164      EF90 EF50 
 164      A305 43D4 
 164      81E7 98FE 
 164      7F
 165 0499 4A1D 6F39 		.ascii	"J\035o9X\257ZR*\225H\364\370~g\313/Y\356\nL@\0134\360\002~\222"
 165      58AF 5A52 
 165      2A95 48F4 
 165      F87E 67CB 
 165      2F59 EE0A 
 166 04b5 1BE8 6905 		.ascii	"\033\350i\005#\260\204\036\n?z\257\207Em\233\373\027\201u\361"
 166      23B0 841E 
 166      0A3F 7AAF 
 166      8745 6D9B 
 166      FB17 8175 
 167 04ca A1A3 10C5 		.ascii	"\241\243\020\305>;xGxj\266IR->\300\217\2762<\373\326\277\312"
 167      3E3B 7847 
 167      786A B649 
 167      522D 3EC0 
 167      8FBE 323C 
 168 04e2 BE01 FCD3 		.ascii	"\276\001\374\3234\006\213\221)nkk\216\344\214\273~_l\226\344"
 168      3406 8B91 
 168      296E 6B6B 
 168      8EE4 8CBB 
 168      7E5F 6C96 
 169 04f7 8240 6C9C 		.ascii	"\202@l\234a;J\033\275\n\326\372\006&\013\204&\030\224\233\335"
 169      613B 4A1B 
 169      BD0A D6FA 
 169      0626 0B84 
 169      2618 949B 
 170 050c 3523 D773 		.ascii	"5#\327s\367\353\202\240I\006=\366\354\331\241d\352x=\b\232b\320"
 170      F7EB 82A0 
 170      4906 3DF6 
 170      ECD9 A164 
 170      EA78 3D08 
 171 0523 754F 5991 		.ascii	"uOY\221V\206\272\267J\260:\020\232f\320\375FWw\264\242);\b\232"
 171      5686 BAB7 
 171      4AB0 3A10 
 171      9A66 D0FD 
 171      4657 77B4 
 172 053c 6150 E5D1 		.ascii	"aP\345\321\2347\025I\256 \346\005c~\316\363z\224D\375\337\007"
 172      9C37 1549 
 172      AE20 E605 
 172      637E CEF3 
 172      7A94 44FD 
 173 0552 41B3 0CAA 		.ascii	"A\263\f\252i\333\353\216\222!O|\220nI\244\320\205\323\007{5\n"
 173      69DB EB8E 
 173      9221 4F7C 
 173      906E 49A4 
 173      D085 D307 
 174 0569 B430 08CA 		.ascii	"\2640\b\312b\320\311\216\272\235j\005z-\b\332\".\026\342\277"
 174      62D0 C98E 
 174      BA9D 6A05 
 174      7A2D 08DA 
 174      222E 16E2 
 175 057e CE34 A73B 		.ascii	"\3164\247;3\323\214\251\326o-\366$\253\311bO\377*%9\301\242\376"
 175      33D3 8CA9 
 175      D66F 2DF6 
 175      24AB C962 
 175      4FFF 2A25 
 176 0596 ECF3 B56F 		.ascii	"\354\363\265o\257Y\271RPg\246\244;\227.79W\03033\034F\233\335"
 176      AF59 B952 
 176      5067 A6A4 
 176      3B97 2E37 
 176      3957 1833 
 177 05af 62B6 19D7 		.ascii	"b\266\031\327Xm6\263\303h\336\344x7\331bY\265\302\270\"\341\375"
 177      586D 36B3 
 177      C368 DEE4 
 177      7837 D962 
 177      59B5 C2B8 
 178 05c6 8444 EA1B 		.ascii	"\204D\352\033S\322-\266\314$\2531\303\231\204\035\0236\b\021"
 178      53D2 2DB6 
 178      CC24 AB31 
 178      C399 841D 
 178      1336 0811 
 179 05da 34C1 8726 		.ascii	"4\301\207&gt`\211\205\241*\013\2324{\222\354i\2611\315\274Q\366"
 179      6774 6089 
 179      85A1 2A0B 
 179      9A34 7B92 
 179      EC69 B131 
 180 05f2 88C3 BC39 		.ascii	"\210\303\2749\314\264\332n\267Egl\306\250\303\342\264\231\034"
 180      CCB4 DA6E 
 180      B745 676C 
 180      C6A8 C3E2 
 180      B499 1C
 181 0605 C999 29DC 		.ascii	"\311\231)\334\265Q\327\206\256*=\325a\217g\261/\315\226\324\f"
 181      B551 D786 
 181      AE2A 3DD5 
 181      618F 67B1 
 181      2FCD 96D4 
 182 061a 9B39 6303 		.ascii	"\2339c\003\177\332h\266X9\234\3540o\262\232\254\031\226\360t"
 182      7FDA 68B6 
 182      5839 9CEC 
 182      306F B29A 
 182      AC19 96F0 
 183 062f BB69 2E85 		.ascii	"\273i.\205\303ls\372g\244.\315\270\300b\336\230\201CO59\355T"
 183      C36C 73FA 
 183      67A4 2ECD 
 183      B8C0 62DE 
 183      9881 434F 
 184 0647 8CD3 61B7 		.ascii	"\214\323a\267\275\302\020\3311)@\250am\020b\002\306br\376\007"
 184      BDC2 10D9 
 184      3129 40A8 
 184      616D 1062 
 184      02C6 6272 
 185 065d D44E 86B4 		.ascii	"\324N\206\264"
 186               		.text
 187               		.section	.gnu.lto_.symtab.cb4c68893bb692e1,"",@progbits
 188 0000 6B65 7963 		.string	"keycode_config"
 188      6F64 655F 
 188      636F 6E66 
 188      6967 00
 189 000f 00        		.string	""
 190 0010 00        		.string	""
 191 0011 00        		.string	""
 192 0012 00        		.string	""
 193 0013 00        		.string	""
 194 0014 00        		.string	""
 195 0015 00        		.string	""
 196 0016 00        		.string	""
 197 0017 00        		.string	""
 198 0018 00        		.string	""
 199 0019 00        		.string	""
 200 001a C500      		.string	"\305"
 201 001c 00        		.string	""
 202 001d 00        		.string	""
 203 001e 6D6F 645F 		.string	"mod_config"
 203      636F 6E66 
 203      6967 00
 204 0029 00        		.string	""
 205 002a 00        		.string	""
 206 002b 00        		.string	""
 207 002c 00        		.string	""
 208 002d 00        		.string	""
 209 002e 00        		.string	""
 210 002f 00        		.string	""
 211 0030 00        		.string	""
 212 0031 00        		.string	""
 213 0032 00        		.string	""
 214 0033 00        		.string	""
 215 0034 C900      		.string	"\311"
 216 0036 00        		.string	""
 217 0037 00        		.string	""
 218 0038 6B65 796D 		.string	"keymap_config"
 218      6170 5F63 
 218      6F6E 6669 
 218      6700 
 219 0046 00        		.string	""
 220 0047 02        		.ascii	"\002"
 221 0048 00        		.string	""
 222 0049 00        		.string	""
 223 004a 00        		.string	""
 224 004b 00        		.string	""
 225 004c 00        		.string	""
 226 004d 00        		.string	""
 227 004e 00        		.string	""
 228 004f 00        		.string	""
 229 0050 00        		.string	""
 230 0051 F500      		.string	"\365"
 231 0053 00        		.string	""
 232 0054 00        		.string	""
 233               		.text
 234               		.section	.gnu.lto_.opts,"",@progbits
 235 0000 272D 666D 		.ascii	"'-fmath-errno' '-fsigned-zeros' '-ftrapping-m"
 235      6174 682D 
 235      6572 726E 
 235      6F27 2027 
 235      2D66 7369 
 236 002d 6174 6827 		.string	"ath' '-fno-trapv' '-fno-openmp' '-fno-openacc' '-mn-flash=1' '-mno-skip-bug' '-mmcu=avr5'
 236      2027 2D66 
 236      6E6F 2D74 
 236      7261 7076 
 236      2720 272D 
 237               		.text
 238               		.comm	__gnu_lto_v1,1,1
 239               		.comm	__gnu_lto_slim,1,1
 240               		.ident	"GCC: (GNU) 7.4.0"
DEFINED SYMBOLS
                            *ABS*:0000000000000000 keycode_config.c
/var/tmp//ccep6ZV8.s:2      *ABS*:000000000000003e __SP_H__
/var/tmp//ccep6ZV8.s:3      *ABS*:000000000000003d __SP_L__
/var/tmp//ccep6ZV8.s:4      *ABS*:000000000000003f __SREG__
/var/tmp//ccep6ZV8.s:5      *ABS*:0000000000000000 __tmp_reg__
/var/tmp//ccep6ZV8.s:6      *ABS*:0000000000000001 __zero_reg__
                            *COM*:0000000000000001 __gnu_lto_v1
                            *COM*:0000000000000001 __gnu_lto_slim

NO UNDEFINED SYMBOLS
