   1               		.file	"keymap_common.c"
   2               	__SP_H__ = 0x3e
   3               	__SP_L__ = 0x3d
   4               	__SREG__ = 0x3f
   5               	__tmp_reg__ = 0
   6               	__zero_reg__ = 1
   7               		.section	.gnu.lto_.profile.b6a7c597a4e37e9f,"",@progbits
   8 0000 789C 6363 		.ascii	"x\234cc```\003bF\206\307\214g\031\001\005\316\001\300"
   8      6060 6003 
   8      6246 86C7 
   8      8C67 1901 
   8      05CE 01C0 
   9               		.text
  10               		.section	.gnu.lto_.icf.b6a7c597a4e37e9f,"",@progbits
  11 0000 789C 6363 		.string	"x\234cc``Pc@"
  11      6060 5063 
  11      4000 
  12 000a 3686 B7AB 		.string	"6\206\267\253\366Obe\334\363\377\324m\026\246\226\215\347\256p\260\254\377\261d\001\037\3
  12      F64F 6265 
  12      DCF3 FFD4 
  12      6D16 A696 
  12      8DE7 AE70 
  13 0034 717F 126C 		.ascii	"q\177\022l"
  14               		.text
  15               		.section	.gnu.lto_.jmpfuncs.b6a7c597a4e37e9f,"",@progbits
  16 0000 789C 6590 		.ascii	"x\234e\220=\n\302@\020F\347\333Mb%\271@ \307\360\024\036(\225"
  16      3D0A C240 
  16      1046 E7DB 
  16      4D62 25B9 
  16      4020 C7F0 
  17 0018 8558 D98A 		.ascii	"\205X\331\212\225\215\215 \332\371/\026A\354S\210 x\n\275@\374"
  17      958D 8D20 
  17      DAF9 2F16 
  17      41EC 5388 
  17      2078 0ABD 
  18 002e D609 211B 		.ascii	"\326\t!\033\027\206\335}\373f\230\331HD\372\220z\205b\001\336"
  18      1786 DD7D 
  18      FB66 98D9 
  18      4844 FA90 
  18      7A85 6201 
  19 0043 67D6 055C 		.ascii	"g\326\005\\\340\217\030C8\340\201a\002\276r\267\221\203\250\240"
  19      E08F 1843 
  19      38E0 8161 
  19      02BE 72B7 
  19      9183 A8A0 
  20 0057 1141 CE2C 		.ascii	"\021A\316,F\nL,\246\243k\321\031[WN\260ABt\311\347E\250(\305"
  20      460A 4C2C 
  20      A6A3 6BD1 
  20      195B 574E 
  20      B041 4274 
  21 0071 1649 2327 		.ascii	"\026I#'fM\225\326\213w\036\253\024c\347I%j\353>\274\025V-\322"
  21      664D 95D6 
  21      8B77 1EAB 
  21      1463 E749 
  21      256A EB3E 
  22 008a BDAF B51A 		.ascii	"\275\257\265\032\340\b8\374\262\226\253\327\247\253\210\322\321"
  22      E008 38FC 
  22      B296 ABD7 
  22      A7AB 88D2 
  22      D1
  23 009b CF2A DDD4 		.ascii	"\317*\335\324\352\235\237\217^\245\221\236\332\236\004&\223f"
  23      EA9D 9F8F 
  23      5EA5 919E 
  23      DA9E 0426 
  23      9366 
  24 00ad 5B62 32FD 		.ascii	"[b2\375\321/\241DI\215"
  24      D12F A144 
  24      498D 
  25               		.text
  26               		.section	.gnu.lto_.inline.b6a7c597a4e37e9f,"",@progbits
  27 0000 789C 8D8C 		.ascii	"x\234\215\214\261\r\2000\f\004\337NbR\200\310\006\3244\214\222"
  27      B10D 8030 
  27      0C04 DF4E 
  27      6252 80C8 
  27      06D4 348C 
  28 0015 D952 5153 		.ascii	"\331RQS\260C\006`\001\n\006a\004\234 AA\203%\377[\357\323\013"
  28      B043 0660 
  28      010A 0661 
  28      049C 2041 
  28      4183 25FF 
  29 002d 808C 771C 		.ascii	"\200\214w\034`\230\300z\3122\024\003}\022\206o\310\300\223>U"
  29      6098 C07A 
  29      CA32 1403 
  29      7D12 866F 
  29      C8C0 933E 
  30 0042 748B C2CA 		.ascii	"t\213\302\3129\335\f\357\275\257\032*o!\216\bAy~\230\322\207"
  30      39DD 0CEF 
  30      BDAF 1A2A 
  30      6F21 8E08 
  30      4179 7E98 
  31 0058 8D46 AD3E 		.ascii	"\215F\255>x\316\004Y\357\324\264Z\233\342\017\263\235\026\246"
  31      78CE 0459 
  31      EFD4 B45A 
  31      9BE2 0FB3 
  31      9D16 A6
  32 006b 9822 2EC2 		.ascii	"\230\".\302\244\023\302"
  32      A413 C2
  33               		.text
  34               		.section	.gnu.lto_.pureconst.b6a7c597a4e37e9f,"",@progbits
  35 0000 789C 6363 		.string	"x\234cc``\340\005bV\006\tF\t\246]\214,\273\030\331\244"
  35      6060 E005 
  35      6256 0609 
  35      4609 A65D 
  35      8C2C BB18 
  36 0017 0BEC 01E6 		.ascii	"\013\354\001\346"
  37               		.text
  38               		.section	.gnu.lto_action_get_macro.b6a7c597a4e37e9f,"",@progbits
  39 0000 789C 65D0 		.string	"x\234e\320\317K\002Q\020\007\360\231\367\266\315\220~\034%\367\024\205y\251\250?(d\365\02
  39      CF4B 0251 
  39      1007 F099 
  39      F7B6 CD90 
  39      7E1C 25F7 
  40 0054 C3F4 F6D2 		.string	"\303\364\366\322\203\034\220mV"
  40      831C 906D 
  40      5600 
  41 005e E65C 0C51 		.string	"\346\\\fQ\026\302\205\220`\230\3005\276\305\361\266\325\260{WyV\306\250\255}\226\367\334\
  41      16C2 8590 
  41      6098 C035 
  41      BEC5 F1B6 
  41      D5B0 7B57 
  42 00da 5E38 F2F1 		.ascii	"^8\362\361n\241\304\370\220#?\212\365\224\362+o\264\266\274\374"
  42      6EA1 C4F8 
  42      9023 3F8A 
  42      F594 F22B 
  42      6FB4 B6BC 
  43 00ef 27AF D027 		.ascii	"'\257\320'\343OG\315\355nU\221\303\320\fET\201\366\006\371Z\207"
  43      E34F 47CD 
  43      ED6E 5591 
  43      C3D0 0C45 
  43      5481 F606 
  44 0106 2D9A AD45 		.ascii	"-\232\255Ea\277i\343\f`\211Nim\302\206e\032\234\252\224\r\357"
  44      61BF 69E3 
  44      0C60 894E 
  44      696D C286 
  44      651A 9CAA 
  45 011d 98DC FFEA 		.ascii	"\230\334\377\352\221\204\256\311\244K\367\235re\f\001\257\235"
  45      9184 AEC9 
  45      A44B F79D 
  45      7265 0C01 
  45      AF9D 
  46 012f 8510 4219 		.ascii	"\205\020B\031%\356\231\211\007\302\261\2701:\035\2325\002\221"
  46      25EE 9989 
  46      07C2 B1B8 
  46      313A 1D9A 
  46      3502 91
  47 0142 49DD 340C 		.ascii	"I\3354\f3<\242\203\032\r\351f4\310\246\202\334\214\304\276\001"
  47      333C A283 
  47      1A0D E966 
  47      34C8 A682 
  47      DC8C C4BE 
  48 0157 2CF3 80F4 		.ascii	",\363\200\364"
  49               		.text
  50               		.section	.gnu.lto_action_function.b6a7c597a4e37e9f,"",@progbits
  51 0000 789C 6590 		.string	"x\234e\220\277KBQ\024\307\317\271\347\3650,j\254t\210(\314\245\242\376\211\376\203\306\02
  51      BF4B 4251 
  51      14C7 CFB9 
  51      E7F5 302C 
  51      6AAC 7488 
  52 005e 963C 0251 		.ascii	"\226<\002Q\013\351AH\013L\343\006\355\020Vs/\025\021,J\016\265"
  52      0BE9 4148 
  52      0B4C E306 
  52      ED10 5673 
  52      2F15 112C 
  53 0075 EF78 1D59 		.ascii	"\357x\035Y\227T \200=N\035x\212A\266\335\264\276U\317:O\020\005"
  53      9754 2080 
  53      3D4E 1D78 
  53      8A41 B6DD 
  53      B4BE 55CF 
  54 008d 978D AFDA 		.ascii	"\227\215\257\332\241W\227\002{\271\\\251\327\206\311\207\300"
  54      A157 9702 
  54      7BB9 5CA9 
  54      D786 C987 
  54      C0
  55 009e F2A4 F4B8 		.ascii	"\362\244\364\270\345\t\034I\231\221\2526#\273\nDXF\342ux\216"
  55      E509 1C49 
  55      9991 AA36 
  55      23BB 0A44 
  55      5846 E275 
  56 00b4 7E3C 433F 		.ascii	"~<C?p\013\360\002\003\354.\0277\337\210\206\\\362\265xP\356\374"
  56      700B F002 
  56      03EC 2E17 
  56      37DF 8886 
  56      5CF2 B578 
  57 00cb 23FB 97A5 		.ascii	"#\373\227\245\302\002\031x\331f\247\3748\241I\003\260\342\222"
  57      C202 1978 
  57      D966 A7FC 
  57      38A1 4903 
  57      B0E2 92
  58 00de 4FB7 AB55 		.ascii	"O\267\253UA#.\371\351<d\215_\362}\340\217\274\372G^c@\333\237"
  58      4123 2EF9 
  58      E93C 648D 
  58      5FF2 7DE0 
  58      8FBC FA47 
  59 00f7 8F9B BBDD 		.ascii	"\217\233\273\335\246\321\376\":h\002\337\013J\215\016%\233\255"
  59      A6D1 FE22 
  59      3A68 02DF 
  59      0B4A 8D0E 
  59      259B AD
  60 010a 9C54 F7BE 		.ascii	"\234T\367\276I\001\220\347)\237K*X#\241UV\301\007f\006]@G\236"
  60      4901 90E7 
  60      299F 4B2A 
  60      5823 A155 
  60      56C1 0766 
  61 0123 50B7 D9DA 		.ascii	"P\267\331\332\267\220\n\305\222)k|>\272h\205\342\263a\333\262"
  61      B790 0AC5 
  61      9229 6B7C 
  61      3EBA 6885 
  61      E2B3 61DB 
  62 0138 ECD8 5818 		.ascii	"\354\330X\030\314D4l'\"b.Bv<\371\0039\313v\333"
  62      CC44 346C 
  62      2722 622E 
  62      4276 3CF9 
  62      0339 CB76 
  63               		.text
  64               		.section	.gnu.lto_keymap_key_to_keycode.b6a7c597a4e37e9f,"",@progbits
  65 0000 789C 7592 		.string	"x\234u\222KL\023a\020\307\277\331o\273\355\266\245pD\341@M\032$\032\2401\301\223\007\275x
  65      4B4C 1361 
  65      10C7 BFD9 
  65      6FBB EDB6 
  65      A570 44E1 
  66 0092 49E8 0E6C 		.string	"I\350\016l\373\336\311\031\017\204\250\021\201{\021\323|\323\262@MbnL\177\002\251\340\203
  66      FBDE C919 
  66      0F84 A811 
  66      817B 11D3 
  66      7CD3 B240 
  67 00ef 1E2E C348 		.string	"\036.\303H\214\334?\021C\fF!\235\200\325\341\275\266\004E\246\216\260\021?(\200\301\225\3
  67      8CDC 3F11 
  67      430C 4621 
  67      9D80 D5E1 
  67      BDB6 0445 
  68 018b FB02 353F 		.string	"\373\0025?\353'>\226\321\251\035\034:\270\236B~5\346\323\345\2564z\007\022\262\036\323r\3
  68      EB27 3E96 
  68      D1A9 1D1C 
  68      3AB8 9E42 
  68      7E35 E6D3 
  69 0238 B60E 3569 		.ascii	"\266\0165i\332}\342\3761\304\276B\355)\315\227\030;O\343\265"
  69      DA7D E2FE 
  69      31C4 BE42 
  69      ED29 CD97 
  69      183B 4FE3 
  70 024d B8BB 65EB 		.ascii	"\270\273e\353\225n\321\216\225\022\250\370\356j\335\232*\243"
  70      956E D18E 
  70      9512 A8F8 
  70      EE6A DD9A 
  70      2AA3 
  71 025f 0CAF C0AA 		.ascii	"\f\257\300\252\035\027\\\365\371\025\214\300k\220;\270\021\225"
  71      1D17 5CF5 
  71      F915 8CC0 
  71      6B90 3BB8 
  71      1195 
  72 0271 05A0 CD4E 		.ascii	"\005\240\315NoD\347\f\326\253\207\330\317\235\376>\263\306.\306"
  72      6F44 E70C 
  72      D6AB 87D8 
  72      CF9D FE3E 
  72      B3C6 2EC6 
  73 0285 D996 199F 		.ascii	"\331\226\031\237\233\"\360\206X\023*!\215\355\r\317\177\260X"
  73      9B22 F086 
  73      5813 2A21 
  73      8DED 0DCF 
  73      7FB0 58
  74 0298 7363 AC85 		.ascii	"sc\254\2052\337\016n\271c\354R\234]\361zm\204.\023\252\242\020"
  74      32DF 0E6E 
  74      B963 EC52 
  74      9C5D F17A 
  74      6D84 2E13 
  75 02af 06F9 D840 		.ascii	"\006\371\330@\246\277\3768\371F\366\215|?\315o\244m5\340\266"
  75      A6BF FE38 
  75      F946 F68D 
  75      7C3F CD6F 
  75      A46D 35E0 
  76 02c4 F13B C3B2 		.ascii	"\361;\303\262\3117*\362K\312+\034Y\327\213*\035\371ey\005\245"
  76      C937 2AF2 
  76      4BCA 2B1C 
  76      59D7 8B2A 
  76      1DF9 6579 
  77 02da 0E47 6949 		.ascii	"\016GiIf\001\323\025\347W\02699\206\ryy\316\242\233\025\305\345"
  77      6601 D315 
  77      E757 1639 
  77      3986 0D79 
  77      79CE A29B 
  78 02f1 68E4 1716 		.ascii	"h\344\027\026:\3559'\213\313\034i\266\213\331g\323r\317\030U"
  78      3AED 3927 
  78      8BCB 1C69 
  78      B68B D967 
  78      D372 CF18 
  79 0306 CDB9 448E 		.ascii	"\315\271D\216Qe\374\202\023\237[L\262\263?\020\006YC"
  79      5165 FC82 
  79      139F 5B4C 
  79      B2B3 3F10 
  79      0659 43
  80               		.text
  81               		.section	.gnu.lto_keymap_function_id_to_action.b6a7c597a4e37e9f,"",@progbits
  82 0000 789C 6D91 		.string	"x\234m\221\337K\223Q\030\307\317\363\236\263\271\037\246^\216\024\332\202aR\230\273\t\272
  82      DF4B 9351 
  82      18C7 CFF3 
  82      9EB3 B91F 
  82      A65E 8E14 
  83 007b 5DFC 0A87 		.string	"]\374\n\207\331\354\206^|\211Gi\f\323\345\317\013\375VJ\001J0\275\275\021{%*nH\331&\365\2
  83      D9EC 865E 
  83      7C89 4769 
  83      0CD3 E5CF 
  83      0BFD 564A 
  84 00e1 2360 7165 		.string	"#`qeaq\254\220\227+\305T\360K\326\354\034V\212\337Fm)){\245 \321\370\337\242\364\340\370\
  84      6171 AC90 
  84      972B C554 
  84      F04B D6EC 
  84      1C56 8ADF 
  85 013a DC05 4569 		.ascii	"\334\005Ei\031\024\3051\301h\320\240b\306:p)\274z\251\263\213"
  85      1914 C531 
  85      C168 D0A0 
  85      62C6 3A70 
  85      29BC 7AA9 
  86 0150 B832 4641 		.ascii	"\2702FA\235}\200\266\315P\346m#\211\367q\3326\322>\265T@w/\224"
  86      9D7D 80B6 
  86      CD50 E66D 
  86      2389 F771 
  86      DA36 D23E 
  87 016a EBE0 E6E4 		.ascii	"\353\340\346\344ZQ`K\332\2600\304s\376~\2442\035\326!\030h-\211"
  87      5A51 604B 
  87      DAB0 30C4 
  87      73FE 7EA4 
  87      321D D621 
  88 0182 7203 4CE2 		.ascii	"r\003L\342O|L\346\261\023\017G\302\305\256Q\031\226\322\036\345"
  88      4F7C 4CE6 
  88      B113 0F47 
  88      C2C5 AE51 
  88      1996 D21E 
  89 0197 46D0 6108 		.ascii	"F\320a\b\372\360\260\034\327\325\023\277\251\241V\256\313\341"
  89      FAF0 B01C 
  89      D7D5 13BF 
  89      A9A1 56AE 
  89      CBE1 
  90 01a9 09B8 70AD 		.ascii	"\t\270p\255)\b\220\215\257!\310\231\340\350\203\275\2076\273"
  90      2908 908D 
  90      AF21 C899 
  90      E0E8 83BD 
  90      8736 BB
  91 01bc 5A18 9D63 		.ascii	"Z\030\235c\211}\204\340^\225\243\326ar\331\035\031\024\216\343"
  91      897D 84E0 
  91      5E95 A3D6 
  91      6172 D91D 
  91      1914 8EE3 
  92 01d0 83B2 1795 		.ascii	"\203\262\027\225\nH|+\335\276j\026\330\206ip\250\343\222\351"
  92      0A48 7C2B 
  92      DDBE 6A16 
  92      D886 6970 
  92      A8E3 92E9 
  93 01e4 58C2 8815 		.ascii	"X\302\210\025\230\001\321\307\005vfA`}:\223\23539N\354`\337\365"
  93      9801 D1C7 
  93      0576 6641 
  93      607D 3A93 
  93      9D33 394E 
  94 01fc 2786 0B15 		.ascii	"'\206\013\025\233\314\263\3353\261\bU`\216X\003v\346\025{-5\377"
  94      9BCC B3DD 
  94      33B1 0855 
  94      608E 5803 
  94      76E6 157B 
  95 0213 BAC8 712A 		.ascii	"\272\310q*\307\232h\362\345\235\365H\216}\232gWFF\234\204>#\024"
  95      C79A 68F2 
  95      E59D F548 
  95      8E7D 9A67 
  95      5746 469C 
  96 022b AF0C 9E83 		.ascii	"\257\f\236\203\370g!\303\237<A\271`\237(\237\240\375\005\335"
  96      F867 21C3 
  96      9F3C 41B9 
  96      609F 289F 
  96      A0FD 05DD 
  97 023f 5607 DE01 		.ascii	"V\007\336\001\376!\224\265\235\363W\373\232\375\336\203gk[\274"
  97      FE21 94B5 
  97      9DF3 57FB 
  97      9AFD DE83 
  97      676B 5BBC 
  98 0253 D58D 6E4F 		.ascii	"\325\215nO\203\327\333\340\253\3640\353\031\277\317\323\\\327"
  98      83D7 DBE0 
  98      ABF4 30EB 
  98      19BF CFD3 
  98      5CD7 
  99 0265 E073 D7D5 		.ascii	"\340s\327\325\230\334\356\246\332\363\376\372f\f\252kj\232\\"
  99      98DC EEA6 
  99      DAF3 FEFA 
  99      660C AA6B 
  99      6A9A 5C
 100 0278 8776 D737 		.ascii	"\207v\3277z\355\316\243U\007\354'\367[\314*9F\211\305\314\370"
 100      7AED CEA3 
 100      5507 EC27 
 100      F75B CC2A 
 100      3946 89C5 
 101 028e 9126 7C2F 		.ascii	"\221&|/0\315\305~\001\200H\f7"
 101      30CD C57E 
 101      0180 480C 
 101      37
 102               		.text
 103               		.section	.gnu.lto_action_for_key.b6a7c597a4e37e9f,"",@progbits
 104 0000 789C 8D5A 		.ascii	"x\234\215ZyTUg\222\277\365]\366]\005\005}\212\033\"\356\273$"
 104      7954 5567 
 104      92BF F55D 
 104      F65D 0505 
 104      7D8A 1B22 
 105 0017 E924 9DA5 		.ascii	"\351$\235\245\323\235tzI\347tNN&\223\034c\234I:Q\247s:\223\311"
 105      D39D 747A 
 105      49E7 744E 
 105      4E26 931C 
 105      639C 493A 
 106 0031 F499 F850 		.ascii	"\364\231\370P@\331\334AET\020\001\331\024\004DD\364\271#\342"
 106      40D9 DC41 
 106      4554 1001 
 106      D914 0444 
 106      44F4 B923 
 107 0046 82A8 893B 		.ascii	"\202\250\211;\242 \240\270\305\304\210\013S\365-\367\335\307"
 107      A220 A0B8 
 107      C5C4 880B 
 107      53F5 2DF7 
 107      DDC7 
 108 0058 7B7F 74CE 		.ascii	"{\177t\316\261\370\352w\253~_}U\337v\357\213\207\246i\221\303"
 108      B1F8 EA77 
 108      AB7E 5F7D 
 108      55DF 76EF 
 108      8B87 A669 
 109 006e 35ED AFF8 		.ascii	"5\355\257\370\367]]\323\3409\r\330\322\343\232\026\343\305\372"
 109      F75D 5DD3 
 109      E039 0DD8 
 109      D2E3 9A16 
 109      E3C5 FA
 110 0081 4F8F D135 		.ascii	"O\217\3215\253\327\020.\243\271t\343\322\213K\235\313\301"
 110      ABD7 102E 
 110      A3B9 74E3 
 110      D28B 4B9D 
 110      CBC1 
 111 0093 5C0E E572 		.string	"\\\016\345r\030\227\303\271\214\344r$\227Q\\\216\342r4\227c\270\034\313\3458.\307s9\221\3
 111      1897 C3B9 
 111      8CE4 7224 
 111      9751 5C8E 
 111      E272 3497 
 112 0194 35AC 5EA0 		.string	"5\254^\240\315c\272\233\273\207\247\227\267\217\257\237\177@`P\257\336}\202C\372\366\013\
 112      CD63 BA9B 
 112      BB87 A797 
 112      B78F AF9F 
 112      7F40 6050 
 113 021a 3462 5DBD 		.string	"4b]\2759\311;2\307j\235o\265\325\277n\365\313\320u\330\016:\371M\266\300\004\213\206\200\
 113      39C9 3B32 
 113      C76A 9D6F 
 113      B5D5 BF6E 
 113      F5CB D075 
 114 02ff 1E1A 689A 		.ascii	"\036\032h\232\007\032\237Yc=\351M\304K\255\266\313E\241X\336"
 114      071A 9F59 
 114      633D E94D 
 114      C44B ADB6 
 114      CB45 A158 
 115 0314 D556 37E7 		.ascii	"\325V7\347\002\243\323A\244\330\357H\207\376\313\016\244\237"
 115      02A3 D341 
 115      A4D8 EF48 
 115      87FE CB0E 
 115      A49F 
 116 0326 F31A 3F96 		.ascii	"\363\032?\226\242\301\276Ru\031\303\341\202ug\002\364\267x\354"
 116      A2C1 BE52 
 116      7519 C3E1 
 116      8275 6702 
 116      F4B7 78EC 
 117 033a AB4E AD2D 		.ascii	"\253N\255-\013\244.\342\255\266C\255z\\\246m\031\226\305\003"
 117      0BA4 2EE2 
 117      ADB6 43AD 
 117      7A5C A66D 
 117      1996 C503 
 118 034e 0E3B 460F 		.ascii	"\016;F\017\207`<\365S\013\021[O\271\333\254\317\272\027b\031"
 118      8760 3CF5 
 118      530B 115B 
 118      4FB9 DBAC 
 118      CFBA 1762 
 119 0363 5B20 B72C 		.ascii	"[ \267,\r\276\002,\272\007#\241\223p#\341N\302\203\204'\t/\022"
 119      0DBE 022C 
 119      BA07 23A1 
 119      9370 23E1 
 119      4EC2 8384 
 120 037b DE24 7C48 		.ascii	"\336$|H\370\222\360#\341O\"\200D \n\317 \022\275Px\365&\321\207"
 120      F892 F023 
 120      E14F 2280 
 120      4420 0ACF 
 120      2012 BD50 
 121 0394 4430 6121 		.ascii	"D0a!\324\352K\242\037\211P\022a$\372\223\030@\202\346\236\327"
 121      D4EA 4BA2 
 121      1F89 5012 
 121      6124 FA93 
 121      1840 82E6 
 122 03aa 40A2 1A44 		.ascii	"@\242\032D\255pj\r&\337!\244\016%1\214\304p\022\021$F\220\210"
 122      AD70 6A0D 
 122      26DF 21A4 
 122      0E25 318C 
 122      C470 1211 
 123 03c2 2431 9244 		.ascii	"$1\222D\024\211Q\3446\232\334\306\220:\226\3048\022\343IL 1\221"
 123      1489 51E4 
 123      369A DCC6 
 123      903A 96C4 
 123      3812 E349 
 124 03da C424 1293 		.ascii	"\304$\022\223IL!1\225\334\246Qk:\265\242\211\3409R\237'\361\002"
 124      494C 2131 
 124      95DC A651 
 124      6B3A B5A2 
 124      89E0 3952 
 125 03f2 895F 9178 		.ascii	"\211_\221x\221\236\276D\342e\022\277&\273WH\274J\352k\324z\235"
 125      919E BE44 
 125      E265 12BF 
 125      26BB 5748 
 125      BC4A EA6B 
 126 0409 EC7E 43E2 		.ascii	"\354~C\342\r\022\277%\361;\022o\222\311[$~Ovo\223\370\003=\370"
 126      0D12 BF25 
 126      F13B 126F 
 126      92C9 5B24 
 126      7E4F 766F 
 127 0422 2389 3FD1 		.ascii	"#\211?\321\203?\223x\207\304_H\274K\342=\240\225\374\276F\023"
 127      833F 9378 
 127      87C4 5F48 
 127      BC4B E23D 
 127      A095 FCBE 
 128 0438 E403 2E3F 		.ascii	"\344\003.?\324h\202|\304\345\307\032M\232\031\274\375\to\317"
 128      D468 827C 
 128      C4E5 C71A 
 128      4D9A 19BC 
 128      FD09 6FCF 
 129 044c E4F2 538D 		.ascii	"\344\362S\215&\322,\336\376\214\370?'\3617\"\374\202\304\227"
 129      26D2 2CDE 
 129      FE8C F83F 
 129      27F1 3722 
 129      FC82 C497 
 130 0460 A4CE 2631 		.ascii	"\244\316&1\207\342\230\313\347\306\337\201\244\246-\302\251\026"
 130      87E2 98CB 
 130      E7C6 DF81 
 130      A4A6 2DC2 
 130      A916 
 131 0472 7F5C B3DA 		.ascii	"\177\\\263\332\264\004\234\255\330Z`\323nA\\\346\235\373@\363"
 131      B404 9CAD 
 131      D85A 60D3 
 131      6E41 5CE6 
 131      9DFB 40F3 
 132 0486 3B5D 7F1F 		.ascii	";]\177\037\247^U\325\255\013\236\363\236Z\2752t\3574\035\247"
 132      A75E 55D5 
 132      AD0B 9EF3 
 132      9E5A BD32 
 132      74EF 341D 
 133 049b 3C1C 8179 		.ascii	"<\034\201yZ\272\376\036m\037\031\272\217\326\n\363\007\2239\205"
 133      5ABA FE1E 
 133      6D1F 19BA 
 133      8FD6 0AF3 
 133      0793 3985 
 134 04af 8C2E C810 		.ascii	"\214.\310\020\233\371\270C2|\340\310\340\233\206\035iP\307\031"
 134      9BF9 B843 
 134      327C E0C8 
 134      E09B 861D 
 134      6950 C719 
 135 04c3 DECF D0FD 		.ascii	"\336\317\320\375zx\177\240\265\303.\353\203\nw\273wq\343\206"
 135      7A78 7FA0 
 135      B5C3 2EEB 
 135      830A 77BB 
 135      7771 E386 
 136 04d7 DBB0 1C96 		.ascii	"\333\260\034\226\306\304Z\255\231\335\251a\031\272\277\246\255"
 136      C6C4 5AAD 
 136      99DD A961 
 136      19BA BFA6 
 136      AD
 137 04e8 E28B 048E 		.ascii	"\342\213\004\216\342\0034\251XX_\352C\333\255;\220\232Ru&\305"
 137      E203 34A9 
 137      5858 5FEA 
 137      43DB AD3B 
 137      909A 5275 
 138 04fe 5B79 94E2 		.ascii	"[y\224\342\356\347\017\365\2708VQ\360\032\034\023>\245\353\357"
 138      EEE7 0FF5 
 138      B838 5651 
 138      F01A 1C13 
 138      3EA5 EBEF 
 139 0512 C4FA 0B9F 		.ascii	"\304\372\013\237M\244\357m\332v\317W\350n\244\256\330\366?\212"
 139      4DA4 EF6D 
 139      DA76 CF57 
 139      E86E A4AE 
 139      D8F6 3F8A 
 140 0526 A246 278A 		.ascii	"\242F'\212\023\270\306\216\203e\025\r@\203\223\202\345\342\332"
 140      13B8 C68E 
 140      8365 150D 
 140      4083 9382 
 140      E5E2 DA
 141 0539 B20D 01C2 		.ascii	"\262\r\001\302+\217\364}+\263\013\334\204\236C\372\261_V\255"
 141      2B8F F47D 
 141      2BB3 0BDC 
 141      849E 43FA 
 141      B15F 56AD 
 142 054d 7257 3C9D 		.ascii	"rW<\235\234\347\024\3624\020\017\337F\032\005\317\326\273]m\322"
 142      9CE7 14F2 
 142      3410 0FDF 
 142      461A 05CF 
 142      D6BB 5D6D 
 143 0562 6F37 E92D 		.ascii	"o7\351-\335\335\272P7\223\232\321P\231\301\024\315#Ns\006iN\023"
 143      DDDD BA50 
 143      3793 9AD1 
 143      5099 C114 
 143      CD23 4E73 
 144 057a 8D1B D19C 		.ascii	"\215\033\321\234\02547O5\333\344 \256\220\2766\363\311!\311c"
 144      1534 374F 
 144      35DB E420 
 144      AE90 BE36 
 144      F3C9 21C9 
 145 058f 237D 75CD 		.ascii	"#}u\315\206\034\177#3\234\347\007\344\371\236x\334\211\347\234"
 145      861C 7F23 
 145      339C E707 
 145      E4F9 9E78 
 145      DC89 E79C 
 146 05a3 E079 B66E 		.ascii	"\340y\266n\315B\231\234\033\244\237=]\223\005Bo\"\275,\251\350"
 146      CD42 999C 
 146      1BA4 9F3D 
 146      5D93 0542 
 146      6F22 BD2C 
 147 05b9 ACC1 7395 		.ascii	"\254\301s\225\363\\@\236"
 147      F35C 409E 
 148 05c1 F346 7A2E 		.string	"\363Fz.\n\236\306\005\007N\310\376\273I\257\333\334v\333C\350wI\317\337\234\327n\3246\207
 148      0A9E C605 
 148      074E C8FE 
 148      BB49 AFDB 
 148      DC76 DB43 
 149 06c2 62BA 8B4C 		.ascii	"b\272\213Lw\210\311\217\230\356\t\246cG\037='\211\370j\330Zt"
 149      7788 C98F 
 149      98EE 09A6 
 149      6347 1F3D 
 149      2789 F86A 
 150 06d9 33CF 4B12 		.ascii	"3\317K\022\361E\227\224\373l\271AT\301\211~D\242\373D\344OD\017"
 150      F145 9794 
 150      FB6C B941 
 150      54C1 897E 
 150      44A2 FB44 
 151 06f1 0451 76CA 		.ascii	"\004Qv\312\205S*\337|\235uw\335\332\353)\231r9S\321\203TcF\266"
 151      8553 2ADF 
 151      7C9D 7577 
 151      DDDA EB29 
 151      9972 3953 
 152 070b 73A6 9F91 		.ascii	"s\246\237\221\351'b\n \246\207\202i\343\367\355\377&\211\362"
 152      E927 620A 
 152      20A6 8782 
 152      69E3 F7ED 
 152      FF26 89F2 
 153 071f F94C 8EDF 		.ascii	"\371L\216\337[\342'\211\370R;X\\\031\253+\242\247\234\350\021"
 153      5BE2 2789 
 153      F852 3B58 
 153      5C19 AB2B 
 153      A2A7 9CE8 
 154 0734 12FD 4244 		.ascii	"\022\375BD\201D\324%\210\n\366]\257S\371.$\340PN~\253\\\302\326"
 154      8144 D425 
 154      880A F65D 
 154      AF53 F92E 
 154      24E0 504E 
 155 074d 0202 AA76 		.ascii	"\002\002\252vd\264\033k\2774\220\230\236 \323cb\n\"\246\247\202"
 155      64B4 1B6B 
 155      BF34 9098 
 155      9E20 D363 
 155      620A 22A6 
 156 0763 A9AA 207E 		.ascii	"\251\252 ~\213\234\204\335\245\234:\373Y\254\232\225%\0044\304"
 156      8B9C 84DD 
 156      A59C 3AFB 
 156      59AC 9A95 
 156      2504 34C4 
 157 0777 C6AF 3136 		.ascii	"\306\25716\264\026\316\324\215L\317\210\251\0271Y\031gJ~T\227"
 157      B416 CED4 
 157      8D4C CF88 
 157      A917 3159 
 157      1967 4A7E 
 158 078d 21F3 DB5D 		.ascii	"!\363\333]F\300\206\306\224\303\262\224\326m\274\"\t\345k|\214"
 158      46C0 86C6 
 158      94C3 B294 
 158      D66D BC22 
 158      09E5 6B7C 
 159 07a2 09CE 99E6 		.ascii	"\t\316\231\3463\013\3040d\352ML\013\004Sq\356\271\305\222\251"
 159      330B C430 
 159      64EA 4D4C 
 159      0B04 5371 
 159      EEB9 C592 
 160 07b7 BA8A 277C 		.ascii	"\272\212'|\377\374\353\306\016T\025L\216\261\214\366\324>\344"
 160      FFFC EBC6 
 160      0E54 154C 
 160      8EB1 8CF6 
 160      D43E E4
 161 07ca 1527 BC9E 		.ascii	"\025'\274\236\305\347"
 161      C5E7 
 162 07d0 AF97 C9DC 		.ascii	"\257\227\311\334\305\275\036\234^WfL\271\026\356\025\317\275"
 162      C5BD 1E9C 
 162      5E57 664C 
 162      B916 EE15 
 162      CFBD 
 163 07e2 82C9 6BA1 		.ascii	"\202\311k\241\360\272\266\376\30769\334\032\356\225WP\237a\254"
 163      F0BA B6FE 
 163      C736 39DC 
 163      1AEE 9557 
 163      509F 61AC 
 164 07f6 9D7B DC6B 		.ascii	"\235{\334k\021\367\n!\257\004\341\365\260$\347\244\3321\271\327"
 164      11F7 0A21 
 164      AF04 E1F5 
 164      B024 E7A4 
 164      DA31 B9D7 
 165 080a 91EE AC78 		.ascii	"\221\356\254xc\241<\345^\211\334\253/y%\t\257%\007\3174\310\276"
 165      63A1 3CE5 
 165      5E89 DCAB 
 165      2F79 2509 
 165      AF25 07CF 
 166 0821 F670 AFC4 		.ascii	"\366p\257\304\333gR\003\225W~\by"
 166      DB67 5203 
 166      9557 7E08 
 166      79
 167 082e 2573 AF7E 		.string	"%s\257~\344\225\"\2746\337\313h\224\331\260q\257\324\272\306\0167c\336r\257\305\334+\224\
 167      E495 22BC 
 167      36DF CB68 
 167      94D9 B071 
 167      AFD4 BAC6 
 168 092f 5619 D6BE 		.string	"V\031\326\276Z\214\013\353\254\247\005\371\362l+\004XmX\373i\3475g\353\215\351\311ir\372\
 168      5A8C 0BEB 
 168      ACA7 05F9 
 168      F26C 2B04 
 168      586D 58FB 
 169 09a0 AC37 8C7B 		.string	"\2547\214{k>\316\306\265\365\273\324.\274\025`\203a\334G\363t6\316\330^qS\206Q\n\220i\030
 169      6B3E CEC6 
 169      B5F5 BBD4 
 169      2EBC 1560 
 169      8361 DC47 
 170 0a46 F20D E381 		.ascii	"\362\r\343\201N\306te\225\017\007\251\207\347ML\325\373s\227"
 170      4EC6 7465 
 170      950F 07A9 
 170      87E7 4D4C 
 170      D5FB 7397 
 171 0a5a CBE1 EC04 		.ascii	"\313\341\354\004(`j\037\b\327\30460\330\276\r\344%\207\211m\300"
 171      2860 6A1F 
 171      08D7 C436 
 171      30D8 BE0D 
 171      E425 8789 
 172 0a70 8336 C25F 		.ascii	"\2036\302_\342\213Ko\311w\016\235:\302\253\215\323v\246\363\216"
 172      E28B 4B6F 
 172      C977 0E9D 
 172      3AC2 AB8D 
 172      D376 A6F3 
 173 0a85 87D8 39CA 		.ascii	"\207\3309\312\024\007p\333\312\344\347\2241\177c \353\241v\353"
 173      1407 70DB 
 173      CAE4 E794 
 173      317F 6320 
 173      EBA1 76EB 
 174 0a99 3DCA DA93 		.ascii	"=\312\332\223z|\022_\\\246zt\243\036\233\\\364\350\3069\206\331"
 174      7A7C 125F 
 174      5CA6 7A74 
 174      A31E 9B5C 
 174      F4E8 C639 
 175 0aaf 397E 541C 		.ascii	"9~T\034^\202\343\251\301\341.2\220_x\341\276\272W\204C\241\303"
 175      5E82 E3A9 
 175      C1E1 2E32 
 175      905F 78E1 
 175      BEBA 5784 
 176 0ac6 FEED E172 		.ascii	"\376\355\341r\377.\342\373\267\273\253\375\333\203w?\334\224"
 176      FF2E E2FB 
 176      B7BB ABFD 
 176      DB83 773F 
 176      DC94 
 177 0ad8 B414 D9BD 		.ascii	"\264\024\331\275\267\034B\305u\331\275\247\350\276\344R\375\035"
 177      B71C 42C5 
 177      75D9 BDA7 
 177      E8BE E452 
 177      FD1D 
 178 0aea B98B 5983 		.ascii	"\271\213Y\203\240\030\273\347{\354\001&\255h\317\210\333wB\336"
 178      A018 BBE7 
 178      7BEC 0126 
 178      AD68 CF88 
 178      DB77 42DE 
 179 0afe BD34 D862 		.ascii	"\2754\330b\024;B\263\321\224\343\2645\025O$\255\027e\006\357"
 179      143B 42B3 
 179      D194 E3B4 
 179      3515 4F24 
 179      AD17 6506 
 180 0b13 F3A2 4612 		.ascii	"\363\242F\022\364F\234\356\310\367\026\267\250\276\226\342\355"
 180      F446 9CEE 
 180      C8F7 16B7 
 180      A8BE 96E2 
 180      ED
 181 0b24 9089 FCFD 		.ascii	"\220\211\374\375l\032\2007\247\036a\242\276dP\373\270\242\366"
 181      6C1A 8037 
 181      A71E 61A2 
 181      BE64 50FB 
 181      B8A2 F6
 182 0b37 459C 6E71 		.ascii	"E\234nq[\272\232\275\3255\032G\345\202\332\227SG\232\312\253"
 182      5BBA 9ABD 
 182      D535 1A47 
 182      E582 DA97 
 182      5347 9ACA 
 183 0b4c 72E3 237A 		.ascii	"r\343#zJ\251T\245\361\243\236\250\024\346\236\374\021\247w\212"
 183      4AA9 54A5 
 183      F1A3 9EA8 
 183      14E6 9EFC 
 183      11A7 778A 
 184 0b60 D8CC 1BEA 		.ascii	"\330\314\033\352\302ncP\312\234'\201?\357i\244\275\247\233\252"
 184      C26E 6350 
 184      CA9C 2781 
 184      3FEF 69A4 
 184      BDA7 9BAA 
 185 0b74 275F 62BC 		.ascii	"'_b\274\037\177\254\262\\\3467@\356\027\261%\031|Ay\201\033l"
 185      1F7F ACB2 
 185      5CE6 3740 
 185      EE17 B125 
 185      197C 4179 
 186 0b8b E31D CFBF 		.ascii	"\343\035\317\277\277\360\234\2570\nD;\021b\276<\371>E\020\335"
 186      BFF0 9CAF 
 186      300A 443B 
 186      1162 BE3C 
 186      F93E 4510 
 187 0ba0 1232 D614 		.ascii	"\0222\326\024\362\312\350\200;\203\210D\274\\\327P\034\237\n"
 187      F2CA E880 
 187      3B83 8844 
 187      BC5C D750 
 187      1C9F 0A
 188 0bb3 9A4B 9525 		.ascii	"\232K\225%\262\267 z\341v \232\205 \022\025\345\336\023\2373"
 188      B2B7 207A 
 188      E176 209A 
 188      8520 1215 
 188      E5DE 139F 
 189 0bc8 7508 8472 		.ascii	"u\b\204r3\321\036\"\232%\210:+\357\312\\\364\022\344\013\356"
 189      33D1 1E22 
 189      9A25 883A 
 189      2BEF CA5C 
 189      F412 E40B 
 190 0bdd AAE4 F446 		.ascii	"\252\344\364F\fy\322\253\037\324\271\213qxAE\217\004\366A3\264"
 190      0C79 D2AB 
 190      1FD4 B98B 
 190      7178 4145 
 190      8F04 F641 
 191 0bf3 D9B1 B579 		.ascii	"\331\261\265y\203\277\260\261\206\302vaT\242\214\202\2617sB<"
 191      83BF B0B1 
 191      86C2 7661 
 191      54A2 8C82 
 191      B137 7342 
 192 0c08 3121 952A 		.ascii	"1!\225*!\322&\004\315\034z\357\213\030\335\b7\355|\342'\230q"
 192      21D2 2604 
 192      CD1C 7AEF 
 192      8B18 DD08 
 192      37ED 7CE2 
 193 0c1f CBEB D17B 		.ascii	"\313\353\321{?\036@_>|\017\\?sp\344<gf\346P\304\035\230\303`"
 193      3F1E 405F 
 193      3E7C 0F5C 
 193      3F73 70E4 
 193      3C67 66E6 
 194 0c39 B405 6132 		.ascii	"\264\005a2:\235(\261\376\b;P\017\340\354\375\0350\364\032@\t"
 194      3A9D 28B1 
 194      FE08 3B50 
 194      0FE0 ECFD 
 194      1D30 F41A 
 195 0c4f B19D FC77 		.ascii	"\261\235\374w9V\353wP\325\243\273\201h\307gO\207i\366\f\344\263"
 195      3956 EB77 
 195      50D5 A3BB 
 195      8168 C767 
 195      4F87 69F6 
 196 0c66 27CA 3E7B 		.ascii	"'\312>{\262\027\313\331#\326{\341\342\347Ue\260\203\0337\253"
 196      B217 CBD9 
 196      23D6 7BE1 
 196      E2E7 5565 
 196      B083 1B37 
 197 0c7b BFFC E723 		.ascii	"\277\374\347#\3726J\237mi\336\362\017\225;\331?yO\2368\322/e"
 197      FA36 4A9F 
 197      6D69 DEF2 
 197      0F95 3BD9 
 197      3F79 4F9E 
 198 0c93 D5EF D2B0 		.ascii	"\325\357\322\260g\243n\257LM\225\252\350 |D\273Q\326\2464/\021"
 198      67A3 6EAF 
 198      4C4D 95AA 
 198      E820 7C44 
 198      BB51 D6A6 
 199 0caa F0BD BDDF 		.ascii	"\360\275\275\337Au\217\200\303\321\320)\340p\036\360({\300\225"
 199      4175 8F80 
 199      C3D1 D029 
 199      E070 1EF0 
 199      287B C095 
 200 0cbe 2A60 7FE1 		.ascii	"*`\177\341\374\264\252M\372\317\244P\034\347\326LQ\376\224j\025"
 200      FCB4 AA4D 
 200      FACF A450 
 200      1CE7 D64C 
 200      51FE 946A 
 201 0cd3 C960 C49C 		.ascii	"\311`\304\234J>\004q\207\302\fE\314\251\306\303\020W3\212\027"
 201      4A3E 0471 
 201      87C2 0C45 
 201      CCA9 C6C3 
 201      1057 338A 
 202 0ce8 F90B FB96 		.ascii	"\371\013\373\226a\347\032\216\270X\005\022\300(\206\303\030\213"
 202      61E7 1A8E 
 202      B858 0512 
 202      C028 86C3 
 202      188B 
 203 0cfa 03FF 085E 		.ascii	"\003\377\b^\370\b\207\302G\"\354\320\337H\336e\244\003\026\205"
 203      F808 87C2 
 203      4722 ECD0 
 203      DF48 DE65 
 203      A403 1685 
 204 0d0e B053 A147 		.ascii	"\260S\241G!\356\224\267Q<o\243M\333\204\312[\200p>V\255\362\366"
 204      21EE 94B7 
 204      513C 6FA3 
 204      4DDB 84CA 
 204      5B80 703E 
 205 0d26 8973 DE3E 		.ascii	"\211s\336>\021y\273d\344m4bNy\033\203\270\303\270\306\"\346\224"
 205      1179 BB64 
 205      E46D 3462 
 205      4E79 1B83 
 205      B8C3 B8C6 
 206 0d3d B771 88D3 		.ascii	"\267q\210\323[\316\276\230\315\201r\266\006\303.S\036\377\346"
 206      5BCE BE98 
 206      CD81 72B6 
 206      06C3 2E53 
 206      1EFF E6
 207 0d50 2A8F E311 		.ascii	"*\217\343\021w\310\343\004\304z\346q\""
 207      77C8 E304 
 207      C47A E671 
 207      22
 208 0d5d CFE3 0487 		.string	"\317\343\004\207<NB\330\241\377\311<\204I\016\330\024\204\235\3628\025q\247<N\345y\034c\3
 208      3C4E 42D8 
 208      A1FF C93C 
 208      8449 0ED8 
 208      1484 9DF2 
 209 0e5e FB79 015E 		.string	"\373y\001^q.\300G\342\304\357\334\243N\374Wi<\306\021_%\217\370\327\360\201\343\311\3741\
 209      712E C047 
 209      E2C4 EFDC 
 209      A34E FC57 
 209      693C C611 
 210 0f5d AF52 D27D 		.ascii	"\257R\322}\262i\341(\367\020\356\376\320\301\275:i[\234r\337"
 210      B269 E128 
 210      F710 EEFE 
 210      D0C1 BD3A 
 210      695B 9C72 
 211 0f72 A843 9D74 		.ascii	"\250C\235t\237b\332\224\225{_\356\236\235jv_t\370q\211\372n\231"
 211      9F62 DA94 
 211      957B 5FEE 
 211      9E9D 6A76 
 211      5F74 F871 
 212 0f8a 892F A3D2 		.ascii	"\211/\243\322}\252\335\2750U\272\367\343\356[\035\334\027l/\312"
 212      7DAA DDBD 
 212      3055 BAF7 
 212      E3EE 5B1D 
 212      DC17 6C2F 
 213 0f9f 54        		.ascii	"T"
 214 0fa0 1FDA 36E9 		.ascii	"\037\3326\351P/\335\247\231\256$\312=\224\273W;\270'\257\275"
 214      502F DDA7 
 214      99AE 24CA 
 214      3D94 BB57 
 214      3BB8 27AF 
 215 0fb5 BD5E BD97 		.ascii	"\275^\275\227\344\352pL\272O7\005\257\3345\021|\232\375\275q"
 215      E4EA 704C 
 215      BA4F 3705 
 215      AFDC 3511 
 215      7C9A FDBD 
 216 0fca 8BB4 8ED6 		.ascii	"\213\264\216\326\226\362\337\323\360\310\326\350G\221V`\232\250"
 216      96F2 DFD3 
 216      F0C8 D6E8 
 216      4791 5660 
 216      9AA8 
 217 0fdc E35C 9A4D 		.ascii	"\343\\\232Mi\355G\343\370T7\277P\005\361\337zw\264\357\312\324"
 217      69ED 47E3 
 217      F854 37BF 
 217      5005 F1DF 
 217      7A77 B4EF 
 218 0ff2 E7FD 5F86 		.ascii	"\347\375_\206\336\213~/\346?\005\257N>"
 218      DE8B 7E2F 
 218      E63F 05AF 
 218      4E3E 
 219 1000 D0E6 9609 		.ascii	"\320\346\226\t\353c\3041\345\016'\330<8\316,\342\254:\3112\201"
 219      EB63 C431 
 219      E50E 27D8 
 219      3C38 CE2C 
 219      E2AC 3AC9 
 220 1016 68B1 0BC9 		.ascii	"h\261\013\311X\370\240\366\214\317\250\315\374'\362C;X\\&\256"
 220      58F8 A0F6 
 220      8CCF A8CD 
 220      FC27 F243 
 220      3B58 5C26 
 221 102b 0677 4DFC 		.ascii	"\006wM\374\007\rl\024\232\254i\262-w\217\336n]\004\364\bN\261"
 221      070D 6C14 
 221      9AAC 69B2 
 221      2D77 8FDE 
 221      6E5D 04F4 
 222 1042 68E5 CF87 		.ascii	"h\345\317\207\201F\332mJl\032\357DD\242\375\fs\323u\246\357\274"
 222      8146 DA6D 
 222      4A6C 1AEF 
 222      4444 A2FD 
 222      0C73 D375 
 223 1059 8067 F807 		.ascii	"\200g\370\007\254`\020\375\344\364\370j\252|\323\212\211\001"
 223      AC60 10FD 
 223      E4F4 F86A 
 223      AA7C D38A 
 223      8901 
 224 106b 6864 16B7 		.ascii	"hd\026\267\364+\003\351Am\3252\371\001\2509\001\3404\263xu\340"
 224      F42B 03E9 
 224      416D D532 
 224      F901 A839 
 224      01E0 34B3 
 225 1082 7D51 1F7C 		.ascii	"}Q\037|\276\271V\247\327\353!\005x\375s\033Z\367\037\370\236"
 225      BEB9 56A7 
 225      D7EB 2105 
 225      78FD 731B 
 225      5AF7 1FF8 
 226 1097 3AAC E33F 		.ascii	":\254\343?"
 227 109b F18D 6CC4 		.string	"\361\215l\304\316\233mx\004\373G\246\337\256\305\277\003G\236\277s\022\377\206Gu|\205\327
 227      CE9B 6D78 
 227      04FB 47A6 
 227      DFAE C5BF 
 227      0347 9EBF 
 228 119c 9799 A537 		.string	"\227\231\2457\301\347\356\037\254\220\025LD\370\n\263\364!\330\272,\263S\216r9\302M\314\0
 228      C1E7 EE1F 
 228      AC90 154C 
 228      44F8 0AB3 
 228      F421 D8BA 
 229 1223 DA98 C542 		.ascii	"\332\230\305B\350\255\352\226\223\322\370.\302\355\3142\220\207"
 229      E8AD EA96 
 229      93D2 F82E 
 229      C2ED CC32 
 229      9087 
 230 1235 BDF3 6AA7 		.ascii	"\275\363j\247\374\304\213+\001:\230%\234\340\212}OS\345'\216"
 230      FCC4 8B2B 
 230      013A 9825 
 230      9CE0 8A7D 
 230      4F53 E527 
 231 124a 02A4 BEC9 		.ascii	"\002\244\276\311,\203\b\276t\246\364\266\214o>\316\365[\314\342"
 231      2C83 08BE 
 231      74A6 F4B6 
 231      8C6F 3ECE 
 231      F55B CCE2 
 232 125e 9E18 4E3F 		.ascii	"\236\030N?\307y\322\323k\315EOUz\361i'\263x0m\221\016\264\021"
 232      C779 D2D3 
 232      6BCD 454F 
 232      557A F169 
 232      27B3 7830 
 233 1277 304D 0BFD 		.ascii	"0M\013\375\373\3273\346\374\343\353\331\343\277\230\365\355\354"
 233      FBD7 33E6 
 233      FCE3 EBD9 
 233      E3BF 98F5 
 233      EDEC 
 234 1289 19FF F5F1 		.ascii	"\031\377\365\361\314\271\263g\317\2353n\246\346\376\345\214o"
 234      CCB9 B367 
 234      CF9D 336E 
 234      A6E6 FEE5 
 234      8C6F 
 235 129b 677D A523 		.ascii	"g}\245#\254\317\236\373\251\3337\237\315\232\3437c\346?>\237"
 235      ACCF 9EFB 
 235      A9DB 379F 
 235      CD9A E337 
 235      63E6 3F3E 
 236 12b0 3BE7 63FE 		.ascii	";\347c\376\304C(\236h0s\356\247\263|\205:\234\332\377\017c\317"
 236      C443 289E 
 236      6830 73EE 
 236      A7B3 7C85 
 236      3A9C DAFF 
 237 12c7 F716      		.ascii	"\367\026"
 238               		.text
 239               		.section	.gnu.lto_.symbol_nodes.b6a7c597a4e37e9f,"",@progbits
 240 0000 789C 6363 		.string	"x\234cc``\330\003\304\fLb\365\f\f\023\31610"
 240      6060 D803 
 240      C40C 4C62 
 240      F50C 0C13 
 240      CE31 3000 
 241 0014 A95D 0D8E 		.string	"\251]\r\216@\001\361zFT\001\211z&\024\001V\031\006\005\220N\311zfTqQ\306F%\220\204H=\013\
 241      4001 F17A 
 241      4654 0189 
 241      7A26 1401 
 241      5619 0605 
 242 0076 4498 2B1F 		.ascii	"D\230+\037"
 243               		.text
 244               		.section	.gnu.lto_.refs.b6a7c597a4e37e9f,"",@progbits
 245 0000 789C 6363 		.string	"x\234cc``\340\006bF&&f6F\026&VF\006"
 245      6060 E006 
 245      6246 2626 
 245      6636 4616 
 245      2656 4606 
 246 0015 01D0 00   		.string	"\001\320"
 247 0018 2D        		.ascii	"-"
 248               		.text
 249               		.section	.gnu.lto_.decls.b6a7c597a4e37e9f,"",@progbits
 250 0000 789C A55A 		.string	"x\234\245ZiPTY\226\316\373n&K\202`\013\335\203\325\264]QE\307\320\265\210V\325LUO\364D\32
 250      6950 5459 
 250      96CE FB6E 
 250      264B 8260 
 250      0BDD 83D5 
 251 00ac 6914 9FAD 		.ascii	"i\024\237\255pC\007\337[@\334A\364\310\254\237|\020\327k\371"
 251      7043 07DF 
 251      5B40 DC41 
 251      F4C8 AC9F 
 251      7C10 D76B 
 252 00c1 F95B DEEE 		.ascii	"\371[\336\356\317\262\266\226\355\334\254\264\373\034\332\271"
 252      CFB2 B696 
 252      EDDC ACB4 
 252      FB1C DAB9 
 253 00d1 CADA B4C9 		.ascii	"\312\332\264\311\372\362\037 \236 u\320\256\036\244\034\244\f"
 253      FAF2 1F20 
 253      9E20 75D0 
 253      AE1E A41C 
 253      A40C 
 254 00e3 A414 A404 		.ascii	"\244\024\244\004\244\005\244\215\367\245\016\244\201\333!\375"
 254      A405 A48D 
 254      F7A5 0EA4 
 254      81DB 21FD 
 255 00f3 45BC 7FF2 		.ascii	"E\274\177\362\317?\002\320\321\302\026\321\335\016Rm\241S\362"
 255      CF3F 02D0 
 255      D1C2 16D1 
 255      DD0E 526D 
 255      A153 F2
 256 0106 791B D765 		.ascii	"y\033\327e\311\323\277b\246G\322\225\211\2241\330\305}"
 256      C9D3 BF62 
 256      A647 D295 
 256      8994 31D8 
 256      C57D 
 257 0118 277D E880 		.string	"'}\350\200{\036 \235 \277@\214\243'\360\235\003\322\005\322\315m\234B\214\303,\036\263<\0
 257      7B1E 209D 
 257      20BF 408C 
 257      A327 F09D 
 257      03D2 05D2 
 258 0219 0F3D F568 		.string	"\017=\365h\r\221\362T\311\233M\254Lnw\346\344\325\332\343m\364\372Zrt\264n{\236d%D\203\35
 258      0D91 F254 
 258      C99B 4DAC 
 258      4C6E 77E6 
 258      E4D5 DAE3 
 259 02a4 1BF5 C84D 		.ascii	"\033\365\310M\322\007\242A;Ib&\022\177\232\305\b\021\001\263"
 259      D207 A241 
 259      3B49 6226 
 259      127F 9AC5 
 259      0811 01B3 
 260 02b8 3740 F575 		.ascii	"7@\365uD\356\021,XC\017\301p\003\362Bu\310\213\366\212\271?\223"
 260      44EE 112C 
 260      5843 0FC1 
 260      7003 F242 
 260      75C8 8BF6 
 261 02d0 84A1 B304 		.ascii	"\204\241\263\004\244\341\236\223\017\263\273\320\212#\305\312"
 261      A4E1 9E93 
 261      0FB3 BBD0 
 261      8A23 C5CA 
 262 02e0 2A44 CD56 		.ascii	"*D\315V*\315\372\230\314\202\363\343\263\2357]q:\242\364\364"
 262      2ACD FA98 
 262      CC82 F3E3 
 262      B39D 375D 
 262      713A A2F4 
 263 02f5 DF6F FD29 		.ascii	"\337o\375)r\363\266\352\rj\002'\326w\250\346\013\342O#`\036\231"
 263      72F3 B6EA 
 263      0D6A 0227 
 263      D677 A8E6 
 263      0BE2 4F23 
 264 030c C924 EE51 		.ascii	"\311$\356QK\261\225q\367\3648\233ZB\227\226\337\276\300\020\314"
 264      4BB1 9571 
 264      F7F4 389B 
 264      5A42 9796 
 264      DFBE C010 
 265 0321 5D10 DC35 		.ascii	"]\020\3345,\213\356.\026\335\333\211=\243zldn\335\277\031\021"
 265      2C8B EE2E 
 265      16DD DB89 
 265      3DA3 7A6C 
 265      646E DDBF 
 266 0337 EF88 F4DE 		.ascii	"\357\210\364\3364$\315\242\250\363\220\271\325\016\256\354\342"
 266      3424 CDA2 
 266      A8F3 90B9 
 266      D50E AEEC 
 266      E2
 267 0348 4169 81CA 		.ascii	"Ai\201\312\307P)\205\367\203l\032\3366\340\240\325\354\321.="
 267      C750 2985 
 267      F783 6C1A 
 267      DE36 E0A0 
 267      D5EC D12E 
 268 035d 7548 97DE 		.ascii	"uH\227\336\365.\326\016yyyy\273I\301\372b\230\005\213di\t\264"
 268      F52E D60E 
 268      7979 7979 
 268      BB49 C1FA 
 268      6298 058B 
 269 0375 E836 B3C6 		.ascii	"\3506\263\306\"Bic\350\271?\211G\235\251\356f\2164\371T\254\300"
 269      2242 6963 
 269      E8B9 3F89 
 269      479D A9EE 
 269      668E 34F9 
 270 038c 822B 4314 		.ascii	"\202+C\024K\230\271c\2115G\203y\335\227L\243\332\255\214*\rI"
 270      4B98 B963 
 270      8935 4783 
 270      79DD 974C 
 270      A3DA AD8C 
 271 03a3 020F 4911 		.ascii	"\002\017I\021\264\275IMt\363xt\001\tO \036\035 \235<&\300b\373"
 271      B4BD 494D 
 271      74F3 7874 
 271      0109 4F20 
 271      1E1D 209D 
 272 03bc CCE2 733D 		.ascii	"\314\342s=.b,\026\307\\>\352\212\274\335\230\231U\032\253\247"
 272      2E62 2C16 
 272      C75C 3EEA 
 272      8ABC DD98 
 272      9955 1AAB 
 273 03d1 D0BE C7CC 		.ascii	"\320\276\307\314L7\215\225U[\250\027Ll`n\370\255\261\324\205"
 273      4C37 8D95 
 273      555B A817 
 273      4C6C 606E 
 273      F8AD B1D4 
 274 03e6 CD29 7650 		.ascii	"\315)vP,\273U^\243c\263\317\016(\326_\251\353\322\341*\026\377"
 274      2CBB 555E 
 274      A363 B3CF 
 274      0E28 D65F 
 274      A9EB D2E1 
 275 03fd C791 05A9 		.ascii	"\307\221\005\251\230\335\323\312f#w6\033\325d\254\345m\302\367"
 275      98DD D3CA 
 275      6623 7736 
 275      1BD5 64AC 
 275      E56D C2F7 
 276 0411 1954 9AF1 		.ascii	"\031T\232\361\334\331\2147x$\243V\217\233\330\275\204\272\212"
 276      DCD9 8C37 
 276      7824 A356 
 276      8F9B D8BD 
 276      84BA 8A
 277 0424 288C BB58 		.ascii	"(\214\273X\241\344\325\211I\035~\306\n\007W\017?\026\360,-\340"
 277      A1E4 D589 
 277      491D 7EC6 
 277      0A07 570F 
 277      3F16 F02C 
 278 043a C2B8 CC11 		.ascii	"\302\270\314\021'\244g\263\030\033\330b\245y\022\323\240q\004"
 278      27A4 67B3 
 278      181B D862 
 278      A579 12D3 
 278      A071 04
 279 044d 3981 26E0 		.ascii	"9\201&\340\366$\237\301H\r\235\301^`z\235\214\035\342z\213\033"
 279      F624 9FC1 
 279      480D 9DC1 
 279      5E60 7A9D 
 279      8C1D E27A 
 280 0463 9D48 BE90 		.ascii	"\235H\276\220\214\341\343{\366\366\216\266C\021\225C\230\246"
 280      8CE1 E37B 
 280      F6F6 8EB6 
 280      4311 9543 
 280      98A6 
 281 0475 CC33 A072 		.ascii	"\3143\240r\0168\372L\032h\264v\032X\032B\346dXp\217\024c\\\311"
 281      0E38 FA4C 
 281      1A68 B476 
 281      1A58 1A42 
 281      E664 5870 
 282 048e 2C43 C1AA 		.ascii	",C\301\252Q\31147\266\301\b\216s\245\032\306l\352\2255\230"
 282      51C9 3437 
 282      B6C1 088E 
 282      73A5 1AC6 
 282      6CEA 9535 
 283 04a3 F8E7 E6BF 		.string	"\370\347\346\277\020W\321s\216\036D&8\231\005\b|\020\231\361-\004O\364\214\332\324\376\23
 283      1057 D173 
 283      8E1E 4426 
 283      3899 0508 
 283      7C10 99F1 
 284 05a4 CFA4 5D1D 		.ascii	"\317\244]\035\342_\210\n+#Z\204o\206\223\252\020\207i\244k\216"
 284      E25F 880A 
 284      2B23 5A84 
 284      6F86 93AA 
 284      1087 69A4 
 285 05ba 62        		.ascii	"b"
 286 05bb F582 A48E 		.string	"\365\202\244\216\376!\r\327\266&}\230f\0161\253#u\202\264\033a\3329\f\352)V\246\201\351\2
 286      FE21 0DD7 
 286      B626 7D98 
 286      660E 31AB 
 286      2375 82B4 
 287 06bc 09AC AE2F 		.string	"\t\254\256/\245h\322Q\336\211?\377\314\324\207\023\264\017\211R\037\306Z/\205\360.,\030=Z
 287      A568 D251 
 287      DE89 3FFF 
 287      CCD4 8713 
 287      B40F 8952 
 288 06e2 85E2 4D5D 		.ascii	"\205\342M]8\006]\210\227w!\211v\341B\366\203\001;\034\203mt\241"
 288      3806 5D88 
 288      9777 2189 
 288      76E1 42F6 
 288      8301 3B1C 
 289 06fa F264 84D1 		.ascii	"\362d\204\321\205\272F\266\037\254\013=\331\205w\234L]8\305\334"
 289      85BA 46B6 
 289      1FAC 0B3D 
 289      D985 779C 
 289      4C5D 38C5 
 290 070f 5DEB 3F9B 		.ascii	"]\353?\233\353$w\227lm$\177S\250\277?J\376\266\317-5\353\300"
 290      EB24 7797 
 290      6C6D 247F 
 290      53A8 BF3F 
 290      4AFE B6CF 
 291 0727 E101 70B8 		.ascii	"\341\001p\270\361\352\3466\311a\200\241d\223\303'\301\341d\271"
 291      F1EA E636 
 291      C961 80A1 
 291      6493 C327 
 291      C1E1 64B9 
 292 073b C3A7 A9C3 		.ascii	"\303\247\251\303\327'.T9\3414[\016/G/\365`\352\\\233\211\363"
 292      D727 2E54 
 292      39E1 345B 
 292      0E2F 472F 
 292      F560 EA5C 
 293 0752 87AF 4B7B 		.ascii	"\207\257K{\034l\371v\216\372\226*\3716Y|\241\006s\337\226\267"
 293      1C6C F976 
 293      8EFA 962A 
 293      F936 597C 
 293      A106 73DF 
 294 0768 4789 9511 		.ascii	"G\211\225\021\021$\325\001\205\316\230\\;\013\256\235\221\273"
 294      1124 D501 
 294      85CE 985C 
 294      3B0B AE9D 
 294      91BB 
 295 077a 9646 5DCB 		.ascii	"\226F]\313{;\221\342\202\313\230k\0333\227\301\230\033\314\253"
 295      7B3B 91E2 
 295      82CB 986B 
 295      1B33 97C1 
 295      981B CCAB 
 296 078e 8EB5 C3F5 		.ascii	"\216\265\303\365\254\325`\333Z\212\0267\261B\377\303\303\325"
 296      ACD5 60DB 
 296      5A8A 1637 
 296      B142 FFC3 
 296      C3D5 
 297 07a0 026E 6385 		.ascii	"\002nc\205\242\313\361\023\030?\241\005\273\214\210\351\"L\227"
 297      A2CB F113 
 297      183F A105 
 297      BB8C 88E9 
 297      224C 97
 298 07b3 152F 2FEB 		.ascii	"\025//\353\373m\022\370,\201\315\27490\236r\005/\224\rrY\220"
 298      FB6D 12F8 
 298      2C81 CDBC 
 298      3930 9E72 
 298      052F 940D 
 299 07ca 2FA1 FD6F 		.ascii	"/\241\375o\275\362"
 299      BDF2 
 300 07d0 5B12 C4EC 		.string	"[\022\304\354\337\322\245?\223\267\221\226\376\035l\351\277\"(\227\376j\037\272\354\222\0
 300      DFD2 A53F 
 300      93B7 9196 
 300      FE1D 6CE9 
 300      BF22 2897 
 301 0836 3B77 3742 		.string	";w7B\036S=\264\335\324#\302A\276\272G\205&\016\254\323m\344\315\b\335\327\200\356\353\200
 301      1E53 3DB4 
 301      DDD4 23C2 
 301      41BE BA47 
 301      8526 0EAC 
 302 0857 B9AA A0BB 		.ascii	"\271\252\240\273{\273\2029\033v\344\2134g.\337\032s3W\315\314"
 302      7BBB 8239 
 302      1B76 E48B 
 302      3467 2EDF 
 302      1A73 3357 
 303 086d E5AF C75C 		.ascii	"\345\257\307\\\207%s\371*\346\ne\314E\336\276\365"
 303      8725 73F9 
 303      2AE6 0A65 
 303      CC45 DEBE 
 303      F5
 304 087e DC11 2752 		.string	"\334\021'R\262P\373\311\265Q\027|\226\025V\033\n\0369\341\363\214\306\372\211\323\325\360
 304      B250 FBC9 
 304      B551 177C 
 304      9615 561B 
 304      0A1E 39E1 
 305 097f 317A 00   		.string	"1z"
 306 0982 F087 20F5 		.ascii	"\360\207 \365\212\201\323\242\314\254:u\236<\262\310\254z\326"
 306      8A81 D3A2 
 306      CCAC 3A75 
 306      9E3C B2C8 
 306      AC7A D6
 307 0995 0268 43B7 		.string	"\002hC\267y\213au\013\366p\300\237i\363Xj\325Y\033k}Fs\222\324YO\022\240\353d\342\355'\36
 307      798B 6175 
 307      0BF6 70C0 
 307      9F69 F358 
 307      6AD5 591B 
 308 0a96 7C1F 5671 		.string	"|\037Vq:\246\344\264\372\023\305"
 308      3AA6 E4B4 
 308      FA13 C500 
 309 0aa2 1856 0F80 		.ascii	"\030V\017\200\261\rV\250A\336\214P4\002\024\r\001~\024\344\231"
 309      B10D 56A8 
 309      41DE 8C50 
 309      3402 140D 
 309      017E 14E4 
 310 0ab7 82A2 995C 		.ascii	"\202\242\231\\F\321\260\212\"\262\002\023\267\311x'n\364\333"
 310      46D1 B08A 
 310      22B2 0213 
 310      B7C9 7827 
 310      6EF4 DB
 311 0aca 7643 F648 		.ascii	"vC\366H\332(cu\330&\253\211\357\346{1>E\351B\271\211'\222\020"
 311      DA28 6375 
 311      D826 AB89 
 311      EFE6 7B31 
 311      3E45 E942 
 312 0ae3 BEC0 0A6D 		.ascii	"\276\300\nmU\365\273\361%~\343v\364\240\003\316f\205\311\211"
 312      55F5 BBF1 
 312      257E E376 
 312      F4A0 03CE 
 312      6685 C989 
 313 0af7 AC27 0236 		.ascii	"\254'\0026\322\002~p\266\374\206\345\330J\220'\3754M\372\031"
 313      D202 7E70 
 313      B6FC 86E5 
 313      D84A 9027 
 313      FD34 4DFA 
 314 0b0c C8A9 593E 		.ascii	"\310\251Y>\266\246\245\261\265\231^\222\320\256^\250u\302\205"
 314      B6A6 A5B1 
 314      B599 5E92 
 314      D0AE 5EA8 
 314      75C2 85
 315 0b1f 4CFD C0A1 		.ascii	"L\375\300\241S\023\316\370\026-8\2164\314e\223\225\216\355\267"
 315      5313 CEF8 
 315      162D 388E 
 315      34CC 6593 
 315      958E EDB7 
 316 0b33 780C 1B25 		.ascii	"x\f\033%2\310\0243\001d\274RO1\313\312 \316}d\n\342\013\336\300"
 316      32C8 1433 
 316      0164 BC52 
 316      4F31 CBCA 
 316      20CE 7D64 
 317 0b4c E294 6579 		.ascii	"\342\224ey\3754\177\311[\221\030.B\f\347\001\376\032\344\r\310"
 317      FD34 7FC9 
 317      5B91 182E 
 317      420C E701 
 317      FE1A E40D 
 318 0b61 1CC8 12   		.ascii	"\034\310\022"
 319 0b64 C882 62E2 		.string	"\310\202b\342\\f&\241\213h\2127\376LeQ>ov\177\254H\264W\352\b\233[\360\224\271\302R\346\2
 319      5C66 26A1 
 319      8B68 8A37 
 319      FE4C 6551 
 319      3E6F 767F 
 320 0c65 277E 1D45 		.string	"'~\035E\330\005\217\320!\016>\210\225[\230\243X\271\007\315a\354\002T\315\356j\216\231]\2
 320      D805 8FD0 
 320      210E 3E88 
 320      955B 98A3 
 320      58B9 07CD 
 321 0d3c 3987 E50F 		.ascii	"9\207\345\0174C\0373\373d&|\276Q\327&\26630y$\314\333\b\\\377"
 321      3443 1F33 
 321      FB64 267C 
 321      BE51 D726 
 321      B633 3079 
 322 0d56 0903 9395 		.ascii	"\t\003\223\225\274o#\360\262\017\003\223X\306\343\r\300s\\3\331"
 322      BC6F 23F0 
 322      B20F 0393 
 322      58C6 E30D 
 322      C073 5C33 
 323 0d6b 7935 6EA4 		.ascii	"y5n\244\271\232\373L\237\3266\002\267p7\310i\301\005\333`\276"
 323      B99A FB4C 
 323      9FD6 3602 
 323      B770 37C8 
 323      69C1 05DB 
 324 0d81 43CC D942 		.ascii	"C\314\331B\023\024@\026\247\342\351\231u\260;X\242\203T\350="
 324      1314 4016 
 324      A7E2 E999 
 324      75B0 3B58 
 324      A283 54E8 
 325 0d96 52D8 EC88 		.ascii	"R\330\354\210\334\275\255\206\020]\204\310\375\177\242\310\347"
 325      DCBD AD86 
 325      105D 84C8 
 325      FD7F A2C8 
 325      E7
 326 0da7 F062 3B72 		.ascii	"\360b;r\330\236\t\212.`\323\031+q\214\372\363\264*\"\325^~\246"
 326      D89E 098A 
 326      2E60 D319 
 326      2B71 8CFA 
 326      F3B4 2A22 
 327 0dbf 4580 D276 		.ascii	"E\200\322v\347\022&gZ\347\2453\255\314\231\234nr\336\2261@\316"
 327      E712 2667 
 327      5AE7 A533 
 327      ADCC 999C 
 327      6E72 DE96 
 328 0dd6 38BD 2E65 		.ascii	"8\275.eF\210\005\320\356k\nD\351\346\023\334t\371\231V\026&g"
 328      4688 05D0 
 328      EE6B 0A44 
 328      E9E6 13DC 
 328      74F9 9956 
 329 0ded 5A25 D345 		.ascii	"Z%\323E\377\204#\354\220\315\363\314{\275X\356F\255\354h-\207"
 329      FF84 23EC 
 329      90CD F3CC 
 329      7BBD 58EE 
 329      46AD EC68 
 330 0e03 BA91 8DB9 		.ascii	"\272\221\215\271\033\227\027\323\242\035\310\321\032`\237\325"
 330      1B97 17D3 
 330      A21D C8D1 
 330      1A60 9FD5 
 331 0e13 E192 3831 		.ascii	"\341\22281\022\023\f\272l\356\037\\R\016\320\025j=\371^\326E"
 331      1213 0CBA 
 331      6CEE 1F5C 
 331      520E D015 
 331      6A3D F95E 
 332 0e29 079C C5CC 		.ascii	"\007\234\305\314\237\316:\276\352\302\333W\3771\301\231\036\312"
 332      9FCE 3ABE 
 332      EAC2 DB57 
 332      FF31 C199 
 332      1ECA 
 333 0e3b E59A DBE6 		.ascii	"\345\232\333\346Jm\363h\333\366C\007\363t\370\246\235\342\215"
 333      4A6D F368 
 333      DBF6 4307 
 333      F374 F8A6 
 333      9DE2 8D
 334 0e4e E116 F6C6 		.ascii	"\341\026\366\306\360\304\333\250yz\364,\362\243\344-\362\223"
 334      F0C4 DBA8 
 334      797A F42C 
 334      F2A3 E42D 
 334      F293 
 335 0e60 E47C BA68 		.ascii	"\344|\272h\301\334z\025\323'\244\230\301\350V=k\274D7\242\231"
 335      C1DC 7A15 
 335      D327 A498 
 335      C1E8 563D 
 335      6BBC 4437 
 336 0e76 6F17 F9AB 		.ascii	"o\027\371\253\311J{\362c\202\256\310\022\304\356;\221\265\262"
 336      C94A 7BF2 
 336      6382 AEC8 
 336      12C4 EE3B 
 336      91B5 B2
 337 0e89 7F24 DBC9 		.ascii	"\177$\333\311\246\362\353\222\362B\246|&rd\300\2115\366 '\232"
 337      A6F2 EB92 
 337      F242 A67C 
 337      2672 64C0 
 337      8935 F620 
 338 0e9f E591 D32E 		.ascii	"\345\221\323.\\7\371\335Bt{\362M\327-\t\354\355\212\3705;\273"
 338      5C37 F9DD 
 338      4274 7BF2 
 338      4DD7 2D09 
 338      ECED 8AF8 
 339 0eb6 BC09 0BD4 		.ascii	"\274\t\013\324\rL\264\025\341-\222N\272j\317\033\317;\312\321"
 339      0D4C B415 
 339      E12D 924E 
 339      BA6A CF1B 
 339      CF3B CAD1 
 340 0eca 701F 5D03 		.ascii	"p\037]\003t\001E\337\242\350|\t\375j4v\322Y\216\246\367\001Q"
 340      7401 45DF 
 340      A2E8 7C09 
 340      FD6A 3476 
 340      D259 8EA6 
 341 0ee1 CCBE 29A8 		.ascii	"\314\276)\250\361\\S\260\236/\3561\033\276;\207\006\305\267\233"
 341      F15C 53B0 
 341      9E2F EE31 
 341      1BBE 3B87 
 341      06C5 B79B 
 342 0ef5 E25C E45A 		.ascii	"\342\\\344ZK\360:\036\327]+\214Crt\351z\036\277<1\331f'G\227"
 342      4BF0 3A1E 
 342      D75D 2B8C 
 342      4372 74E9 
 342      7A1E BF3C 
 343 0f0f 59F1 F85D 		.ascii	"Y\361\370]\356X\233\353\2572\305\027\220'\263Mx\252/R\2149\274"
 343      EE58 9BEB 
 343      AF32 C517 
 343      9027 B34D 
 343      78AA 2F52 
 344 0f26 1995 8362 		.ascii	"\031\225\203b\243)[4\344\032\376W\340_\021&&_\256\220\337\017"
 344      A329 5B34 
 344      E41A FE57 
 344      E05F 1126 
 344      265F AE90 
 345 0f3c B8E9 D10F 		.ascii	"\270\351\321\017\262\237\023\270\261\237\023\364/O\264\332\311"
 345      B29F 13B8 
 345      B19F 13F4 
 345      2F4F B4DA 
 345      C9
 346 0f4d 03EA 260F 		.ascii	"\003\352&\017h%\r\350\035p\3716\213hI\331\304\274\263e\310vz"
 346      6825 0DE8 
 346      1D70 F936 
 346      8B68 49D9 
 346      C4BC B365 
 347 0f64 B2C9 A68A 		.ascii	"\262\311\246\212v\250R\352\320P\305\353\235\226\\\331\200\366"
 347      76A8 52EA 
 347      D050 C5EB 
 347      9D96 5CD9 
 347      80F6 
 348 0f76 36DD 8DD5 		.ascii	"6\335\215\325\177U$\306\274\217\252\341\016\324D\334I/u\304M"
 348      7F55 24C6 
 348      BC8F AAE1 
 348      0ED4 44DC 
 348      492F 75C4 
 349 0f8b 2CC3 5BE6 		.ascii	",\303[\346\356,a\334\315\n\375\275S\243\210\234\213\337\307\374"
 349      EE2C 61DC 
 349      CD0A FDBD 
 349      53A3 889C 
 349      8BDF C7FC 
 350 0f9f 5C        		.ascii	"\\"
 351 0fa0 BC62 7EEC 		.string	"\274b~\354\204\263tR\216j0\035\274\221\013\025\345z\302\024}\371\361U^y\224(\036\376\232\
 351      84B3 7452 
 351      8E6A 301D 
 351      BC91 0B15 
 351      E57A C214 
 352 1000 BA8E 1403 		.string	"\272\216\024\003\310\235\r\240\366\245\212eg<Jy\320\366_\037;\206\2207\337\252\312~H\324\
 352      C89D 0DA0 
 352      F6A5 8A65 
 352      673C 4A79 
 352      D0F6 5F1F 
 353 1055 0DAE 3C2B 		.string	"\r\256<+}\344l\263{\255R\367v\320\336\035}=uQ\313\3247\233\324\233\321mT}+S\337F\325/\027
 353      7DE4 6CB3 
 353      7BAD 52F7 
 353      76D0 DE1D 
 353      7D3D 7551 
 354 1108 D128 314F 		.string	"\321(1O)\346FWe\032\346\212\272\243E\364{%\250\217\202rbN\226!\016\232S\203\372)\350\\o\3
 354      29E6 4657 
 354      651A E68A 
 354      BAA3 45F4 
 354      7B25 A88F 
 355 1134 05D5 8F16 		.ascii	"\005\325\217\026_\326qP\275\332\357A\n\352\272W\327)\201\226"
 355      5FD6 7150 
 355      BDDA EF41 
 355      0AEA BA57 
 355      D729 8196 
 356 1148 D5A0 21E6 		.ascii	"\325\240!\346\323\351\247\321\316\222\271\255*\3203\n\232\032"
 356      D3E9 A7D1 
 356      CE92 B9AD 
 356      2AD0 330A 
 356      9A1A 
 357 115a A89B D74B 		.ascii	"\250\233\327K\346\336S\201\206)h8>\366\274\304\345\262\0324B"
 357      E6DE 5381 
 357      8629 6838 
 357      3EF6 BCC4 
 357      E5B2 1A34 
 358 116f 4109 674B 		.ascii	"A\tgK;9\227\225-?W\201F\031\231\223\303G%\237\252=U\2401\n:\371"
 358      3B39 9795 
 358      2D3F 5781 
 358      4619 9993 
 358      C347 259F 
 359 118b FCD6 AA14 		.ascii	"\374\326\252\024\341\t5\3509\005\335M=\225*\221\331\362\013\025"
 359      E109 35E8 
 359      3905 DD4D 
 359      3D95 2A91 
 359      D9F2 0B15 
 360 119f 689C 826A 		.string	"h\234\202j\336EO\n\222\343j\320\004\243\2406v\310A\342i\233\n4IA\247\273\272\016I\024\324
 360      DE45 4F0A 
 360      92E3 6AD0 
 360      04A3 A036 
 360      76C8 41E2 
 361 12a0 EDB6 EFD1 		.string	"\355\266\357\321\340\260\320\357\177n\b\336\007\232\303\002}\230zb\354\233P\277\260"
 361      E0B0 D0EF 
 361      7F6E 08DE 
 361      079A C302 
 361      7D98 7A62 
 362 12ba B8EF 00   		.string	"\270\357"
 363 12bd D7FB 43C3 		.string	"\327\373C\303}\rZ\303\336\340@\007bm\347\337\373\032\364PM\335\3665`\203\337~G\360=0\354\
 363      7D0D 5AC3 
 363      DEE0 4007 
 363      626D E7DF 
 363      FB1A F450 
 364 130d 04F8 1A36 		.string	"\004\370\0326\263{\276\273\003\r\276\301~\376a\241\332\357\003\375\366\331\323K_\303/\255
 364      B37B BEBB 
 364      030D BEC1 
 364      7EFE 61A1 
 364      DAEF 03FD 
 365 135f 1CBA DF20 		.string	"\034\272\337 \354\r\330f\3037\242\030\\\263'\265~!\001.\246jZt\374\306\317\177_\320\336\3
 365      EC0D D866 
 365      C337 A218 
 365      5CB3 27B5 
 365      7E21 012E 
 366 1397 5AED 18E4 		.string	"Z\355\030\344\367\327\3000_`\021\177\347gjk\252\324\263\253\340\320\200p\035\275\324\222\
 366      F7D7 C030 
 366      5F60 117F 
 366      E767 6A6B 
 366      AAD4 B3AB 
 367 13d9 FB05 3B49 		.string	"\373\005;I\025@\2116\374{\277\375R\005\271v\340\327\006=\330\203\276\207|\273w\367VY\260H
 367      1540 8936 
 367      FC7B BFFD 
 367      5205 B976 
 367      E0D7 063D 
 368 1409 D47F 1BC2 		.string	"\324\177\033\302\243\023\356\344\353\273?,twp`\260\257\257\326\177\217_\330\377"
 368      A313 EEE4 
 368      EBBB 3F2C 
 368      7477 7060 
 368      B0AF AFD6 
 369 1423 3102 23DB 		.ascii	"1\002#\333"
 370               		.text
 371               		.section	.gnu.lto_.symtab.b6a7c597a4e37e9f,"",@progbits
 372 0000 6163 7469 		.string	"action_get_macro"
 372      6F6E 5F67 
 372      6574 5F6D 
 372      6163 726F 
 372      00
 373 0011 00        		.string	""
 374 0012 01        		.ascii	"\001"
 375 0013 00        		.string	""
 376 0014 00        		.string	""
 377 0015 00        		.string	""
 378 0016 00        		.string	""
 379 0017 00        		.string	""
 380 0018 00        		.string	""
 381 0019 00        		.string	""
 382 001a 00        		.string	""
 383 001b 00        		.string	""
 384 001c 0C01 00   		.string	"\f\001"
 385 001f 00        		.string	""
 386 0020 6163 7469 		.string	"action_function"
 386      6F6E 5F66 
 386      756E 6374 
 386      696F 6E00 
 387 0030 00        		.string	""
 388 0031 01        		.ascii	"\001"
 389 0032 00        		.string	""
 390 0033 00        		.string	""
 391 0034 00        		.string	""
 392 0035 00        		.string	""
 393 0036 00        		.string	""
 394 0037 00        		.string	""
 395 0038 00        		.string	""
 396 0039 00        		.string	""
 397 003a 00        		.string	""
 398 003b 1301 00   		.string	"\023\001"
 399 003e 00        		.string	""
 400 003f 6B65 796D 		.string	"keymap_key_to_keycode"
 400      6170 5F6B 
 400      6579 5F74 
 400      6F5F 6B65 
 400      7963 6F64 
 401 0055 00        		.string	""
 402 0056 01        		.ascii	"\001"
 403 0057 00        		.string	""
 404 0058 00        		.string	""
 405 0059 00        		.string	""
 406 005a 00        		.string	""
 407 005b 00        		.string	""
 408 005c 00        		.string	""
 409 005d 00        		.string	""
 410 005e 00        		.string	""
 411 005f 00        		.string	""
 412 0060 1901 00   		.string	"\031\001"
 413 0063 00        		.string	""
 414 0064 6B65 796D 		.string	"keymap_function_id_to_action"
 414      6170 5F66 
 414      756E 6374 
 414      696F 6E5F 
 414      6964 5F74 
 415 0081 00        		.string	""
 416 0082 01        		.ascii	"\001"
 417 0083 00        		.string	""
 418 0084 00        		.string	""
 419 0085 00        		.string	""
 420 0086 00        		.string	""
 421 0087 00        		.string	""
 422 0088 00        		.string	""
 423 0089 00        		.string	""
 424 008a 00        		.string	""
 425 008b 00        		.string	""
 426 008c 1E01 00   		.string	"\036\001"
 427 008f 00        		.string	""
 428 0090 666E 5F61 		.string	"fn_actions"
 428      6374 696F 
 428      6E73 00
 429 009b 00        		.string	""
 430 009c 01        		.ascii	"\001"
 431 009d 00        		.string	""
 432 009e 00        		.string	""
 433 009f 00        		.string	""
 434 00a0 00        		.string	""
 435 00a1 00        		.string	""
 436 00a2 00        		.string	""
 437 00a3 00        		.string	""
 438 00a4 00        		.string	""
 439 00a5 00        		.string	""
 440 00a6 C801 00   		.string	"\310\001"
 441 00a9 00        		.string	""
 442 00aa 6163 7469 		.string	"action_for_key"
 442      6F6E 5F66 
 442      6F72 5F6B 
 442      6579 00
 443 00b9 00        		.string	""
 444 00ba 00        		.string	""
 445 00bb 00        		.string	""
 446 00bc 00        		.string	""
 447 00bd 00        		.string	""
 448 00be 00        		.string	""
 449 00bf 00        		.string	""
 450 00c0 00        		.string	""
 451 00c1 00        		.string	""
 452 00c2 00        		.string	""
 453 00c3 00        		.string	""
 454 00c4 A601 00   		.string	"\246\001"
 455 00c7 00        		.string	""
 456 00c8 6B65 796D 		.string	"keymaps"
 456      6170 7300 
 457 00d0 00        		.string	""
 458 00d1 02        		.ascii	"\002"
 459 00d2 00        		.string	""
 460 00d3 00        		.string	""
 461 00d4 00        		.string	""
 462 00d5 00        		.string	""
 463 00d6 00        		.string	""
 464 00d7 00        		.string	""
 465 00d8 00        		.string	""
 466 00d9 00        		.string	""
 467 00da 00        		.string	""
 468 00db BD01 00   		.string	"\275\001"
 469 00de 00        		.string	""
 470 00df 6D6F 645F 		.string	"mod_config"
 470      636F 6E66 
 470      6967 00
 471 00ea 00        		.string	""
 472 00eb 02        		.ascii	"\002"
 473 00ec 00        		.string	""
 474 00ed 00        		.string	""
 475 00ee 00        		.string	""
 476 00ef 00        		.string	""
 477 00f0 00        		.string	""
 478 00f1 00        		.string	""
 479 00f2 00        		.string	""
 480 00f3 00        		.string	""
 481 00f4 00        		.string	""
 482 00f5 AA01 00   		.string	"\252\001"
 483 00f8 00        		.string	""
 484 00f9 6B65 7963 		.string	"keycode_config"
 484      6F64 655F 
 484      636F 6E66 
 484      6967 00
 485 0108 00        		.string	""
 486 0109 02        		.ascii	"\002"
 487 010a 00        		.string	""
 488 010b 00        		.string	""
 489 010c 00        		.string	""
 490 010d 00        		.string	""
 491 010e 00        		.string	""
 492 010f 00        		.string	""
 493 0110 00        		.string	""
 494 0111 00        		.string	""
 495 0112 00        		.string	""
 496 0113 AC01 00   		.string	"\254\001"
 497 0116 00        		.string	""
 498               		.text
 499               		.section	.gnu.lto_.opts,"",@progbits
 500 0000 272D 666D 		.ascii	"'-fmath-errno' '-fsigned-zeros' '-ftrapping-m"
 500      6174 682D 
 500      6572 726E 
 500      6F27 2027 
 500      2D66 7369 
 501 002d 6174 6827 		.string	"ath' '-fno-trapv' '-fno-openmp' '-fno-openacc' '-mn-flash=1' '-mno-skip-bug' '-mmcu=avr5'
 501      2027 2D66 
 501      6E6F 2D74 
 501      7261 7076 
 501      2720 272D 
 502               		.text
 503               		.comm	__gnu_lto_v1,1,1
 504               		.comm	__gnu_lto_slim,1,1
 505               		.ident	"GCC: (GNU) 7.4.0"
DEFINED SYMBOLS
                            *ABS*:0000000000000000 keymap_common.c
/var/tmp//cc3CZSSf.s:2      *ABS*:000000000000003e __SP_H__
/var/tmp//cc3CZSSf.s:3      *ABS*:000000000000003d __SP_L__
/var/tmp//cc3CZSSf.s:4      *ABS*:000000000000003f __SREG__
/var/tmp//cc3CZSSf.s:5      *ABS*:0000000000000000 __tmp_reg__
/var/tmp//cc3CZSSf.s:6      *ABS*:0000000000000001 __zero_reg__
                            *COM*:0000000000000001 __gnu_lto_v1
                            *COM*:0000000000000001 __gnu_lto_slim

NO UNDEFINED SYMBOLS
