   1               		.file	"matrix.c"
   2               	__SP_H__ = 0x3e
   3               	__SP_L__ = 0x3d
   4               	__SREG__ = 0x3f
   5               	__tmp_reg__ = 0
   6               	__zero_reg__ = 1
   7               		.section	.gnu.lto_.profile.7f70b61bd180eae,"",@progbits
   8 0000 789C 6363 		.ascii	"x\234cc```\003bF\206_L+\031\001\005\345\001\264"
   8      6060 6003 
   8      6246 865F 
   8      4C2B 1901 
   8      05E5 01B4 
   9               		.text
  10               		.section	.gnu.lto_.icf.7f70b61bd180eae,"",@progbits
  11 0000 789C 6363 		.string	"x\234cc``X\317\200"
  11      6060 58CF 
  11      8000 
  12 000a B20C E7A6 		.string	"\262\f\347\246\314\273\314\311\330>\367\202\r\323\225k\213.r3\377\374p\372=\027\313\315\2
  12      CCBB CCC9 
  12      D83E F782 
  12      0DD3 956B 
  12      8B2E 7233 
  13 00b4 00        		.string	""
  14 00b5 0269 5A5E 		.ascii	"\002iZ^"
  15               		.text
  16               		.section	.gnu.lto_.jmpfuncs.7f70b61bd180eae,"",@progbits
  17 0000 789C 8592 		.string	"x\234\205\222\273N\303@\024Dg|\375\b\217\204\b("
  17      BB4E C340 
  17      1444 677C 
  17      FD08 8F84 
  17      0828 00
  18 0013 F90B E8F2 		.ascii	"\371\013\350\362Q|\004\225\323P\245E\024\310E\204\350S\360\f"
  18      517C 0495 
  18      D350 A545 
  18      14C8 4584 
  18      E853 F00C 
  19 0027 8F10 023D 		.ascii	"\217\020\002=\035\rM\250CIk\302\335\305\t\226\235\005KW\353\335"
  19      1D0D 4DA8 
  19      4349 6BC2 
  19      DDC5 0996 
  19      9D05 4B57 
  20 003d 9D3D 33F6 		.ascii	"\235=3\366\336\020\300\236`\376l\202d\222\n\274|\324=_\327C\235"
  20      DE10 C09E 
  20      60FE 6C82 
  20      6492 0ABC 
  20      7CD4 3D5F 
  21 0054 8BCE 7FF6 		.ascii	"\213\316\177\366\274}\002\034\222\320\232R\305\207\302\223\301"
  21      BC7D 021C 
  21      92D0 9A52 
  21      C587 C293 
  21      C1
  22 0065 6BAF DE91 		.ascii	"k\257\336\221T<\216\205g\214\255b,FV=\022\0015\345.i-\003+:\254"
  22      543C 8E85 
  22      678C AD62 
  22      2C46 563D 
  22      1201 35E5 
  23 0080 6AD5 8106 		.ascii	"j\325\201\006\260\246o\315\334\020\246\326\3630\033\310\255\216"
  23      B0A6 6FCD 
  23      DC10 A6D6 
  23      F330 1BC8 
  23      AD8E 
  24 0092 3F87 61AB 		.ascii	"?\207a\253\327n\246\"]\001wc\223]7\262\354\264\323H\262\366V"
  24      D76E A622 
  24      5D01 7763 
  24      935D 37B2 
  24      ECB4 D348 
  25 00a9 2A3E CFD9 		.ascii	"*>\317\331R\313\013&\277\276S\241\247\262\243\203\321Kd\242\372"
  25      52CB 0B26 
  25      BFBE 53A1 
  25      A7B2 A383 
  25      D14B 64A2 
  26 00be 042F 199B 		.ascii	"\004/\031\233\362\253`:\300W\026|]\006\317H(.\303+M\2536\236"
  26      F2AB 603A 
  26      C057 167C 
  26      5D06 CF48 
  26      282E C32B 
  27 00d6 C3A6 6F6D 		.ascii	"\303\246omn\\6\013\002\213\203tkIw\377\007\216\026\345\363\035"
  27      6E5C 360B 
  27      028B 8374 
  27      6B49 77FF 
  27      078E 16E5 
  28 00ec D47B 4B1D 		.ascii	"\324{K\035\270\250\333(\177\373\016\362\373\373\232\274Ol\253"
  28      B8A8 DB28 
  28      7FFB 0EF2 
  28      FBFB 9ABC 
  28      4F6C AB
  29 00ff 8001 1FF2 		.ascii	"\200\001\037\362N\tl\243\300X\325\214\250\337\377x\213\324\253"
  29      4E09 6CA3 
  29      C058 D58C 
  29      A8DF FF78 
  29      8BD4 AB
  30 0112 964A D095 		.ascii	"\226J\320\225\300\242\376\270\312@\257\362Q\235MUN\207zzT\t:"
  30      C0A2 FEB8 
  30      CA40 AFF2 
  30      519D 4D55 
  30      4E87 7A7A 
  31 0129 9397 23CC 		.ascii	"\223\227#\314e\204\2778\311\223\213U\370\225d1\0364\336\263j"
  31      6584 BF38 
  31      C993 8B55 
  31      F895 6431 
  31      1E34 DEB3 
  32 013e 8CD5 3717 		.ascii	"\214\3257\027\346\320R"
  32      E6D0 52
  33               		.text
  34               		.section	.gnu.lto_.inline.7f70b61bd180eae,"",@progbits
  35 0000 789C 7590 		.string	"x\234u\220AN\303@\fE\277=\303$$i\023h\005\242B\224%+N\320e\327=S\217\220#t\303\035\270"
  35      414E C340 
  35      0C45 BF3D 
  35      C324 2469 
  35      1368 05A2 
  36 0026 2B24 D445 		.string	"+$\324E\245\202\350\202#\300\r\260\235t\240M\232\2053\363l\177{~"
  36      A582 E882 
  36      23C0 0DB0 
  36      9D74 A04D 
  36      9A85 33F3 
  37 003f 3067 C46F 		.ascii	"0g\304o\fT%\021R\002xR\277\022\302j\252y\017>\231q\030m@\340"
  37      0C54 2511 
  37      5202 7852 
  37      BF12 C26A 
  37      AA79 0F3E 
  38 0059 FBAF 65B6 		.ascii	"\373\257e\266\247\202\307o\244p\371~\035!e\022\002\356>\211\230"
  38      A782 C76F 
  38      A470 F97E 
  38      1D21 6512 
  38      02EE 3E89 
  39 006e 5409 9504 		.ascii	"T\t\225\004\377\260{nkx]z\r\205Vs.\035\365BTT\275\271$p,\027"
  39      FFB0 7B6E 
  39      6B78 5D7A 
  39      0D85 5673 
  39      2E1D F542 
  40 008a 9569 3553 		.ascii	"\225i5S\370\342\220\330\224\363~\234u\372\363\376\302\242\037"
  40      F8E2 90D8 
  40      94F3 7E9C 
  40      75FA F3FE 
  40      C2A2 1F
  41 009d 0F3A FDC3 		.ascii	"\017:\375\303\016)\221\224B\374j\032\221n\217\nI 6\007\355\361"
  41      0E29 9194 
  41      42FC 6A1A 
  41      916E 8F0A 
  41      4920 3607 
  42 00b3 2E7C 3FC6 		.ascii	".|?\306g\247\346\331%\274\333\233,\360\317\343\021\256^tL\272"
  42      67A7 E6D9 
  42      25BC DB9B 
  42      2CF0 CFE3 
  42      11AE 5E74 
  43 00c9 DEF2 3F55 		.ascii	"\336\362?U\022g\234\355Y/\364/\016\035B\263\r7\310?\324\303l"
  43      1267 9CED 
  43      592F F42F 
  43      0E1D 42B3 
  43      0D37 C83F 
  44 00e0 F7E4 6277 		.ascii	"\367\344bw[?A1;N\331S\233V;\336\342\342\007\307\323-s6\324\355"
  44      5B3F 4131 
  44      3B4E D953 
  44      9B56 3BDE 
  44      E2E2 07C7 
  45 00fa 2093 FCA0 		.ascii	" \223\374\240\231\210_\334\0224\005"
  45      9988 5FDC 
  45      1234 05
  46               		.text
  47               		.section	.gnu.lto_.pureconst.7f70b61bd180eae,"",@progbits
  48 0000 789C 6363 		.string	"x\234cc``\320\004b\021\006)&)f)\026)6)v\t\016\tN\t.\tn\t\036\t^\006>\006~\t\001\026!\026a
  48      6060 D004 
  48      6211 0629 
  48      2629 6629 
  48      1629 3629 
  49 0033 3B5A 02CC 		.ascii	";Z\002\314"
  50               		.text
  51               		.section	.gnu.lto_select_row.7f70b61bd180eae,"",@progbits
  52 0000 789C 8553 		.string	"x\234\205S\317k\023Q\020\236yo\263\371\375\263)\032\315A\275\224\"\250\305\177\301\223W\3
  52      CF6B 1351 
  52      109E 796F 
  52      B3F9 FDB3 
  52      291A CD41 
  53 006b 599F 40E4 		.string	"Y\237@\344\215\362!d\004f\360\222\274*\261Q\330\250\213\321\333\212\036\373\332J\340\272z
  53      8DF2 2164 
  53      0466 F092 
  53      BC2A B151 
  53      D8A8 8BD1 
  54 00b8 DEC7 1126 		.string	"\336\307\021&\177\274\333\235\013\233\206\316\207\017\320\004\244\315\342k\217\255\272\27
  54      7FBC DB9D 
  54      0B9B 86CE 
  54      870F D004 
  54      A4CD E26B 
  55 010b 455A 340C 		.string	"EZ4\fe\303\005)x\227\267\341\023\346\332\205\326\233$wY\221X\221\303\f\255\372\365Y\220\0
  55      65C3 0529 
  55      7897 B7E1 
  55      13E6 DA85 
  55      D69B 2477 
  56 01aa 5B98 C972 		.string	"[\230\311r\247~R\341\0236\201\253\324r_:\037%\340\036:&TdJ7\275\320\336Z09\233\304(\256\r
  56      A77E 52E1 
  56      1336 81AB 
  56      D472 5F3A 
  56      1F25 E01E 
  57 0246 F1D3 D3E3 		.ascii	"\361\323\323\343'\247\246'\016N\214OM\2368{\3408\310\311Sg~\003"
  57      27A7 A627 
  57      0E4E 8C4F 
  57      4D9E 387B 
  57      E038 C8C9 
  58 025e 826C 2A1A 		.ascii	"\202l*\032"
  59               		.text
  60               		.section	.gnu.lto_row_pins.7f70b61bd180eae,"",@progbits
  61 0000 789C 6363 		.string	"x\234cc``\330\016\304\214\f\0200\205\231\261g\326\266\371\214\335\314s\230\031\030'3\002\
  61      6060 D80E 
  61      C48C 0C10 
  61      3085 99B1 
  61      67D6 B6F9 
  62 004e 3F44 9609 		.string	"?D\226\t\310=3m\247\031Dr*\310\344_+\177\354a\203\360'\201\3707\026\377\331\301j\261\255\
  62      C83D 336D 
  62      A719 4472 
  62      2AC8 E45F 
  62      2B7F EC61 
  63 009c 6A07 3918 		.ascii	"j\0079\030"
  64               		.text
  65               		.section	.gnu.lto_unselect_row.7f70b61bd180eae,"",@progbits
  66 0000 789C 8553 		.string	"x\234\205SMkSA\024\275w\346\345\345\353\345\263)\032\315BE(EP\213\177\301?R\\\271\250bi\3
  66      4D6B 5341 
  66      14BD 77E6 
  66      E5E5 EBE5 
  66      B329 1ACD 
  67 005c F05E 02EC 		.string	"\360^\002\354\242\337\275\264Q\002\212\352K\200BH \362A\205\020\362\002\363xY^\225\330.\1
  67      A2DF BDB4 
  67      5102 8AEA 
  67      4B80 4248 
  67      20F2 4185 
  68 00b6 F03E 8E71 		.string	"\360>\216q\362\207\273\375k1\323p\353\341\0034\001\351\260\374:\340\250\376\357\262rz\007
  68      F287 BBFD 
  68      6B31 D370 
  68      EBE1 0334 
  68      01E9 B0FC 
  69 0108 15DA 340A 		.string	"\025\3324\n\345\300E)\370Tr\340\023\026\273\345\033Qn\261!\261!G\031Y\013\273wAN\352\347\
  69      E5C0 4529 
  69      F854 72E0 
  69      1316 BBE5 
  69      1B51 6EB1 
  70 0187 6144 AABC 		.string	"aD\252\274\375\274m\271\244\375\370d\210\304i\004\264{\227\006@p\247-C\333Zq\336\325#la\2
  70      FDBC 6DB9 
  70      A4FD F864 
  70      88C4 6904 
  70      B47B 9706 
  71 0204 9F0D B59F 		.string	"\237\r\265\237\2444\337\370R\177\225I\016d\332\303\363J\023\203E\277{\242#\332m\332\227\2
  71      A434 DFF8 
  71      527F 9549 
  71      0E64 DAC3 
  71      F34A 1383 
  72 0253 FF71 250C 		.ascii	"\377q%\f"
  73               		.text
  74               		.section	.gnu.lto_unselect_rows.7f70b61bd180eae,"",@progbits
  75 0000 789C 8554 		.string	"x\234\205T[O\023Q\020\236\331\263\273-\333\226\226\322\212\t}@\023\036@\243\022\377\212\1
  75      5B4F 1351 
  75      109E D9B3 
  75      BB2D DB96 
  75      96D2 8A09 
  76 0080 A4DF 4264 		.string	"\244\337Bd\\z\021\342\2060-\214\033&\240\213hm\031\242\204\263\342\242\300Bjq\302h\272.\3
  76      5C7A 11E2 
  76      8630 2D8C 
  76      1B26 A08B 
  76      686D 19A2 
  77 00ae F5C3 116C 		.ascii	"\365\303\021l\002\362\3730\274\336\037\260M\215\343(\332H\340"
  77      02F2 FB30 
  77      BCDE 1FB0 
  77      4D8D E328 
  77      DA48 E0
  78 00c1 C064 2AE1 		.ascii	"\300d*\341\210\b\262\303\306[y\001\033\257I\231\220\356\312\215"
  78      8808 B2C3 
  78      C65B 7901 
  78      1BAF 4999 
  78      90EE CA8D 
  79 00d5 4841 CACB 		.ascii	"HA\312\313\322\314\n\3041\024\024\204\007cx \246(\267\330\360"
  79      D2CC 0AC4 
  79      3114 1484 
  79      0763 7820 
  79      A628 B7D8 
  80 00ea 3636 2A32 		.ascii	"66*2\242\034'Jz044o\271r}#%\335\305\346'\243\257\3031\204\254"
  80      A21C 274A 
  80      7A30 3434 
  80      6FB9 727D 
  80      2325 DDC5 
  81 0106 300C 3242 		.ascii	"0\f2B\2601yk\261\261\311\230\036\306\274d\254*\306\0346>\336"
  81      B031 796B 
  81      B1B1 C998 
  81      1EC6 BC64 
  81      AC2A C61C 
  82 011d FAD9 04D8 		.ascii	"\372\331\004\330T\263K\220\017B\034Q\303\3330\037\324\262\211"
  82      54B3 4B90 
  82      0F42 1C51 
  82      C3DB 301F 
  82      D4B2 89
  83 0130 F036 0A2C 		.ascii	"\3606\n,]\307\313z\265\004\350\241Z\223\001\351B\2570h\221ta"
  83      5DC7 CB7A 
  83      B504 E8A1 
  83      5A93 01E9 
  83      42AF 3068 
  84 0147 1113 B9F1 		.ascii	"\021\023\271\361\376f\225,\271P%\231\223\205Y\317\031\301\205"
  84      FE66 952C 
  84      B950 2599 
  84      9385 59CF 
  84      19C1 85
  85 015a 02DE 41AE 		.ascii	"\002\336A\256\260\227\262\244\367A\356\2371QL-/\034a\377\001"
  85      B097 B2A4 
  85      F741 EE9F 
  85      3151 4C2D 
  85      2F1C 61FF 
  86 016f 6A17 8910 		.ascii	"j\027\211\0204U\245\367\306\366p[51\371k\372[u\374\267\334I@"
  86      3455 A5F7 
  86      C6F6 705B 
  86      3531 F96B 
  86      FA5B 75FC 
  87 0187 4EE8 5EFD 		.ascii	"N\350^\375\234[\356\361\345\360jW(+<8\211q\234`\031:\231Hg\322"
  87      9C5B EEF1 
  87      E5F0 6A57 
  87      282B 3C38 
  87      8971 9C60 
  88 01a1 C196 2199 		.ascii	"\301\226!\231\226\262!+\274x\027s\244\201\352\265\335\303\026"
  88      96B2 212B 
  88      BC78 1773 
  88      A481 EAB5 
  88      DDC3 16
  89 01b4 D24A 164F 		.ascii	"\322J\026O\241\026\023Zo\256\373fV\260\036\335\"\274O<*\305M"
  89      A116 135A 
  89      6FAE FB66 
  89      56B0 1EDD 
  89      22BC 4F3C 
  90 01cb 1F93 DC38 		.ascii	"\037\223\3348(S\n\262\b\243\240\236W"
  90      2853 0AB2 
  90      08A3 A09E 
  90      57
  91 01d8 4BAB 7E1D 		.string	"K\253~\035\264\013\247*\202\330\215\200\302\332\351M\300\263\275,S\2255\342\276\3138\\Bw\
  91      B40B A72A 
  91      82D8 8D80 
  91      C2DA E94D 
  91      C0B3 BD2C 
  92 02d9 35C7 3B5A 		.ascii	"5\307;Z\217\265w\264\355okm?q\264s\337a\300\316?\235woE"
  92      8FB5 77B4 
  92      ED6F 6B6D 
  92      3F71 B473 
  92      DF61 C0CE 
  93               		.text
  94               		.section	.gnu.lto_init_pins.7f70b61bd180eae,"",@progbits
  95 0000 789C 8554 		.string	"x\234\205T\317O\023Q\020\236\331\267\273m\267\245\205\322\032Ij\202&\036\020\243\022\377\
  95      CF4F 1351 
  95      109E D9B7 
  95      BB6D B7A5 
  95      85D2 1A49 
  96 006e 31B7 81A6 		.string	"1\267\201\246^\b\275\230q\233\206\350\235\003\220\216\025\263A\372,D\306\245\033!j\b\323\
  96      5E08 BD98 
  96      719B 86E8 
  96      9D03 908E 
  96      15B3 41FA 
  97 00ac 480B 5017 		.ascii	"H\013P\027\216`\023\220\337\207\341\255\376\032\333\3248>@\033"
  97      8E60 1390 
  97      DF87 E1AD 
  97      FE1A DBD4 
  97      383E 401B 
  98 00c0 091C 9848 		.ascii	"\t\034\230H\306\035\021Bv\330~/{\361\360\035)\3432\267v/\224"
  98      C61D 1142 
  98      76D8 7E2F 
  98      7BF1 F01D 
  98      29E3 32B7 
  99 00d7 97F2 A634 		.ascii	"\227\362\24643\002q\024\005\005\341\311\b\236\210(\312\0356|"
  99      3302 7114 
  99      0505 E1C9 
  99      089E 8828 
  99      CA1D 367C 
 100 00eb 8887 1519 		.ascii	"\210\207\025\031Q\216\021%=\030\032Z\262rrk;)so\233'K\253\301"
 100      518E 1125 
 100      3D18 1A5A 
 100      B272 726B 
 100      3B29 736F 
 101 0104 0308 1961 		.ascii	"\003\b\031a\030d\204`c\362\326bc\2231]\214\271\311X\036\306\034"
 101      1864 8460 
 101      63F2 D662 
 101      6393 315D 
 101      8CB9 C958 
 102 011b 365E DEFA 		.ascii	"6^\336\372\330\324\260\361\263K\200_\324rD\035o\203\374\242\236"
 102      D8D4 B0F1 
 102      B34B 805F 
 102      D472 441D 
 102      6F83 FCA2 
 103 0130 4D88 B761 		.ascii	"M\210\267a`\351\006^F\324\022\240\233j\215\3312\007=\302\240"
 103      60E9 065E 
 103      46D4 12A0 
 103      9B6A 8DD9 
 103      3207 3DC2 
 104 0145 4522 0705 		.ascii	"E\"\007\005Ld\277\366[*e*c|\274\260\342\212\376\226\356\214\260"
 104      4C64 BFF6 
 104      5B2A 652A 
 104      637C BCB0 
 104      E28A FE96 
 105 015c D382 D37F 		.ascii	"\323\202\323\177\204Qbp\301\032\306\263\353\375GTU\304E\276\351"
 105      8451 6270 
 105      C11A C6B3 
 105      EBFD 4754 
 105      55C4 45BE 
 106 0171 8BF9 05D7 		.ascii	"\213\371\005\327\025\301\035\001\034GnE\017\225C\037\216x?a\274"
 106      15C1 1D01 
 106      1C47 6E45 
 106      0F95 431F 
 106      8E78 3F61 
 107 0186 987C B77C 		.ascii	"\230|\267|\206\375\007\250\257\224\rAS\036\2757v\207\273U\267"
 107      86FD 07A8 
 107      AF94 0D41 
 107      531E BD37 
 107      7687 BB55 
 108 019b 133F A7D7 		.ascii	"\023?\247\327\375\244\274\237\200\254\320M\375\261\370\271\333"
 108      FDA4 BC9F 
 108      80AC D04D 
 108      FDB1 F8B9 
 108      DB
 109 01ac 9BC5 DBB1 		.ascii	"\233\305\333\261\332\214\360\340c\214\342\004\313p\236\251t*"
 109      DA8C F0E0 
 109      638C E204 
 109      CB70 9EA9 
 109      742A 
 110 01be D032      		.ascii	"\3202"
 111 01c0 2453 5236 		.string	"$SR6f\204\203O0K\032\250\276\357$\266\220V\242x\t\265\230\320z\213]\3673\202\365\350\270\
 111      6684 834F 
 111      304B 1AA8 
 111      BEEF 24B6 
 111      9056 A278 
 112 02c1 8D87 E123 		.string	"\215\207\341#v-\314\036\325\\L\364kc~\262<7^\234Ss\003\3371\314#d,9\304$\212\373\210\312\
 112      762D CC1E 
 112      D55C 4CF4 
 112      6B63 7EB2 
 112      3C37 5E9C 
 113 02f6 75E7 3B5A 		.ascii	"u\347;Z\317\265w\264\035okm\277p\266\363\330i\300\316?\037\002"
 113      CFB5 77B4 
 113      1D6F 6B6D 
 113      BF70 B6F3 
 113      D869 C0CE 
 114 030d 7D9C      		.ascii	"}\234"
 115               		.text
 116               		.section	.gnu.lto_col_pins.7f70b61bd180eae,"",@progbits
 117 0000 789C 2D8F 		.string	"x\234-\217\313N\302@\024\206\347P.A\r\254\334\365!\274-x\004\037\213\005\022\243\013cB\30
 117      CB4E C240 
 117      1486 E750 
 117      2E41 0DAC 
 117      DCF5 21BC 
 118 00e1 34BD EB1D 		.ascii	"4\275\353\035\306\270\216\345\331Y\257\235W\376&\375\356|bF\022"
 118      C6B8 8EE5 
 118      D959 AF9D 
 118      57FE 26FD 
 118      EE7C 6246 
 119 00f6 6672 F320 		.ascii	"fr\363 \351\342k\200\226u\272%\235Vtjai\202\006\250\203\032\270"
 119      E9E2 6B80 
 119      9675 BA25 
 119      9D56 746A 
 119      6169 8206 
 120 010e 012E A882 		.ascii	"\001.\250\202kP\001\016(\003\033\254\352da)\201\"0\301\025\270"
 120      6B50 010E 
 120      2803 1BAC 
 120      EA64 6129 
 120      8122 30C1 
 121 0124 0417 A40B 		.ascii	"\004\027\244\013jSB\374\001D\252\213\177"
 121      6A53 42FC 
 121      0144 AA8B 
 121      7F
 122               		.text
 123               		.section	.gnu.lto_read_cols_on_row.7f70b61bd180eae,"",@progbits
 124 0000 789C 7D56 		.string	"x\234}V\351OTW\024\277\347\335yoVf"
 124      E94F 5457 
 124      14BF E7DD 
 124      796F 5666 
 124      00
 125 0011 9790 062A 		.string	"\227\220\006*iK\210\2662\2326\365Cc\323\264_\372\017\364\363d:\220\226t@\313bm\374\300C\2
 125      694B 88B6 
 125      329A 36F5 
 125      4363 D3B4 
 125      5FFA 0FF4 
 126 009c C975 0BB0 		.ascii	"\311u\013\260\022\205"
 126      1285 
 127 00a2 9B54 CD0C 		.string	"\233T\315\f%\212\306 \n\340x\271\240/\266\204\257\344\260bUm\217sj\275\256/\324\243\253\2
 127      258A C620 
 127      0AE0 78B9 
 127      A02F B684 
 127      AFE4 B062 
 128 01a3 63D6 145A 		.string	"c\326\024Z8\345m\302\305\254\342b\321h1\323\326B\213\025\027\253\215dv\332:hI\240\305I\21
 128      38E5 6DC2 
 128      C5AC E262 
 128      D168 31D3 
 128      D642 8B15 
 129 01c6 1269 49A2 		.ascii	"\022iI\242%Y8\233\200\257\352$\240zL\006\252g\n\243\360\251J"
 129      2559 389B 
 129      80AF EA24 
 129      A07A 4C06 
 129      AA67 0AA3 
 130 01dd 2C8D BE4D 		.ascii	",\215\276M\021j\351\004\312X\025\346Y\252\351QV\315\025|)\213"
 130      116A E904 
 130      CA58 15E6 
 130      59AA E951 
 130      56CD 157C 
 131 01f3 B23B B070 		.ascii	"\262;\260p\240\262\261\343'N\331\0079\004\371$\224\225\005+@"
 131      A0B2 B1E3 
 131      274E D907 
 131      3904 F924 
 131      9495 052B 
 132 0208 0A14 94C5 		.ascii	"\n\024\224\305\037\275\006\n\034\302\"\242N(\246\303\203|2j\022"
 132      1FBD 060A 
 132      1CC2 22A2 
 132      4E28 A6C3 
 132      837C 326A 
 133 021d D6D3 C55B 		.ascii	"\326\323\305[T)LA\253\300\242#g\315d\305E\021\017\0369sB\013"
 133      5429 4C41 
 133      ABC0 A223 
 133      67CD 64C5 
 133      4511 0F1E 
 134 0235 C386 525D 		.ascii	"\303\206R]\327\303\233\250\024*\032#\035\261vp\030\302\300\372"
 134      D7C3 9BA8 
 134      142A 1A23 
 134      1DB1 7670 
 134      18C2 C0FA 
 135 0249 6161 F867 		.ascii	"aa\370g\201JI \ba\016\335j\253K&\331x\210\3550\026\342\bB\304"
 135      814A 4920 
 135      0861 0EDD 
 135      6AAB 4B26 
 135      D978 88ED 
 136 0263 7B55 81C1 		.ascii	"{U\201\301Q\374r\027\312\3037\003\".\nc\337\276\273]\346\222"
 136      51FC 7217 
 136      CAC3 3703 
 136      222E 0A63 
 136      DFBE BB5D 
 137 0279 67BA 25C4 		.ascii	"g\272%\304m\001\214\214\3011(a\230x\210\333)\202t\303\327\371"
 137      6D01 8C8C 
 137      C131 2861 
 137      9878 88DB 
 137      2982 74C3 
 138 028f F21D 212E 		.ascii	"\362\035!.\351n\302\355\2033\301\033NI\367t\334n\030\331X\353"
 138      E96E C2ED 
 138      8333 C11B 
 138      4E49 F774 
 138      DC6E 18D9 
 139 02a5 E49F 8BC4 		.ascii	"\344\237\213\304\226]\333\021\261\023;t<\363\310\033\207\313"
 139      965D DB11 
 139      B113 3B74 
 139      3CF3 C81B 
 139      87CB 
 140 02b7 24F3 1C70 		.ascii	"$\363\034pR\362\343\0042\357\270\301<8%\3105\334\260\371\202"
 140      52F2 E304 
 140      32EF B8C1 
 140      3C38 25C8 
 140      35DC B0F9 
 141 02cc 2B6D 9D5E 		.ascii	"+m\235^\245\353\211*v\253\361\334G\272;\0304C\032E\322;\274\344"
 141      A5EB 892A 
 141      76AB F1DC 
 141      47BA 3B18 
 141      3443 1A45 
 142 02e4 87E5 8E51 		.ascii	"\207\345\216Q\256\226\013\007\253w\333U\002\021|\r`\331\361\373"
 142      AE96 0B07 
 142      AB77 DB55 
 142      0211 7C0D 
 142      60D9 F1FB 
 143 02f8 E948 4D8D 		.ascii	"\351HM\215\231W\203\210\246\272#\332b5\270\372\317\332\017O\355"
 143      9957 8388 
 143      A6BA 23DA 
 143      6235 B8FA 
 143      CFDA 0F4F 
 144 030d 0DE9 7A85 		.ascii	"\r\351z\205\216\300\tp\372\325x\320\240\347\360\372\255*_)\255"
 144      8EC0 0970 
 144      FAD5 78D0 
 144      A0E7 F0FA 
 144      AD2A 5F29 
 145 0322 7FB9 B268 		.ascii	"\177\271\262h\304\025\313\345T\362\313\\\316\374\247m\254\213"
 145      C415 CBE5 
 145      54F2 CB5C 
 145      CEFC A76D 
 145      AC8B 
 146 0334 DA20 035A 		.ascii	"\332 \003Z)\250\026<\273\263\324H\270\220\024u\032\267\326\367"
 146      29A8 163C 
 146      BBB3 D448 
 146      B890 1475 
 146      1AB7 D6F7 
 147 0348 C572 B5BE 		.ascii	"\305r\265\276\222\3539\231k\270\276\356Ma\323*l~l\272\324\220"
 147      92EB 3999 
 147      6BB8 BEEE 
 147      4D61 D32A 
 147      6C7E 6CBA 
 148 035e 40D5 4E80 		.ascii	"@\325N\200^<\n\343\024w"
 148      5E3C 0AE3 
 148      1477 
 149 0368 D529 027C 		.string	"\325)\002|\354):\003H\201\026\362\331\216\007I\312!\356\022\365\253\351\254\223l\242z\215
 149      EC29 3A03 
 149      4881 16F2 
 149      D98E 0749 
 149      CA21 EE12 
 150 0469 C5F0 54C3 		.ascii	"\305\360T\303nN\227Ao\037\030\332\256\021\232\005\\\320;\316"
 150      6E4E 9741 
 150      6F1F 18DA 
 150      AE11 9A05 
 150      5CD0 3BCE 
 151 047d BF03 D5C6 		.ascii	"\277\003\325\306d\232 @\034\002$&s\242\030\336M\225|\271,&C$"
 151      649A 2040 
 151      1C02 2426 
 151      73A2 18DE 
 151      4D95 7CB9 
 152 0495 B2B5 5A99 		.ascii	"\262\265Z\231\266Y\364\310\303\026\245<l\241\033S>p\r\210E\303"
 152      B659 F4C8 
 152      C316 A53C 
 152      6CA1 1B53 
 152      3E70 0D88 
 153 04ab CB77 5698 		.ascii	"\313wV\230\362\376\"\225\360\213\300l\374\216H0-\225\020\030"
 153      F2FE 2295 
 153      F08B C06C 
 153      FC8E 4830 
 153      2D95 1018 
 154 04bf 5C87 3CC1 		.ascii	"\\\207<\301\270M\302\007\0357]\203\321\305\203\246\005#d\".\027"
 154      B84D C207 
 154      1D37 5D83 
 154      D1C5 83A6 
 154      0523 6422 
 155 04d5 0492 DA37 		.ascii	"\004\222\3327`\201\234\255\333\272w+2(\327\270Y\230>f\020\376"
 155      6081 9CAD 
 155      DBBA 772B 
 155      3228 D7B8 
 155      5998 3E66 
 156 04eb 4995 E983 		.ascii	"I\225\351\203\362\316\243C\232\221\004\272\026\341U\343\031W"
 156      F2CE A343 
 156      9A91 04BA 
 156      16E1 55E3 
 156      1957 
 157 04fd BE23 C85A 		.ascii	"\276#\310Zv?\226b\032\242\355>v\262\302\"'<@\037\244J2Tsu\224"
 157      763F 9662 
 157      1AA2 ED3E 
 157      76B2 C222 
 157      273C 401F 
 158 0518 DC65 8F2A 		.ascii	"\334e\217*:\254\322 \021#\b\362\t\024\325Eyv\257\215\247_\220"
 158      3AAC D220 
 158      1123 08F2 
 158      0914 D545 
 158      7976 AF8D 
 159 052f 2B51 F2A3 		.ascii	"+Q\362\243\273+\342 n\007\371\024d5\332\355\251l\335i\223=\005"
 159      BB2B E220 
 159      6E07 F914 
 159      6435 DAED 
 159      A96C DD69 
 160 0546 7013 8C4A 		.ascii	"p\023\214J\033=\207Z\214=\004<\3664S\347\376\007\032\rt\234y"
 160      1B3D 875A 
 160      8C3D 043C 
 160      F634 53E7 
 160      FE07 1A0D 
 161 055d D5C8 36FC 		.ascii	"\325\3106\374\225\203q\365\203\302\244b2\245|\366\350\275m6\t"
 161      9583 71F5 
 161      83C2 A462 
 161      32A5 7CF6 
 161      E8BD 6D36 
 162 0572 4FD8 4F1E 		.ascii	"O\330O\036\2655\032\375j\207[rl=\204dj]\245\335\206\340\352\300"
 162      B535 1AFD 
 162      6A87 5B72 
 162      6C3D 8464 
 162      6A5D A5DD 
 163 058a 9708 6696 		.ascii	"\227\bf\226\227!\215\230\003\253\377\347\242\300r\300\355\227"
 163      9721 8D98 
 163      03AB FFE7 
 163      A2C0 72C0 
 163      ED97 
 164 059c 1785 3890 		.ascii	"\027\2058\220\245=C\212\274\356\222^[\200;\222\252e{+\233\315"
 164      A53D 438A 
 164      BCEE 925E 
 164      5B80 3B92 
 164      AA65 7B2B 
 165 05b2 521F EB9B 		.ascii	"R\037\353\233D\367\333=c\n\241\204b\253\302\373\250\024\177*"
 165      44F7 DB3D 
 165      630A A184 
 165      62AB C2FB 
 165      A814 7F2A 
 166 05c6 B0A4 6F8B 		.ascii	"\260\244o\213\275\371E\305y\356<oQA\356\374,\037s\372\212\013"
 166      BDF9 45C5 
 166      79EE 3C6F 
 166      5141 EEFC 
 166      2C1F 73FA 
 167 05dc 0A72 F28B 		.ascii	"\nr\362\213<Rb\217m\013\346|\347\364{\013\305\213g\236\327_\234"
 167      3C52 628F 
 167      6D0B E67C 
 167      E7F4 7B0B 
 167      C58B 679E 
 168 05f3 63F5 CDF1 		.ascii	"c\365\315\361{r\363\263s\346\233<\236\342\302\217\334\305\205"
 168      7B72 F3B3 
 168      73E6 9B3C 
 168      9EE2 C28F 
 168      DCC5 85
 169 0606 056E FF1C 		.ascii	"\005n\377\034\237\327\357\376,\307\357\367\026\270\275\363\n"
 169      9FD7 EFFE 
 169      2CC7 EFF7 
 169      16B8 BDF3 
 169      0A
 170 0617 A67F E5F3 		.ascii	"\246\177\345\363}2\313=+\353\203\254\031\264w\347\346\373\374"
 170      7D32 CB3D 
 170      2BEB 83AC 
 170      19B4 77E7 
 170      E6FB FC
 171 062a C5D9 39EE 		.ascii	"\305\3319\356\342\242\\\277;;\307\357\375>\353kf\363x\212r}\337"
 171      E2A2 5CBF 
 171      3B3B C7EF 
 171      FD3E EB6B 
 171      66F3 788A 
 172 0641 147A B27D 		.ascii	"\024z\262}*\276\346\315\265\316\315\315\367\024\026y\213r\376"
 172      2ABE E6CD 
 172      B5CE CDCD 
 172      F714 1679 
 172      8B72 FE
 173 0654 0541 573C 		.ascii	"\005AW<\232"
 173      9A
 174               		.text
 175               		.section	.gnu.lto_matrix_init_user.7f70b61bd180eae,"",@progbits
 176 0000 789C 6363 		.string	"x\234cc``\250\005ba \226\006bFf\006F\246\t\347\030\030\0329\230\030\031A\214\006\016F\206
 176      6060 A805 
 176      6261 2096 
 176      0662 4666 
 176      0646 A609 
 177 0035 0407 A64F 		.string	"\004\007\246Oc\333\323p\241\201y\0163\003\3034 \006\001\306\315\214\232\f@u\2176\376\233\
 177      63DB D370 
 177      A181 790E 
 177      3303 C334 
 177      2006 01C6 
 178 00a2 00        		.string	""
 179 00a3 5412 30C4 		.ascii	"T\0220\304"
 180               		.text
 181               		.section	.gnu.lto_matrix_init_kb.7f70b61bd180eae,"",@progbits
 182 0000 789C 6363 		.string	"x\234cc``X\n\304\302@,\r\304\214\314\f\214L\023\316104r012\202\030\r\034\214\f\365L\214\3
 182      6060 580A 
 182      C4C2 402C 
 182      0DC4 8CCC 
 182      0C8C 4C13 
 183 0047 E366 464D 		.string	"\343fFM\006\240\262G\033\377M\345ec\201\2103nadc`\0042\326_b=\320\360\357\177{\303\2013j\
 183      06A0 B247 
 183      1BFF 4DE5 
 183      6563 8188 
 183      336E 6164 
 184 00a1 55BF 636C 		.string	"U\277clZ\300\006V\006\002\035@9\240~&\006\006\301\302\322\304\274\222\322\\\375\334\304\2
 184      5AC0 0656 
 184      0602 1D40 
 184      39A0 7E26 
 184      0606 C1C2 
 185 00c6 8921 3D71 		.ascii	"\211!=q"
 186               		.text
 187               		.section	.gnu.lto_matrix_init_quantum.7f70b61bd180eae,"",@progbits
 188 0000 789C 6363 		.string	"x\234cc``X\n\304\302@,\r\304\214\314\f\214L\023\316104r012\202\030\r\034\214\f\365L\214\3
 188      6060 580A 
 188      C4C2 402C 
 188      0DC4 8CCC 
 188      0C8C 4C13 
 189 0047 E366 464D 		.string	"\343fFM\006\240\262G\033\377M\345ec\201\2103nadc`\0042\326_b=\320\360\357\177{\303\201/j\
 189      06A0 B247 
 189      1BFF 4DE5 
 189      6563 8188 
 189      336E 6164 
 190 00a1 55BF 636C 		.string	"U\277clZ\300\006V\006\002\035@9\240~&\006\006\301\302\322\304\274\222\322\\\375\334\304\2
 190      5AC0 0656 
 190      0602 1D40 
 190      39A0 7E26 
 190      0606 C1C2 
 191 00c6 A4A9 3DC5 		.ascii	"\244\251=\305"
 192               		.text
 193               		.section	.gnu.lto_matrix_scan_user.7f70b61bd180eae,"",@progbits
 194 0000 789C 6363 		.string	"x\234cc``\250\005ba \226\006bFf\006F\246\t\347\030\030\0329\230\030\031A\214\006\016F\206
 194      6060 A805 
 194      6261 2096 
 194      0662 4666 
 194      0646 A609 
 195 0035 0407 A6CF 		.string	"\004\007\246\317b\333\323p\241\201y\0163\003\3034 \006\001\306\315\214\232\f@u\2176\376\2
 195      62DB D370 
 195      A181 790E 
 195      3303 C334 
 195      2006 01C6 
 196 00a2 00        		.string	""
 197 00a3 560A 30C8 		.ascii	"V\n0\310"
 198               		.text
 199               		.section	.gnu.lto_matrix_scan_kb.7f70b61bd180eae,"",@progbits
 200 0000 789C 6363 		.string	"x\234cc``X\006\304\302@,\r\304\214\314\f\214L\023\316104r012\202\030\r\034\214\f\365L\214
 200      6060 5806 
 200      C4C2 402C 
 200      0DC4 8CCC 
 200      0C8C 4C13 
 201 007f C31B C6E6 		.string	"\303\033\306\346\005\353\230\301Z\200\346\354\334\371\3466{\375\337\006\2169\314\214\323\
 201      05EB 98C1 
 201      5A80 E6EC 
 201      DCF9 E636 
 201      7BFD DF06 
 202 00ae E580 FA99 		.string	"\345\200\372\231\030\030\004\013K\023\363JJs\365s\023K\2122+\364\222\031"
 202      1818 040B 
 202      4B13 F34A 
 202      4A73 F573 
 202      134B 8A32 
 203 00c7 D098 3DCA 		.ascii	"\320\230=\312"
 204               		.text
 205               		.section	.gnu.lto_matrix_scan_quantum.7f70b61bd180eae,"",@progbits
 206 0000 789C 6363 		.string	"x\234cc``X\n\304\302@,\r\304\214\314\f\214L\023\316104r012\202\030\r\034\214\f\365L\214\3
 206      6060 580A 
 206      C4C2 402C 
 206      0DC4 8CCC 
 206      0C8C 4C13 
 207 0047 E366 464D 		.string	"\343fFM\006\240\262G\033\377M\345ec\201\2103nadc`\0042\326_b=\320\360\357\177{\303\201/j\
 207      06A0 B247 
 207      1BFF 4DE5 
 207      6563 8188 
 207      336E 6164 
 208 00a1 55BF 636C 		.string	"U\277clZ\300\006V\006\002\035@9\240~&\006\006\301\302\322\304\274\222\322\\\375\334\304\2
 208      5AC0 0656 
 208      0602 1D40 
 208      39A0 7E26 
 208      0606 C1C2 
 209 00c6 A741 3DC9 		.ascii	"\247A=\311"
 210               		.text
 211               		.section	.gnu.lto_matrix_rows.7f70b61bd180eae,"",@progbits
 212 0000 789C 154D 		.string	"x\234\025MM\013\001Q\024\275\347=\246\331P\2624K\233\331\240\374\"YYP4Sv.\026\210\305\024
 212      4D0B 0151 
 212      14BD E73D 
 212      A6D9 50B2 
 212      344B 9BD9 
 213 0040 9AA0 A22B 		.ascii	"\232\240\242+Q\337U\200%\354\202z\n=\314\364Bc\036G\317\254\277"
 213      51DF 5580 
 213      25EC 827A 
 213      0A3D CCF4 
 213      4263 1E47 
 214 0057 631E B059 		.ascii	"c\036\260Ym\234\375\370\306z\255\211\226\222\253z\250x\266\343"
 214      6D9C FDF8 
 214      C67A AD89 
 214      9692 AB7A 
 214      A878 B6E3 
 215 006b 049F C4FB 		.ascii	"\004\237\304\373>&q\306IYM\236g8\004!\207{\332p\362\033\261y"
 215      3E26 71C6 
 215      4959 4D9E 
 215      6738 0421 
 215      877B DA70 
 216 0083 14B5 221A 		.ascii	"\024\265\"\032\213*;lh\"\247\260\241\241/\006\333\257\262\021"
 216      8B2A 3B6C 
 216      6822 A7B0 
 216      A1A1 2F06 
 216      DBAF B211 
 217 0097 A949 3EAF 		.ascii	"\251I>\257OfjW\220\306\005vAB\260V\211\347\332a\255\025\204\315"
 217      4F66 6A57 
 217      90C6 0576 
 217      4142 B056 
 217      89E7 DA61 
 218 00af 72B3 1674 		.ascii	"r\263\026t\032\335R\235\376fv8\370"
 218      1ADD 529D 
 218      FE66 7638 
 218      F8
 219               		.text
 220               		.section	.gnu.lto_matrix_cols.7f70b61bd180eae,"",@progbits
 221 0000 789C 154D 		.ascii	"x\234\025M=\017\301P\024\275\347=\232\016H\304\310h\351\202\304"
 221      3D0F C150 
 221      14BD E73D 
 221      9A0E 48C4 
 221      C868 E982 
 222 0015 2F12 93A1 		.ascii	"/\022\223\241\022\322&\266>5 \f\022\312b\260\261I}\354/\261\213"
 222      12D2 26B6 
 222      3E35 200C 
 222      12CA 62B0 
 222      B149 7DEC 
 223 002c 88C5 24F1 		.ascii	"\210\305$\361\003\372\023\312}\303I\316\275\347\313\"\242\210"
 223      03FA 13CA 
 223      7DC3 49CE 
 223      BDE7 CB22 
 223      A288 
 224 003e 5162 9419 		.ascii	"Qb\224\031\220\004\261\270\023\rm\001\030\242lP \020`.W\022\313"
 224      9004 B1B8 
 224      130D 6D01 
 224      18A2 6C50 
 224      2010 602E 
 225 0055 68F1 2938 		.ascii	"h\361)8{\245B\2457'\3530y(\271\225Dk\3165+hTL\307\031\016\261"
 225      7BA5 42A5 
 225      3727 EB30 
 225      7928 B995 
 225      446B CE35 
 226 0071 F71B A751 		.ascii	"\367\033\247Q\336\312\030\215\237\027X\004&\307gV\253\3647V\372"
 226      DECA 188D 
 226      9F17 5804 
 226      26C7 6756 
 226      ABF4 3756 
 227 0086 5595 8268 		.ascii	"U\225\202h\302*\357(MS>\231\2154%\bw\2110\021\256\031\335\336"
 227      C22A EF28 
 227      4D53 3E99 
 227      8D34 2508 
 227      7789 3011 
 228 009e B13D 332B 		.ascii	"\261=3+\310\341\n\263\300!\030+\307\213=\277\325\365|\267\356"
 228      C8E1 0AB3 
 228      C021 182B 
 228      C78B 3DBF 
 228      D5F5 7CB7 
 229 00b3 B6BC 7E67 		.ascii	"\266\274~gPk\323\037HK8)"
 229      506B D31F 
 229      484B 3829 
 230               		.text
 231               		.section	.gnu.lto_matrix_is_modified.7f70b61bd180eae,"",@progbits
 232 0000 789C 458E 		.ascii	"x\234E\216\275K\202Q\024\306\237\347\236\327\017\244\242\217"
 232      BD4B 8251 
 232      14C6 9FE7 
 232      9ED7 0FA4 
 232      A28F 
 233 0012 A5C0 AD49 		.ascii	"\245\300\255I\207\n\352o\350\377\220\246\006\203B\241\355\275"
 233      870A EA6F 
 233      E8FF 90A6 
 233      0683 42A1 
 233      EDBD 
 234 0024 6562 9183 		.ascii	"eb\221\203P\232\210C\320\320\030RVN\275T4EAc\016E\020-\322\320"
 234      509A 8843 
 234      D0D0 1852 
 234      564E BD54 
 234      3445 4163 
 235 003e 500D 659D 		.ascii	"P\re\235\213A\303=\367p\316\363{\236\023\0060H`D\377\031}\f\201"
 235      8B41 C33D 
 235      F770 CEF3 
 235      7B9E 1306 
 235      3048 6044 
 236 0057 A674 03AC 		.ascii	"\246t\003\254D\215\361>\307acRM\302\366\t\275\336\330#]c\243"
 236      448D F13E 
 236      C761 6352 
 236      4DC2 F609 
 236      BDDE D823 
 237 006e 846F C4A3 		.ascii	"\204o\304\243\317\242l\013\267\312\245\207\201\304\276\265\253"
 237      CFA2 6C0B 
 237      B7CA A587 
 237      81C4 BEB5 
 237      AB
 238 007f 36D8 390D 		.ascii	"6\3309\r_\331\374h]\200\212\200\323qN\305\235\367!\023P\351S"
 238      5FD9 FC68 
 238      5D80 8A80 
 238      D371 4EC5 
 238      9DF7 2113 
 239 0096 A35B EE0F 		.ascii	"\243[\356\017{n\247\303#\206\241\007\340\340.\024\330\356O\301"
 239      7B6E A7C3 
 239      2386 A107 
 239      E0E0 2E14 
 239      D8EE 4FC1 
 240 00aa 065F 7B3C 		.ascii	"\006_{<\233\r\021\312\033W\200u-\032j\003l\210q].@\207\271\335"
 240      9B0D 11CA 
 240      1B57 8075 
 240      2D1A 6A03 
 240      6C88 715D 
 241 00c3 8FE2 98E3 		.ascii	"\217\342\230\343kB\265m\265:\355\210\377m\243uaE\324\222M\372"
 241      6B42 B56D 
 241      B53A ED88 
 241      FF6D A375 
 241      6145 D492 
 242 00d9 CA1B 3C73 		.ascii	"\312\033<s\255}q\311\177i%\177~\033\331\024\365&xLw\234\013\021"
 242      AD7D 71C9 
 242      7F69 257F 
 242      7E1B D914 
 242      F526 784C 
 243 00f1 5493 3997 		.ascii	"T\2239\227\341\375e\274\322\240\246\006\300;\215\023\232\267"
 243      E1FD 65BC 
 243      D2A0 A606 
 243      C03B 8D13 
 243      9AB7 
 244 0103 61C5 9B85 		.ascii	"a\305\233\205\353F\254\207\223'\214\313\375\313#\225\247\303"
 244      EB46 AC87 
 244      9327 8CCB 
 244      FDCB 2395 
 244      A7C3 
 245 0115 543D B498 		.ascii	"T=\264\230M-d\262\351\311t*\2634\277<1\207_\370\233`b"
 245      4D2D 64B2 
 245      E9C9 742A 
 245      B334 BF3C 
 245      3187 5FF8 
 246               		.text
 247               		.section	.gnu.lto_matrix_is_on.7f70b61bd180eae,"",@progbits
 248 0000 789C 6552 		.string	"x\234eRMK\033Q\024\275\347\335\314dRT(t!\230\205\253\206l\252\301E\377@\373C\304\225\340\
 248      4D4B 1B51 
 248      14BD E7DD 
 248      CC64 5254 
 248      2874 2198 
 249 00ae 841D 2484 		.ascii	"\204\035$\204{~e\253Q\356\ft\215\323\325%\247\245k\276\fu\265"
 249      7B7E 65AB 
 249      51EE 0C74 
 249      8DD3 D525 
 249      A7A5 6BBE 
 250 00c5 FF74 BB48 		.ascii	"\377t\273H(\371\354\335\375r\273\033Q/bb\017.A\212\352\261\343"
 250      28F9 ECDD 
 250      FD72 BB1B 
 250      512F 6262 
 250      0F2E 418A 
 251 00dc DBFB 3F45 		.ascii	"\333\373?E\353_<\345G\020\2051r0k\025\321\312\321\303\205\216"
 251      EB5F 3CE5 
 251      4710 8531 
 251      7230 6B15 
 251      D1CA D1C3 
 252 00f2 F7A0 CD62 		.ascii	"\367\240\315b\244+\321\264\034\222\200\365i\206\215Vy\237.\221"
 252      A42B D1B4 
 252      1C92 80F5 
 252      6986 8D56 
 252      799F 2E91 
 253 0106 BB2B 7E49 		.ascii	"\273+~Ii\367\022\243\304\256\"\215Xx7bbe\352\343QtV2\211\004"
 253      69F7 12A3 
 253      C4AE 228D 
 253      5878 3762 
 253      6265 EAE3 
 254 0120 0BD4 EBD7 		.ascii	"\013\324\353\327\247\321\354o\353\tP\321\246\202m\347\177-vT"
 254      A7D1 EC6F 
 254      EB09 50D1 
 254      A682 6DE7 
 254      7F2D 7654 
 255 0134 B08E 323B 		.ascii	"\260\2162;\330\227d\353\210\007\037\336\334\331f[\252j\345\351"
 255      D897 64EB 
 255      8807 1FDE 
 255      DCD9 665B 
 255      AA6A E5E9 
 256 0148 2E8B A3F7 		.ascii	".\213\243\367\250\310\b]\202\360\001\251p\370\311\363p\030\227"
 256      A8C8 085D 
 256      82F0 01A9 
 256      70F8 C9F3 
 256      7018 97
 257 015b D813 24FF 		.ascii	"\330\023$\377\263\200\020\210h\353\303O\005O\247KN8@\\h\312i"
 257      B380 1088 
 257      68EB C34F 
 257      054F A74B 
 257      4E38 405C 
 258 0172 16DE F685 		.ascii	"\026\336\366\205$G\\\nU\301Z\261%\214\t\374\257sW\"m\210\245"
 258      2447 5C0A 
 258      55C1 5AB1 
 258      258C 09FC 
 258      AF73 5722 
 259 0189 5BE4 BA5B 		.ascii	"[\344\272[\f\n\342\200\206 ?\313\343\261L\377\310xf\270g\270"
 259      0C0A E280 
 259      8620 3FCB 
 259      E3B1 4CFF 
 259      C878 66B8 
 260 019f 7F3C 3D38 		.ascii	"\177<=8\371l\2008=:\301\003\243C\017p\t\242\021"
 260      F96C 8038 
 260      3D3A C103 
 260      A343 0F70 
 260      09A2 11
 261               		.text
 262               		.section	.gnu.lto_matrix_get_row.7f70b61bd180eae,"",@progbits
 263 0000 789C 2D50 		.string	"x\234-PMK\002Q\024\275g\336\314hd_\020\264\310\205;qSI\277\241\376\207\264\n\262H\224\332
 263      4D4B 0251 
 263      14BD 67DE 
 263      CC68 645F 
 263      10B4 C885 
 264 0060 5548 3B28 		.ascii	"UH;(\254!\214\025\261.p\325nZ=\t\221Q2\206\365\217j\266SA\240"
 264      AC21 8C15 
 264      B12E 70D5 
 264      6E5A 3D09 
 264      9151 3286 
 265 007b 97E1 7EB3 		.ascii	"\227\341~\263x\247{v\245\214Hk\363\336<X\276\225\334\323(\305"
 265      78A7 7B76 
 265      A58C 486B 
 265      F3DE 3C58 
 265      BE95 DCD3 
 266 0091 F212 9C28 		.ascii	"\362\022\234(\302\251n\034\301\303\342\304\333\303\232!\372A"
 266      C2A9 6E1C 
 266      C1C3 E2C4 
 266      DBC3 9A21 
 266      FA41 
 267 00a3 5C27 6BB9 		.ascii	"\\'k\271k\315\275\375;\370<&\035\031!p\f\241\346F\235\030q\022"
 267      6BCD BDFD 
 267      3BF8 3C26 
 267      1D19 2170 
 267      0CA1 E646 
 268 00bb 1384 32DC 		.ascii	"\023\2042\334J\374t\330\332\3502u\265\225\227\235\300$\016@\205"
 268      4AFC 74D8 
 268      DAE8 3275 
 268      B595 979D 
 268      C024 0E40 
 269 00d0 BA61 C956 		.ascii	"\272a\311V;&\255\352\016\232\343\006xF\347\f<\244\2232Aq\326"
 269      3B26 ADEA 
 269      0E9A E306 
 269      7846 E70C 
 269      3CA4 9332 
 270 00e7 7322 69D1 		.ascii	"s\"i\321\022C\256\242\026\275 \322\210e\313{P{\322\002i\3560"
 270      1243 AEA2 
 270      16BD 20D2 
 270      8865 CB7B 
 270      507B D202 
 271 00fe 77D1 F187 		.ascii	"w\321\361\207u>\227Z\274\254\331TF\343\327j\245\362\372h\013"
 271      753E 975A 
 271      BCAC D954 
 271      46E3 D76A 
 271      A5F2 FA68 
 272 0113 7F4B 3B13 		.ascii	"\177K;\023y\345\200\271R\3643\331\235G\016\031a\342\224\377U"
 272      79E5 80B9 
 272      52F4 33D9 
 272      9D47 0E19 
 272      61E2 94FF 
 273 0128 4505 E5C6 		.ascii	"E\005\345\306VC~9\274\005\311\217\213=\340\fy>\241\354\022\316"
 273      5643 7E39 
 273      BC05 C98F 
 273      8B3D E00C 
 273      793E A1EC 
 274 013e E1A5 7744 		.ascii	"\341\245wD\\\377\227\024\027\347\026\373b\257}\263!\337t0\344"
 274      5CFF 9714 
 274      17E7 16FB 
 274      62AF 7DB3 
 274      21DF 7430 
 275 0153 1FF6 FB82 		.ascii	"\037\366\373\202\201\311\371\241\t\022\201\231\271\037#\256{"
 275      81C9 F9A1 
 275      0912 8199 
 275      B91F 23AE 
 275      7B
 276 0164 14        		.ascii	"\024"
 277               		.text
 278               		.section	.gnu.lto_matrix_print.7f70b61bd180eae,"",@progbits
 279 0000 789C      		.ascii	"x\234"
 280 0002 8554 5B6F 		.string	"\205T[oLQ\024^\337^\347\234\216\351\314hi\325\245\017\365\340\201\210K\374\025\177@x\361P
 280      4C51 145E 
 280      DF5E E79C 
 280      8EE9 CC68 
 280      69D5 A50F 
 281 0103 3983 7404 		.string	"9\203t\004^\2261Z\006\216\302\3031c\252\f \362D\203\311\0320\002V\001s\300N[\237\233\327\
 281      5E96 315A 
 281      068E C2C3 
 281      3163 AA0C 
 281      20F2 4483 
 282 0180 BB6A 4A7C 		.string	"\273jJ|\366p\022i\234@\245\2359\275\351UK|~\233n\321ZL)\302)\004\300\254\312a;\326\277\27
 282      F670 1269 
 282      9C40 A59D 
 282      39BD E955 
 282      4B7C 7E9B 
 283 01c2 846E 9341 		.ascii	"\204n\223A\3240Io\211\234\227\250}\337\2603\267\304\254oe\264"
 283      D430 496F 
 283      899C 97A8 
 283      7DDF B033 
 283      B7C4 AC6F 
 284 01d8 CAC4 10EA 		.ascii	"\312\304\020\352\253\314"
 284      ABCC 
 285 01de DF88 BC78 		.string	"\337\210\274x\326\030\202\236\210\274\342\250\274bq\373/y\t\234\021y\247\307\220w\266\240
 285      D618 829E 
 285      88BC E2A8 
 285      BC62 71FB 
 285      2F79 099C 
 286 02df 81C7 92E5 		.ascii	"\201\307\222\345w\213\0346-\222\260\007\322!\271\335\345@\016"
 286      778B 1C36 
 286      2D92 B007 
 286      D221 B9DD 
 286      E540 0E
 287 02f2 4251 1867 		.ascii	"BQ\030gz\206\272\336\236\331!\226\001\352z|\340]q\b\344\340\211"
 287      7A86 BADE 
 287      9ED9 2196 
 287      01EA 7A7C 
 287      E05D 7108 
 288 0309 3DC9 F411 		.ascii	"=\311\364\021l\016\265\352\213\013\022\037\230*PnxS\275\221>"
 288      6C0E B5EA 
 288      8B0B 121F 
 288      982A 506E 
 288      7853 BD91 
 289 031e 38D6 8CF0 		.ascii	"8\326\214\360\306%s\227A&\304\245\322\025\253\027-[\265\272z"
 289      C625 7397 
 289      4126 C4A5 
 289      D215 AB17 
 289      2D5B B5BA 
 290 0333 6EF5 A255 		.ascii	"n\365\242U+\227\256\235\263\230x\345\3625?\001\251`\371\326"
 290      2B97 AE9D 
 290      B398 78E5 
 290      F235 3F01 
 290      A960 F9D6 
 291               		.text
 292               		.section	.gnu.lto___c.3495.7f70b61bd180eae,"",@progbits
 293 0000 789C 6363 		.string	"x\234cc``\020\003bI\006\b\230\302\314xe\367\363^FE\246\371\r3\024\3460300nfTd\020\347*\32
 293      6060 1003 
 293      6249 0608 
 293      98C2 CC78 
 293      65F7 F35E 
 294 003d 00        		.string	""
 295 003e 5A74 0C32 		.ascii	"Zt\f2"
 296               		.text
 297               		.section	.gnu.lto_matrix_key_count.7f70b61bd180eae,"",@progbits
 298 0000 789C 7D93 		.string	"x\234}\223Mk\223A\020\307gvv\223'\257P(\036j\n\275\364P\021\265x\364k\370\005JO=\264\242$
 298      4D6B 9341 
 298      10C7 6776 
 298      7693 27AF 
 298      5028 1E6A 
 299 005e 00        		.string	""
 300 005f BA08 6027 		.string	"\272\b`'\377\036\344/\006"
 300      FF1E E42F 
 300      0600 
 301 0069 C5F4 1AC0 		.string	"\305\364\032\3001O\240t\001\271\240\341IA\247\032"
 301      314F A074 
 301      01B9 A0E1 
 301      4941 A71A 
 301      00
 302 007a 3AAC B231 		.ascii	":\254\2621\320Q\205ht\355!\244\005I\205i!\001}D\265\365`$\234"
 302      D051 8568 
 302      74ED 21A4 
 302      0549 8569 
 302      2101 7D44 
 303 0093 A4B3 8467 		.ascii	"\244\263\204gf\246_\304\007\256j\235\321\376\271\353\301\013"
 303      66A6 5FC4 
 303      07AE 6A9D 
 303      D1FE B9EB 
 303      C10B 
 304 00a5 931B 9A4A 		.ascii	"\223\033\232J\\\270@\200\373\023\270/a\212\337\300\001`o\246"
 304      5CB8 4080 
 304      FB13 B82F 
 304      618A DFC0 
 304      0160 6FA6 
 305 00b9 33F1 4850 		.ascii	"3\361HP7\2328\373j\301\367\372/\333\274\265\331\236\206\326\347"
 305      379A 38FB 
 305      6AC1 F7FA 
 305      2FDB BCB5 
 305      D99E 86D6 
 306 00ce B5E4 44AC 		.ascii	"\265\344D\254 m\317\005c~=\337\231\211\005$V\261\337\200\231"
 306      206D CF05 
 306      637E 3DDF 
 306      9989 0524 
 306      56B1 DF80 
 307 00e3 7813 03C8 		.ascii	"x\023\003\310\013W\036\254\326\343\324c\211O\247\362Z\375!>\231"
 307      0B57 1EAC 
 307      D6E3 D463 
 307      894F A7F2 
 307      5AFD 213E 
 308 00f8 ED5E F94B 		.ascii	"\355^\371K\274\365\037\342\"\023\r\214\2215F\002\bS\304\310s"
 308      BCF5 1FE2 
 308      2213 0D8C 
 308      9135 4602 
 308      0853 C4C8 
 309 010d 8F95 AF3B 		.ascii	"\217\225\257;\277r\332\277\327{\277\362\271+\212P\"\024\374\020"
 309      BF72 DABF 
 309      D77B BFF2 
 309      B92B 8A50 
 309      2214 FC10 
 310 0121 0C63 93B4 		.ascii	"\fc\223\264O\005\306\034b\231\302V\210X\001`\222\373\314\306"
 310      4F05 C61C 
 310      6299 C256 
 310      8858 0160 
 310      92FB CCC6 
 311 0135 B40F 2748 		.ascii	"\264\017'Hp\220\365\341-f\312\357\362\275\266w6r\027\205\343"
 311      7090 F5E1 
 311      2D66 CAEF 
 311      F2BD B677 
 311      3672 1785 
 312 014a 2BEB C129 		.ascii	"+\353\301)3/\004\\\302\204\265|\314\357\262\2750\305j\300\004"
 312      332F 045C 
 312      C284 B57C 
 312      CCEF B2BD 
 312      30C5 6AC0 
 313 015f 023E 2046 		.ascii	"\002> F|\300L+W=`\326\213\204ERF\251\207\334\177\261\235(\355"
 313      7CC0 4C2B 
 313      573D 60D6 
 313      8B84 4552 
 313      46A9 87DC 
 314 0178 4C6A B5E6 		.ascii	"Lj\265\346\363`\372\247\366X(\223\333z%\273y:^\306KX\"\205\267"
 314      F360 FAA7 
 314      F658 2893 
 314      DB7A 25BB 
 314      793A 5EC6 
 315 0191 318D CBA6 		.ascii	"1\215\313\246\b/\\l\351\037\321\3019\315\237\276\022\005\360"
 315      082F 5C6C 
 315      E91F D1C1 
 315      39CD 9FBE 
 315      1205 F0
 316 01a4 0E96 B904 		.ascii	"\016\226\271\004\232\211a\035\007\241\211\343}\256R\350_t\260"
 316      9A89 611D 
 316      07A1 89E3 
 316      7DAE 52E8 
 316      5F74 B0
 317 01b7 605C 7817 		.ascii	"`\\x\027\323\300]\224\310\343\256\262\205\211o\344\334\341\""
 317      D3C0 5D94 
 317      C8E3 AEB2 
 317      8589 6FE4 
 317      DCE1 22
 318 01ca 49CE 319B 		.ascii	"I\3161\233\263\371f\363\254:\323\265\345\246p\266\bo\207\271"
 318      B3F9 66F3 
 318      AC3A D3B5 
 318      E5A6 70B6 
 318      086F 87B9 
 319 01de D5DC C3F9 		.ascii	"\325\334\303\371\260\233\t\362UKl\245-\232\264\210\235\207\004"
 319      B09B 09F2 
 319      554B 6CA5 
 319      2D9A B488 
 319      9D87 04
 320 01f1 BEA1 76A4 		.ascii	"\276\241v\244\002\234\256\\l\321\022\336\340\370\372\352n\307"
 320      029C AE5C 
 320      6CD1 12DE 
 320      E0F8 FAEA 
 320      6EC7 
 321 0203 35D0 C6CB 		.ascii	"5\320\306\313\205\315\210\203Jl\330\241B\233C\236\257Xj\277\347"
 321      85CD 8883 
 321      4A6C D8A1 
 321      429B 439E 
 321      AF58 6ABF 
 322 0218 6D86 E97B 		.ascii	"m\206\351{\373+\266\371z\033\355Y{Cp-j\355\340b\312\035\337'"
 322      FB2B B6F9 
 322      7A1B ED59 
 322      7B43 702D 
 322      6AED E062 
 323 0230 3E9B 2FF9 		.ascii	">\233/\371\2049\276\"\221\005\020\327\222\346\250\221-\202\337"
 323      8439 BE22 
 323      9105 10D7 
 323      92E6 A891 
 323      2D82 DF
 324 0243 B8C3 A9A1 		.ascii	"\270\303\251\241\261djt\357\350P\362\310\310\321=\303\240\206"
 324      B164 6A74 
 324      EFE8 50F2 
 324      C8C8 D13D 
 324      C3A0 86
 325 0256 0FA5 C692 		.ascii	"\017\245\306\2228\362\033m>\367\250"
 325      38F2 1B6D 
 325      3EF7 A8
 326               		.text
 327               		.section	.gnu.lto_matrix_init.7f70b61bd180eae,"",@progbits
 328 0000 789C 7592 		.ascii	"x\234u\222\301k\023A\024\306\3377\263\223\304\244\251\bQ<\344"
 328      C16B 1341 
 328      14C6 DF37 
 328      B393 C4A4 
 328      A908 513C 
 329 0015 2062 0F15 		.ascii	" b\017\025\261\006\357\376\025\376\003\305S\017\025\224\026<"
 329      B106 EFFE 
 329      15FE 03C5 
 329      530F 1594 
 329      163C 
 330 0027 9931 DB36 		.ascii	"\2311\3336\226V\221\242Q\352jWTzQK\265\325\306j\273I\252\bJ\013"
 330      9656 91A2 
 330      51EA 6A57 
 330      547A 514B 
 330      B5D5 C66A 
 331 0041 3D15 BCA8 		.ascii	"=\025\274\250`Zl\020\032\212\227j\342\233\335\224F\255\013\273"
 331      605A 6C10 
 331      1A8A 976A 
 331      E29B DD94 
 331      46AD 0BBB 
 332 0055 3BBC 79EF 		.ascii	";\274y\357\367\315|\357\205\210\350\260$\332\317\377\323\374"
 332      F7CD 7CEF 
 332      8588 E8B0 
 332      24DA CFFF 
 332      D3FC 
 333 0067 2244 10D7 		.ascii	"\"D\020\327\026\211.E\004\254`!\203E!b\ty\245@\244\243\312\216"
 333      1689 2E45 
 333      04AC 6021 
 333      8345 2162 
 333      0979 A540 
 334 007f 936E 5180 		.ascii	"\223nQ\200\211\353\b(-\244\245\220\026\026\301\003\324\316\207"
 334      89EB 0828 
 334      2DA4 A590 
 334      1616 C103 
 334      D4CE 87
 335 0092 9134 2CAF 		.ascii	"\2214,\257K\024\263\345\274h\037\327\374x7W\366\016\350\376\203"
 335      4B14 B3E5 
 335      BC68 1FD7 
 335      FC78 3757 
 335      F60E E8FE 
 336 00a7 0EEB E624 		.ascii	"\016\353\346$\371\017\236\241\2358\355\313d\355F<d\005qL!\004"
 336      F90F 9EA1 
 336      9D38 EDCB 
 336      64ED 463C 
 336      6405 714C 
 337 00bd 0E3E 7C5F 		.ascii	"\016>|_\232k\225\t\230\204\225\241\253Z\265\335\327:\243\275"
 337      9A6B 9509 
 337      9884 95A1 
 337      AB5A B5DD 
 337      D73A A3BD 
 338 00d1 C5F9 4451 		.ascii	"\305\371DQ\353[\332r$0\r\311E8\231\304\211\244\217\334\241\341"
 338      EB5B DA72 
 338      2430 0DC9 
 338      4538 99C4 
 338      89A4 8FDC 
 339 00e7 39DA 7C18 		.ascii	"9\332|\030#_0\222\177&4\261\254<]\253"
 339      235F 3092 
 339      7F26 34B1 
 339      AC3C 5DAB 
 340 00f7 67B5 573E 		.string	"g\265W>5\263\271\220\210\201\034)\004\231\275\250\377%\272\314\347\260\343\332\243A)xa{T\
 340      35B3 B990 
 340      8881 1C29 
 340      0499 BDA8 
 340      FF25 BACC 
 341 01f8 A3D4 765F 		.ascii	"\243\324v_\373\334\255]\373\032\3111\234\260\300}\345\215\332"
 341      FBDC AD5D 
 341      FB1A C931 
 341      9CB0 C07D 
 341      E58D DA
 342 020b FAE7 F578 		.ascii	"\372\347\365x@Ux\203\244#\367\3703q\357\310\356#\301\255\301"
 342      4055 7883 
 342      A423 F7F8 
 342      3371 EFC8 
 342      EE23 C1AD 
 343 0220 DBC6 487C 		.ascii	"\333\306H|\347\221\030\177\200`\024\311L\027X\234\341\373\316"
 343      E791 187F 
 343      8060 14C9 
 343      4C17 589C 
 343      E1FB CE
 344 0233 F576 9EED 		.ascii	"\365v\236\355\351\355\356\350\356\3549\337u\341\370\031B\327"
 344      E9ED EEE8 
 344      EEEC 39DF 
 344      75E1 F819 
 344      42D7 
 345 0245 6F8D A109 		.ascii	"o\215\241\t!"
 345      21
 346               		.text
 347               		.section	.gnu.lto_matrix_scan.7f70b61bd180eae,"",@progbits
 348 0000 789C 8592 		.string	"x\234\205\222\313K\324Q\024\307\317\271\347\367\233\367\b\306\254b\026n$\214\250\240\177\
 348      CB4B D451 
 348      14C7 CFB9 
 348      E7F7 9BF7 
 348      08C6 AC62 
 349 005d C8B7 00   		.string	"\310\267"
 350 0060 0EF1 EF29 		.string	"\016\361\357)\376\240\017P\265>\007\250\016(\264\274\200\274 \027\260\024\265\344"
 350      FEA0 0F50 
 350      B53E 07A8 
 350      0E28 B4BC 
 350      80BC 2017 
 351 0079 74C8 4E45 		.string	"t\310NEAGlD\311\353"
 351      4147 6C44 
 351      C9EB 00
 352 0084 4252 9165 		.ascii	"BR\221ecRY\200YD\373\317\027#\241\231\332\t\333:Z\337\345\025"
 352      6352 5980 
 352      5944 FBCF 
 352      1723 A199 
 352      DA09 DB3A 
 353 009c DDD2 BA46 		.ascii	"\335\322\272Fg\257;\007:\033_h\312\020\200C\200'\342x<.\305\007"
 353      67AF 3B07 
 353      3A1B 5F68 
 353      CA10 8043 
 353      8027 E278 
 354 00b4 B008 58FB 		.ascii	"\260\bX\373\311Y\250\016R\f%\256\353~]\033,\3546\367\226\246"
 354      C959 A80E 
 354      520C 25AE 
 354      EB7E 5D1B 
 354      2CEC 36F7 
 355 00ca 6339 AD6F 		.ascii	"c9\255oh+C\210\203H;\357\202\210?\366mvD}\026\016a\241\200\231"
 355      682B 4388 
 355      8348 3BEF 
 355      8288 3FF6 
 355      6D76 447D 
 356 00e4 7817 7DC8 		.ascii	"x\027}\310\007K\213\337\333\203\0247\304\345/]\315\333\304\251"
 356      074B 8BDF 
 356      DB83 1437 
 356      C4E5 2F5D 
 356      CDDB C4A9 
 357 00f8 99D8 C416 		.ascii	"\231\330\304\026\021\360\336?\210\303L\024\030#G\030\t\240\244"
 357      11F0 DE3F 
 357      88C3 4C14 
 357      1823 4718 
 357      09A0 A4
 358 010b 88A4 EFCC 		.ascii	"\210\244\357\314\333Y\275\371\263Ag\337\236\034\033|\031\213"
 358      DB59 BDF9 
 358      B341 67DF 
 358      9E1C 1B7C 
 358      198B 
 359 011d 2270 7B0A 		.ascii	"\"p{\n\344\234i\254\bp\002B\222\r\233l\304d\001\032\271\303T"
 359      E49C 69AC 
 359      0870 0242 
 359      920D 9B6C 
 359      C464 011A 
 360 0134 5467 A189 		.ascii	"Tg\241\211\024\007\251,,a\215;\320s\320t\315B\256\357\324M\314"
 360      1407 A92C 
 360      2C61 8D3B 
 360      D073 D074 
 360      CD42 AEEF 
 361 014b F9AF 920C 		.ascii	"\371\257\222\f\f8\212q#Y\3509l\272\030\336-\001\226\214\241\264"
 361      0C38 8A71 
 361      2359 E839 
 361      6CBA 18DE 
 361      2D01 968C 
 362 0161 DE44 04BC 		.ascii	"\336D\004\274)&\256a\235\273\334sD\344i\n\261zdd\355\225?\371"
 362      2926 AE61 
 362      9DBB DC73 
 362      44E4 690A 
 362      B17A 6464 
 363 0179 4307 32A4 		.ascii	"C\0072\244\034\342A\360>&a'\206\214K;t\344\222g\306`j\375Z\236"
 363      1CE2 41F0 
 363      3E26 6127 
 363      868C 4B3B 
 363      74E4 9267 
 364 0193 8B5D 9821 		.ascii	"\213]\230!\013\3071\211\017\244\032\037\214\257\317.\344\261"
 364      0BC7 3189 
 364      0FA4 1A1F 
 364      8CAF CF2E 
 364      E4B1 
 365 01a5 B851 EB02 		.ascii	"\270Q\353\002\001<D\027\245\244\274\206d\232\030j\303\n\246\276"
 365      013C 4417 
 365      A5A4 BC86 
 365      649A 186A 
 365      C30A A6BE 
 366 01b9 D577 DA5E 		.ascii	"\325w\332^'\230&\305\375\3104\005f\024\236\226\263\"r\352[\332"
 366      2798 26C5 
 366      FDC8 3405 
 366      6614 9E96 
 366      B322 72EA 
 367 01cf 1623 9E2C 		.ascii	"\026#\236,\302w\031?\324\360\254/\344M\210\230\363L(\330v\200"
 367      C277 193F 
 367      D4F0 AC2F 
 367      E44D 8898 
 367      F34C 28D8 
 368 01e5 5566 620B 		.ascii	"Ufb\013\3701\032\017\025xy\362b\203V\260\210\265s\223[F\b4\367"
 368      F831 1A0F 
 368      1578 79F2 
 368      6283 56B0 
 368      88B5 7393 
 369 01fe BE7F 3DEC 		.ascii	"\276\177=\354A-\2340\266\301\006*1Y\245\273\347\271C\244\321"
 369      412D 9C30 
 369      B6C1 062A 
 369      3159 A5BB 
 369      E7B9 43A4 
 370 0213 DE59 B581 		.ascii	"\336Y\265\201$\256\252t\357<\267\034\241\376\263\\\314\366\366"
 370      24AE AA74 
 370      EF3C B71C 
 370      A1FE B35C 
 370      CCF6 F6
 371 0226 B586 0DEE 		.ascii	"\265\206\r\356\355\233\266y\030\273=\3639\\\022p\322\363\366"
 371      ED9B B679 
 371      18BB 3DF3 
 371      395C 1270 
 371      D2F3 F6
 372 0239 BF66 3EDA 		.ascii	"\277f>\332\337L\367\212\270\371X\334\224\0228\205\311=4\334K"
 372      DF4C F78A 
 372      B8F9 58DC 
 372      9412 3885 
 372      C93D 34DC 
 373 024e 7BF2 17DA 		.ascii	"{\362\027\332\n\nn\3727n\306\3406W?\254F=#l\234\305x\232\302"
 373      0A0A 6EFA 
 373      376E C6E0 
 373      3657 3FAC 
 373      463D 236C 
 374 0267 19F2 F36C 		.ascii	"\031\362\363l)w`\337\331\002\016[\013\370\224g\313P\220wV\363"
 374      2977 60DF 
 374      D902 0E5B 
 374      0BF8 9467 
 374      CB50 9077 
 375 027d B5E1 4D47 		.ascii	"\265\341MG\205(\323\024\340\353\360Y\366\343\3755\256\206y\001"
 375      8528 D314 
 375      E0EB F059 
 375      F6E3 FD35 
 375      AE86 7901 
 376 0291 963C 7864 		.ascii	"\226<xd\337\330\227\374\212\252\342\362\312\252\262ce\305\225"
 376      DFD8 97FC 
 376      8AAA E2F2 
 376      CAAA B263 
 376      65C5 95
 377 02a4 890B 978F 		.ascii	"\211\013\227\217\226\200\277\344|q\371\271\3223\341\222\252D"
 377      9680 BFE4 
 377      7C71 F9B9 
 377      D233 E192 
 377      AA44 
 378 02b6 A2B4 BCF2 		.ascii	"\242\264\274\362t\342\342\245_\354]V\250"
 378      74E2 E2A5 
 378      5FEC 5D56 
 378      A8
 379               		.text
 380               		.section	.gnu.lto_.symbol_nodes.7f70b61bd180eae,"",@progbits
 381 0000 789C 5D91 		.ascii	"x\234]\221\271N\303@\024E\237gl\307Y \200\263\331Y\234\215}_"
 381      B94E C340 
 381      1445 9F67 
 381      6CC7 5920 
 381      80B3 D959 
 382 0018 4509 5F76 		.ascii	"E\t_v-\204BKEI\021\345#\b\035R$:~\200\006\"JJj\304\330\017$\236"
 382      2D84 424B 
 382      4549 11E5 
 382      2308 1D52 
 382      243A 7E80 
 383 0036 1B9F B9E7 		.ascii	"\033\237\271\347=\335\321\310.\021\275*\363QC\020\335\276\020"
 383      3DDD D1C8 
 383      2E11 BD2A 
 383      F351 4310 
 383      DDBE 10
 384 0049 194C E3A7 		.ascii	"\031L\343\247\330%r\374\\\334'\322j\025Vf\244\326\240\262j\035"
 384      D825 72FC 
 384      5CDC 27D2 
 384      6A15 5666 
 384      A4D6 A0B2 
 385 005f 3A5B 50F1 		.ascii	":[P\361\270`\003vv\273\t\347O=\306\227F\004p\245\250#'E\013\236"
 385      B860 0376 
 385      76BB 09E7 
 385      4F3D C697 
 385      4604 70A5 
 386 0079 1421 F252 		.ascii	"\024!\362R4P\220\242\215\242\024\035\224\244\210\260 E\027\213"
 386      3450 90A2 
 386      8DA2 141D 
 386      94A4 88B0 
 386      2045 178B 
 387 008d 4238 3597 		.ascii	"B85\227\037\321CYn\366\261$7w\354t\323\331\323\314\003\305<\262"
 387      1FD1 4359 
 387      6EF6 B124 
 387      3777 EC74 
 387      D3D9 D3CC 
 388 00a5 98C7 C44D 		.ascii	"\230\307\304M\003,\313\246M\254\310\246\252\303\233[\360\305"
 388      032C CBA6 
 388      4DAC C8A6 
 388      AAC3 9B5B 
 388      F0C5 
 389 00b7 C03A 4725 		.ascii	"\300:G%\025Dq|a\3626\252\"\357\242&\362>\352\"\037\242!\362\t"
 389      1544 717C 
 389      61F2 36AA 
 389      22EF A226 
 389      F23E EA22 
 390 00d0 0291 4F11 		.ascii	"\002\221O\021\212|\206\346\377\254mM\343\267oK\233_8\177O\330"
 390      8A7C 86E6 
 390      FFAC 6D4D 
 390      E3B7 6F4B 
 390      9B5F 387F 
 391 00e6 A68F D167 		.ascii	"\246\217\321g\244]E\343;C/\307\363\274\307,\026\230\245\"\263"
 391      A45D 45E3 
 391      3B43 2FC7 
 391      F3BC C72C 
 391      1698 A522 
 392 00fb DCA1 4942 		.ascii	"\334\241IB?\372e\227\256\247_A\232S\366h2z\276\327\311`\306\207"
 392      3FFA 6597 
 392      AEA7 5F41 
 392      9A53 F668 
 392      327A BED7 
 393 0113 C8DC 901C 		.ascii	"\310\334\220\034\202>\257\2046W\205\003\276:\314\323\325\215"
 393      823E AF84 
 393      3657 8503 
 393      BE3A CCD3 
 393      D58D 
 394 0125 61CB A5F9 		.ascii	"a\313\245\371\203\231\267\2064Ks\211\346\206\364\003\361S\262"
 394      8399 B786 
 394      344B 7389 
 394      E686 F403 
 394      F153 B2
 395 0138 ED        		.ascii	"\355"
 396               		.text
 397               		.section	.gnu.lto_.refs.7f70b61bd180eae,"",@progbits
 398 0000 789C 15C4 		.string	"x\234\025\304\013\n\200@\f\003\321$mWP\020\353_\327Cy\377\323\270\302\314+"
 398      0B0A 8040 
 398      0C03 D124 
 398      6D57 5010 
 398      EB5F D743 
 399 001c DE36 5BA2 		.string	"\3366[\242~\f4:\302Y\020\311\t)\316\215\262h\2456\327\036\310NG\257s\340\205t\335\254\316
 399      7E0C 343A 
 399      C259 10C9 
 399      0929 CE8D 
 399      B268 A536 
 400 0046 62D4 02B3 		.ascii	"b\324\002\263"
 401               		.text
 402               		.section	.gnu.lto_.decls.7f70b61bd180eae,"",@progbits
 403 0000 789C 9D59 		.string	"x\234\235Y{T\024\331\231\357[\267\033\232\356\006\324\311\3168\263dW';\321\223I\004g&\343
 403      7B54 14D9 
 403      99EF 5BB7 
 403      1B9A EE06 
 403      D4C9 CE38 
 404 00a1 EB02 EB01 		.ascii	"\353\002\353\001\353\003\033\002\033\001{\0056\0016\r6K\300H"
 404      EB03 1B02 
 404      1B01 7B05 
 404      3601 360D 
 404      364B C048 
 405 00b5 A7C3 6006 		.ascii	"\247\303`\0060#\230'\330r\260\327\300\376\006\354\r\2607\301"
 405      3023 9827 
 405      D872 B0D7 
 405      C0FE 06EC 
 405      0DB0 37C1 
 406 00c9 BE0B F6F7 		.ascii	"\276\013\366\367`\337\003[\003\366.\230/\330z\260\217\300<\200"
 406      60DF 035B 
 406      03F6 2E98 
 406      2FD8 7AB0 
 406      8FC0 3C80 
 407 00dd EA17 70FE 		.ascii	"\352\027p\376\027\260\337\200\375\016l3\330\247`\237\203m\005"
 407      17B0 DF80 
 407      FD0E 6C33 
 407      D8A7 609F 
 407      836D 05
 408 00f0 FB0A E954 		.ascii	"\373\n\351TG\031\264Mp\376\204\347\363_<\366\377\206\376\377"
 408      4719 B44D 
 408      70FE 84E7 
 408      F35F 3CF6 
 408      FF86 FEFF 
 409 0104 01FB 5FB0 		.ascii	"\001\373_\260\020\260`\260\257\371X\304s#\347\255\013\370z\004"
 409      10B0 60B0 
 409      AFF9 58C4 
 409      7323 E7AD 
 409      0BF8 7A04 
 410 0118 C885 737C 		.ascii	"\310\205s|G\307\306"
 410      47C7 C6
 411 011f 6A1D 97FF 		.string	"j\035\227\377J\337]\032\276\257\374\225|=\032|u\320\266,\301\367'0\007\264E8o[\300\0132\3
 411      4ADF 5D1A 
 411      BEAF FC95 
 411      7C3D 1A7C 
 411      75D0 B62C 
 412 0220 960C F62B 		.ascii	"\226\f\366+\260\024\260\237*\352\3705\276n*\327G\262No\346k\341"
 412      B014 B09F 
 412      2AEA F835 
 412      BE6E 2AD7 
 412      47B2 4E6F 
 413 0237 6FF8 DAF8 		.ascii	"o\370\332\370\013\364\355x\257\3619\tX\342>|W`k\2542\037\237"
 413      0BF4 ED78 
 413      AFF1 3909 
 413      58E2 3E7C 
 413      5760 6BAC 
 414 024e 05DA A6C2 		.ascii	"\005\332\246\302\370u\212y\"\353\267\257\206F\276\302\267\327"
 414      F875 8A79 
 414      22EB B7AF 
 414      8646 BEC2 
 414      B7D7 
 415 0260 2BA9 D694 		.ascii	"+\251\326\224\234\322\375L\016\275\216=\017\310\332B\326\375"
 415      9CD2 FD4C 
 415      0EBD 8E3D 
 415      0FC8 DA42 
 415      D6FD 
 416 0272 09EE E7D3 		.ascii	"\t\356\347\323Erz\237\363\023nR\017i\n=\007\301\322\241\275\001"
 416      4572 7A9F 
 416      F313 6E52 
 416      0F69 0A3D 
 416      07C1 D2A1 
 417 0288 A9EB 9BF0 		.ascii	"\251\353\233\360\223g\rY\023\3103\205\004\256\305\237\216\321"
 417      9367 0D59 
 417      13C8 3385 
 417      04AE C59F 
 417      8ED1 
 418 029a E9D8 87F9 		.ascii	"\351\330\207\371\306D\214|Lh\036\221\366`\331\224'k\223\313S"
 418      C644 8C7C 
 418      4C68 1E91 
 418      F660 D994 
 418      276B 93CB 
 419 02af 292F 7BDD 		.ascii	")/{\335\260@\177\247\335\255\212\362ZW \262\303\370\256\016\235"
 419      B040 7FA7 
 419      DDAD 8AF2 
 419      5A57 20B2 
 419      C3F8 AE0E 
 420 02c4 4358 E2C9 		.ascii	"CX\342\311?\234W\343\211}\bPx~j*\315\035\2555\345\022\234\275"
 420      3F9C 57E3 
 420      897D 0850 
 420      787E 6A2A 
 420      CD1D AD35 
 421 02dc FFCE CF7A 		.ascii	"\377\316\317zbEQ@e\310\204J\021F\347\321:\022\226\017\311l\207"
 421      6245 5140 
 421      65C8 844A 
 421      1146 E7D1 
 421      3A12 960F 
 422 02f3 2846 89F6 		.ascii	"(F\211\366#\"^\251C\357\373 ?\037\035\272\200\326\022\357\004"
 422      2322 5EA9 
 422      43EF FB20 
 422      3F1F 1DBA 
 422      80D6 12EF 
 423 0308 854A 900F 		.ascii	"\205J\220\017:\213\240\023\306\202\223\253\363\023vo\bn\205\t"
 423      3A8B A013 
 423      C682 93AB 
 423      F313 766F 
 423      086E 8509 
 424 031c 09D0 6C79 		.ascii	"\t\320lyq\343\220\031\232\3371\241e\320\314\231v\276\300\320"
 424      71E3 9019 
 424      9ADF 31A1 
 424      65D0 CC99 
 424      76BE C0D0 
 425 0330 DC08 A9CC 		.ascii	"\334\b\251\314cE.\033"
 425      6345 2E1B 
 426 0338 592E 1529 		.string	"Y.\025)\035\217M\370\3674\304\253\347\"wz \323Z\352\277I\024\r\340\377\"8+'\316\354\020\3
 426      1D8F 4DF8 
 426      F734 C4AB 
 426      E722 777A 
 426      20D3 5AEA 
 427 0439 CC1C E901 		.ascii	"\314\034\351\001\2073\355s\331f\023\037\265c\311Q\250\231\206"
 427      8733 ED73 
 427      D966 131F 
 427      B563 C951 
 427      A899 86
 428 044c 58B0 37EA 		.ascii	"X\2607\352\272Q\251{\263J\367\026\256{\013\325=\325\031;\352"
 428      BA51 A97B 
 428      B34A F716 
 428      AE7B 0BD5 
 428      3DD5 193B 
 429 0461 4DE8 450E 		.ascii	"M\350E\016^\241\304\336\246\374\276L\026@\317\276h\232\2650\331"
 429      5EA1 C4DE 
 429      A6FC BE4C 
 429      1640 CFBE 
 429      689A B530 
 430 0476 89A7 DB8F 		.ascii	"\211\247\333\217\217\306X\230\354M\344r\2778Pa^\221L\310\340"
 430      8FC6 5898 
 430      EC4D E472 
 430      BF38 5061 
 430      5E91 4CC8 
 431 048b CFCF 119D 		.ascii	"\317\317\021\235\361\273\300v\207\262\335C+$N\202\3365\341\354"
 431      F1BB C076 
 431      87B2 DD43 
 431      2B24 4E82 
 431      DE35 E1EC 
 432 049f D32B E384 		.ascii	"\323+\343\204\353\n\337\255<\316V\032\347\371\206\351qs7\352"
 432      EB0A DFAD 
 432      3CCE 561A 
 432      E7F9 86E9 
 432      7173 37EA 
 433 04b3 4470 7F4B 		.ascii	"Dp\177KoS\210\237\0205\326F\264I\036\251\354\304\273\020\207"
 433      6F53 889F 
 433      1035 D646 
 433      B449 1EA9 
 433      ECC4 BB10 
 434 04c8 E9A4 DF1C 		.ascii	"\351\244\337\034\305\372\005\211\216\376C:\3166/\035\210\257"
 434      C5FA 0589 
 434      8EFE 433A 
 434      CE36 2F1D 
 434      88AF 
 435 04da 4DAC DF45 		.ascii	"M\254\337EG\372\004i\216\031;\207A?\305*\030\030\257\302\275"
 435      47FA 0469 
 435      8E19 3B87 
 435      413F C52A 
 435      1818 AFC2 
 436 04ef 929E F956 		.ascii	"\222\236\371V]V&\211\370\302\225Q^d7\340\003\354\026\350/\274"
 436      5D56 2689 
 436      F8C2 9551 
 436      5E64 37E0 
 436      03EC 16E8 
 437 0505 DBE2 A927 		.ascii	"\333\342\251'O\022\262X\005\353I\337d\364\314^\274r/-{Q\\\206"
 437      4F12 B258 
 437      05EB 49DF 
 437      64F4 CC5E 
 437      BC72 2F2D 
 438 051d D027 AFF3 		.ascii	"\320'\257\363r\321\241\016\004\333\t\324"
 438      72D1 A10E 
 438      04DB 09D4 
 439 0529 8EF4 8CAB 		.string	"\216\364\214\253m8\271\305\355\355#\242\335!\332\237\027|\220_\236.\212nz\202B\367\345{\3
 439      6D38 B9C5 
 439      EDED 23A2 
 439      DD21 DA9F 
 439      177C 905F 
 440 062a 0A3D 94A5 		.ascii	"\n=\224\245x\250\224b\210J\321|\240d%\036eJ4>\030*0\340\030\366"
 440      78A8 9462 
 440      884A D17C 
 440      A064 251E 
 440      654A 343E 
 441 0644 E82D 3E38 		.ascii	"\350->8\323l\004\t\320s:\bz\262\252\307\367\220Is\330E{W\306"
 441      D36C 0409 
 441      D073 3A08 
 441      7AB2 AAC7 
 441      F790 4973 
 442 065d CADB A298 		.ascii	"\312\333\242\230\001\313\303*\252\367\260\344\004\275@z\322\222"
 442      01CB C32A 
 442      AAF7 B0E4 
 442      04BD 407A 
 442      D292 
 443 066f FD8C 503F 		.ascii	"\375\214P?\251%\367b\3148^\213{_F\271\323\203sO\377VL\242\n\021"
 443      A925 F762 
 443      CC38 5E8B 
 443      7B5F 46B9 
 443      D383 734F 
 444 0689 E297 2EE2 		.ascii	"\342\227.\342Q ~\251$~\305\210\263\357\224\272\343\f-\342\363"
 444      5120 7EA9 
 444      247E C588 
 444      B3EF 94BA 
 444      E30C 2DE2 
 445 069e 132D ED9E 		.ascii	"\023-\355\236\234\270]I<\346\"\036\007\3421%\361\004%\336\037"
 445      9CB8 5D49 
 445      3CE6 221E 
 445      07E2 3125 
 445      F104 25DE 
 446 06b3 D398 6BC6 		.ascii	"\323\230k\306\005Z\304\r\271G;\214\234x`%Q<R*\276I\027\365\024"
 446      055A C40D 
 446      B947 3B8C 
 446      9C78 6025 
 446      513C 522A 
 447 06cc 504F 2AA9 		.ascii	"PO*\251\247)u\311\236\275\267\r\370\262\026u|wj\222\201S7\250"
 447      A729 75C9 
 447      9EBD B70D 
 447      F8B2 1675 
 447      7C77 6A92 
 448 06e4 A99D 2EEA 		.ascii	"\251\235.\352\031\240v*\251g)\365\344\350\363*o|C\213:\266\354"
 448      19A0 762A 
 448      A967 29F5 
 448      E4E8 F32A 
 448      6F7C 438B 
 449 06fb 4989 3487 		.ascii	"I\2114\207\003J9\346\\\304\363@<\247$\026\005B|i<q\306\035;\030"
 449      034A 39E6 
 449      5CC4 F340 
 449      3CA7 2416 
 449      0542 7C69 
 450 0715 71FD D583 		.ascii	"q\375\325\203\365\252\322$\267\216T\232Q\202\362Vos\314\235&"
 450      F5AA D224 
 450      B78E 549A 
 450      5182 F256 
 450      6F73 CC9D 
 451 072a 3A15 4365 		.ascii	":\025Ce\316e,k\201\252\201Q\377@P(Rp\225&\374\224=FS\217)}\211"
 451      CE65 2C6B 
 451      81AA 8151 
 451      FF40 5028 
 451      5270 9526 
 452 0747 DBDD F120 		.ascii	"\333\335\361 \3638W\221=\350\311i\032\336d\005~D\240,12K\214"
 452      F338 5791 
 452      3DE8 C969 
 452      1ADE 6405 
 452      7E44 A02C 
 453 075f 9225 96B2 		.ascii	"\222%\226\262\034\356\275\020\355\215'\031KME\365\357\264\356"
 453      1CEE BD10 
 453      ED8D 2719 
 453      4B4D 45F5 
 453      EFB4 EE
 454 0772 A8ED AAB0 		.ascii	"\250\355\252\260\235\225\245\335\356\340\357\210#\306\376x\277"
 454      9D95 A5DD 
 454      EEE0 EF88 
 454      23C6 FE78 
 454      BF
 455 0783 C575 4701 		.ascii	"\305uG\001\n\305\311\016\343\224\016wP\2077\273\206J\314\344"
 455      0AC5 C90E 
 455      E394 0E77 
 455      5087 37BB 
 455      864A CCE4 
 456 0797 A546 6B71 		.ascii	"\245FkqI\353\215~\340\346\352K\020h\347\336\374c\363H+\264$\032"
 456      49EB 8D7E 
 456      E0E6 EA4B 
 456      1068 E7DE 
 456      FC63 F348 
 457 07af 5AA2 C063 		.ascii	"Z\242\300c\213\215=;j\242\261\211\366\233\007\336jf\222\036\027"
 457      8B8D 3D3B 
 457      6AA2 B189 
 457      F69B 07DE 
 457      6A66 921E 
 458 07c4 080E C5CB 		.ascii	"\b\016\305\313\301\305+\203\333I\203{"
 458      C1C5 2B83 
 458      DB49 837B 
 459 07d0 3E33 76C1 		.string	">3v\301\2143\264\203\213\211\272\363\330\240\214\243Z1\263\3114\216\335R\034\316\324W}d\3
 459      8C33 B483 
 459      8B89 BAF3 
 459      D8A0 8CA3 
 459      5A31 B3C9 
 460 07fb 0EED 92E3 		.string	"\016\355\222\343\330\245\214#\205\306qn\346\360\026|\202\205Q\332\224\227\213x:\303\231\0
 460      D8A5 8C23 
 460      85C6 716E 
 460      E6F0 167C 
 460      8285 51DA 
 461 08a1 AD9B FF49 		.ascii	"\255\233\377I\375\245tqG\234\270J\364 @t@\016\343\200\300\036"
 461      FDA5 7471 
 461      479C B84A 
 461      F420 4074 
 461      400E E380 
 462 08b7 3CE8 100D 		.ascii	"<\350\020\r\241\277\312\271\323\033\227\350i\b\251g;\323\275"
 462      A1BF CAB9 
 462      D31B 97E8 
 462      6908 A967 
 462      3BD3 BD
 463 08ca 3949 7F06 		.ascii	"9I\177\006\336_\020i\367\243w\013\312\222\t\262$\202\303\224"
 463      DE5F 1069 
 463      F7A3 770B 
 463      CA92 09B2 
 463      2482 C394 
 464 08de 60A4 CA39 		.ascii	"`\244\3129\340\206\333\030\301\321\243\371S\354a\n\357\252\322"
 464      E086 DB18 
 464      C1D1 A3F9 
 464      53EC 610A 
 464      EFAA D2
 465 08f1 0376 32B1 		.ascii	"\003v2\261\320\250\221D6M\342\250\224D{cJ\253\236\373\037\315"
 465      D0A8 9144 
 465      364D E2A8 
 465      9444 7B63 
 465      4AAB 9EFB 
 466 0907 C497 13C4 		.ascii	"\304\227\023\304\030L0\350\210\354\376\210\344\376\030u\377 "
 466      184C 30E8 
 466      88EC FE88 
 466      E4FE 1875 
 466      FF20 
 467 0919 3DA6 CE8C 		.ascii	"=\246\316\214g\027q\257\373s\316s\251\363\034\311y\316\275\331"
 467      6717 71AF 
 467      FB73 CE73 
 467      A9F3 1CC9 
 467      79CE BDD9 
 468 092d 2A4F EE7C 		.ascii	"*O\356|\372?\222-\344::.;>.9>\301n\257\306\236\023F\274\335@"
 468      FA3F 922D 
 468      E43A 3A2E 
 468      3B3E 2E39 
 468      3EC1 6EAF 
 469 0948 1D4F 6F9F 		.ascii	"\035Oo\237\354\300\324q\245\353\366\272>V\336\241r]\251\270\275"
 469      ECC0 D471 
 469      A5EB F6BA 
 469      3E56 DEA1 
 469      725D A9B8 
 470 095d 4E52 DFF9 		.ascii	"NR\337\371\222\357\222\352\2546\2134{'\361\255\022\230=7\212"
 470      92EF 92EA 
 470      AC36 8B34 
 470      7B27 F1AD 
 470      1298 3D37 
 471 0972 4279 7204 		.ascii	"Byr\004yR\004\247X\365\224>y\254\307y\332\021D\036kl4i-\335E"
 471      7952 04A7 
 471      58F5 943E 
 471      79AC C779 
 471      DA11 441E 
 472 098d 3482 4229 		.ascii	"4\202B)\202\311}\025c\210G0\227\206c\305jD \250@v_ \271?M\335"
 472      82C9 7D15 
 472      6388 4730 
 472      9786 63C5 
 472      6A44 20A8 
 473 09a9 C7A6 5E18 		.ascii	"\307\246^\0306\340o\230{{j\251\323$WN&\253\034\362RY,\023\024"
 473      36E0 6F98 
 473      7B7B 6AA9 
 473      D324 574E 
 473      26AB 1CF2 
 474 09c2 4B04 DF50 		.ascii	"K\004\337P\202\341\224\275\205^\270\222\021\234k\276w\315H\343"
 474      82E1 94BD 
 474      855E B892 
 474      119C 6BBE 
 474      77CD 48E3 
 475 09d6 27AB 218B 		.ascii	"'\253!\213\277\351\344p\223\305\265h\235e\253\347\310\216g;\335"
 475      BFE9 E470 
 475      93C5 B568 
 475      9D65 ABE7 
 475      C88E 673B 
 476 09eb 5CEF 6B25 		.ascii	"\\\357k%\254\363JLd\225\305\325y\216u\366<,mu\327\230\373R\232"
 476      ACF3 4A4C 
 476      6495 C5D5 
 476      798E 75F6 
 476      3C2C 6D75 
 477 0a04 FD79 29FB 		.ascii	"\375y)\373\247\317\263oHs_n\360'\227\321\0319\3603R\340\027h"
 477      A7CF B36F 
 477      4873 5F6E 
 477      F027 97D1 
 477      1939 F033 
 478 0a1c E027 FBCA 		.ascii	"\340'\373\312\033-\232;\2602\201\357\300\374\350\006,il\360\270"
 478      1B2D 9A3B 
 478      B032 81EF 
 478      C0FC E806 
 478      2C69 6CF0 
 479 0a31 9EED B09A 		.ascii	"\236\355\260\232\350\016\353\226joW.\254\220\306\020\364\305"
 479      E80E EB96 
 479      6A6F 572E 
 479      AC90 C610 
 479      F4C5 
 480 0a43 B3D1 63DE 		.ascii	"\263\321c\336Jt\363R\350\324C\215\261n\253\353\r\207\305\214"
 480      4A74 F352 
 480      E8D4 438D 
 480      B16E ABEB 
 480      0D87 C58C 
 481 0a57 55E8 225C 		.ascii	"U\350\"\\\203\276\326\335\275\335\036\370:S\265\345e\345$\306"
 481      83BE D6DD 
 481      BDDD 1EF8 
 481      3A53 B5E5 
 481      65E5 24C6 
 482 0a6b 7758 A3FB 		.ascii	"wX\243\373\301 \274D\302+B\205\300_\021\316e\302\252\216\035"
 482      C120 BC44 
 482      C22B 4285 
 482      C05F 11CE 
 482      65C2 AA8E 
 483 0a80 EC72 E7D9 		.ascii	"\354r\347\331[\305\346w\216\211Mv\262\275\360;x\006\266\027q"
 483      5BC5 E677 
 483      8E89 4D76 
 483      B2BD F03B 
 483      7806 B617 
 484 0a95 2222 BCC8 		.ascii	"\"\"\274\310\016Z\300:,E\202*A8t\031:/\t\253u\250Jx\007\306_"
 484      0E5A C03A 
 484      2C45 822A 
 484      4138 7419 
 484      3A2F 09AB 
 485 0ab0 3B5E 3EC3 		.ascii	";^>\303w\232\006h\026F'\335\367\322\024\351\212$R\265@Uz\350"
 485      779A 0668 
 485      1646 27DD 
 485      F7D2 14E9 
 485      8A24 52B5 
 486 0ac8 2C2C F762 		.ascii	",,\367b\203\335\210\f\245\227j\rl\233\352G\026\352\351\330X\254"
 486      83DD 880C 
 486      A597 6A0D 
 486      6C9B EA47 
 486      16EA E9D8 
 487 0ade DCA5 120D 		.ascii	"\334\245\022\r\257\n>\250F d\265T\225+\222*c#\251\247U{\332\346"
 487      AF0A 3EA8 
 487      4620 64B5 
 487      5495 2B92 
 487      2A63 23A9 
 488 0af7 A5D0 8535 		.ascii	"\245\320\2055b6^\375\220iX\3074\274r\276v\310\202\237i\3116v"
 488      6236 5EFD 
 488      9069 58C7 
 488      34BC 72BE 
 488      76C8 829F 
 489 0b0f E550 8281 		.ascii	"\345P\202\201+\325\356\023\t\217\r:\322\245\022\367\205\032\210"
 489      2BD5 EE13 
 489      098F 0D3A 
 489      D2A5 12F7 
 489      851A 88
 490 0b22 4AD7 A0B3 		.ascii	"J\327\240\263\236\250t\235\252td\276!\007k\312rC\222\245\234"
 490      9EA8 749D 
 490      AA74 64BE 
 490      2107 6BCA 
 490      7243 92A5 
 491 0b37 EDDE AB5F 		.ascii	"\355\336\253_\026\237\340\232\222ON\3031\217\034\374\223\324"
 491      169F E09A 
 491      924F 4EC3 
 491      318F 1CFC 
 491      93D4 
 492 0b49 4AB2 23EB 		.ascii	"J\262#\353\037\331\300\362t\270T\271\t~\033i\236\267h\2367\244"
 492      1FD9 C0F2 
 492      74B8 54B9 
 492      097E 1B69 
 492      9EB7 689E 
 493 0b5f 3CFB A6F7 		.ascii	"<\373\246\367\r\232\225\350\346\245\320\265i\216z\343\352WL\225"
 493      0D9A 95E8 
 493      E6A5 D0B5 
 493      698E 7AE3 
 493      EA57 4C95 
 494 0b73 26A6 CAA3 		.ascii	"&\246\312\243\264\323I\bOj\251R\321\2267%\325O\213O\034U\245"
 494      B4D3 4908 
 494      4F6A A952 
 494      D196 3725 
 494      D54F 8B4F 
 495 0b8a 49A1 0AF7 		.ascii	"I\241\n\367\205n\023UZ\240\263\231\250r\207\252\2229\332\371"
 495      856E 1355 
 495      5AA0 B399 
 495      A872 87AA 
 495      9239 DAF9 
 496 0b9e D483 25B6 		.ascii	"\324\203%\266\026\232\225\263\257\336[8\335w\005V,:tOP}\224\310"
 496      169A 95B3 
 496      AFDE 5B38 
 496      DD77 0556 
 496      2C3A 744F 
 497 0bb6 EB7C 15B2 		.ascii	"\353|\025\262p\2665\301'n$\254\\\035\351F\323jei\025\237\337"
 497      70B6 35C1 
 497      276E 24AC 
 497      5C1D E946 
 497      D36A 6569 
 498 0bcd F94C 8FB7 		.ascii	"\371L\217\267\273i\244\225\333\274'\007\361\264\032\370d\267"
 498      BB69 A495 
 498      DBBC 2707 
 498      F1B4 1AF8 
 498      64B7 
 499 0bdf 2AD2 E2AE 		.ascii	"*\322\342\256P;I\353>t\266\221\264:h"
 499      503B 49EB 
 499      3E74 B691 
 499      B43A 68
 500 0bee 5A71 976E 		.string	"Zq\227n\234\260\340d-\352\321}\261\361F6\273o\220]H|\274\236ip\201|+\035\233J\030\366`W_'
 500      9CB0 E064 
 500      2DEA D17D 
 500      B1F1 4636 
 500      BB6F 905D 
 501 0cef BEC3 7965 		.ascii	"\276\303ye\334[\311>\274\024{\374\301\232|O\327\"\377\303\332"
 501      DC5B C93E 
 501      BC14 7BFC 
 501      C19A 7C4F 
 501      D722 FFC3 
 502 0d04 1C51 F443 		.ascii	"\034Q\364C\317a\356\236J\232\271F>\345\023\367\202\2526\320t"
 502      CF61 EE9E 
 502      4A9A B946 
 502      3EE5 13F7 
 502      82AA 36D0 
 503 0d19 2DC3 1337 		.ascii	"-\303\02372\325\234O\322\357#V\232\344K_\324\305\373)\336\254"
 503      32D5 9C4F 
 503      D2EF 2356 
 503      9AE4 4B5F 
 503      D4C5 FB29 
 504 0d2f 721D F411 		.ascii	"r\035\364\021t?\246\214_6\223E\254\373Q\236Y\263r\307\244\312"
 504      743F A68C 
 504      5F36 9345 
 504      ACFB 519E 
 504      59B3 72C7 
 505 0d45 7DC5 2AB7 		.ascii	"}\305*\267\376`\334q\317\205j\215BT/iT\3434\2371\251\026\257"
 505      FE60 DC71 
 505      CF85 6A8D 
 505      4254 2F69 
 505      54E3 349F 
 506 0d5d 9E48 B8E1 		.ascii	"\236H\270\341\2760{M\364@\333\300\031\251r{_\207j\231\200\314"
 506      BE30 7B4D 
 506      F440 DBC0 
 506      19A9 727B 
 506      5F87 6A99 
 507 0d73 4778 E6F2 		.ascii	"Gx\346\362\250\021\236\371$\315\334\031\323x\312@\302\217\376"
 507      A811 9EF9 
 507      24CD DC19 
 507      D378 CA40 
 507      C28F FE
 508 0d86 0BFE 2B81 		.ascii	"\013\376+\201\274r\356\233=hV~$\235\022\224\371N\013\354#)\234"
 508      BC72 EE9B 
 508      3D68 567E 
 508      249D 1294 
 508      F94E 0BEC 
 509 0d9d D331 BEE4 		.ascii	"\3231\276\344\250\275k\241\337\242\341\337\016\376\252\"\373"
 509      A8BD 6BA1 
 509      DFA2 E1DF 
 509      0EFE AA22 
 509      FB
 510 0dae D021 2795 		.ascii	"\320!'\225g\006b\233\025|\330\367$\261\031\321n\366\215\372g"
 510      6706 629B 
 510      157C D8F7 
 510      24B1 19D1 
 510      6EF6 8DFA 
 511 0dc3 F437 F903 		.ascii	"\3647\371\003\276\247\332\217\316[\224\276\311\324\312\276\347"
 511      BEA7 DA8F 
 511      CE5B 94BE 
 511      C9D4 CABE 
 511      E7
 512 0dd4 B8EF 39E2 		.ascii	"\270\3579\342\033\265\017\345$\253\300d\337#\203\3479x\236\202"
 512      1BB5 0FE5 
 512      24AB C064 
 512      DF23 83E7 
 512      3978 9E82 
 513 0de8 3BBB AA93 		.ascii	";\273\252\223U\237\250'T\314\"f`8\003x({\350\005V\202;T\314\221"
 513      559F A827 
 513      54CC 2266 
 513      6038 0378 
 513      287B E805 
 514 0e02 1C1C 49C1 		.ascii	"\034\034I\301uYgF\275\225`\262a\221\301Q\034\034E\301y'+o\n\370"
 514      7559 6746 
 514      BD95 60B2 
 514      6191 C151 
 514      1C1C 45C1 
 515 0e1c 1E2B C373 		.ascii	"\036+\303s\223"
 515      93
 516 0e21 79DD 7AEC 		.string	"y\335z\354`\215\302kc\205\344\025\020\305`\276\274\312\033\252_\233\377\202\r\325vL^\t\34
 516      608D C26B 
 516      6385 E415 
 516      10C5 60BE 
 516      BCCA 1BAA 
 517 0f22 E3AF FEF5 		.ascii	"\343\257\376\365\337W\375\362\343\217u\356\021\201\301\341\037"
 517      DF57 FDF2 
 517      E38F 75EE 
 517      1181 C1E1 
 517      1F
 518 0f33 59C3 37F8 		.ascii	"Y\3037\370F\204\205\372\006\205\004\370\007\371\376\322\026\024"
 518      4684 85FA 
 518      0685 04F8 
 518      07F9 FED2 
 518      1614 
 519 0f45 E41F EAEB 		.ascii	"\344\037\352\353\377e\350\217>\013\b\370\371\006\337\r\353>X"
 519      FF65 E88F 
 519      3E0B 08F8 
 519      F906 DF0D 
 519      EB3E 58
 520 0f58 E747 DABE 		.ascii	"\347G\332\276\201\301\001A\021\233m\276a\341\233a\334\272\317"
 520      81C1 0141 
 520      119B 6DBE 
 520      61E1 9B61 
 520      DCBA CF
 521 0f6b 7546 327E 		.ascii	"uF2~\375\207\326p\013\243\266\206\206l\263\206\277\031\276\345"
 521      FD87 D670 
 521      0BA3 B686 
 521      866C B386 
 521      BF19 BEE5 
 522 0f7f 0B6B 4048 		.ascii	"\013k@H\250\3157 d\313\226\220`\311/\307\277\377\2365\\\037\360"
 522      A8CD 3720 
 522      64CB 9690 
 522      60C9 2FC7 
 522      BFFF 9E35 
 523 0f96 B97F A829 		.ascii	"\271\177\250)\314\026d\013\b'"
 523      CC16 640B 
 523      0827 
 524 0fa0 8396 2F0C 		.ascii	"\203\226/\fQg\211\b\226/{*\033a\036\201\301\201\341\326\255\201"
 524      5167 8908 
 524      962F 7B2A 
 524      1B61 1E81 
 524      C181 E1D6 
 525 0fb6 C161 CB42 		.ascii	"\301a\313Bm\376\233\301UP\2305$\230\\3X\377)$$h\031\217\206\342"
 525      6DFE 9BC1 
 525      5550 9835 
 525      2498 5C33 
 525      58FF 2924 
 526 0fd0 22C2 6CA1 		.ascii	"\"\302l\241\372m6\377/\274\224\275_lzM\331\344\356\245\201a\001"
 526      FA6D 36FF 
 526      2FBC 94BD 
 526      5F6C 7A4D 
 526      D9E4 EEA5 
 527 0fe7 FEC1 74A0 		.ascii	"\376\301t\240\227\262C\036C\233|\214YN=L\372M\"Z!\361\207Y\267"
 527      97B2 431E 
 527      439B 7C8C 
 527      594E 3D4C 
 527      FA4D 225A 
 528 1000 846C 0EFC 		.string	"\204l\016\3744\320\266\331\"w\205\004K\324\237\331hV\322\265\255\241 \221\024\307\027\266
 528      34D0 B6D9 
 528      2277 8504 
 528      4BD4 9FD9 
 528      6856 D2B5 
 529 108b 6C0D D9BA 		.string	"l\r\331\272\376CO\227s\222\255Qj\3013\307h\265\006\254{\377\307~\037\230\255\240S\310g[l[
 529      FE43 4F97 
 529      7392 AD51 
 529      6AC1 33C7 
 529      68B5 06AC 
 530 10df 7FAC E12B 		.ascii	"\177\254\341+\244\254\371\231\004\t3K\021\036\\\353\210\260\345"
 530      A4AC F999 
 530      0409 334B 
 530      111E 5CEB 
 530      88B0 E5
 531 10f2 56AB 7FD0 		.ascii	"V\253\177\3206\377\257\303 \334\240\300`\233\325\372\1778\227"
 531      36FF AFC3 
 531      20DC A0C0 
 531      609B D5FA 
 531      7F38 97
 532 1105 1C55      		.ascii	"\034U"
 533               		.text
 534               		.section	.gnu.lto_.symtab.7f70b61bd180eae,"",@progbits
 535 0000 6D61 7472 		.string	"matrix_init_user"
 535      6978 5F69 
 535      6E69 745F 
 535      7573 6572 
 535      00
 536 0011 00        		.string	""
 537 0012 01        		.ascii	"\001"
 538 0013 00        		.string	""
 539 0014 00        		.string	""
 540 0015 00        		.string	""
 541 0016 00        		.string	""
 542 0017 00        		.string	""
 543 0018 00        		.string	""
 544 0019 00        		.string	""
 545 001a 00        		.string	""
 546 001b 00        		.string	""
 547 001c F100      		.string	"\361"
 548 001e 00        		.string	""
 549 001f 00        		.string	""
 550 0020 6D61 7472 		.string	"matrix_init_kb"
 550      6978 5F69 
 550      6E69 745F 
 550      6B62 00
 551 002f 00        		.string	""
 552 0030 01        		.ascii	"\001"
 553 0031 00        		.string	""
 554 0032 00        		.string	""
 555 0033 00        		.string	""
 556 0034 00        		.string	""
 557 0035 00        		.string	""
 558 0036 00        		.string	""
 559 0037 00        		.string	""
 560 0038 00        		.string	""
 561 0039 00        		.string	""
 562 003a F400      		.string	"\364"
 563 003c 00        		.string	""
 564 003d 00        		.string	""
 565 003e 6D61 7472 		.string	"matrix_init_quantum"
 565      6978 5F69 
 565      6E69 745F 
 565      7175 616E 
 565      7475 6D00 
 566 0052 00        		.string	""
 567 0053 01        		.ascii	"\001"
 568 0054 00        		.string	""
 569 0055 00        		.string	""
 570 0056 00        		.string	""
 571 0057 00        		.string	""
 572 0058 00        		.string	""
 573 0059 00        		.string	""
 574 005a 00        		.string	""
 575 005b 00        		.string	""
 576 005c 00        		.string	""
 577 005d F700      		.string	"\367"
 578 005f 00        		.string	""
 579 0060 00        		.string	""
 580 0061 6D61 7472 		.string	"matrix_scan_user"
 580      6978 5F73 
 580      6361 6E5F 
 580      7573 6572 
 580      00
 581 0072 00        		.string	""
 582 0073 01        		.ascii	"\001"
 583 0074 00        		.string	""
 584 0075 00        		.string	""
 585 0076 00        		.string	""
 586 0077 00        		.string	""
 587 0078 00        		.string	""
 588 0079 00        		.string	""
 589 007a 00        		.string	""
 590 007b 00        		.string	""
 591 007c 00        		.string	""
 592 007d FA00      		.string	"\372"
 593 007f 00        		.string	""
 594 0080 00        		.string	""
 595 0081 6D61 7472 		.string	"matrix_scan_kb"
 595      6978 5F73 
 595      6361 6E5F 
 595      6B62 00
 596 0090 00        		.string	""
 597 0091 01        		.ascii	"\001"
 598 0092 00        		.string	""
 599 0093 00        		.string	""
 600 0094 00        		.string	""
 601 0095 00        		.string	""
 602 0096 00        		.string	""
 603 0097 00        		.string	""
 604 0098 00        		.string	""
 605 0099 00        		.string	""
 606 009a 00        		.string	""
 607 009b FD00      		.string	"\375"
 608 009d 00        		.string	""
 609 009e 00        		.string	""
 610 009f 6D61 7472 		.string	"matrix_scan_quantum"
 610      6978 5F73 
 610      6361 6E5F 
 610      7175 616E 
 610      7475 6D00 
 611 00b3 00        		.string	""
 612 00b4 01        		.ascii	"\001"
 613 00b5 00        		.string	""
 614 00b6 00        		.string	""
 615 00b7 00        		.string	""
 616 00b8 00        		.string	""
 617 00b9 00        		.string	""
 618 00ba 00        		.string	""
 619 00bb 00        		.string	""
 620 00bc 00        		.string	""
 621 00bd 00        		.string	""
 622 00be 00        		.string	""
 623 00bf 0100      		.string	"\001"
 624 00c1 00        		.string	""
 625 00c2 6D61 7472 		.string	"matrix_rows"
 625      6978 5F72 
 625      6F77 7300 
 626 00ce 00        		.string	""
 627 00cf 00        		.string	""
 628 00d0 00        		.string	""
 629 00d1 00        		.string	""
 630 00d2 00        		.string	""
 631 00d3 00        		.string	""
 632 00d4 00        		.string	""
 633 00d5 00        		.string	""
 634 00d6 00        		.string	""
 635 00d7 00        		.string	""
 636 00d8 00        		.string	""
 637 00d9 0301 00   		.string	"\003\001"
 638 00dc 00        		.string	""
 639 00dd 6D61 7472 		.string	"matrix_cols"
 639      6978 5F63 
 639      6F6C 7300 
 640 00e9 00        		.string	""
 641 00ea 00        		.string	""
 642 00eb 00        		.string	""
 643 00ec 00        		.string	""
 644 00ed 00        		.string	""
 645 00ee 00        		.string	""
 646 00ef 00        		.string	""
 647 00f0 00        		.string	""
 648 00f1 00        		.string	""
 649 00f2 00        		.string	""
 650 00f3 00        		.string	""
 651 00f4 0501 00   		.string	"\005\001"
 652 00f7 00        		.string	""
 653 00f8 6D61 7472 		.string	"matrix_is_modified"
 653      6978 5F69 
 653      735F 6D6F 
 653      6469 6669 
 653      6564 00
 654 010b 00        		.string	""
 655 010c 00        		.string	""
 656 010d 00        		.string	""
 657 010e 00        		.string	""
 658 010f 00        		.string	""
 659 0110 00        		.string	""
 660 0111 00        		.string	""
 661 0112 00        		.string	""
 662 0113 00        		.string	""
 663 0114 00        		.string	""
 664 0115 00        		.string	""
 665 0116 0801 00   		.string	"\b\001"
 666 0119 00        		.string	""
 667 011a 6D61 7472 		.string	"matrix_is_on"
 667      6978 5F69 
 667      735F 6F6E 
 667      00
 668 0127 00        		.string	""
 669 0128 00        		.string	""
 670 0129 00        		.string	""
 671 012a 00        		.string	""
 672 012b 00        		.string	""
 673 012c 00        		.string	""
 674 012d 00        		.string	""
 675 012e 00        		.string	""
 676 012f 00        		.string	""
 677 0130 00        		.string	""
 678 0131 00        		.string	""
 679 0132 0D01 00   		.string	"\r\001"
 680 0135 00        		.string	""
 681 0136 6D61 7472 		.string	"matrix_get_row"
 681      6978 5F67 
 681      6574 5F72 
 681      6F77 00
 682 0145 00        		.string	""
 683 0146 00        		.string	""
 684 0147 00        		.string	""
 685 0148 00        		.string	""
 686 0149 00        		.string	""
 687 014a 00        		.string	""
 688 014b 00        		.string	""
 689 014c 00        		.string	""
 690 014d 00        		.string	""
 691 014e 00        		.string	""
 692 014f 00        		.string	""
 693 0150 1101 00   		.string	"\021\001"
 694 0153 00        		.string	""
 695 0154 6D61 7472 		.string	"matrix_print"
 695      6978 5F70 
 695      7269 6E74 
 695      00
 696 0161 00        		.string	""
 697 0162 00        		.string	""
 698 0163 00        		.string	""
 699 0164 00        		.string	""
 700 0165 00        		.string	""
 701 0166 00        		.string	""
 702 0167 00        		.string	""
 703 0168 00        		.string	""
 704 0169 00        		.string	""
 705 016a 00        		.string	""
 706 016b 00        		.string	""
 707 016c 1301 00   		.string	"\023\001"
 708 016f 00        		.string	""
 709 0170 6D61 7472 		.string	"matrix_key_count"
 709      6978 5F6B 
 709      6579 5F63 
 709      6F75 6E74 
 709      00
 710 0181 00        		.string	""
 711 0182 00        		.string	""
 712 0183 00        		.string	""
 713 0184 00        		.string	""
 714 0185 00        		.string	""
 715 0186 00        		.string	""
 716 0187 00        		.string	""
 717 0188 00        		.string	""
 718 0189 00        		.string	""
 719 018a 00        		.string	""
 720 018b 00        		.string	""
 721 018c 1501 00   		.string	"\025\001"
 722 018f 00        		.string	""
 723 0190 6D61 7472 		.string	"matrix_init"
 723      6978 5F69 
 723      6E69 7400 
 724 019c 00        		.string	""
 725 019d 00        		.string	""
 726 019e 00        		.string	""
 727 019f 00        		.string	""
 728 01a0 00        		.string	""
 729 01a1 00        		.string	""
 730 01a2 00        		.string	""
 731 01a3 00        		.string	""
 732 01a4 00        		.string	""
 733 01a5 00        		.string	""
 734 01a6 00        		.string	""
 735 01a7 1701 00   		.string	"\027\001"
 736 01aa 00        		.string	""
 737 01ab 6D61 7472 		.string	"matrix_scan"
 737      6978 5F73 
 737      6361 6E00 
 738 01b7 00        		.string	""
 739 01b8 00        		.string	""
 740 01b9 00        		.string	""
 741 01ba 00        		.string	""
 742 01bb 00        		.string	""
 743 01bc 00        		.string	""
 744 01bd 00        		.string	""
 745 01be 00        		.string	""
 746 01bf 00        		.string	""
 747 01c0 00        		.string	""
 748 01c1 00        		.string	""
 749 01c2 1901 00   		.string	"\031\001"
 750 01c5 00        		.string	""
 751 01c6 6465 626F 		.string	"debounce_active"
 751      756E 6365 
 751      5F61 6374 
 751      6976 6500 
 752 01d6 00        		.string	""
 753 01d7 02        		.ascii	"\002"
 754 01d8 00        		.string	""
 755 01d9 00        		.string	""
 756 01da 00        		.string	""
 757 01db 00        		.string	""
 758 01dc 00        		.string	""
 759 01dd 00        		.string	""
 760 01de 00        		.string	""
 761 01df 00        		.string	""
 762 01e0 00        		.string	""
 763 01e1 1F01 00   		.string	"\037\001"
 764 01e4 00        		.string	""
 765 01e5 7870 7574 		.string	"xputs"
 765      7300 
 766 01eb 00        		.string	""
 767 01ec 02        		.ascii	"\002"
 768 01ed 00        		.string	""
 769 01ee 00        		.string	""
 770 01ef 00        		.string	""
 771 01f0 00        		.string	""
 772 01f1 00        		.string	""
 773 01f2 00        		.string	""
 774 01f3 00        		.string	""
 775 01f4 00        		.string	""
 776 01f5 00        		.string	""
 777 01f6 2301 00   		.string	"#\001"
 778 01f9 00        		.string	""
 779 01fa 5F5F 7870 		.string	"__xprintf"
 779      7269 6E74 
 779      6600 
 780 0204 00        		.string	""
 781 0205 02        		.ascii	"\002"
 782 0206 00        		.string	""
 783 0207 00        		.string	""
 784 0208 00        		.string	""
 785 0209 00        		.string	""
 786 020a 00        		.string	""
 787 020b 00        		.string	""
 788 020c 00        		.string	""
 789 020d 00        		.string	""
 790 020e 00        		.string	""
 791 020f 2701 00   		.string	"'\001"
 792 0212 00        		.string	""
 793 0213 6269 7472 		.string	"bitrev16"
 793      6576 3136 
 793      00
 794 021c 00        		.string	""
 795 021d 02        		.ascii	"\002"
 796 021e 00        		.string	""
 797 021f 00        		.string	""
 798 0220 00        		.string	""
 799 0221 00        		.string	""
 800 0222 00        		.string	""
 801 0223 00        		.string	""
 802 0224 00        		.string	""
 803 0225 00        		.string	""
 804 0226 00        		.string	""
 805 0227 2B01 00   		.string	"+\001"
 806 022a 00        		.string	""
 807 022b 6269 7470 		.string	"bitpop16"
 807      6F70 3136 
 807      00
 808 0234 00        		.string	""
 809 0235 02        		.ascii	"\002"
 810 0236 00        		.string	""
 811 0237 00        		.string	""
 812 0238 00        		.string	""
 813 0239 00        		.string	""
 814 023a 00        		.string	""
 815 023b 00        		.string	""
 816 023c 00        		.string	""
 817 023d 00        		.string	""
 818 023e 00        		.string	""
 819 023f 2F01 00   		.string	"/\001"
 820 0242 00        		.string	""
 821 0243 6465 626F 		.string	"debounce_init"
 821      756E 6365 
 821      5F69 6E69 
 821      7400 
 822 0251 00        		.string	""
 823 0252 02        		.ascii	"\002"
 824 0253 00        		.string	""
 825 0254 00        		.string	""
 826 0255 00        		.string	""
 827 0256 00        		.string	""
 828 0257 00        		.string	""
 829 0258 00        		.string	""
 830 0259 00        		.string	""
 831 025a 00        		.string	""
 832 025b 00        		.string	""
 833 025c 3101 00   		.string	"1\001"
 834 025f 00        		.string	""
 835 0260 6465 626F 		.string	"debounce"
 835      756E 6365 
 835      00
 836 0269 00        		.string	""
 837 026a 02        		.ascii	"\002"
 838 026b 00        		.string	""
 839 026c 00        		.string	""
 840 026d 00        		.string	""
 841 026e 00        		.string	""
 842 026f 00        		.string	""
 843 0270 00        		.string	""
 844 0271 00        		.string	""
 845 0272 00        		.string	""
 846 0273 00        		.string	""
 847 0274 3801 00   		.string	"8\001"
 848 0277 00        		.string	""
 849               		.text
 850               		.section	.gnu.lto_.opts,"",@progbits
 851 0000 272D 666D 		.ascii	"'-fmath-errno' '-fsigned-zeros' '-ftrapping-m"
 851      6174 682D 
 851      6572 726E 
 851      6F27 2027 
 851      2D66 7369 
 852 002d 6174 6827 		.string	"ath' '-fno-trapv' '-fno-openmp' '-fno-openacc' '-mn-flash=1' '-mno-skip-bug' '-mmcu=avr5'
 852      2027 2D66 
 852      6E6F 2D74 
 852      7261 7076 
 852      2720 272D 
 853               		.text
 854               		.comm	__gnu_lto_v1,1,1
 855               		.comm	__gnu_lto_slim,1,1
 856               		.ident	"GCC: (GNU) 7.4.0"
DEFINED SYMBOLS
                            *ABS*:0000000000000000 matrix.c
/var/tmp//ccLFW259.s:2      *ABS*:000000000000003e __SP_H__
/var/tmp//ccLFW259.s:3      *ABS*:000000000000003d __SP_L__
/var/tmp//ccLFW259.s:4      *ABS*:000000000000003f __SREG__
/var/tmp//ccLFW259.s:5      *ABS*:0000000000000000 __tmp_reg__
/var/tmp//ccLFW259.s:6      *ABS*:0000000000000001 __zero_reg__
                            *COM*:0000000000000001 __gnu_lto_v1
                            *COM*:0000000000000001 __gnu_lto_slim

NO UNDEFINED SYMBOLS
