   1               		.file	"split_util.c"
   2               	__SP_H__ = 0x3e
   3               	__SP_L__ = 0x3d
   4               	__SREG__ = 0x3f
   5               	__tmp_reg__ = 0
   6               	__zero_reg__ = 1
   7               		.text
   8               	.Ltext0:
   9               		.cfi_sections	.debug_frame
  10               		.section	.text.has_usb,"ax",@progbits
  11               	.global	has_usb
  13               	has_usb:
  14               	.LFB17:
  15               		.file 1 "keyboards/lily58/rev1/split_util.c"
   1:keyboards/lily58/rev1/split_util.c **** #include <avr/io.h>
   2:keyboards/lily58/rev1/split_util.c **** #include <avr/wdt.h>
   3:keyboards/lily58/rev1/split_util.c **** #include <avr/power.h>
   4:keyboards/lily58/rev1/split_util.c **** #include <avr/interrupt.h>
   5:keyboards/lily58/rev1/split_util.c **** #include <util/delay.h>
   6:keyboards/lily58/rev1/split_util.c **** #include <avr/eeprom.h>
   7:keyboards/lily58/rev1/split_util.c **** #include "split_util.h"
   8:keyboards/lily58/rev1/split_util.c **** #include "matrix.h"
   9:keyboards/lily58/rev1/split_util.c **** #include "keyboard.h"
  10:keyboards/lily58/rev1/split_util.c **** 
  11:keyboards/lily58/rev1/split_util.c **** #ifdef USE_MATRIX_I2C
  12:keyboards/lily58/rev1/split_util.c **** #  include "i2c.h"
  13:keyboards/lily58/rev1/split_util.c **** #else
  14:keyboards/lily58/rev1/split_util.c **** #  include "split_scomm.h"
  15:keyboards/lily58/rev1/split_util.c **** #endif
  16:keyboards/lily58/rev1/split_util.c **** 
  17:keyboards/lily58/rev1/split_util.c **** volatile bool isLeftHand = true;
  18:keyboards/lily58/rev1/split_util.c **** 
  19:keyboards/lily58/rev1/split_util.c **** static void setup_handedness(void) {
  20:keyboards/lily58/rev1/split_util.c ****   #ifdef EE_HANDS
  21:keyboards/lily58/rev1/split_util.c ****     isLeftHand = eeprom_read_byte(EECONFIG_HANDEDNESS);
  22:keyboards/lily58/rev1/split_util.c ****   #else
  23:keyboards/lily58/rev1/split_util.c ****     // I2C_MASTER_RIGHT is deprecated, use MASTER_RIGHT instead, since this works for both serial a
  24:keyboards/lily58/rev1/split_util.c ****     #if defined(I2C_MASTER_RIGHT) || defined(MASTER_RIGHT)
  25:keyboards/lily58/rev1/split_util.c ****       isLeftHand = !has_usb();
  26:keyboards/lily58/rev1/split_util.c ****     #else
  27:keyboards/lily58/rev1/split_util.c ****       isLeftHand = has_usb();
  28:keyboards/lily58/rev1/split_util.c ****     #endif
  29:keyboards/lily58/rev1/split_util.c ****   #endif
  30:keyboards/lily58/rev1/split_util.c **** }
  31:keyboards/lily58/rev1/split_util.c **** 
  32:keyboards/lily58/rev1/split_util.c **** static void keyboard_master_setup(void) {
  33:keyboards/lily58/rev1/split_util.c **** 
  34:keyboards/lily58/rev1/split_util.c **** #ifdef USE_MATRIX_I2C
  35:keyboards/lily58/rev1/split_util.c ****     i2c_master_init();
  36:keyboards/lily58/rev1/split_util.c **** #else
  37:keyboards/lily58/rev1/split_util.c ****     serial_master_init();
  38:keyboards/lily58/rev1/split_util.c **** #endif
  39:keyboards/lily58/rev1/split_util.c **** }
  40:keyboards/lily58/rev1/split_util.c **** 
  41:keyboards/lily58/rev1/split_util.c **** static void keyboard_slave_setup(void) {
  42:keyboards/lily58/rev1/split_util.c **** 
  43:keyboards/lily58/rev1/split_util.c **** #ifdef USE_MATRIX_I2C
  44:keyboards/lily58/rev1/split_util.c ****     i2c_slave_init(SLAVE_I2C_ADDRESS);
  45:keyboards/lily58/rev1/split_util.c **** #else
  46:keyboards/lily58/rev1/split_util.c ****     serial_slave_init();
  47:keyboards/lily58/rev1/split_util.c **** #endif
  48:keyboards/lily58/rev1/split_util.c **** }
  49:keyboards/lily58/rev1/split_util.c **** 
  50:keyboards/lily58/rev1/split_util.c **** bool has_usb(void) {
  16               		.loc 1 50 0
  17               		.cfi_startproc
  18               	/* prologue: function */
  19               	/* frame size = 0 */
  20               	/* stack size = 0 */
  21               	.L__stack_usage = 0
  51:keyboards/lily58/rev1/split_util.c ****    USBCON |= (1 << OTGPADE); //enables VBUS pad
  22               		.loc 1 51 0
  23 0000 E8ED      		ldi r30,lo8(-40)
  24 0002 F0E0      		ldi r31,0
  25 0004 8081      		ld r24,Z
  26 0006 8061      		ori r24,lo8(16)
  27 0008 8083      		st Z,r24
  28               	.LVL0:
  29               	.LBB4:
  30               	.LBB5:
  31               		.file 2 "/usr/local/Cellar/avr-gcc@7/7.4.0/avr/include/util/delay.h"
   1:/usr/local/Cellar/avr-gcc@7/7.4.0/avr/include/util/delay.h **** /* Copyright (c) 2002, Marek Michalkiewicz
   2:/usr/local/Cellar/avr-gcc@7/7.4.0/avr/include/util/delay.h ****    Copyright (c) 2004,2005,2007 Joerg Wunsch
   3:/usr/local/Cellar/avr-gcc@7/7.4.0/avr/include/util/delay.h ****    Copyright (c) 2007  Florin-Viorel Petrov
   4:/usr/local/Cellar/avr-gcc@7/7.4.0/avr/include/util/delay.h ****    All rights reserved.
   5:/usr/local/Cellar/avr-gcc@7/7.4.0/avr/include/util/delay.h **** 
   6:/usr/local/Cellar/avr-gcc@7/7.4.0/avr/include/util/delay.h ****    Redistribution and use in source and binary forms, with or without
   7:/usr/local/Cellar/avr-gcc@7/7.4.0/avr/include/util/delay.h ****    modification, are permitted provided that the following conditions are met:
   8:/usr/local/Cellar/avr-gcc@7/7.4.0/avr/include/util/delay.h **** 
   9:/usr/local/Cellar/avr-gcc@7/7.4.0/avr/include/util/delay.h ****    * Redistributions of source code must retain the above copyright
  10:/usr/local/Cellar/avr-gcc@7/7.4.0/avr/include/util/delay.h ****      notice, this list of conditions and the following disclaimer.
  11:/usr/local/Cellar/avr-gcc@7/7.4.0/avr/include/util/delay.h **** 
  12:/usr/local/Cellar/avr-gcc@7/7.4.0/avr/include/util/delay.h ****    * Redistributions in binary form must reproduce the above copyright
  13:/usr/local/Cellar/avr-gcc@7/7.4.0/avr/include/util/delay.h ****      notice, this list of conditions and the following disclaimer in
  14:/usr/local/Cellar/avr-gcc@7/7.4.0/avr/include/util/delay.h ****      the documentation and/or other materials provided with the
  15:/usr/local/Cellar/avr-gcc@7/7.4.0/avr/include/util/delay.h ****      distribution.
  16:/usr/local/Cellar/avr-gcc@7/7.4.0/avr/include/util/delay.h **** 
  17:/usr/local/Cellar/avr-gcc@7/7.4.0/avr/include/util/delay.h ****    * Neither the name of the copyright holders nor the names of
  18:/usr/local/Cellar/avr-gcc@7/7.4.0/avr/include/util/delay.h ****      contributors may be used to endorse or promote products derived
  19:/usr/local/Cellar/avr-gcc@7/7.4.0/avr/include/util/delay.h ****      from this software without specific prior written permission.
  20:/usr/local/Cellar/avr-gcc@7/7.4.0/avr/include/util/delay.h **** 
  21:/usr/local/Cellar/avr-gcc@7/7.4.0/avr/include/util/delay.h ****   THIS SOFTWARE IS PROVIDED BY THE COPYRIGHT HOLDERS AND CONTRIBUTORS "AS IS"
  22:/usr/local/Cellar/avr-gcc@7/7.4.0/avr/include/util/delay.h ****   AND ANY EXPRESS OR IMPLIED WARRANTIES, INCLUDING, BUT NOT LIMITED TO, THE
  23:/usr/local/Cellar/avr-gcc@7/7.4.0/avr/include/util/delay.h ****   IMPLIED WARRANTIES OF MERCHANTABILITY AND FITNESS FOR A PARTICULAR PURPOSE
  24:/usr/local/Cellar/avr-gcc@7/7.4.0/avr/include/util/delay.h ****   ARE DISCLAIMED. IN NO EVENT SHALL THE COPYRIGHT OWNER OR CONTRIBUTORS BE
  25:/usr/local/Cellar/avr-gcc@7/7.4.0/avr/include/util/delay.h ****   LIABLE FOR ANY DIRECT, INDIRECT, INCIDENTAL, SPECIAL, EXEMPLARY, OR
  26:/usr/local/Cellar/avr-gcc@7/7.4.0/avr/include/util/delay.h ****   CONSEQUENTIAL DAMAGES (INCLUDING, BUT NOT LIMITED TO, PROCUREMENT OF
  27:/usr/local/Cellar/avr-gcc@7/7.4.0/avr/include/util/delay.h ****   SUBSTITUTE GOODS OR SERVICES; LOSS OF USE, DATA, OR PROFITS; OR BUSINESS
  28:/usr/local/Cellar/avr-gcc@7/7.4.0/avr/include/util/delay.h ****   INTERRUPTION) HOWEVER CAUSED AND ON ANY THEORY OF LIABILITY, WHETHER IN
  29:/usr/local/Cellar/avr-gcc@7/7.4.0/avr/include/util/delay.h ****   CONTRACT, STRICT LIABILITY, OR TORT (INCLUDING NEGLIGENCE OR OTHERWISE)
  30:/usr/local/Cellar/avr-gcc@7/7.4.0/avr/include/util/delay.h ****   ARISING IN ANY WAY OUT OF THE USE OF THIS SOFTWARE, EVEN IF ADVISED OF THE
  31:/usr/local/Cellar/avr-gcc@7/7.4.0/avr/include/util/delay.h ****   POSSIBILITY OF SUCH DAMAGE. */
  32:/usr/local/Cellar/avr-gcc@7/7.4.0/avr/include/util/delay.h **** 
  33:/usr/local/Cellar/avr-gcc@7/7.4.0/avr/include/util/delay.h **** /* $Id: delay.h.in 2506 2016-02-08 10:05:45Z joerg_wunsch $ */
  34:/usr/local/Cellar/avr-gcc@7/7.4.0/avr/include/util/delay.h **** 
  35:/usr/local/Cellar/avr-gcc@7/7.4.0/avr/include/util/delay.h **** #ifndef _UTIL_DELAY_H_
  36:/usr/local/Cellar/avr-gcc@7/7.4.0/avr/include/util/delay.h **** #define _UTIL_DELAY_H_ 1
  37:/usr/local/Cellar/avr-gcc@7/7.4.0/avr/include/util/delay.h **** 
  38:/usr/local/Cellar/avr-gcc@7/7.4.0/avr/include/util/delay.h **** #ifndef __DOXYGEN__
  39:/usr/local/Cellar/avr-gcc@7/7.4.0/avr/include/util/delay.h **** #  ifndef __HAS_DELAY_CYCLES
  40:/usr/local/Cellar/avr-gcc@7/7.4.0/avr/include/util/delay.h **** #    define __HAS_DELAY_CYCLES 1
  41:/usr/local/Cellar/avr-gcc@7/7.4.0/avr/include/util/delay.h **** #  endif
  42:/usr/local/Cellar/avr-gcc@7/7.4.0/avr/include/util/delay.h **** #endif  /* __DOXYGEN__ */
  43:/usr/local/Cellar/avr-gcc@7/7.4.0/avr/include/util/delay.h **** 
  44:/usr/local/Cellar/avr-gcc@7/7.4.0/avr/include/util/delay.h **** #include <inttypes.h>
  45:/usr/local/Cellar/avr-gcc@7/7.4.0/avr/include/util/delay.h **** #include <util/delay_basic.h>
  46:/usr/local/Cellar/avr-gcc@7/7.4.0/avr/include/util/delay.h **** #include <math.h>
  47:/usr/local/Cellar/avr-gcc@7/7.4.0/avr/include/util/delay.h **** 
  48:/usr/local/Cellar/avr-gcc@7/7.4.0/avr/include/util/delay.h **** /** \file */
  49:/usr/local/Cellar/avr-gcc@7/7.4.0/avr/include/util/delay.h **** /** \defgroup util_delay <util/delay.h>: Convenience functions for busy-wait delay loops
  50:/usr/local/Cellar/avr-gcc@7/7.4.0/avr/include/util/delay.h ****     \code
  51:/usr/local/Cellar/avr-gcc@7/7.4.0/avr/include/util/delay.h ****     #define F_CPU 1000000UL  // 1 MHz
  52:/usr/local/Cellar/avr-gcc@7/7.4.0/avr/include/util/delay.h ****     //#define F_CPU 14.7456E6
  53:/usr/local/Cellar/avr-gcc@7/7.4.0/avr/include/util/delay.h ****     #include <util/delay.h>
  54:/usr/local/Cellar/avr-gcc@7/7.4.0/avr/include/util/delay.h ****     \endcode
  55:/usr/local/Cellar/avr-gcc@7/7.4.0/avr/include/util/delay.h **** 
  56:/usr/local/Cellar/avr-gcc@7/7.4.0/avr/include/util/delay.h ****     \note As an alternative method, it is possible to pass the
  57:/usr/local/Cellar/avr-gcc@7/7.4.0/avr/include/util/delay.h ****     F_CPU macro down to the compiler from the Makefile.
  58:/usr/local/Cellar/avr-gcc@7/7.4.0/avr/include/util/delay.h ****     Obviously, in that case, no \c \#define statement should be
  59:/usr/local/Cellar/avr-gcc@7/7.4.0/avr/include/util/delay.h ****     used.
  60:/usr/local/Cellar/avr-gcc@7/7.4.0/avr/include/util/delay.h **** 
  61:/usr/local/Cellar/avr-gcc@7/7.4.0/avr/include/util/delay.h ****     The functions in this header file are wrappers around the basic
  62:/usr/local/Cellar/avr-gcc@7/7.4.0/avr/include/util/delay.h ****     busy-wait functions from <util/delay_basic.h>.  They are meant as
  63:/usr/local/Cellar/avr-gcc@7/7.4.0/avr/include/util/delay.h ****     convenience functions where actual time values can be specified
  64:/usr/local/Cellar/avr-gcc@7/7.4.0/avr/include/util/delay.h ****     rather than a number of cycles to wait for.  The idea behind is
  65:/usr/local/Cellar/avr-gcc@7/7.4.0/avr/include/util/delay.h ****     that compile-time constant expressions will be eliminated by
  66:/usr/local/Cellar/avr-gcc@7/7.4.0/avr/include/util/delay.h ****     compiler optimization so floating-point expressions can be used
  67:/usr/local/Cellar/avr-gcc@7/7.4.0/avr/include/util/delay.h ****     to calculate the number of delay cycles needed based on the CPU
  68:/usr/local/Cellar/avr-gcc@7/7.4.0/avr/include/util/delay.h ****     frequency passed by the macro F_CPU.
  69:/usr/local/Cellar/avr-gcc@7/7.4.0/avr/include/util/delay.h **** 
  70:/usr/local/Cellar/avr-gcc@7/7.4.0/avr/include/util/delay.h ****     \note In order for these functions to work as intended, compiler
  71:/usr/local/Cellar/avr-gcc@7/7.4.0/avr/include/util/delay.h ****     optimizations <em>must</em> be enabled, and the delay time
  72:/usr/local/Cellar/avr-gcc@7/7.4.0/avr/include/util/delay.h ****     <em>must</em> be an expression that is a known constant at
  73:/usr/local/Cellar/avr-gcc@7/7.4.0/avr/include/util/delay.h ****     compile-time.  If these requirements are not met, the resulting
  74:/usr/local/Cellar/avr-gcc@7/7.4.0/avr/include/util/delay.h ****     delay will be much longer (and basically unpredictable), and
  75:/usr/local/Cellar/avr-gcc@7/7.4.0/avr/include/util/delay.h ****     applications that otherwise do not use floating-point calculations
  76:/usr/local/Cellar/avr-gcc@7/7.4.0/avr/include/util/delay.h ****     will experience severe code bloat by the floating-point library
  77:/usr/local/Cellar/avr-gcc@7/7.4.0/avr/include/util/delay.h ****     routines linked into the application.
  78:/usr/local/Cellar/avr-gcc@7/7.4.0/avr/include/util/delay.h **** 
  79:/usr/local/Cellar/avr-gcc@7/7.4.0/avr/include/util/delay.h ****     The functions available allow the specification of microsecond, and
  80:/usr/local/Cellar/avr-gcc@7/7.4.0/avr/include/util/delay.h ****     millisecond delays directly, using the application-supplied macro
  81:/usr/local/Cellar/avr-gcc@7/7.4.0/avr/include/util/delay.h ****     F_CPU as the CPU clock frequency (in Hertz).
  82:/usr/local/Cellar/avr-gcc@7/7.4.0/avr/include/util/delay.h **** 
  83:/usr/local/Cellar/avr-gcc@7/7.4.0/avr/include/util/delay.h **** */
  84:/usr/local/Cellar/avr-gcc@7/7.4.0/avr/include/util/delay.h **** 
  85:/usr/local/Cellar/avr-gcc@7/7.4.0/avr/include/util/delay.h **** #if !defined(__DOXYGEN__)
  86:/usr/local/Cellar/avr-gcc@7/7.4.0/avr/include/util/delay.h **** static __inline__ void _delay_us(double __us) __attribute__((__always_inline__));
  87:/usr/local/Cellar/avr-gcc@7/7.4.0/avr/include/util/delay.h **** static __inline__ void _delay_ms(double __ms) __attribute__((__always_inline__));
  88:/usr/local/Cellar/avr-gcc@7/7.4.0/avr/include/util/delay.h **** #endif
  89:/usr/local/Cellar/avr-gcc@7/7.4.0/avr/include/util/delay.h **** 
  90:/usr/local/Cellar/avr-gcc@7/7.4.0/avr/include/util/delay.h **** #ifndef F_CPU
  91:/usr/local/Cellar/avr-gcc@7/7.4.0/avr/include/util/delay.h **** /* prevent compiler error by supplying a default */
  92:/usr/local/Cellar/avr-gcc@7/7.4.0/avr/include/util/delay.h **** # warning "F_CPU not defined for <util/delay.h>"
  93:/usr/local/Cellar/avr-gcc@7/7.4.0/avr/include/util/delay.h **** /** \ingroup util_delay
  94:/usr/local/Cellar/avr-gcc@7/7.4.0/avr/include/util/delay.h ****     \def F_CPU
  95:/usr/local/Cellar/avr-gcc@7/7.4.0/avr/include/util/delay.h ****     \brief CPU frequency in Hz
  96:/usr/local/Cellar/avr-gcc@7/7.4.0/avr/include/util/delay.h **** 
  97:/usr/local/Cellar/avr-gcc@7/7.4.0/avr/include/util/delay.h ****     The macro F_CPU specifies the CPU frequency to be considered by
  98:/usr/local/Cellar/avr-gcc@7/7.4.0/avr/include/util/delay.h ****     the delay macros.  This macro is normally supplied by the
  99:/usr/local/Cellar/avr-gcc@7/7.4.0/avr/include/util/delay.h ****     environment (e.g. from within a project header, or the project's
 100:/usr/local/Cellar/avr-gcc@7/7.4.0/avr/include/util/delay.h ****     Makefile).  The value 1 MHz here is only provided as a "vanilla"
 101:/usr/local/Cellar/avr-gcc@7/7.4.0/avr/include/util/delay.h ****     fallback if no such user-provided definition could be found.
 102:/usr/local/Cellar/avr-gcc@7/7.4.0/avr/include/util/delay.h **** 
 103:/usr/local/Cellar/avr-gcc@7/7.4.0/avr/include/util/delay.h ****     In terms of the delay functions, the CPU frequency can be given as
 104:/usr/local/Cellar/avr-gcc@7/7.4.0/avr/include/util/delay.h ****     a floating-point constant (e.g. 3.6864E6 for 3.6864 MHz).
 105:/usr/local/Cellar/avr-gcc@7/7.4.0/avr/include/util/delay.h ****     However, the macros in <util/setbaud.h> require it to be an
 106:/usr/local/Cellar/avr-gcc@7/7.4.0/avr/include/util/delay.h ****     integer value.
 107:/usr/local/Cellar/avr-gcc@7/7.4.0/avr/include/util/delay.h ****  */
 108:/usr/local/Cellar/avr-gcc@7/7.4.0/avr/include/util/delay.h **** # define F_CPU 1000000UL
 109:/usr/local/Cellar/avr-gcc@7/7.4.0/avr/include/util/delay.h **** #endif
 110:/usr/local/Cellar/avr-gcc@7/7.4.0/avr/include/util/delay.h **** 
 111:/usr/local/Cellar/avr-gcc@7/7.4.0/avr/include/util/delay.h **** #ifndef __OPTIMIZE__
 112:/usr/local/Cellar/avr-gcc@7/7.4.0/avr/include/util/delay.h **** # warning "Compiler optimizations disabled; functions from <util/delay.h> won't work as designed"
 113:/usr/local/Cellar/avr-gcc@7/7.4.0/avr/include/util/delay.h **** #endif
 114:/usr/local/Cellar/avr-gcc@7/7.4.0/avr/include/util/delay.h **** 
 115:/usr/local/Cellar/avr-gcc@7/7.4.0/avr/include/util/delay.h **** #if __HAS_DELAY_CYCLES && defined(__OPTIMIZE__) && \
 116:/usr/local/Cellar/avr-gcc@7/7.4.0/avr/include/util/delay.h ****   !defined(__DELAY_BACKWARD_COMPATIBLE__) &&	   \
 117:/usr/local/Cellar/avr-gcc@7/7.4.0/avr/include/util/delay.h ****   __STDC_HOSTED__
 118:/usr/local/Cellar/avr-gcc@7/7.4.0/avr/include/util/delay.h **** #  include <math.h>
 119:/usr/local/Cellar/avr-gcc@7/7.4.0/avr/include/util/delay.h **** #endif
 120:/usr/local/Cellar/avr-gcc@7/7.4.0/avr/include/util/delay.h **** 
 121:/usr/local/Cellar/avr-gcc@7/7.4.0/avr/include/util/delay.h **** /**
 122:/usr/local/Cellar/avr-gcc@7/7.4.0/avr/include/util/delay.h ****    \ingroup util_delay
 123:/usr/local/Cellar/avr-gcc@7/7.4.0/avr/include/util/delay.h **** 
 124:/usr/local/Cellar/avr-gcc@7/7.4.0/avr/include/util/delay.h ****    Perform a delay of \c __ms milliseconds, using _delay_loop_2().
 125:/usr/local/Cellar/avr-gcc@7/7.4.0/avr/include/util/delay.h **** 
 126:/usr/local/Cellar/avr-gcc@7/7.4.0/avr/include/util/delay.h ****    The macro F_CPU is supposed to be defined to a
 127:/usr/local/Cellar/avr-gcc@7/7.4.0/avr/include/util/delay.h ****    constant defining the CPU clock frequency (in Hertz).
 128:/usr/local/Cellar/avr-gcc@7/7.4.0/avr/include/util/delay.h **** 
 129:/usr/local/Cellar/avr-gcc@7/7.4.0/avr/include/util/delay.h ****    The maximal possible delay is 262.14 ms / F_CPU in MHz.
 130:/usr/local/Cellar/avr-gcc@7/7.4.0/avr/include/util/delay.h **** 
 131:/usr/local/Cellar/avr-gcc@7/7.4.0/avr/include/util/delay.h ****    When the user request delay which exceed the maximum possible one,
 132:/usr/local/Cellar/avr-gcc@7/7.4.0/avr/include/util/delay.h ****    _delay_ms() provides a decreased resolution functionality. In this
 133:/usr/local/Cellar/avr-gcc@7/7.4.0/avr/include/util/delay.h ****    mode _delay_ms() will work with a resolution of 1/10 ms, providing
 134:/usr/local/Cellar/avr-gcc@7/7.4.0/avr/include/util/delay.h ****    delays up to 6.5535 seconds (independent from CPU frequency).  The
 135:/usr/local/Cellar/avr-gcc@7/7.4.0/avr/include/util/delay.h ****    user will not be informed about decreased resolution.
 136:/usr/local/Cellar/avr-gcc@7/7.4.0/avr/include/util/delay.h **** 
 137:/usr/local/Cellar/avr-gcc@7/7.4.0/avr/include/util/delay.h ****    If the avr-gcc toolchain has __builtin_avr_delay_cycles()
 138:/usr/local/Cellar/avr-gcc@7/7.4.0/avr/include/util/delay.h ****    support, maximal possible delay is 4294967.295 ms/ F_CPU in MHz. For
 139:/usr/local/Cellar/avr-gcc@7/7.4.0/avr/include/util/delay.h ****    values greater than the maximal possible delay, overflows results in
 140:/usr/local/Cellar/avr-gcc@7/7.4.0/avr/include/util/delay.h ****    no delay i.e., 0ms.
 141:/usr/local/Cellar/avr-gcc@7/7.4.0/avr/include/util/delay.h **** 
 142:/usr/local/Cellar/avr-gcc@7/7.4.0/avr/include/util/delay.h ****    Conversion of \c __ms into clock cycles may not always result in
 143:/usr/local/Cellar/avr-gcc@7/7.4.0/avr/include/util/delay.h ****    integer.  By default, the clock cycles rounded up to next
 144:/usr/local/Cellar/avr-gcc@7/7.4.0/avr/include/util/delay.h ****    integer. This ensures that the user gets at least \c __ms
 145:/usr/local/Cellar/avr-gcc@7/7.4.0/avr/include/util/delay.h ****    microseconds of delay.
 146:/usr/local/Cellar/avr-gcc@7/7.4.0/avr/include/util/delay.h **** 
 147:/usr/local/Cellar/avr-gcc@7/7.4.0/avr/include/util/delay.h ****    Alternatively, by defining the macro \c __DELAY_ROUND_DOWN__, or
 148:/usr/local/Cellar/avr-gcc@7/7.4.0/avr/include/util/delay.h ****    \c __DELAY_ROUND_CLOSEST__, before including this header file, the
 149:/usr/local/Cellar/avr-gcc@7/7.4.0/avr/include/util/delay.h ****    algorithm can be made to round down, or round to closest integer,
 150:/usr/local/Cellar/avr-gcc@7/7.4.0/avr/include/util/delay.h ****    respectively.
 151:/usr/local/Cellar/avr-gcc@7/7.4.0/avr/include/util/delay.h **** 
 152:/usr/local/Cellar/avr-gcc@7/7.4.0/avr/include/util/delay.h ****    \note
 153:/usr/local/Cellar/avr-gcc@7/7.4.0/avr/include/util/delay.h **** 
 154:/usr/local/Cellar/avr-gcc@7/7.4.0/avr/include/util/delay.h ****    The implementation of _delay_ms() based on
 155:/usr/local/Cellar/avr-gcc@7/7.4.0/avr/include/util/delay.h ****    __builtin_avr_delay_cycles() is not backward compatible with older
 156:/usr/local/Cellar/avr-gcc@7/7.4.0/avr/include/util/delay.h ****    implementations.  In order to get functionality backward compatible
 157:/usr/local/Cellar/avr-gcc@7/7.4.0/avr/include/util/delay.h ****    with previous versions, the macro \c "__DELAY_BACKWARD_COMPATIBLE__"
 158:/usr/local/Cellar/avr-gcc@7/7.4.0/avr/include/util/delay.h ****    must be defined before including this header file. Also, the
 159:/usr/local/Cellar/avr-gcc@7/7.4.0/avr/include/util/delay.h ****    backward compatible algorithm will be chosen if the code is
 160:/usr/local/Cellar/avr-gcc@7/7.4.0/avr/include/util/delay.h ****    compiled in a <em>freestanding environment</em> (GCC option
 161:/usr/local/Cellar/avr-gcc@7/7.4.0/avr/include/util/delay.h ****    \c -ffreestanding), as the math functions required for rounding are
 162:/usr/local/Cellar/avr-gcc@7/7.4.0/avr/include/util/delay.h ****    not available to the compiler then.
 163:/usr/local/Cellar/avr-gcc@7/7.4.0/avr/include/util/delay.h **** 
 164:/usr/local/Cellar/avr-gcc@7/7.4.0/avr/include/util/delay.h ****  */
 165:/usr/local/Cellar/avr-gcc@7/7.4.0/avr/include/util/delay.h **** void
 166:/usr/local/Cellar/avr-gcc@7/7.4.0/avr/include/util/delay.h **** _delay_ms(double __ms)
 167:/usr/local/Cellar/avr-gcc@7/7.4.0/avr/include/util/delay.h **** {
 168:/usr/local/Cellar/avr-gcc@7/7.4.0/avr/include/util/delay.h **** 	double __tmp ;
 169:/usr/local/Cellar/avr-gcc@7/7.4.0/avr/include/util/delay.h **** #if __HAS_DELAY_CYCLES && defined(__OPTIMIZE__) && \
 170:/usr/local/Cellar/avr-gcc@7/7.4.0/avr/include/util/delay.h ****   !defined(__DELAY_BACKWARD_COMPATIBLE__) &&	   \
 171:/usr/local/Cellar/avr-gcc@7/7.4.0/avr/include/util/delay.h ****   __STDC_HOSTED__
 172:/usr/local/Cellar/avr-gcc@7/7.4.0/avr/include/util/delay.h **** 	uint32_t __ticks_dc;
 173:/usr/local/Cellar/avr-gcc@7/7.4.0/avr/include/util/delay.h **** 	extern void __builtin_avr_delay_cycles(unsigned long);
 174:/usr/local/Cellar/avr-gcc@7/7.4.0/avr/include/util/delay.h **** 	__tmp = ((F_CPU) / 1e3) * __ms;
 175:/usr/local/Cellar/avr-gcc@7/7.4.0/avr/include/util/delay.h **** 
 176:/usr/local/Cellar/avr-gcc@7/7.4.0/avr/include/util/delay.h **** 	#if defined(__DELAY_ROUND_DOWN__)
 177:/usr/local/Cellar/avr-gcc@7/7.4.0/avr/include/util/delay.h **** 		__ticks_dc = (uint32_t)fabs(__tmp);
 178:/usr/local/Cellar/avr-gcc@7/7.4.0/avr/include/util/delay.h **** 
 179:/usr/local/Cellar/avr-gcc@7/7.4.0/avr/include/util/delay.h **** 	#elif defined(__DELAY_ROUND_CLOSEST__)
 180:/usr/local/Cellar/avr-gcc@7/7.4.0/avr/include/util/delay.h **** 		__ticks_dc = (uint32_t)(fabs(__tmp)+0.5);
 181:/usr/local/Cellar/avr-gcc@7/7.4.0/avr/include/util/delay.h **** 
 182:/usr/local/Cellar/avr-gcc@7/7.4.0/avr/include/util/delay.h **** 	#else
 183:/usr/local/Cellar/avr-gcc@7/7.4.0/avr/include/util/delay.h **** 		//round up by default
 184:/usr/local/Cellar/avr-gcc@7/7.4.0/avr/include/util/delay.h **** 		__ticks_dc = (uint32_t)(ceil(fabs(__tmp)));
 185:/usr/local/Cellar/avr-gcc@7/7.4.0/avr/include/util/delay.h **** 	#endif
 186:/usr/local/Cellar/avr-gcc@7/7.4.0/avr/include/util/delay.h **** 
 187:/usr/local/Cellar/avr-gcc@7/7.4.0/avr/include/util/delay.h **** 	__builtin_avr_delay_cycles(__ticks_dc);
 188:/usr/local/Cellar/avr-gcc@7/7.4.0/avr/include/util/delay.h **** 
 189:/usr/local/Cellar/avr-gcc@7/7.4.0/avr/include/util/delay.h **** #else
 190:/usr/local/Cellar/avr-gcc@7/7.4.0/avr/include/util/delay.h **** 	uint16_t __ticks;
 191:/usr/local/Cellar/avr-gcc@7/7.4.0/avr/include/util/delay.h **** 	__tmp = ((F_CPU) / 4e3) * __ms;
 192:/usr/local/Cellar/avr-gcc@7/7.4.0/avr/include/util/delay.h **** 	if (__tmp < 1.0)
 193:/usr/local/Cellar/avr-gcc@7/7.4.0/avr/include/util/delay.h **** 		__ticks = 1;
 194:/usr/local/Cellar/avr-gcc@7/7.4.0/avr/include/util/delay.h **** 	else if (__tmp > 65535)
 195:/usr/local/Cellar/avr-gcc@7/7.4.0/avr/include/util/delay.h **** 	{
 196:/usr/local/Cellar/avr-gcc@7/7.4.0/avr/include/util/delay.h **** 		//	__ticks = requested delay in 1/10 ms
 197:/usr/local/Cellar/avr-gcc@7/7.4.0/avr/include/util/delay.h **** 		__ticks = (uint16_t) (__ms * 10.0);
 198:/usr/local/Cellar/avr-gcc@7/7.4.0/avr/include/util/delay.h **** 		while(__ticks)
 199:/usr/local/Cellar/avr-gcc@7/7.4.0/avr/include/util/delay.h **** 		{
 200:/usr/local/Cellar/avr-gcc@7/7.4.0/avr/include/util/delay.h **** 			// wait 1/10 ms
 201:/usr/local/Cellar/avr-gcc@7/7.4.0/avr/include/util/delay.h **** 			_delay_loop_2(((F_CPU) / 4e3) / 10);
 202:/usr/local/Cellar/avr-gcc@7/7.4.0/avr/include/util/delay.h **** 			__ticks --;
 203:/usr/local/Cellar/avr-gcc@7/7.4.0/avr/include/util/delay.h **** 		}
 204:/usr/local/Cellar/avr-gcc@7/7.4.0/avr/include/util/delay.h **** 		return;
 205:/usr/local/Cellar/avr-gcc@7/7.4.0/avr/include/util/delay.h **** 	}
 206:/usr/local/Cellar/avr-gcc@7/7.4.0/avr/include/util/delay.h **** 	else
 207:/usr/local/Cellar/avr-gcc@7/7.4.0/avr/include/util/delay.h **** 		__ticks = (uint16_t)__tmp;
 208:/usr/local/Cellar/avr-gcc@7/7.4.0/avr/include/util/delay.h **** 	_delay_loop_2(__ticks);
 209:/usr/local/Cellar/avr-gcc@7/7.4.0/avr/include/util/delay.h **** #endif
 210:/usr/local/Cellar/avr-gcc@7/7.4.0/avr/include/util/delay.h **** }
 211:/usr/local/Cellar/avr-gcc@7/7.4.0/avr/include/util/delay.h **** 
 212:/usr/local/Cellar/avr-gcc@7/7.4.0/avr/include/util/delay.h **** /**
 213:/usr/local/Cellar/avr-gcc@7/7.4.0/avr/include/util/delay.h ****    \ingroup util_delay
 214:/usr/local/Cellar/avr-gcc@7/7.4.0/avr/include/util/delay.h **** 
 215:/usr/local/Cellar/avr-gcc@7/7.4.0/avr/include/util/delay.h ****    Perform a delay of \c __us microseconds, using _delay_loop_1().
 216:/usr/local/Cellar/avr-gcc@7/7.4.0/avr/include/util/delay.h **** 
 217:/usr/local/Cellar/avr-gcc@7/7.4.0/avr/include/util/delay.h ****    The macro F_CPU is supposed to be defined to a
 218:/usr/local/Cellar/avr-gcc@7/7.4.0/avr/include/util/delay.h ****    constant defining the CPU clock frequency (in Hertz).
 219:/usr/local/Cellar/avr-gcc@7/7.4.0/avr/include/util/delay.h **** 
 220:/usr/local/Cellar/avr-gcc@7/7.4.0/avr/include/util/delay.h ****    The maximal possible delay is 768 us / F_CPU in MHz.
 221:/usr/local/Cellar/avr-gcc@7/7.4.0/avr/include/util/delay.h **** 
 222:/usr/local/Cellar/avr-gcc@7/7.4.0/avr/include/util/delay.h ****    If the user requests a delay greater than the maximal possible one,
 223:/usr/local/Cellar/avr-gcc@7/7.4.0/avr/include/util/delay.h ****    _delay_us() will automatically call _delay_ms() instead.  The user
 224:/usr/local/Cellar/avr-gcc@7/7.4.0/avr/include/util/delay.h ****    will not be informed about this case.
 225:/usr/local/Cellar/avr-gcc@7/7.4.0/avr/include/util/delay.h **** 
 226:/usr/local/Cellar/avr-gcc@7/7.4.0/avr/include/util/delay.h ****    If the avr-gcc toolchain has __builtin_avr_delay_cycles()
 227:/usr/local/Cellar/avr-gcc@7/7.4.0/avr/include/util/delay.h ****    support, maximal possible delay is 4294967.295 us/ F_CPU in MHz. For
 228:/usr/local/Cellar/avr-gcc@7/7.4.0/avr/include/util/delay.h ****    values greater than the maximal possible delay, overflow results in
 229:/usr/local/Cellar/avr-gcc@7/7.4.0/avr/include/util/delay.h ****    no delay i.e., 0us.
 230:/usr/local/Cellar/avr-gcc@7/7.4.0/avr/include/util/delay.h **** 
 231:/usr/local/Cellar/avr-gcc@7/7.4.0/avr/include/util/delay.h ****    Conversion of \c __us into clock cycles may not always result in
 232:/usr/local/Cellar/avr-gcc@7/7.4.0/avr/include/util/delay.h ****    integer.  By default, the clock cycles rounded up to next
 233:/usr/local/Cellar/avr-gcc@7/7.4.0/avr/include/util/delay.h ****    integer. This ensures that the user gets at least \c __us
 234:/usr/local/Cellar/avr-gcc@7/7.4.0/avr/include/util/delay.h ****    microseconds of delay.
 235:/usr/local/Cellar/avr-gcc@7/7.4.0/avr/include/util/delay.h **** 
 236:/usr/local/Cellar/avr-gcc@7/7.4.0/avr/include/util/delay.h ****    Alternatively, by defining the macro \c __DELAY_ROUND_DOWN__, or
 237:/usr/local/Cellar/avr-gcc@7/7.4.0/avr/include/util/delay.h ****    \c __DELAY_ROUND_CLOSEST__, before including this header file, the
 238:/usr/local/Cellar/avr-gcc@7/7.4.0/avr/include/util/delay.h ****    algorithm can be made to round down, or round to closest integer,
 239:/usr/local/Cellar/avr-gcc@7/7.4.0/avr/include/util/delay.h ****    respectively.
 240:/usr/local/Cellar/avr-gcc@7/7.4.0/avr/include/util/delay.h **** 
 241:/usr/local/Cellar/avr-gcc@7/7.4.0/avr/include/util/delay.h ****    \note
 242:/usr/local/Cellar/avr-gcc@7/7.4.0/avr/include/util/delay.h **** 
 243:/usr/local/Cellar/avr-gcc@7/7.4.0/avr/include/util/delay.h ****    The implementation of _delay_ms() based on
 244:/usr/local/Cellar/avr-gcc@7/7.4.0/avr/include/util/delay.h ****    __builtin_avr_delay_cycles() is not backward compatible with older
 245:/usr/local/Cellar/avr-gcc@7/7.4.0/avr/include/util/delay.h ****    implementations.  In order to get functionality backward compatible
 246:/usr/local/Cellar/avr-gcc@7/7.4.0/avr/include/util/delay.h ****    with previous versions, the macro \c __DELAY_BACKWARD_COMPATIBLE__
 247:/usr/local/Cellar/avr-gcc@7/7.4.0/avr/include/util/delay.h ****    must be defined before including this header file. Also, the
 248:/usr/local/Cellar/avr-gcc@7/7.4.0/avr/include/util/delay.h ****    backward compatible algorithm will be chosen if the code is
 249:/usr/local/Cellar/avr-gcc@7/7.4.0/avr/include/util/delay.h ****    compiled in a <em>freestanding environment</em> (GCC option
 250:/usr/local/Cellar/avr-gcc@7/7.4.0/avr/include/util/delay.h ****    \c -ffreestanding), as the math functions required for rounding are
 251:/usr/local/Cellar/avr-gcc@7/7.4.0/avr/include/util/delay.h ****    not available to the compiler then.
 252:/usr/local/Cellar/avr-gcc@7/7.4.0/avr/include/util/delay.h **** 
 253:/usr/local/Cellar/avr-gcc@7/7.4.0/avr/include/util/delay.h ****  */
 254:/usr/local/Cellar/avr-gcc@7/7.4.0/avr/include/util/delay.h **** void
 255:/usr/local/Cellar/avr-gcc@7/7.4.0/avr/include/util/delay.h **** _delay_us(double __us)
 256:/usr/local/Cellar/avr-gcc@7/7.4.0/avr/include/util/delay.h **** {
 257:/usr/local/Cellar/avr-gcc@7/7.4.0/avr/include/util/delay.h **** 	double __tmp ;
 258:/usr/local/Cellar/avr-gcc@7/7.4.0/avr/include/util/delay.h **** #if __HAS_DELAY_CYCLES && defined(__OPTIMIZE__) && \
 259:/usr/local/Cellar/avr-gcc@7/7.4.0/avr/include/util/delay.h ****   !defined(__DELAY_BACKWARD_COMPATIBLE__) &&	   \
 260:/usr/local/Cellar/avr-gcc@7/7.4.0/avr/include/util/delay.h ****   __STDC_HOSTED__
 261:/usr/local/Cellar/avr-gcc@7/7.4.0/avr/include/util/delay.h **** 	uint32_t __ticks_dc;
 262:/usr/local/Cellar/avr-gcc@7/7.4.0/avr/include/util/delay.h **** 	extern void __builtin_avr_delay_cycles(unsigned long);
 263:/usr/local/Cellar/avr-gcc@7/7.4.0/avr/include/util/delay.h **** 	__tmp = ((F_CPU) / 1e6) * __us;
 264:/usr/local/Cellar/avr-gcc@7/7.4.0/avr/include/util/delay.h **** 
 265:/usr/local/Cellar/avr-gcc@7/7.4.0/avr/include/util/delay.h **** 	#if defined(__DELAY_ROUND_DOWN__)
 266:/usr/local/Cellar/avr-gcc@7/7.4.0/avr/include/util/delay.h **** 		__ticks_dc = (uint32_t)fabs(__tmp);
 267:/usr/local/Cellar/avr-gcc@7/7.4.0/avr/include/util/delay.h **** 
 268:/usr/local/Cellar/avr-gcc@7/7.4.0/avr/include/util/delay.h **** 	#elif defined(__DELAY_ROUND_CLOSEST__)
 269:/usr/local/Cellar/avr-gcc@7/7.4.0/avr/include/util/delay.h **** 		__ticks_dc = (uint32_t)(fabs(__tmp)+0.5);
 270:/usr/local/Cellar/avr-gcc@7/7.4.0/avr/include/util/delay.h **** 
 271:/usr/local/Cellar/avr-gcc@7/7.4.0/avr/include/util/delay.h **** 	#else
 272:/usr/local/Cellar/avr-gcc@7/7.4.0/avr/include/util/delay.h **** 		//round up by default
 273:/usr/local/Cellar/avr-gcc@7/7.4.0/avr/include/util/delay.h **** 		__ticks_dc = (uint32_t)(ceil(fabs(__tmp)));
 274:/usr/local/Cellar/avr-gcc@7/7.4.0/avr/include/util/delay.h **** 	#endif
 275:/usr/local/Cellar/avr-gcc@7/7.4.0/avr/include/util/delay.h **** 
 276:/usr/local/Cellar/avr-gcc@7/7.4.0/avr/include/util/delay.h **** 	__builtin_avr_delay_cycles(__ticks_dc);
  32               		.loc 2 276 0
  33 000a 8AE1      		ldi r24,lo8(26)
  34 000c 8A95      	1:	dec r24
  35 000e 01F4      		brne 1b
  36 0010 00C0      		rjmp .
  37               	.LVL1:
  38               	.LBE5:
  39               	.LBE4:
  52:keyboards/lily58/rev1/split_util.c ****    _delay_us(5);
  53:keyboards/lily58/rev1/split_util.c ****    return (USBSTA & (1<<VBUS));  //checks state of VBUS
  40               		.loc 1 53 0
  41 0012 8091 D900 		lds r24,217
  54:keyboards/lily58/rev1/split_util.c **** }
  42               		.loc 1 54 0
  43 0016 8170      		andi r24,lo8(1)
  44               	/* epilogue start */
  45 0018 0895      		ret
  46               		.cfi_endproc
  47               	.LFE17:
  49               		.section	.text.split_keyboard_setup,"ax",@progbits
  50               	.global	split_keyboard_setup
  52               	split_keyboard_setup:
  53               	.LFB18:
  55:keyboards/lily58/rev1/split_util.c **** 
  56:keyboards/lily58/rev1/split_util.c **** void split_keyboard_setup(void) {
  54               		.loc 1 56 0
  55               		.cfi_startproc
  56               	/* prologue: function */
  57               	/* frame size = 0 */
  58               	/* stack size = 0 */
  59               	.L__stack_usage = 0
  60               	.LBB12:
  61               	.LBB13:
  27:keyboards/lily58/rev1/split_util.c ****     #endif
  62               		.loc 1 27 0
  63 0000 0E94 0000 		call has_usb
  64               	.LVL2:
  65 0004 8093 0000 		sts isLeftHand,r24
  66               	.LBE13:
  67               	.LBE12:
  57:keyboards/lily58/rev1/split_util.c ****    setup_handedness();
  58:keyboards/lily58/rev1/split_util.c **** 
  59:keyboards/lily58/rev1/split_util.c ****    if (has_usb()) {
  68               		.loc 1 59 0
  69 0008 0E94 0000 		call has_usb
  70               	.LVL3:
  71 000c 8111      		cpse r24,__zero_reg__
  72               	.LBB14:
  73               	.LBB15:
  37:keyboards/lily58/rev1/split_util.c **** #endif
  74               		.loc 1 37 0
  75 000e 0E94 0000 		call serial_master_init
  76               	.LVL4:
  77               	.L3:
  78               	.LBE15:
  79               	.LBE14:
  80               	.LBB16:
  81               	.LBB17:
  46:keyboards/lily58/rev1/split_util.c **** #endif
  82               		.loc 1 46 0
  83 0012 0E94 0000 		call serial_slave_init
  84               	.LVL5:
  85               	.LBE17:
  86               	.LBE16:
  60:keyboards/lily58/rev1/split_util.c ****       keyboard_master_setup();
  61:keyboards/lily58/rev1/split_util.c ****    } else {
  62:keyboards/lily58/rev1/split_util.c ****    }
  63:keyboards/lily58/rev1/split_util.c ****       keyboard_slave_setup();
  64:keyboards/lily58/rev1/split_util.c ****    sei();
  87               		.loc 1 64 0
  88               	/* #APP */
  89               	 ;  64 "keyboards/lily58/rev1/split_util.c" 1
  90 0016 7894      		sei
  91               	 ;  0 "" 2
  92               	/* epilogue start */
  65:keyboards/lily58/rev1/split_util.c **** }
  93               		.loc 1 65 0
  94               	/* #NOAPP */
  95 0018 0895      		ret
  96               		.cfi_endproc
  97               	.LFE18:
  99               		.section	.text.matrix_setup,"ax",@progbits
 100               	.global	matrix_setup
 102               	matrix_setup:
 103               	.LFB19:
  66:keyboards/lily58/rev1/split_util.c **** 
  67:keyboards/lily58/rev1/split_util.c **** // this code runs before the usb and keyboard is initialized
  68:keyboards/lily58/rev1/split_util.c **** void matrix_setup(void) {
 104               		.loc 1 68 0
 105               		.cfi_startproc
 106               	/* prologue: function */
 107               	/* frame size = 0 */
 108               	/* stack size = 0 */
 109               	.L__stack_usage = 0
  69:keyboards/lily58/rev1/split_util.c ****     split_keyboard_setup();
 110               		.loc 1 69 0
 111 0000 0C94 0000 		jmp split_keyboard_setup
 112               	.LVL6:
 113               		.cfi_endproc
 114               	.LFE19:
 116               	.global	isLeftHand
 117               		.section	.data.isLeftHand,"aw",@progbits
 120               	isLeftHand:
 121 0000 01        		.byte	1
 122               		.text
 123               	.Letext0:
 124               		.file 3 "/usr/local/Cellar/avr-gcc@7/7.4.0/avr/include/stdint.h"
 125               		.file 4 "keyboards/lily58/rev1/split_util.h"
 126               		.file 5 "keyboards/lily58/rev1/split_scomm.h"
DEFINED SYMBOLS
                            *ABS*:0000000000000000 split_util.c
/var/tmp//ccmaMVZB.s:2      *ABS*:000000000000003e __SP_H__
/var/tmp//ccmaMVZB.s:3      *ABS*:000000000000003d __SP_L__
/var/tmp//ccmaMVZB.s:4      *ABS*:000000000000003f __SREG__
/var/tmp//ccmaMVZB.s:5      *ABS*:0000000000000000 __tmp_reg__
/var/tmp//ccmaMVZB.s:6      *ABS*:0000000000000001 __zero_reg__
/var/tmp//ccmaMVZB.s:13     .text.has_usb:0000000000000000 has_usb
/var/tmp//ccmaMVZB.s:52     .text.split_keyboard_setup:0000000000000000 split_keyboard_setup
/var/tmp//ccmaMVZB.s:120    .data.isLeftHand:0000000000000000 isLeftHand
/var/tmp//ccmaMVZB.s:102    .text.matrix_setup:0000000000000000 matrix_setup

UNDEFINED SYMBOLS
serial_master_init
serial_slave_init
__do_copy_data
