   1               		.file	"sym_g.c"
   2               	__SP_H__ = 0x3e
   3               	__SP_L__ = 0x3d
   4               	__SREG__ = 0x3f
   5               	__tmp_reg__ = 0
   6               	__zero_reg__ = 1
   7               		.section	.gnu.lto_.profile.88b13e30fa158168,"",@progbits
   8 0000 789C 6363 		.string	"x\234cc```\001bF\006C\031"
   8      6060 6001 
   8      6246 0643 
   8      1900 
   9 000e 00        		.string	""
  10 000f F600      		.string	"\366"
  11 0011 59        		.ascii	"Y"
  12               		.text
  13               		.section	.gnu.lto_.icf.88b13e30fa158168,"",@progbits
  14 0000 789C 6363 		.string	"x\234cc``P`@"
  14      6060 5060 
  14      4000 
  15 000a 5686 7BDF 		.string	"V\206{\337\257\274ad|\270\371\324\0036\2465\177o\\gc>\363\365\322f\016\226\rK6\237\347`"
  15      AFBC 6164 
  15      7CB8 F9D4 
  15      0336 A635 
  15      7F6F 5C67 
  16 002d 00        		.string	""
  17 002e 1E54 109A 		.ascii	"\036T\020\232"
  18               		.text
  19               		.section	.gnu.lto_.jmpfuncs.88b13e30fa158168,"",@progbits
  20 0000 789C 458B 		.string	"x\234E\213\261\r"
  20      B10D 00
  21 0007 200C C39C 		.ascii	" \f\303\234\026\261\362\f\377\361\b\307\360Y\311\200\204%+\213"
  21      16B1 F20C 
  21      FFF1 08C7 
  21      F059 C980 
  21      8425 2B8B 
  22 001b D381 C927 		.ascii	"\323\201\311'\221`{\232\314X;\365\304F\200\216\023[\225\320\374"
  22      9160 7B9A 
  22      CC58 3BF5 
  22      C446 808E 
  22      135B 95D0 
  23 0030 B9DA 7508 		.ascii	"\271\332u\b\377"
  23      FF
  24               		.text
  25               		.section	.gnu.lto_.inline.88b13e30fa158168,"",@progbits
  26 0000 789C 6363 		.string	"x\234cc``\250a@"
  26      6060 A861 
  26      4000 
  27 000a 6620 6262 		.string	"f bbd`\0022\331\026\310\203(\006F\006i)F\026f\216\354)\314\214\323Z\017\235g\357f\236\003
  27      6460 0232 
  27      D916 C883 
  27      2806 4606 
  27      6929 4616 
  28 0051 19CD 0334 		.string	"\031\315\0034k\202\037\0237\003\013P\025\003\0133\320\032\246\013\374p{\030"
  28      6B82 1F13 
  28      3703 0B50 
  28      1503 0B33 
  28      D01A A60B 
  29 006a 1A86 0F86 		.ascii	"\032\206\017\206"
  30               		.text
  31               		.section	.gnu.lto_.pureconst.88b13e30fa158168,"",@progbits
  32 0000 789C 6363 		.string	"x\234cc```\007bf\006\006F)\026\026"
  32      6060 6007 
  32      6266 0606 
  32      4629 1616 
  32      00
  33 0011 0129 00   		.string	"\001)"
  34 0014 34        		.ascii	"4"
  35               		.text
  36               		.section	.gnu.lto_debounce_init.88b13e30fa158168,"",@progbits
  37 0000 789C 6363 		.string	"x\234cc``\330\002\304*@,\r\304\214\314\f\214L\023\316104r012\202\030\r\034\214\f\365L\214
  37      6060 D802 
  37      C42A 402C 
  37      0DC4 8CCC 
  37      0C8C 4C13 
  38 0047 E366 464D 		.string	"\343fFM\240\252\315\267\336ogg\226ad"
  38      A0AA CDB7 
  38      DE6F 6767 
  38      9661 6400 
  39 0057 B27F DDDE 		.string	"\262\177\335\336\324\303\256\276\264\241\241\251\341\300\035\227\006\2369\314\214\214[\03
  39      D4C3 AEBE 
  39      B4A1 A1A9 
  39      E1C0 1D97 
  39      069E 39CC 
  40 00ac 4327 900B 		.string	"C'\220\013d5\037`x\307\330\244"
  40      6435 1F60 
  40      78C7 D8A4 
  40      00
  41 00b9 D600      		.string	"\326"
  42 00bb 021D 4023 		.string	"\002\035@#\201\302@\245\222\205\245\211y%\245\271\372)\251I\371\245y\311\251\372\305\225\
  42      81C2 40A5 
  42      9285 A589 
  42      7925 A5B9 
  42      FA29 A949 
  43 00e7 15E0 482D 		.ascii	"\025\340H-"
  44               		.text
  45               		.section	.gnu.lto_debounce.88b13e30fa158168,"",@progbits
  46 0000 789C 8D54 		.ascii	"x\234\215Tmo\024U\024\276\317\334y\333\231\276\230\230B[\366"
  46      6D6F 1455 
  46      14BE CFDC 
  46      79DB 99BE 
  46      9898 425B 
  47 0015 4313 6D1A 		.ascii	"C\023m\0320\261\370\022\243\361o\230\3507R\333\006\215i\033\213"
  47      30B1 F812 
  47      A3F1 6F98 
  47      E837 52DB 
  47      068D 691B 
  48 002a 0DF1 D34E 		.ascii	"\r\361\323N\267]\312V>\030\002\253n\026\262F\211\t\276\005)\342"
  48      B75D CA56 
  48      3E18 02AB 
  48      6E16 B246 
  48      8909 BE05 
  49 0040 2AE2 B485 		.ascii	"*\342\264\205\305J\013\245E\203m\277\250\265XY@\r\301\227\300"
  49      C54A 0BA5 
  49      4583 6DBF 
  49      A8B5 5859 
  49      400D C197 
  50 0055 D673 EE1D 		.ascii	"\326s\356\035J\2671\221I\346\316\334\347\236\363\314s\236s\357"
  50      4AB7 3191 
  50      49E6 CEDC 
  50      E79E F3CC 
  50      739E 73EF 
  51 0069 D842 88CB 		.ascii	"\330B\210\313\226\020O\321s\037\335\360\005\214\327\317\t\321"
  51      9610 4FD1 
  51      731F DDF0 
  51      058C D7CF 
  51      09D1 
  52 007b EF1A 865C 		.ascii	"\357\032\206\\l\020\201g~\360\270\b\252$L\r\233\2065\035'8\026"
  52      6C10 8167 
  52      7EF0 B808 
  52      AA24 4C0D 
  52      9B86 351D 
  53 0092 3E42 B065 		.ascii	">B\260exon\341\331_\017\320\314\203\303A\260\365s\324u\f{dL\320"
  53      786F 6EE1 
  53      D95F 0FD0 
  53      CC83 C341 
  53      B0F5 73D4 
  54 00ac BABB E0D3 		.ascii	"\272\273\340\323\272\213\230&\211\001\374\022\270\020\tC\232"
  54      BA8B 9826 
  54      8901 FC12 
  54      B810 0943 
  54      9A
  55 00bd 9667 3B84 		.ascii	"\226g;\204%\fG \004VV\020=\004_{\344>\211\261\241\245\202\261"
  55      250C 4720 
  55      0456 5610 
  55      3D04 5F7B 
  55      E43E 89B1 
  56 00d5 F9BD 80AE 		.ascii	"\371\275\200\256\360\215\362\203\311 U\237\223Bd\244\n\0218\212"
  56      F08D F283 
  56      C920 559F 
  56      9342 64A4 
  56      0A11 388A 
  57 00e9 CD14 757A 		.ascii	"\315\024uz\345\317\260\3665\231\223\200A\323\231\337&\017\370"
  57      E5CF B0F6 
  57      3599 9380 
  57      41D3 99DF 
  57      260F F8
  58 00fc 3C35 701F 		.ascii	"<5p\037MS\243\245\303\206\214C\320\373\301Ko?\321r(\b\222Ax\353"
  58      4D53 A3A5 
  58      C386 8C43 
  58      D0FB C14B 
  58      6F3F D172 
  59 0116 99A0 2A27 		.ascii	"\231\240*'%>\205$:\034C\034#\210\013\202\004\216\243\205\202"
  59      253E 8524 
  59      3A1C 431C 
  59      2388 0B82 
  59      048E A385 
  60 012b F717 C72F 		.ascii	"\367\027\307/C6\251\304\253\303\313\027\314(s\341Y\235\371\331"
  60      4336 A9C4 
  60      ABC3 CB17 
  60      CC28 73E1 
  60      599D F9D9 
  61 013f 7F64 1654 		.ascii	"\177d\026T\346\321\271\353\307\035\331\2422\377\231\377d\217"
  61      E6D1 B9EB 
  61      C71D D9A2 
  61      32FF 99FF 
  61      648F 
  62 0151 1365 961A 		.ascii	"\023e\226\032\006\203\0209i\342s\235\373X\034[9\323\024\370B"
  62      0683 1039 
  62      69E2 739D 
  62      FB58 1C5B 
  62      39D3 14F8 
  63 0166 652E 677E 		.ascii	"e.g~\352\217\311\255*s45\235\261\243\314\305M:\323\302\211\312"
  63      EA8F C9AD 
  63      2A73 3435 
  63      9DB1 A3CC 
  63      C54D 3AD3 
  64 017d 4C4B E04B 		.ascii	"LK\340K\264p\370\217G\312\373\253mS\233\203\223\324\016\002\017"
  64      B470 F88F 
  64      47CA FBAB 
  64      6D53 9B83 
  64      93D4 0E02 
  65 0192 9D1D 3F59 		.ascii	"\235\035?Y#\237T|\207\013\263\327\274\346w\224\2317\337\265R"
  65      239F 547C 
  65      870B B3D7 
  65      BCE6 7794 
  65      9937 DFB5 
  66 01a7 41D8 DF94 		.ascii	"A\330\337\224\2236\276\252\254\203\257\273t\324\222f\305F\234"
  66      9336 BEAA 
  66      AC83 AFBB 
  66      74D4 9266 
  66      C546 9C
  67 01ba A3C4 490F 		.ascii	"\243\304I\017\206>\236\261\302\240\2742\024\204\345Y\344n|\210"
  67      863E 9EB1 
  67      C2A0 BC32 
  67      1484 E559 
  67      E46E 7C88 
  68 01ce 4D20 318E 		.ascii	"M 1\216\301\212$\277\231<X<\330<8l\217\313C\214\247\036\r\266"
  68      C18A 24BF 
  68      993C 583C 
  68      D83C 386C 
  68      8FCB 438C 
  69 01e6 CF6D 6FAE 		.ascii	"\317mo\256\005\027P\0076`#\330\372z\260\215\215jU\210\335T\316"
  69      0517 5007 
  69      3660 23D8 
  69      FA7A B08D 
  69      8D6A 5588 
  70 01fd 81A7 8350 		.ascii	"\201\247\203P\244\245A/\003\241\370\031\203\363\343\305A\311"
  70      A4A5 412F 
  70      03A1 F819 
  70      83F3 E3C5 
  70      41C9 
  71 020f AAB2 B296 		.ascii	"\252\262\262\226\264fRc\347\035\356\270\005\201\261\250\2064"
  71      B466 5263 
  71      E71D EEB8 
  71      0581 B1A8 
  71      8634 
  72 0221 F5A3 783F 		.ascii	"\365\243x?\305\377\212\344\215_&z9|m\254\253L)\024J\363N\342"
  72      C5FF 8AE4 
  72      8D5F 267A 
  72      397C 6DAC 
  72      AB4C 2914 
  73 0239 76E0 1290 		.ascii	"v\340\022\220\227\272\364\221\201\337\367\326\344qP\371}\n\t"
  73      97BA F491 
  73      81DF F7D6 
  73      E471 50F9 
  73      7D0A 09
  74 024c 8C33 254E 		.ascii	"\2143%N#\317\226\036\033\232<\342\351\217\001EZ)a \377\376\\"
  74      23CF 961E 
  74      1B9A 3CE2 
  74      E98F 0145 
  74      5A29 6120 
  75 0263 2407 959C 		.ascii	"$\007\225\234\261\214d\313\316 A\025{,\345\342\360[\316z)\376"
  75      B18C 64CB 
  75      CE20 4115 
  75      7B2C E5E2 
  75      F05B CE7A 
  76 0279 7A29 7E9E 		.ascii	"z)~\236\323*\245Ta\202\244|\255\244|CR\262\034BU\232\332\025"
  76      D32A A554 
  76      6182 A47C 
  76      ADA4 7C43 
  76      52B2 1C42 
  77 0291 A2CE 2C4F 		.ascii	"\242\316,O=\252U\030\367R\331\331\325\312&\211N\333z\n\021\301"
  77      3DAA 5518 
  77      F752 D9D9 
  77      D5CA 2689 
  77      4EDB 7A0A 
  78 02a7 1A1B 2D31 		.ascii	"\032\033-1W\027}`\242U/\313{\221;\265*\367\034\363\2270\330\244"
  78      5717 7D60 
  78      A255 2FCB 
  78      7B91 3BB5 
  78      2AF7 1CF3 
  79 02bf B3CD CAEC 		.ascii	"\263\315\312\354\352\fuV\340<yD\3149Y\303R.\215/\032w\243\313"
  79      EA0C 7556 
  79      E03C 7944 
  79      CC39 59C3 
  79      522E 8D2F 
  80 02d7 577E B852 		.ascii	"W~\270R\315NU\301\302t\244l7\031\272\340#-mA\277\033\255\360"
  80      CD4E 55C1 
  80      C274 A46C 
  80      3719 BAE0 
  80      232D 6D41 
  81 02ef 8FA1 DBE9 		.ascii	"\217\241\333\351Z\336\250Yie\245O\320@v\0274\300\330\332\277"
  81      5ADE A859 
  81      6965 A54F 
  81      D040 7617 
  81      34C0 D8DA 
  82 0304 8503 0317 		.ascii	"\205\003\003\027\210\213brwb\234\254\334H\221\032+X\032t\263"
  82      888B 6272 
  82      7762 9CAC 
  82      DC48 911A 
  82      2B58 1A74 
  83 0319 B25E 83C9 		.ascii	"\262^\203\311[\303\023\216\006ck\033(U\003O\214M\025m\252\276"
  83      5BC3 138E 
  83      0663 6B1B 
  83      2855 034F 
  83      8C4D 156D 
  84 032f 9F4E 189D 		.ascii	"\237N\030\235\254Z\242\303\2142`\226\rP\315\377[q\256\013\316"
  84      AC5A A2C3 
  84      8C32 6096 
  84      0D50 CDFF 
  84      5B71 AE0B 
  85 0344 7FC4 A787 		.ascii	"\177\304\247\207\342\335(\376\242\352o\214edv]Mo\320\237l\244"
  85      E2DD 28FE 
  85      A2EA 6F8C 
  85      6564 765D 
  85      4D6F D09F 
  86 035a 8AF0 505C 		.ascii	"\212\360P\\,!\331\244\016#\035\020BU\223\034A\277V\362`\t\206"
  86      2C21 D9A4 
  86      0E23 1D10 
  86      4255 931C 
  86      41BF 56F2 
  87 0371 D0B8 AFFD 		.ascii	"\320\270\257\375(Dz\275\254\254\323\306Nb\025\361\331\307\233"
  87      2844 7ABD 
  87      ACAC D3C6 
  87      4E62 15F1 
  87      D9C7 9B
  88 0384 F0B1 25EE 		.ascii	"\360\261%\356\315\320\274\321\336\273\201\310\\\362\365\316\301"
  88      CDD0 BCD1 
  88      DEBB 81C8 
  88      5CF2 F5CE 
  88      C1
  89 0395 F9FE B968 		.ascii	"\371\376\271h\267\376\357~\372vu?}G\362\243\r\224\246*\324\376"
  89      B7FE EF7E 
  89      FA76 753F 
  89      7D47 F2A3 
  89      0D94 A62A 
  90 03ab BC86 64FE 		.ascii	"\274\206d\376\272\247\377$\252y \234\372\336\360r_[\367+}]\255"
  90      BAA7 FF24 
  90      AA79 209C 
  90      FADE F072 
  90      5F5B F72B 
  91 03c2 1D9D CFF7 		.ascii	"\035\235\317\367\364u\267w\266\356x\265k\333\366\207\333\205"
  91      F475 B777 
  91      B6EE 78B5 
  91      6BDB F687 
  91      DB85 
  92 03d4 EC6D DB69 		.ascii	"\354m\333i\267\367\364\274\324\331\341v\367um\353\355\331\271"
  92      B7F7 F4BC 
  92      D4D9 E176 
  92      F775 6DEB 
  92      EDD9 B9
  93 03e7 C369 7FA1 		.ascii	"\303i\177\241\255{{g\007^\374\027\245\213\370I"
  93      AD7B 7B67 
  93      075E FC17 
  93      A58B F849 
  94               		.text
  95               		.section	.gnu.lto_debounce_active.88b13e30fa158168,"",@progbits
  96 0000 789C 6363 		.string	"x\234cc``\270\006\304\322P\314\310\314\300\3104\341\034\003C#\007\023##\210\321\300\301\3
  96      6060 B806 
  96      C4D2 50CC 
  96      C8CC C0C8 
  96      34E1 1C03 
  97 0051 2A7D B4F1 		.string	"*}\264\361\337T^6\026\220\034Pp\013#\033\003#\220\261\376\022\353\201\206\177\377\333\033
  97      DF54 5E36 
  97      1690 1C50 
  97      700B 231B 
  97      0323 90B1 
  98 0076 E966 E800 		.string	"\351f\350"
  99 007a 1240 BB1A 		.string	"\022@\273\032\0160t\002\205\200\254\346\003\f\257\030\233\246\235\364\005\351\233\305\314
  99      0E30 7402 
  99      8580 ACE6 
  99      030C AF18 
  99      9BA6 9DF4 
 100 00db D992 85A5 		.string	"\331\222\205\245\211y%\245\271\372)\251I\371\245y\311\251\372\305\225\271\361\351z\311\f"
 100      8979 25A5 
 100      B9FA 29A9 
 100      49F9 A579 
 100      C9A9 FAC5 
 101 00f7 E4F5 4E2E 		.ascii	"\344\365N."
 102               		.text
 103               		.section	.gnu.lto_.symbol_nodes.88b13e30fa158168,"",@progbits
 104 0000 789C 6363 		.string	"x\234cc``(\001b\006&\341z\006\206\t\347\030\030\200\324\256\006G\240\200X=#\212"
 104      6060 2801 
 104      6206 26E1 
 104      7A06 8609 
 104      E718 1880 
 105 001f AB08 4383 		.string	"\253\bC\203\022\003\0033\253(#\230f\022\257gBQ\300(Y\317\f\026``hhp"
 105      1203 0333 
 105      AB28 2398 
 105      6612 AF67 
 105      4251 C028 
 106 003d F225 EA59 		.string	"\362%\352Y\220\371\314\214l\fO^\35003\2622\264\264\275ge"
 106      90F9 CC8C 
 106      6C0C 4F5E 
 106      E830 33B2 
 106      32B4 B4BD 
 107 0054 00        		.string	""
 108 0055 7FCA 1844 		.ascii	"\177\312\030D"
 109               		.text
 110               		.section	.gnu.lto_.refs.88b13e30fa158168,"",@progbits
 111 0000 789C 6363 		.string	"x\234cc``\020\007bVFF&&Ff\026\006&V\006fvF&1F \223\221\001"
 111      6060 1007 
 111      6256 4646 
 111      2626 4666 
 111      1606 2656 
 112 0020 0650 00   		.string	"\006P"
 113 0023 63        		.ascii	"c"
 114               		.text
 115               		.section	.gnu.lto_.decls.88b13e30fa158168,"",@progbits
 116 0000 789C 7554 		.ascii	"x\234uT]L\233U\030\376\336\036\n\245\264\203\220\3050\323\213"
 116      5D4C 9B55 
 116      18FE DE1E 
 116      0AA5 B483 
 116      90C5 30D3 
 117 0015 6571 B117 		.ascii	"eq\261\027\3322]\304\305\013\215\273\360\316\273]\240\027]-\025"
 117      DA32 5DC4 
 117      C50B 8DBB 
 117      F0CE BB5D 
 117      A017 5D2D 
 118 002a 1BFB A3A5 		.ascii	"\033\373\243\245E\275\373\312d\020'\206\261\205 \272A\202[\304"
 118      45BD FBCA 
 118      6410 2786 
 118      B185 20BA 
 118      4182 5BC4 
 119 003e 0D65 5160 		.ascii	"\reQ`L\201\322Q~\306\306O\221?\313(\260\0021n8\023\335\030[\300"
 119      4C81 D251 
 119      7EC6 C64F 
 119      913F CB28 
 119      B002 316E 
 120 0058 F7FC 7CFD 		.ascii	"\367\374|\375Y\302I\337~\337y\317s\236\347y\3179\337\311\224"
 120      59C2 49DF 
 120      7EDF 79CF 
 120      739E E779 
 120      CF39 DFC9 
 121 006d 24E9 5096 		.ascii	"$\351P\226$=\017\222d\300\330\301\226\201\271~\f\202\321\215"
 121      243D 0F92 
 121      64C0 D8C1 
 121      9681 B97E 
 121      0C82 D18D 
 122 0081 3180 3128 		.ascii	"1\2001(\361\246\306\030\303\230\306\230\303X\300\210a\2500\226"
 122      F1A6 C618 
 122      C398 C698 
 122      C358 C088 
 122      61A8 3096 
 123 0095 31EE 48E9 		.ascii	"1\356H\351\355\034\360\261\343\202\2136\020\034O\267K8\220'\260"
 123      ED1C F0B1 
 123      E382 8B36 
 123      101C 4FB7 
 123      4B38 9027 
 124 00aa F918 7B85 		.ascii	"\371\030{\205v\267\320\177\007\243\030#\216\261\212\261\210\261"
 124      76B7 D07F 
 124      07A3 1823 
 124      8EB1 8AB1 
 124      88B1 
 125 00bc 86D1 87B1 		.ascii	"\206\321\207\261\216\021\305\b\t.\"<\306\204\307\335\374]\021"
 125      8E11 C508 
 125      092E 223C 
 125      C684 C7DD 
 125      FC5D 11
 126 00cf FE06 05AF 		.ascii	"\376\006\005\257\342oN<\227\237\302\237%\360Se\274Us\212\200"
 126      E26F 4E3C 
 126      979F C29F 
 126      25F0 5365 
 126      BC55 738A 
 127 00e4 410B 3B40 		.ascii	"A\013;@\373w\273\037\351y\237\016O\257<"
 127      FB77 BB1F 
 127      E979 9F0E 
 127      4FAF 3C
 128 00f3 5950 1315 		.string	"YP\023\025{\217N\306_2]\226y\323\274&A\007\020\205\246\265\351\373\001=y\216\342T\177_zt&
 128      7B8F 4EC6 
 128      5F32 5D96 
 128      79D3 BC26 
 128      4107 1085 
 129 01f4 82C1 58C5 		.string	"\202\301X\305\326]\256\315\203\304\272\217\240\253A\310\306\331C\b\031F\276F\254\225f\032
 129      D65D AECD 
 129      83C4 BA8F 
 129      A0AB 41C8 
 129      C6D9 4308 
 130 02de 4BFE 53FD 		.ascii	"K\376S\375WM&K\342!\202I\236\274\376y\240_\227HFxr9\3365\233"
 130      574D 264B 
 130      E221 8249 
 130      9EBC FE79 
 130      A05F 9748 
 131 02f9 B54B 11BF 		.ascii	"\265K\021\277\263\"\246\224\"6\276\236-\307\032\232\261\206\355"
 131      B322 A694 
 131      2236 BE9E 
 131      2DC7 1A9A 
 131      B186 ED
 132 030c 33EA 4A39 		.ascii	"3\352J9\030\220\351)G\024\214'k\030O\255a\232\325\260\336\377"
 132      1890 E929 
 132      4714 8C27 
 132      6B18 4FAD 
 132      619A D5B0 
 133 0322 B826 978C 		.ascii	"\270&\227\214\362\032\006zC\357\246\352\321J\024\301Y&\350\026"
 133      F21A 067A 
 133      43EF A6EA 
 133      D14A 14C1 
 133      5926 E816 
 134 0336 7A5F B6CF 		.ascii	"z_\266\317\364\252\204\340\332\373B/\237\202`&\2517\223\2527"
 134      F4AA 84E0 
 134      DAFB 422F 
 134      9F82 6026 
 134      A937 93AA 
 135 034b C7F4 BAAA 		.ascii	"\307\364\272\252\372\356e\222(\327\333\252\332\214\022Vu_b\347"
 135      FAEE 6592 
 135      28D7 DBAA 
 135      DA8C 1256 
 135      755F 62E7 
 136 035f 46FF BB16 		.ascii	"F\377\273\026\325\244\232\240C\212\211(3\361\207R\365J\335\251"
 136      D5A4 9AA0 
 136      438A 8928 
 136      33F1 8752 
 136      F54A DDA9 
 137 0373 891C 74B1 		.ascii	"\211\034t\261\204\330\361\236\302\013-\201`!\003\301|\322\304"
 137      84D8 F19E 
 137      C20B 2D81 
 137      6021 03C1 
 137      7CD2 C4
 138 0386 BCF8 8460 		.ascii	"\274\370\204`\201\031\370.Vw2\233T\360\013\367Jp\370\331\335"
 138      8119 F82E 
 138      5677 329B 
 138      54F0 0BF7 
 138      4A70 F8D9 
 139 039b B416 D30A 		.ascii	"\264\026\323\n\356\254\254\031V\013\251\310\261Z\035\035\306"
 139      EEAC AC19 
 139      560B A9C8 
 139      B15A 1D1D 
 139      C6
 140 03ac 8F30 A172 		.ascii	"\2170\241r[Q\2111\225\246\372\372y-\251\341*\255\301\236-r\260"
 140      5B51 8931 
 140      95A6 FAFA 
 140      792D A9E1 
 140      2AAD C19E 
 141 03c3 4596 4372 		.ascii	"E\226Crp\250\355\205\251\023\001\271\220\255\355\022\237\237"
 141      70A8 ED85 
 141      A913 01B9 
 141      90AD ED12 
 141      9F9F 
 142 03d5 90A4 FD21 		.ascii	"\220\244\375!z\201-\303A\2347\262\264\264\250#\r\234ds\254\366"
 142      7A81 2DC3 
 142      419C 37B2 
 142      B4B4 A823 
 142      0D9C 6473 
 143 03eb A45A 903C 		.ascii	"\244Z\220<`[\314\355\256\b\216\344\035\265B\255\300\035F\361"
 143      605B CCED 
 143      AE08 8EE4 
 143      1DB5 42AD 
 143      C01D 46F1 
 144 03ff 55E4 DFF9 		.ascii	"U\344\337\371\264\353\214\312&\241qq\235\305\331u6\337\362M\305"
 144      B4EB 8CCA 
 144      26A1 7171 
 144      9DC5 D975 
 144      36DF F24D 
 145 0414 9E54 30AD 		.ascii	"\236T0\2551\t^\025\340U\006\256\236\037\016@*\270/\355\242\\"
 145      3109 5E15 
 145      E055 06AE 
 145      9E1F 0E40 
 145      2AB8 2FED 
 146 042a 13E0 3506 		.ascii	"\023\3405\006>\277\375\343\371\234Tp4\215y]\200\351\263\340c"
 146      3EBF FDE3 
 146      F99C 5470 
 146      348D 795D 
 146      80E9 B3E0 
 147 043f BFD5 EDF3 		.ascii	"\277\325\355\363\273\314%\366\367<~\267\315n.\373\314e)5\331"
 147      BBCC 25F6 
 147      F73C 7EB7 
 147      CD6E 2EFB 
 147      CC65 2935 
 148 0454 346F BD7D 		.ascii	"4o\275}l\377\321#G\244,\277\303\355{\325\342+2\373\313\274f\247"
 148      6CFF D123 
 148      47A4 2CBF 
 148      C3ED 7BD5 
 148      E22B 32FB 
 149 046c C766 759A 		.ascii	"\307fu\232\217\332\235N\253\327l-\367\276Xj\263\275Qd.2\0356"
 149      8FDA 9D4E 
 149      ABD7 6C2D 
 149      F7BE 586A 
 149      B3BD 5164 
 150 0484 15D2 BED9 		.ascii	"\025\322\276\331\341\2669\375%H\343+\301y\246\017$\r\235\177"
 150      E1B6 39FD 
 150      2548 E32B 
 150      C179 A60F 
 150      240D 9D7F 
 151 0498 E815 8B4F 		.ascii	"\350\025\213O\347\262\372\274\216O-^\317'\026\337>\237\353C\213"
 151      E7B2 FABC 
 151      8E4F 2D5E 
 151      CF27 16DF 
 151      3E9F EB43 
 152 04ad CDE3 B59B 		.ascii	"\315\343\265\233m\036\227\313\3436\363A\304\253-oz<N\275\342"
 152      6D1E 97CB 
 152      E336 F341 
 152      C4AB 2D6F 
 152      7A3C 4EBD 
 153 04c2 C7E2 703B 		.ascii	"\307\342p;|\373vs)i\224Lnb\202\325\346s\224\333\365>\207\313"
 153      7CFB 7673 
 153      2969 944C 
 153      6E62 82D5 
 153      E673 94DB 
 154 04da EEB5 D89D 		.ascii	"\356\265\330\235\326\217\312\354%\005O\313\261QT\323r\230\327"
 154      D68F CAEC 
 154      2505 4FCB 
 154      B151 54D3 
 154      7298 D7
 155 04ed 6E2D D10A 		.ascii	"n-\321\n\006\207\27347\371j\241\200\377\001JOuw"
 155      0687 BB34 
 155      37F9 6AA1 
 155      80FF 014A 
 155      4F75 77
 156               		.text
 157               		.section	.gnu.lto_.symtab.88b13e30fa158168,"",@progbits
 158 0000 6465 626F 		.string	"debounce_init"
 158      756E 6365 
 158      5F69 6E69 
 158      7400 
 159 000e 00        		.string	""
 160 000f 00        		.string	""
 161 0010 00        		.string	""
 162 0011 00        		.string	""
 163 0012 00        		.string	""
 164 0013 00        		.string	""
 165 0014 00        		.string	""
 166 0015 00        		.string	""
 167 0016 00        		.string	""
 168 0017 00        		.string	""
 169 0018 00        		.string	""
 170 0019 CE00      		.string	"\316"
 171 001b 00        		.string	""
 172 001c 00        		.string	""
 173 001d 6465 626F 		.string	"debounce"
 173      756E 6365 
 173      00
 174 0026 00        		.string	""
 175 0027 00        		.string	""
 176 0028 00        		.string	""
 177 0029 00        		.string	""
 178 002a 00        		.string	""
 179 002b 00        		.string	""
 180 002c 00        		.string	""
 181 002d 00        		.string	""
 182 002e 00        		.string	""
 183 002f 00        		.string	""
 184 0030 00        		.string	""
 185 0031 D500      		.string	"\325"
 186 0033 00        		.string	""
 187 0034 00        		.string	""
 188 0035 6465 626F 		.string	"debounce_active"
 188      756E 6365 
 188      5F61 6374 
 188      6976 6500 
 189 0045 00        		.string	""
 190 0046 00        		.string	""
 191 0047 00        		.string	""
 192 0048 00        		.string	""
 193 0049 00        		.string	""
 194 004a 00        		.string	""
 195 004b 00        		.string	""
 196 004c 00        		.string	""
 197 004d 00        		.string	""
 198 004e 00        		.string	""
 199 004f 00        		.string	""
 200 0050 D800      		.string	"\330"
 201 0052 00        		.string	""
 202 0053 00        		.string	""
 203 0054 7469 6D65 		.string	"timer_elapsed"
 203      725F 656C 
 203      6170 7365 
 203      6400 
 204 0062 00        		.string	""
 205 0063 02        		.ascii	"\002"
 206 0064 00        		.string	""
 207 0065 00        		.string	""
 208 0066 00        		.string	""
 209 0067 00        		.string	""
 210 0068 00        		.string	""
 211 0069 00        		.string	""
 212 006a 00        		.string	""
 213 006b 00        		.string	""
 214 006c 00        		.string	""
 215 006d DC00      		.string	"\334"
 216 006f 00        		.string	""
 217 0070 00        		.string	""
 218 0071 7469 6D65 		.string	"timer_read"
 218      725F 7265 
 218      6164 00
 219 007c 00        		.string	""
 220 007d 02        		.ascii	"\002"
 221 007e 00        		.string	""
 222 007f 00        		.string	""
 223 0080 00        		.string	""
 224 0081 00        		.string	""
 225 0082 00        		.string	""
 226 0083 00        		.string	""
 227 0084 00        		.string	""
 228 0085 00        		.string	""
 229 0086 00        		.string	""
 230 0087 DF00      		.string	"\337"
 231 0089 00        		.string	""
 232 008a 00        		.string	""
 233               		.text
 234               		.section	.gnu.lto_.opts,"",@progbits
 235 0000 272D 666D 		.ascii	"'-fmath-errno' '-fsigned-zeros' '-ftrapping-m"
 235      6174 682D 
 235      6572 726E 
 235      6F27 2027 
 235      2D66 7369 
 236 002d 6174 6827 		.string	"ath' '-fno-trapv' '-fno-openmp' '-fno-openacc' '-mn-flash=1' '-mno-skip-bug' '-mmcu=avr5'
 236      2027 2D66 
 236      6E6F 2D74 
 236      7261 7076 
 236      2720 272D 
 237               		.text
 238               		.comm	__gnu_lto_v1,1,1
 239               		.comm	__gnu_lto_slim,1,1
 240               		.ident	"GCC: (GNU) 7.4.0"
DEFINED SYMBOLS
                            *ABS*:0000000000000000 sym_g.c
/var/tmp//ccTY7y2C.s:2      *ABS*:000000000000003e __SP_H__
/var/tmp//ccTY7y2C.s:3      *ABS*:000000000000003d __SP_L__
/var/tmp//ccTY7y2C.s:4      *ABS*:000000000000003f __SREG__
/var/tmp//ccTY7y2C.s:5      *ABS*:0000000000000000 __tmp_reg__
/var/tmp//ccTY7y2C.s:6      *ABS*:0000000000000001 __zero_reg__
                            *COM*:0000000000000001 __gnu_lto_v1
                            *COM*:0000000000000001 __gnu_lto_slim

NO UNDEFINED SYMBOLS
