   1              		.cpu cortex-m4
   2              		.eabi_attribute 20, 1
   3              		.eabi_attribute 21, 1
   4              		.eabi_attribute 23, 3
   5              		.eabi_attribute 24, 1
   6              		.eabi_attribute 25, 1
   7              		.eabi_attribute 26, 1
   8              		.eabi_attribute 30, 4
   9              		.eabi_attribute 34, 1
  10              		.eabi_attribute 18, 2
  11              		.file	"board.c"
  12              		.text
  13              	.Ltext0:
  14              		.cfi_sections	.debug_frame
  15              		.section	.text.__early_init,"ax",%progbits
  16              		.align	1
  17              		.global	__early_init
  18              		.syntax unified
  19              		.thumb
  20              		.thumb_func
  21              		.fpu softvfp
  23              	__early_init:
  24              	.LFB279:
  25              		.file 1 "drivers/boards/GENERIC_STM32_F303XC/board.c"
   1:drivers/boards/GENERIC_STM32_F303XC/board.c **** /*
   2:drivers/boards/GENERIC_STM32_F303XC/board.c ****     ChibiOS - Copyright (C) 2006..2016 Giovanni Di Sirio
   3:drivers/boards/GENERIC_STM32_F303XC/board.c **** 
   4:drivers/boards/GENERIC_STM32_F303XC/board.c ****     Licensed under the Apache License, Version 2.0 (the "License");
   5:drivers/boards/GENERIC_STM32_F303XC/board.c ****     you may not use this file except in compliance with the License.
   6:drivers/boards/GENERIC_STM32_F303XC/board.c ****     You may obtain a copy of the License at
   7:drivers/boards/GENERIC_STM32_F303XC/board.c **** 
   8:drivers/boards/GENERIC_STM32_F303XC/board.c ****         http://www.apache.org/licenses/LICENSE-2.0
   9:drivers/boards/GENERIC_STM32_F303XC/board.c **** 
  10:drivers/boards/GENERIC_STM32_F303XC/board.c ****     Unless required by applicable law or agreed to in writing, software
  11:drivers/boards/GENERIC_STM32_F303XC/board.c ****     distributed under the License is distributed on an "AS IS" BASIS,
  12:drivers/boards/GENERIC_STM32_F303XC/board.c ****     WITHOUT WARRANTIES OR CONDITIONS OF ANY KIND, either express or implied.
  13:drivers/boards/GENERIC_STM32_F303XC/board.c ****     See the License for the specific language governing permissions and
  14:drivers/boards/GENERIC_STM32_F303XC/board.c ****     limitations under the License.
  15:drivers/boards/GENERIC_STM32_F303XC/board.c **** */
  16:drivers/boards/GENERIC_STM32_F303XC/board.c **** 
  17:drivers/boards/GENERIC_STM32_F303XC/board.c **** #include "hal.h"
  18:drivers/boards/GENERIC_STM32_F303XC/board.c **** 
  19:drivers/boards/GENERIC_STM32_F303XC/board.c **** #if HAL_USE_PAL || defined(__DOXYGEN__)
  20:drivers/boards/GENERIC_STM32_F303XC/board.c **** /**
  21:drivers/boards/GENERIC_STM32_F303XC/board.c ****  * @brief   PAL setup.
  22:drivers/boards/GENERIC_STM32_F303XC/board.c ****  * @details Digital I/O ports static configuration as defined in @p board.h.
  23:drivers/boards/GENERIC_STM32_F303XC/board.c ****  *          This variable is used by the HAL when initializing the PAL driver.
  24:drivers/boards/GENERIC_STM32_F303XC/board.c ****  */
  25:drivers/boards/GENERIC_STM32_F303XC/board.c **** const PALConfig pal_default_config = {
  26:drivers/boards/GENERIC_STM32_F303XC/board.c **** #    if STM32_HAS_GPIOA
  27:drivers/boards/GENERIC_STM32_F303XC/board.c ****     {VAL_GPIOA_MODER, VAL_GPIOA_OTYPER, VAL_GPIOA_OSPEEDR, VAL_GPIOA_PUPDR, VAL_GPIOA_ODR, VAL_GPIO
  28:drivers/boards/GENERIC_STM32_F303XC/board.c **** #    endif
  29:drivers/boards/GENERIC_STM32_F303XC/board.c **** #    if STM32_HAS_GPIOB
  30:drivers/boards/GENERIC_STM32_F303XC/board.c ****     {VAL_GPIOB_MODER, VAL_GPIOB_OTYPER, VAL_GPIOB_OSPEEDR, VAL_GPIOB_PUPDR, VAL_GPIOB_ODR, VAL_GPIO
  31:drivers/boards/GENERIC_STM32_F303XC/board.c **** #    endif
  32:drivers/boards/GENERIC_STM32_F303XC/board.c **** #    if STM32_HAS_GPIOC
  33:drivers/boards/GENERIC_STM32_F303XC/board.c ****     {VAL_GPIOC_MODER, VAL_GPIOC_OTYPER, VAL_GPIOC_OSPEEDR, VAL_GPIOC_PUPDR, VAL_GPIOC_ODR, VAL_GPIO
  34:drivers/boards/GENERIC_STM32_F303XC/board.c **** #    endif
  35:drivers/boards/GENERIC_STM32_F303XC/board.c **** #    if STM32_HAS_GPIOD
  36:drivers/boards/GENERIC_STM32_F303XC/board.c ****     {VAL_GPIOD_MODER, VAL_GPIOD_OTYPER, VAL_GPIOD_OSPEEDR, VAL_GPIOD_PUPDR, VAL_GPIOD_ODR, VAL_GPIO
  37:drivers/boards/GENERIC_STM32_F303XC/board.c **** #    endif
  38:drivers/boards/GENERIC_STM32_F303XC/board.c **** #    if STM32_HAS_GPIOE
  39:drivers/boards/GENERIC_STM32_F303XC/board.c ****     {VAL_GPIOE_MODER, VAL_GPIOE_OTYPER, VAL_GPIOE_OSPEEDR, VAL_GPIOE_PUPDR, VAL_GPIOE_ODR, VAL_GPIO
  40:drivers/boards/GENERIC_STM32_F303XC/board.c **** #    endif
  41:drivers/boards/GENERIC_STM32_F303XC/board.c **** #    if STM32_HAS_GPIOF
  42:drivers/boards/GENERIC_STM32_F303XC/board.c ****     {VAL_GPIOF_MODER, VAL_GPIOF_OTYPER, VAL_GPIOF_OSPEEDR, VAL_GPIOF_PUPDR, VAL_GPIOF_ODR, VAL_GPIO
  43:drivers/boards/GENERIC_STM32_F303XC/board.c **** #    endif
  44:drivers/boards/GENERIC_STM32_F303XC/board.c **** #    if STM32_HAS_GPIOG
  45:drivers/boards/GENERIC_STM32_F303XC/board.c ****     {VAL_GPIOG_MODER, VAL_GPIOG_OTYPER, VAL_GPIOG_OSPEEDR, VAL_GPIOG_PUPDR, VAL_GPIOG_ODR, VAL_GPIO
  46:drivers/boards/GENERIC_STM32_F303XC/board.c **** #    endif
  47:drivers/boards/GENERIC_STM32_F303XC/board.c **** #    if STM32_HAS_GPIOH
  48:drivers/boards/GENERIC_STM32_F303XC/board.c ****     {VAL_GPIOH_MODER, VAL_GPIOH_OTYPER, VAL_GPIOH_OSPEEDR, VAL_GPIOH_PUPDR, VAL_GPIOH_ODR, VAL_GPIO
  49:drivers/boards/GENERIC_STM32_F303XC/board.c **** #    endif
  50:drivers/boards/GENERIC_STM32_F303XC/board.c **** #    if STM32_HAS_GPIOI
  51:drivers/boards/GENERIC_STM32_F303XC/board.c ****     {VAL_GPIOI_MODER, VAL_GPIOI_OTYPER, VAL_GPIOI_OSPEEDR, VAL_GPIOI_PUPDR, VAL_GPIOI_ODR, VAL_GPIO
  52:drivers/boards/GENERIC_STM32_F303XC/board.c **** #    endif
  53:drivers/boards/GENERIC_STM32_F303XC/board.c **** };
  54:drivers/boards/GENERIC_STM32_F303XC/board.c **** #endif
  55:drivers/boards/GENERIC_STM32_F303XC/board.c **** 
  56:drivers/boards/GENERIC_STM32_F303XC/board.c **** void enter_bootloader_mode_if_requested(void);
  57:drivers/boards/GENERIC_STM32_F303XC/board.c **** 
  58:drivers/boards/GENERIC_STM32_F303XC/board.c **** /**
  59:drivers/boards/GENERIC_STM32_F303XC/board.c ****  * @brief   Early initialization code.
  60:drivers/boards/GENERIC_STM32_F303XC/board.c ****  * @details This initialization must be performed just after stack setup
  61:drivers/boards/GENERIC_STM32_F303XC/board.c ****  *          and before any other initialization.
  62:drivers/boards/GENERIC_STM32_F303XC/board.c ****  */
  63:drivers/boards/GENERIC_STM32_F303XC/board.c **** void __early_init(void) {
  26              		.loc 1 63 0
  27              		.cfi_startproc
  28              		@ args = 0, pretend = 0, frame = 0
  29              		@ frame_needed = 0, uses_anonymous_args = 0
  30 0000 08B5     		push	{r3, lr}
  31              		.cfi_def_cfa_offset 8
  32              		.cfi_offset 3, -8
  33              		.cfi_offset 14, -4
  64:drivers/boards/GENERIC_STM32_F303XC/board.c ****     enter_bootloader_mode_if_requested();
  34              		.loc 1 64 0
  35 0002 FFF7FEFF 		bl	enter_bootloader_mode_if_requested
  36              	.LVL0:
  65:drivers/boards/GENERIC_STM32_F303XC/board.c ****     stm32_clock_init();
  66:drivers/boards/GENERIC_STM32_F303XC/board.c **** }
  37              		.loc 1 66 0
  38 0006 BDE80840 		pop	{r3, lr}
  39              		.cfi_restore 14
  40              		.cfi_restore 3
  41              		.cfi_def_cfa_offset 0
  65:drivers/boards/GENERIC_STM32_F303XC/board.c ****     stm32_clock_init();
  42              		.loc 1 65 0
  43 000a FFF7FEBF 		b	stm32_clock_init
  44              	.LVL1:
  45              		.cfi_endproc
  46              	.LFE279:
  48              		.section	.text.boardInit,"ax",%progbits
  49              		.align	1
  50              		.global	boardInit
  51              		.syntax unified
  52              		.thumb
  53              		.thumb_func
  54              		.fpu softvfp
  56              	boardInit:
  57              	.LFB280:
  67:drivers/boards/GENERIC_STM32_F303XC/board.c **** 
  68:drivers/boards/GENERIC_STM32_F303XC/board.c **** #if HAL_USE_SDC || defined(__DOXYGEN__)
  69:drivers/boards/GENERIC_STM32_F303XC/board.c **** /**
  70:drivers/boards/GENERIC_STM32_F303XC/board.c ****  * @brief   SDC card detection.
  71:drivers/boards/GENERIC_STM32_F303XC/board.c ****  */
  72:drivers/boards/GENERIC_STM32_F303XC/board.c **** bool sdc_lld_is_card_inserted(SDCDriver *sdcp) {
  73:drivers/boards/GENERIC_STM32_F303XC/board.c ****     (void)sdcp;
  74:drivers/boards/GENERIC_STM32_F303XC/board.c ****     /* TODO: Fill the implementation.*/
  75:drivers/boards/GENERIC_STM32_F303XC/board.c ****     return true;
  76:drivers/boards/GENERIC_STM32_F303XC/board.c **** }
  77:drivers/boards/GENERIC_STM32_F303XC/board.c **** 
  78:drivers/boards/GENERIC_STM32_F303XC/board.c **** /**
  79:drivers/boards/GENERIC_STM32_F303XC/board.c ****  * @brief   SDC card write protection detection.
  80:drivers/boards/GENERIC_STM32_F303XC/board.c ****  */
  81:drivers/boards/GENERIC_STM32_F303XC/board.c **** bool sdc_lld_is_write_protected(SDCDriver *sdcp) {
  82:drivers/boards/GENERIC_STM32_F303XC/board.c ****     (void)sdcp;
  83:drivers/boards/GENERIC_STM32_F303XC/board.c ****     /* TODO: Fill the implementation.*/
  84:drivers/boards/GENERIC_STM32_F303XC/board.c ****     return false;
  85:drivers/boards/GENERIC_STM32_F303XC/board.c **** }
  86:drivers/boards/GENERIC_STM32_F303XC/board.c **** #endif /* HAL_USE_SDC */
  87:drivers/boards/GENERIC_STM32_F303XC/board.c **** 
  88:drivers/boards/GENERIC_STM32_F303XC/board.c **** #if HAL_USE_MMC_SPI || defined(__DOXYGEN__)
  89:drivers/boards/GENERIC_STM32_F303XC/board.c **** /**
  90:drivers/boards/GENERIC_STM32_F303XC/board.c ****  * @brief   MMC_SPI card detection.
  91:drivers/boards/GENERIC_STM32_F303XC/board.c ****  */
  92:drivers/boards/GENERIC_STM32_F303XC/board.c **** bool mmc_lld_is_card_inserted(MMCDriver *mmcp) {
  93:drivers/boards/GENERIC_STM32_F303XC/board.c ****     (void)mmcp;
  94:drivers/boards/GENERIC_STM32_F303XC/board.c ****     /* TODO: Fill the implementation.*/
  95:drivers/boards/GENERIC_STM32_F303XC/board.c ****     return true;
  96:drivers/boards/GENERIC_STM32_F303XC/board.c **** }
  97:drivers/boards/GENERIC_STM32_F303XC/board.c **** 
  98:drivers/boards/GENERIC_STM32_F303XC/board.c **** /**
  99:drivers/boards/GENERIC_STM32_F303XC/board.c ****  * @brief   MMC_SPI card write protection detection.
 100:drivers/boards/GENERIC_STM32_F303XC/board.c ****  */
 101:drivers/boards/GENERIC_STM32_F303XC/board.c **** bool mmc_lld_is_write_protected(MMCDriver *mmcp) {
 102:drivers/boards/GENERIC_STM32_F303XC/board.c ****     (void)mmcp;
 103:drivers/boards/GENERIC_STM32_F303XC/board.c ****     /* TODO: Fill the implementation.*/
 104:drivers/boards/GENERIC_STM32_F303XC/board.c ****     return false;
 105:drivers/boards/GENERIC_STM32_F303XC/board.c **** }
 106:drivers/boards/GENERIC_STM32_F303XC/board.c **** #endif
 107:drivers/boards/GENERIC_STM32_F303XC/board.c **** 
 108:drivers/boards/GENERIC_STM32_F303XC/board.c **** /**
 109:drivers/boards/GENERIC_STM32_F303XC/board.c ****  * @brief   Board-specific initialization code.
 110:drivers/boards/GENERIC_STM32_F303XC/board.c ****  * @todo    Add your board-specific code, if any.
 111:drivers/boards/GENERIC_STM32_F303XC/board.c ****  */
 112:drivers/boards/GENERIC_STM32_F303XC/board.c **** void boardInit(void) {}
  58              		.loc 1 112 0
  59              		.cfi_startproc
  60              		@ args = 0, pretend = 0, frame = 0
  61              		@ frame_needed = 0, uses_anonymous_args = 0
  62              		@ link register save eliminated.
  63              		.loc 1 112 0
  64 0000 7047     		bx	lr
  65              		.cfi_endproc
  66              	.LFE280:
  68              		.global	pal_default_config
  69              		.section	.rodata.pal_default_config,"a",%progbits
  70              		.align	2
  73              	pal_default_config:
  74 0000 0800802A 		.word	713031688
  75 0004 00000000 		.word	0
  76 0008 0C00C03C 		.word	1019215884
  77 000c 50151564 		.word	1679103312
  78 0010 FFFF0000 		.word	65535
  79 0014 10005055 		.word	1431306256
  80 0018 00E00E00 		.word	974848
  81 001c 80600000 		.word	24704
  82 0020 40000000 		.word	64
  83 0024 C0300000 		.word	12480
  84 0028 15855555 		.word	1431667989
  85 002c 7FFF0000 		.word	65407
  86 0030 00000004 		.word	67108864
  87 0034 00000000 		.word	0
  88 0038 00000000 		.word	0
  89 003c 00000000 		.word	0
  90 0040 000000F0 		.word	-268435456
  91 0044 55555505 		.word	89478485
  92 0048 FFFF0000 		.word	65535
  93 004c 00000000 		.word	0
  94 0050 00000000 		.word	0
  95 0054 00000000 		.word	0
  96 0058 00000000 		.word	0
  97 005c 00000000 		.word	0
  98 0060 55555555 		.word	1431655765
  99 0064 FFFF0000 		.word	65535
 100 0068 00000000 		.word	0
 101 006c 00000000 		.word	0
 102 0070 40005555 		.word	1431633984
 103 0074 00000000 		.word	0
 104 0078 C000FFFF 		.word	-65344
 105 007c 15551501 		.word	18175253
 106 0080 FF000000 		.word	255
 107 0084 00000000 		.word	0
 108 0088 00000000 		.word	0
 109 008c 00000000 		.word	0
 110 0090 00000000 		.word	0
 111 0094 0F000000 		.word	15
 112 0098 50555555 		.word	1431655760
 113 009c FFFF0000 		.word	65535
 114 00a0 00000000 		.word	0
 115 00a4 00000000 		.word	0
 116              		.text
 117              	.Letext0:
 118              		.file 2 "/usr/local/Cellar/gcc-arm-none-eabi/20180627/lib/gcc/arm-none-eabi/7.3.1/include/stddef.h
 119              		.file 3 "/usr/local/Cellar/gcc-arm-none-eabi/20180627/arm-none-eabi/include/machine/_default_types
 120              		.file 4 "/usr/local/Cellar/gcc-arm-none-eabi/20180627/arm-none-eabi/include/sys/_stdint.h"
 121              		.file 5 "./lib/chibios/os/common/ports/ARMCMx/compilers/GCC/chtypes.h"
 122              		.file 6 "./lib/chibios/os/rt/include/chsystypes.h"
 123              		.file 7 "./lib/chibios/os/rt/include/chschd.h"
 124              		.file 8 "./lib/chibios/os/common/ext/CMSIS/include/core_cm4.h"
 125              		.file 9 "./lib/chibios/os/common/ext/CMSIS/ST/STM32F3xx/system_stm32f3xx.h"
 126              		.file 10 "./lib/chibios/os/common/ext/CMSIS/ST/STM32F3xx/stm32f303xc.h"
 127              		.file 11 "./lib/chibios/os/common/ports/ARMCMx/chcore.h"
 128              		.file 12 "./lib/chibios/os/common/ports/ARMCMx/chcore_v7m.h"
 129              		.file 13 "./lib/chibios/os/hal/ports/STM32/LLD/TIMv1/stm32_tim.h"
 130              		.file 14 "./lib/chibios/os/rt/include/chtm.h"
 131              		.file 15 "./lib/chibios/os/rt/include/chsem.h"
 132              		.file 16 "./lib/chibios/os/rt/include/chmtx.h"
 133              		.file 17 "./lib/chibios/os/rt/include/chsys.h"
 134              		.file 18 "./lib/chibios/os/rt/include/chregistry.h"
 135              		.file 19 "./lib/chibios/os/common/oslib/include/chmemcore.h"
 136              		.file 20 "./lib/chibios/os/hal/ports/STM32/LLD/DMAv1/stm32_dma.h"
 137              		.file 21 "./lib/chibios/os/hal/ports/STM32/LLD/GPIOv2/hal_pal_lld.h"
 138              		.file 22 "./lib/chibios/os/hal/include/hal_dac.h"
 139              		.file 23 "./lib/chibios/os/hal/ports/STM32/LLD/DACv1/hal_dac_lld.h"
 140              		.file 24 "./lib/chibios/os/hal/include/hal_gpt.h"
 141              		.file 25 "./lib/chibios/os/hal/ports/STM32/LLD/TIMv1/hal_gpt_lld.h"
 142              		.file 26 "./lib/chibios/os/hal/include/hal_i2c.h"
 143              		.file 27 "./lib/chibios/os/hal/ports/STM32/LLD/I2Cv2/hal_i2c_lld.h"
 144              		.file 28 "./lib/chibios/os/hal/include/hal_pwm.h"
 145              		.file 29 "./lib/chibios/os/hal/ports/STM32/LLD/TIMv1/hal_pwm_lld.h"
 146              		.file 30 "./lib/chibios/os/hal/include/hal_usb.h"
 147              		.file 31 "./lib/chibios/os/hal/ports/STM32/LLD/USBv1/hal_usb_lld.h"
 148              		.file 32 "./lib/chibios/os/hal/ports/STM32/STM32F3xx/hal_lld.h"
DEFINED SYMBOLS
                            *ABS*:0000000000000000 board.c
/var/tmp//ccHpizre.s:16     .text.__early_init:0000000000000000 $t
/var/tmp//ccHpizre.s:23     .text.__early_init:0000000000000000 __early_init
/var/tmp//ccHpizre.s:49     .text.boardInit:0000000000000000 $t
/var/tmp//ccHpizre.s:56     .text.boardInit:0000000000000000 boardInit
/var/tmp//ccHpizre.s:73     .rodata.pal_default_config:0000000000000000 pal_default_config
/var/tmp//ccHpizre.s:70     .rodata.pal_default_config:0000000000000000 $d

UNDEFINED SYMBOLS
enter_bootloader_mode_if_requested
stm32_clock_init
