   1               		.file	"bootloader.c"
   2               	__SP_H__ = 0x3e
   3               	__SP_L__ = 0x3d
   4               	__SREG__ = 0x3f
   5               	__tmp_reg__ = 0
   6               	__zero_reg__ = 1
   7               		.section	.gnu.lto_.profile.242787581002ac47,"",@progbits
   8 0000 789C 6363 		.string	"x\234cc```\001bF\006S\r"
   8      6060 6001 
   8      6246 0653 
   8      0D00 
   9 000e 010A 00   		.string	"\001\n"
  10 0011 69        		.ascii	"i"
  11               		.text
  12               		.section	.gnu.lto_.icf.242787581002ac47,"",@progbits
  13 0000 789C 6363 		.string	"x\234cc``\020a@"
  13      6060 1061 
  13      4000 
  14 000a 6686 275F 		.string	"f\206'_\357_\341c\334\373\360];+\323\322o\313?\3600"
  14      EF5F E163 
  14      DCFB F05D 
  14      3B2B D3D2 
  14      6FCB 3FF0 
  15 0020 00        		.string	""
  16 0021 6E2A 0A11 		.ascii	"n*\n\021"
  17               		.text
  18               		.section	.gnu.lto_.jmpfuncs.242787581002ac47,"",@progbits
  19 0000 789C 6363 		.string	"x\234cc``\320g@"
  19      6060 D067 
  19      4000 
  20 000a 2610 669C 		.string	"&\020f\234\302\314xu\315\331=\\\335\314s\230\031\030\033>\2620nf\224a`<\300\bb\003I\210\2
  20      C2CC 7875 
  20      CDD9 3D5C 
  20      DDCC 7398 
  20      1918 1B3E 
  21 0031 222C 0AF6 		.ascii	"\",\n\366"
  22               		.text
  23               		.section	.gnu.lto_.inline.242787581002ac47,"",@progbits
  24 0000 789C 6363 		.string	"x\234cc``0a@"
  24      6060 3061 
  24      4000 
  25 000a 2606 067E 		.string	"&\006\006~^F\006&\211\003\273\031\031X@\\\006\006FF \0062eE\201\362z\357\01632\260-\220\0
  25      5E46 0626 
  25      8903 BB19 
  25      1958 405C 
  25      0606 4646 
  26 0034 8A0F 04E8 		.ascii	"\212\017\004\350"
  27               		.text
  28               		.section	.gnu.lto_.pureconst.242787581002ac47,"",@progbits
  29 0000 789C 6363 		.ascii	"x\234cc```\007b&\206\255\214L\273\030\001\005\314\001\203"
  29      6060 6007 
  29      6226 86AD 
  29      8C4C BB18 
  29      0105 CC01 
  30               		.text
  31               		.section	.gnu.lto_bootloader_jump.242787581002ac47,"",@progbits
  32 0000 789C 9594 		.string	"x\234\225\224_L[U\030\300\317w\317mK/\177\252{X\366\300L\233\214\207%H\361O\202\211/\032c
  32      5F4C 5B55 
  32      18C0 CF77 
  32      CF6D 4B2F 
  32      7FAA 7B58 
  33 00ee 4EBD 31D9 		.string	"N\2751\331\367)hb\022P\276\325<<\220\023\203\203\301p\220\3056G\251\004\247!\037\272!\037
  33      F729 6862 
  33      1250 BED5 
  33      3C3C 9013 
  33      8383 C170 
  34 01a5 2DCE 7DF4 		.string	"-\316}\364\3535\313\326\217Y-cOa#\230\376\305"
  34      EB35 CBD6 
  34      8F59 2D63 
  34      4F61 2398 
  34      FEC5 00
  35 01b8 CD08 7C0F 		.ascii	"\315\b|\017[y \311;K3ogZ\032\326:\277j1p\206hm\013\025\356/\037"
  35      5B79 20C9 
  35      3B4B 336F 
  35      675A 1AD6 
  35      3ABF 6A31 
  36 01d5 ABAB 3351 		.ascii	"\253\2533Q\267X\357\233N\\2\363PB,1\326\\\322\231\n\262\023,"
  36      B758 EF9B 
  36      4E5C 32F3 
  36      5042 2C31 
  36      D65C D299 
  37 01ed 2B4A 8D30 		.ascii	"+J\2150\370d0\274\221\375\237\0345\320\335\302\266s\266\346\241"
  37      F864 30BC 
  37      91FD 9F1C 
  37      35D0 DDC2 
  37      B673 B6E6 
  38 0202 652D 8DE3 		.ascii	"e-\215\343\233\372\253Y\033\223y\036\303\377j\252O\032\\\200"
  38      9BFA AB59 
  38      1B93 791E 
  38      C3FF 6AAA 
  38      4F1A 5C80 
  39 0216 0218 E211 		.ascii	"\002\030\342\021\235\007#\026\036\007\016\177|\027uVo\017\247"
  39      9D07 2316 
  39      1E07 0E7F 
  39      7C17 7556 
  39      6F0F A7
  40 0229 73F5 3C9F 		.ascii	"s\365<\237\316\344\031\213jy^\322\362\214\245Z\237\0216C\302"
  40      CEE4 198B 
  40      6A79 5ED2 
  40      F28C A55A 
  40      9F11 3643 
  41 023e E6FA B1D1 		.ascii	"\346\372\261\321^18F`\3132\\F\217\367 \034\373\255U\022t\324"
  41      5E31 3846 
  41      60CB 325C 
  41      468F F720 
  41      1CFB AD55 
  42 0255 88C7 EFCD 		.ascii	"\210\307\357\315\230\252\036\361\274L-\330\272\363\334\351\b"
  42      98AA 1EF1 
  42      BC4C 2DD8 
  42      BAF3 DCE9 
  42      08
  43 0266 5411 AE1C 		.ascii	"T\021\256\034\245Y\242xu\351\303\300\213$\252\305w\254B\032\332"
  43      A559 A278 
  43      75E9 C3C0 
  43      8B24 AAC5 
  43      77AC 421A 
  44 027b 205D E0D2 		.ascii	" ]\340\322\022\204\036,\266\335}b\364\315\360\2303s\214j\251"
  44      1284 1E2C 
  44      B6DD 7D62 
  44      F4CD F098 
  44      3373 8C6A 
  45 0290 7755 2F37 		.ascii	"wU/7\346\341d\001\017\362\nT\301\250\030\2521m\250\352\3176\246"
  45      E6E1 6401 
  45      0FF2 0A54 
  45      C1A8 18AA 
  45      316D A8EA 
  46 02a7 C4DC 2810 		.ascii	"\304\334(\020I\036d\3310\256\r\226Uwp\24772\t\264R\320\247\272"
  46      491E 64D9 
  46      30AE 0D96 
  46      5577 70A7 
  46      3732 09B4 
  47 02bf BE3A 6DC4 		.ascii	"\276:m\304\2327\204\304\350\204\265\321\311\206\t\255\344/\344"
  47      9A37 84C4 
  47      E884 B5D1 
  47      C986 09AD 
  47      E42F E4
  48 02d2 43B1 3E38 		.ascii	"C\261>8WEq\372\223\235\313\331\234\235\r2\\C\356/\020\236\377"
  48      5745 71FA 
  48      939D CBD9 
  48      9C9D 0D32 
  48      5C43 EE2F 
  49 02e9 A33E 3E03 		.ascii	"\243>>\003\217\017J\347&\003\267\321\007\205\256\177\033`\022"
  49      8F0F 4AE7 
  49      2603 B7D1 
  49      0785 AE7F 
  49      1B60 12
  50 02fc 53BF CE8B 		.ascii	"S\277\316\213\206?\364B\272\271u\250g\372Cq}r \311\265\277l\f"
  50      863F F442 
  50      BAB9 75A8 
  50      67FA 4371 
  50      7D72 20C9 
  51 0314 CE2A B60F 		.ascii	"\316*\266\017\244C\254\rC\312\345[Gf\352\357\347\311\022F3\005"
  51      A443 AC0D 
  51      43CA E55B 
  51      4766 EAEF 
  51      E7C9 1246 
  52 032a 3651 8987 		.ascii	"6Q\211\207\275S\203F\334\301;,\303\rQ\205iq[\356\207o'E\240y"
  52      BD53 8346 
  52      DCC1 3B2C 
  52      C30D 5185 
  52      6971 5BEE 
  53 0344 B005 C5CF 		.ascii	"\260\005\305\317\016u\376\245\330\032\326\303\216\247zX\226\200"
  53      0E75 FEA5 
  53      D81A D6C3 
  53      8EA7 7A58 
  53      9680 
  54 0356 CDE8 B0F1 		.ascii	"\315\350\260\361\245\371\243\n\207\315\"\354\007\001\373Q\300"
  54      A5F9 A30A 
  54      87CD 22EC 
  54      0701 FB51 
  54      C0
  55 0367 5616 9BA6 		.ascii	"V\026\233\246A\203\345\374\027\354\226\016;0\267\262_\300\222"
  55      4183 E5FC 
  55      17EC 960E 
  55      3B30 B7B2 
  55      5FC0 92
  56 037a 08FB 49C0 		.ascii	"\b\373I\300\346\004\354\363\205\304M\213\355\200nm\341\272\351"
  56      E604 ECF3 
  56      85C4 4D8B 
  56      ED80 6E6D 
  56      E1BA E9
  57 038d C1A1 8849 		.ascii	"\301\241\210IX\317skH\201L\370\023I\t\276\310\3708\326R\231\257"
  57      58CF 736B 
  57      4881 4CF8 
  57      1349 09BE 
  57      C8F8 38D6 
  58 03a4 A096 8268 		.ascii	"\240\226\202h\206-P\266Kuz}n\273\323[V\346-\267;*}\366w\274\336"
  58      862D 50B6 
  58      4B75 7A7D 
  58      6EBB D35B 
  58      56E6 2DB7 
  59 03bf 80C7 EB70 		.ascii	"\200\307\353p\271}EN\"\253j\231\377e{\205\337g\367x\235\016\217"
  59      B97D 454E 
  59      22AB 6A99 
  59      FF65 7B85 
  59      DF67 F778 
  60 03d6 FD35 B7C7 		.ascii	"\3755\267\307\343\360q\305gw:\235\257\224\330K\212^,*\026\206"
  60      E3F0 71C5 
  60      6777 3A9D 
  60      AF94 D84B 
  60      8A5E 2C2A 
  61 03ec A5E5 4E4F 		.ascii	"\245\345NO\205\313m\257\b\224z\354.\267\307\261\267\350=\242"
  61      85CB 6DAF 
  61      0894 7AEC 
  61      2EB7 C7B1 
  61      B7E8 3DA2 
  62 0400 A86A A0D4 		.ascii	"\250j\240\324\271\313\257\272\234\006\\\226\3556T:<\025\356\227"
  62      B9CB AFBA 
  62      9C06 5C96 
  62      ED36 543A 
  62      3C15 EE97 
  63 0414 FE1F 92AF 		.ascii	"\376\037\222\257\367\270\002\310{\253\264\334*8\252\317\275S"
  63      F7B8 02C8 
  63      7BAB B4DC 
  63      2A38 AACF 
  63      BD53 
  64 0426 550B 55F5 		.ascii	"U\013U\365\315\035\257\277\241\252\212\331\351)U\314{\\>\305"
  64      CD1D AFBF 
  64      A1AA 8AD9 
  64      E929 55CC 
  64      7B5C 3EC5 
  65 043a EC0F F8AD 		.ascii	"\354\017\370\255\005\305\205\326\202\347\024\263\267\"`]\323"
  65      05C5 85D6 
  65      82E7 14B3 
  65      B722 605D 
  65      D3
  66 044b 295C 67B8 		.ascii	")\\g\270N\353y\305j&R9\221|\204\372\212\311?v\217'\200"
  66      4EEB 79C5 
  66      6A26 5239 
  66      917C 84FA 
  66      8AC9 3F76 
  67               		.text
  68               		.section	.gnu.lto_bootloader_jump_after_watchdog_reset.242787581002ac47,"",@progbits
  69 0000 789C 8D94 		.string	"x\234\215\224_L[U\034\307\317\357\236{o\333K\313\fO3\341\201F\373\300D\312\324d\276,1\001
  69      5F4C 5B55 
  69      1CC7 CFEF 
  69      9E7B 6FDB 
  69      4BCB 0C4F 
  70 005b FA3B E796 		.ascii	"\372;\347\226Z\227\305x\223{\3569\277\363\373}~\337\363;\347"
  70      5A97 C578 
  70      937B EE39 
  70      BFF3 FB7D 
  70      7EDF F33B 
  71 0070 5C99 10B2 		.ascii	"\\\231\020\262!\022\262\205\337j|"
  71      2112 B285 
  71      DF6A 7C
  72 007b 4126 20BC 		.string	"A& \274=AH\320,\b\264k\017\321\025\351\217\307\210n\245\202xe?\033\245\037\301\221\b\222\
  72      3D41 48D0 
  72      2C08 B46B 
  72      0FD1 15E9 
  72      8FC7 886E 
  73 017c 337C 896E 		.string	"3|\211n\267!<;4\fF>V\203\304j\362O\233\341A\240\037\214\025vPJ\272\366p}\241h\372\025\303
  73      B721 3C3B 
  73      340C 463E 
  73      5683 C46A 
  73      F24F 9BE1 
  74 0261 2007 59AA 		.ascii	" \007Y\252\273=\263\202}\026N\353]\230\311\314b\326Fc\343\212"
  74      BB3D B382 
  74      7D16 4EEB 
  74      5D98 C9CC 
  74      62D6 4663 
  75 0277 7D0E 4D66 		.ascii	"}\016Mf^\345\245\233\343}\262(\020\370\026\3540\006vn\034X\234"
  75      5EE5 A59B 
  75      E37D B228 
  75      10F8 16EC 
  75      3006 766E 
  76 028e 4C03 338E 		.ascii	"L\0033\216\203\330M\255\250\354*\260\225\205\372o\274\263\213"
  76      83D8 4DAD 
  76      A8EC 2AB0 
  76      9585 FA6F 
  76      BCB3 8B
  77 02a1 ADCC 0259 		.ascii	"\255\314\002Y\346\327{<\370\223b_\314\361\025f\232\232\373uJ"
  77      E6D7 7B3C 
  77      F893 625F 
  77      CCF1 1566 
  77      9A9A FB75 
  78 02b6 B0AF E4F9 		.ascii	"\260\257\344\371\267\242\363\213\026\206\372\016\371\327r\374"
  78      B7A2 F38B 
  78      1686 FA0E 
  78      F9D7 72FC 
  79 02c6 B591 EBCB 		.ascii	"\265\221\353\313\0223~\017\"L\360\245gx\202\265\360\355l\221"
  79      1233 7E0F 
  79      224C F0A5 
  79      6778 82B5 
  79      F0ED 6C91 
  80 02da 716C 773F 		.ascii	"qlw?\234\337\226\356\275Yl\277\227\347\247.\177\030\346\374)"
  80      9CDF 96EE 
  80      BD59 6CBF 
  80      97E7 A72E 
  80      7F18 E6FC 
  81 02ef E44F E6F8 		.ascii	"\344O\346\3703\231\366\240\211\031\257#\377\007\316\377\221\363"
  81      3399 F6A0 
  81      8919 AF23 
  81      FF07 CEFF 
  81      91F3 
  82 0301 CF2C A4A6 		.ascii	"\317,\244\246w\331\357\027\026d{d4\302|\tL\263h\270\001\"Y\200"
  82      77D9 EF17 
  82      1664 7B64 
  82      34C2 7C09 
  82      4CB3 68B8 
  83 0319 5096 D59F 		.ascii	"P\226\325\237\325\222U\227\325\200\331\216\366\367\312\254\376"
  83      D592 5597 
  83      D580 D98E 
  83      F6F7 CAAC 
  83      FE
  84 032a C6CD 5F85 		.ascii	"\306\315_\205\326\370\226\203\377y\220\223^9\265(2\351E\240\377"
  84      D6F8 9683 
  84      FF79 9093 
  84      5E39 B528 
  84      32E9 45A0 
  85 033f 4260 06B3 		.ascii	"B`\006\263\306X\351\360\314K\271\337\302\032\204\342\027?\340"
  85      C658 E9F0 
  85      CC4B B9DF 
  85      C21A 84E2 
  85      173F E0
  86 0352 E780 DF86 		.ascii	"\347\200\337\206#\270\2158\203\271\355\201\206\327U\227_\363"
  86      23B8 8D38 
  86      83B9 ED81 
  86      86D7 5597 
  86      5FF3 
  87 0364 385D FE86 		.ascii	"8]\376\206\006\177\243\263\376M\315\371\252\337\037\360\371\353"
  87      067F A3B3 
  87      FE4D CDF9 
  87      AADF 1FF0 
  87      F9EB 
  88 0376 DD1E ADD2 		.ascii	"\335\036\255\322E\314\001O\303\033\252\3469\364\254\263\271I"
  88      45CC 014F 
  88      C31B AAE6 
  88      39F4 ACB3 
  88      B949 
  89 0388 73FA FCAE 		.ascii	"s\372\374\256z\237\263\332\343\363\325k\314\371\311C.\327s\373"
  89      7A9F B3DA 
  89      E3F3 D56B 
  89      CCF9 C943 
  89      2ED7 73FB 
  90 039c 9CFB 2A9F 		.ascii	"\234\373*\237\251\254\342\301\336F\227\257\331\355\341\375\303"
  90      A9AC E2C1 
  90      DE46 97AF 
  90      D9ED E1FD 
  90      C3
  91 03ad EE40 E56B 		.ascii	"\356@\345k$\340m,S\325\200AQ\325\nU}\371\245\332\347UU\261\270"
  91      24E0 6D2C 
  91      53D5 8041 
  91      51D5 0A55 
  91      7DF9 A5DA 
  92 03c6 7C5E C572 		.ascii	"|^\305r\330\255)\026\237\273\251\314QU\341\330\253X\374\232\227"
  92      D8AD 2916 
  92      9FBB A9CC 
  92      5155 E1D8 
  92      AB58 FC9A 
  93 03db 779F 522C 		.ascii	"w\237R,M\001\264\356\255pT\345\273\252\372\226G\363\033 tm\016"
  93      4D01 B4EE 
  93      AD70 54E5 
  93      BBAA FA96 
  93      47F3 1B20 
  94 03f2 94ED D02A 		.ascii	"\224\355\320*\nR(\026B\367\273\211\351@\355\013/\342\244\320"
  94      0A52 2816 
  94      42F7 BB89 
  94      E940 ED0B 
  94      2FE2 A4D0 
  95 0406 48E4 BA9A 		.ascii	"H\344\272\232\003\3303\327\325T\327\252u5\265T\253\"\177\003"
  95      03D8 33D7 
  95      D554 D7AA 
  95      7535 B554 
  95      AB22 7F03 
  96 041a 75FC ED87 		.ascii	"u\374\355\207"
  97               		.text
  98               		.section	.gnu.lto_.symbol_nodes.242787581002ac47,"",@progbits
  99 0000 789C 6363 		.string	"x\234cc``\310\006b\006\246\347\f\365\f\f\023\3161\200\250]\r\212\f\f\254\317\030\030\032\
  99      6060 C806 
  99      6206 A6E7 
  99      0CF5 0C0C 
  99      13CE 3180 
 100 0066 00        		.string	""
 101 0067 5547 1DED 		.ascii	"UG\035\355"
 102               		.text
 103               		.section	.gnu.lto_.refs.242787581002ac47,"",@progbits
 104 0000 789C 6363 		.string	"x\234cc``\340\003bF\006FFn&&\006F\026FF6\006"
 104      6060 E003 
 104      6246 0646 
 104      466E 2626 
 104      0646 1646 
 105 0018 0278 00   		.string	"\002x"
 106 001b 34        		.ascii	"4"
 107               		.text
 108               		.section	.gnu.lto_.decls.242787581002ac47,"",@progbits
 109 0000 789C 9555 		.string	"x\234\225U]P\023W\024\336\263\033\bl\202X\307:\264\223\007`\332\321\007K\234\332\031\265\
 109      5D50 1357 
 109      14DE B31B 
 109      086C 8258 
 109      C73A B493 
 110 00e5 D345 20D5 		.string	"\323E \325\211\307\241\203]U\203ql\210 *Fz~\215\021x\372\274\275h\275WL\361\310\354\212\3
 110      89C7 A183 
 110      5D55 8371 
 110      6C88 202A 
 110      467A 7E8D 
 111 01d3 B350 4B70 		.string	"\263PKp\f\022\360\337\241a\263N\346\325\234\212O.\222\213\356`O\n\023\267y2\344r\234\265\
 111      0C12 F0DF 
 111      A161 B34E 
 111      E6D5 9C8A 
 111      4F2E 928B 
 112 02a5 30C3 00   		.string	"0\303"
 113 02a8 20A2 ED55 		.string	" \242\355Uw\005\007\315(\344Fec\340\265M\306\344\301\325d\230\351\271\256H\026P\317\254\r
 113      7705 07CD 
 113      28E4 4665 
 113      63E0 B54D 
 113      C6E4 C1D5 
 114 02e5 1AFB 22E2 		.ascii	"\032\373\"\342.P\366W`\212\272\006\202\336T\355\353\026\222\332"
 114      2E50 F657 
 114      608A BA06 
 114      82DE 54ED 
 114      EB16 92DA 
 115 02f9 A050 DE92 		.ascii	"\240P\336\222H\337\341\330\245@\331\"\254\037\007W!\211\202\332"
 115      48DF E1D8 
 115      A540 D922 
 115      AC1F 0757 
 115      2189 82DA 
 116 030d 33CE E4C7 		.ascii	"3\316\344\307\t\001V\335\365\371-#\261\244\274-\330\337k\240"
 116      0901 56DD 
 116      F5F9 2D23 
 116      B1A4 BC2D 
 116      D8DF 6BA0 
 117 0321 8133 ACC2 		.ascii	"\2013\254\302\243\005%AQ\350a\240\314\333\277\345\306\023\320"
 117      A305 2541 
 117      51E8 61A0 
 117      CCDB BFE5 
 117      C613 D0
 118 0334 BF6A 0F6B 		.ascii	"\277j\017kZN\357\344_\246*\270\201\363\341\277q\302\332\365\264"
 118      5A4E EFE4 
 118      5FA6 2AB8 
 118      81F3 E1BF 
 118      71C2 DAF5 
 119 0349 FD80 9608 		.ascii	"\375\200\226\b\313'\3275|\221%\237\310\300I<\001A\235\252*\270"
 119      CB27 D735 
 119      7C91 259F 
 119      C8C0 493C 
 119      0141 9DAA 
 120 035f 8EB9 EB22 		.ascii	"\216\271\353\"\205\345\245\302\222\007\273\266\213B?\343q\300"
 120      85E5 A5C2 
 120      9207 BBB6 
 120      8B42 3FE3 
 120      71C0 
 121 0371 335C 2ED2 		.ascii	"3\\.\322\265\340\356wP\236\241\322\277\326L$\357V\312\342\026"
 121      B5E0 EE77 
 121      509E A1D2 
 121      BFD6 4C24 
 121      EF56 CAE2 
 122 0386 2834 F2F7 		.ascii	"(4\362\367\037\367\213H\303\207\320\263\r\037\237;\232'g\257"
 122      1FF7 8B48 
 122      C387 D0B3 
 122      0D1F 9F3B 
 122      9A27 67AF 
 123 039a 9313 E558 		.ascii	"\223\023\345X\002\204\233a}\337TZ\007\267)\005O\300\373\265p"
 123      0284 9B61 
 123      7DDF 545A 
 123      07B7 2905 
 123      4FC0 FBB5 
 124 03af 911D 80FE 		.ascii	"\221\035\200\376}#\371\321L\035o\243\353\255l|gBe\335Q\225\345"
 124      7D23 F9D1 
 124      4C1D 6FA3 
 124      EBAD 6C7C 
 124      6742 65DD 
 125 03c6 63CA EA1F 		.ascii	"c\312\352\037\314\351\216es\247\241{mG\276OQi9\240\177\363\306"
 125      CCE9 8E65 
 125      73A7 A17B 
 125      6D47 BE4F 
 125      5169 39A0 
 126 03dd 8E23 BA17 		.ascii	"\216#\272\027;\355\307hwi\264{\264\323w\324N\3475\355\254\217"
 126      3BED C768 
 126      7769 B47B 
 126      B4D3 77D4 
 126      4EE7 35ED 
 127 03f3 4ABA CED3 		.ascii	"J\272\316\323N\337c\235\256\334\333\325\027K\313\323\256\264"
 127      4EDF 639D 
 127      AEDC DBD5 
 127      174B CBD3 
 127      AEB4 
 128 0405 BA7B A434 		.ascii	"\272{\2444\244S\273{\237\024\202\f\372\232jc\336\337%\027\325"
 128      A453 BB7B 
 128      9F14 820C 
 128      FA9A 6A63 
 128      DEDF 2517 
 129 041a 937D 3E63 		.ascii	"\223}>ckE\201,G\323\303\267\215\325@=h!@z\331F\252\001\035\360"
 129      6B45 812C 
 129      47D3 C3B7 
 129      8DD5 403D 
 129      6821 407A 
 130 0434 3EF9 3464 		.ascii	">\3714d\335+\211A\316\006\374Z@\304\247\302\300>\025%\205\305"
 130      DD2B 8941 
 130      CE06 FC5A 
 130      40C4 A7C2 
 130      C03E 1525 
 131 044a A7E2 8447 		.ascii	"\247\342\204G\264T|O\351\340\357\221\207\374\247w\350!\377\b"
 131      B454 7C4F 
 131      E9E0 EF91 
 131      87FC A777 
 131      E821 FF08 
 132 045e F374 866B 		.ascii	"\363t\206km\030;\344\307o\212.\334\024\006\345\210\177\210T\036"
 132      6D18 3BE4 
 132      C76F 8A2E 
 132      DC14 06E5 
 132      887F 8854 
 133 0473 B01A 0E67 		.ascii	"\260\032\016g6\226F\221\212\257}=|o\376\363\002\235>\207\304"
 133      3696 4691 
 133      8AAF 7D3D 
 133      7C6F FEF3 
 133      029D 3E87 
 134 0488 671D EA86 		.ascii	"g\035\352\206\310\026\365\200\2366\032\357\b>\373\347\337\217"
 134      C816 F580 
 134      9E36 1AEF 
 134      083E FBE7 
 134      DF8F 
 135 049a E323 C144 		.ascii	"\343#\301D\027apP\001\007)\270\273\346tq\\$\270f\\\344\220\002"
 135      1761 7050 
 135      0107 29B8 
 135      BBE6 7471 
 135      5C24 B866 
 136 04b2 0E51 B0D7 		.ascii	"\016Q\260\327w!4IT\226\231\375\n\332\320K\277d\373\375\325\215"
 136      7721 3449 
 136      5496 99FD 
 136      0ADA D04B 
 136      BF64 FBFD 
 137 04c8 FA09 C5F5 		.ascii	"\372\t\305\365X\025\327,\272\316_\372\273vk\230x\232\307\304"
 137      5815 D72C 
 137      BACE 5FFA 
 137      BB76 6B98 
 137      789A C7C4 
 138 04dc 1346 F751 		.ascii	"\023F\367Q\361\3209\324\301\031E\243\r{&>\025\373\325\360\347"
 138      F1D0 39D4 
 138      C119 45A3 
 138      0D7B 263E 
 138      15FB D5F0 
 139 04f1 581D EB7B 		.ascii	"X\035\353{\313\367\351\231v\005\262\370\314vU\273\t\350^\r\204"
 139      CBF7 E999 
 139      7605 B2F8 
 139      CC76 55BB 
 139      09E8 5E0D 
 140 0506 E6B0 E4BE 		.ascii	"\346\260\344\276\261\344O1\326\023\032k\200&\357g\311\007h\362"
 140      B1E4 4F31 
 140      D613 1A6B 
 140      8026 EF67 
 140      C907 68F2 
 141 051a 6A7F 475E 		.ascii	"j\177G^\274\320\317\366T\345@q\233F\030eN\331\371\3762=Q\354"
 141      BCD0 CFF6 
 141      54E5 4071 
 141      9B46 1865 
 141      4ED9 F9FE 
 142 0532 907A D484 		.ascii	"\220z\324\2047\375b\335kl\372\347t\323?S7\275\177W\305\215X\334"
 142      37FD 62DD 
 142      6B6C FAE7 
 142      74D3 3F53 
 142      37BD 7F57 
 143 054a F475 3EBA 		.ascii	"\364u>\272\351=;\351G\255\350s @\030\034;~\206\361\370\031\214"
 143      E93D 3BE9 
 143      47AD E873 
 143      2040 181C 
 143      3B7E 86F1 
 144 0561 3C7E 46E8 		.ascii	"<~F\350\336\337T\320T\251\0256\n\023p\013\224\265\\\211\243\334"
 144      DEDF 54D0 
 144      54A9 1536 
 144      0A13 700B 
 144      94B5 5C89 
 145 0577 88AC 19B9 		.ascii	"\210\254\031\271\201\265\3176\013\023\220[\303\023r\031\274B"
 145      81B5 CF36 
 145      0B13 905B 
 145      C313 7219 
 145      BC42 
 146 0589 AE25 589A 		.ascii	"\256%X\232\251U\310\005:?y\350\031#\207@\334a*9\231\327\020/"
 146      A955 C805 
 146      3A3F 79E8 
 146      1923 8740 
 146      DC61 2A39 
 147 05a1 4C6E 2D4F 		.ascii	"Ln-O\310y\037\355\311\325GJ\360\3308\275f\362L\202xG\360\226"
 147      C879 1FED 
 147      C9D5 474A 
 147      F0D8 38BD 
 147      66F2 4C82 
 148 05b9 D1D0 6D5E 		.ascii	"\321\320m^h\231h%g\326T5\351\024*C\316,\271.C\226w\2104b\026"
 148      6899 6825 
 148      67D6 5435 
 148      E914 2A43 
 148      CE2C B92E 
 149 05d4 AFF2 5887 		.ascii	"\257\362X\207<\320\013\363\370\231O\346\022\335\251+$\2633\315"
 149      3CD0 0BF3 
 149      F899 4FE6 
 149      12DD A92B 
 149      24B3 33CD 
 150 05e8 6A34 3B53 		.ascii	"j4;SS\235\016\243\351\2474\343R\247\323mw\232,\326\264\024s\314"
 150      539D 0EA3 
 150      E9A7 34E3 
 150      52A7 D36D 
 150      779A 2CD6 
 151 0600 675F 7D93 		.ascii	"g_}\223\270p\336<.&\335\346p\317\376Pr\3171\246\273\322\214v"
 151      B870 DE3C 
 151      2E26 DDE6 
 151      70CF FE50 
 151      72CF 31A6 
 152 0618 A7D9 6437 		.ascii	"\247\331d7.\264\332\355\24642\351\203ef\363\2029\3069)\037\245"
 152      2EB4 DAED 
 152      A634 32E9 
 152      8365 66F3 
 152      8239 C639 
 153 062f CCA2 416C 		.ascii	"\314\242Al\016\263=\335b5\272\334\026\234\230\262\234\213\017"
 153      0EB3 3DDD 
 153      6235 BADC 
 153      169C 98B2 
 153      9C8B 0F
 154 0642 8795 BE4F 		.ascii	"\207\225\276OO\375!\351U\251\271\367^\230!\231\276s\343\343J"
 154      4FFD 21E9 
 154      55A9 B9F7 
 154      5E98 2199 
 154      BE73 E3E3 
 155 0657 93DB BCDC 		.ascii	"\223\333\274\334\342\\&\245Y]V\267\326\3414\333\235\016k\214"
 155      E25C 26A5 
 155      595D 56B7 
 155      D6E1 34DB 
 155      9D0E 6B8C 
 156 066b C369 73D8 		.ascii	"\303is\330m\016\253&\335e\265h\314\313Mi\332\024\233\303\346"
 156      6D0E AB26 
 156      DD65 B568 
 156      CCCB 4D69 
 156      DA14 9BC3 
 157 0680 9ECD 695D 		.ascii	"\236\315i]V\263\333\346tD9L+\254\226w%ii\272\315\356\2669$\314"
 157      56B3 DBE6 
 157      7444 394C 
 157      2BAC 9677 
 157      2569 69BA 
 158 069a 2859 AC76 		.ascii	"(Y\254v\323*\311\274\312l\267\272\346\277\331\322\322\3356\273"
 158      D32A C9BC 
 158      CA6C B7BA 
 158      E6BF D9D2 
 158      D2DD 36BB 
 159 06ae 91CE C7E5 		.ascii	"\221\316\307\345\305R6\322\n\353\252i)\204\212\315=3\331\264"
 159      C552 36D2 
 159      0AEB AA69 
 159      2984 8ACD 
 159      3D33 D9B4 
 160 06c2 3279 E602 		.ascii	"2y\346\002\207s\251\315\355\232\317iI\001\347J\356X%e\252\353"
 160      8773 A9CD 
 160      ED9A CF69 
 160      4901 E74A 
 160      EE58 2565 
 161 06d8 2D49 32D9 		.ascii	"-I2\331W\232V\271$\306\\\222\304\225\026\267du\230\226\332\255"
 161      579A 56B9 
 161      24C6 5C92 
 161      C495 16B7 
 161      6475 9896 
 162 06ee 73DF 8C0B 		.ascii	"s\337\214\013y\306\311HDGbXl.\022\344\177\237\217\242z"
 162      79C6 C948 
 162      4447 6258 
 162      6C2E 12E4 
 162      7F9F 8FA2 
 163               		.text
 164               		.section	.gnu.lto_.symtab.242787581002ac47,"",@progbits
 165 0000 626F 6F74 		.string	"bootloader_jump"
 165      6C6F 6164 
 165      6572 5F6A 
 165      756D 7000 
 166 0010 00        		.string	""
 167 0011 00        		.string	""
 168 0012 00        		.string	""
 169 0013 00        		.string	""
 170 0014 00        		.string	""
 171 0015 00        		.string	""
 172 0016 00        		.string	""
 173 0017 00        		.string	""
 174 0018 00        		.string	""
 175 0019 00        		.string	""
 176 001a 00        		.string	""
 177 001b BF00      		.string	"\277"
 178 001d 00        		.string	""
 179 001e 00        		.string	""
 180 001f 7265 7365 		.string	"reset_key"
 180      745F 6B65 
 180      7900 
 181 0029 00        		.string	""
 182 002a 00        		.string	""
 183 002b 00        		.string	""
 184 002c 00        		.string	""
 185 002d 00        		.string	""
 186 002e 00        		.string	""
 187 002f 00        		.string	""
 188 0030 00        		.string	""
 189 0031 00        		.string	""
 190 0032 00        		.string	""
 191 0033 00        		.string	""
 192 0034 E800      		.string	"\350"
 193 0036 00        		.string	""
 194 0037 00        		.string	""
 195 0038 626F 6F74 		.string	"bootloader_jump_after_watchdog_reset"
 195      6C6F 6164 
 195      6572 5F6A 
 195      756D 705F 
 195      6166 7465 
 196 005d 00        		.string	""
 197 005e 00        		.string	""
 198 005f 00        		.string	""
 199 0060 00        		.string	""
 200 0061 00        		.string	""
 201 0062 00        		.string	""
 202 0063 00        		.string	""
 203 0064 00        		.string	""
 204 0065 00        		.string	""
 205 0066 00        		.string	""
 206 0067 00        		.string	""
 207 0068 DA00      		.string	"\332"
 208 006a 00        		.string	""
 209 006b 00        		.string	""
 210               		.text
 211               		.section	.gnu.lto_.opts,"",@progbits
 212 0000 272D 666D 		.ascii	"'-fmath-errno' '-fsigned-zeros' '-ftrapping-m"
 212      6174 682D 
 212      6572 726E 
 212      6F27 2027 
 212      2D66 7369 
 213 002d 6174 6827 		.string	"ath' '-fno-trapv' '-fno-openmp' '-fno-openacc' '-mn-flash=1' '-mno-skip-bug' '-mmcu=avr5'
 213      2027 2D66 
 213      6E6F 2D74 
 213      7261 7076 
 213      2720 272D 
 214               		.text
 215               		.comm	__gnu_lto_v1,1,1
 216               		.comm	__gnu_lto_slim,1,1
 217               		.ident	"GCC: (GNU) 7.4.0"
DEFINED SYMBOLS
                            *ABS*:0000000000000000 bootloader.c
/var/tmp//ccUzhtRy.s:2      *ABS*:000000000000003e __SP_H__
/var/tmp//ccUzhtRy.s:3      *ABS*:000000000000003d __SP_L__
/var/tmp//ccUzhtRy.s:4      *ABS*:000000000000003f __SREG__
/var/tmp//ccUzhtRy.s:5      *ABS*:0000000000000000 __tmp_reg__
/var/tmp//ccUzhtRy.s:6      *ABS*:0000000000000001 __zero_reg__
                            *COM*:0000000000000001 __gnu_lto_v1
                            *COM*:0000000000000001 __gnu_lto_slim

NO UNDEFINED SYMBOLS
