   1               		.file	"suspend.c"
   2               	__SP_H__ = 0x3e
   3               	__SP_L__ = 0x3d
   4               	__SREG__ = 0x3f
   5               	__tmp_reg__ = 0
   6               	__zero_reg__ = 1
   7               		.section	.gnu.lto_.profile.3f43a7eb9d8ccd66,"",@progbits
   8 0000 789C 6363 		.string	"x\234cc```\005bF\206\377\214\251"
   8      6060 6005 
   8      6246 86FF 
   8      8CA9 00
   9 000f 03F1 0172 		.ascii	"\003\361\001r"
  10               		.text
  11               		.section	.gnu.lto_.icf.3f43a7eb9d8ccd66,"",@progbits
  12 0000 789C 6363 		.string	"x\234cc``\b`@"
  12      6060 0860 
  12      4000 
  13 000a 5E86 BB3F 		.string	"^\206\273?\316\234\343bly:g\0137S\347\256\317\2779\231/^z\334\304\301\272\346\357\215\353
  13      CE9C E362 
  13      6C79 3A67 
  13      0B37 53E7 
  13      AECF BF39 
  14 0036 939C 2F1F 		.string	"\223\234/\037]\371\302\310\005fs\203\325\363\374\354\355\373\302\304;}\357\307s\374\f"
  14      5DF9 C2C8 
  14      0566 7383 
  14      D5F3 FCEC 
  14      EDFB C2C4 
  15 0052 8F14 28EF 		.ascii	"\217\024(\357"
  16               		.text
  17               		.section	.gnu.lto_.jmpfuncs.3f43a7eb9d8ccd66,"",@progbits
  18 0000 789C 6363 		.string	"x\234cc``\330\300\200"
  18      6060 D8C0 
  18      8000 
  19 000a 3C0C 8C8C 		.string	"<\f\214\214\f\fs\230\031\200$\023\220\317\314\310\310X\017\344201Naf\234\326z\350<{73X\23
  19      0C0C 7398 
  19      1980 2413 
  19      90CF CCC8 
  19      C858 0FE4 
  20 005d 7532 3070 		.string	"u20p10p\203\235\205\242\345?\310,\006^ \006"
  20      3130 7083 
  20      9D85 A2E5 
  20      3FC8 2C06 
  20      5E20 0600 
  21 0071 2CB2 19A2 		.ascii	",\262\031\242"
  22               		.text
  23               		.section	.gnu.lto_.inline.3f43a7eb9d8ccd66,"",@progbits
  24 0000 789C 6363 		.string	"x\234cc``pfd\200\003\036\006\006\001~F\006&\251\t\247\031\031\330\026\3103\201\004\031\03
  24      6060 7066 
  24      6480 031E 
  24      0606 017E 
  24      4606 26A9 
  25 003a 0D64 76BA 		.string	"\rdv\272\362\205\t\"\313\265\314\214\005\256\204\211\033d\036\204dc`\023G3\027,\016V\310\
  25      F285 0922 
  25      CBB5 CC8C 
  25      05AE 8489 
  25      1B64 1E84 
  26 008f E544 3A22 		.string	"\345D:\"\341\252\031"
  26      E1AA 1900 
  27 0097 9EA5 1598 		.ascii	"\236\245\025\230"
  28               		.text
  29               		.section	.gnu.lto_.pureconst.3f43a7eb9d8ccd66,"",@progbits
  30 0000 789C 6363 		.string	"x\234cc``\220\006b\036\206]\214\214\022L\022\314\273\030\331$\330%8$8%\270$\270%x$x\245"
  30      6060 9006 
  30      621E 865D 
  30      8C8C 124C 
  30      12CC BB18 
  31 0025 31A9 02E8 		.ascii	"1\251\002\350"
  32               		.text
  33               		.section	.gnu.lto_suspend_idle.3f43a7eb9d8ccd66,"",@progbits
  34 0000 789C 9552 		.ascii	"x\234\225R\317k\023A\024~\337\316\3546\266\r=\213A\314\305R\n"
  34      CF6B 1341 
  34      147E DFCE 
  34      EC36 B60D 
  34      3D8B 41CC 
  35 0017 46E8 45F0 		.ascii	"F\350E\360\"\370\207\210\304=\004\273MI\242\340\251\223V[\233"
  35      22F8 8788 
  35      C43D 04BB 
  35      4D49 A2E0 
  35      A993 565B 
  36 002c 7AE8 A1AD 		.ascii	"z\350\241\255\"\301\206\242\330\213\2126\376\250\266qL#\036\024"
  36      22C1 86A2 
  36      D88B 8A36 
  36      FEA8 B671 
  36      4C23 1E14 
  37 0040 15B5 BDE8 		.ascii	"\025\265\275\350E\241\036,\024,\026DJ\352\233\235\344\342!\322"
  37      45A1 1E2C 
  37      142C 1644 
  37      4AEA 9B9D 
  37      E4E2 21D2 
  38 0054 8179 F366 		.ascii	"\201y\363fy\337\367\276\367\355xD$\005\321\t>\017\360\206 8\223"
  38      79DF F7BE 
  38      F7ED 7844 
  38      2405 D109 
  38      3E0F F086 
  39 006b 6F89 F211 		.ascii	"o\211\362\021\0070\211\212\200\206\034\f\341\212\230\022\250"
  39      0730 898A 
  39      8086 1C0C 
  39      E18A 9812 
  39      A8
  40 007c 8E7D 5F74 		.ascii	"\216}_tzn+^\372\352\332~5\257Qd\370\fo\263\260\200\036\256\032"
  40      7A6E 2B5E 
  40      FAEA DA7E 
  40      35AF 5164 
  40      F80C 6FB3 
  41 0095 D785 5ABB 		.ascii	"\327\205Z\273\210\2038//Uf\273\272o)5\254\364\227\223\252\263"
  41      8883 382F 
  41      2F55 66BB 
  41      BA6F 2935 
  41      ACF4 9793 
  42 00ab 2880 3204 		.ascii	"(\2002\004#\320\027\303\321\030\361\007\302Ct\233\342o\367\353"
  42      23D0 17C3 
  42      D118 F107 
  42      C243 749B 
  42      E26F F7EB 
  43 00bf D351 4F5A 		.ascii	"\323QOZ><\202G\340\344\336\007W\253\372\356\230\322onb\333\215"
  43      3E3C 8247 
  43      E0E4 DE07 
  43      57AB FAEE 
  43      98D2 6F6E 
  44 00d6 8231 8E63 		.ascii	"\2021\216c\2020A\232\340\232\340\231@t\231\321,]i\032\347+g#"
  44      8230 419A 
  44      E09A E099 
  44      4074 99D1 
  44      2C5D 691A 
  45 00ee 9A36 909F 		.ascii	"\2326\220\237[\350\r)\231\3630\367\232\257\254\254w\306{g\325"
  45      5BE8 0D29 
  45      99F3 30F7 
  45      9AAF ACAC 
  45      77C6 7B67 
  46 0103 B543 45   		.ascii	"\265CE"
  47 0106 214C F7AD 		.string	"!L\367\255\273\017V;$\023\3401\342\034\237@\322\017Tw\n\253Q\003\274.\300E3\227\252\357\3
  47      BB0F 563B 
  47      2413 E031 
  47      E21C 9F40 
  47      D20F 5477 
  48 0207 87        		.ascii	"\207"
  49               		.text
  50               		.section	.gnu.lto_suspend_power_down_user.3f43a7eb9d8ccd66,"",@progbits
  51 0000 789C 6363 		.string	"x\234cc``\250\005b\005 \226\006bFf\006F\246\t\347\030\030\0329\230\030\031A\214\006\016F\
  51      6060 A805 
  51      6205 2096 
  51      0662 4666 
  51      0646 A609 
  52 0035 0407 A64F 		.string	"\004\007\246Oa\333\323p\241\201y\0163\003\3034 \006\001\306\315\214\232\f@u\2176\376\233\
  52      61DB D370 
  52      A181 790E 
  52      3303 C334 
  52      2006 01C6 
  53 00af 00        		.string	""
  54 00b0 FC2D 35BB 		.ascii	"\374-5\273"
  55               		.text
  56               		.section	.gnu.lto_suspend_power_down_kb.3f43a7eb9d8ccd66,"",@progbits
  57 0000 789C 6363 		.string	"x\234cc``X\006\304\n@,\r\304\214\314\f\214L\023\316104r012\202\030\r\034\214\f\365L\214\3
  57      6060 5806 
  57      C40A 402C 
  57      0DC4 8CCC 
  57      0C8C 4C13 
  58 007f C31B C6E6 		.string	"\303\033\306\346\005\257\230\301Z\200\346\354\334\371\3466{\375\337\006\2169\314\214\323\
  58      05AF 98C1 
  58      5A80 E6EC 
  58      DCF9 E636 
  58      7BFD DF06 
  59 00ae E580 FA99 		.string	"\345\200\372\231\030\030\344Jr\263\343\223\363\213R\365\223\363ss\363\363\364\023\313\212
  59      1818 E44A 
  59      72B3 E393 
  59      F38B 52F5 
  59      93F3 7373 
  60 00d4 41EF 430B 		.ascii	"A\357C\013"
  61               		.text
  62               		.section	.gnu.lto_power_down.3f43a7eb9d8ccd66,"",@progbits
  63 0000 789C 9555 		.string	"x\234\225UkL\024W\024\276gfvvv\330\205\304\220\264i\327\206mB\215)e\261m\264I\323\244\211
  63      6B4C 1457 
  63      14BE 6766 
  63      7676 76D8 
  63      85C4 90B4 
  64 005d 2BB1 D46E 		.string	"+\261\324n\262'\367\2369\347;\217{\276{e\306\330\t\205\261\225\300\330|\\\203\231\201\260
  64      B227 F79E 
  64      39E7 3B8F 
  64      7BBE 7B65 
  64      C6D8 0985 
  65 009e 2D34 0558 		.ascii	"-4\005X\216 J&\031r`\203\270E\204\352\302\356\na\346^\r\177\341"
  65      8E20 4A26 
  65      1972 6083 
  65      B845 84EA 
  65      C2EE 0A61 
  66 00b7 AD23 F276 		.ascii	"\255#\362v\255I\023\203\"cE\370\247\037\034\205\231hvi\223\026"
  66      AD49 1383 
  66      2263 45F8 
  66      A71F 1C85 
  66      9968 7669 
  67 00cd 1244 0730 		.ascii	"\022D\0070\\o\035\2724(\317\370A\323\362\264p\355<\315\032\024"
  67      5C6F 1DBA 
  67      3428 CFF8 
  67      41D3 F2B4 
  67      70ED 3CCD 
  68 00e3 01CA 4144 		.ascii	"\001\312AD\017x\307\016)v\206\n\006\307`\006\031w\025\217\204"
  68      0F78 C70E 
  68      2976 860A 
  68      06C7 6006 
  68      1977 158F 
  69 00f8 14F1 0DEE 		.ascii	"\024\361\r\356XR\265\241\311\234X\302\035\273\267\277rZ\323\266"
  69      5852 B5A1 
  69      C99C 58C2 
  69      1DBB B7BF 
  69      725A D3B6 
  70 010c 6912 79FF 		.ascii	"i\022y\377\034\355M?4\356\370i\364[\233,\301qH\324\223"
  70      1CED 4D3F 
  70      34EE F869 
  70      F45B 9B2C 
  70      C171 48D4 
  71 0121 8113 2033 		.string	"\201\023 3\354\003\340\307\346\003\345\273\025\321\311QK\313\"\033\254\006\352\231\343o\3
  71      EC03 E0C7 
  71      E603 E5BB 
  71      15D1 C951 
  71      4BCB 221B 
  72 0222 0114 A846 		.string	"\001\024\250FK\314\257\275f \250\352\t\306\243IY\177\305\023\033\231\b8-5F\202k\260\375\3
  72      4BCC AFBD 
  72      6620 A8EA 
  72      09C6 A349 
  72      597F C513 
  73 02cd 6BEA EB38 		.ascii	"k\352\3538\250\022\330y\004k\340`\215\034lJ\357\337\f\357\033"
  73      A812 D879 
  73      046B E060 
  73      8D1C 6C4A 
  73      EFDF 0CEF 
  74 02e2 C527 B770 		.ascii	"\305'\267p\357\013\2005\233\360\313E\356\274\273;|-\316\321h"
  74      EF0B 8035 
  74      9BF0 CB45 
  74      EEBC BB3B 
  74      7C2D CED1 
  75 02f7 38AB 643A 		.ascii	"8\253d:ZW_h\346\316M\344\f\227@b\375P\020\272\303Gr\322\b\304"
  75      5A57 5F68 
  75      E6CE 4DE4 
  75      0C97 4062 
  75      FD50 10BA 
  76 0311 14D1 0840 		.ascii	"\024\321\b@3\344\260\350Q\001<\266\313`\017\212V\326\ry\241\207"
  76      33E4 B0E8 
  76      5101 3CB6 
  76      CB60 0F8A 
  76      56D6 0D79 
  77 0327 1BA7 932F 		.ascii	"\033\247\223/\361\225\324\034\256\354+\323\363\361(r\013\342"
  77      F195 D41C 
  77      AEEC 2BD3 
  77      F3F1 2872 
  77      0BE2 
  78 0339 8D01 F443 		.ascii	"\215\001\364C~\2504\3769\266\266\"\234X\006\255h\033\024c\211"
  78      7EA8 34FE 
  78      39B6 B622 
  78      9C58 06AD 
  78      681B 1463 
  79 034e 3823 EB8E 		.ascii	"8#\353\216-\320\017\221\006w\340\374\320\373:m.\223\347\246\322"
  79      2DD0 0F91 
  79      0677 E0FC 
  79      D0FB 3A6D 
  79      2E93 E7A6 
  80 0363 AA26 8138 		.ascii	"\252&\2018R\220\253%\320\350_\001\273\301\222\253\304\222\350"
  80      5290 AB25 
  80      D0E8 5F01 
  80      BBC1 92AB 
  80      C492 E8
  81 0376 1930 23C2 		.ascii	"\0310#\3023\303\244\240\0161\332\352\327?\265\350\303\264\034"
  81      33C3 A4A0 
  81      0E31 DAEA 
  81      D73F B5E8 
  81      C3B4 1C
  82 0389 AE4D 1A26 		.ascii	"\256M\032&\013\232E\223K\304\203\272\316m&\200U4\243L[\326\201"
  82      0B9A 4593 
  82      4BC4 83BA 
  82      CE6D 2680 
  82      5534 A34C 
  83 03a0 41AF 29D2 		.ascii	"A\257)\322j\343\374Q\365\312\352\214\312b\246\366i\327K\231\310"
  83      6AE3 FC51 
  83      F5CA EA8C 
  83      CA62 A6F6 
  83      69D7 4B99 
  84 03b5 CAAA BB94 		.ascii	"\312\252\273\224\327\236Y\255\350\214\002\270\301\263z\261$n"
  84      D79E 59AD 
  84      E88C 02B8 
  84      C1B3 7AB1 
  84      246E 
  85 03c7 F224 ACC8 		.ascii	"\362$\254\310\210\334]\303\3721 '\232\350\032\331WU\323eu\264"
  85      88DC 5DC3 
  85      FA31 2027 
  85      9AE8 1AD9 
  85      5755 D365 
  86 03dd 1AC3 1347 		.ascii	"\032\303\023GM\036:t\2445\206\017\317-><\267\201\270\244\355"
  86      4D1E 3A74 
  86      A435 860F 
  86      CF2D 3E3C 
  86      B781 B8A4 
  87 03f2 7A62 7832 		.ascii	"zbx2v\023\364z\206\215zlS\207\217\030\365\214\237D"
  87      7613 F47A 
  87      868D 7A6C 
  87      5387 8F18 
  87      F58C 9F44 
  88 0406 ACEE D2BE 		.string	"\254\356\322\276\376\312\026\233~\205\215\002\334\371\037\005u\360\202b\211\342\035\235\3
  88      FECA 169B 
  88      7E85 8D02 
  88      DCF9 1F05 
  88      75F0 8262 
  89 0507 52E1 EEB5 		.string	"R\341\356\265\254\214\317\\n\237\337\343t\37322|\231\316\305\237\373\235\201\354\3002OfZ\
  89      AC8C CF5C 
  89      6E9F DFE3 
  89      74FB 3232 
  89      7C99 CEC5 
  90 05f8 A55A 26DA 		.ascii	"\245Z&\332"
  91               		.text
  92               		.section	.gnu.lto_suspend_power_down.3f43a7eb9d8ccd66,"",@progbits
  93 0000 789C 6D4D 		.ascii	"x\234mM=K\303P\024\275\347\335$\r\202\243 (\342\332\305\374\020"
  93      3D4B C350 
  93      14BD E7DD 
  93      240D 82A3 
  93      2028 E2DA 
  94 0017 7F84 48EC 		.ascii	"\177\204H\354$i\244U\327<\255\265\025\035\024\354syC\240\203"
  94      2469 A455 
  94      D73C ADB5 
  94      151D 14EC 
  94      7379 43A0 
  95 002c A388 5F64 		.ascii	"\243\210_d{\364\007(\270\272\t:\005]\\\004\255\336\324\325\003"
  95      7BF4 0728 
  95      B8BA 093A 
  95      055D 5C04 
  95      ADDE D4D5 
  96 0041 070E F77C 		.ascii	"\007\016\367|\334\200\210^\204\213\3029!\230\240\216\357\211"
  96      DC80 885E 
  96      848B C239 
  96      2198 A08E 
  96      EF89 
  97 0053 7642 0554 		.ascii	"vB\005TB\207\240L!\303\021\2372F\275\327B\325\317\265\300\235"
  97      4287 A04C 
  97      21C3 119F 
  97      3246 BDD7 
  97      42D5 CFB5 
  98 0069 7D4C EDEB 		.ascii	"}L\355\353\356\254e\"#\254\200+\324Ib\317\227\343\301t\340\375"
  98      EEAC 6522 
  98      23AC 802B 
  98      D449 62CF 
  98      97E3 C174 
  99 007f DD71 8D80 		.ascii	"\335q\215\200 \342\342\321wz\374\323\323\356k\210\223e\217\250"
  99      20E2 E2D1 
  99      777A FCD3 
  99      D3EE 6B88 
  99      9365 8FA8 
 100 0093 2FBE 3CD1 		.ascii	"/\276<\321\216\016XU\252\343\250D'\177\037\370\223\226L\025E"
 100      8E0E 5855 
 100      AAE3 A844 
 100      277F 1FF8 
 100      9396 4C15 
 101 00a8 F954 CBBE 		.ascii	"\371T\313\276uh\031\206e\0067\310\310J\274\304^\3769\363O\216"
 101      7568 1986 
 101      6506 37C8 
 101      C84A BCC4 
 101      5EFE 39F3 
 102 00be 8DB8 845B 		.ascii	"\215\270\204[\311\211a\272\243\207\332![\366@\270\303\274e\237"
 102      C989 61BA 
 102      A387 DA21 
 102      5BF6 40B8 
 102      C3BC 659F 
 103 00d2 DEB0 9B0F 		.ascii	"\336\260\233\017\r&\335\n}\031\226\357\322Z\330L\326W\342\264"
 103      0D26 DD0A 
 103      7D19 96EF 
 103      D25A D84C 
 103      D657 E2B4 
 104 00e6 D588 E234 		.ascii	"\325\210\3424I\322f\264\272\335\212\332[\355\215Fsm)\246_\266"
 104      49D2 66B4 
 104      BADD 8ADA 
 104      5BED 8D46 
 104      736D 29A6 
 105 00fc D958 38   		.ascii	"\331X8"
 106               		.text
 107               		.section	.gnu.lto_matrix_power_up.3f43a7eb9d8ccd66,"",@progbits
 108 0000 789C 6363 		.string	"x\234cc``\250\005b\005 \226\006bFf\006F\246\t\347\030\030\0329\230\030\031A\214\006\016F\
 108      6060 A805 
 108      6205 2096 
 108      0662 4666 
 108      0646 A609 
 109 0035 0407 A64F 		.string	"\004\007\246O\341\336\323p\241\201y\0163\003\3034 \006\001\306\315\214\232\f@u\2176\376\2
 109      E1DE D370 
 109      A181 790E 
 109      3303 C334 
 109      2006 01C6 
 110 00af 00        		.string	""
 111 00b0 FE90 35BF 		.ascii	"\376\2205\277"
 112               		.text
 113               		.section	.gnu.lto_matrix_power_down.3f43a7eb9d8ccd66,"",@progbits
 114 0000 789C 6363 		.string	"x\234cc``\250\005b\005 \226\006bFf\006F\246\t\347\030\030\0329\230\030\031A\214\006\016F\
 114      6060 A805 
 114      6205 2096 
 114      0662 4666 
 114      0646 A609 
 115 0035 0407 A64F 		.string	"\004\007\246O\343\336\323p\241\201y\0163\003\3034 \006\001\306\315\214\232\f@u\2176\376\2
 115      E3DE D370 
 115      A181 790E 
 115      3303 C334 
 115      2006 01C6 
 116 00af 00        		.string	""
 117 00b0 04B5 35D1 		.ascii	"\004\2655\321"
 118               		.text
 119               		.section	.gnu.lto_suspend_wakeup_condition.3f43a7eb9d8ccd66,"",@progbits
 120 0000 789C 6D92 		.ascii	"x\234m\222\317k\023A\024\307\337wfg\263&\215\240HOQT\350\241"
 120      CF6B 1341 
 120      14C7 DF77 
 120      6667 B326 
 120      8DA0 484F 
 121 0018 528C E0D5 		.ascii	"R\214\340\325\377E%\366$i$U\257\031\233j\033\264P\320\256%\354"
 121      FF45 25F6 
 121      2469 2455 
 121      AF19 9B6A 
 121      1BB4 50D0 
 122 002f 21E8 413C 		.ascii	"!\350A<\210V\323\324\324V7\255\024\021\261R\360\224\203\277#"
 122      8856 D3D4 
 122      D456 37AD 
 122      1411 B152 
 122      F094 83BF 
 123 0044 4808 2822 		.ascii	"H\b(\"\250\030}3\353\217\b]\330\235\341\355\367}\346\373\336"
 123      A818 7D33 
 123      EB8F 085D 
 123      D89D E1ED 
 123      F77D E6FB 
 124 0059 1B97 886E 		.ascii	"\033\227\210n\t\242\275\274\036\341\0271\202\230~Jt\306\023P"
 124      09A2 BDBC 
 124      1EE1 1731 
 124      8298 7E4A 
 124      74C6 1350 
 125 006d D146 0AB7 		.ascii	"\321F\n\267\243H\307\235+\217\210t\237\023\305\033\236\022r\252"
 125      A348 C79D 
 125      2B8F 8874 
 125      9F13 C51B 
 125      9E12 72AA 
 126 0081 C191 B85B 		.ascii	"\301\221\270[Lr\334\005L\\{\240\202\220\216rQ\020\212\020\002"
 126      4C72 DC05 
 126      4C5C 7BA0 
 126      8290 8E72 
 126      5110 8A10 
 127 0096 CA7E C83C 		.ascii	"\312~\310<\027\344%\211\2133\323/\266\016^\323zL\207\227g\023"
 127      17E4 2589 
 127      8B33 D32F 
 127      B60E 5ED3 
 127      7A4C 8797 
 128 00ac 4B93 CFB4 		.ascii	"K\223\317\264\f$\221/\t\007S8\2202F\356`\220X\373z\256;\223t"
 128      0C24 912F 
 128      0907 5338 
 128      9032 46EE 
 128      6090 58FB 
 129 00c5 1DF3 8F83 		.ascii	"\035\363\217\203U\270\340\340\363\352\3435\310=0\002\377\372"
 129      55B8 E0E0 
 129      F3EA E335 
 129      C83D 3002 
 129      FFFA 
 130 00d7 C36E 72E0 		.ascii	"\303nr\340\252\205\255\335\330\261\242\365\254v\002\t\314C\366"
 130      AA85 ADDD 
 130      D8B1 A2F5 
 130      AC76 0209 
 130      CC43 F6
 131 00ea 02A9 8786 		.ascii	"\002\251\207\206\032\006,\214\221\013\214\344\305\204nn\250P"
 131      1A06 2C8C 
 131      910B 8CE4 
 131      C584 6E6E 
 131      A850 
 132 00fc 777F 4EE8 		.ascii	"w\177N\350\2605\364\275\332\331\336\007\n\244\020d\376I\336R"
 132      B035 F4BD 
 132      DAD9 DE07 
 132      0AA4 1064 
 132      FE49 DE52 
 133 0110 C26E 8926 		.ascii	"\302n\211&\331\314\347m:\244\222\024\274)\206\324F\261\262\340"
 133      D9CC E76D 
 133      3AA4 9214 
 133      BC29 86D4 
 133      46B1 B2E0 
 134 0124 2BCB E473 		.ascii	"+\313\344s\352\365v3V\370\241\275@\262\t\303\277\213\002\023"
 134      EAF5 7633 
 134      56F8 A1BD 
 134      40B2 09C3 
 134      BF8B 0213 
 135 0138 1C2B ACF7 		.ascii	"\034+\254\367o\242S>\263\bu\253s\255ny3\035\363\370t,\376\346"
 135      6FA2 533E 
 135      B308 75AB 
 135      73AD 6E79 
 135      331D F3F8 
 136 0150 B530 5679 		.ascii	"\2650Vy\343\357\263e\2607\323\220\263+\353\261\363\322\264\200"
 136      E3EF B365 
 136      B037 D390 
 136      B32B EBB1 
 136      F3D2 B480 
 137 0164 700F A6F6 		.ascii	"p\017\246\366\022\247\360\250\254\317\361\312{\177\247\221\227"
 137      12A7 F0A8 
 137      ACCF F1CA 
 137      7B7F A791 
 137      97
 138 0175 25FE 27C7 		.ascii	"%\376'\307|\346\021\226\230\\\226\"\220\036\275\303xs\365-\376"
 138      7CE6 1196 
 138      985C 9622 
 138      901E BDC3 
 138      7873 F52D 
 139 018a A9FF B2B7 		.ascii	"\251\377\262\2670{\031Q_K\234\026\034b\370\007\024\375sS\315"
 139      307B 1951 
 139      5F4B 9C16 
 139      1C62 F807 
 139      14FD 7353 
 140 019f B688 1212 		.ascii	"\266\210\022\022L\341\234\371\211's\361\310\017p\237s\330\362"
 140      4CE1 9CF9 
 140      8927 73F1 
 140      C80F 709F 
 140      73D8 F2
 141 01b2 EE3F 7E59 		.ascii	"\356?~Ye\t\212\370\3560\242\205\250\335\234jN__\035\212X\006"
 141      6509 8AF8 
 141      EE30 A285 
 141      A8DD 9C6A 
 141      4E5F 5F1D 
 142 01c9 D478 79FB 		.ascii	"\324xy\373c\"\0029x\020\035\376\005\302\324(6\342Lr>\3653\312"
 142      6322 0239 
 142      7810 1DFE 
 142      05C2 D428 
 142      36E2 4C72 
 143 01e1 8D26 D261 		.ascii	"\215&\322aR\331\264\2125\262\327\006\317\232\357cJ.\326\276:"
 143      52D9 B48A 
 143      35B2 D706 
 143      CF9A EF63 
 143      4A2E D6BE 
 144 01f6 BD25 1197 		.ascii	"\275%\021\227\324@J}\253\275\002O\030\214\341\201\354:\231=~"
 144      D440 4A7D 
 144      ABBD 024F 
 144      188C E181 
 144      EC3A 993D 
 145 020b 3893 CB0F 		.ascii	"8\223\313\017\2473\271l67\222>z:\237\036=5zbx\344\330\376\f!"
 145      A733 B96C 
 145      3637 923E 
 145      7A3A 9F1E 
 145      3D35 7A62 
 146 0225 FF0B CECF 		.ascii	"\377\013\316\317\350\246"
 146      E8A6 
 147               		.text
 148               		.section	.gnu.lto_suspend_wakeup_init_user.3f43a7eb9d8ccd66,"",@progbits
 149 0000 789C 6363 		.string	"x\234cc``\250\005b\005 \226\006bFf\006F\246\t\347\030\030\0329\230\030\031A\214\006\016F\
 149      6060 A805 
 149      6205 2096 
 149      0662 4666 
 149      0646 A609 
 150 0035 0407 A65F 		.string	"\004\007\246_\341\336\323p\241\201y\0163\003\3034 \006\001\306\315\214\232\f@u\2176\376\2
 150      E1DE D370 
 150      A181 790E 
 150      3303 C334 
 150      2006 01C6 
 151 00af 00        		.string	""
 152 00b0 242E 3608 		.ascii	"$.6\b"
 153               		.text
 154               		.section	.gnu.lto_suspend_wakeup_init_kb.3f43a7eb9d8ccd66,"",@progbits
 155 0000 789C 6363 		.string	"x\234cc``X\006\304\n@,\r\304\214\314\f\214L\023\316104r012\202\030\r\034\214\f\365L\214\3
 155      6060 5806 
 155      C40A 402C 
 155      0DC4 8CCC 
 155      0C8C 4C13 
 156 007f C31B C6E6 		.string	"\303\033\306\346\005\357\230\301Z\200\346\354\334\371\3466{\375\337\006\2169\314\214\323\
 156      05EF 98C1 
 156      5A80 E6EC 
 156      DCF9 E636 
 156      7BFD DF06 
 157 00ae E580 FA99 		.string	"\345\200\372\231\030\030\344Jr\263\343\223\363\213R\365\223\363ss\363\363\364\023\313\212
 157      1818 E44A 
 157      72B3 E393 
 157      F38B 52F5 
 157      93F3 7373 
 158 00d4 844A 436E 		.ascii	"\204JCn"
 159               		.text
 160               		.section	.gnu.lto_suspend_wakeup_init.3f43a7eb9d8ccd66,"",@progbits
 161 0000 789C 6D8F 		.string	"x\234m\217\273J\304P\020\206g\316$\331\200\330\013^\330v\033\363&\026\276\200H\334J\262\2
 161      BB4A C450 
 161      1086 67CE 
 161      24D9 80D8 
 161      0B5E D876 
 162 00fc AEC4 7673 		.ascii	"\256\304vs\315`u\311\017\353U\317\017\203 \254y\313\353u\257"
 162      CD60 75C9 
 162      0FEB 55CF 
 162      0F83 20AC 
 162      79CB EB75 
 163 0111 D16A AC55 		.ascii	"\321j\254Uk+\363>}\0034\376xo"
 163      6B2B F33E 
 163      7D03 34FE 
 163      786F 
 164               		.text
 165               		.section	.gnu.lto___vector_12.3f43a7eb9d8ccd66,"",@progbits
 166 0000 789C 8D52 		.ascii	"x\234\215RMkSA\024\275g\346\345c\223\200;\005-\005W\355\302l"
 166      4D6B 5341 
 166      14BD 67E6 
 166      E563 9380 
 166      3B05 2D05 
 167 0018 FC1D FE05 		.ascii	"\374\035\376\005\221\330\225\244\221V\335f^cm\252.J\320\227R"
 167      91D8 95A4 
 167      9156 DD66 
 167      5E63 6DAA 
 167      2E4A D097 
 168 002d 527D AEB2 		.ascii	"R}\256\262\322P\372\241\317\217\372\310\306\235\202\232\215\202"
 168      D250 FAA1 
 168      CF8F FAC8 
 168      C69D 829A 
 168      8D82 
 169 003f A00B 31A1 		.ascii	"\240\0131\241D\\\210\212Z=\367\275\372\201+\007f\346\276;\347"
 169      445C 888A 
 169      5A3D F7BD 
 169      FA81 2B07 
 169      66E6 BE3B 
 170 0054 9E73 CFCC 		.ascii	"\236s\317\314\313\212H\311\210\214s?\312\211\214\300,=\026\361"
 170      CB8A 48C9 
 170      888C 733F 
 170      CA89 8CC0 
 170      2C3D 16F1 
 171 0068 F3C6 789F 		.ascii	"\363\306x\237\017\213\313\333\345I]\341\245i\017\320\300\345"
 171      0F8B CBDB 
 171      E549 5DE1 
 171      A569 0FD0 
 171      C0E5 
 172 007a 2135 633D 		.ascii	"!5c=\324p\331^\261\350-\274\215\314D\307q\304\255\027E\337\315"
 172      D470 D95E 
 172      B1E8 2DBC 
 172      8DCC 44C7 
 172      71C4 AD17 
 173 0091 EF6F 5B91 		.ascii	"\357o[\221\200S\007\3261!\204\275Y\333\275Z\310zi\036\033\310"
 173      8053 07D6 
 173      3121 84BD 
 173      59DB BD5A 
 173      C87A 691E 
 174 00a7 0A18 749F 		.ascii	"\n\030t\237fb\267\373c\301\305\337n\340\353\261\034\244ma\270"
 174      6662 B7FB 
 174      63C1 C5DF 
 174      6EE0 EBB1 
 174      1CA4 6D61 
 175 00bc 18AB 8B48 		.ascii	"\030\253\213H\203p\252\272X\026\371\311\250\036\313\020s\301"
 175      8370 AABA 
 175      5816 F9C9 
 175      A81E CB10 
 175      73C1 
 176 00ce A0DB 81B2 		.ascii	"\240\333\201\262\254X\220<\230\357=\311]\262mk\241ZQ\264\363"
 176      AC58 903C 
 176      98EF 3DC9 
 176      5DB2 6D6B 
 176      A15A 51B4 
 177 00e3 3257 FBEE 		.ascii	"2W\373\356\362L\204\252\307\334F\375C\263\030\342\032\332l}\213"
 177      F24C 84AA 
 177      C7DC 46FD 
 177      43B3 18E2 
 177      1ADA 6C7D 
 178 00f8 CD6F E220 		.ascii	"\315o\342 \033\271\215\0202@}\374\017\331\315g\327Ghb\311?\357"
 178      1BB9 8D10 
 178      3240 7DFC 
 178      0FD9 CD67 
 178      D747 6862 
 179 010f 5CF8 7EF5 		.ascii	"\\\370~\365\200\272\221\226\325vq\207\007\204tw\242/\005\325"
 179      80BA 9196 
 179      D576 7187 
 179      0784 7477 
 179      A22F 05D5 
 180 0123 43A2 D76F 		.ascii	"C\242\327o\256m\027~U\274>\304\002Ddo\251\001\301]\326p_\264"
 180      AE6D 177E 
 180      55BC 3EC4 
 180      0244 646F 
 180      A901 C15D 
 181 013b 5696 27D9 		.ascii	"V\226'\331\376;\370\211\232\036\017\321\013\006Q\247\230\252"
 181      FE3B F889 
 181      9A1E 0FD1 
 181      0B06 51A7 
 181      98AA 
 182 014d 9BBF AD64 		.ascii	"\233\277\255d\376\265\222\t\311\240\271\321\307\376\255\002\255"
 182      FEB5 9209 
 182      C9A0 B9D1 
 182      C7FE AD02 
 182      AD
 183 015e F88E 66B2 		.ascii	"\370\216f\262\270O3\367\0223\017\324\314\020\365\340\302\336"
 183      B84F 33F7 
 183      1233 0FD4 
 183      CC10 F5E0 
 183      C2DE 
 184 0170 DDD8 94B3 		.ascii	"\335\330\224\263\361\350U\037\312i\260\017\333\204R\366\371\305"
 184      F1E8 551F 
 184      CA69 B00F 
 184      DB84 52F6 
 184      F9C5 
 185 0182 04F3 7F12 		.ascii	"\004\363\177\022\017\177K\304\224XQ\020\375x{\357ACzO\251'\310"
 185      0F7F 4BC4 
 185      9458 5110 
 185      FD78 7BEF 
 185      4143 7A4F 
 186 0199 0873 E1A7 		.ascii	"\bs\341\247\325\204=\371\003\032\314\021\310\273\030;S9u\274"
 186      D584 3DF9 
 186      031A CC11 
 186      C8BB 183B 
 186      5339 75BC 
 187 01ad 5C9D 992A 		.ascii	"\\\235\231*\225\253\225Ju\272t\342\334Li\366\354\354\351\251"
 187      95AB 954A 
 187      75BA 74E2 
 187      DC4C 69F6 
 187      ECEC E9A9 
 188 01c1 E993 47CA 		.ascii	"\351\223G\312\362\023\373v\302\315"
 188      F213 FB76 
 188      C2CD 
 189               		.text
 190               		.section	.gnu.lto_.symbol_nodes.3f43a7eb9d8ccd66,"",@progbits
 191 0000 789C 55CE 		.string	"x\234U\316;N\0031\024\205\341sm\306\223\311\fL\022\240\241B\254\004Vv\0342\020\240b\rQZ\0
 191      3B4E 0331 
 191      1485 E173 
 191      6DC6 93C9 
 191      0C4C 12A0 
 192 0024 1D28 523A 		.string	"\035(R:\326"
 192      D600 
 193 002a 1125 2D84 		.string	"\021%-\204g\300\366\b\224\333\370\227\277k[v"
 193      67C0 F608 
 193      94DB F897 
 193      BF6B 5B76 
 193      00
 194 003b 9E25 2CE6 		.string	"\236%,\346\005\004.\357\021s\343\217\202\274\202\242e\t\032-\357\240\375\223k\177\353\035
 194      0504 2EEF 
 194      1173 E38F 
 194      82BC 82A2 
 194      6509 1A2D 
 195 0062 D67C 801B 		.ascii	"\326|\200\033\372\332'\230i\371\002\235\226o0\327\262\002;Z~"
 195      FADA 2798 
 195      69F9 029D 
 195      966F 30D7 
 195      B202 3B5A 
 196 0077 C042 8B17 		.ascii	"\300B\213\027v\265\f\205\345\277\f\203d\027b\342\007\245\021"
 196      76B5 0C85 
 196      E5BF 0C83 
 196      6417 62E2 
 196      07A5 11
 197 008a 5669 0278 		.ascii	"Vi\002x\177\030`$\334Tp*\334Rp\"\254\025\234\013{\n\316\204}"
 197      7F18 6024 
 197      DC54 702A 
 197      DC52 7022 
 197      AC15 9C0B 
 198 00a3 0563 E160 		.ascii	"\005c\341`\035\254\021L\036Vbm\017\315|\271gm\215Y\252\301\""
 198      1DAC 114C 
 198      1E56 626D 
 198      0FCD 7CB9 
 198      676D 8D59 
 199 00ba D699 76EE 		.ascii	"\326\231v\356,\356b\213\274\335\027\003\314R;X\244\3661\275\232"
 199      2CEE 628B 
 199      BCDD 1703 
 199      CC52 3B58 
 199      A4F6 31BD 
 200 00cf E7B6 ECB6 		.ascii	"\347\266\354\266\363j\027\323\324\235\366\\\265\215\247\324\032"
 200      F36A 17D3 
 200      D49D F65C 
 200      B58D A7D4 
 200      1A
 201 00e0 CD63 6C89 		.ascii	"\315cl\211I(~\001\347-\202."
 201      4928 7E01 
 201      E72D 822E 
 202               		.text
 203               		.section	.gnu.lto_.refs.3f43a7eb9d8ccd66,"",@progbits
 204 0000 789C 6363 		.string	"x\234cc``\020\001b&f\006\026FFVff^\006VF\006>\026F>6\006"
 204      6060 1001 
 204      6226 6606 
 204      1646 4656 
 204      6666 5E06 
 205 001e 055F 00   		.string	"\005_"
 206 0021 6B        		.ascii	"k"
 207               		.text
 208               		.section	.gnu.lto_.decls.3f43a7eb9d8ccd66,"",@progbits
 209 0000 789C 9557 		.string	"x\234\225W{PS\331\031\277\347\236\0040\t\340\342\326\245\035\334Z\035\253v,\361\321\251\3
 209      7B50 53D9 
 209      19BF E79E 
 209      0430 09E0 
 209      E2D6 A51D 
 210 00a9 F216 6490 		.string	"\362\026d\220p\002)&\002\357a\320\216"
 210      7002 2926 
 210      02EF 61D0 
 210      8E00 
 211 00b7 1985 84A0 		.ascii	"\031\205\204\240\347_\320\017\203v>\267\037\0072\006\306>\004"
 211      E75F D00F 
 211      8376 3EB7 
 211      1F07 3206 
 211      C63E 04
 212 00ca D172 2CE2 		.ascii	"\321r,\342\376\f}V 67_PpgC\340Vs\037\b\356\247\360^\311\307E"
 212      FE0C 7D56 
 212      2036 375F 
 212      5070 6743 
 212      E056 731F 
 213 00e6 1E5F 289D 		.ascii	"\036_(\235\365\200\0339\304\257\261*\277\306\203\314\203\261"
 213      F580 1B39 
 213      C4AF B12A 
 213      BFC6 83CC 
 213      83B1 
 214 00f8 09D0 FE0D 		.ascii	"\t\320\376\r\332\311\320\376\002\244Lec\f\367_\313s\370\204\347"
 214      DAC9 D0FE 
 214      02A4 4C65 
 214      630C F75F 
 214      CB73 F884 
 215 010d 89D8 8C47 		.ascii	"\211\330\214G\314\276\234\027\365\223\251\312\211\314E\270\211"
 215      CCBE 9C17 
 215      F593 A9CA 
 215      89CC 45B8 
 215      89
 216 011e 1F65 1C43 		.ascii	"\037e\034C\342\251\021\224\365\031\372l\r\221\233\332\020\270"
 216      E2A9 1194 
 216      F519 FA6C 
 216      0D91 9BDA 
 216      10B8 
 217 0130 9D21 70F5 		.ascii	"\235!p\365!pG`B\007m#\317\307<\225oFh\337@;\025\332~h{\005%\356"
 217      2170 4760 
 217      4207 6D23 
 217      CFC7 3C95 
 217      6F46 68DF 
 218 014e 1BDC EE5B 		.ascii	"\033\334\356[\316;\020\202\373\233\020>\264\204\300\225\375\300"
 218      CE3B 1082 
 218      FB9B 103E 
 218      B484 C095 
 218      FDC0 
 219 0160 3ADE 1E46 		.ascii	":\336\036F\347\f\340\"\270N\\\b\237\3455#\017\311\271O`5Kj\227"
 219      E70C E022 
 219      B84E 5C08 
 219      9FE5 3523 
 219      0FC9 B94F 
 220 0179 D470 27E7 		.ascii	"\324p'\347\036\3724\300|\270\212w\242\300j\202\344f\032\2641"
 220      1EFA 34C0 
 220      7CB8 8A77 
 220      A2C0 6A82 
 220      E466 1AB4 
 221 018e AADA 25FB 		.ascii	"\252\332%\373C#\260u\236\0162#\304>\330\210Qa\306\275\274\210"
 221      4323 B075 
 221      9E0E 3223 
 221      C43E D888 
 221      5161 C6BD 
 222 01a4 5518 C5E9 		.ascii	"U\030\305\351\320 \"\375'%\375\221\254O\247K.6#,\322\367\366"
 222      D020 22FD 
 222      2725 FD91 
 222      AC4F A74B 
 222      2E36 232C 
 223 01bb 8CF2 DDDA 		.ascii	"\214\362\335\332\370C\022{\"\376 \240\343\b\313<y;\016\234\213"
 223      F843 127B 
 223      22FE 20A0 
 223      E308 CB3C 
 223      793B 0E9C 
 224 01d0 C493 0950 		.ascii	"\304\223\tP\354\312\357\337\020\216&\351\366\021\\E]\363'w2$"
 224      ECCA EFDF 
 224      108E 26E9 
 224      F611 5C45 
 224      5DF3 2777 
 225 01e6 4944 2548 		.ascii	"ID%H\207\276A\030\235@\361\304\3078\262\262^IJ\225*r%\034+\240"
 225      87BE 4118 
 225      9D40 F1C4 
 225      C738 B2B2 
 225      5E49 4A95 
 226 0200 1971 686A 		.ascii	"\031qhj\234\200N\242I\304:A\241c(\016\035E0\b\272`\344D\315@"
 226      9C80 4EA2 
 226      49C4 3A41 
 226      A163 280E 
 226      1D45 3008 
 227 021a 8FBE 0DDD 		.ascii	"\217\276\r\335B\340\220\034*\342\r\242\302\372\210v\241e8y\b"
 227      42E0 901C 
 227      2AE2 0DA2 
 227      C2FA 8876 
 227      A165 3879 
 228 022f 7198 20BF 		.ascii	"q\230 \277s\024\033\027e:\372\207\004\3166(?\214\231C\024:2&"
 228      7314 1B17 
 228      653A FA87 
 228      04CE 3628 
 228      3F8C 9943 
 229 0247 CA09 65EC 		.ascii	"\312\te\354\034\006\343\024\253b`\274*\363jzf;hZ\035$\342\231"
 229      1C06 E314 
 229      AB62 60BC 
 229      2AF3 6A7A 
 229      663B 685A 
 230 025f 2EDB B73C 		.ascii	".\333\267<\t\333\350\212<(\270v5R\003\326in\035\0322\326\227"
 230      09DB E88A 
 230      3C28 B876 
 230      3552 03D6 
 230      696E 1D1A 
 231 0276 F626 0BC7 		.ascii	"\366&\013\307f\321\324K\322H\204\346\217\346\231\025P\031\212"
 231      66D1 D44B 
 231      D248 84E6 
 231      8FE6 9915 
 231      5019 8A
 232 0289 85DF 6F91 		.ascii	"\205\337o\221\2061\275=Y\225\202\306\345J\271>\251\242w\373\224"
 232      8631 BD3D 
 232      5995 82C6 
 232      E54A B93E 
 232      A9A2 77FB 
 233 029e FB2B 2529 		.ascii	"\373+%)\r\3244\004\207N)+u\212.3*Em\340Q9\032GT\275\305\2218"
 233      0DD4 3404 
 233      874E 292B 
 233      758A 2E33 
 233      2A45 6DE0 
 234 02bb 1351 2F6A 		.ascii	"\023Q/j[\375\207\264\270\200u\212r\3364D\200K\250\202*\301\210"
 234      5BFD 87B4 
 234      B880 758A 
 234      72DE 3444 
 234      804B A882 
 235 02d2 6F55 A14F 		.ascii	"oU\241O?\214C\225\324!"
 235      3F8C 4395 
 235      D421 
 236 02dc 07F7 A77A 		.string	"\007\367\247z\303\246z\r\370\343\253\220*\232\263c\033%){\235$\215%(tZv\007\235A\032\322S
 236      C3A6 7A0D 
 236      F8E3 AB90 
 236      2A9A B363 
 236      1B25 297B 
 237 03dd 720D CE83 		.string	"r\r\316\203-R\004\035\331\"yII\221\327}\362\271$\220.\272\312\217&\346\370\271\362\312\27
 237      2D52 041D 
 237      D922 7949 
 237      4991 D77D 
 237      F2B9 2490 
 238 0413 841A 9465 		.ascii	"\204\032\224eiP\307w\203\306\267\241\351\302\256H\274_\034&u"
 238      6950 C777 
 238      83C6 B7A1 
 238      E9C2 AE48 
 238      BC5F 1C26 
 239 0428 5B3A DB33 		.ascii	"[:\3333\243x\352\256\306\007\245\356\273@\352nB\352\276SS\267"
 239      A378 EAAE 
 239      C607 A5EE 
 239      BB40 EA6E 
 239      42EA BE53 
 240 043e B0FA DBD9 		.ascii	"\260\372\333\331]\245\301\025\303Qomk\220\2429u\2451\210\272"
 240      5DA5 C115 
 240      C351 6F6D 
 240      6B90 A239 
 240      75A5 3188 
 241 0453 3540 7D0B 		.ascii	"5@}\013\250[\325\324\267)uZ\373\333c\030_g\324\255\007[\353\344"
 241      A85B D5D4 
 241      B729 755A 
 241      FBDB 6318 
 241      5F67 D4AD 
 242 046b 9A7C 5A18 		.ascii	"\232|Z\030\\\223mJ\360mj\032\037\245\251;q\272\"\002?f4Y\207"
 242      5C93 6D4A 
 242      F06D 6A1A 
 242      1FA5 A93B 
 242      71BA 2202 
 243 0484 4F15 E971 		.ascii	"O\025\351q/\353\254o\277\354\327\022w\357\312\356\036\252\334"
 243      2FEB AC6F 
 243      BFEC D712 
 243      77EF CAEE 
 243      1EAA DC
 244 0497 5CA3 C7EF 		.ascii	"\\\243\307\357\330t[\267\377\257d\366\036\314\242vDO\260UG\362"
 244      D874 5BB7 
 244      FFAF 64F6 
 244      1ECC A276 
 244      444F B055 
 245 04ad CB44 9C86 		.ascii	"\313D\234\206)\240)"
 245      29A0 29
 246 04b4 3BEB 2422 		.string	";\353$\"\210\373\004\321\301\020\245G\253\252\002\216\226\212\031\322\231\024XX\346\350\2
 246      88FB 04D1 
 246      C110 A547 
 246      ABAA 028E 
 246      968A 19D2 
 247 05b5 93CC 487A 		.ascii	"\223\314Hzj\323}\255z\323\022\240\274i\373\351\246}*\337d\305"
 247      6AD3 7DAD 
 247      7AD3 12A0 
 247      BC69 FBE9 
 247      A67D 2ADF 
 248 05cb F796 576A 		.ascii	"\367\226Wj\370:\234\317\216k\220rc\t\004\371\025^\277\274\n\003"
 248      F83A 9CCF 
 248      8E6B 9072 
 248      6309 04F9 
 248      155E BFBC 
 249 05e1 7415 76DD 		.ascii	"t\025v\335x\\\031\211whh\022\253\253r\252\243\324\246JT\246\336"
 249      785C 1989 
 249      7768 6812 
 249      ABAB 72AA 
 249      A3D4 A64A 
 250 05f8 049D 0F5D 		.ascii	"\004\235\017]\035\376\303\210[j\336\2043\244JD\020\350\265b\351"
 250      1DFE C388 
 250      5B6A DE84 
 250      33A4 4A44 
 250      10E8 B562 
 251 060d B56C E92D 		.ascii	"\265l\351-\265\324Y|\2750\n\3473K\035\365}'\302\270\372\213\265"
 251      B5D4 597C 
 251      BD30 0AE7 
 251      334B 1DF5 
 251      7D27 C2B8 
 252 0624 B885 161C 		.ascii	"\270\205\026\034\321\177\247\350\277\223\365\007\251~j\335\331"
 252      D17F A7E8 
 252      BF93 F507 
 252      A97E 6ADD 
 252      D9
 253 0635 975A DCCC 		.ascii	"\227Z\334\314\364\217\275{\324 \233o\351\373\270\211\004J\252"
 253      F48F BD7B 
 253      D420 9B6F 
 253      E9FB B889 
 253      044A AA
 254 0648 5E12 03EA 		.ascii	"^\022\003\352\360\312\324SD\242^\364\352J\001\306\035L=k\355"
 254      F0CA D453 
 254      44A2 5EF4 
 254      EA4A 01C6 
 254      1D4C 3D6B 
 255 065d AD1E CCD5 		.ascii	"\255\036\314\325\037l\307\345g3%o\030\275\206Q\252\302\220*3"
 255      1F6C C7E5 
 255      6733 256F 
 255      18BD 8651 
 255      AAC2 902A 
 256 0672 A451 8694 		.ascii	"\244Q\206\224\374\243\3275x\215\2262\274N\257\315\327\352\274"
 256      FCA3 D735 
 256      788D 9632 
 256      BC4E AFCD 
 256      D7EA BC
 257 0685 E44B E1BF 		.ascii	"\344K\341\277\177\266\001\376E\346\205w\342\204\335\322\036\300"
 257      7FB6 01FE 
 257      45E6 8577 
 257      E284 DDD2 
 257      1EC0 
 258 0697 F7E6 E303 		.ascii	"\367\346\343\003UkS\245;PY\031\242\016\2453\223\201L\247\023"
 258      556B 53A5 
 258      3B50 5919 
 258      A20E A533 
 258      9381 4CA7 
 259 06ac BB68 B938 		.ascii	"\273h\2718\201\\\027iwO\350\240\220\311J\320\235\226\325:\240"
 259      815C 1769 
 259      774F E8A0 
 259      90C9 4AD0 
 259      9D96 D53A 
 260 06c1 C1D5 CC89 		.ascii	"\301\325\314\211'\r\227\2525@*U\222\017\227\261[\353\341\206"
 260      270D 97AA 
 260      3540 2A55 
 260      920F 97B1 
 260      5BEB E186 
 261 06d5 0BA3 50EF 		.ascii	"\013\243P\357\020J\322_!\202{_R\326\347%^\237\03671\226\206\364"
 261      104A D25F 
 261      2182 7B5F 
 261      52D6 E725 
 261      5E9F 1E37 
 262 06ed A21C CCB6 		.ascii	"\242\034\314\266\216\006\272\317j\267\264G\261\2553\026\272\267"
 262      8E06 BACF 
 262      6AB7 B447 
 262      B1AD 3316 
 262      BAB7 
 263 06ff AAF3 F2C9 		.ascii	"\252\363\362\311\354D\035\375\200\213V\355\303\211\314\245\274"
 263      EC44 1DFD 
 263      808B 56ED 
 263      C389 CCA5 
 263      BC
 264 0710 3DEB 7785 		.ascii	"=\353w\205a\037%\0233\032W\366\250\277y\371\006Z\017a\256U2;"
 264      611F 2513 
 264      331A 57F6 
 264      A8BF 79F9 
 264      065A 0F61 
 265 0728 31F0 CDDB 		.ascii	"1\360\315\333-I# y_\211qh\025\361o\2358\211\360\322\364\255\201"
 265      2D49 2320 
 265      795F 8971 
 265      6815 F16F 
 265      9D38 89F0 
 266 0740 C1D5 224D 		.ascii	"\301\325\"M_N\377f\277\216\245\373\177\3248w\254\243.\212'\274"
 266      5F4E FF66 
 266      BF8E A5FB 
 266      7FD4 3877 
 266      ACA3 2E8A 
 267 0756 AE0C 5F79 		.ascii	"\256\f_y\231#y\227\217D_\203#+yrd\n\201\214\300\357\006\232\233"
 267      9923 7997 
 267      8F44 5F83 
 267      232B 7972 
 267      640A 818C 
 268 076f 7BAF 0B4A 		.ascii	"{\257\013J\243X:\302\240\3738\353\346SL,KlS\223qy[\013(S\204"
 268      A358 3AC2 
 268      A0FB 38EB 
 268      E653 4C2C 
 268      4B6C 5393 
 269 078a 4890 310E 		.ascii	"H\2201\016mdV_\256\314\350\345\271\f\207\356\201\3739k\f,\227"
 269      6D64 565F 
 269      AECC E8E5 
 269      B90C 87EE 
 269      81FB 396B 
 270 07a1 B3A0 7BAD 		.ascii	"\263\240{\255\257l\300\200S\303\350u\337v\364\301\032\270\347"
 270      AF6C C080 
 270      53C3 E875 
 270      DF76 F4C1 
 270      1AB8 E7
 271 07b4 E1AE D781 		.ascii	"\341\256\327\201\250\256\355\255\340b\266\030\270\266\351\335"
 271      A8AE EDAD 
 271      E062 B618 
 271      B8B6 E9DD 
 272 07c4 DEFD 6F32 		.ascii	"\336\375o2\034\352\337\204\315\020\376V"
 272      1CEA DF84 
 272      CD10 FE56 
 273 07d0 EA45 0E84 		.ascii	"\352E\016\204\263Ed\037\005d\204\374\253R\323\371(:f\035!\206"
 273      B345 641F 
 273      0564 84FC 
 273      AB52 D3F9 
 273      283A 661D 
 274 07e6 9F4F 11E5 		.ascii	"\237O\021\345\336\004\270,\032\36661F\216\201vHelz\233\2437\254"
 274      DE04 B82C 
 274      1AF6 3631 
 274      468E 8176 
 274      4865 6C7A 
 275 07fe 0C9C 61B4 		.ascii	"\f\234a\264@\225x\267\213\006\272#\240\005\360M\377\336u\006"
 275      4095 78B7 
 275      8B06 BA23 
 275      A005 F04D 
 275      FFDE 7506 
 276 0812 3598 6C20 		.ascii	"5\230l \005\274\203\203w\0200\376\326w\376\232\201\306\n\177"
 276      05BC 8383 
 276      7710 30FE 
 276      D677 FE9A 
 276      81C6 0A7F 
 277 0826 5E7E C628 		.ascii	"^~\306(\201\b(\227F\261\023\274\333E\243 \230\006D\207Y\016>"
 277      8108 2897 
 277      46B1 13BC 
 277      DB45 A320 
 277      9806 4487 
 278 083d A1EF E487 		.ascii	"\241\357\344\207|\310\346u\347D\252m\223\262Wl\357\346\266wS"
 278      7CC8 E675 
 278      E744 AA6D 
 278      93B2 576C 
 278      EFE6 B677 
 279 0852 470F B697 		.ascii	"G\017\266\227\326\032\206]\304=\362\"N\245k\370\325\253'{4,i"
 279      D61A 865D 
 279      C43D F222 
 279      4EA5 6BF8 
 279      D5AB 277B 
 280 0869 F581 A429 		.ascii	"\365\201\244)\350\2754i{X\322\366\322\244\345\016\326\354\035"
 280      E8BD 3469 
 280      7B58 D2F6 
 280      D2A4 E50E 
 280      D6EC 1D
 281 087c BE46 F6C9 		.ascii	"\276F\366\311\364\317\331QP\371\274h\277\201\325\b\271\325\236"
 281      F4CF D951 
 281      50F9 BC68 
 281      BF81 D508 
 281      B9D5 9E
 282 088f A677 F8F8 		.ascii	"\246w\370\370U\025\013\335\306\007\317f2\343\276\200\361\003"
 282      5515 0BDD 
 282      C607 CF66 
 282      32E3 BE80 
 282      F103 
 283 08a1 9093 FD74 		.ascii	"\220\223\375t\305\362\250\361}\314x\0365\356\337\345\357\306"
 283      C5F2 A8F1 
 283      7DCC 781E 
 283      35EE DFE5 
 283      EFC6 
 284 08b3 EA44 9405 		.ascii	"\352D\224\005-\302A\236\210\2034\021\331\203\317n\213x\005\255"
 284      2DC2 419E 
 284      8883 3411 
 284      D983 CF6E 
 284      8B78 05AD 
 285 08c7 4074 BCEF 		.ascii	"@t\274\357@\233\006o`\235\202\213\257\n\f\344\003\343\220\310"
 285      409B 066F 
 285      609D 828B 
 285      AF0A 0CE4 
 285      03E3 90C8 
 286 08db 3F50 CEA7 		.ascii	"?P\316\247\226\324\311_\370]\227\307\017\326fJ\322rIJG\357\323"
 286      96D4 C95F 
 286      F85D 97C7 
 286      0FD6 664A 
 286      D272 494A 
 287 08f2 75CE 97B7 		.ascii	"u\316\227\2673*\0205\244\247|`\034\246\347\345\303\272\365\205"
 287      332A 1035 
 287      A4A7 7C60 
 287      1CA6 E7E5 
 287      C3BA F585 
 288 0906 41D5 F126 		.ascii	"A\325\361&\310\261B\356X!u\254\311\327\227\032\024E\177\020\270"
 288      C8B1 42EE 
 288      5821 75AC 
 288      C9D7 971A 
 288      1445 7F10 
 289 091b 8883 8B28 		.ascii	"\210\203\213(x\373\361\274\036\244\006\177\035\264BG8\370\b\005"
 289      78FB F1BC 
 289      1EA4 067F 
 289      1DB4 4247 
 289      38F8 0805 
 290 092f DFF6 BF9A 		.ascii	"\337\366\277\2323~'\2557\370\347\356T\261\224\3733\370\327\213"
 290      337E 27AD 
 290      37F8 E7EE 
 290      54B1 94FB 
 290      33F8 D78B 
 291 0943 7E05 B1D3 		.ascii	"~\005\261\323\275X\034O\256\316\264\346\274\b\216\253\374\215"
 291      BD58 1C4F 
 291      AECE B4E6 
 291      BC08 8EAB 
 291      FC8D 
 292 0955 7420 2218 		.ascii	"t \"\030tT\034/\214\361,N4Y\234.\253\321\342\\\274\330\3510\232"
 292      7454 1C2F 
 292      8CF1 2C4E 
 292      3459 9C2E 
 292      ABD1 E25C 
 293 096e 97BA 8CEE 		.ascii	"\227\272\214\356$\367\022\253#!\336\022\361\373?\315\035;\373"
 293      24F7 12AB 
 293      2321 DE12 
 293      F1FB 3FCD 
 293      1D3B FB
 294 0981 A38F 84F0 		.ascii	"\243\217\204\360$\233\3033\313\344\231iLr\273\214v\247\305l7"
 294      249B C333 
 294      CBE4 9969 
 294      4C72 BB8C 
 294      76A7 C56C 
 295 0996 CEB6 DAED 		.ascii	"\316\266\332\355f\027Q\370\345B\213\345\323\231\306\231\361\277"
 295      6617 51F8 
 295      E542 8BE5 
 295      D399 C699 
 295      F1BF 
 296 09a8 8A9F 4A09 		.ascii	"\212\237J\tl\016\213=)\301jt{\022@/~\221`\340\224&[\202\335\372"
 296      6C0E 8B3D 
 296      29C1 6A74 
 296      7B12 402F 
 296      7E91 60E0 
 297 09c2 E10F DA14 		.ascii	"\341\017\332\024>\220\261K\234\311V\227)\301\231\3540%\271\255"
 297      3E90 B14B 
 297      9CC9 5697 
 297      29C1 99EC 
 297      3025 B9AD 
 298 09d6 2E4D B2D5 		.ascii	".M\262\325\234\370\243\020\223\211\013tJ/\346\373\200\350\305"
 298      9CF8 A310 
 298      9389 0B74 
 298      4A2F E6FB 
 298      80E8 C5
 299 09e9 668F CBF6 		.ascii	"f\217\313\366\005\037IZ\362^P\237 be\245ds\2425i\t8\347H\260"
 299      051F 495A 
 299      F25E 509F 
 299      2062 65A5 
 299      6473 A235 
 300 0a03 796C 4E87 		.ascii	"ylN\207\326\364\231\323i\037:ms\330<\324\245\321\241&\022\027"
 300      D6F4 99D3 
 300      691F 3A6D 
 300      73D8 3CD4 
 300      A5D1 A126 
 301 0a19 8C0A 31AC 		.ascii	"\214\n1\2547\231\226Z-\036\247\3134mz\230\333\266\320a\266k\200"
 301      3799 965A 
 301      2D1E A7CB 
 301      346D 7A98 
 301      DBB6 D061 
 302 0a30 2221 C6FA 		.ascii	"\"!\306\372\205\307\352\202\236}\231i\251\315m[`\267\206\333"
 302      85C7 EA82 
 302      9E7D 9969 
 302      A9CD 6D5B 
 302      60B7 86DB 
 303 0a44 AD09 26B7 		.ascii	"\255\t&\267\3253zh\236`\034r\031\271\300lI\264\333\026.\362\020"
 303      D533 7A68 
 303      9E60 1C72 
 303      19B9 C06C 
 303      49B4 DB16 
 304 0a5b 50DC 5050 		.ascii	"P\334PP`\026\240Q<\322\205V\217\311\345L\216 \2538\355\327&\217"
 304      6016 A051 
 304      3CD2 8556 
 304      8FC9 E54C 
 304      8E20 AB38 
 305 0a73 818F C398 		.ascii	"\201\217\303\230\311\363\343\241\fl\022\324\365\034\346\266\230"
 305      C9F3 E3A1 
 305      0C6C 12D4 
 305      F51C E6B6 
 305      98
 306 0a84 1D31 8B9C 		.ascii	"\0351\213\234n\210\315\272l\201\323\354J0\201+\356\017\206*\022"
 306      6E88 CDBA 
 306      6C81 D3EC 
 306      4A30 812B 
 306      EE0F 862A 
 307 0a99 08B1 AA38 		.ascii	"\b\261\2528H\"\217\262\330\255fW@\365{\346\314\026\222i\320\213"
 307      4822 8FB2 
 307      D8AD 6657 
 307      40F5 7BE6 
 307      CC16 9269 
 308 0aaf 9E3B E733 		.ascii	"\236;\3473\323\347\326\2456\213u\216\307\354\261N\266\333\026"
 308      D3E7 D6A5 
 308      368B 758E 
 308      C7EC B14E 
 308      B6DB 16
 309 0ac2 18ED 49FF 		.ascii	"\030\355I\3774\033\3778\367w\2775~\356\262-\265\272\334F@\031"
 309      341B FF38 
 309      F777 BF35 
 309      7EEE B22D 
 309      B5BA DC46 
 310 0ad8 6713 7D78 		.ascii	"g\023}x\371\213\331\235H\034MN\360\230<\266\305Vg\222GOZ\027"
 310      F98B D99D 
 310      481C 4D4E 
 310      F098 3CB6 
 310      C556 6792 
 311 0af0 5848 7278 		.ascii	"XHrxh\3003\246\233<\261C\215R\020hj,\213\314.\252\236`s\233!"
 311      68C0 33A6 
 311      9B3C B143 
 311      8D52 1068 
 311      6A2C 8BCC 
 312 0b0b F9EF 994C 		.ascii	"\371\357\231Lf{\262y\231\033|\267\333\034V\223i\326\377W\363"
 312      667B B279 
 312      991B 7CB7 
 312      DB1C 5693 
 312      69D6 FF57 
 313 0b20 E41D F880 		.ascii	"\344\035\370\200\373?\311\302-\314"
 313      FB3F C9C2 
 313      2DCC 
 314               		.text
 315               		.section	.gnu.lto_.symtab.3f43a7eb9d8ccd66,"",@progbits
 316 0000 7375 7370 		.string	"suspend_idle"
 316      656E 645F 
 316      6964 6C65 
 316      00
 317 000d 00        		.string	""
 318 000e 00        		.string	""
 319 000f 00        		.string	""
 320 0010 00        		.string	""
 321 0011 00        		.string	""
 322 0012 00        		.string	""
 323 0013 00        		.string	""
 324 0014 00        		.string	""
 325 0015 00        		.string	""
 326 0016 00        		.string	""
 327 0017 00        		.string	""
 328 0018 BE00      		.string	"\276"
 329 001a 00        		.string	""
 330 001b 00        		.string	""
 331 001c 7375 7370 		.string	"suspend_power_down_user"
 331      656E 645F 
 331      706F 7765 
 331      725F 646F 
 331      776E 5F75 
 332 0034 00        		.string	""
 333 0035 01        		.ascii	"\001"
 334 0036 00        		.string	""
 335 0037 00        		.string	""
 336 0038 00        		.string	""
 337 0039 00        		.string	""
 338 003a 00        		.string	""
 339 003b 00        		.string	""
 340 003c 00        		.string	""
 341 003d 00        		.string	""
 342 003e 00        		.string	""
 343 003f C300      		.string	"\303"
 344 0041 00        		.string	""
 345 0042 00        		.string	""
 346 0043 7375 7370 		.string	"suspend_power_down_kb"
 346      656E 645F 
 346      706F 7765 
 346      725F 646F 
 346      776E 5F6B 
 347 0059 00        		.string	""
 348 005a 01        		.ascii	"\001"
 349 005b 00        		.string	""
 350 005c 00        		.string	""
 351 005d 00        		.string	""
 352 005e 00        		.string	""
 353 005f 00        		.string	""
 354 0060 00        		.string	""
 355 0061 00        		.string	""
 356 0062 00        		.string	""
 357 0063 00        		.string	""
 358 0064 C600      		.string	"\306"
 359 0066 00        		.string	""
 360 0067 00        		.string	""
 361 0068 7375 7370 		.string	"suspend_power_down"
 361      656E 645F 
 361      706F 7765 
 361      725F 646F 
 361      776E 00
 362 007b 00        		.string	""
 363 007c 00        		.string	""
 364 007d 00        		.string	""
 365 007e 00        		.string	""
 366 007f 00        		.string	""
 367 0080 00        		.string	""
 368 0081 00        		.string	""
 369 0082 00        		.string	""
 370 0083 00        		.string	""
 371 0084 00        		.string	""
 372 0085 00        		.string	""
 373 0086 CA00      		.string	"\312"
 374 0088 00        		.string	""
 375 0089 00        		.string	""
 376 008a 6D61 7472 		.string	"matrix_power_up"
 376      6978 5F70 
 376      6F77 6572 
 376      5F75 7000 
 377 009a 00        		.string	""
 378 009b 01        		.ascii	"\001"
 379 009c 00        		.string	""
 380 009d 00        		.string	""
 381 009e 00        		.string	""
 382 009f 00        		.string	""
 383 00a0 00        		.string	""
 384 00a1 00        		.string	""
 385 00a2 00        		.string	""
 386 00a3 00        		.string	""
 387 00a4 00        		.string	""
 388 00a5 CD00      		.string	"\315"
 389 00a7 00        		.string	""
 390 00a8 00        		.string	""
 391 00a9 6D61 7472 		.string	"matrix_power_down"
 391      6978 5F70 
 391      6F77 6572 
 391      5F64 6F77 
 391      6E00 
 392 00bb 00        		.string	""
 393 00bc 01        		.ascii	"\001"
 394 00bd 00        		.string	""
 395 00be 00        		.string	""
 396 00bf 00        		.string	""
 397 00c0 00        		.string	""
 398 00c1 00        		.string	""
 399 00c2 00        		.string	""
 400 00c3 00        		.string	""
 401 00c4 00        		.string	""
 402 00c5 00        		.string	""
 403 00c6 D000      		.string	"\320"
 404 00c8 00        		.string	""
 405 00c9 00        		.string	""
 406 00ca 7375 7370 		.string	"suspend_wakeup_condition"
 406      656E 645F 
 406      7761 6B65 
 406      7570 5F63 
 406      6F6E 6469 
 407 00e3 00        		.string	""
 408 00e4 00        		.string	""
 409 00e5 00        		.string	""
 410 00e6 00        		.string	""
 411 00e7 00        		.string	""
 412 00e8 00        		.string	""
 413 00e9 00        		.string	""
 414 00ea 00        		.string	""
 415 00eb 00        		.string	""
 416 00ec 00        		.string	""
 417 00ed 00        		.string	""
 418 00ee D800      		.string	"\330"
 419 00f0 00        		.string	""
 420 00f1 00        		.string	""
 421 00f2 7375 7370 		.string	"suspend_wakeup_init_user"
 421      656E 645F 
 421      7761 6B65 
 421      7570 5F69 
 421      6E69 745F 
 422 010b 00        		.string	""
 423 010c 01        		.ascii	"\001"
 424 010d 00        		.string	""
 425 010e 00        		.string	""
 426 010f 00        		.string	""
 427 0110 00        		.string	""
 428 0111 00        		.string	""
 429 0112 00        		.string	""
 430 0113 00        		.string	""
 431 0114 00        		.string	""
 432 0115 00        		.string	""
 433 0116 DB00      		.string	"\333"
 434 0118 00        		.string	""
 435 0119 00        		.string	""
 436 011a 7375 7370 		.string	"suspend_wakeup_init_kb"
 436      656E 645F 
 436      7761 6B65 
 436      7570 5F69 
 436      6E69 745F 
 437 0131 00        		.string	""
 438 0132 01        		.ascii	"\001"
 439 0133 00        		.string	""
 440 0134 00        		.string	""
 441 0135 00        		.string	""
 442 0136 00        		.string	""
 443 0137 00        		.string	""
 444 0138 00        		.string	""
 445 0139 00        		.string	""
 446 013a 00        		.string	""
 447 013b 00        		.string	""
 448 013c DE00      		.string	"\336"
 449 013e 00        		.string	""
 450 013f 00        		.string	""
 451 0140 7375 7370 		.string	"suspend_wakeup_init"
 451      656E 645F 
 451      7761 6B65 
 451      7570 5F69 
 451      6E69 7400 
 452 0154 00        		.string	""
 453 0155 00        		.string	""
 454 0156 00        		.string	""
 455 0157 00        		.string	""
 456 0158 00        		.string	""
 457 0159 00        		.string	""
 458 015a 00        		.string	""
 459 015b 00        		.string	""
 460 015c 00        		.string	""
 461 015d 00        		.string	""
 462 015e 00        		.string	""
 463 015f E000      		.string	"\340"
 464 0161 00        		.string	""
 465 0162 00        		.string	""
 466 0163 5F5F 7665 		.string	"__vector_12"
 466      6374 6F72 
 466      5F31 3200 
 467 016f 00        		.string	""
 468 0170 00        		.string	""
 469 0171 00        		.string	""
 470 0172 00        		.string	""
 471 0173 00        		.string	""
 472 0174 00        		.string	""
 473 0175 00        		.string	""
 474 0176 00        		.string	""
 475 0177 00        		.string	""
 476 0178 00        		.string	""
 477 0179 00        		.string	""
 478 017a E800      		.string	"\350"
 479 017c 00        		.string	""
 480 017d 00        		.string	""
 481 017e 5553 425F 		.string	"USB_DeviceState"
 481      4465 7669 
 481      6365 5374 
 481      6174 6500 
 482 018e 00        		.string	""
 483 018f 02        		.ascii	"\002"
 484 0190 00        		.string	""
 485 0191 00        		.string	""
 486 0192 00        		.string	""
 487 0193 00        		.string	""
 488 0194 00        		.string	""
 489 0195 00        		.string	""
 490 0196 00        		.string	""
 491 0197 00        		.string	""
 492 0198 00        		.string	""
 493 0199 0601 00   		.string	"\006\001"
 494 019c 00        		.string	""
 495 019d 7469 6D65 		.string	"timer_count"
 495      725F 636F 
 495      756E 7400 
 496 01a9 00        		.string	""
 497 01aa 02        		.ascii	"\002"
 498 01ab 00        		.string	""
 499 01ac 00        		.string	""
 500 01ad 00        		.string	""
 501 01ae 00        		.string	""
 502 01af 00        		.string	""
 503 01b0 00        		.string	""
 504 01b1 00        		.string	""
 505 01b2 00        		.string	""
 506 01b3 00        		.string	""
 507 01b4 1301 00   		.string	"\023\001"
 508 01b7 00        		.string	""
 509 01b8 6C65 645F 		.string	"led_set"
 509      7365 7400 
 510 01c0 00        		.string	""
 511 01c1 02        		.ascii	"\002"
 512 01c2 00        		.string	""
 513 01c3 00        		.string	""
 514 01c4 00        		.string	""
 515 01c5 00        		.string	""
 516 01c6 00        		.string	""
 517 01c7 00        		.string	""
 518 01c8 00        		.string	""
 519 01c9 00        		.string	""
 520 01ca 00        		.string	""
 521 01cb EA00      		.string	"\352"
 522 01cd 00        		.string	""
 523 01ce 00        		.string	""
 524 01cf 6261 636B 		.string	"backlight_set"
 524      6C69 6768 
 524      745F 7365 
 524      7400 
 525 01dd 00        		.string	""
 526 01de 02        		.ascii	"\002"
 527 01df 00        		.string	""
 528 01e0 00        		.string	""
 529 01e1 00        		.string	""
 530 01e2 00        		.string	""
 531 01e3 00        		.string	""
 532 01e4 00        		.string	""
 533 01e5 00        		.string	""
 534 01e6 00        		.string	""
 535 01e7 00        		.string	""
 536 01e8 EC00      		.string	"\354"
 537 01ea 00        		.string	""
 538 01eb 00        		.string	""
 539 01ec 6D61 7472 		.string	"matrix_get_row"
 539      6978 5F67 
 539      6574 5F72 
 539      6F77 00
 540 01fb 00        		.string	""
 541 01fc 02        		.ascii	"\002"
 542 01fd 00        		.string	""
 543 01fe 00        		.string	""
 544 01ff 00        		.string	""
 545 0200 00        		.string	""
 546 0201 00        		.string	""
 547 0202 00        		.string	""
 548 0203 00        		.string	""
 549 0204 00        		.string	""
 550 0205 00        		.string	""
 551 0206 FA00      		.string	"\372"
 552 0208 00        		.string	""
 553 0209 00        		.string	""
 554 020a 6D61 7472 		.string	"matrix_scan"
 554      6978 5F73 
 554      6361 6E00 
 555 0216 00        		.string	""
 556 0217 02        		.ascii	"\002"
 557 0218 00        		.string	""
 558 0219 00        		.string	""
 559 021a 00        		.string	""
 560 021b 00        		.string	""
 561 021c 00        		.string	""
 562 021d 00        		.string	""
 563 021e 00        		.string	""
 564 021f 00        		.string	""
 565 0220 00        		.string	""
 566 0221 FD00      		.string	"\375"
 567 0223 00        		.string	""
 568 0224 00        		.string	""
 569 0225 686F 7374 		.string	"host_keyboard_leds"
 569      5F6B 6579 
 569      626F 6172 
 569      645F 6C65 
 569      6473 00
 570 0238 00        		.string	""
 571 0239 02        		.ascii	"\002"
 572 023a 00        		.string	""
 573 023b 00        		.string	""
 574 023c 00        		.string	""
 575 023d 00        		.string	""
 576 023e 00        		.string	""
 577 023f 00        		.string	""
 578 0240 00        		.string	""
 579 0241 00        		.string	""
 580 0242 00        		.string	""
 581 0243 FF00      		.string	"\377"
 582 0245 00        		.string	""
 583 0246 00        		.string	""
 584 0247 6261 636B 		.string	"backlight_init"
 584      6C69 6768 
 584      745F 696E 
 584      6974 00
 585 0256 00        		.string	""
 586 0257 02        		.ascii	"\002"
 587 0258 00        		.string	""
 588 0259 00        		.string	""
 589 025a 00        		.string	""
 590 025b 00        		.string	""
 591 025c 00        		.string	""
 592 025d 00        		.string	""
 593 025e 00        		.string	""
 594 025f 00        		.string	""
 595 0260 00        		.string	""
 596 0261 0101 00   		.string	"\001\001"
 597 0264 00        		.string	""
 598 0265 636C 6561 		.string	"clear_keyboard"
 598      725F 6B65 
 598      7962 6F61 
 598      7264 00
 599 0274 00        		.string	""
 600 0275 02        		.ascii	"\002"
 601 0276 00        		.string	""
 602 0277 00        		.string	""
 603 0278 00        		.string	""
 604 0279 00        		.string	""
 605 027a 00        		.string	""
 606 027b 00        		.string	""
 607 027c 00        		.string	""
 608 027d 00        		.string	""
 609 027e 00        		.string	""
 610 027f 0301 00   		.string	"\003\001"
 611 0282 00        		.string	""
 612               		.text
 613               		.section	.gnu.lto_.opts,"",@progbits
 614 0000 272D 666D 		.ascii	"'-fmath-errno' '-fsigned-zeros' '-ftrapping-m"
 614      6174 682D 
 614      6572 726E 
 614      6F27 2027 
 614      2D66 7369 
 615 002d 6174 6827 		.string	"ath' '-fno-trapv' '-fno-openmp' '-fno-openacc' '-mn-flash=1' '-mno-skip-bug' '-mmcu=avr5'
 615      2027 2D66 
 615      6E6F 2D74 
 615      7261 7076 
 615      2720 272D 
 616               		.text
 617               		.comm	__gnu_lto_v1,1,1
 618               		.comm	__gnu_lto_slim,1,1
 619               		.ident	"GCC: (GNU) 7.4.0"
DEFINED SYMBOLS
                            *ABS*:0000000000000000 suspend.c
/var/tmp//ccGa1T8h.s:2      *ABS*:000000000000003e __SP_H__
/var/tmp//ccGa1T8h.s:3      *ABS*:000000000000003d __SP_L__
/var/tmp//ccGa1T8h.s:4      *ABS*:000000000000003f __SREG__
/var/tmp//ccGa1T8h.s:5      *ABS*:0000000000000000 __tmp_reg__
/var/tmp//ccGa1T8h.s:6      *ABS*:0000000000000001 __zero_reg__
                            *COM*:0000000000000001 __gnu_lto_v1
                            *COM*:0000000000000001 __gnu_lto_slim

NO UNDEFINED SYMBOLS
