   1               		.file	"timer.c"
   2               	__SP_H__ = 0x3e
   3               	__SP_L__ = 0x3d
   4               	__SREG__ = 0x3f
   5               	__tmp_reg__ = 0
   6               	__zero_reg__ = 1
   7               		.section	.gnu.lto_.profile.847c299dde8b9b29,"",@progbits
   8 0000 789C 6363 		.string	"x\234cc```\001bF\006k\023"
   8      6060 6001 
   8      6246 066B 
   8      1300 
   9 000e 0122 00   		.string	"\001\""
  10 0011 7B        		.ascii	"{"
  11               		.text
  12               		.section	.gnu.lto_.icf.847c299dde8b9b29,"",@progbits
  13 0000 789C 6363 		.string	"x\234cc``\320f@"
  13      6060 D066 
  13      4000 
  14 000a 7686 5F67 		.string	"v\206_g^?\343d\274\361{\307{>\346\225\253N\277\347f\2715c\317U~\326\376\245\315\256l\017\
  14      5E3F E364 
  14      BCF1 7BC7 
  14      7B3E E695 
  14      AB4E BFE7 
  15 0039 F8F6 162C 		.ascii	"\370\366\026,"
  16               		.text
  17               		.section	.gnu.lto_.jmpfuncs.847c299dde8b9b29,"",@progbits
  18 0000 789C 6363 		.string	"x\234cc``Pd@"
  18      6060 5064 
  18      4000 
  19 000a 7620 6664 		.string	"v fd``f``a``edd\254\237\303\314\300\306\310\004\242\031A\222"
  19      6060 6660 
  19      6061 6060 
  19      6564 64AC 
  19      9FC3 CCC0 
  20 0026 2389 028D 		.ascii	"#\211\002\215"
  21               		.text
  22               		.section	.gnu.lto_.inline.847c299dde8b9b29,"",@progbits
  23 0000 789C 6363 		.string	"x\234cc``\350c@"
  23      6060 E863 
  23      4000 
  24 000a 7620 6263 		.string	"v bcd`\3428`\307\300\266@\236\t$\306\310\300\301\016\024\342\232\340\007\027b\306\024b\30
  24      6460 E238 
  24      60C7 C0B6 
  24      409E 0924 
  24      C6C8 C0C1 
  25 0050 00        		.string	""
  26 0051 04CC 0DF4 		.ascii	"\004\314\r\364"
  27               		.text
  28               		.section	.gnu.lto_.pureconst.847c299dde8b9b29,"",@progbits
  29 0000 789C 6363 		.string	"x\234cc``\020\001bv\006)\306]\214\314\273\030Yv1\262\356bd\333\305\310.\005"
  29      6060 1001 
  29      6276 0629 
  29      C65D 8CCC 
  29      BB18 5976 
  30 001f 2A5A 0417 		.ascii	"*Z\004\027"
  31               		.text
  32               		.section	.gnu.lto_timer_init.847c299dde8b9b29,"",@progbits
  33 0000 789C 5592 		.string	"x\234U\222\317KTQ\024\307\317\367^\235\234&[\006\345\203\334\b\271i\2026\3757!\303,\242\3
  33      CF4B 5451 
  33      14C7 CFF7 
  33      5E9D 9C26 
  33      5B06 E583 
  34 006a 494C 0BA8 		.ascii	"IL\013\250_\241\037c\372\211F0\274\237W\235/\f\207\235||\321"
  34      5FA1 1F63 
  34      FA89 4630 
  34      BC9F 579D 
  34      2F0C 879D 
  35 0081 E42C 7C4D 		.ascii	"\344,|M\224\341!\201\005t\022\313>o\316\274R\3722$\377\346\317"
  35      94E1 2181 
  35      0574 12CB 
  35      3E6F CEBC 
  35      52FA 3224 
  36 0098 4E45 3B66 		.ascii	"NE;f\214\0310\266R\324\203\306z\355\276\006\336Bs\031\256;\270"
  36      8C19 30B6 
  36      52D4 83C6 
  36      7AED BE06 
  36      DE42 7319 
  37 00af E654 8B59 		.ascii	"\346T\213Y\373}\2762\321\032i\302\":B&\336!B\340dn\267\331\232"
  37      FB7D BE32 
  37      D11A 69C2 
  37      223A 4226 
  37      DE21 42E0 
  38 00c8 CAF1 B0B1 		.ascii	"\312\361\260\261;\007x~\024\213\020\215\260\200\035\032K\243"
  38      3B07 787E 
  38      148B 108D 
  38      B080 1D1A 
  38      4BA3 
  39 00da 5A49 76CF 		.ascii	"ZIv\317\322>\006\262\353%H\231@\0309\352?}}\346\201\226\216\032"
  39      D23E 06B2 
  39      EB25 4899 
  39      4018 39EA 
  39      3F7D 7DE6 
  40 00f2 4B70 A884 		.ascii	"Kp\250\204\340\340G\351\206Hx;3\024|\254n\253\252\331\255\207"
  40      E0E0 47E9 
  40      8648 783B 
  40      3314 7CAC 
  40      6EAB AAD9 
  41 0108 0BDB B170 		.ascii	"\013\333\261p\271)k/\030_<\237\305\2247\350\231\354\005_k\344"
  41      B929 6B2F 
  41      185F 3C9F 
  41      C594 37E8 
  41      99EC 055F 
  42 011e E160 9931 		.ascii	"\341`\2311\204\025d\301\222\302\364\330\313\263R\242\241\260"
  42      8415 64C1 
  42      92C2 F4D8 
  42      CBB3 52A2 
  42      A1B0 
  43 0130 1A36 C8FC 		.ascii	"\0326\310\374\374Uk0i\377UN\032l\tq\326\344\013\347\032\210\205"
  43      FC55 6B30 
  43      69FF 554E 
  43      1A6C 0971 
  43      D6E4 0BE7 
  44 0147 3A71 8D89 		.ascii	":q\215\211\247\036\377\324\020\336\375\277\346\004\361A\020\237"
  44      A71E FFD4 
  44      10DE FDBF 
  44      E604 F141 
  44      109F 
  45 0159 DE7C D96E 		.ascii	"\336|\331nn@\274\257#\326CS{_\017\037ECS\207\200\255!\3135dq"
  45      6E40 BCAF 
  45      23D6 4353 
  45      7B5F 0F1F 
  45      4543 5387 
  46 0174 E977 4E87 		.ascii	"\351wN\207\310\262 \213\317\346r\255\r\310\215:2\020Wr\2602_"
  46      C8B2 208B 
  46      CFE6 72AD 
  46      0DC8 8D3A 
  46      3210 5772 
  47 018b EE51 ACFA 		.ascii	"\356Q\254\372$\022#\032r\353\374{\234\336\324\355\233\211\264"
  47      2412 231A 
  47      72EB FC7B 
  47      9CDE D4ED 
  47      9B89 B4
  48 019e 9B8C 27D2 		.ascii	"\233\214'\322\251T\272;\336\325\347\306{o\245\222\356\325\004"
  48      A954 BA3B 
  48      DED5 E7C6 
  48      7B6F A592 
  48      EED5 04
  49 01b1 457B DCE4 		.ascii	"E{\334\344\335D\327\235\244\373\037\020\317\302q"
  49      DD44 D79D 
  49      A4FB 1F10 
  49      CFC2 71
  50               		.text
  51               		.section	.gnu.lto_timer_clear.847c299dde8b9b29,"",@progbits
  52 0000 789C 8553 		.ascii	"x\234\205S]h[e\030\376\236\363\235\234\264i\353\024D\274\b\330"
  52      5D68 5B65 
  52      18FE 9EF3 
  52      9D9C B469 
  52      EB14 44BC 
  53 0016 5D54 D8D0 		.ascii	"]T\330\320f\352p\273P\020\024\274\027\357\017\341x\230\301\244"
  53      66EA 70BB 
  53      5010 14BC 
  53      17EF 0FE1 
  53      7898 C1A4 
  54 002a 9124 1D78 		.ascii	"\221$\035x1\362\245\266\353\317\"\370\3235Y\310\326l\273\330"
  54      31F2 A5B6 
  54      EBCF 22F8 
  54      D335 59C8 
  54      D66C BBD8 
  55 003e 6063 52F7 		.ascii	"`cR\367g\234[\317\262\325V\327\356\247.z!\2432\261\240\3232F"
  55      679C 5BCF 
  55      B2D5 56D7 
  55      EEA7 2E7A 
  55      21A3 32B1 
  56 0056 5570 B3F5 		.ascii	"Up\263\365}\277\223\216\324\033?\310\311y\277\357y\337\347}\236"
  56      7DBF 938E 
  56      D41B 3FC8 
  56      C979 BFEF 
  56      79DF E77D 
  57 006b F73B 9610 		.ascii	"\367;\226\020b\227)\304\030\375\207\351\007)`|xU\210\\\213\001"
  57      6297 29C4 
  57      18FD 87E9 
  57      0729 607C 
  57      7855 885C 
  58 0081 F08B 6A81 		.ascii	"\360\213j\201\310\032\310\032\331\274\034\225\250\r.V\215MG\024"
  58      C81A C81A 
  58      D9BC 1C95 
  58      A80D 2E56 
  58      8D4D 4714 
  59 0095 2DAF 50B4 		.ascii	"-\257P\264\366\253\353J\226%\025\240\037/\234\304&A\270\333\023"
  59      F6AB EB4A 
  59      9625 15A0 
  59      1F2F 9CC4 
  59      2641 B8DB 
  60 00aa 2B7B 3B2C 		.ascii	"+{;,\323\337\307)X\240\315\225\371\341\335\035\362)0\340\243"
  60      D3DF C729 
  60      58A0 CD95 
  60      F9E1 DD1D 
  60      F229 30E0 
  61 00bf BE5B E736 		.ascii	"\276[\3476t\035V\252OyK\305P\277\362r\235e\t\234\206\244\034"
  61      741D 56AA 
  61      4F79 4BC5 
  61      50BF F272 
  61      9D65 099C 
  62 00d6 BC10 C696 		.ascii	"\274\020\306\226\260\256H\330\361\302\322\262)\237\326yW\356"
  62      B0AE 48D8 
  62      F1C2 D2B2 
  62      299F D679 
  62      57EE 
  63 00e8 0DAD 3E62 		.ascii	"\r\255>b\032T\364,5\313;c?\375\335g\311\347\364\351@)7\327N\247"
  63      1A54 F42C 
  63      35CB 3B63 
  63      3FFD DD67 
  63      C9E7 F4E9 
  64 0102 A842 E273 		.ascii	"\250B\342s\230\032P+T\346\202\362e\r\230;X8\330\332\240\355,"
  64      981A 502B 
  64      54E6 82F2 
  64      650D 983B 
  64      5838 D8DA 
  65 0119 2A93 29CF 		.ascii	"*\223)\3175Q\342\013N\022M\022\360%\272p\006]Z\205>\230Z\375"
  65      3551 E20B 
  65      4E12 4D12 
  65      F025 BA70 
  65      065D 5A85 
  66 0131 CBDB B087 		.ascii	"\313\333\260\207d\0330(\234\277;\273\277\215C\211G)\2743u\177"
  66      641B 3028 
  66      9CBF 3BBB 
  66      BF8D 4389 
  66      4729 BC33 
  67 0147 8F21 5FD7 		.ascii	"\217!_\327l\013#\207\247\255\006\333\302\276\347\213wG\225\332"
  67      6C0B 2387 
  67      A7AD 06DB 
  67      C2BE E78B 
  67      7747 95DA 
  68 015b AD50 9626 		.ascii	"\255P\226&<\237t\022a\\\300C\245>g\277"
  68      3C9F 7412 
  68      615C C043 
  68      A53E 67BF 
  69 016b 6F6F C90A 		.string	"oo\311\n\340\"\023\237\2075&\321l+j\344\350%\352\207\037\240\334O\347\003\236ZY\035T\336\
  69      E022 139F 
  69      8735 26D1 
  69      6C2B 6AE4 
  69      E825 EA87 
  70 026c D735 C0EF 		.ascii	"\3275\300\357\256\021\370\215\023\360\330\362L=\264\371\250\366"
  70      AE11 F88D 
  70      13F0 D8F2 
  70      4C3D B4F9 
  70      A8F6 
  71 027e E8CF 7163 		.ascii	"\350\317qc\240Bm\230\242\3619\335\300f\202\214\336\377\345E\352"
  71      A042 6D98 
  71      A2F1 39DD 
  71      C066 828C 
  71      DEFF E545 
  72 0293 8F56 E56C 		.ascii	"\217V\345l>P\226m\372R\236g\323\346\221\365+\323Ma4\013\2759"
  72      3E50 966D 
  72      FA52 9E67 
  72      D3E6 91F5 
  72      2BD3 4D61 
  73 02ab 3279 72B9 		.ascii	"2yr\271\270\225\357\306\272\361a\375\360\276%%\215y\035\232\314"
  73      B895 EFC6 
  73      BAF1 61FD 
  73      F0BE 2525 
  73      8D79 1D9A 
  74 02c0 07F4 7D22 		.ascii	"\007\364}\"\377\367\376\257\3777\265\377u\355\277\321Pq\374\370"
  74      FFF7 FEAF 
  74      FF37 B5FF 
  74      75ED BFD1 
  74      5071 FCF8 
  75 02d4 B161 A3A1 		.ascii	"\261a\243\241\242\360 xQ1\033\326d|\247e\354\373\321\3738\260"
  75      A2F0 2078 
  75      5131 1BD6 
  75      647C A765 
  75      ECFB D1FB 
  76 02ea FD8C 1AD2 		.ascii	"\375\214\032\322G\370\036\333\327\nh=\004\022K\344b\265\335\377"
  76      47F8 1EDB 
  76      D70A 683D 
  76      0412 4BE4 
  76      62B5 DDFF 
  77 02fe D404 5F5F 		.ascii	"\324\004__\360\245%\322p&\361\216\355$Sn\304I&\022\311\236Ht"
  77      F0A5 25D2 
  77      7026 F18E 
  77      ED24 536E 
  77      C449 2612 
  78 0316 672A 9289 		.ascii	"g*\222\211%\334T\267#,\333~3\371Z2d\333\2617\334t\206Pm\266\355"
  78      25DC 54B7 
  78      232C DB7E 
  78      33F9 5A32 
  78      64DB B137 
  79 0331 C4DD 684F 		.ascii	"\304\335hO\357\273\266\335\232N\271;\354tt\247+m;\375R\2447\235"
  79      EFBB B6DD 
  79      9A4E B93B 
  79      EC74 74A7 
  79      2B6D 3BFD 
  80 0349 8AC4 934E 		.ascii	"\212\304\223N4\036y\325\215\307\243).\365\354\016\307ye[d[\367"
  80      341E 79D5 
  80      8DC7 A329 
  80      2EF5 EC0E 
  80      C779 655B 
  81 0360 D6EE 2DBA 		.ascii	"\326\356-\272t\254\307\211\367\276\345Fz3\261x$\232I&bN\367\333"
  81      74AC C789 
  81      F7BE E546 
  81      7A33 B178 
  81      249A 4926 
  82 0378 C274 E231 		.ascii	"\302t\3421\021L\270\211d\352=\262\352_\267\205\226u"
  82      114C B889 
  82      64EA 3DB2 
  82      EA5F B785 
  82      9675 
  83               		.text
  84               		.section	.gnu.lto_timer_read.847c299dde8b9b29,"",@progbits
  85 0000 789C 8553 		.string	"x\234\205S_lSe\024\377\316\375\356\275\355\272\r41&&M\330\036\226\b\321]\"(<\230h\242/\27
  85      5F6C 5365 
  85      14FF CEFD 
  85      EEBD EDBA 
  85      0D34 3126 
  86 0083 D041 7881 		.ascii	"\320Ax\201%\024H(\211\f\037\3440\265|\337Y\273\223\027\251\016"
  86      2514 4828 
  86      890C 1FE4 
  86      30B5 7CDF 
  86      59BB 9317 
  87 0099 C399 3BD3 		.ascii	"\303\231;\323\273\233)\004x\f\303\221\373\243Uu\375\001!R\302"
  87      BB9B 2904 
  87      780C C391 
  87      FBA3 5575 
  87      FD01 2152 
  88 00ae C99D D03F 		.ascii	"\311\235\320?K_\026\230SX\026\313\217"
  88      4B5F 1698 
  88      5358 16CB 
  88      8F
  89 00bb 811F 4641 		.string	"\201\037FA\016\031\203\365\f\253\257\364|^\344.\226\212\341\335J\341\346\032\027\253\r\30
  89      0E19 83F5 
  89      0CAB AFF4 
  89      7C5E E42E 
  89      968A E1DD 
  90 01bc E992 9C47 		.string	"\351\222\234Gf4G,-\367\t\347\326S\347\217U\037o\002V\344:\2279\025\217\212\306\244\352\25
  90      6634 472C 
  90      2DF7 09E7 
  90      D653 E78F 
  90      551F 6F02 
  91 0273 9770 5799 		.string	"\227pW\231+\323\202\234\004\310\236{\323\245\257\325\323\367I\372\345\362\237?{\022\017\2
  91      2BD3 829C 
  91      04C8 9E7B 
  91      D3A5 AFD5 
  91      D3F7 49FA 
  92 033e C9E7 BADC 		.ascii	"\311\347\272\334>5\337\267{\354}\372\357\025\270JR\315\221Tn"
  92      3E35 DFB7 
  92      7BEC 7DFA 
  92      EF15 B84A 
  92      52CD 9154 
  93 0353 4858 FDB8 		.ascii	"HX\375\2701\336o\334\303\037\017\277cZ\221\250mX\221p8\322e\004"
  93      31DE 6FDC 
  93      C31F 0FBF 
  93      635A 91A8 
  93      6D58 9170 
  94 036b B647 8D78 		.ascii	"\266G\215x0lG;-\006q\3354\337\210\274\032\361\231f\360u;\026"
  94      306C 473B 
  94      2D06 71DD 
  94      34DF 88BC 
  94      1AF1 9966 
  95 0383 C7BA 66D3 		.ascii	"\307\272f\323\264Bv\240\253\373]\323l\212E\355mf,\260\335\346"
  95      B442 76A0 
  95      ABFB 5DD3 
  95      6C8A 45ED 
  95      6D66 2CB0 
  96 0399 A619 7BD1 		.ascii	"\246\031{\321\350\216E\215P\304\n\204\214W\354P(\020%\260g\267"
  96      E88E 458D 
  96      50C4 0A84 
  96      8C57 EC50 
  96      2810 25B0 
  97 03af 59D6 CB5B 		.ascii	"Y\326\313[\214-\235\233;7J\360`\227\025\352~\3136\272\343\301"
  97      8C2D 9D9B 
  97      3B37 4AF0 
  97      6097 15EA 
  97      7ECB 36BA 
  98 03c5 9011 8847 		.ascii	"\220\021\210G\302A\253\363m\246Z\241 \363\204\355p$\372\036\352"
  98      C241 ABF3 
  98      6DA6 5AA1 
  98      20F3 84ED 
  98      7024 FA1E 
  99 03da F72F 3178 		.ascii	"\367/1x\304\325"
  99      C4D5 
 100               		.text
 101               		.section	.gnu.lto_timer_read32.847c299dde8b9b29,"",@progbits
 102 0000 789C 8553 		.string	"x\234\205SKl\023W\024}w\336x\3548\004\250Tu\203\245&\213H\005\265\031\304\177Q\211J\355\2
 102      4B6C 1357 
 102      147D 77DE 
 102      78EC 3804 
 102      A854 7583 
 103 003f 81A0 944F 		.string	"\201\240\224O\352R`\022j>%\016\020p\013\255h\020\b$J\025\002\nAj \351\275o\034\210\3310\2
 103      EA52 6012 
 103      6A3E 250E 
 103      1070 0BAD 
 103      6810 0824 
 104 007f 5D84 0758 		.ascii	"]\204\007X\\\201\270\022\357\344]\034\256\265\374\220\345\233"
 104      5C81 B812 
 104      EFE4 5D1C 
 104      AEB5 FC90 
 104      E59B 
 105 0091 7816 E354 		.ascii	"x\026\343T4\237\0243\367f\223\tP\213\346\256BO\273:\177\237\020"
 105      349F 1433 
 105      F766 9309 
 105      508B E6AE 
 105      424F BB3A 
 106 00a8 CDC2 4E8D 		.ascii	"\315\302N\215j\007\276\275*\320\247\260$\206\037\007\037\034"
 106      6A07 BEBD 
 106      2AD0 A7B0 
 106      2486 1F07 
 106      1F1C 
 107 00ba 0309 7202 		.ascii	"\003\tr\002\3463\214\236\310\027\204\207\277\017t\277yd\373\322"
 107      E633 8C9E 
 107      C817 8487 
 107      BF0F 74BF 
 107      7964 FBD2 
 108 00ce FABD 3271 		.ascii	"\372\2752qp\247\357\211\020i\241b&\234\004^\231\314(\372\356"
 108      70A7 EF89 
 108      1069 A162 
 108      269C 045E 
 108      99CC 28FA 
 109 00e3 D1C9 EF6B 		.ascii	"\321\311\357k4\025z\241\236jc\311\237@\003tL\016\265o\250\341"
 109      3415 7AA1 
 109      9E6A 63C9 
 109      9F40 0374 
 109      4C0E B56F 
 110 00f9 75B2 E4D6 		.ascii	"u\262\344\326\346\333\247\346\224k\376\275\323\333\"\354Dm\226"
 110      E6DB A7E6 
 110      946B FEBD 
 110      D3DB 22EC 
 110      446D 96
 111 010c 73C8 3B25 		.ascii	"s\310;%\027\373`\341\253\202\335\251\2211\225\177 \363.?m\233"
 111      17FB 60E1 
 111      AB82 DDA9 
 111      9131 957F 
 111      20F3 2E3F 
 112 0122 9AAD 2A58 		.ascii	"\232\255*X\364\024\312Ao\222\367\376k\326\370b\351m\315$\212"
 112      F414 CA41 
 112      6F92 F7FE 
 112      6BD6 F862 
 112      E96D CD24 
 113 0137 B3D0 0BA7 		.ascii	"\263\320\013\247\201\303/\240\312\200\376T\256\350\346+e@\261"
 113      81C3 2FA0 
 113      CA80 FE54 
 113      AEE8 E62B 
 113      6540 B1
 114 014a 27D5 5355 		.ascii	"'\325SU\206\255\225,8\234\235\001\tg(\251\202\206\r\365\3603"
 114      86AD 952C 
 114      389C 9D01 
 114      0967 28A9 
 114      8286 0DF5 
 115 0160 5221 16D2 		.ascii	"R!\026\322Q\230zn\317qTV\320\034\032\035\330U\355\250<\027\315"
 115      5198 7A6E 
 115      CF71 5456 
 115      D01C 1A1D 
 115      D855 EDA8 
 116 0177 4785 894D 		.ascii	"G\205\211M\n\377\\\242\rw\354\275\240\225\321\036\357X\224\036"
 116      0AFF 5CA2 
 116      0D77 ECBD 
 116      A095 D11E 
 116      EF58 941E 
 117 018b ED12 6283 		.ascii	"\355\022b\203\200,W\341W\007\364\034J\327\377\246t-\002\037;"
 117      802C 57E1 
 117      5707 F41C 
 117      4AD7 FFA6 
 117      742D 021F 
 118 01a0 35AE B9A0 		.ascii	"5\256\271\240@\300}\240%9"
 118      40C0 7DA0 
 118      2539 
 119 01aa CCE8 89C1 		.string	"\314\350\211\301yT\364\002\366C\007\240\030$\366\221!\227-&\2476\n\373\374\274\201\343\30
 119      7954 F402 
 119      F643 07A0 
 119      1824 F691 
 119      2197 2D26 
 120 02ab A80E 5C9F 		.ascii	"\250\016\\\237\356\006}\257\215\327\231\262\022&\035\034\273"
 120      EE06 7DAF 
 120      8DD7 99B2 
 120      1226 1D1C 
 120      BB
 121 02bc 58F2 2ED8 		.ascii	"X\362.\330/\265\033\357VZs\330\217\334U\372\302n\300\002\f\351"
 121      2FB5 1BEF 
 121      565A 73D8 
 121      8FDC 55FA 
 121      C26E C002 
 122 02d2 9A78 B80C 		.ascii	"\232x\270\f\033\305'\367x\263+\313\253\345\362\366\221\230%\210"
 122      1BC5 27F7 
 122      78B3 2BCB 
 122      ABE5 F2F6 
 122      9198 2588 
 123 02e6 3B85 71A3 		.ascii	";\205q\243(\232H\337\350\030>6\226^B;T1V\250\034\352\357H\251"
 123      289A 48DF 
 123      E818 3E36 
 123      965E 423B 
 123      5431 56A8 
 124 02ff 3CC7 3D67 		.ascii	"<\307=g;]r\357p.\251\267\316\345\0179\227\233r.J\231\305\241"
 124      3B5D 72EF 
 124      702E A9B7 
 124      CEE5 0F39 
 124      979B 722E 
 125 0317 4307 DB95 		.ascii	"C\007\333\2252\213\324\013w\237 4>M\343\226\244\261\343\216\275"
 125      328B D40B 
 125      779F 2034 
 125      3E4D E396 
 125      A4B1 E38E 
 126 032c CDB5 E2A4 		.ascii	"\315\265\342\244h\223.\370\023VL\027\220|0\210\215\240\242\317"
 126      6893 2EF8 
 126      1356 4C17 
 126      907C 3088 
 126      8DA0 A2CF 
 127 0340 37FB E89B 		.ascii	"7\373\350\233\3148*\264a\207\270\317\210\353\213\205\2766\314"
 127      CC38 2AB4 
 127      6187 B8CF 
 127      88EB 8B85 
 127      BE36 CC
 128 0353 70C4 D2CD 		.ascii	"p\304\322\315p(\024n\324\375\353\"z,\020\262\"\r&\203\230f\030"
 128      7028 146E 
 128      D4FD EB22 
 128      7A2C 10B2 
 128      220D 2683 
 129 036a 5F84 3F0B 		.ascii	"_\204?\013{\r#\260\312\212\3060\256\3320\314\240\345olZk\030"
 129      7B0D 23B0 
 129      CA8A C630 
 129      AEDA 30CC 
 129      A0E5 6F6C 
 130 0381 55D1 88B5 		.ascii	"U\321\210\265\306\210\372\327Y\3340\242\037\353M\321\210\036"
 130      C688 FAD7 
 130      59DC 30A2 
 130      1FEB 4DD1 
 130      881E 
 131 0393 0C9B FEA0 		.ascii	"\f\233\376\240\376\251\025\f\372#T\354\2435\246\371\311r}y\303"
 131      FEA9 150C 
 131      FA23 54EC 
 131      A335 A6F9 
 131      C972 7D79 
 132 03a8 9286 85B2 		.ascii	"\222\206\205\262x\240\321\f6\255\266\364\246X \250\373c\341P"
 132      78A0 D10C 
 132      36AD B6F4 
 132      A658 20A8 
 132      FB63 E150 
 133 03bc C06C F88A 		.ascii	"\300l\370\212\251f0\300\334!+\024\216\254G\275\376\007*O\276"
 133      A966 30C0 
 133      DC21 2B14 
 133      8EAC 47BD 
 133      FE07 2A4F 
 134 03d1 A9        		.ascii	"\251"
 135               		.text
 136               		.section	.gnu.lto_timer_elapsed.847c299dde8b9b29,"",@progbits
 137 0000 789C 8554 		.string	"x\234\205T_LSg\024\377\316\375\356\355\205\322\352L\226=5\031\3061#\231\324ln\360\260dK\3
 137      5F4C 5367 
 137      14FF CEFD 
 137      EEED 85D2 
 137      EA4C 963D 
 138 0094 BD88 1260 		.string	"\275\210\022`a\205\253\032\204\225p\033o\3470\274\370$\263z\027Or\204Bs\354\341Hg\031\231
 138      6185 AB1A 
 138      8495 701B 
 138      6FE7 30BC 
 138      F824 B37A 
 139 00b5 CFA1 D9FB 		.string	"\317\241\331\373\344hV\335p@\210z\221\351\210\353=\255W\004\336),\206\341\307\300\006G\30
 139      E468 56DD 
 139      7040 887A 
 139      91E9 88EB 
 139      3DAD 5704 
 140 00f9 EB29 FC6A 		.ascii	"\353)\374j\364\273$7\272P\321|4\232\230ZetQ\216\346\\zX\224\360"
 140      F4BB 2437 
 140      BA50 D17C 
 140      349A 985A 
 140      6574 518E 
 141 0113 9724 F044 		.ascii	"\227$\360D\337\356\327+\366I\334\351\244\355\221\020q\241&9\207"
 141      DFEE D72B 
 141      F649 DCE9 
 141      A4ED 9110 
 141      71A1 2639 
 142 0128 1306 781A 		.ascii	"\023\006x\032\301\177\224M1\212\276sd\341\033\253I\205\001\250"
 142      C17F 944D 
 142      318A BE73 
 142      64E1 1BAB 
 142      4985 01A8 
 143 013c A09E B1D5 		.ascii	"\240\236\261\325\223`\002\274X\030ki\264\362\227%\344W\3657\007"
 143      9360 02BC 
 143      5818 6B69 
 143      B4F2 9725 
 143      E457 F537 
 144 0151 56E7 3017 		.ascii	"V\3470\027\222\346\250\310D\312\223\\\205\237\f\310\327l\260"
 144      92E6 A8C8 
 144      44CA 935C 
 144      859F 0CC8 
 144      D76C B0
 145 0164 6909 B0BB 		.ascii	"i\t\260\273czV\345\033e\336\305\231\346\305U\252\202\240\203"
 145      637A 56E5 
 145      1B65 DEC5 
 145      99E6 C555 
 145      AA82 A083 
 146 0178 C0E5 6D6C 		.ascii	"\300\345ml\352\337z\023\257\221\267\r\211\310\250\005o\3414p"
 146      EADF 7A13 
 146      AF91 B70D 
 146      89C8 A805 
 146      6FE1 3470 
 147 018c C880 2A03 		.ascii	"\310\200*\003\206:R\243:\337*\003F\367t\354)\315\225-\227S\250"
 147      863A 52A3 
 147      3ADF 2A03 
 147      46F7 74EC 
 147      29CD 952D 
 148 01a3 70A6 A024 		.ascii	"p\246\240$\fQR\321\030g\241\002N\341(4\205\274x0<\267K\341\357"
 148      0C51 52D1 
 148      1867 A102 
 148      4EE1 2834 
 148      85BC 7830 
 149 01bc 48BC DBAD 		.ascii	"H\274\333\255\373\316\231rx\343\211W\343\017\333\205h\024\220"
 149      FBCE 9972 
 149      78E3 8957 
 149      E30F DB85 
 149      6814 90
 150 01cf E41A FC5C 		.ascii	"\344\032\374\\\314|\021jT\340\223\351\350\32258G\320\303`\212"
 150      CC7C 116A 
 150      54E0 93E9 
 150      E8D2 3538 
 150      47D0 C360 
 151 01e4 7128 A8CA 		.ascii	"q(\250\312\340<rv\201\226\r\017\300q\211\316\2761-#\026\026\233"
 151      E03C 7276 
 151      8196 0D0F 
 151      C071 89CE 
 151      BE31 2D23 
 152 01fb 44E6 9EED 		.ascii	"D\346\236\355\326\261\277\327\254\001\024\324\244\340\241s:T"
 152      D6B1 BFD7 
 152      AC01 14D4 
 152      A4E0 A173 
 152      3A54 
 153 020d 3C4A 343A 		.ascii	"<J4:Lt\350$w\251\3144\003\251^F\016\013\035V&\345a\315\310!\356"
 153      4C74 E824 
 153      77A9 CC34 
 153      03A9 5E46 
 153      0E0B 1D56 
 154 0228 A8C8 B016 		.ascii	"\250\310\260\026\334\f|\333\231a\367ah\276\365Y"
 154      DC0C 7CDB 
 154      9961 F761 
 154      68BE F559 
 155 0238 FA79 EA2A 		.string	"\372y\352*\301I\270X\303\320e\235V\243T\366\030O\267\275bX\267\311\354J\354=\240\247\240+
 155      C149 B858 
 155      C3D0 659D 
 155      56A3 54F6 
 155      184F B7BD 
 156 0339 C6FD A368 		.ascii	"\306\375\243h\032\372zk_\377l|3m\\\221\254P,\352\004\216\224"
 156      1AFA 7A6B 
 156      5FFF 6C7C 
 156      336D 5C91 
 156      AC50 2CEA 
 157 0350 D371 EF60 		.ascii	"\323q\357`\233&\267\024uI\376\257.7\244.\277I]\224\334\024\275"
 157      9B26 B714 
 157      7549 FEAF 
 157      2E37 A42E 
 157      BF49 5D94 
 158 0367 BD87 5A94 		.ascii	"\275\207Z\224\334\024\035\363\372iA\325\324\374\030\223r\214"
 158      DC14 1DF3 
 158      FA69 41D5 
 158      D4FC 1893 
 158      728C 
 159 0379 6FFF C87C 		.ascii	"o\377\310|\255\325\034\027\315\362\n~\207\232<\200\234gRv\277"
 159      ADD5 1C17 
 159      CDF2 0A7E 
 159      879A 3C80 
 159      9C67 5276 
 160 038e 73BE B173 		.ascii	"s\276\261s`;}\244\t\256\030\272\235\230\310V\023\253\034\026"
 160      603B 7DA4 
 160      09AE 18BA 
 160      9D98 C856 
 160      13AB 1C16 
 161 03a2 1739 DCC4 		.ascii	"\0279\334\304\346\357C\375L\023\030A<\301\315\354.DolYJ\342\262"
 161      E6EF 43FD 
 161      4C13 1841 
 161      3CC1 CDEC 
 161      2E44 6F6C 
 162 03ba 6A0B FE3E 		.ascii	"j\013\376>]'?\204\345h\225\330\307*\361\306\234\303\"}f\031\257"
 162      5D27 3F84 
 162      E568 95D8 
 162      C72A F1C6 
 162      9CC3 227D 
 163 03d1 B278 E58A 		.ascii	"\262x\345\212xme\274\3413\223/\226\367\225\241\273\240OE\366"
 163      786D 65BC 
 163      E133 932F 
 163      96F7 95A1 
 163      BBA0 4F45 
 164 03e6 794B FEB3 		.ascii	"yK\376\263hA-\215\317q\232$\227\341:\372\037\203\216\265\251"
 164      6841 2D8D 
 164      CF71 9A24 
 164      97E1 3AFA 
 164      1F83 8EB5 
 165 03fb 59E2 B419 		.ascii	"Y\342\264\031e\300($\327\026\362}\342p\371\003n\273\313\357\363"
 165      65C0 2824 
 165      D716 F27D 
 165      E270 F903 
 165      6EBB CBEF 
 166 0410 F96B EDCE 		.ascii	"\371k\355\316\035\001{\310\343s\007\252\\L\365:\203!\b\231\034"
 166      1D01 7BC8 
 166      E373 07AA 
 166      5C4C F53A 
 166      8321 0899 
 167 0425 8EF7 FC5B 		.ascii	"\216\367\374[\375f\207\303\363\256;\030\302\3402\207\303\345"
 167      FD66 87C3 
 167      F3AE 3B18 
 167      C2E0 3287 
 167      C3E5 
 168 0437 753B 6BEB 		.ascii	"u;k\353\266;\034\245\301\200{\233#\350\334\341\346\016G\360M"
 168      B63B 1CA5 
 168      C180 7B9B 
 168      23E8 DCE1 
 168      E60E 47F0 
 169 044c 7B5D 3060 		.ascii	"{]0`\367\372]N\257}\213\333\353u\006\bq\3436\227\353\355j{u\325"
 169      F7FA 5D4E 
 169      AF7D 8BDB 
 169      EB75 0608 
 169      71E3 3697 
 170 0466 E6AA 4DB2 		.ascii	"\346\252M\262\202\247\326\345\255\373\310m\257\013y\274vg\310"
 170      82A7 D6E5 
 170      ADFB C86D 
 170      AF0B 79BC 
 170      7667 C8
 171 0479 EFF3 B8AA 		.ascii	"\357\363\270\252>f\252\313\353a\272\317\355\363\007>\305\315"
 171      3E66 AACB 
 171      EB61 BACF 
 171      EDF3 073E 
 171      C5CD 
 172 048b F80F E335 		.ascii	"\370\017\3435!,"
 172      212C 
 173               		.text
 174               		.section	.gnu.lto_timer_elapsed32.847c299dde8b9b29,"",@progbits
 175 0000 789C 8554 		.string	"x\234\205T]l\323U\024\277\347\177\377\037m\2671M\214O\213\216\340$,\262\022E\331\203\211&
 175      5D6C D355 
 175      14BF E77F 
 175      FF1F 6DB7 
 175      314D 8C4F 
 176 00ee BEDA 8FE2 		.ascii	"\276\332\217\342\300\327\260\221\314\2272C\302\302\237\221\256"
 176      C0D7 B091 
 176      CC97 3243 
 176      C2C2 9F91 
 176      AE
 177 00ff 577B F7BF 		.ascii	"W{\367\277XuPz\216uT\334\021\"!Tr\377\246\330\235\026Z\3378\266"
 177      5875 507A 
 177      8E75 54DC 
 177      1122 2154 
 177      72FF A6D8 
 178 0119 FC49 99AE 		.ascii	"\374I\231\256B\006\252\250*,\346$\350\200\212\345\311hS\031\177"
 178      4206 AAA8 
 178      2A2C E624 
 178      E880 8AE5 
 178      C968 5319 
 179 012e 5686 DC57 		.ascii	"V\206\334W?{\252<\037\363\347\016[\203\310F*S\234\303\251\\\310"
 179      3F7B AA3C 
 179      1FF3 E70E 
 179      5B83 C846 
 179      2A53 9CC3 
 180 0145 172A 60CB 		.ascii	"\027*`\313\303\200\235\361\371\005\225o\226~\027\3576\257\254"
 180      C380 9DF1 
 180      F905 956F 
 180      967E 17EF 
 180      36AF AC
 181 0158 5315 0CDA 		.ascii	"S\025\f\332\017\\jcs\377\324\353\274Vj\033\223\221\321R\324\302"
 181      0F5C 6A63 
 181      73FF D4EB 
 181      BC56 6A1B 
 181      9391 D152 
 182 016e 19E0 701A 		.ascii	"\031\340p\032Ti0\020O\217\032|\2734\030\355\212wY\363i+%\n\016"
 182      5469 3010 
 182      4F8F 1A7C 
 182      BB34 18ED 
 182      8A77 59F3 
 183 0187 6757 A584 		.ascii	"gW\245\204,9\025\301\030\200*\370\026\241\020\n\251\030Z\271"
 183      2C39 15C1 
 183      1880 2AF8 
 183      16A1 100A 
 183      A918 5AB9 
 184 019b 972D CFF1 		.ascii	"\227-\317\361\243\2408y{\244\275$\307\317c(\336\032Z\332\243"
 184      A3A0 3879 
 184      7BA4 BD24 
 184      C7CF 6328 
 184      DE1A 5ADA 
 185 01b0 F0D7 65B6 		.ascii	"\360\327e\266\353-\007\317\353\371lW\222\317'n\267\t\321$ \305"
 185      EB2D 07CF 
 185      EBF9 6C57 
 185      92CF 276E 
 185      B709 D124 
 186 01c6 5538 974B 		.ascii	"U8\227K:\204\255\373nm\353\032\004\256l|\306\320\340<%\036\004"
 186      3A84 ADFB 
 186      6E6D EB1A 
 186      04AE 6C7C 
 186      C6D0 E03C 
 187 01dd 3DC6 6155 		.ascii	"=\306aUM\f\206\261\243\027h\330p\003l\0065\273wR\313\212\345"
 187      4D0C 86B1 
 187      A317 68D8 
 187      7003 6C06 
 187      35BB 7752 
 188 01f4 95DD 227B 		.ascii	"\225\335\"{\356\251\337\216\337{\274\f\220PM\301M\347D\255&\255"
 188      EEA9 DF8E 
 188      DF7B BC0C 
 188      9050 4DC1 
 188      4DE7 44AD 
 189 020a 7420 860D 		.ascii	"t \206\r\272\260\320fe\222(\326\214\335\304y\024Y\026\305)\300"
 189      BAB0 D066 
 189      6592 28D6 
 189      8CDD C479 
 189      1459 16C5 
 190 0220 D3AE 2CFB 		.ascii	"\323\256,\373\003\006\036\264\364\367?A\025$9Q\030k\034\0307"
 190      0306 1EB4 
 190      F4F7 3F41 
 190      1524 3951 
 190      186B 1C18 
 191 0235 08AC 21EB 		.ascii	"\b\254!\353IdZ\237\313I\327I\354H\0368d\244\241#\322\020\021"
 191      4964 5A9F 
 191      CB49 D749 
 191      EC48 1E38 
 191      64A4 A123 
 192 024c C8A6 052E 		.ascii	"\310\246\005.\"\274\357\t\036\214@\032\330\257P_I\261\250\247"
 192      22BC EF09 
 192      1E8C 401A 
 192      D8AF 505F 
 192      49B1 A8A7 
 193 0260 188F DD82 		.ascii	"\030\217\335\202\310\215\356\017\246a\r\362\3753F\036\264R\004"
 193      C88D EE0F 
 193      A661 0DF2 
 193      FD33 461E 
 193      B452 04
 194 0273 7A14 3DC7 		.ascii	"z\024=\307\b4m\f\330^r<|z\360f\351\3726\350\024\tLi%\207\273"
 194      0834 6D0C 
 194      D85E 723C 
 194      7C7A F066 
 194      E9FA 36E8 
 195 028e 47BF 9C2E 		.ascii	"G\277\234.\22132\016\353q\237@N\037\246&*Q\302\031\301\023\032"
 195      9133 320E 
 195      EB71 9F40 
 195      4E1F A626 
 195      2A51 C219 
 196 02a5 F7ED 1E39 		.ascii	"\367\355\0369f#\f\310\037\\\302Z\245.C\005j\324\200\330\205\267"
 196      6623 0CC8 
 196      1F5C C25A 
 196      A52E 4305 
 196      6AD4 80D8 
 197 02bb 72F0 ADAB 		.ascii	"r\360\255\253\341\333$\374L\346\317kF\370_a\301\2134\317Q8\377"
 197      E1DB 24FC 
 197      4CE6 CF6B 
 197      46F8 5F61 
 197      C18B 34CF 
 198 02d2 F7F4 D132 		.ascii	"\367\364\3212\352\001\361\\\002\227!\f\223\262\003SE\035\220"
 198      EA01 F15C 
 198      0297 210C 
 198      93B2 0353 
 198      451D 90
 199 02e5 09AC 24A7 		.ascii	"\t\254$\247\237,\324\265:\001v\007\246\013\325\240\356\221\360"
 199      9F2C D4B5 
 199      3A01 7607 
 199      A60B D5A0 
 199      EE91 F0
 200 02f8 C853 4642 		.ascii	"\310SFB\247\236\205\341i[\365a\331\273\305N\2451\215\365\310"
 200      A79E 85E1 
 200      695B F561 
 200      D9BB C54E 
 200      A531 8DF5 
 201 030d 29A6 B737 		.ascii	")\246\2677\003\325h\322\266\364\373KX(\256t\357^-\305K\345X\017"
 201      03D5 68D2 
 201      B6F4 FB4B 
 201      5828 AE74 
 201      EF5E 2DC5 
 202 0325 5233 AF40 		.ascii	"R3\257@8\027\030g\215\254\t\364TKo\337Bb+MW\021\255PL\352U\204"
 202      3817 1867 
 202      8DAC 09F4 
 202      544B 6FDF 
 202      4262 2B4D 
 203 0341 94E7 F1C0 		.ascii	"\224\347\361\300\231VMN$\362\222\372_^~\220\274\374(yQ\362(\216"
 203      9956 4D4E 
 203      24F2 92FA 
 203      5F5E 7E90 
 203      BCFC 2879 
 204 0359 1CE9 892A 		.ascii	"\034\351\211*y\024\361\007\306YA\331x\001\3065\t\343\323_\262"
 204      7914 F107 
 204      C659 41D9 
 204      7801 C635 
 204      09E3 D35F 
 205 036e 1F6B B527 		.ascii	"\037k\265'D\263T\301OP[\b \361\240\021\273\t\r\343\203\363\035"
 205      44B3 54C1 
 205      4F50 5B08 
 205      20F1 A011 
 205      BB09 0DE3 
 206 0385 B5F4 5C93 		.ascii	"\265\364\\\223\234x\223\001\242h\177\177\203\234\351]\211&\310"
 206      9C78 9301 
 206      A268 7F7F 
 206      839C E95D 
 206      8926 C8
 207 0398 692D A845 		.ascii	"i-\250E\033\251VY\242z\215Z\311\253\361.V\2703\360\032\013\231"
 207      1BA9 5659 
 207      A27A 8D5A 
 207      C9AB F12E 
 207      56B8 33F0 
 208 03af 1DEE EE91 		.ascii	"\035\356\356\221\337h\035Vp\225\303\254|\304Q\234\231\334\323"
 208      DF68 1D56 
 208      7095 C3AC 
 208      7CC4 519C 
 208      99DC D3
 209 03c2 9927 7AA4 		.ascii	"\231'z\244\007AX\004\216\331(\240\201\370\233\261eh\205\215\250"
 209      0741 5804 
 209      8ED9 28A0 
 209      81F8 9BB1 
 209      6568 858D 
 210 03d7 087A DF35 		.ascii	"\bz\3375\235>\277\313\356\364y\275\276:\273c\247\337\036t{]\376"
 210      9D3E BFCB 
 210      EEF4 79BD 
 210      BE3A BB63 
 210      A7DF 1E74 
 211 03ee 1A27 533D 		.ascii	"\032'S=\216@\020\202\272i\276\351\333\356\263\231\246\373\rW"
 211      8E40 1082 
 211      BA69 BEE9 
 211      DBEE B399 
 211      A6FB 0D57 
 212 0402 2088 C625 		.ascii	" \210\306%\246\351\364\270\034u\241\367L\323\032\360\273v\230"
 212      A6E9 F4B8 
 212      1C75 A1F7 
 212      4CD3 1AF0 
 212      BB76 98
 213 0415 01C7 4E17 		.ascii	"\001\307N\0277\315\300\313\366P\300o\367\370\234\016\217\375"
 213      37CD C0CB 
 213      F650 C06F 
 213      F7F8 9C0E 
 213      8FFD 
 214 0427 3597 C7E3 		.ascii	"5\227\307\343\360S\304\315;\234\316W\267\331\267\325l\255\331"
 214      F053 C4CD 
 214      3B9C CE57 
 214      B7D9 B7D5 
 214      6CAD D9
 215 043a 2233 B8EB 		.ascii	"\"3\270\353\234\236\320\333.{(\350\366\330\035A\237\327\355\254"
 215      9C9E D0DB 
 215      2E7B 28E8 
 215      F6D8 1D41 
 215      9FD7 EDAC 
 216 044e 7987 A94E 		.ascii	"y\207\251N\217\233\031^\227\327\347\177\037Y\374\017\274%\005"
 216      8F9B 195E 
 216      97D7 E77F 
 216      1F59 FC0F 
 216      BC25 05
 217 0461 DE        		.ascii	"\336"
 218               		.text
 219               		.section	.gnu.lto___vector_21.847c299dde8b9b29,"",@progbits
 220 0000 789C 8D8F 		.ascii	"x\234\215\217\277K\303P\020\307\357\373\316&E\350.X\334\034\272"
 220      BF4B C350 
 220      10C7 EFFB 
 220      CE26 45E8 
 220      2E58 DC1C 
 221 0015 98FF C07F 		.ascii	"\230\377\300\177E$t\020\211\201P\\\363b\251\255?\006\007\215"
 221      4524 7410 
 221      8981 505C 
 221      F362 A9AD 
 221      3F06 078D 
 222 0029 2041 B2B9 		.ascii	" A\262\271)E\253\215S\310&\210\202\324\311\315\301A\244\233\233"
 222      2945 AB8D 
 222      53C8 2688 
 222      82D4 C9CD 
 222      C141 A49B 
 223 003e 56EF 35E0 		.ascii	"V\3575\340\354\301\275w\034\337\373~\356,\"Z\006\321\202\374"
 223      ECC1 BD77 
 223      1CDF FB7E 
 223      EE2C 225A 
 223      06D1 82FC 
 224 0052 F392 6082 		.ascii	"\363\222`\202:x \212\252\n0\205\256\202B\205\020\373|\310(\272"
 224      3A78 208A 
 224      AA0A 3085 
 224      AE82 4285 
 224      10FB 7CC8 
 225 0068 6F99 6A9C 		.ascii	"o\231j\234i\211\374\370\313\216tg.a\242X\322\004.\321 \221\275"
 225      6989 FCF8 
 225      CB8E 7467 
 225      2E61 A258 
 225      D204 2ED1 
 226 007f F627 4735 		.ascii	"\366'G5k\246\354\343\n\026\t\203.\236*\271\236\374tu>Z\344\n"
 226      6BA6 ECE3 
 226      0A16 0983 
 226      2E9E 2AB9 
 226      9EFC 7475 
 227 0097 2861 28F3 		.ascii	"(a(\363\020\365D'0\235\323\016+S\265szG\021\337\371f\370\204"
 227      10F5 4427 
 227      309D D30E 
 227      2B53 B573 
 227      7A47 11DF 
 228 00af 219E 71A7 		.ascii	"!\236q\247x\264\3678a\005\203\310\262\217\027;\374\326Ui\244"
 228      78B4 F738 
 228      6105 83C8 
 228      B28F 173B 
 228      FCD6 5569 
 229 00c4 0623 BDF1 		.ascii	"\006#\275\361\347\363y-\305i\244\2210\343Z\266\036\240.\033\334"
 229      E7F3 792D 
 229      C569 A491 
 229      30E3 5AB6 
 229      1EA0 2E1B 
 230 00d9 2085 18B6 		.ascii	" \205\030\266\343m\224\206\252\364\034t\357\373\263\306\223\001"
 230      E36D 9486 
 230      AAF4 1C74 
 230      EFFB B3C6 
 230      9301 
 231 00eb 0C45 2AD0 		.ascii	"\fE*\320\321\356T\363?D\366\207\270\025\204\370\322\030[\251"
 231      D1EE 54F3 
 231      3F44 F687 
 231      B815 84F8 
 231      D218 5BA9 
 232 00ff 353D D944 		.ascii	"5=\331DO\256\223s\024Q\275\345\255\257\270~\320t\\\337\363\374"
 232      4FAE 9373 
 232      1451 BDE5 
 232      ADAF B87E 
 232      D074 5CDF 
 233 0115 0D67 7533 		.ascii	"\rgu3pZk^3Xr\351\027\222\331pb"
 233      705A 6B5E 
 233      3358 72E9 
 233      1792 D970 
 233      62
 234               		.text
 235               		.section	.gnu.lto_.symbol_nodes.847c299dde8b9b29,"",@progbits
 236 0000 789C 6363 		.string	"x\234cc``h\004b\006&\216z\006\206\t\347\030\030\200\324\256\006G\240"
 236      6060 6804 
 236      6206 268E 
 236      7A06 8609 
 236      E718 1880 
 237 001a 673D 238A 		.string	"g=#\212"
 237      00
 238 001f 2B3B 43AB 		.string	"+;C\253\022H%W=\023\252J\356zfT\001\236z\026T\001\336zVT\001\276z6\270@#P\200\001"
 238      1248 2557 
 238      3D13 AA4A 
 238      EE7A 6654 
 238      019E 7A16 
 239 0044 3E66 1C8D 		.ascii	">f\034\215"
 240               		.text
 241               		.section	.gnu.lto_.refs.847c299dde8b9b29,"",@progbits
 242 0000 789C 15C9 		.string	"x\234\025\311\301\001"
 242      C101 00
 243 0007 2008 C3C0 		.string	" \b\303\300\264(\354\341\376CZ\036\271O\032xI\222[\205Gg\271K\007\017\316+>\f\036"
 243      B428 ECE1 
 243      FE43 5A1E 
 243      B94F 1A78 
 243      4992 5B85 
 244 0027 80        		.ascii	"\200"
 245               		.text
 246               		.section	.gnu.lto_.decls.847c299dde8b9b29,"",@progbits
 247 0000 789C 9555 		.ascii	"x\234\225U]L\024W\024\236\263\263\260\354.?\206\230\306\350\246"
 247      5D4C 1457 
 247      149E B3B3 
 247      B0EC 2E3F 
 247      8698 C6E8 
 248 0015 3144 032F 		.ascii	"1D\003/e\025\232\252I\323\232"
 248      6515 9AAA 
 248      49D3 9A
 249 0020 F8D0 371F 		.string	"\370\3207\037\232\264\215O\353v\331\350\246\013\330e\261\355C\323\261\202\020(*\326 P,\32
 249      9AB4 8D4F 
 249      EB76 D9E8 
 249      A60B D865 
 249      B1ED 43D3 
 250 0121 E620 F3C5 		.string	"\346 \363\305]w\316)y\005\375\357\352\272T\246\016/\026\330\345\367\021\007W\200\227\200n
 250      5D77 CE29 
 250      7905 FDEF 
 250      EABA 54A6 
 250      0E2F 16D8 
 251 0207 3536 063A 		.ascii	"56\006:\304'\213\223\\ \206q\322\1771\212\371\025\022\034\375"
 251      C427 8B93 
 251      5C20 8671 
 251      D27F 318A 
 251      F915 121C 
 252 021c 0127 A2B9 		.ascii	"\001'\242\271\245\213!\213!\0368\342SH_\005C\027\303\320Oce\b"
 252      A58B 218B 
 252      211E 38E2 
 252      5348 5F05 
 252      4317 C3D0 
 253 0234 0C57 462F 		.ascii	"\fWF/\207g\334^\323\362$A\374Z\216\016;\347U\374\327\36458SK"
 253      8767 DC5E 
 253      D3F2 2441 
 253      FC5A 8E0E 
 253      3BE7 55FC 
 254 024e 9CDA 0D19 		.ascii	"\234\332\r\031\264\314\202\260\016`\377;\020\251\203m\270;\240"
 254      B4CC 82B0 
 254      0E60 FF3B 
 254      10A9 836D 
 254      B83B A0
 255 0261 1E36 E03D 		.ascii	"\0366\340=F\311V=l\357\257\204\220<!\317)8Fr\267\f\245\b\302"
 255      46C9 563D 
 255      6CEF AF84 
 255      903C 21CF 
 255      2938 4672 
 256 027a 515C A524 		.ascii	"Q\\\245$aP\347y/u\364\263\204\333\320\217\354\r\020\202K\223"
 256      6150 E779 
 256      2F75 F4B3 
 256      84DB D08F 
 256      EC0D 1082 
 257 0290 4FFC 3111 		.ascii	"O\3741\021\300g\001e\254K\313(\013\024q\20637v\bB&\302l\2410"
 257      C067 0165 
 257      AC4B CB28 
 257      0B14 7186 
 257      3337 7608 
 258 02aa 8D1E 9846 		.ascii	"\215\036\230F9L\023\205\311\357?uL\315\0270\230\313\216\246\215"
 258      394C 1385 
 258      C9EF 3F75 
 258      4CCD 1730 
 258      98CB 8EA6 
 259 02bf 72DD E4C3 		.ascii	"r\335\344\303\224\2047{\t\377\345\211\263X#\021f\005wJ\204\030"
 259      9484 377B 
 259      09FF E589 
 259      B358 2311 
 259      6605 774A 
 260 02d5 0577 3C84 		.ascii	"\005w<\204w\344\204-\2240\345T\371\t\005_\312\b[/$T\252\344\214"
 260      77E4 842D 
 260      9430 E554 
 260      F909 055F 
 260      CA08 5B2F 
 261 02ee B532 C636 		.ascii	"\2652\3066/\306\224\362\347KR\212\265\233\022\005\307\021A\310"
 261      2FC6 94F2 
 261      E74B 528A 
 261      B59B 1205 
 261      C711 41C8 
 262 0302 5390 2068 		.ascii	"S\220 h\365\020\266\312\t\333)ae\322\255)_\276\232\021.%-\364"
 262      F510 B6CA 
 262      09DB 2961 
 262      65D2 AD29 
 262      5FBE 9A11 
 263 031a F2        		.ascii	"\362"
 264 031b 4A05 DB5F 		.string	"J\005\333_\004\033}-\317\253z\375VK\273\203\212\270\007\242\212\362\352\222!\177Q\305\200
 264      041B 7D2D 
 264      CFAB 7AFD 
 264      564B BB83 
 264      8AB8 07A2 
 265 041c ABFE 9811 		.string	"\253\376\230\021\257"
 265      AF00 
 266 0422 70C4 83F7 		.ascii	"p\304\203\367A\330J\332o\342P\241\0376U\035vd\220\265c\235\330"
 266      41D8 4ADA 
 266      6FE2 50A1 
 266      1F36 551D 
 266      7664 90B5 
 267 0439 8E73 2FD4 		.ascii	"\216s/\324\005\3609T\224\342I\321\342\317\236\216\333\330\375"
 267      05F0 3954 
 267      94E2 49D1 
 267      E2CF 9E8E 
 267      DBD8 FD
 268 044c F163 DAEF 		.ascii	"\361c\332\357G\221d\330\363\242t+M\327\221'\360\250\234\275v"
 268      4791 64D8 
 268      F3A2 742B 
 268      4DD7 9127 
 268      F0A8 9CBD 
 269 0461 1841 DD3A 		.ascii	"\030A\335:Q\367?\250e\210$3J[\356rB[\221\017\313v\3555\244Tg"
 269      51F7 3FA8 
 269      6588 2433 
 269      4A5B EE72 
 269      425B 910F 
 270 047c 5EE6 68FD 		.ascii	"^\346h\375SV\316'\030C\t\322\021\305\3018\370\323\206\206O\f"
 270      5356 CE27 
 270      1843 09D2 
 270      11C5 C138 
 270      F8D3 8686 
 271 0492 EE71 B6CC 		.ascii	"\356q\266\314\004jDA\311k\203'g\227N\370\311\301'\274\300'E\360"
 271      046A 4441 
 271      C96B 8327 
 271      6797 4EF8 
 271      C9C1 27BC 
 272 04aa 490A 3EB4 		.ascii	"I\n>\264|\261*\220\035Q\2768\234\310\350\231\346\t\227 \256\r"
 272      7CB1 2A90 
 272      1D51 BE38 
 272      9CC8 E899 
 272      E609 9720 
 273 04c0 962F 9D06 		.ascii	"\226/\235\006,\r\350u0\305\230fS\022\347\305\363M\205\303\013"
 273      2C0D E875 
 273      30C5 9866 
 273      5312 E7C5 
 273      F34D 85C3 
 274 04d5 C339 C7FD 		.ascii	"\3039\307\375\331\371\266\023\207\017\026\252\227\374\371|Zz"
 274      D9F9 B613 
 274      870F 16AA 
 274      97FC F97C 
 274      5A7A 
 275 04e7 657F D9C8 		.ascii	"e\177\331\310q\2000\035\200\006\355\274t\304s0\213\342f\304S"
 275      7180 301D 
 275      8006 EDBC 
 275      74C4 7330 
 275      8BE2 66C4 
 276 04fc 1EAF 6C01 		.ascii	"\036\257l\001\311]?\020\367\353\336\301SLy\226\252x\216\252\236"
 276      C95D 3F10 
 276      F7EB DEC1 
 276      534C 7996 
 276      AA78 8EAA 
 277 0511 A18C 6C3C 		.ascii	"\241\214l<5\211\207\354\303\346\361\261\240\340\223\004\030o"
 277      3589 87EC 
 277      C3E6 F1B1 
 277      A0E0 9304 
 277      186F 
 278 0523 BB81 62BB 		.ascii	"\273\201b\2730\356\tU?\007\301R\016t\200+~\275R8\007\362R\rx"
 278      30EE 0955 
 278      3F07 C152 
 278      0E74 802B 
 278      7EBD 5238 
 279 053c 956A 5E2C 		.ascii	"\225j^,\325<-UE\241+'@\036<\352\025\274 \006/\320\340\3343\323"
 279      D53C 2D55 
 279      45A1 2B27 
 279      401E 3CEA 
 279      15BC 2006 
 280 0556 B34A BE90 		.ascii	"\263J\276\220m\206\376\202\3244\025\355/Xt\261\277\024w\226\234"
 280      6D86 FE82 
 280      D434 15ED 
 280      2F58 74B1 
 280      BF14 7796 
 281 056b 52AD 7228 		.ascii	"R\255r(-\323\376\262$\365\227\332\262\336opS:\310\241\324\036"
 281      2DD3 FEB2 
 281      24F5 97DA 
 281      B2DE 6F70 
 281      533A C8A1 
 282 0581 91E9 3A2D 		.ascii	"\221\351:-\b\307\004!\001w!\006\302\242\347\313]\224o\312\027"
 282      08C7 0421 
 282      0177 2106 
 282      C2A2 E7CB 
 282      5D94 6FCA 
 283 0596 7453 5EBC 		.ascii	"tS^\274\336\326\006\374\f\323\321T\237\323\024(\347\034\2255"
 283      DED6 06FC 
 283      0CD3 D154 
 283      9FD3 1428 
 283      E71C 9535 
 284 05aa B57F BDDA 		.ascii	"\265\177\275\332{\361D\373^\221\263\241B\305z\332o\n\022\004"
 284      7BF1 44FB 
 284      5E91 B3A1 
 284      42C5 7ADA 
 284      6F0A 1204 
 285 05be 2F3D 842F 		.ascii	"/=\204/\345\204n\b\3416\331\243\2772\230bmf\275)6::6Fo<l\323"
 285      E584 6E08 
 285      E136 D9A3 
 285      BF32 9862 
 285      6D66 BD29 
 286 05db DB2D D166 		.ascii	"\333-\321f[\270\311\357\223\275\237m\336\263k\027\347\027o\211"
 286      5BB8 C9EF 
 286      93BD 9F6D 
 286      DEB3 6B17 
 286      E717 6F89 
 287 05ef B16F FFC0 		.ascii	"\261o\377\300`\337\241\217\217\263\351\255\261&\243U\277\307"
 287      60DF A18F 
 287      8FB3 E9AD 
 287      B126 A355 
 287      BFC7 
 288 0601 6CB5 1A6D 		.ascii	"l\265\032m$\376\275\003&\323\356\035\372\035\341\357\207o\243"
 288      24FE BD03 
 288      26D3 EE1D 
 288      FA1D E1EF 
 288      876F A3
 289 0614 EB2D 3126 		.ascii	"\353-1&k|\224Y\037g\217\302\205\341\007\031@d\204\301\256\241"
 289      6B7C 9459 
 289      1F67 8FC2 
 289      85E1 0719 
 289      4064 84C1 
 290 062a D006 4B8C 		.ascii	"\320\006K\214\305\256\373\037fN\313\342LV\263\321&\256\261\231"
 290      C5AE FB1F 
 290      664E CBE2 
 290      4C56 B3D1 
 290      26AE B199 
 291 063e 8D51 FE9E 		.ascii	"\215Q\376\236\277\221\021\001l`\266\032\017\305\231\243\202\274"
 291      BF91 1101 
 291      6C60 B61A 
 291      0FC5 99A3 
 291      82BC 
 292 0650 4691 115A 		.ascii	"F\221\021Z\203\341\260\331d\217\265\031\"\266\373\306Y\016\304"
 292      83E1 B0D9 
 292      648F B519 
 292      22B6 FBC6 
 292      590E C4
 293 0663 18AD CA78 		.ascii	"\030\255\312x\234\t6\177k7\333pd\375\316p\330\022g\371\322jV"
 293      9C09 367F 
 293      6B37 DB70 
 293      64FD CE70 
 293      D812 67F9 
 294 067a A338 B3CD 		.ascii	"\2438\263\315\026\177\310.\321\306\306\307\330UD\363N\203]i:"
 294      167F C82E 
 294      D1C6 C6C7 
 294      D855 44F3 
 294      4E83 5D69 
 295 068f 881A 0C06 		.ascii	"\210\032\f\006\313\247\3468\2043\177\370v5\210\267[\254z\243"
 295      CBA7 E638 
 295      8433 7FF8 
 295      7635 88B7 
 295      5BAC 7AA3 
 296 06a3 3D36 DA62 		.ascii	"=6\332b\302B\370#\316\036+B\331?7Z\377\003H\372\245o"
 296      C242 F823 
 296      CE1E 2B42 
 296      D93F 375A 
 296      FF03 48FA 
 297               		.text
 298               		.section	.gnu.lto_.symtab.847c299dde8b9b29,"",@progbits
 299 0000 7469 6D65 		.string	"timer_init"
 299      725F 696E 
 299      6974 00
 300 000b 00        		.string	""
 301 000c 00        		.string	""
 302 000d 00        		.string	""
 303 000e 00        		.string	""
 304 000f 00        		.string	""
 305 0010 00        		.string	""
 306 0011 00        		.string	""
 307 0012 00        		.string	""
 308 0013 00        		.string	""
 309 0014 00        		.string	""
 310 0015 00        		.string	""
 311 0016 C600      		.string	"\306"
 312 0018 00        		.string	""
 313 0019 00        		.string	""
 314 001a 7469 6D65 		.string	"timer_clear"
 314      725F 636C 
 314      6561 7200 
 315 0026 00        		.string	""
 316 0027 00        		.string	""
 317 0028 00        		.string	""
 318 0029 00        		.string	""
 319 002a 00        		.string	""
 320 002b 00        		.string	""
 321 002c 00        		.string	""
 322 002d 00        		.string	""
 323 002e 00        		.string	""
 324 002f 00        		.string	""
 325 0030 00        		.string	""
 326 0031 C800      		.string	"\310"
 327 0033 00        		.string	""
 328 0034 00        		.string	""
 329 0035 7469 6D65 		.string	"timer_count"
 329      725F 636F 
 329      756E 7400 
 330 0041 00        		.string	""
 331 0042 04        		.ascii	"\004"
 332 0043 00        		.string	""
 333 0044 0400      		.string	"\004"
 334 0046 00        		.string	""
 335 0047 00        		.string	""
 336 0048 00        		.string	""
 337 0049 00        		.string	""
 338 004a 00        		.string	""
 339 004b 00        		.string	""
 340 004c E300      		.string	"\343"
 341 004e 00        		.string	""
 342 004f 00        		.string	""
 343 0050 7469 6D65 		.string	"timer_read"
 343      725F 7265 
 343      6164 00
 344 005b 00        		.string	""
 345 005c 00        		.string	""
 346 005d 00        		.string	""
 347 005e 00        		.string	""
 348 005f 00        		.string	""
 349 0060 00        		.string	""
 350 0061 00        		.string	""
 351 0062 00        		.string	""
 352 0063 00        		.string	""
 353 0064 00        		.string	""
 354 0065 00        		.string	""
 355 0066 CB00      		.string	"\313"
 356 0068 00        		.string	""
 357 0069 00        		.string	""
 358 006a 7469 6D65 		.string	"timer_read32"
 358      725F 7265 
 358      6164 3332 
 358      00
 359 0077 00        		.string	""
 360 0078 00        		.string	""
 361 0079 00        		.string	""
 362 007a 00        		.string	""
 363 007b 00        		.string	""
 364 007c 00        		.string	""
 365 007d 00        		.string	""
 366 007e 00        		.string	""
 367 007f 00        		.string	""
 368 0080 00        		.string	""
 369 0081 00        		.string	""
 370 0082 CE00      		.string	"\316"
 371 0084 00        		.string	""
 372 0085 00        		.string	""
 373 0086 7469 6D65 		.string	"timer_elapsed"
 373      725F 656C 
 373      6170 7365 
 373      6400 
 374 0094 00        		.string	""
 375 0095 00        		.string	""
 376 0096 00        		.string	""
 377 0097 00        		.string	""
 378 0098 00        		.string	""
 379 0099 00        		.string	""
 380 009a 00        		.string	""
 381 009b 00        		.string	""
 382 009c 00        		.string	""
 383 009d 00        		.string	""
 384 009e 00        		.string	""
 385 009f D200      		.string	"\322"
 386 00a1 00        		.string	""
 387 00a2 00        		.string	""
 388 00a3 7469 6D65 		.string	"timer_elapsed32"
 388      725F 656C 
 388      6170 7365 
 388      6433 3200 
 389 00b3 00        		.string	""
 390 00b4 00        		.string	""
 391 00b5 00        		.string	""
 392 00b6 00        		.string	""
 393 00b7 00        		.string	""
 394 00b8 00        		.string	""
 395 00b9 00        		.string	""
 396 00ba 00        		.string	""
 397 00bb 00        		.string	""
 398 00bc 00        		.string	""
 399 00bd 00        		.string	""
 400 00be D600      		.string	"\326"
 401 00c0 00        		.string	""
 402 00c1 00        		.string	""
 403 00c2 5F5F 7665 		.string	"__vector_21"
 403      6374 6F72 
 403      5F32 3100 
 404 00ce 00        		.string	""
 405 00cf 00        		.string	""
 406 00d0 00        		.string	""
 407 00d1 00        		.string	""
 408 00d2 00        		.string	""
 409 00d3 00        		.string	""
 410 00d4 00        		.string	""
 411 00d5 00        		.string	""
 412 00d6 00        		.string	""
 413 00d7 00        		.string	""
 414 00d8 00        		.string	""
 415 00d9 E000      		.string	"\340"
 416 00db 00        		.string	""
 417 00dc 00        		.string	""
 418               		.text
 419               		.section	.gnu.lto_.opts,"",@progbits
 420 0000 272D 666D 		.ascii	"'-fmath-errno' '-fsigned-zeros' '-ftrapping-m"
 420      6174 682D 
 420      6572 726E 
 420      6F27 2027 
 420      2D66 7369 
 421 002d 6174 6827 		.string	"ath' '-fno-trapv' '-fno-openmp' '-fno-openacc' '-mn-flash=1' '-mno-skip-bug' '-mmcu=avr5'
 421      2027 2D66 
 421      6E6F 2D74 
 421      7261 7076 
 421      2720 272D 
 422               		.text
 423               		.comm	__gnu_lto_v1,1,1
 424               		.comm	__gnu_lto_slim,1,1
 425               		.ident	"GCC: (GNU) 7.4.0"
DEFINED SYMBOLS
                            *ABS*:0000000000000000 timer.c
/var/tmp//ccOPaIFW.s:2      *ABS*:000000000000003e __SP_H__
/var/tmp//ccOPaIFW.s:3      *ABS*:000000000000003d __SP_L__
/var/tmp//ccOPaIFW.s:4      *ABS*:000000000000003f __SREG__
/var/tmp//ccOPaIFW.s:5      *ABS*:0000000000000000 __tmp_reg__
/var/tmp//ccOPaIFW.s:6      *ABS*:0000000000000001 __zero_reg__
                            *COM*:0000000000000001 __gnu_lto_v1
                            *COM*:0000000000000001 __gnu_lto_slim

NO UNDEFINED SYMBOLS
