   1               		.file	"rev2.c"
   2               	__SP_H__ = 0x3e
   3               	__SP_L__ = 0x3d
   4               	__SREG__ = 0x3f
   5               	__tmp_reg__ = 0
   6               	__zero_reg__ = 1
   7               		.section	.gnu.lto_.profile.78522142a39be4c8,"",@progbits
   8 0000 789C 6363 		.string	"x\234cc```\001bF\006!\016"
   8      6060 6001 
   8      6246 0621 
   8      0E00 
   9 000e 00        		.string	""
  10 000f A400      		.string	"\244"
  11 0011 26        		.ascii	"&"
  12               		.text
  13               		.section	.gnu.lto_.icf.78522142a39be4c8,"",@progbits
  14 0000 789C 6363 		.string	"x\234cc``\340`@"
  14      6060 E060 
  14      4000 
  15 000a 4686 9DFF 		.string	"F\206\235\3777\\fg"
  15      375C 6667 
  15      00
  16 0013 00        		.string	""
  17 0014 0FE8 0352 		.ascii	"\017\350\003R"
  18               		.text
  19               		.section	.gnu.lto_.jmpfuncs.78522142a39be4c8,"",@progbits
  20 0000 789C 6363 		.string	"x\234cc```c@"
  20      6060 6063 
  20      4000 
  21 000a 4630 0900 		.string	"F0\t"
  22 000e 010C 00   		.string	"\001\f"
  23 0011 0E        		.ascii	"\016"
  24               		.text
  25               		.section	.gnu.lto_.inline.78522142a39be4c8,"",@progbits
  26 0000 789C 6363 		.string	"x\234cc``\220b@"
  26      6060 9062 
  26      4000 
  27 000a 4606 062E 		.string	"F\006\006.!F\006&\236\007\261\fl\013\344\231\300b\\ \022"
  27      2146 0626 
  27      9E07 B10C 
  27      6C0B E499 
  27      C062 5C20 
  28 0020 2787 025C 		.ascii	"'\207\002\\"
  29               		.text
  30               		.section	.gnu.lto_.pureconst.78522142a39be4c8,"",@progbits
  31 0000 789C 6363 		.string	"x\234cc```\006bF\006)"
  31      6060 6006 
  31      6246 0629 
  31      00
  32 000d 00        		.string	""
  33 000e 7F00      		.string	"\177"
  34 0010 25        		.ascii	"%"
  35               		.text
  36               		.section	.gnu.lto_matrix_init_kb.78522142a39be4c8,"",@progbits
  37 0000 789C 7D90 		.string	"x\234}\220\315KBA\024\305\357\231y~-l]$\341\326E\n\375Ge.\"\3100\bZ\371LK3\027-\312(\036!
  37      CD4B 4241 
  37      14C5 EF99 
  37      797E 2D6C 
  37      5D24 E1D6 
  38 0060 D446 7783 		.string	"\324Fw\203\342\002q\344\344\262D5\375P\026\201-\235\313\\\255\365\352\333&\fI\224\347\245
  38      E202 71E4 
  38      E4B2 4435 
  38      FD50 1681 
  38      2D9D CB5C 
  39 00e3 3E36 5342 		.string	">6SB\001\314K\276\315\303\246\t\033Xj\027K^E"
  39      01CC 4BBE 
  39      CDC3 A609 
  39      1B58 6A17 
  39      4B5E 4500 
  40 00f7 4CC2 11CF 		.ascii	"L\302\021\317\262h-k\r\375O,3\2211\266\311\347\306\227I\225\326"
  40      B268 2D6B 
  40      0DFD 4F2C 
  40      3391 31B6 
  40      C9E7 C697 
  41 010e F96B A7EA 		.ascii	"\371k\247\352\266]\005\371x\337(\346\264\237\214\343o\306\311"
  41      B65D 05F9 
  41      78DF 28E6 
  41      B49F 8CE3 
  41      6FC6 C9
  42 0121 6F57 1A13 		.ascii	"oW\032\023\376\272\370\207P\261\\h\324B\262p\327ge\316\017\312"
  42      FEBA F887 
  42      50B1 5C68 
  42      D442 B270 
  42      D767 65CE 
  43 0137 E5D6 B52B 		.ascii	"\345\326\265+\376\256\273\r\251\345U\2728E\234svP\033\263\205"
  43      FEAE BB0D 
  43      A9E5 55BA 
  43      3845 9C73 
  43      7650 1BB3 
  44 014c A6C7 9A53 		.ascii	"\246\307\232S\225\341K\316Z\020\r\214GfF\242\303\261\321\251"
  44      95E1 4BCE 
  44      5A10 0D8C 
  44      4766 46A2 
  44      C3B1 D1A9 
  45 0160 D064 2C12 		.ascii	"\320d,\022\235\030\013\207b\221\351!\253\005\303\364\t\276\f"
  45      9D18 0B87 
  45      6291 E921 
  45      AB05 C3F4 
  45      09BE 0C
  46 0173 A75A      		.ascii	"\247Z"
  47               		.text
  48               		.section	.gnu.lto_.symbol_nodes.78522142a39be4c8,"",@progbits
  49 0000 789C 6363 		.string	"x\234cc``\320\006b\006&\341z\006\206\t\347\030\030\200\324\256\006G\006\006F\221zF\260"
  49      6060 D006 
  49      6206 26E1 
  49      7A06 8609 
  49      E718 1880 
  50 0020 0343 4383 		.string	"\003CC\203\003\003\0033\003#\303\223\207\377\030\031"
  50      0303 0333 
  50      0323 C393 
  50      87FF 1819 
  50      00
  51 0031 D1A8 0A19 		.ascii	"\321\250\n\031"
  52               		.text
  53               		.section	.gnu.lto_.refs.78522142a39be4c8,"",@progbits
  54 0000 789C 6363 		.string	"x\234cc```\004b\006"
  54      6060 6004 
  54      6206 00
  55 000b 00        		.string	""
  56 000c 4400      		.string	"D"
  57 000e 08        		.ascii	"\b"
  58               		.text
  59               		.section	.gnu.lto_.decls.78522142a39be4c8,"",@progbits
  60 0000 789C 8D51 		.ascii	"x\234\215QM"
  60      4D
  61 0005 6813 5110 		.string	"h\023Q\020~\263\333\237\270Im,\"9\254Rz\352\305\335\242BZOB\017\336\274\211\307t\273\t\27
  61      7EB3 DB9F 
  61      B849 6D2C 
  61      2239 AC52 
  61      7AEA C5DD 
  62 0106 8E8A D087 		.string	"\216\212\320\207?\002\226!\202\247\321\342\"\247k\337*-=Y\232\255R\273\\\026\266(\235\305
  62      3F02 9621 
  62      82A7 D1E2 
  62      22A7 6BDF 
  62      2A2D 3D59 
  63 012c 8935 9377 		.ascii	"\2115\223w\270\341>T\260\313\025\350\301\314W\267\362\021\376"
  63      B8E1 3E54 
  63      B0CB 15E8 
  63      C1CC 57B7 
  63      F211 FE
  64 013f 8CD3 8BFD 		.ascii	"\214\323\213\375n\2222\222*\226+\317\365\257\3473t\252\315\251"
  64      6E92 3292 
  64      2A96 2BCF 
  64      F5AF E733 
  64      74AA CDA9 
  65 0153 0485 2647 		.ascii	"\004\205&G\301\353\017V\235\374\247\365\037v\347\f\017]\002p"
  65      C1EB 0F56 
  65      9DFC A7F5 
  65      1F76 E70C 
  65      0F5D 0270 
  66 0167 E8BE FEF2 		.ascii	"\350\276\376\362|"
  66      7C
  67 016c 2E88 EE7E 		.string	".\210\356~\001\302\350\346&\337/\006\320\025\005\250\003\363?\024j\035\256\317*.\316/\224
  67      01C2 E8E6 
  67      26DF 2F06 
  67      D015 05A8 
  67      03F3 3F14 
  68 026d 4DF2 0307 		.ascii	"M\362\003\007"
  69               		.text
  70               		.section	.gnu.lto_.symtab.78522142a39be4c8,"",@progbits
  71 0000 6D61 7472 		.string	"matrix_init_kb"
  71      6978 5F69 
  71      6E69 745F 
  71      6B62 00
  72 000f 00        		.string	""
  73 0010 00        		.string	""
  74 0011 00        		.string	""
  75 0012 00        		.string	""
  76 0013 00        		.string	""
  77 0014 00        		.string	""
  78 0015 00        		.string	""
  79 0016 00        		.string	""
  80 0017 00        		.string	""
  81 0018 00        		.string	""
  82 0019 00        		.string	""
  83 001a B800      		.string	"\270"
  84 001c 00        		.string	""
  85 001d 00        		.string	""
  86 001e 6D61 7472 		.string	"matrix_init_user"
  86      6978 5F69 
  86      6E69 745F 
  86      7573 6572 
  86      00
  87 002f 00        		.string	""
  88 0030 02        		.ascii	"\002"
  89 0031 00        		.string	""
  90 0032 00        		.string	""
  91 0033 00        		.string	""
  92 0034 00        		.string	""
  93 0035 00        		.string	""
  94 0036 00        		.string	""
  95 0037 00        		.string	""
  96 0038 00        		.string	""
  97 0039 00        		.string	""
  98 003a BA00      		.string	"\272"
  99 003c 00        		.string	""
 100 003d 00        		.string	""
 101               		.text
 102               		.section	.gnu.lto_.opts,"",@progbits
 103 0000 272D 666D 		.ascii	"'-fmath-errno' '-fsigned-zeros' '-ftrapping-m"
 103      6174 682D 
 103      6572 726E 
 103      6F27 2027 
 103      2D66 7369 
 104 002d 6174 6827 		.string	"ath' '-fno-trapv' '-fno-openmp' '-fno-openacc' '-mn-flash=1' '-mno-skip-bug' '-mmcu=avr5'
 104      2027 2D66 
 104      6E6F 2D74 
 104      7261 7076 
 104      2720 272D 
 105               		.text
 106               		.comm	__gnu_lto_v1,1,1
 107               		.comm	__gnu_lto_slim,1,1
 108               		.ident	"GCC: (GNU) 7.4.0"
DEFINED SYMBOLS
                            *ABS*:0000000000000000 rev2.c
/var/tmp//ccYFhXS0.s:2      *ABS*:000000000000003e __SP_H__
/var/tmp//ccYFhXS0.s:3      *ABS*:000000000000003d __SP_L__
/var/tmp//ccYFhXS0.s:4      *ABS*:000000000000003f __SREG__
/var/tmp//ccYFhXS0.s:5      *ABS*:0000000000000000 __tmp_reg__
/var/tmp//ccYFhXS0.s:6      *ABS*:0000000000000001 __zero_reg__
                            *COM*:0000000000000001 __gnu_lto_v1
                            *COM*:0000000000000001 __gnu_lto_slim

NO UNDEFINED SYMBOLS
