   1               		.file	"process_space_cadet.c"
   2               	__SP_H__ = 0x3e
   3               	__SP_L__ = 0x3d
   4               	__SREG__ = 0x3f
   5               	__tmp_reg__ = 0
   6               	__zero_reg__ = 1
   7               		.section	.gnu.lto_.profile.66afa37b8b4db042,"",@progbits
   8 0000 789C 6363 		.string	"x\234cc```\005bF\206\367\214\005"
   8      6060 6005 
   8      6246 86F7 
   8      8C05 00
   9 000f 03CC 016D 		.ascii	"\003\314\001m"
  10               		.text
  11               		.section	.gnu.lto_.icf.66afa37b8b4db042,"",@progbits
  12 0000 789C 6363 		.string	"x\234cc``\220b@"
  12      6060 9062 
  12      4000 
  13 000a 1686 351B 		.string	"\026\2065\033\316\355ef\\\363\367\306u6\246M\rK\357r3\3178\334\263\223\221\001"
  13      CEED 6566 
  13      5CF3 F7C6 
  13      7536 A64D 
  13      0D4B EF72 
  14 0027 A682 0BD3 		.ascii	"\246\202\013\323"
  15               		.text
  16               		.section	.gnu.lto_.jmpfuncs.66afa37b8b4db042,"",@progbits
  17 0000 789C 958F 		.string	"x\234\225\217\275N\002Q\020\205\347\334K\224X\350\013l\r\274\205/\343KPi\2451\306\316\304
  17      BD4E 0251 
  17      1085 E7DC 
  17      4B94 58E8 
  17      0B6C 0DBC 
  18 0089 CBF9 8DBB 		.string	"\313\371\215\273%o\312lY\304\334\r\027\357\037o\233\022x"
  18      256F CA6C 
  18      59C4 DC0D 
  18      17EF 1F6F 
  18      9B12 7800 
  19 009d 3418 728E 		.ascii	"4\030r\216\201\267\221\237\344\033\372wGw\302\327u\001J\270U"
  19      81B7 919F 
  19      E41B FA77 
  19      4777 C2D7 
  19      7501 4AB8 
  20 00b2 B9E4 E5DF 		.ascii	"\271\344\345\3377\324\017\303+#\300\020\270Sb8\335\220\\\311"
  20      37D4 0FC3 
  20      2B23 C010 
  20      B853 6238 
  20      DD90 5CC9 
  21 00c6 C4FE F83A 		.ascii	"\304\376\370:\020\240\210{\225\213+6|\237\215G9\001\"\340A\211"
  21      10A0 887B 
  21      958B 2B36 
  21      7C9F 8D47 
  21      3901 22E0 
  22 00dc 683E B0FB 		.ascii	"h>\260\373YmA\f}\240\251\206\376\334\0207/;V\f\005<\252^X\261"
  22      596D 410C 
  22      7DA0 A986 
  22      FEDC 1037 
  22      2F3B 560C 
  23 00f6 F238 7ADA 		.ascii	"\3628z\332\021\177\f\264\024\210\323n\372\323\025/\335\366\271"
  23      117F 0CB4 
  23      1488 D36E 
  23      FAD3 152F 
  23      DDF6 B9
  24 0109 86EC 016D 		.ascii	"\206\354\001m%z\323\021\311\324\3311\227c\374?\327\362\332\214"
  24      257A D311 
  24      C9D4 D931 
  24      9763 FC3F 
  24      D7F2 DA8C 
  25 011d 1CF4 0305 		.ascii	"\034\364\003\005_\266\305"
  25      5FB6 C5
  26               		.text
  27               		.section	.gnu.lto_.inline.66afa37b8b4db042,"",@progbits
  28 0000 789C 85D0 		.string	"x\234\205\320\273J\003A\024\006\340\377\314\314n\206\354\022\007Q\253\200\333\004\337!U\2
  28      BB4A 0341 
  28      1406 E0FF 
  28      CCCC 6E86 
  28      EC12 0751 
  29 0051 7A04 B704 		.string	"z\004\267\004P\034#\017\272\272\"iu\366\244\223Y\224\353R\022\250Ayi\240+\203@\220\206x\2
  29      501C 230F 
  29      BABA 2269 
  29      75F6 A493 
  29      5994 EB52 
  30 012e 4962 605D 		.ascii	"Ib`]"
  31               		.text
  32               		.section	.gnu.lto_.pureconst.66afa37b8b4db042,"",@progbits
  33 0000 789C 6363 		.string	"x\234cc```\005b&\006IfI"
  33      6060 6005 
  33      6226 0649 
  33      6649 00
  34 000f 00        		.string	""
  35 0010 FC00      		.string	"\374"
  36 0012 43        		.ascii	"C"
  37               		.text
  38               		.section	.gnu.lto_perform_space_cadet.66afa37b8b4db042,"",@progbits
  39 0000 789C 8D55 		.string	"x\234\215U[L\034e\024\376\317\374s\333\335\331\013Pn\212)ilH\243e\301\366\301\304h|\322\0
  39      5B4C 1C65 
  39      14FE CFFC 
  39      73DB DDD9 
  39      0B50 6E8A 
  40 0028 8989 1710 		.string	"\211\211\027\020\350\203/2\345\262P\265\326K\273\215\033\212\233Xm\033Q\202\322\322\245\3
  40      E883 2F32 
  40      E5B2 50B5 
  40      D64B BB8D 
  40      1B8A 9B58 
  41 00d7 3DD8 26B0 		.string	"=\330&\260f\205\253\232n\230>\177\300\n\206\302\021h\206\267\371>\016\303\035\327S\312\22
  41      6685 AB9A 
  41      6E98 3E7F 
  41      C00A 86C2 
  41      1168 86B7 
  42 01ab 1F7A 67B5 		.ascii	"\037zg\265\264\275\262\332a\247'J\022\253\346#\200\030MA\241"
  42      B4BD B2DA 
  42      61A7 274A 
  42      12AB E623 
  42      8018 4D41 
  43 01c0 7314 868A 		.ascii	"s\024\206\212\302\324H\350\244\032$L\362\372H\370I\r\220\327"
  43      C2D4 48E8 
  43      A41A 244C 
  43      F2FA 48F8 
  43      490D 90D7 
  44 01d4 2211 2435 		.ascii	"\"\021$5D\"Lj\204D\016\251\271$\362H\335@\"\237\324\002\022\205"
  44      4422 4C6A 
  44      8444 0EA9 
  44      B924 F248 
  44      DD40 229F 
  45 01ec A416 9128 		.ascii	"\244\026\221(&u#\320`K\201\306\264\t\250\345\315@\364\267\222"
  45      2675 23D0 
  45      604B 81C6 
  45      B409 A8E5 
  45      CD40 F4B7 
  46 0201 B39C 4494 		.ascii	"\263\234D\224D\005\211J\022\214ub7x#v\232\355\346\n=\265\246"
  46      4405 894A 
  46      128C 7562 
  46      3778 2376 
  46      9AED E60A 
  47 0218 D9EF D032 		.ascii	"\331\357\3202\270\220\032\tP\223\t\016\330{\274}x\332\240\205"
  47      B890 1A09 
  47      5093 090E 
  47      D87B BC7D 
  47      78DA A085 
  48 022c 7339 B9E1 		.ascii	"s9\271\341\311sz\022\272w\341\325$\337\300D\276\004\337\b\247"
  48      C973 7A12 
  48      BA77 E1D5 
  48      24DF C044 
  48      BE04 DF08 
  49 0241 71B9 E49D 		.ascii	"q\271\344\235\353\270\362c \3729\235Ti\027\367C\032\222\260_"
  49      EBB8 F263 
  49      20FA 399D 
  49      5469 17F7 
  49      431A 92B0 
  50 0256 DC13 3ABF 		.ascii	"\334\023:\277Xj\231R\24539\210\003\327\340\fD\367s\032%\fC\224"
  50      586A 9952 
  50      A533 3988 
  50      03D7 E00C 
  50      44F7 731A 
  51 026e FD0A 6DD7 		.ascii	"\375\nm\327FF\341.\2455`0B%\360\263\033oh\276XRM,\f\216\370)"
  51      4646 E12E 
  51      A535 6030 
  51      4225 F0B3 
  51      1B6F 68BE 
  52 028a 3E3B 3820 		.ascii	">;8 x\246R\213\327\214\346[\266\211\206$\227\004\372[o\274\037"
  52      78A6 528B 
  52      D78C E65B 
  52      B689 8624 
  52      9704 FA5B 
  53 02a1 42EE 62D9 		.ascii	"B\356b\331g\3615\030\245\234p\016I&x)[\204\326\344\237{\036\226"
  53      67F1 3518 
  53      A59C 700E 
  53      4926 7829 
  53      5B84 D6E4 
  54 02b9 F515 6F0E 		.ascii	"\365\025o\016+N<\341<4c\313A\252=\367\346Q\355\316\322\241;K"
  54      2B4E 3CE1 
  54      3C34 63CB 
  54      41AA 3DF7 
  54      E651 EDCE 
  55 02d1 8792 04F3 		.ascii	"\207\222\004\363\226\016\3038\226\036\023\245/\210\322\n\346"
  55      960E C338 
  55      961E 13A5 
  55      2F88 D20A 
  55      E6
  56 02e2 6B8D C76E 		.ascii	"k\215\307n\r4\311\332\034\331 \246c\301\036R)\255\n\245p\021"
  56      0D34 C9DA 
  56      1CD9 20A6 
  56      63C1 1E52 
  56      29AD 0AA5 
  57 02f8 E371 40D3 		.ascii	"\343q@\323#\363\316\200\350\r\036\277p\340\210%#\f\230\310\f"
  57      23F3 CE80 
  57      E80D 1EBF 
  57      70E0 8825 
  57      230C 98C8 
  58 030d 4865 674C 		.ascii	"HegL1\240\326\233:K\360JL'\274\310\372\257\216=\251E'\203\212"
  58      31A0 D69B 
  58      3A4B F04A 
  58      4C27 BCC8 
  58      FAAF 8E3D 
  59 0326 2E0A 5A8E 		.ascii	".\nZ\2169\006\r\036*A\263\214\373\236K#\331q4m\245\342\356\275"
  59      3906 0D1E 
  59      2A41 B38C 
  59      FB9E 4B23 
  59      D971 346D 
  60 033e ED45 E2C8 		.ascii	"\355E\342\310\235\301$N\005\003\273x\216(\257\261\236\355r?\361"
  60      9DC1 244E 
  60      0503 BB78 
  60      8E28 AFB1 
  60      9EED 723F 
  61 0353 858B 1F3B 		.ascii	"\205\213\037;\247d\334\313N\2462;\231\306\301P\277W3\375\032"
  61      A764 DCCB 
  61      4EA6 323B 
  61      99C6 C150 
  61      BF57 33FD 
  62 0368 B422 D99F 		.ascii	"\264\"\331\237\316&\374N\201\361g\244\327\274\227\271\317d\346"
  62      CE26 FC4E 
  62      81F1 67A4 
  62      D7BC 97B9 
  62      CF64 E6
  63 037b 7E89 D2BB 		.ascii	"~\211\322\273M%\270\317\213\316\215\343\2151\230\025m\241\236"
  63      4D25 B8CF 
  63      8BCE 8DE3 
  63      8D31 9815 
  63      6DA1 9E
  64 038e 2727 3FAA 		.ascii	"''?\252\336\216\216\265-\275\247\320\344\303x\023\360Mf\364\006"
  64      DE8E 8EB5 
  64      2DBD A7D0 
  64      E4C3 7813 
  64      F04D 66F4 
  65 03a3 FB54 436A 		.ascii	"\373TCj\342\224\257w=/\001\245\t\276\311\361\233,\315\345j\342"
  65      E294 AF77 
  65      3D2F 01A5 
  65      09BE C9F1 
  65      9B2C CDE5 
  66 03b9 B11F 52FD 		.ascii	"\261\037R\375No~\332\320\355\r+\2165k\245>\266\017\262VZ\356"
  66      4E6F 7EDA 
  66      D0ED 0D2B 
  66      8E35 6BA5 
  66      3EB6 0FB2 
  67 03d0 59E9 52AA 		.ascii	"Y\351R\252\337\201\004\320\345Y\251%V\032pV\252Ic\020\355\377"
  67      DF81 04D0 
  67      E559 A925 
  67      561A 7056 
  67      AA49 6310 
  68 03e6 B352 157B 		.ascii	"\263R\025{\237\023\275\007\335\225\372\263h\267?&\263\204\260"
  68      9F13 BD07 
  68      DD95 FAB3 
  68      68B7 3F26 
  68      B384 B0
  69 03f9 ABB5 A443 		.ascii	"\253\265\244CY\244\003^\322Q\002dH\037<\331\343@\302\350\362"
  69      59A4 035E 
  69      D251 0264 
  69      481F 3CD9 
  69      E340 C2E8 
  70 040e 908E 08D2 		.ascii	"\220\216\b\322a/\351\034\264\257s\207\337\n\3229.iK\356\0021"
  70      612F E91C 
  70      B4AF 7387 
  70      DF0A D239 
  70      2E69 4BEE 
  71 0424 C9D5 771E 		.ascii	"\311\325w\036\270;LC\330w\002\266\231`\242\301\241\241C\016\221"
  71      B83B 4C43 
  71      D877 02B6 
  71      9960 A2C1 
  71      A1A1 430E 
  72 0439 5C4F 8BA3 		.ascii	"\\O\213\243\016\337\334\254\026\203\354\247\354\026+<-N\016\035"
  72      0EDF DCAC 
  72      1683 ECA7 
  72      EC16 2B3C 
  72      2D4E 0E1D 
  73 044d 7220 79E8 		.ascii	"r y\350\362\264\270A\264\230'\343>tZ\314G\373:{\271,\270\346"
  73      F2B4 B841 
  73      B498 27E3 
  73      3E74 5ACC 
  73      47FB 3A7B 
  74 0465 BB2D 8658 		.ascii	"\273-\206X,\352\356\345\237\307e\226\002\3171\271\244\013\262"
  74      2CEA EEE5 
  74      9FC7 6596 
  74      02CF 31B9 
  74      A40B B2
  75 0478 4887 5977 		.ascii	"H\207YwN\026\351\255\336\277\017\247]\322\205\350\362\220.\022"
  75      4E16 E9AD 
  75      DEBF 0FA7 
  75      5DD2 85E8 
  75      F290 2E12 
  76 048c A40B BDA4 		.ascii	"\244\013\275\244\213\321\276\016\351+\202t\261K:\342\374\257"
  76      8BD1 BE0E 
  76      E92B 8274 
  76      B14B 3AE2 
  76      FCAF 
  77 049e F903 5A92 		.ascii	"\371\003Z\222\177\357\025\271\005\261N|g\321\203\233,\177mg\325"
  77      7FEF 15B9 
  77      05B1 4E7C 
  77      67D1 839B 
  77      2C7F 6D67 
  78 04b3 AB4D 3B5F 		.ascii	"\253M;_\211\3267\324U\32766\356x\251\366\365\352\272\232\332"
  78      89D6 37D4 
  78      55D7 3636 
  78      EE78 A9F6 
  78      F5EA BA9A 
  79 04c8 8CDE 585F 		.ascii	"\214\336X_U]\273\243\272\252\246\266\251\274\232\351\r\265\325"
  79      555D BBA3 
  79      BAAA A6B6 
  79      A9BC 9AE9 
  79      0DB5 D5
  80 04db 750D 35C6 		.ascii	"u\r5\306\213u/\327<[W\2437U\325\343\217\341\200\376\003\341|"
  80      8B75 2FD7 
  80      3C5B 57A3 
  80      3755 D5E3 
  80      8FE1 80FE 
  81 04f2 D1E9      		.ascii	"\321\351"
  82               		.text
  83               		.section	.gnu.lto_process_space_cadet.66afa37b8b4db042,"",@progbits
  84 0000 789C 7D95 		.string	"x\234}\225\337O\034E\034\300\347\273\263\267\273w\313\035>h\322&gb\242\021\353C\321\370`|
  84      DF4F 1C45 
  84      1CC0 E7BB 
  84      B3B7 BB77 
  84      CB1D 3E68 
  85 00b4 22B0 0C60 		.ascii	"\"\260\f`\345\nW\035\232n8]\246\033\312\341\024\257\341p.T=\347"
  85      E50A 571D 
  85      9A6E 385D 
  85      A61B CAE1 
  85      14AF E170 
  86 00cc 39D0 6C59 		.ascii	"9\320lY\025V\264nG\037\266*\367\2059c\265\234\301[^x\303+6\325"
  86      1556 B46E 
  86      471F B62A 
  86      F785 3963 
  86      B59C C15B 
  87 00e6 0107 70E4 		.ascii	"\001\007p\344\320\336\343h\376\347<\314\001\024|\034\177\020"
  87      D0DE E368 
  87      FEE7 3CCC 
  87      0114 7C1C 
  87      7F10 
  88 00f8 FFDA 148F 		.ascii	"\377\332\024\217\n<\207\217\2357\316]T\371\233\3000\276z\262"
  88      0A3C 878F 
  88      9D37 CE5D 
  88      54F9 9BC0 
  88      30BE 7AB2 
  89 010c F6A1 BBA0 		.ascii	"\366\241\273\240\211\346\234}\337\312\013s\016?\001\027s^\001"
  89      89E6 9C7D 
  89      DFCA 0B73 
  89      0E3F 0117 
  89      735E 01
  90 011f 2F5C 062F 		.ascii	"/\\\006/\303&\006\235P\200\243+\257\307_\341\357\020\330\336"
  90      C326 069D 
  90      5080 A32B 
  90      AFC7 5FE1 
  90      EF10 D8DE 
  91 0133 3AFD 8591 		.ascii	":\375\205\221\002\343\037\bP\205\237\237\006U\006]P \206/\264"
  91      02E3 1F08 
  91      5085 9F9F 
  91      0655 065D 
  91      5020 862F 
  92 0148 3D09 B935 		.ascii	"=\t\2715U,\026W\331\r\032\003\fZ\307\035Q\353\311^\025N\261\257"
  92      552C 1657 
  92      D90D 1A03 
  92      0C5A C71D 
  92      51EB C95E 
  93 0160 BEC3 990F 		.ascii	"\276\303\231\017\3100E\024*\b\245\006\304\263\223H\341\311XQ"
  93      C830 4514 
  93      2A08 A506 
  93      C4B3 9348 
  93      E1C9 5851 
  94 0174 16E4 8A   		.ascii	"\026\344\212"
  95 0177 888E 45D9 		.string	"\210\216E\331*|em\355\275'\346\252\347**Z&\276Y\207\263P\0358nY\221\315\320\3760w0V'|\f\2
  95      2A7C 656D 
  95      EDBD 27E6 
  95      AAE7 2A2A 
  95      5A26 BE59 
  96 0278 6250 CEEA 		.string	"bP\316\352\271\206}\311\215\246\036\020^\035\346\001F\361\035\303\037\266/u7\216r\331\376
  96      B986 7DC9 
  96      8DA6 1E10 
  96      5E1D E601 
  96      46F1 1DC3 
  97 02c0 C632 3E47 		.string	"\3062>G\306\267h\373T\362\375\235\313w=\355\233L\3666\2446\370'\300\r\271\301\354\035i\03
  97      C6B7 68FB 
  97      54F2 FD9D 
  97      CB77 3DED 
  97      9B4C F636 
  98 02f3 26E4 86B2 		.string	"&\344\206\262\267\240g\004\215\241\224@\2239\n\345\020$\323\202\235\310\326\003U\032\026"
  98      B7A0 6704 
  98      8DA1 9440 
  98      9339 0AE5 
  98      1024 D382 
  99 030f 6E3E BB05 		.string	"n>\273\005#+)\266A\227I\311e\230L\033.\007\243\337*\322\360\027\300\255g\367\340\314J\203
  99      232B 29B6 
  99      4197 49C9 
  99      6598 4C1B 
  99      2E07 A3DF 
 100 0341 6ECB A6D1 		.ascii	"n\313\246\321\350\264.\233^\203\351\214\317\225\225\024\333\307"
 100      E8B4 2E9B 
 100      5E83 E98C 
 100      CF95 9514 
 100      DBC7 
 101 0353 D81A 5474 		.ascii	"\330\032Tt\257\366\016\345\313\333I|%\265\225\375c\304\253t}"
 101      AFF6 0EE5 
 101      CBDB 497C 
 101      25B5 95FD 
 101      63C4 AB74 
 102 0368 F6F4 5F1B 		.ascii	"\366\364_\033\326\"p>`\341G\323'\356=\247\320\317\340\207#\272"
 102      D622 703E 
 102      60E1 47D3 
 102      27EE 3DA7 
 102      D0CF E087 
 103 037e 9355 5377 		.ascii	"\223USw\314\302\026\354\264^\ns\027\314B\004Bt\225a\347\245\373"
 103      CCC2 16EC 
 103      B45E 0A73 
 103      17CC 4204 
 103      4274 9561 
 104 0395 1509 5576 		.ascii	"\025\tUvF\266\001/K\370\003\nC\362\312\272\003\205l\031\216\317"
 104      46B6 012F 
 104      4BF8 030A 
 104      43F2 CABA 
 104      0385 6C19 
 105 03ab 0C0C 2AFF 		.ascii	"\f\f*\377\343\306K\027\346\204\202\226n\262F\007.\035\327\272"
 105      E3C6 4B17 
 105      E684 8296 
 105      6EB2 4607 
 105      2E1D D7BA 
 106 03bf B5D2 D7E4 		.ascii	"\265\322\327\344\021\343\263\007\233\360\324Q\231\021\261g\221"
 106      11E3 B307 
 106      9BF0 D451 
 106      9911 B167 
 106      91
 107 03d0 8463 1B67 		.ascii	"\204c\033g=\270x\220\037c9\276\2578'\246<\362\037\233\216\266"
 107      3DB8 7890 
 107      1F63 39BE 
 107      AF38 27A6 
 107      3CF2 1F9B 
 108 03e6 45B2 05B9 		.ascii	"E\262\005\271;uk\257\203\202\347,\356\311G\240\210\265\360\351"
 108      3B75 6BAF 
 108      8382 E72C 
 108      EEC9 47A0 
 108      88B5 F0E9 
 109 03fa 0BF3 14A8 		.ascii	"\013\363\024\250\261F\020\265#\366\035\325Z\254\231j=\366=\325"
 109      B146 10B5 
 109      23F6 1DD5 
 109      5AAC 996A 
 109      3DF6 3DD5 
 110 040e 46EC 22D5 		.ascii	"F\354\"\325\316\330%\310N\021\303\024-\201\327\265\335>O\201"
 110      CED8 25C8 
 110      4E11 C314 
 110      2D81 D7B5 
 110      DD3E 4F81 
 111 0422 A9E0 DF05 		.ascii	"\251\340\337\005\b\035Z\016~r\264\350\343#G?*<\\Z\342\363\227"
 111      081D 5A0E 
 111      7E72 B4E8 
 111      E323 473F 
 111      2A3C 5C5A 
 112 0439 951D FAD0 		.ascii	"\225\035\372\320\377\251\257\244\330\237~.;\\\344\363\037\362"
 112      FFA9 AFA4 
 112      D89F 7E2E 
 112      3B5C E4F3 
 112      1FF2 
 113 044b 1515 FB8F 		.ascii	"\025\025\373\217\034\3641=\325\255\225\372}%\245\305\377\002"
 113      1CF4 313D 
 113      D5AD 95FA 
 113      7D25 A5C5 
 113      FF02 
 114 045d 516C 809A 		.ascii	"Ql\200\232"
 115               		.text
 116               		.section	.gnu.lto_.symbol_nodes.66afa37b8b4db042,"",@progbits
 117 0000 789C 55CA 		.string	"x\234U\312\255\016\3020\024\206\341\257=k\301M\3603~\034\232\213\200+;\025Mp\204 \230ov\0
 117      AD0E C230 
 117      1486 E1AF 
 117      3D6B C14D 
 117      F033 7E1C 
 118 0048 A486 222A 		.ascii	"\244\206\"*\307,\222\0071c\031\007\300\230\225\3579S\322\023"
 118      C72C 9207 
 118      3163 1907 
 118      C098 95EF 
 118      3953 D213 
 119 005c CE92 9EB2 		.ascii	"\316\222\236\262J\272`\375\337\204>\354sI\320\260\233\227 \364"
 119      4ABA 60FD 
 119      DF84 3EEC 
 119      7349 D0B0 
 119      9B97 20F4 
 120 0070 602F B524 		.ascii	"`/\265$d\250\266y\234\367\036\205\352v\022a\265\207\"\360(\357"
 120      64A8 B679 
 120      9CF7 1E85 
 120      EA76 1261 
 120      B587 22F0 
 121 0086 4404 34EF 		.ascii	"D\0044\357<\340\332H\363\303\235?\"f\247\253\273\366\342\013"
 121      3CE0 DA48 
 121      F3C3 9D3F 
 121      2266 A7AB 
 121      BBF6 E20B 
 122 009a D74B 3853 		.ascii	"\327K8S"
 123               		.text
 124               		.section	.gnu.lto_.refs.66afa37b8b4db042,"",@progbits
 125 0000 789C 6363 		.string	"x\234cc``\020\001b\026\006FFfF&V\006F^\006&~ \223Q\230\001"
 125      6060 1001 
 125      6216 0646 
 125      4666 4626 
 125      5606 465E 
 126 001d 04FB 00   		.string	"\004\373"
 127 0020 64        		.ascii	"d"
 128               		.text
 129               		.section	.gnu.lto_.decls.66afa37b8b4db042,"",@progbits
 130 0000 789C 9556 		.string	"x\234\225V[TT\347\025>{~\346\302"
 130      5B54 54E7 
 130      153E 7B7E 
 130      E6C2 00
 131 000f 8E15 6B8C 		.string	"\216\025k\214\241\255Ul'Ie\320\332\332t\365!\253\351Z}\353S}\260/\223\3510M]\001\206\f\20
 131      A1AD 556C 
 131      2749 65D0 
 131      DADA 74F5 
 131      21AB E95A 
 132 009f DF8B 410A 		.ascii	"\337\213A\n{bpc>\276\337G\231'\361\261b\237\332^\213\022\207"
 132      7B62 7063 
 132      3EBE DF47 
 132      9927 F1B1 
 132      629F DA5E 
 133 00b6 F227 9417 		.ascii	"\362'\224\027(7P~\2146\226\240\274\216\262\0248\217x|\317AY\206"
 133      2837 507E 
 133      8C36 96A0 
 133      BC8E B214 
 133      388F 787C 
 134 00ce B240 F89B 		.ascii	"\262@\370\233@\271Ny\tn\213B8)\034g\343\365\032nD\013\016\n\257"
 134      40B9 4E79 
 134      096E 8B42 
 134      3829 1C67 
 134      E3F5 1A6E 
 135 00e7 2EC1 8D72 		.ascii	".\301\215r\375\tp\216Z\b\347\025\352\227\216i>\250\357H\034\377"
 135      FD09 708E 
 135      5A08 E715 
 135      EA97 8E69 
 135      3EA8 EF48 
 136 00fd 14DF 6694 		.ascii	"\024\337f\2247Q\336By\033\345g(\313Q\022\200\363\b}\266\023h"
 136      3751 DE42 
 136      791B E567 
 136      28CB 5112 
 136      80F3 087D 
 137 0114 9E1E F799 		.ascii	"\236\036\367\231\362\b\3143\202\006\247\035\243\227vG\341t\276"
 137      F208 CC33 
 137      8206 A71D 
 137      A397 7647 
 137      E174 BE
 138 0127 11E6 E2B4 		.ascii	"\021\346\342\264u_\343\363h\276\253\305i\311\223\033C\221|\327"
 138      755F E3F3 
 138      68BE ABC5 
 138      69C9 931B 
 138      4391 7CD7 
 139 013b 8CD3 1D9E 		.ascii	"\214\323\035\236\027es\210\006\250\235\246\261#\325\002Ip\372"
 139      1765 7388 
 139      06A8 9DA6 
 139      B123 D502 
 139      4970 FA
 140 014e C9E3 9395 		.ascii	"\311\343\223\225\221\304\300\266.7w\356\320\223\271t\034\341"
 140      91C4 C0B6 
 140      2E37 77EE 
 140      D093 B974 
 140      1CE1 
 141 0160 9F18 EE26 		.ascii	"\237\030\356&\020\031\007\200\177\346lY\336 \373\344|\334\203"
 141      1019 0780 
 141      7FE6 6C59 
 141      DE20 FBE4 
 141      7CDC 83
 142 0173 9FC7 4162 		.ascii	"\237\307Ab\234\004g\300\f'\001\203\201S\b9\rq\322N\331\300Vv"
 142      9C04 67C0 
 142      0C27 0183 
 142      8153 0839 
 142      0D71 D24E 
 143 018b CA39 B23C 		.ascii	"\3129\262<\227\r\253d\376\030$:\205F !\021\225^,\315\216&\013"
 143      970D AB64 
 143      FE18 243A 
 143      8546 2021 
 143      1195 5E2C 
 144 01a3 98EB AF1F 		.ascii	"\230\353\257\037\312\207\365d\021\033\037\366\336>`@\206qF\230"
 144      CA87 F564 
 144      111B 1FF6 
 144      DE3E 6040 
 144      8671 4698 
 145 01b7 063A 7F74 		.ascii	"\006:\177tb2\206\317\351\366\225\356\273\233\365\344\207\034"
 145      6232 86CF 
 145      E9F6 95EE 
 145      BB9B F5E4 
 145      871C 
 146 01c9 7AF0 EA47 		.ascii	"z\360\352G\t\265\212\223]D\202/\204\013\334<P\266\377\\\fYC\201"
 146      09B5 8A93 
 146      5D44 822F 
 146      840B DC3C 
 146      50B6 FF5C 
 147 01e1 9A91 9AC9 		.ascii	"\232\221\232\311B=\230\215\214\220o\244\344\327e\375\262\274"
 147      423D 988D 
 147      8C90 6FA4 
 147      E4D7 65FD 
 147      B2BC 
 148 01f3 18CE 8311 		.ascii	"\030\316\203\021\232\201\3009H@\035\364\200\377sX\254\3452Y\030"
 148      9A81 C039 
 148      4840 1DF4 
 148      80FF 7358 
 148      ACE5 3259 
 149 0208 8CB5 0563 		.ascii	"\214\265\005cE\357\024\005M\030\355Y\214\026\035\344\r\367l\323"
 149      45EF 1405 
 149      4D18 ED59 
 149      8C16 1DE4 
 149      0DF7 6CD3 
 150 021c 9222 6009 		.ascii	"\222\"`\t\033\031\253\372\314\004\361\261\346\370\275\314\300"
 150      1B19 ABFA 
 150      CC04 F1B1 
 150      E6F8 BDCC 
 150      C0
 151 022d 9735 BFE9 		.ascii	"\2275\277\351\314\364\310G\022\231\223\013\350\244\rb\025\203"
 151      CCF4 C847 
 151      1299 930B 
 151      E8A4 0D62 
 151      1583 
 152 023f 2812 ACA0 		.ascii	"(\022\254\240\247y\033%\324.{d\264\002\307\320\366g@\367(\026"
 152      A779 1B25 
 152      D42E 7B64 
 152      B402 C7D0 
 152      F667 40F7 
 153 0255 DDC1 45F4 		.ascii	"\335\301E\364|\t\342\241\025\342YX\234\377\343B\202\341R\220"
 153      7C09 E2A1 
 153      15E2 5958 
 153      9CFF E342 
 153      82E1 5290 
 154 0269 24A8 D387 		.ascii	"$\250\323\207\373\rt\222,\331w\026\230[_\270[K\320-\262\037\032"
 154      FB0D 7492 
 154      2CD9 7716 
 154      985B 5FB8 
 154      5B4B D02D 
 155 0280 E9AE 3391 		.ascii	"\351\2563\221:\306^3\320\334\371}\2105\277\222\r|\211$\3763\241"
 155      3AC6 5E33 
 155      D0DC F97D 
 155      8835 BF92 
 155      0D7C 8924 
 156 0297 9655 94CF 		.ascii	"\226U\224\317\025\304\\V\263I\3511O\233|\271\347\214\344\f\363"
 156      15C4 5C56 
 156      B349 E931 
 156      4F9B 7CB9 
 156      E78C E40C 
 157 02ac 0495 4F9F 		.ascii	"\004\225O\237\215\022\254\346Z\254\3564\t)\357Z^\3363\333\372"
 157      8D12 ACE6 
 157      5AAC EE34 
 157      0929 EF5A 
 157      5EDE 33DB 
 158 02c1 EE1A C917 		.ascii	"\356\032\311\027\234Vs\235gK$\030\315\254&\355\262\254]\030B"
 158      9C56 739D 
 158      674B 2418 
 158      CDAC 26ED 
 158      B2AC 5D18 
 159 02d6 EB1A 5259 		.ascii	"\353\032RY+\252\322\201\213WqQ\251\357"
 159      2BAA D281 
 159      8B57 7151 
 159      A9EF 
 160 02e4 92FD ACBE 		.string	"\222\375\254\276]\230\203N\225\321Z##\244-\353y\261I\007\361\361\361\346X\245X\253n\363b\
 160      5D98 834E 
 160      95D1 5A23 
 160      23A4 2DEB 
 160      79B1 4907 
 161 03e5 B71F 8A16 		.string	"\267\037\212\026FWX\013\033%l\274\235\030r\373\033\256D\321\363BO\214\270\337\003\255\211
 161      4657 580B 
 161      1B25 6CBC 
 161      9D18 72FB 
 161      1BAE 44D1 
 162 0497 EA7F AB1E 		.string	"\352\177\253\036\3471\3658\207s\204\357\220\332\377B\023;\372\261K\365m"
 162      E731 F538 
 162      8773 84EF 
 162      90DA FF42 
 162      133B FAB1 
 163 04af B158 F3B0 		.string	"\261X\363\260{1\200\311\275\311\356\340\270\260\363\024\355L\240\356\244\032\"\372\275\35
 163      7B31 80C9 
 163      BDC9 EEE0 
 163      B8B0 F314 
 163      ED4C A0EE 
 164 053b C40B 98F0 		.string	"\304\013\230\3609\260)\2769NY\002\001\223\224\261@\361u\215b\216\375\201$\254M+\017\267, 
 164      39B0 29BE 
 164      394E 5902 
 164      0193 94B1 
 164      40F1 758D 
 165 0608 5BA3 3F91 		.ascii	"[\243?\2219\234\\\240\242jH\027J\216\336q\205].c\267Ia\267\351"
 165      399C 5CA0 
 165      A26A 4817 
 165      4A8E DE71 
 165      855D 2E63 
 166 0621 C47D 7F24 		.ascii	"\304}\177$\262+Gvc?\362\312>\017ji(\n\262Uj\331\241\324\362\030"
 166      B22B 4776 
 166      633F F2CA 
 166      3E0F 6A69 
 166      280A B255 
 167 063b B5B1 3D15 		.ascii	"\265\261=\025e\321d+\2315\303\023\231\317\213\311,)\332\312H"
 167      65D1 642B 
 167      9935 C313 
 167      99CF 8BC9 
 167      2C29 DACA 
 168 0650 6C51 480C 		.ascii	"lQH\f\004\316\004bh\212\020\332\327\232X\222+g\021\212\201\315"
 168      04CE 0462 
 168      688A 10DA 
 168      D79A 5892 
 168      2B67 118A 
 169 0666 2A85 CD1A 		.ascii	"*\205\315\032\376\261\t\0373\367\231=\225\223\321\244\224\273"
 169      FEB1 091F 
 169      33F7 993D 
 169      9593 D1A4 
 169      94BB 
 170 0678 2FBD DC7C 		.ascii	"/\275\334|\333$\364;\336\360\312M\300\264\363U\355|E{\033\323"
 170      DB24 F43B 
 170      DEF0 CA4D 
 170      C0B4 F355 
 170      ED7C 457B 
 171 068e 0E14 D60F 		.ascii	"\016\024\326\017\351H5\327\336}\370P\277Qh\367\252\332\005\252"
 171      E948 35D7 
 171      DE7D F850 
 171      BF51 68F7 
 171      AADA 05AA 
 172 06a2 7681 A25D 		.ascii	"v\201\242]\310\264\217g\177>\254#u\\\373i\366D\037\tV\200\207"
 172      C8B4 8F67 
 172      7F3E AC23 
 172      755C FB69 
 172      F644 1F09 
 173 06b9 7EF1 BBC6 		.ascii	"~\361\273\306>Ch\350tK\211\275\230\305^\244\304\356/\310k\217"
 173      3E43 68E8 
 173      744B 89BD 
 173      98C5 5EA4 
 173      C4EE 2FC8 
 174 06cf 12DE 0726 		.ascii	"\022\336\007&\022++<\276D\006\202\355*\201\355\n\201\1772\002"
 174      122B 2B3C 
 174      BE44 0682 
 174      ED2A 81ED 
 174      0A81 7F32 
 175 06e4 FB06 0A36 		.ascii	"\373\006\n6F\222~N\340_\276\013\213f\363\365\t\363\225*\\\325"
 175      4692 7E4E 
 175      E05F BE0B 
 175      8B66 F3F5 
 175      09F3 952A 
 176 06fa 7BB7 5CD0 		.ascii	"{\267\\\320*iZ\223\037M\267a\207\352e\207\342e'\363\362q\246"
 176      2A69 5A93 
 176      1F4D B761 
 176      87EA 6587 
 176      E265 27F3 
 177 0711 BFDE 889F 		.ascii	"\277\336\210\237\004\264\244T\375I[U\221\226\334\343^\247\212"
 177      04B4 A454 
 177      FD49 5B55 
 177      9196 DCE3 
 177      5EA7 8A
 178 0724 87BD 8665 		.ascii	"\207\275\206e\025\262\334DO\265ygG\276,\353\030t\0277\030\344"
 178      15B2 DC44 
 178      4FB5 7967 
 178      47BE 2CEB 
 178      1874 1737 
 179 073a 40E7 251A 		.ascii	"@\347%\032lr\2735\313P1\253s\3441\265\332%\254\326\216>\270\244"
 179      6C72 BB35 
 179      CB50 31AB 
 179      73E4 31B5 
 179      DA25 ACD6 
 180 0752 2723 DC6A 		.ascii	"'#\334j\313\275\366<\235\260\332\273\bO#\017\247L\230T[\036]"
 180      CBBD F63C 
 180      9DB0 DABB 
 180      084F 230F 
 180      A74C 9854 
 181 0769 29A5 46CB 		.ascii	")\245F\313\231\321\372\003\243\273\302\032$%\242\242\367hx\203"
 181      99D1 FA03 
 181      A3BB C21A 
 181      2425 A2A2 
 181      F768 7883 
 182 077d C437 827B 		.ascii	"\3047\202{*J6\314\t\005\3234\250\340\275\002\274\227\201sz.x"
 182      2A4A 36CC 
 182      0905 D334 
 182      A8E0 BD02 
 182      BC97 8173 
 183 0794 2014 DC15 		.ascii	" \024\334\025f\271B\200+\030xx\357\360(\t\005o\r\263\274O\200"
 183      66B9 4280 
 183      2B18 7878 
 183      EFF0 2809 
 183      056F 0DB3 
 184 07ab F731 70E9 		.ascii	"\3671p\351\324\241\322\250Ppq\030\270R\200+\0318\363\223]+C\261"
 184      D4A1 D2A8 
 184      5070 7118 
 184      B852 802B 
 184      1938 F393 
 185 07c3 DE30 6C95 		.ascii	"\3360l\225\300V1\354\365\323\335\325s"
 185      C056 31EC 
 185      F5D3 DDD5 
 185      73
 186 07d0 96EE E13F 		.string	"\226\356\341?u5\363<\262\227\336=voyy\2535K\351\235\035\255~\241\023\260&\263\274\337\020
 186      7535 F33C 
 186      B297 DE3D 
 186      766F 7979 
 186      AB35 4BE9 
 187 07ff 039D 18F4 		.string	"\003\235\030\364\036\216T,\275=\003\364)\003\335:Z\324H\024\320\2333@5\f\344i\036\254\327
 187      1E8E 542C 
 187      BD3D 03F4 
 187      2903 DD3A 
 187      5AD4 4814 
 188 082e 1D64 A047 		.ascii	"\035d\240G\367\233\032\f\212\245\231\240C\232\245\222\326\261"
 188      F79B 1A0C 
 188      8AA5 99A0 
 188      439A A592 
 188      D6B1 
 189 0840 DE91 EAD6 		.ascii	"\336\221\352\326\247\271\034\351\351\216$\255\365\267Ng2\371"
 189      A7B9 1CE9 
 189      E98E 24AD 
 189      F5B7 4E67 
 189      32F9 
 190 0852 D0F1 0F62 		.ascii	"\320\361\017bw&/\377(\303\226\352\316H\261\244\271\234v\334\267"
 190      7726 2FFF 
 190      28C3 96EA 
 190      CE48 B1A4 
 190      B99C 76DC 
 191 0867 E2BA DD99 		.ascii	"\342\272\335\231\344\b\316\323\323lv\207\325nKr\270\023\354\206"
 191      E408 CED3 
 191      D36C 7687 
 191      D56E 4B72 
 191      B813 EC86 
 192 087b DFFF 61CD 		.ascii	"\337\377a\315\342\367\336yG\322g\254Ku\377\312\352^m\311HwY\222"
 192      E2F7 DE79 
 192      47D2 67AC 
 192      4B75 FFCA 
 192      EA5E 6DC9 
 193 0893 9D76 5BB2 		.ascii	"\235v[\262\345=Gr\262\315e\261\255w-\377\300n\177w\265eu\302"
 193      E53D 4772 
 193      B2CD 65B1 
 193      AD77 2DFF 
 193      C06E 7F77 
 194 08ab AA84 443A 		.ascii	"\252\204D:\267\254K\265'g\240\321tw\022\352%\374U\".\347\337"
 194      B7AC 4BB5 
 194      2767 A0D1 
 194      7477 12EA 
 194      25FC 5522 
 195 08c2 DE70 A77C 		.ascii	"\336p\247|h\265;]\016\213\335\231\222\342L\265\240\353?;m\256"
 195      68B5 3B5D 
 195      0E8B DD99 
 195      92E2 4CB5 
 195      A0EB 3F3B 
 196 08d8 24DC 37E0 		.ascii	"$\3347\3408\315\231nuG\270\327\2458\f\324\333\212_Z\335F\\f\301"
 196      38CD 996E 
 196      7547 B8D7 
 196      A538 0CD4 
 196      DB8A 5F5A 
 197 08f1 58DD C46D 		.ascii	"X\335\304mK\213\304\210\034\256\365\216\244\304\340hEp\2642\n"
 197      4B8B C488 
 197      1CAE F58E 
 197      A4C4 E068 
 197      4570 B432 
 198 0906 951C 2E57 		.ascii	"\225\034.WF\232\033\203\266;3R\335\257\277\354\321fw\257s\246"
 198      469A 1B83 
 198      B63B 3352 
 198      DDAF BFEC 
 198      D166 77AF 
 199 091c A23F 2D5A 		.ascii	"\242?-Z\263\272\243\320\274\313\201\200$\253;6\315\341\372\213"
 199      B3BA A3D0 
 199      BCCB 8180 
 199      24AB 3B36 
 199      CDE1 FA8B 
 200 0930 D395 1296 		.ascii	"\323\225\022\226\200\377+YR\354+\226M\031\251.\307\007\353\322"
 200      80FF 2B59 
 200      52EC 2B96 
 200      4D19 A92E 
 200      C707 EBD2 
 201 0944 9199 35C5 		.ascii	"\221\2315\305\231\224n\240\216\251\215\230\260\345\030\032\266"
 201      9994 6EA0 
 201      8EA9 8D98 
 201      B0E5 181A 
 201      B6
 202 0955 CBEA 48B6 		.ascii	"\313\352H\266\245a\311\026\276\314\233\355\"m#\207\271\034\266"
 202      A561 C916 
 202      BECC 9BED 
 202      226D 2387 
 202      B91C B6
 203 0968 247D BADD 		.ascii	"$}\272\335\232lKw\033\360\315V\377\r>\314%\267"
 203      9A6C 4B77 
 203      1BF0 CD56 
 203      FF0D 3ECC 
 203      25B7 
 204               		.text
 205               		.section	.gnu.lto_.symtab.66afa37b8b4db042,"",@progbits
 206 0000 7065 7266 		.string	"perform_space_cadet"
 206      6F72 6D5F 
 206      7370 6163 
 206      655F 6361 
 206      6465 7400 
 207 0014 00        		.string	""
 208 0015 00        		.string	""
 209 0016 00        		.string	""
 210 0017 00        		.string	""
 211 0018 00        		.string	""
 212 0019 00        		.string	""
 213 001a 00        		.string	""
 214 001b 00        		.string	""
 215 001c 00        		.string	""
 216 001d 00        		.string	""
 217 001e 00        		.string	""
 218 001f 0601 00   		.string	"\006\001"
 219 0022 00        		.string	""
 220 0023 7072 6F63 		.string	"process_space_cadet"
 220      6573 735F 
 220      7370 6163 
 220      655F 6361 
 220      6465 7400 
 221 0037 00        		.string	""
 222 0038 00        		.string	""
 223 0039 00        		.string	""
 224 003a 00        		.string	""
 225 003b 00        		.string	""
 226 003c 00        		.string	""
 227 003d 00        		.string	""
 228 003e 00        		.string	""
 229 003f 00        		.string	""
 230 0040 00        		.string	""
 231 0041 00        		.string	""
 232 0042 0B01 00   		.string	"\013\001"
 233 0045 00        		.string	""
 234 0046 756E 7265 		.string	"unregister_mods"
 234      6769 7374 
 234      6572 5F6D 
 234      6F64 7300 
 235 0056 00        		.string	""
 236 0057 02        		.ascii	"\002"
 237 0058 00        		.string	""
 238 0059 00        		.string	""
 239 005a 00        		.string	""
 240 005b 00        		.string	""
 241 005c 00        		.string	""
 242 005d 00        		.string	""
 243 005e 00        		.string	""
 244 005f 00        		.string	""
 245 0060 00        		.string	""
 246 0061 0F01 00   		.string	"\017\001"
 247 0064 00        		.string	""
 248 0065 7461 705F 		.string	"tap_code"
 248      636F 6465 
 248      00
 249 006e 00        		.string	""
 250 006f 02        		.ascii	"\002"
 251 0070 00        		.string	""
 252 0071 00        		.string	""
 253 0072 00        		.string	""
 254 0073 00        		.string	""
 255 0074 00        		.string	""
 256 0075 00        		.string	""
 257 0076 00        		.string	""
 258 0077 00        		.string	""
 259 0078 00        		.string	""
 260 0079 1101 00   		.string	"\021\001"
 261 007c 00        		.string	""
 262 007d 7265 6769 		.string	"register_mods"
 262      7374 6572 
 262      5F6D 6F64 
 262      7300 
 263 008b 00        		.string	""
 264 008c 02        		.ascii	"\002"
 265 008d 00        		.string	""
 266 008e 00        		.string	""
 267 008f 00        		.string	""
 268 0090 00        		.string	""
 269 0091 00        		.string	""
 270 0092 00        		.string	""
 271 0093 00        		.string	""
 272 0094 00        		.string	""
 273 0095 00        		.string	""
 274 0096 1301 00   		.string	"\023\001"
 275 0099 00        		.string	""
 276 009a 7469 6D65 		.string	"timer_elapsed"
 276      725F 656C 
 276      6170 7365 
 276      6400 
 277 00a8 00        		.string	""
 278 00a9 02        		.ascii	"\002"
 279 00aa 00        		.string	""
 280 00ab 00        		.string	""
 281 00ac 00        		.string	""
 282 00ad 00        		.string	""
 283 00ae 00        		.string	""
 284 00af 00        		.string	""
 285 00b0 00        		.string	""
 286 00b1 00        		.string	""
 287 00b2 00        		.string	""
 288 00b3 1701 00   		.string	"\027\001"
 289 00b6 00        		.string	""
 290 00b7 7469 6D65 		.string	"timer_read"
 290      725F 7265 
 290      6164 00
 291 00c2 00        		.string	""
 292 00c3 02        		.ascii	"\002"
 293 00c4 00        		.string	""
 294 00c5 00        		.string	""
 295 00c6 00        		.string	""
 296 00c7 00        		.string	""
 297 00c8 00        		.string	""
 298 00c9 00        		.string	""
 299 00ca 00        		.string	""
 300 00cb 00        		.string	""
 301 00cc 00        		.string	""
 302 00cd 1A01 00   		.string	"\032\001"
 303 00d0 00        		.string	""
 304               		.text
 305               		.section	.gnu.lto_.opts,"",@progbits
 306 0000 272D 666D 		.ascii	"'-fmath-errno' '-fsigned-zeros' '-ftrapping-m"
 306      6174 682D 
 306      6572 726E 
 306      6F27 2027 
 306      2D66 7369 
 307 002d 6174 6827 		.string	"ath' '-fno-trapv' '-fno-openmp' '-fno-openacc' '-mn-flash=1' '-mno-skip-bug' '-mmcu=avr5'
 307      2027 2D66 
 307      6E6F 2D74 
 307      7261 7076 
 307      2720 272D 
 308               		.text
 309               		.comm	__gnu_lto_v1,1,1
 310               		.comm	__gnu_lto_slim,1,1
 311               		.ident	"GCC: (GNU) 7.4.0"
DEFINED SYMBOLS
                            *ABS*:0000000000000000 process_space_cadet.c
/var/tmp//ccdxhNIg.s:2      *ABS*:000000000000003e __SP_H__
/var/tmp//ccdxhNIg.s:3      *ABS*:000000000000003d __SP_L__
/var/tmp//ccdxhNIg.s:4      *ABS*:000000000000003f __SREG__
/var/tmp//ccdxhNIg.s:5      *ABS*:0000000000000000 __tmp_reg__
/var/tmp//ccdxhNIg.s:6      *ABS*:0000000000000001 __zero_reg__
                            *COM*:0000000000000001 __gnu_lto_v1
                            *COM*:0000000000000001 __gnu_lto_slim

NO UNDEFINED SYMBOLS
