   1               		.file	"process_audio.c"
   2               	__SP_H__ = 0x3e
   3               	__SP_L__ = 0x3d
   4               	__SREG__ = 0x3f
   5               	__tmp_reg__ = 0
   6               	__zero_reg__ = 1
   7               		.section	.gnu.lto_.profile.7baa2929f59843b2,"",@progbits
   8 0000 789C 6363 		.string	"x\234cc```\005bF\206G\214>"
   8      6060 6005 
   8      6246 8647 
   8      8C3E 00
   9 000f 0381 013C 		.ascii	"\003\201\001<"
  10               		.text
  11               		.section	.gnu.lto_.icf.7baa2929f59843b2,"",@progbits
  12 0000 789C 6363 		.string	"x\234cc``\320a@"
  12      6060 D061 
  12      4000 
  13 000a 7686 4B8F 		.string	"v\206K\217\267.ef\354\374\321\277\211\221\251w\317\375=<\314\317Ow\254ecYr\270\375\022'k\
  13      B72E 6566 
  13      ECFC D1BF 
  13      8991 A977 
  13      CFFD 3D3C 
  14 0039 00        		.string	""
  15 003a DA41 14C8 		.ascii	"\332A\024\310"
  16               		.text
  17               		.section	.gnu.lto_.jmpfuncs.7baa2929f59843b2,"",@progbits
  18 0000 789C 7590 		.string	"x\234u\220?\017\001A\020\305\347\315\334\355ID\370"
  18      3F0F 0141 
  18      10C5 E7CD 
  18      DCED 4944 
  18      F800 
  19 0012 7C50 9ADB 		.ascii	"|P\232\333F\"\321\212\306\025>\201\302\377\353P\351D\255\321"
  19      4622 D18A 
  19      C615 3E81 
  19      C2FF EB50 
  19      E944 ADD1 
  20 0026 E8AE 215A 		.ascii	"\350\256!Z9\263\353\210\234\230d\232\231\367\233\267\373\f\021"
  20      39B3 EB88 
  20      9C98 649A 
  20      99F7 9BB7 
  20      FB0C 11
  21 0039 7540 9F32 		.ascii	"u@\2372\004 N\204\002\f\004\307}v\251\265F\266gm\203\211\354"
  21      0420 4E84 
  21      020C 04C7 
  21      7D76 A9B5 
  21      46B6 676D 
  22 0050 BB90 0808 		.ascii	"\273\220\b\b3\264\n\n\f\210R\254-\306\221i\232\235\242\370a+"
  22      33B4 0A0A 
  22      0C88 52AC 
  22      2DC6 9169 
  22      9A9D A2F8 
  23 0066 8904 6371 		.ascii	"\211\004cq\2229b\302\006 \355<\027\260\252\206\335\335!\352\213"
  23      9239 62C2 
  23      0620 ED3C 
  23      17B0 AA86 
  23      DDDD 21EA 
  24 007b 6AF4 DC02 		.ascii	"j\364\334\002M\337:\337\236\247\327\252\2333\002,\321\364`\340"
  24      4DDF 3ADF 
  24      9EA7 D7AA 
  24      9B33 022C 
  24      D1F4 60E0 
  25 008f 60C2 3716 		.ascii	"`\3027\026*\266*\326\344\327\364\307}]v\377\330\225\357\227\017"
  25      2AB6 2AD6 
  25      E4D7 F4C7 
  25      7D5D 76FF 
  25      D895 EF97 
  26 00a4 FA12 4D05 		.ascii	"\372\022M\005.\025\377[u\230\334\356\023\343\236`PGZ\020uO0\267"
  26      2E15 FF5B 
  26      7598 DCEE 
  26      13E3 9E60 
  26      5047 5A10 
  27 00bc 9DE8 6D06 		.ascii	"\235\350m\006\215\362\005\263\203\177\266\241O\235\350\t\204"
  27      8DF2 05B3 
  27      837F B6A1 
  27      4F9D E809 
  27      84
  28 00cd 6752 62   		.ascii	"gRb"
  29               		.text
  30               		.section	.gnu.lto_.inline.7baa2929f59843b2,"",@progbits
  31 0000 789C 6D92 		.string	"x\234m\222\273J\003A\024\206\37733\233l\256\f\"\001q!\226\251|\206<A\036$y\211m,D\221\005
  31      BB4A 0341 
  31      1486 FF33 
  31      339B 6CAE 
  31      0C22 0171 
  32 004a 1C08 645F 		.ascii	"\034\bd_\016\250\326\003B"
  32      0EA8 D603 
  32      42
  33 0053 4880 3475 		.string	"H\2004u\257.\020&\267\244\f\315k@ i\021\026kT\205noHz\354^.\253\025\331\225\202vFDg\024\0
  33      AF2E 1026 
  33      B7A4 0CCD 
  33      6B40 2069 
  33      1116 6B54 
  34 0154 55A6 29CE 		.ascii	"U\246)\316k\230\367\310w6\325\3067-\214|\212"
  34      6B98 F7C8 
  34      7736 D5C6 
  34      372D 8C7C 
  34      8A
  35               		.text
  36               		.section	.gnu.lto_.pureconst.7baa2929f59843b2,"",@progbits
  37 0000 789C 6363 		.string	"x\234cc``\340\005b6\006\006FIf\t\026\tV\t6\t"
  37      6060 E005 
  37      6236 0606 
  37      4649 6609 
  37      1609 5609 
  38 0017 0479 00   		.string	"\004y"
  39 001a A6        		.ascii	"\246"
  40               		.text
  41               		.section	.gnu.lto_compute_freq_for_midi_note.7baa2929f59843b2,"",@progbits
  42 0000 789C 4550 		.ascii	"x\234EPAKTa\024\275\347\335\357\275\247\230C\313\3007\340\316"
  42      414B 5461 
  42      14BD E7DD 
  42      EFBD A798 
  42      43CB C037 
  43 0016 44C8 A0DF 		.ascii	"D\310\240\337\320\357\b\031g!\221c\351,\\\275\317\031gT\njQ#"
  43      D0EF 0819 
  43      6721 9163 
  43      E92C 5CBD 
  43      CF19 6754 
  44 002e 8D6F 5BD9 		.ascii	"\215o[\331\246\222\312J\013\337\302\205-\032\034\221\026\021"
  44      A692 CA4A 
  44      0BDF C285 
  44      2D1A 1C91 
  44      1611 
  45 0040 0489 8B42 		.ascii	"\004\211\213B\202t\027i\235\2177\345\007\357\276{/\347\234{\357"
  45      8274 1769 
  45      9D8F 37E5 
  45      07EF BE7B 
  45      2FE7 9C7B 
  46 0055 0944 C478 		.ascii	"\tD\304x\"\303\374\367\361\203\n\274;-\221\231.\017p\211\355"
  46      22C3 FCF7 
  46      F183 0ABC 
  46      3B2D 9199 
  46      2E0F 7089 
  47 006a 82C4 1E62 		.ascii	"\202\304\036b\334\322\273\212\366\354\263DojB\230a\371\363Cs"
  47      DCD2 BB8A 
  47      F6EC B344 
  47      6F6A 4298 
  47      61F9 F343 
  48 007f 2FE7 4AA0 		.ascii	"/\347J\240\237\345a\355q+\034|d\371\322\305\265(YN\221\250'\r"
  48      9FE5 61ED 
  48      712B 1C7C 
  48      64F9 D2C5 
  48      B528 594E 
  49 0097 A25F 20C2 		.ascii	"\242_ \302sDn\304K\f\022\373e\243\3222:\004a\276\260\177\373"
  49      7344 6EC4 
  49      4B0C 12FB 
  49      65A3 D232 
  49      3A04 61BE 
  50 00ae 536E E081 		.ascii	"Sn\340\201\265\025\233\356^\266g\022U\254B\035\357R\204\213\221"
  50      B515 9BEE 
  50      5EB6 6712 
  50      55AC 421D 
  50      EF52 848B 
  51 00c3 B021 7885 		.ascii	"\260!x\205\001\007\376\272rr\25770N\225b\257\021\b\230<\335\361"
  51      0107 FEBA 
  51      7272 AF37 
  51      304E 9562 
  51      AF11 0898 
  52 00da 537B F267 		.ascii	"S{\362g\316\246\233\017\3216\335 \207\2071(\203o\\\360]\b\340"
  52      CEA6 9B0F 
  52      D136 DD20 
  52      8787 3128 
  52      836F 5CF0 
  53 00f1 8442 718B 		.ascii	"\204Bq\213\311<5x\244Me\201%\263j*\337Q9\234;\336\3139\351\246"
  53      C93C 3578 
  53      A44D 6581 
  53      25B3 6A2A 
  53      DF51 399C 
  54 010b A2A9 015B 		.ascii	"\242\251\001[\325F\035Y\303c\217[\254|\333i\007\356r\203\365"
  54      D546 1D59 
  54      C363 8F5B 
  54      AC7C DB69 
  54      07EE 7283 
  55 0120 186F 7819 		.ascii	"\030ox\031y\037\353\3575C)\201\216\266\375\217f\330#\355\311"
  55      791F EBEF 
  55      3543 2981 
  55      8EB6 FD8F 
  55      66D8 23ED 
  56 0135 D2E6 EF30 		.ascii	"\322\346\3570\277d\347\255=khn\3479\237|\301\032\362r\200Z\177"
  56      BF64 E7AD 
  56      3D6B 686E 
  56      E739 9F7C 
  56      C11A F272 
  57 014c 46F1 89AF 		.ascii	"F\361\211\257\376\3328\312\305\307\366\\\242ACy(\326\021;\027"
  57      FEDA 38CA 
  57      C5C7 F65C 
  57      A241 4379 
  57      28D6 113B 
  58 0161 DA5B 07FB 		.ascii	"\332[\007\373\275\035!\357T\310fBo\221\347\310DC\267C\263~\277"
  58      BD1D 21EF 
  58      54C8 6642 
  58      6F91 E7C8 
  58      4443 B743 
  59 0178 2753 0C33 		.ascii	"'S\f3\321\331\332\362QO\207\333}\312\375\234q\337q\211\037\250"
  59      D1D9 DAF2 
  59      514F 87DB 
  59      7DCA FD9C 
  59      71DF 7189 
  60 018e 7496 08E9 		.ascii	"t\226\b\351-m\2023\207s\316_/\217\214O\225\257\rO\334(\025\212"
  60      2D6D 8233 
  60      8773 CE5F 
  60      2F8F 8C4F 
  60      95AF 0D4F 
  61 01a6 9393 57AE 		.ascii	"\223\223W\256\026\247\013\245\321\342\377z\244<:V\272P\0203^"
  61      16A7 0BA5 
  61      D1E2 FF7A 
  61      A43C 3A56 
  61      BA50 1033 
  62 01bb 9A2A FE05 		.ascii	"\232*\376\005MM\262\206"
  62      4D4D B286 
  63               		.text
  64               		.section	.gnu.lto_process_audio.7baa2929f59843b2,"",@progbits
  65 0000 789C 9555 		.string	"x\234\225U\335O\034U\024?\347\336\371\330\335\031\366\033\321fM|0\301\306D\252\230\250O\3
  65      DD4F 1C55 
  65      143F E7DE 
  65      F9D8 DD19 
  65      F61B D166 
  66 006c 5853 015E 		.string	"XS\001^\242\365\036\375\260\024\220uL"
  66      A2F5 1EFD 
  66      B014 9075 
  66      4C00 
  67 007a ECF4 31C6 		.string	"\354\3641\306G\267\200\021\220G+\301\3209\223\332\313\204\327\374\002y\022\306-\220\314\0
  67      47B7 8011 
  67      9047 2BC1 
  67      D039 93DA 
  67      CB84 D7FC 
  68 00b4 D3DA CAC9 		.string	"\323\332\312\311\323\205\3255;D\2677A\0262c#fl\210\205\315\002\021\263@\330\006EX\264\367
  68      D385 D535 
  68      3B44 B737 
  68      4116 3263 
  68      2366 6C88 
  69 0117 290E 5899 		.string	")\016X\231\300m\t\241\321\t\334J\310\013\033w\263\241\335<\315\021\031\271S\177\344\366k\
  69      C06D 09A1 
  69      D109 DC4A 
  69      C80B 1B77 
  69      B3A1 DD3C 
  70 015c 3D02 ECC1 		.string	"=\002\354\301rB\267L\346\236\344\225f`\367\261\331=\276|\340\374\253\"P\302^o\240\004\330
  70      7242 B74C 
  70      E69E E495 
  70      6660 F7B1 
  70      D93D BE7C 
  71 0229 5624 B920 		.string	"V$\271 \217\203X!\232\235\033\236\346\017\250M\002a\326\351T\202e\225:]\302\246\314\21114
  71      8F83 5821 
  71      9A9D 1B9E 
  71      E60F A84D 
  71      0261 D6E9 
  72 02cf ED36 E1B5 		.string	"\3556\341\265\333h\235K\377\247\354O\321;\013\370\275I9`\245\272eC]\2514\030\341\371T\033
  72      DB68 9D4B 
  72      FFA7 EC4F 
  72      D13B 0BF8 
  72      BD49 3960 
  73 03a2 5168 F20E 		.string	"Qh\362\016C\331\3740f\213\017c\316\031\306\274w\030\212k\0301\270\247\344\207q\267\3200\0
  73      43D9 FC30 
  73      668B 0F63 
  73      CE19 C6BC 
  73      7718 8A6B 
  74 03e9 48FD BBE3 		.string	"H\375\273\343bU\307\203b\321\027\243b\t\037zD,\261\3052*t\2525w<`]\362\21071\021\235\355\
  74      6255 C783 
  74      62D1 17A3 
  74      6209 1F7A 
  74      442C B1C5 
  75 041c 7DA4 4FBD 		.ascii	"}\244O\275W\277\375\235\367\353\337\256x\267\256\266\252f\307"
  75      57BF FD9D 
  75      F7EB DFAE 
  75      78B7 AEB6 
  75      AA66 C7
  76 042f 8E37 DEAA 		.ascii	"\2167\336\252\371\240\252\266\272\306\361\267\327W\277Y\373L"
  76      F9A0 AAB6 
  76      BAC6 F1B7 
  76      D757 BF59 
  76      FB4C 
  77 0441 15A8 F903 		.ascii	"\025\250\371\003\245\256\246\252\266\256\372_<\233\300^"
  77      A5AE A6AA 
  77      B6AE FA5F 
  77      3C9B C05E 
  78               		.text
  79               		.section	.gnu.lto_voice_change_song.7baa2929f59843b2,"",@progbits
  80 0000 789C 6363 		.string	"x\234cc``\270\304\310\300"
  80      6060 B8C4 
  80      C8C0 00
  81 000b 4460 3085 		.string	"D`0\205\231\361\371\356=\n\262\263\033:\032\032\004X\031\030\032`\200q\0163Xz\333\201\313
  81      99F1 F9EE 
  81      3D0A B2B3 
  81      1B3A 1A1A 
  81      0458 1918 
  82 00cd A305 48C1 		.string	"\243\005H\301^ \265\213Q\206q'\220\336\006\244\2672Z00\036\004\022"
  82      5E20 B58B 
  82      5186 7127 
  82      90DE 06A4 
  82      B732 5A30 
  83 00e6 C6B8 9D12 		.ascii	"\306\270\235\022"
  84               		.text
  85               		.section	.gnu.lto_process_audio_noteon.7baa2929f59843b2,"",@progbits
  86 0000 789C 558E 		.ascii	"x\234U\216=K\003A\020\206\347\335\271\\R\370Q\213W\330H\f\202"
  86      3D4B 0341 
  86      1086 E7DD 
  86      B95C 52F8 
  86      518B 57D8 
  87 0017 11FC 0BFE 		.ascii	"\021\374\013\376\017\t\311\025\"\346\324$\205\325\255QI\202\202"
  87      0F09 C915 
  87      22E6 D424 
  87      85D5 AD51 
  87      4982 82
  88 002a 161A 215C 		.ascii	"\026\032!\\\221F\264\212\210\237WyXK\n\313(\b\202V!\205\330\032"
  88      9146 B48A 
  88      889F 5779 
  88      584B 0ACB 
  88      2808 8256 
  89 0042 9D8D 2038 		.ascii	"\235\215 8\260\354\354\362>\317\214MD)\020\245\345\036\227\003"
  89      B0EC ECF2 
  89      3ECF 8C4D 
  89      4429 10A5 
  89      E51E 9703 
  90 0056 26A8 FD36 		.ascii	"&\250\3756\321FB\001\246\321\t\220\257\340c\227\017\030\367\225"
  90      D146 4201 
  90      A6D1 0990 
  90      AFE0 6397 
  90      0F18 F795 
  91 006a F750 A54E 		.ascii	"\367P\245N\264Tt\324\031\323\247\021\002&\252\3131\205\013\244"
  91      B454 74D4 
  91      19D3 A711 
  91      0226 AACB 
  91      3185 0BA4 
  92 007e 24F5 7257 		.ascii	"$\365rWn[<\r\222\276\366\266\327\031I\036k]\326\321\363\274\036"
  92      6E5B 3C0D 
  92      92BE F6B6 
  92      D719 491E 
  92      6B5D D6D1 
  93 0095 0A18 B804 		.ascii	"\n\030\270\004\013\2019\007\263\016\311\007\341\nI\023~=\357"
  93      0B81 3907 
  93      B30E C907 
  93      E10A 4913 
  93      7E3D EF
  94 00a8 1F0E DBD6 		.ascii	"\037\016\333\326\257\017\327\260Iv\243\263\307X\244\373\337\025"
  94      AF0F D7B0 
  94      4976 A3B3 
  94      C758 A4FB 
  94      DF15 
  95 00ba 1D3D 4C72 		.ascii	"\035=Lr\fB(\221\030\204\252\022\224-uD5V\246\333\214\250\213"
  95      0C42 2891 
  95      1884 AA12 
  95      942D 7544 
  95      3556 A6DB 
  96 00d1 AD66 4F19 		.ascii	"\255fO\031\272\301\020i\030v\237\342\376\227N\004,cE\210\033"
  96      BAC1 1069 
  96      1876 9FE2 
  96      FE97 4E04 
  96      2C63 4588 
  97 00e6 F8D4 600E 		.ascii	"\370\324`\016\330\222\360\366\304`\320\377`\254.:\302\355 h$"
  97      D892 F0F6 
  97      C460 D0FF 
  97      60AC 2E3A 
  97      C2ED 2068 
  98 00fb AD8F CF96 		.ascii	"\255\217\317\226\275#\210\215Q\204p\002\216S\017\345\246=\200"
  98      BD23 888D 
  98      5184 7002 
  98      8E53 0FE5 
  98      A63D 80
  99 010e 4D55 452D 		.ascii	"MUE-\013\b6\265Z\312\344\213\245\345\364\312\232\227u\013\205"
  99      0B08 36B5 
  99      5ACA E48B 
  99      A5E5 F4CA 
  99      9A97 750B 
 100 0123 8525 773D 		.ascii	"\205%w=\353\345\334\277w\246\224[\364f\262d\345\275\242\373\003"
 100      EBE5 DCBF 
 100      77A6 945B 
 100      F466 B264 
 100      E5BD A2FB 
 101 0138 1D26 6DAA 		.ascii	"\035&m\252"
 102               		.text
 103               		.section	.gnu.lto_process_audio_noteoff.7baa2929f59843b2,"",@progbits
 104 0000 789C 558F 		.ascii	"x\234U\217?K\003A\020\305\347\355\\\316\024j)\210)l$\006\301"
 104      3F4B 0341 
 104      10C5 E7ED 
 104      5CCE 146A 
 104      2988 296C 
 105 0017 087E 05BF 		.ascii	"\b~\005\277\207\204\344\n\021sjr\205\325\255\247\220\004\004"
 105      8784 E40A 
 105      1173 6A72 
 105      85D5 ADA7 
 105      9004 04
 106 002a 2D34 42B8 		.string	"-4B\270\"M\320N\304\277W\271\370\001R\210\225\202\202\250U\260\2607:\033Ap`\330\267\313\3
 106      224D D04E 
 106      C4BF 57B9 
 106      F801 5288 
 106      9582 82A8 
 107 012b 14DA 67B3 		.ascii	"\024\332g\263"
 108               		.text
 109               		.section	.gnu.lto_process_audio_all_notes_off.7baa2929f59843b2,"",@progbits
 110 0000 789C 6363 		.string	"x\234cc``X\n\304Z@,\r\304\214\314\f\214L\023\316104r012\202\030\r\034\214\f\365L\214\365\
 110      6060 580A 
 110      C45A 402C 
 110      0DC4 8CCC 
 110      0C8C 4C13 
 111 003e E31C 6606 		.string	"\343\034f\006\206i@\f\002\214\233\0315\031\200\312\036m\3747\225\227\215\005\"\316\270\20
 111      8669 400C 
 111      028C 9B19 
 111      3519 80CA 
 111      1E6D FC37 
 112 007e C31B C6E6 		.string	"\303\033\306\346\005\257\230\300Z\200\346\354\334\371\3466{\375\337\006\2169\314\214\323\
 112      05AF 98C0 
 112      5A80 E6EC 
 112      DCF9 E636 
 112      7BFD DF06 
 113 00ad E580 FA99 		.string	"\345\200\372\231\030\0304\nK\023\363JJs\365\013\212\362\223S\213\213\343\263S+\223\363SR\
 113      1818 340A 
 113      4B13 F34A 
 113      4A73 F50B 
 113      8AF2 9353 
 114 00d6 D2EE 4742 		.ascii	"\322\356GB"
 115               		.text
 116               		.section	.gnu.lto_audio_on_user.7baa2929f59843b2,"",@progbits
 117 0000 789C 6363 		.string	"x\234cc``\250\001b- \226\006bFf\006F\246\t\347\030\030\0329\230\030\031A\214\006\016F\206
 117      6060 A801 
 117      622D 2096 
 117      0662 4666 
 117      0646 A609 
 118 0035 0407 A67F 		.string	"\004\007\246\1773lnh\225\230\303\314\3000\r\210A\200q3\243&\003P\331\243\215\377\246\362\
 118      336C 6E68 
 118      9598 C3CC 
 118      C030 0D88 
 118      4180 7133 
 119 00b1 03E1 39E0 		.ascii	"\003\3419\340"
 120               		.text
 121               		.section	.gnu.lto_.symbol_nodes.7baa2929f59843b2,"",@progbits
 122 0000 789C 55CC 		.string	"x\234U\314K\n\3020\024\205\341\023\323\332\247\255\340\373\255u\356\032te\267BT\320\211k\
 122      4B0A C230 
 122      1485 E113 
 122      D3DA A7AD 
 122      E0FB AD75 
 123 003e 3AA7 74A1 		.string	":\247t\241\207\006\t6\3305,\023\363\262I%\376\262E\222\017m\262\370\320!\233\r\242K\345\3
 123      8706 0936 
 123      D835 2C13 
 123      F3B2 4925 
 123      FEB2 4592 
 124 005f A4E9 5C7B 		.ascii	"\244\351\\{D\016\363\230\\\346!y\314=\362\231\373\0240\017(d"
 124      440E F398 
 124      5CE6 2179 
 124      CC3D F299 
 124      FB14 300F 
 125 0075 9E50 8539 		.ascii	"\236P\2059\241\210yJ\361\277%\034d\217\227\220\"\200:FR\204P"
 125      A188 794A 
 125      F1BF 251C 
 125      648F 9790 
 125      2280 3A46 
 126 008c EB9B 6605 		.ascii	"\353\233f\005jc\032\"?\317\314\355\323\304\307s{\321\253\013"
 126      6A63 1A22 
 126      3FCF CCED 
 126      D3C4 C773 
 126      7BD1 AB0B 
 127 00a0 B533 F5A0 		.ascii	"\2653\365\240\212\353\307\231\251\004\016w\375\231\214\220\233"
 127      8AEB C799 
 127      A904 0E77 
 127      FD99 8C90 
 127      9B
 128 00b1 5A3F 5BF1 		.ascii	"Z?[\361\327v\025\231.\336(\211[\037"
 128      D776 1599 
 128      2EDE 2889 
 128      5B1F 
 129               		.text
 130               		.section	.gnu.lto_.refs.7baa2929f59843b2,"",@progbits
 131 0000 789C 6363 		.string	"x\234cc``\340\004b&F&&\021&&I\006"
 131      6060 E004 
 131      6226 4626 
 131      2611 2626 
 131      4906 00
 132 0013 01C4 00   		.string	"\001\304"
 133 0016 48        		.ascii	"H"
 134               		.text
 135               		.section	.gnu.lto_.decls.7baa2929f59843b2,"",@progbits
 136 0000 789C 9558 		.string	"x\234\225X{PT\327\031\337s\317.,\273 *&1\t\223\311\244dJ\246S\301$\306f\232N\322&\231L\03
 136      7B50 54D7 
 136      19DF 73CF 
 136      2E2C BB20 
 136      2A26 3109 
 137 0044 2A88 88F2 		.string	"*\210\210\362P\202,\204\207\240 \240\370@\024\004\204\240\2745\340\233~\347q\367\336%\320
 137      5082 2C84 
 137      87A0 20A0 
 137      F840 1404 
 137      84A0 BC35 
 138 00d5 FE8F DC47 		.string	"\376\217\334G\340\032^\233\025\203<?\203Ao\025\323,\305\222ry\002v\035\354O\340\367<\330*
 138      E01A 5E9B 
 138      1583 3C3F 
 138      8341 6F15 
 138      D32C C592 
 139 013a 8169 9E2B 		.ascii	"\201i\236+\326_\300>P\304y\216\307\371p\2168+\004\206Y\247\250"
 139      D65F C03E 
 139      50C4 798E 
 139      C7F9 708E 
 139      382B 0486 
 140 0151 1779 486D 		.ascii	"\027yHm^\340\3638\373\371\215\300\352\261\216\267\311\367Ks\340"
 140      5EE0 F338 
 140      FBF9 8DC0 
 140      EAB1 8EB7 
 140      C9F7 4B73 
 141 0166 5230 3A1A 		.ascii	"R0:\032\333\177H\233\200\221\257\016\315 \322\036>\371\300\213"
 141      DB7F 489B 
 141      8091 AF0E 
 141      CD20 D21E 
 141      3EF9 C08B 
 142 017a B5C9 7045 		.ascii	"\265\311pE\\\332\025=\026\350\367\361\276\342v\217e\005\"{\264"
 142      5CDA 153D 
 142      16E8 F7F1 
 142      BEE2 768F 
 142      6505 227B 
 143 018f 6B55 A8   		.ascii	"kU\250"
 144 0192 0461 29CE 		.string	"\004a)\316\241\254\203\265^\370\r\002\024\306\362\037$\273#\177].\3019\272/\277{3V\024\00
 144      A1AC 83B5 
 144      5EF8 0D02 
 144      14C6 F21F 
 144      24BB 237F 
 145 0293 6904 B1E9 		.ascii	"i\004\261\351 \222\364\244\213\220\337B\372\231+M\233\2124Q="
 145      2092 F4A4 
 145      8B90 DF42 
 145      FA99 2B4D 
 145      9B8A 3451 
 146 02a8 9F39 3679 		.ascii	"\23796y\231g37{\342$F\336wG<\352\216SX#a\344\352v\rNcJ\306&s"
 146      9967 3337 
 146      7BE2 2446 
 146      DE77 473C 
 146      EA8E 5358 
 147 02c8 8F7B 233F 		.ascii	"\217{#?\037\177\277\375T\305`\376;\027b\242\304\242@:\265\315"
 147      1F7F BFFD 
 147      54C5 60FE 
 147      3B17 62A2 
 147      C4A2 403A 
 148 02de 5091 F3C8 		.ascii	"P\221\363\310GR\005\246B\313\341\217j;\341m\025\243D\210\342"
 148      4752 05A6 
 148      42CB E18F 
 148      6A3B E16D 
 148      15A3 4488 
 149 02f3 2CB2 8A62 		.ascii	",\262\212b\241\202\250\025\344\267!?\324\202\374\250\036V\351"
 149      A182 A815 
 149      E4B7 213F 
 149      D482 FCA8 
 149      1E56 E9
 150 0306 D164 4C4A 		.ascii	"\321dLJ\r \025\2573y\030\357\324\005\274QtT#J{\316\2256\300I"
 150      0D20 15AF 
 150      3379 18EF 
 150      D405 BC51 
 150      7454 234A 
 151 0320 0BEA 87C6 		.ascii	"\013\352\207\306.\227x\343r\252^\350\256\273\360\f\362\361\237"
 151      2E97 78E3 
 151      72AA 5EE8 
 151      AEBB F00C 
 151      F2F1 9F
 152 0333 530D BA08 		.ascii	"S\r\272\b\"\376\273\240\3727\211\236\013\200i\227\247\236\310"
 152      22FE BBA0 
 152      FA37 899E 
 152      0B80 6997 
 152      A79E C8
 153 0346 A34C 5B1C 		.ascii	"\243L[\034\361\265:\\M\2314YW\237lqC~~~\376>L\360h?\027LJ_\007"
 153      F1B5 3A5C 
 153      4D99 3459 
 153      579F 6C71 
 153      437E 7E7E 
 154 0365 EE9D B260 		.ascii	"\356\235\262`V\f\252\230\201'\377*&z\3225\326\301\221N\225\265"
 154      560C AA98 
 154      8127 FF2A 
 154      267A D235 
 154      D6C1 914E 
 155 037b 2E58 10D5 		.ascii	".X\020\325K\261D\324\331\331X\271\020L\377\215\024Z\320N\327"
 155      4BB1 44D4 
 155      D9D9 58B9 
 155      104C FF8D 
 155      145A D04E 
 156 0390 82D2 6A24 		.ascii	"\202\322j$\361j\324\200o5\245\350\344\245\270\n\245\270\002\245"
 156      F16A D480 
 156      6F35 A5E8 
 156      E4A5 B80A 
 156      A5B8 02A5 
 157 03a4 B804 7699 		.ascii	"\270\004v\231\227\003\262\355\030\235\376^\207\353Y]\313\343"
 157      9703 B2ED 
 157      189D FE5E 
 157      87EB 595D 
 157      CBE3 
 158 03b6 F212 BD91 		.ascii	"\362\022\275\221\277\017\243yJ\313t\035\374\257\311e\352\244"
 158      BF0F A379 
 158      4ACB 741D 
 158      FCAF C965 
 158      EAA4 
 159 03c8 659A 930B 		.ascii	"e\232\223\013u\001\305\377\240\353\177t\344\324\002\266U\334"
 159      7501 C5FF 
 159      A0EB 7F74 
 159      E4D4 02B6 
 159      55DC 
 160 03da C899 54F6 		.ascii	"\310\231T\366m\275\206m\252@h6\035n\274\252\301ml\275\266m,\332"
 160      6DBD 866D 
 160      AA40 6836 
 160      1D6E BCAA 
 160      C16D 6CBD 
 161 03f2 83D9 985A 		.ascii	"\203\331\230Z\261\311\226\260MV\237=S\340\205;\220\313\001\261"
 161      B1C9 96B0 
 161      4D56 9F3D 
 161      53E0 853B 
 161      90CB 01B1 
 162 0406 841D 1037 		.ascii	"\204\035\0207\023\262\033t\270\233\215%5V\306b<\304\032'\357"
 162      13B2 1B74 
 162      B89B 8D25 
 162      3556 C662 
 162      3CC4 1A27 
 163 041b EDB8 A3C1 		.ascii	"\355\270\243\301wY#\372\351\2466\001\317\320\006.\216?pK\217"
 163      7759 23FA 
 163      E9A6 3601 
 163      CFD0 062E 
 163      8E3F 704B 
 164 0430 746C 6BB2 		.ascii	"tlk\262\243Lt\310;S\205\206\020\234\r\3506\f\337\341\333\222"
 164      A34C 74C8 
 164      3B53 8586 
 164      109C 0DE8 
 164      360C DFE1 
 165 0446 F4D0 6D39 		.ascii	"\364\320m9\216\351w\n\326\306w\225\267\350\311r!\013\206o\255"
 165      8EE9 770A 
 165      D6C6 7795 
 165      B7E8 C972 
 165      210B 866F 
 166 045b B133 8117 		.ascii	"\2613\201\027c\242\034\275\230.\231>(\345$\324\350ui\215\323"
 166      63A2 1CBD 
 166      982E 993E 
 166      28E5 24D4 
 166      E875 698D 
 167 0470 DE11 A852 		.ascii	"\336\021\250R/\222\027\303\324\222\215b\23479W)\370G\033\202"
 167      2F92 17C3 
 167      D492 8D62 
 167      9C37 3957 
 167      29F8 471B 
 168 0485 456E B908 		.ascii	"En\271\bk1\336\233"
 168      6B31 DE9B 
 169 048d 4618 9C37 		.string	"F\030\2347\256\302\341\366\007\255\377\"R\321\367\034}\0239\341d\003\022\370M$\343\333\t\
 169      AEC2 E1F6 
 169      07AD FF22 
 169      52D1 F71C 
 169      7D13 39E1 
 170 058e BE9F B22F 		.string	"\276\237\262/Y\255\213c\007;\001\303A!cg\350\036\204y'\247'\240'\232\323\373\370i\36224\0
 170      59AD 8B63 
 170      073B 01C3 
 170      4121 6367 
 170      E81E 8479 
 171 066b 1F63 57D9 		.string	"\037cW\331\301#\035\355^jrK&'\230EM\372\356\307<\336\211\227\356d\273\032nMd\262\244\243'
 171      C123 1DED 
 171      5E6A 724B 
 171      2627 9845 
 171      4DFA EEC7 
 172 06b2 F049 5E71 		.ascii	"\360I^qB7hJ\024^!\367\320\374\231T5\376\201\311(\355\235\350"
 172      4237 684A 
 172      145E 21F7 
 172      D0FC 9954 
 172      35FE 81C9 
 173 06ca C054 062C 		.ascii	"\300T\006,d.\343Dt\371\030\242}\344\n\260M\240\235S\007r\207"
 173      642E E344 
 173      74F9 18A2 
 173      7DE4 0AB0 
 173      4DA0 9D53 
 174 06e1 DC94 DAC8 		.ascii	"\334\224\332\310\031&\211K\242\342\276\226\304\225\r\244\027"
 174      1926 894B 
 174      A2E2 BE96 
 174      C495 0DA4 
 174      17
 175 06f2 6010 970D 		.ascii	"`\020\227\r\342.}\032+:\242Dr\373\006\024\332*K\333\252\224\266"
 175      E22E 7D1A 
 175      2B3A A244 
 175      72FB 0614 
 175      DA2A 4BDB 
 176 0709 9D4A AB48 		.ascii	"\235J\253HL\314t\3031\370\247Wh\335\263N\021)TD\262$\242\260"
 176      4CCC 74C3 
 176      31F8 A757 
 176      68DD B34E 
 176      1129 5444 
 177 0721 F098 3FD7 		.ascii	"\360\230?\327p\373\0231Q$p\200\240\035\262\202\035J\005\251T"
 177      70FB 1331 
 177      5124 7080 
 177      A01D B282 
 177      1D4A 05A9 
 178 0736 41C3 70E9 		.ascii	"A\303p\351\344\002\234\306\024\344]9]\247\3411\036*c\354\224"
 178      E402 9CC6 
 178      14E4 5D39 
 178      5DA7 E131 
 178      1E2A 63EC 
 179 074b 63EC 54C6 		.ascii	"c\354T\306\330Ecd\266\036\360\303\205,DO\302\321\036\375<\202"
 179      D845 6364 
 179      B61E F0C3 
 179      852C 444F 
 179      C2D1 1EFD 
 180 0761 7753 C116 		.ascii	"wS\301\026\256\367\312\336\2633n\234\254\351\357\234\f (M&KS"
 180      AEF7 CADE 
 180      B333 6E9C 
 180      ACE9 EF9C 
 180      0C20 284D 
 181 0778 92A5 53B2 		.ascii	"\222\245S\262}\225\335e\002nbl\315]#\005\032|\2055\212\366<n"
 181      7D95 DD65 
 181      026E 626C 
 181      CD5D 2305 
 181      1A7C 8535 
 182 0790 D342 FDD0 		.ascii	"\323B\375\320\036\352\005={\253\037Lh\t\005\334\021n4\270\223"
 182      1EEA 053D 
 182      7BAB 1F4C 
 182      6809 05DC 
 182      116E 34B8 
 183 07a5 8989 2213 		.ascii	"\211\211\"\023CX2$\026\264WP\223\226L\224I\211\372;\017\346k"
 183      4358 3224 
 183      16B4 5750 
 183      9396 4C94 
 183      4989 FA3B 
 184 07bc F175 4E74 		.ascii	"\361uNtt(\301\r\337\344D\031\003M\356\204([\"*"
 184      7428 C10D 
 184      DFE4 4419 
 184      034D EE84 
 184      285B 222A 
 185 07d0 8A72 E479 		.string	"\212r\344y\341\0016\274?'\263\335\203\f\357\207a\264\217-\247#\321\217\352\264x\224!\366d
 185      E101 36BC 
 185      3F27 B3DD 
 185      830C EF87 
 185      61B4 8F2D 
 186 08a5 1DDB 862B 		.ascii	"\035\333\206+\277K\025\343\334(\n\035\226\227\330a)\361c4\361"
 186      BF4B 15E3 
 186      DC28 0A1D 
 186      9697 D861 
 186      29F1 6334 
 187 08ba C2AE EC41 		.ascii	"\302\256\354AO|\216%>6SY\357\316#\364e\340\333\361\342FL\027"
 187      4F7C 8E25 
 187      3E36 5359 
 187      EFCE 23F4 
 187      65E0 DBF1 
 188 08d2 4FB1 EC5F 		.ascii	"O\261\354_,\371\037\247\376\303\003\331\371\036\370\036\363\217"
 188      2CF9 1FA7 
 188      FEC3 03D9 
 188      F91E F81E 
 188      F38F 
 189 08e4 9A49 BDA2 		.ascii	"\232I\275\242\341\376M\237$yR\337\023\262\357\t\311\267\204\372"
 189      E1FE 4D9F 
 189      2479 52DF 
 189      13B2 EF09 
 189      C9B7 84FA 
 190 08f8 DE1A 4E7F 		.ascii	"\336\032N\177\027Gk\250\353tL}\257\344zg\233\202\272Tv/\225\334"
 190      1747 6BA8 
 190      EB74 4C7D 
 190      AFE4 7A67 
 190      9B82 BA54 
 191 0910 CBA8 BBA3 		.ascii	"\313\250\273\243n0\327\023'0\377\235\007+"
 191      6E30 D713 
 191      2730 FF9D 
 191      072B 
 192 091e ABD5 DCBF 		.string	"\253\325\334\277S\242.\227}\313%\337\223\3247+3n\213;Ne\276\265\247k\3761\337\311W\341\26
 192      53A2 2E97 
 192      7DCB 25DF 
 192      93D4 372B 
 192      336E 8B3B 
 193 0a1f EF1C C949 		.string	"\357\034\311I\362T\306\336\355\022\373\034\217}\216\306\036\210\335tM\243\004W\270\200\23
 193      F254 C6DE 
 193      ED12 FB1C 
 193      8F7D 8EC6 
 193      1E88 DD74 
 194 0b04 9335 2CCC 		.ascii	"\2235,\314j\t\200\261O\255F[\020\t\002\337\341\326\b\203]m\017"
 194      6A09 80B1 
 194      4FAD 465B 
 194      1009 02DF 
 194      E1D6 0883 
 195 0b1b 0933 EBA0 		.ascii	"\t3\353\240E\203\031\354\330n\f\367\200\210f\333\006sP\240\363"
 195      4583 19EC 
 195      D86E 0CF7 
 195      8088 66DB 
 195      0673 50A0 
 196 0b30 6BB9 F3EB 		.ascii	"k\271\363\353u=\320\233m\266\310p;\220\232\254\221\026\373\363"
 196      753D D09B 
 196      6DB6 C870 
 196      3B90 9AAC 
 196      9116 FBF3 
 197 0b44 B389 8C26 		.ascii	"\263\211\214&{\210\325\0024\032\210f\260\353!\274\315\f\200 "
 197      7B88 D502 
 197      341A 8866 
 197      B0EB 21BC 
 197      CD0C 8020 
 198 0b58 83FD 0580 		.ascii	"\203\375\005\200\204G\332\315\206`\233\371\013C\260\325f\b\013"
 198      8447 DACD 
 198      8660 9BF9 
 198      0B43 B0D5 
 198      6608 0B
 199 0b6b 090A 3158 		.ascii	"\t\n1X\254v\263\377O\254\244\312\313\245c\211K\213F\262Z\236"
 199      AC76 B3FF 
 199      4FAC A4CA 
 199      CBA5 6389 
 199      4B8B 46B2 
 200 0b81 99A3 3338 		.ascii	"\231\24338\370E\327^ch(\035\2110\300\230\027\353\263Z\f\221\220"
 200      F845 D75E 
 200      6368 281D 
 200      8930 C098 
 200      17EB B35A 
 201 0b98 A8FA 4BB3 		.ascii	"\250\372K\263\361s\034n\375R\035j6\006\273\003j=T\024\322\265"
 201      F173 1C6E 
 201      FD52 1D6A 
 201      3606 BB03 
 201      6A3D 5414 
 202 0bae 44D8 57FC 		.ascii	"D\330W\374\177\023\027f\264\257\207R\350\302C\215_1\272g\245"
 202      7F13 1766 
 202      B4AF 8752 
 202      E8C2 438D 
 202      5F31 BA67 
 203 0bc3 4429 25FB 		.ascii	"D)%\373\013\b\357\r\326\020\223\331\020d\016\201\372\032\355"
 203      0B08 EF0D 
 203      D610 93D9 
 203      1064 0E81 
 203      FA1A ED
 204 0bd6 E6E7 5C61 		.ascii	"\346\347\\at4\002p^\f\307QZI\267\007\377\b\016\326\207H\031B"
 204      7434 0270 
 204      5E0C C751 
 204      5A49 B707 
 204      FF08 0ED6 
 205 0bee AF93 D623 		.ascii	"\257\223\326#\302n\r\247_\013\350\2273\373E,\236i\275\321\362"
 205      C26E 0DA7 
 205      5F0B E897 
 205      33FB 452C 
 205      9E69 BDD1 
 206 0c03 99D9 1061 		.ascii	"\231\331\020a\265|\366\037g\237\224\271"
 206      B57C F61F 
 206      679F 94B9 
 207               		.text
 208               		.section	.gnu.lto_.symtab.7baa2929f59843b2,"",@progbits
 209 0000 636F 6D70 		.string	"compute_freq_for_midi_note"
 209      7574 655F 
 209      6672 6571 
 209      5F66 6F72 
 209      5F6D 6964 
 210 001b 00        		.string	""
 211 001c 00        		.string	""
 212 001d 00        		.string	""
 213 001e 00        		.string	""
 214 001f 00        		.string	""
 215 0020 00        		.string	""
 216 0021 00        		.string	""
 217 0022 00        		.string	""
 218 0023 00        		.string	""
 219 0024 00        		.string	""
 220 0025 00        		.string	""
 221 0026 0C01 00   		.string	"\f\001"
 222 0029 00        		.string	""
 223 002a 7072 6F63 		.string	"process_audio"
 223      6573 735F 
 223      6175 6469 
 223      6F00 
 224 0038 00        		.string	""
 225 0039 00        		.string	""
 226 003a 00        		.string	""
 227 003b 00        		.string	""
 228 003c 00        		.string	""
 229 003d 00        		.string	""
 230 003e 00        		.string	""
 231 003f 00        		.string	""
 232 0040 00        		.string	""
 233 0041 00        		.string	""
 234 0042 00        		.string	""
 235 0043 1101 00   		.string	"\021\001"
 236 0046 00        		.string	""
 237 0047 766F 6963 		.string	"voice_change_song"
 237      655F 6368 
 237      616E 6765 
 237      5F73 6F6E 
 237      6700 
 238 0059 00        		.string	""
 239 005a 00        		.string	""
 240 005b 00        		.string	""
 241 005c 00        		.string	""
 242 005d 00        		.string	""
 243 005e 00        		.string	""
 244 005f 00        		.string	""
 245 0060 00        		.string	""
 246 0061 00        		.string	""
 247 0062 00        		.string	""
 248 0063 00        		.string	""
 249 0064 4901 00   		.string	"I\001"
 250 0067 00        		.string	""
 251 0068 7072 6F63 		.string	"process_audio_noteon"
 251      6573 735F 
 251      6175 6469 
 251      6F5F 6E6F 
 251      7465 6F6E 
 252 007d 00        		.string	""
 253 007e 00        		.string	""
 254 007f 00        		.string	""
 255 0080 00        		.string	""
 256 0081 00        		.string	""
 257 0082 00        		.string	""
 258 0083 00        		.string	""
 259 0084 00        		.string	""
 260 0085 00        		.string	""
 261 0086 00        		.string	""
 262 0087 00        		.string	""
 263 0088 1501 00   		.string	"\025\001"
 264 008b 00        		.string	""
 265 008c 7072 6F63 		.string	"process_audio_noteoff"
 265      6573 735F 
 265      6175 6469 
 265      6F5F 6E6F 
 265      7465 6F66 
 266 00a2 00        		.string	""
 267 00a3 00        		.string	""
 268 00a4 00        		.string	""
 269 00a5 00        		.string	""
 270 00a6 00        		.string	""
 271 00a7 00        		.string	""
 272 00a8 00        		.string	""
 273 00a9 00        		.string	""
 274 00aa 00        		.string	""
 275 00ab 00        		.string	""
 276 00ac 00        		.string	""
 277 00ad 1701 00   		.string	"\027\001"
 278 00b0 00        		.string	""
 279 00b1 7072 6F63 		.string	"process_audio_all_notes_off"
 279      6573 735F 
 279      6175 6469 
 279      6F5F 616C 
 279      6C5F 6E6F 
 280 00cd 00        		.string	""
 281 00ce 00        		.string	""
 282 00cf 00        		.string	""
 283 00d0 00        		.string	""
 284 00d1 00        		.string	""
 285 00d2 00        		.string	""
 286 00d3 00        		.string	""
 287 00d4 00        		.string	""
 288 00d5 00        		.string	""
 289 00d6 00        		.string	""
 290 00d7 00        		.string	""
 291 00d8 1A01 00   		.string	"\032\001"
 292 00db 00        		.string	""
 293 00dc 6175 6469 		.string	"audio_on_user"
 293      6F5F 6F6E 
 293      5F75 7365 
 293      7200 
 294 00ea 00        		.string	""
 295 00eb 01        		.ascii	"\001"
 296 00ec 00        		.string	""
 297 00ed 00        		.string	""
 298 00ee 00        		.string	""
 299 00ef 00        		.string	""
 300 00f0 00        		.string	""
 301 00f1 00        		.string	""
 302 00f2 00        		.string	""
 303 00f3 00        		.string	""
 304 00f4 00        		.string	""
 305 00f5 1E01 00   		.string	"\036\001"
 306 00f8 00        		.string	""
 307 00f9 706C 6179 		.string	"play_notes"
 307      5F6E 6F74 
 307      6573 00
 308 0104 00        		.string	""
 309 0105 02        		.ascii	"\002"
 310 0106 00        		.string	""
 311 0107 00        		.string	""
 312 0108 00        		.string	""
 313 0109 00        		.string	""
 314 010a 00        		.string	""
 315 010b 00        		.string	""
 316 010c 00        		.string	""
 317 010d 00        		.string	""
 318 010e 00        		.string	""
 319 010f 3101 00   		.string	"1\001"
 320 0112 00        		.string	""
 321 0113 766F 6963 		.string	"voice_deiterate"
 321      655F 6465 
 321      6974 6572 
 321      6174 6500 
 322 0123 00        		.string	""
 323 0124 02        		.ascii	"\002"
 324 0125 00        		.string	""
 325 0126 00        		.string	""
 326 0127 00        		.string	""
 327 0128 00        		.string	""
 328 0129 00        		.string	""
 329 012a 00        		.string	""
 330 012b 00        		.string	""
 331 012c 00        		.string	""
 332 012d 00        		.string	""
 333 012e 3301 00   		.string	"3\001"
 334 0131 00        		.string	""
 335 0132 766F 6963 		.string	"voice_iterate"
 335      655F 6974 
 335      6572 6174 
 335      6500 
 336 0140 00        		.string	""
 337 0141 02        		.ascii	"\002"
 338 0142 00        		.string	""
 339 0143 00        		.string	""
 340 0144 00        		.string	""
 341 0145 00        		.string	""
 342 0146 00        		.string	""
 343 0147 00        		.string	""
 344 0148 00        		.string	""
 345 0149 00        		.string	""
 346 014a 00        		.string	""
 347 014b 3501 00   		.string	"5\001"
 348 014e 00        		.string	""
 349 014f 6175 6469 		.string	"audio_on"
 349      6F5F 6F6E 
 349      00
 350 0158 00        		.string	""
 351 0159 02        		.ascii	"\002"
 352 015a 00        		.string	""
 353 015b 00        		.string	""
 354 015c 00        		.string	""
 355 015d 00        		.string	""
 356 015e 00        		.string	""
 357 015f 00        		.string	""
 358 0160 00        		.string	""
 359 0161 00        		.string	""
 360 0162 00        		.string	""
 361 0163 3701 00   		.string	"7\001"
 362 0166 00        		.string	""
 363 0167 6175 6469 		.string	"audio_off"
 363      6F5F 6F66 
 363      6600 
 364 0171 00        		.string	""
 365 0172 02        		.ascii	"\002"
 366 0173 00        		.string	""
 367 0174 00        		.string	""
 368 0175 00        		.string	""
 369 0176 00        		.string	""
 370 0177 00        		.string	""
 371 0178 00        		.string	""
 372 0179 00        		.string	""
 373 017a 00        		.string	""
 374 017b 00        		.string	""
 375 017c 3901 00   		.string	"9\001"
 376 017f 00        		.string	""
 377 0180 6973 5F61 		.string	"is_audio_on"
 377      7564 696F 
 377      5F6F 6E00 
 378 018c 00        		.string	""
 379 018d 02        		.ascii	"\002"
 380 018e 00        		.string	""
 381 018f 00        		.string	""
 382 0190 00        		.string	""
 383 0191 00        		.string	""
 384 0192 00        		.string	""
 385 0193 00        		.string	""
 386 0194 00        		.string	""
 387 0195 00        		.string	""
 388 0196 00        		.string	""
 389 0197 3C01 00   		.string	"<\001"
 390 019a 00        		.string	""
 391 019b 706C 6179 		.string	"play_note"
 391      5F6E 6F74 
 391      6500 
 392 01a5 00        		.string	""
 393 01a6 02        		.ascii	"\002"
 394 01a7 00        		.string	""
 395 01a8 00        		.string	""
 396 01a9 00        		.string	""
 397 01aa 00        		.string	""
 398 01ab 00        		.string	""
 399 01ac 00        		.string	""
 400 01ad 00        		.string	""
 401 01ae 00        		.string	""
 402 01af 00        		.string	""
 403 01b0 4101 00   		.string	"A\001"
 404 01b3 00        		.string	""
 405 01b4 7374 6F70 		.string	"stop_note"
 405      5F6E 6F74 
 405      6500 
 406 01be 00        		.string	""
 407 01bf 02        		.ascii	"\002"
 408 01c0 00        		.string	""
 409 01c1 00        		.string	""
 410 01c2 00        		.string	""
 411 01c3 00        		.string	""
 412 01c4 00        		.string	""
 413 01c5 00        		.string	""
 414 01c6 00        		.string	""
 415 01c7 00        		.string	""
 416 01c8 00        		.string	""
 417 01c9 4501 00   		.string	"E\001"
 418 01cc 00        		.string	""
 419 01cd 7374 6F70 		.string	"stop_all_notes"
 419      5F61 6C6C 
 419      5F6E 6F74 
 419      6573 00
 420 01dc 00        		.string	""
 421 01dd 02        		.ascii	"\002"
 422 01de 00        		.string	""
 423 01df 00        		.string	""
 424 01e0 00        		.string	""
 425 01e1 00        		.string	""
 426 01e2 00        		.string	""
 427 01e3 00        		.string	""
 428 01e4 00        		.string	""
 429 01e5 00        		.string	""
 430 01e6 00        		.string	""
 431 01e7 4701 00   		.string	"G\001"
 432 01ea 00        		.string	""
 433               		.text
 434               		.section	.gnu.lto_.opts,"",@progbits
 435 0000 272D 666D 		.ascii	"'-fmath-errno' '-fsigned-zeros' '-ftrapping-m"
 435      6174 682D 
 435      6572 726E 
 435      6F27 2027 
 435      2D66 7369 
 436 002d 6174 6827 		.string	"ath' '-fno-trapv' '-fno-openmp' '-fno-openacc' '-mn-flash=1' '-mno-skip-bug' '-mmcu=avr5'
 436      2027 2D66 
 436      6E6F 2D74 
 436      7261 7076 
 436      2720 272D 
 437               		.text
 438               		.comm	__gnu_lto_v1,1,1
 439               		.comm	__gnu_lto_slim,1,1
 440               		.ident	"GCC: (GNU) 7.4.0"
DEFINED SYMBOLS
                            *ABS*:0000000000000000 process_audio.c
/var/tmp//ccas1Sn5.s:2      *ABS*:000000000000003e __SP_H__
/var/tmp//ccas1Sn5.s:3      *ABS*:000000000000003d __SP_L__
/var/tmp//ccas1Sn5.s:4      *ABS*:000000000000003f __SREG__
/var/tmp//ccas1Sn5.s:5      *ABS*:0000000000000000 __tmp_reg__
/var/tmp//ccas1Sn5.s:6      *ABS*:0000000000000001 __zero_reg__
                            *COM*:0000000000000001 __gnu_lto_v1
                            *COM*:0000000000000001 __gnu_lto_slim

NO UNDEFINED SYMBOLS
