   1               		.file	"keymap_common.c"
   2               	__SP_H__ = 0x3e
   3               	__SP_L__ = 0x3d
   4               	__SREG__ = 0x3f
   5               	__tmp_reg__ = 0
   6               	__zero_reg__ = 1
   7               		.text
   8               	.Ltext0:
   9               		.cfi_sections	.debug_frame
  10               		.section	.text.action_get_macro,"ax",@progbits
  11               		.weak	action_get_macro
  13               	action_get_macro:
  14               	.LFB21:
  15               		.file 1 "quantum/keymap_common.c"
   1:quantum/keymap_common.c **** /*
   2:quantum/keymap_common.c **** Copyright 2012-2017 Jun Wako <wakojun@gmail.com>
   3:quantum/keymap_common.c **** 
   4:quantum/keymap_common.c **** This program is free software: you can redistribute it and/or modify
   5:quantum/keymap_common.c **** it under the terms of the GNU General Public License as published by
   6:quantum/keymap_common.c **** the Free Software Foundation, either version 2 of the License, or
   7:quantum/keymap_common.c **** (at your option) any later version.
   8:quantum/keymap_common.c **** 
   9:quantum/keymap_common.c **** This program is distributed in the hope that it will be useful,
  10:quantum/keymap_common.c **** but WITHOUT ANY WARRANTY; without even the implied warranty of
  11:quantum/keymap_common.c **** MERCHANTABILITY or FITNESS FOR A PARTICULAR PURPOSE.  See the
  12:quantum/keymap_common.c **** GNU General Public License for more details.
  13:quantum/keymap_common.c **** 
  14:quantum/keymap_common.c **** You should have received a copy of the GNU General Public License
  15:quantum/keymap_common.c **** along with this program.  If not, see <http://www.gnu.org/licenses/>.
  16:quantum/keymap_common.c **** */
  17:quantum/keymap_common.c **** 
  18:quantum/keymap_common.c **** #include "keymap.h"
  19:quantum/keymap_common.c **** #include "report.h"
  20:quantum/keymap_common.c **** #include "keycode.h"
  21:quantum/keymap_common.c **** #include "action_layer.h"
  22:quantum/keymap_common.c **** #if defined(__AVR__)
  23:quantum/keymap_common.c **** #    include <util/delay.h>
  24:quantum/keymap_common.c **** #    include <stdio.h>
  25:quantum/keymap_common.c **** #endif
  26:quantum/keymap_common.c **** #include "action.h"
  27:quantum/keymap_common.c **** #include "action_macro.h"
  28:quantum/keymap_common.c **** #include "debug.h"
  29:quantum/keymap_common.c **** #include "backlight.h"
  30:quantum/keymap_common.c **** #include "quantum.h"
  31:quantum/keymap_common.c **** 
  32:quantum/keymap_common.c **** #ifdef MIDI_ENABLE
  33:quantum/keymap_common.c **** #    include "process_midi.h"
  34:quantum/keymap_common.c **** #endif
  35:quantum/keymap_common.c **** 
  36:quantum/keymap_common.c **** extern keymap_config_t keymap_config;
  37:quantum/keymap_common.c **** 
  38:quantum/keymap_common.c **** #include <inttypes.h>
  39:quantum/keymap_common.c **** 
  40:quantum/keymap_common.c **** /* converts key to action */
  41:quantum/keymap_common.c **** action_t action_for_key(uint8_t layer, keypos_t key) {
  42:quantum/keymap_common.c ****     // 16bit keycodes - important
  43:quantum/keymap_common.c ****     uint16_t keycode = keymap_key_to_keycode(layer, key);
  44:quantum/keymap_common.c **** 
  45:quantum/keymap_common.c ****     // keycode remapping
  46:quantum/keymap_common.c ****     keycode = keycode_config(keycode);
  47:quantum/keymap_common.c **** 
  48:quantum/keymap_common.c ****     action_t action;
  49:quantum/keymap_common.c ****     uint8_t  action_layer, when, mod;
  50:quantum/keymap_common.c **** 
  51:quantum/keymap_common.c ****     switch (keycode) {
  52:quantum/keymap_common.c ****         case KC_FN0 ... KC_FN31:
  53:quantum/keymap_common.c ****             action.code = keymap_function_id_to_action(FN_INDEX(keycode));
  54:quantum/keymap_common.c ****             break;
  55:quantum/keymap_common.c ****         case KC_A ... KC_EXSEL:
  56:quantum/keymap_common.c ****         case KC_LCTRL ... KC_RGUI:
  57:quantum/keymap_common.c ****             action.code = ACTION_KEY(keycode);
  58:quantum/keymap_common.c ****             break;
  59:quantum/keymap_common.c ****         case KC_SYSTEM_POWER ... KC_SYSTEM_WAKE:
  60:quantum/keymap_common.c ****             action.code = ACTION_USAGE_SYSTEM(KEYCODE2SYSTEM(keycode));
  61:quantum/keymap_common.c ****             break;
  62:quantum/keymap_common.c ****         case KC_AUDIO_MUTE ... KC_BRIGHTNESS_DOWN:
  63:quantum/keymap_common.c ****             action.code = ACTION_USAGE_CONSUMER(KEYCODE2CONSUMER(keycode));
  64:quantum/keymap_common.c ****             break;
  65:quantum/keymap_common.c ****         case KC_MS_UP ... KC_MS_ACCEL2:
  66:quantum/keymap_common.c ****             action.code = ACTION_MOUSEKEY(keycode);
  67:quantum/keymap_common.c ****             break;
  68:quantum/keymap_common.c ****         case KC_TRNS:
  69:quantum/keymap_common.c ****             action.code = ACTION_TRANSPARENT;
  70:quantum/keymap_common.c ****             break;
  71:quantum/keymap_common.c ****         case QK_MODS ... QK_MODS_MAX:;
  72:quantum/keymap_common.c ****             // Has a modifier
  73:quantum/keymap_common.c ****             // Split it up
  74:quantum/keymap_common.c ****             action.code = ACTION_MODS_KEY(keycode >> 8, keycode & 0xFF);  // adds modifier to key
  75:quantum/keymap_common.c ****             break;
  76:quantum/keymap_common.c ****         case QK_FUNCTION ... QK_FUNCTION_MAX:;
  77:quantum/keymap_common.c ****             // Is a shortcut for function action_layer, pull last 12bits
  78:quantum/keymap_common.c ****             // This means we have 4,096 FN macros at our disposal
  79:quantum/keymap_common.c ****             action.code = keymap_function_id_to_action((int)keycode & 0xFFF);
  80:quantum/keymap_common.c ****             break;
  81:quantum/keymap_common.c ****         case QK_MACRO ... QK_MACRO_MAX:
  82:quantum/keymap_common.c ****             if (keycode & 0x800)  // tap macros have upper bit set
  83:quantum/keymap_common.c ****                 action.code = ACTION_MACRO_TAP(keycode & 0xFF);
  84:quantum/keymap_common.c ****             else
  85:quantum/keymap_common.c ****                 action.code = ACTION_MACRO(keycode & 0xFF);
  86:quantum/keymap_common.c ****             break;
  87:quantum/keymap_common.c ****         case QK_LAYER_TAP ... QK_LAYER_TAP_MAX:
  88:quantum/keymap_common.c ****             action.code = ACTION_LAYER_TAP_KEY((keycode >> 0x8) & 0xF, keycode & 0xFF);
  89:quantum/keymap_common.c ****             break;
  90:quantum/keymap_common.c ****         case QK_TO ... QK_TO_MAX:;
  91:quantum/keymap_common.c ****             // Layer set "GOTO"
  92:quantum/keymap_common.c ****             when         = (keycode >> 0x4) & 0x3;
  93:quantum/keymap_common.c ****             action_layer = keycode & 0xF;
  94:quantum/keymap_common.c ****             action.code  = ACTION_LAYER_SET(action_layer, when);
  95:quantum/keymap_common.c ****             break;
  96:quantum/keymap_common.c ****         case QK_MOMENTARY ... QK_MOMENTARY_MAX:;
  97:quantum/keymap_common.c ****             // Momentary action_layer
  98:quantum/keymap_common.c ****             action_layer = keycode & 0xFF;
  99:quantum/keymap_common.c ****             action.code  = ACTION_LAYER_MOMENTARY(action_layer);
 100:quantum/keymap_common.c ****             break;
 101:quantum/keymap_common.c ****         case QK_DEF_LAYER ... QK_DEF_LAYER_MAX:;
 102:quantum/keymap_common.c ****             // Set default action_layer
 103:quantum/keymap_common.c ****             action_layer = keycode & 0xFF;
 104:quantum/keymap_common.c ****             action.code  = ACTION_DEFAULT_LAYER_SET(action_layer);
 105:quantum/keymap_common.c ****             break;
 106:quantum/keymap_common.c ****         case QK_TOGGLE_LAYER ... QK_TOGGLE_LAYER_MAX:;
 107:quantum/keymap_common.c ****             // Set toggle
 108:quantum/keymap_common.c ****             action_layer = keycode & 0xFF;
 109:quantum/keymap_common.c ****             action.code  = ACTION_LAYER_TOGGLE(action_layer);
 110:quantum/keymap_common.c ****             break;
 111:quantum/keymap_common.c ****         case QK_ONE_SHOT_LAYER ... QK_ONE_SHOT_LAYER_MAX:;
 112:quantum/keymap_common.c ****             // OSL(action_layer) - One-shot action_layer
 113:quantum/keymap_common.c ****             action_layer = keycode & 0xFF;
 114:quantum/keymap_common.c ****             action.code  = ACTION_LAYER_ONESHOT(action_layer);
 115:quantum/keymap_common.c ****             break;
 116:quantum/keymap_common.c ****         case QK_ONE_SHOT_MOD ... QK_ONE_SHOT_MOD_MAX:;
 117:quantum/keymap_common.c ****             // OSM(mod) - One-shot mod
 118:quantum/keymap_common.c ****             mod         = mod_config(keycode & 0xFF);
 119:quantum/keymap_common.c ****             action.code = ACTION_MODS_ONESHOT(mod);
 120:quantum/keymap_common.c ****             break;
 121:quantum/keymap_common.c ****         case QK_LAYER_TAP_TOGGLE ... QK_LAYER_TAP_TOGGLE_MAX:
 122:quantum/keymap_common.c ****             action.code = ACTION_LAYER_TAP_TOGGLE(keycode & 0xFF);
 123:quantum/keymap_common.c ****             break;
 124:quantum/keymap_common.c ****         case QK_LAYER_MOD ... QK_LAYER_MOD_MAX:
 125:quantum/keymap_common.c ****             mod          = mod_config(keycode & 0xF);
 126:quantum/keymap_common.c ****             action_layer = (keycode >> 4) & 0xF;
 127:quantum/keymap_common.c ****             action.code  = ACTION_LAYER_MODS(action_layer, mod);
 128:quantum/keymap_common.c ****             break;
 129:quantum/keymap_common.c ****         case QK_MOD_TAP ... QK_MOD_TAP_MAX:
 130:quantum/keymap_common.c ****             mod         = mod_config((keycode >> 0x8) & 0x1F);
 131:quantum/keymap_common.c ****             action.code = ACTION_MODS_TAP_KEY(mod, keycode & 0xFF);
 132:quantum/keymap_common.c ****             break;
 133:quantum/keymap_common.c **** #ifdef BACKLIGHT_ENABLE
 134:quantum/keymap_common.c ****         case BL_ON:
 135:quantum/keymap_common.c ****             action.code = ACTION_BACKLIGHT_ON();
 136:quantum/keymap_common.c ****             break;
 137:quantum/keymap_common.c ****         case BL_OFF:
 138:quantum/keymap_common.c ****             action.code = ACTION_BACKLIGHT_OFF();
 139:quantum/keymap_common.c ****             break;
 140:quantum/keymap_common.c ****         case BL_DEC:
 141:quantum/keymap_common.c ****             action.code = ACTION_BACKLIGHT_DECREASE();
 142:quantum/keymap_common.c ****             break;
 143:quantum/keymap_common.c ****         case BL_INC:
 144:quantum/keymap_common.c ****             action.code = ACTION_BACKLIGHT_INCREASE();
 145:quantum/keymap_common.c ****             break;
 146:quantum/keymap_common.c ****         case BL_TOGG:
 147:quantum/keymap_common.c ****             action.code = ACTION_BACKLIGHT_TOGGLE();
 148:quantum/keymap_common.c ****             break;
 149:quantum/keymap_common.c ****         case BL_STEP:
 150:quantum/keymap_common.c ****             action.code = ACTION_BACKLIGHT_STEP();
 151:quantum/keymap_common.c ****             break;
 152:quantum/keymap_common.c **** #endif
 153:quantum/keymap_common.c **** #ifdef SWAP_HANDS_ENABLE
 154:quantum/keymap_common.c ****         case QK_SWAP_HANDS ... QK_SWAP_HANDS_MAX:
 155:quantum/keymap_common.c ****             action.code = ACTION(ACT_SWAP_HANDS, keycode & 0xff);
 156:quantum/keymap_common.c ****             break;
 157:quantum/keymap_common.c **** #endif
 158:quantum/keymap_common.c **** 
 159:quantum/keymap_common.c ****         default:
 160:quantum/keymap_common.c ****             action.code = ACTION_NO;
 161:quantum/keymap_common.c ****             break;
 162:quantum/keymap_common.c ****     }
 163:quantum/keymap_common.c ****     return action;
 164:quantum/keymap_common.c **** }
 165:quantum/keymap_common.c **** 
 166:quantum/keymap_common.c **** __attribute__((weak)) const uint16_t PROGMEM fn_actions[] = {
 167:quantum/keymap_common.c **** 
 168:quantum/keymap_common.c **** };
 169:quantum/keymap_common.c **** 
 170:quantum/keymap_common.c **** /* Macro */
 171:quantum/keymap_common.c **** __attribute__((weak)) const macro_t *action_get_macro(keyrecord_t *record, uint8_t id, uint8_t opt)
  16               		.loc 1 171 0
  17               		.cfi_startproc
  18               	.LVL0:
  19               	/* prologue: function */
  20               	/* frame size = 0 */
  21               	/* stack size = 0 */
  22               	.L__stack_usage = 0
  23               		.loc 1 171 0
  24 0000 90E0      		ldi r25,0
  25 0002 80E0      		ldi r24,0
  26               	.LVL1:
  27               	/* epilogue start */
  28 0004 0895      		ret
  29               		.cfi_endproc
  30               	.LFE21:
  32               		.section	.text.action_function,"ax",@progbits
  33               		.weak	action_function
  35               	action_function:
  36               	.LFB22:
 172:quantum/keymap_common.c **** 
 173:quantum/keymap_common.c **** /* Function */
 174:quantum/keymap_common.c **** __attribute__((weak)) void action_function(keyrecord_t *record, uint8_t id, uint8_t opt) {}
  37               		.loc 1 174 0
  38               		.cfi_startproc
  39               	.LVL2:
  40               	/* prologue: function */
  41               	/* frame size = 0 */
  42               	/* stack size = 0 */
  43               	.L__stack_usage = 0
  44               	/* epilogue start */
  45               		.loc 1 174 0
  46 0000 0895      		ret
  47               		.cfi_endproc
  48               	.LFE22:
  50               		.section	.text.keymap_key_to_keycode,"ax",@progbits
  51               		.weak	keymap_key_to_keycode
  53               	keymap_key_to_keycode:
  54               	.LFB23:
 175:quantum/keymap_common.c **** 
 176:quantum/keymap_common.c **** // translates key to keycode
 177:quantum/keymap_common.c **** __attribute__((weak)) uint16_t keymap_key_to_keycode(uint8_t layer, keypos_t key) {
  55               		.loc 1 177 0
  56               		.cfi_startproc
  57               	.LVL3:
  58               	/* prologue: function */
  59               	/* frame size = 0 */
  60               	/* stack size = 0 */
  61               	.L__stack_usage = 0
  62 0000 972F      		mov r25,r23
  63               	.LBB2:
 178:quantum/keymap_common.c ****     // Read entire word (16bits)
 179:quantum/keymap_common.c ****     return pgm_read_word(&keymaps[(layer)][(key.row)][(key.col)]);
  64               		.loc 1 179 0
  65 0002 70E0      		ldi r23,0
  66 0004 26E0      		ldi r18,lo8(6)
  67 0006 929F      		mul r25,r18
  68 0008 600D      		add r22,r0
  69 000a 711D      		adc r23,r1
  70 000c 1124      		clr __zero_reg__
  71               	.LVL4:
  72 000e FB01      		movw r30,r22
  73 0010 9CE3      		ldi r25,lo8(60)
  74 0012 899F      		mul r24,r25
  75 0014 E00D      		add r30,r0
  76 0016 F11D      		adc r31,r1
  77 0018 1124      		clr __zero_reg__
  78 001a EE0F      		lsl r30
  79 001c FF1F      		rol r31
  80               	.LVL5:
  81 001e E050      		subi r30,lo8(-(keymaps))
  82 0020 F040      		sbci r31,hi8(-(keymaps))
  83               	.LVL6:
  84               	/* #APP */
  85               	 ;  179 "quantum/keymap_common.c" 1
  86 0022 8591      		lpm r24, Z+
  87 0024 9491      		lpm r25, Z
  88               		
  89               	 ;  0 "" 2
  90               	.LVL7:
  91               	/* epilogue start */
  92               	/* #NOAPP */
  93               	.LBE2:
 180:quantum/keymap_common.c **** }
  94               		.loc 1 180 0
  95 0026 0895      		ret
  96               		.cfi_endproc
  97               	.LFE23:
  99               		.section	.text.keymap_function_id_to_action,"ax",@progbits
 100               		.weak	keymap_function_id_to_action
 102               	keymap_function_id_to_action:
 103               	.LFB24:
 181:quantum/keymap_common.c **** 
 182:quantum/keymap_common.c **** // translates function id to action
 183:quantum/keymap_common.c **** __attribute__((weak)) uint16_t keymap_function_id_to_action(uint16_t function_id) {
 104               		.loc 1 183 0
 105               		.cfi_startproc
 106               	.LVL8:
 107               	/* prologue: function */
 108               	/* frame size = 0 */
 109               	/* stack size = 0 */
 110               	.L__stack_usage = 0
 111               	.LBB3:
 184:quantum/keymap_common.c **** // The compiler sees the empty (weak) fn_actions and generates a warning
 185:quantum/keymap_common.c **** // This function should not be called in that case, so the warning is too strict
 186:quantum/keymap_common.c **** // If this function is called however, the keymap should have overridden fn_actions, and then the c
 187:quantum/keymap_common.c **** // is comparing against the wrong array
 188:quantum/keymap_common.c **** #pragma GCC diagnostic push
 189:quantum/keymap_common.c **** #pragma GCC diagnostic ignored "-Warray-bounds"
 190:quantum/keymap_common.c ****     return pgm_read_word(&fn_actions[function_id]);
 112               		.loc 1 190 0
 113 0000 FC01      		movw r30,r24
 114 0002 EE0F      		lsl r30
 115 0004 FF1F      		rol r31
 116               	.LVL9:
 117 0006 E050      		subi r30,lo8(-(fn_actions))
 118 0008 F040      		sbci r31,hi8(-(fn_actions))
 119               	.LVL10:
 120               	/* #APP */
 121               	 ;  190 "quantum/keymap_common.c" 1
 122 000a 8591      		lpm r24, Z+
 123 000c 9491      		lpm r25, Z
 124               		
 125               	 ;  0 "" 2
 126               	.LVL11:
 127               	/* epilogue start */
 128               	/* #NOAPP */
 129               	.LBE3:
 191:quantum/keymap_common.c **** #pragma GCC diagnostic pop
 192:quantum/keymap_common.c **** }
 130               		.loc 1 192 0
 131 000e 0895      		ret
 132               		.cfi_endproc
 133               	.LFE24:
 135               		.section	.text.action_for_key,"ax",@progbits
 136               	.global	action_for_key
 138               	action_for_key:
 139               	.LFB20:
  41:quantum/keymap_common.c ****     // 16bit keycodes - important
 140               		.loc 1 41 0
 141               		.cfi_startproc
 142               	.LVL12:
 143 0000 CF93      		push r28
 144               	.LCFI0:
 145               		.cfi_def_cfa_offset 3
 146               		.cfi_offset 28, -2
 147 0002 DF93      		push r29
 148               	.LCFI1:
 149               		.cfi_def_cfa_offset 4
 150               		.cfi_offset 29, -3
 151               	/* prologue: function */
 152               	/* frame size = 0 */
 153               	/* stack size = 2 */
 154               	.L__stack_usage = 2
  43:quantum/keymap_common.c **** 
 155               		.loc 1 43 0
 156 0004 0E94 0000 		call keymap_key_to_keycode
 157               	.LVL13:
  46:quantum/keymap_common.c **** 
 158               		.loc 1 46 0
 159 0008 0E94 0000 		call keycode_config
 160               	.LVL14:
 161 000c EC01      		movw r28,r24
 162               	.LVL15:
  51:quantum/keymap_common.c ****         case KC_FN0 ... KC_FN31:
 163               		.loc 1 51 0
 164 000e 8115      		cp r24,__zero_reg__
 165 0010 9045      		sbci r25,80
 166 0012 00F0      		brlo .+2
 167 0014 00C0      		rjmp .L7
 168 0016 C115      		cp r28,__zero_reg__
 169 0018 80E4      		ldi r24,64
 170 001a D807      		cpc r29,r24
 171               	.LVL16:
 172 001c 00F0      		brlo .+2
 173 001e 00C0      		rjmp .L8
 174 0020 C83E      		cpi r28,-24
 175 0022 D105      		cpc r29,__zero_reg__
 176 0024 00F4      		brsh .L9
 177 0026 C03E      		cpi r28,-32
 178 0028 D105      		cpc r29,__zero_reg__
 179 002a 00F0      		brlo .+2
 180 002c 00C0      		rjmp .L10
 181 002e C83A      		cpi r28,-88
 182 0030 D105      		cpc r29,__zero_reg__
 183 0032 00F4      		brsh .L11
 184 0034 C53A      		cpi r28,-91
 185 0036 D105      		cpc r29,__zero_reg__
 186 0038 00F0      		brlo .+2
 187 003a 00C0      		rjmp .L12
 188 003c C130      		cpi r28,1
 189 003e D105      		cpc r29,__zero_reg__
 190 0040 01F4      		brne .+2
 191 0042 00C0      		rjmp .L10
 192 0044 00F0      		brlo .L6
 193 0046 C430      		cpi r28,4
 194 0048 D105      		cpc r29,__zero_reg__
 195 004a 00F0      		brlo .+2
 196 004c 00C0      		rjmp .L10
 197               	.L6:
 198               	.LVL17:
 160:quantum/keymap_common.c ****             break;
 199               		.loc 1 160 0
 200 004e D0E0      		ldi r29,0
 201 0050 C0E0      		ldi r28,0
 161:quantum/keymap_common.c ****     }
 202               		.loc 1 161 0
 203 0052 00C0      		rjmp .L10
 204               	.LVL18:
 205               	.L11:
  51:quantum/keymap_common.c ****         case KC_FN0 ... KC_FN31:
 206               		.loc 1 51 0
 207 0054 CF3B      		cpi r28,-65
 208 0056 D105      		cpc r29,__zero_reg__
 209 0058 00F4      		brsh .+2
 210 005a 00C0      		rjmp .L13
  53:quantum/keymap_common.c ****             break;
 211               		.loc 1 53 0
 212 005c CE01      		movw r24,r28
 213 005e 805C      		subi r24,-64
 214 0060 9109      		sbc r25,__zero_reg__
  51:quantum/keymap_common.c ****         case KC_FN0 ... KC_FN31:
 215               		.loc 1 51 0
 216 0062 C03C      		cpi r28,-64
 217 0064 D105      		cpc r29,__zero_reg__
 218 0066 00F0      		brlo .L6
 219               	.L67:
  79:quantum/keymap_common.c ****             break;
 220               		.loc 1 79 0
 221 0068 0E94 0000 		call keymap_function_id_to_action
 222               	.LVL19:
 223 006c EC01      		movw r28,r24
 224               	.LVL20:
  80:quantum/keymap_common.c ****         case QK_MACRO ... QK_MACRO_MAX:
 225               		.loc 1 80 0
 226 006e 00C0      		rjmp .L10
 227               	.LVL21:
 228               	.L9:
  51:quantum/keymap_common.c ****         case KC_FN0 ... KC_FN31:
 229               		.loc 1 51 0
 230 0070 C115      		cp r28,__zero_reg__
 231 0072 20E2      		ldi r18,32
 232 0074 D207      		cpc r29,r18
 233 0076 00F4      		brsh .L15
 234 0078 C115      		cp r28,__zero_reg__
 235 007a 81E0      		ldi r24,1
 236 007c D807      		cpc r29,r24
 237 007e 00F0      		brlo .+2
 238 0080 00C0      		rjmp .L10
 239 0082 C03F      		cpi r28,-16
 240 0084 D105      		cpc r29,__zero_reg__
 241 0086 00F0      		brlo .L6
 242               	.LVL22:
  66:quantum/keymap_common.c ****             break;
 243               		.loc 1 66 0
 244 0088 D065      		ori r29,80
 245               	.LVL23:
  67:quantum/keymap_common.c ****         case KC_TRNS:
 246               		.loc 1 67 0
 247 008a 00C0      		rjmp .L10
 248               	.LVL24:
 249               	.L15:
  51:quantum/keymap_common.c ****         case KC_FN0 ... KC_FN31:
 250               		.loc 1 51 0
 251 008c C115      		cp r28,__zero_reg__
 252 008e 20E3      		ldi r18,48
 253 0090 D207      		cpc r29,r18
 254 0092 00F0      		brlo .+2
 255 0094 00C0      		rjmp .L62
  79:quantum/keymap_common.c ****             break;
 256               		.loc 1 79 0
 257 0096 CE01      		movw r24,r28
 258 0098 9F70      		andi r25,15
 259 009a 00C0      		rjmp .L67
 260               	.LVL25:
 261               	.L7:
  51:quantum/keymap_common.c ****         case KC_FN0 ... KC_FN31:
 262               		.loc 1 51 0
 263 009c C115      		cp r28,__zero_reg__
 264 009e 85E5      		ldi r24,85
 265 00a0 D807      		cpc r29,r24
 266               	.LVL26:
 267 00a2 00F4      		brsh .L19
 268 00a4 C115      		cp r28,__zero_reg__
 269 00a6 24E5      		ldi r18,84
 270 00a8 D207      		cpc r29,r18
 271 00aa 00F0      		brlo .+2
 272 00ac 00C0      		rjmp .L20
 273 00ae C115      		cp r28,__zero_reg__
 274 00b0 82E5      		ldi r24,82
 275 00b2 D807      		cpc r29,r24
 276 00b4 00F4      		brsh .L21
 277 00b6 C115      		cp r28,__zero_reg__
 278 00b8 21E5      		ldi r18,81
 279 00ba D207      		cpc r29,r18
 280 00bc 00F4      		brsh .+2
 281 00be 00C0      		rjmp .L63
 282               	.LVL27:
  99:quantum/keymap_common.c ****             break;
 283               		.loc 1 99 0
 284 00c0 DC2F      		mov r29,r28
 285 00c2 CC27      		clr r28
 286               	.LVL28:
 287 00c4 C16F      		ori r28,241
 288 00c6 D06A      		ori r29,160
 289               	.LVL29:
 100:quantum/keymap_common.c ****         case QK_DEF_LAYER ... QK_DEF_LAYER_MAX:;
 290               		.loc 1 100 0
 291 00c8 00C0      		rjmp .L10
 292               	.LVL30:
 293               	.L21:
 294 00ca 9C2F      		mov r25,r28
 295 00cc 9695      		lsr r25
 296 00ce 9695      		lsr r25
 297 00d0 9E01      		movw r18,r28
 298 00d2 2370      		andi r18,3
 299 00d4 3327      		clr r19
  51:quantum/keymap_common.c ****         case KC_FN0 ... KC_FN31:
 300               		.loc 1 51 0
 301 00d6 C115      		cp r28,__zero_reg__
 302 00d8 D345      		sbci r29,83
 303 00da 00F0      		brlo .+2
 304 00dc 00C0      		rjmp .L64
 305               	.LVL31:
 104:quantum/keymap_common.c ****             break;
 306               		.loc 1 104 0
 307 00de C1E0      		ldi r28,lo8(1)
 308 00e0 D0E0      		ldi r29,0
 309               	.LVL32:
 310 00e2 00C0      		rjmp 2f
 311               		1:
 312 00e4 CC0F      		lsl r28
 313 00e6 DD1F      		rol r29
 314               		2:
 315 00e8 2A95      		dec r18
 316 00ea 02F4      		brpl 1b
 317 00ec 20E2      		ldi r18,lo8(32)
 318 00ee 929F      		mul r25,r18
 319 00f0 C001      		movw r24,r0
 320 00f2 1124      		clr __zero_reg__
 321 00f4 C82B      		or r28,r24
 322 00f6 D92B      		or r29,r25
 323               	.LVL33:
 324 00f8 DC68      		ori r29,140
 325               	.LVL34:
 105:quantum/keymap_common.c ****         case QK_TOGGLE_LAYER ... QK_TOGGLE_LAYER_MAX:;
 326               		.loc 1 105 0
 327 00fa 00C0      		rjmp .L10
 328               	.LVL35:
 329               	.L19:
  51:quantum/keymap_common.c ****         case KC_FN0 ... KC_FN31:
 330               		.loc 1 51 0
 331 00fc C115      		cp r28,__zero_reg__
 332 00fe 29E5      		ldi r18,89
 333 0100 D207      		cpc r29,r18
 334 0102 00F4      		brsh .L26
 335 0104 C115      		cp r28,__zero_reg__
 336 0106 88E5      		ldi r24,88
 337 0108 D807      		cpc r29,r24
 338 010a 00F0      		brlo .+2
 339 010c 00C0      		rjmp .L27
 340 010e C115      		cp r28,__zero_reg__
 341 0110 26E5      		ldi r18,86
 342 0112 D207      		cpc r29,r18
 343 0114 00F0      		brlo .+2
 344 0116 00C0      		rjmp .L6
 118:quantum/keymap_common.c ****             action.code = ACTION_MODS_ONESHOT(mod);
 345               		.loc 1 118 0
 346 0118 8C2F      		mov r24,r28
 347 011a 0E94 0000 		call mod_config
 348               	.LVL36:
 119:quantum/keymap_common.c ****             break;
 349               		.loc 1 119 0
 350 011e C82F      		mov r28,r24
 351               	.LVL37:
 352 0120 D0E0      		ldi r29,0
 353 0122 DC2F      		mov r29,r28
 354 0124 CC27      		clr r28
 355 0126 CC27      		clr r28
 356 0128 DF71      		andi r29,31
 357               	.LVL38:
 358 012a D062      		ori r29,32
 359               	.LVL39:
 120:quantum/keymap_common.c ****         case QK_LAYER_TAP_TOGGLE ... QK_LAYER_TAP_TOGGLE_MAX:
 360               		.loc 1 120 0
 361 012c 00C0      		rjmp .L10
 362               	.LVL40:
 363               	.L26:
  51:quantum/keymap_common.c ****         case KC_FN0 ... KC_FN31:
 364               		.loc 1 51 0
 365 012e C115      		cp r28,__zero_reg__
 366 0130 8AE5      		ldi r24,90
 367 0132 D807      		cpc r29,r24
 368 0134 00F4      		brsh .+2
 369 0136 00C0      		rjmp .L29
 370 0138 CE01      		movw r24,r28
 371 013a 9056      		subi r25,96
 372 013c 8115      		cp r24,__zero_reg__
 373 013e 9042      		sbci r25,32
 374 0140 00F0      		brlo .+2
 375 0142 00C0      		rjmp .L6
 130:quantum/keymap_common.c ****             action.code = ACTION_MODS_TAP_KEY(mod, keycode & 0xFF);
 376               		.loc 1 130 0
 377 0144 8D2F      		mov r24,r29
 378 0146 8F71      		andi r24,lo8(31)
 379 0148 0E94 0000 		call mod_config
 380               	.LVL41:
 131:quantum/keymap_common.c ****             break;
 381               		.loc 1 131 0
 382 014c DD27      		clr r29
 383               	.LVL42:
 384 014e D062      		ori r29,32
 385 0150 90E0      		ldi r25,0
 386 0152 982F      		mov r25,r24
 387 0154 8827      		clr r24
 388               	.LVL43:
 389 0156 8827      		clr r24
 390 0158 9F71      		andi r25,31
 391               	.LVL44:
 392 015a C82B      		or r28,r24
 393               	.LVL45:
 394 015c D92B      		or r29,r25
 132:quantum/keymap_common.c **** #ifdef BACKLIGHT_ENABLE
 395               		.loc 1 132 0
 396 015e 00C0      		rjmp .L10
 397               	.LVL46:
 398               	.L12:
  60:quantum/keymap_common.c ****             break;
 399               		.loc 1 60 0
 400 0160 C53A      		cpi r28,-91
 401 0162 D105      		cpc r29,__zero_reg__
 402 0164 01F4      		brne .+2
 403 0166 00C0      		rjmp .L32
  60:quantum/keymap_common.c ****             break;
 404               		.loc 1 60 0 is_stmt 0 discriminator 1
 405 0168 C63A      		cpi r28,-90
 406 016a D105      		cpc r29,__zero_reg__
 407 016c 01F4      		brne .+2
 408 016e 00C0      		rjmp .L33
 409               	.LVL47:
  60:quantum/keymap_common.c ****             break;
 410               		.loc 1 60 0
 411 0170 C3E8      		ldi r28,lo8(-125)
 412 0172 D0E4      		ldi r29,lo8(64)
 413               	.LVL48:
 414               	.L10:
 164:quantum/keymap_common.c **** 
 415               		.loc 1 164 0 is_stmt 1
 416 0174 CE01      		movw r24,r28
 417               	/* epilogue start */
 418 0176 DF91      		pop r29
 419 0178 CF91      		pop r28
 420 017a 0895      		ret
 421               	.LVL49:
 422               	.L13:
  63:quantum/keymap_common.c ****             break;
 423               		.loc 1 63 0
 424 017c C83A      		cpi r28,-88
 425 017e D105      		cpc r29,__zero_reg__
 426 0180 01F4      		brne .+2
 427 0182 00C0      		rjmp .L34
  63:quantum/keymap_common.c ****             break;
 428               		.loc 1 63 0 is_stmt 0 discriminator 1
 429 0184 C93A      		cpi r28,-87
 430 0186 D105      		cpc r29,__zero_reg__
 431 0188 01F4      		brne .+2
 432 018a 00C0      		rjmp .L35
  63:quantum/keymap_common.c ****             break;
 433               		.loc 1 63 0 discriminator 3
 434 018c CA3A      		cpi r28,-86
 435 018e D105      		cpc r29,__zero_reg__
 436 0190 01F4      		brne .+2
 437 0192 00C0      		rjmp .L36
  63:quantum/keymap_common.c ****             break;
 438               		.loc 1 63 0 discriminator 5
 439 0194 CB3A      		cpi r28,-85
 440 0196 D105      		cpc r29,__zero_reg__
 441 0198 01F4      		brne .+2
 442 019a 00C0      		rjmp .L37
  63:quantum/keymap_common.c ****             break;
 443               		.loc 1 63 0 discriminator 7
 444 019c CC3A      		cpi r28,-84
 445 019e D105      		cpc r29,__zero_reg__
 446 01a0 01F4      		brne .+2
 447 01a2 00C0      		rjmp .L38
  63:quantum/keymap_common.c ****             break;
 448               		.loc 1 63 0 discriminator 9
 449 01a4 CB3B      		cpi r28,-69
 450 01a6 D105      		cpc r29,__zero_reg__
 451 01a8 01F4      		brne .+2
 452 01aa 00C0      		rjmp .L39
  63:quantum/keymap_common.c ****             break;
 453               		.loc 1 63 0 discriminator 11
 454 01ac CC3B      		cpi r28,-68
 455 01ae D105      		cpc r29,__zero_reg__
 456 01b0 01F4      		brne .+2
 457 01b2 00C0      		rjmp .L40
  63:quantum/keymap_common.c ****             break;
 458               		.loc 1 63 0 discriminator 13
 459 01b4 CD3A      		cpi r28,-83
 460 01b6 D105      		cpc r29,__zero_reg__
 461 01b8 01F4      		brne .+2
 462 01ba 00C0      		rjmp .L41
  63:quantum/keymap_common.c ****             break;
 463               		.loc 1 63 0 discriminator 15
 464 01bc C03B      		cpi r28,-80
 465 01be D105      		cpc r29,__zero_reg__
 466 01c0 01F4      		brne .+2
 467 01c2 00C0      		rjmp .L42
  63:quantum/keymap_common.c ****             break;
 468               		.loc 1 63 0 discriminator 17
 469 01c4 CE3A      		cpi r28,-82
 470 01c6 D105      		cpc r29,__zero_reg__
 471 01c8 01F4      		brne .+2
 472 01ca 00C0      		rjmp .L43
  63:quantum/keymap_common.c ****             break;
 473               		.loc 1 63 0 discriminator 19
 474 01cc CF3A      		cpi r28,-81
 475 01ce D105      		cpc r29,__zero_reg__
 476 01d0 01F4      		brne .+2
 477 01d2 00C0      		rjmp .L44
  63:quantum/keymap_common.c ****             break;
 478               		.loc 1 63 0 discriminator 21
 479 01d4 C13B      		cpi r28,-79
 480 01d6 D105      		cpc r29,__zero_reg__
 481 01d8 01F4      		brne .+2
 482 01da 00C0      		rjmp .L45
  63:quantum/keymap_common.c ****             break;
 483               		.loc 1 63 0 discriminator 23
 484 01dc C23B      		cpi r28,-78
 485 01de D105      		cpc r29,__zero_reg__
 486 01e0 01F4      		brne .+2
 487 01e2 00C0      		rjmp .L46
  63:quantum/keymap_common.c ****             break;
 488               		.loc 1 63 0 discriminator 25
 489 01e4 C33B      		cpi r28,-77
 490 01e6 D105      		cpc r29,__zero_reg__
 491 01e8 01F4      		brne .+2
 492 01ea 00C0      		rjmp .L47
  63:quantum/keymap_common.c ****             break;
 493               		.loc 1 63 0 discriminator 27
 494 01ec C43B      		cpi r28,-76
 495 01ee D105      		cpc r29,__zero_reg__
 496 01f0 01F4      		brne .+2
 497 01f2 00C0      		rjmp .L48
  63:quantum/keymap_common.c ****             break;
 498               		.loc 1 63 0 discriminator 29
 499 01f4 C53B      		cpi r28,-75
 500 01f6 D105      		cpc r29,__zero_reg__
 501 01f8 01F4      		brne .+2
 502 01fa 00C0      		rjmp .L49
  63:quantum/keymap_common.c ****             break;
 503               		.loc 1 63 0 discriminator 31
 504 01fc C63B      		cpi r28,-74
 505 01fe D105      		cpc r29,__zero_reg__
 506 0200 01F4      		brne .+2
 507 0202 00C0      		rjmp .L50
  63:quantum/keymap_common.c ****             break;
 508               		.loc 1 63 0 discriminator 33
 509 0204 C73B      		cpi r28,-73
 510 0206 D105      		cpc r29,__zero_reg__
 511 0208 01F4      		brne .+2
 512 020a 00C0      		rjmp .L51
  63:quantum/keymap_common.c ****             break;
 513               		.loc 1 63 0 discriminator 35
 514 020c C83B      		cpi r28,-72
 515 020e D105      		cpc r29,__zero_reg__
 516 0210 01F4      		brne .+2
 517 0212 00C0      		rjmp .L52
  63:quantum/keymap_common.c ****             break;
 518               		.loc 1 63 0 discriminator 37
 519 0214 C93B      		cpi r28,-71
 520 0216 D105      		cpc r29,__zero_reg__
 521 0218 01F4      		brne .+2
 522 021a 00C0      		rjmp .L53
  63:quantum/keymap_common.c ****             break;
 523               		.loc 1 63 0 discriminator 39
 524 021c CD3B      		cpi r28,-67
 525 021e D105      		cpc r29,__zero_reg__
 526 0220 01F4      		brne .+2
 527 0222 00C0      		rjmp .L54
  63:quantum/keymap_common.c ****             break;
 528               		.loc 1 63 0 discriminator 41
 529 0224 CE3B      		cpi r28,-66
 530 0226 D105      		cpc r29,__zero_reg__
 531 0228 01F4      		brne .+2
 532 022a 00C0      		rjmp .L55
  63:quantum/keymap_common.c ****             break;
 533               		.loc 1 63 0 discriminator 43
 534 022c CA3B      		cpi r28,-70
 535 022e D105      		cpc r29,__zero_reg__
 536 0230 01F0      		breq .+2
 537 0232 00C0      		rjmp .L56
 538               	.LVL50:
  63:quantum/keymap_common.c ****             break;
 539               		.loc 1 63 0
 540 0234 CAE2      		ldi r28,lo8(42)
 541 0236 D6E4      		ldi r29,lo8(70)
 542 0238 00C0      		rjmp .L10
 543               	.LVL51:
 544               	.L62:
 545 023a CE01      		movw r24,r28
 546 023c 9927      		clr r25
  82:quantum/keymap_common.c ****                 action.code = ACTION_MACRO_TAP(keycode & 0xFF);
 547               		.loc 1 82 0 is_stmt 1
 548 023e D3FF      		sbrs r29,3
 549 0240 00C0      		rjmp .L31
 550               	.LVL52:
  83:quantum/keymap_common.c ****             else
 551               		.loc 1 83 0
 552 0242 EC01      		movw r28,r24
 553 0244 D86C      		ori r29,200
 554               	.LVL53:
 555 0246 00C0      		rjmp .L10
 556               	.LVL54:
 557               	.L31:
  85:quantum/keymap_common.c ****             break;
 558               		.loc 1 85 0
 559 0248 EC01      		movw r28,r24
 560 024a D06C      		ori r29,192
 561               	.LVL55:
 562 024c 00C0      		rjmp .L10
 563               	.LVL56:
 564               	.L8:
  88:quantum/keymap_common.c ****             break;
 565               		.loc 1 88 0
 566 024e DF70      		andi r29,15
 567               	.LVL57:
 568 0250 D06A      		ori r29,160
 569               	.LVL58:
  89:quantum/keymap_common.c ****         case QK_TO ... QK_TO_MAX:;
 570               		.loc 1 89 0
 571 0252 00C0      		rjmp .L10
 572               	.LVL59:
 573               	.L63:
  92:quantum/keymap_common.c ****             action_layer = keycode & 0xF;
 574               		.loc 1 92 0
 575 0254 CE01      		movw r24,r28
 576 0256 F4E0      		ldi r31,4
 577               		1:
 578 0258 9695      		lsr r25
 579 025a 8795      		ror r24
 580 025c FA95      		dec r31
 581 025e 01F4      		brne 1b
 582 0260 8370      		andi r24,lo8(3)
  94:quantum/keymap_common.c ****             break;
 583               		.loc 1 94 0
 584 0262 9C2F      		mov r25,r28
 585 0264 9370      		andi r25,lo8(3)
 586 0266 21E0      		ldi r18,lo8(1)
 587 0268 30E0      		ldi r19,0
 588 026a 00C0      		rjmp 2f
 589               		1:
 590 026c 220F      		lsl r18
 591 026e 331F      		rol r19
 592               		2:
 593 0270 9A95      		dec r25
 594 0272 02F4      		brpl 1b
 595 0274 3C68      		ori r19,140
 596 0276 382B      		or r19,r24
 597 0278 C695      		lsr r28
 598 027a C695      		lsr r28
 599               	.LVL60:
 600 027c C370      		andi r28,lo8(3)
 601 027e 80E2      		ldi r24,lo8(32)
 602 0280 C89F      		mul r28,r24
 603 0282 E001      		movw r28,r0
 604 0284 1124      		clr __zero_reg__
 605               	.LVL61:
 606 0286 C22B      		or r28,r18
 607               	.LVL62:
 608 0288 D32B      		or r29,r19
  95:quantum/keymap_common.c ****         case QK_MOMENTARY ... QK_MOMENTARY_MAX:;
 609               		.loc 1 95 0
 610 028a 00C0      		rjmp .L10
 611               	.LVL63:
 612               	.L64:
 109:quantum/keymap_common.c ****             break;
 613               		.loc 1 109 0
 614 028c C1E0      		ldi r28,lo8(1)
 615 028e D0E0      		ldi r29,0
 616               	.LVL64:
 617 0290 00C0      		rjmp 2f
 618               		1:
 619 0292 CC0F      		lsl r28
 620 0294 DD1F      		rol r29
 621               		2:
 622 0296 2A95      		dec r18
 623 0298 02F4      		brpl 1b
 624 029a 20E2      		ldi r18,lo8(32)
 625 029c 929F      		mul r25,r18
 626 029e C001      		movw r24,r0
 627 02a0 1124      		clr __zero_reg__
 628 02a2 C82B      		or r28,r24
 629 02a4 D92B      		or r29,r25
 630               	.LVL65:
 631 02a6 DA68      		ori r29,138
 632               	.LVL66:
 110:quantum/keymap_common.c ****         case QK_ONE_SHOT_LAYER ... QK_ONE_SHOT_LAYER_MAX:;
 633               		.loc 1 110 0
 634 02a8 00C0      		rjmp .L10
 635               	.LVL67:
 636               	.L20:
 114:quantum/keymap_common.c ****             break;
 637               		.loc 1 114 0
 638 02aa DC2F      		mov r29,r28
 639 02ac CC27      		clr r28
 640               	.LVL68:
 641 02ae C46F      		ori r28,244
 642 02b0 D06A      		ori r29,160
 643               	.LVL69:
 115:quantum/keymap_common.c ****         case QK_ONE_SHOT_MOD ... QK_ONE_SHOT_MOD_MAX:;
 644               		.loc 1 115 0
 645 02b2 00C0      		rjmp .L10
 646               	.LVL70:
 647               	.L27:
 122:quantum/keymap_common.c ****             break;
 648               		.loc 1 122 0
 649 02b4 DC2F      		mov r29,r28
 650 02b6 CC27      		clr r28
 651               	.LVL71:
 652 02b8 C06F      		ori r28,240
 653 02ba D06A      		ori r29,160
 654               	.LVL72:
 123:quantum/keymap_common.c ****         case QK_LAYER_MOD ... QK_LAYER_MOD_MAX:
 655               		.loc 1 123 0
 656 02bc 00C0      		rjmp .L10
 657               	.LVL73:
 658               	.L29:
 125:quantum/keymap_common.c ****             action_layer = (keycode >> 4) & 0xF;
 659               		.loc 1 125 0
 660 02be 8C2F      		mov r24,r28
 661 02c0 8F70      		andi r24,lo8(15)
 662 02c2 0E94 0000 		call mod_config
 663               	.LVL74:
 126:quantum/keymap_common.c ****             action.code  = ACTION_LAYER_MODS(action_layer, mod);
 664               		.loc 1 126 0
 665 02c6 34E0      		ldi r19,4
 666               		1:
 667 02c8 D695      		lsr r29
 668 02ca C795      		ror r28
 669 02cc 3A95      		dec r19
 670 02ce 01F4      		brne 1b
 671               	.LVL75:
 672 02d0 CF70      		andi r28,lo8(15)
 127:quantum/keymap_common.c ****             break;
 673               		.loc 1 127 0
 674 02d2 D0E0      		ldi r29,0
 675 02d4 DC2F      		mov r29,r28
 676 02d6 CC27      		clr r28
 677 02d8 D069      		ori r29,144
 678               	.LVL76:
 679 02da C82B      		or r28,r24
 680               	.LVL77:
 128:quantum/keymap_common.c ****         case QK_MOD_TAP ... QK_MOD_TAP_MAX:
 681               		.loc 1 128 0
 682 02dc 00C0      		rjmp .L10
 683               	.LVL78:
 684               	.L32:
  60:quantum/keymap_common.c ****             break;
 685               		.loc 1 60 0
 686 02de C1E8      		ldi r28,lo8(-127)
 687 02e0 D0E4      		ldi r29,lo8(64)
 688 02e2 00C0      		rjmp .L10
 689               	.LVL79:
 690               	.L33:
 691 02e4 C2E8      		ldi r28,lo8(-126)
 692 02e6 D0E4      		ldi r29,lo8(64)
 693 02e8 00C0      		rjmp .L10
 694               	.LVL80:
 695               	.L34:
  63:quantum/keymap_common.c ****             break;
 696               		.loc 1 63 0
 697 02ea C2EE      		ldi r28,lo8(-30)
 698 02ec D4E4      		ldi r29,lo8(68)
 699 02ee 00C0      		rjmp .L10
 700               	.LVL81:
 701               	.L35:
 702 02f0 C9EE      		ldi r28,lo8(-23)
 703 02f2 D4E4      		ldi r29,lo8(68)
 704 02f4 00C0      		rjmp .L10
 705               	.LVL82:
 706               	.L36:
 707 02f6 CAEE      		ldi r28,lo8(-22)
 708 02f8 D4E4      		ldi r29,lo8(68)
 709 02fa 00C0      		rjmp .L10
 710               	.LVL83:
 711               	.L37:
 712 02fc C5EB      		ldi r28,lo8(-75)
 713 02fe D4E4      		ldi r29,lo8(68)
 714 0300 00C0      		rjmp .L10
 715               	.LVL84:
 716               	.L38:
 717 0302 C6EB      		ldi r28,lo8(-74)
 718 0304 D4E4      		ldi r29,lo8(68)
 719 0306 00C0      		rjmp .L10
 720               	.LVL85:
 721               	.L39:
 722 0308 C3EB      		ldi r28,lo8(-77)
 723 030a D4E4      		ldi r29,lo8(68)
 724 030c 00C0      		rjmp .L10
 725               	.LVL86:
 726               	.L40:
 727 030e C4EB      		ldi r28,lo8(-76)
 728 0310 D4E4      		ldi r29,lo8(68)
 729 0312 00C0      		rjmp .L10
 730               	.LVL87:
 731               	.L41:
 732 0314 C7EB      		ldi r28,lo8(-73)
 733 0316 D4E4      		ldi r29,lo8(68)
 734 0318 00C0      		rjmp .L10
 735               	.LVL88:
 736               	.L42:
 737 031a CCEC      		ldi r28,lo8(-52)
 738 031c D4E4      		ldi r29,lo8(68)
 739 031e 00C0      		rjmp .L10
 740               	.LVL89:
 741               	.L43:
 742 0320 CDEC      		ldi r28,lo8(-51)
 743 0322 D4E4      		ldi r29,lo8(68)
 744 0324 00C0      		rjmp .L10
 745               	.LVL90:
 746               	.L44:
 747 0326 C3E8      		ldi r28,lo8(-125)
 748 0328 D5E4      		ldi r29,lo8(69)
 749 032a 00C0      		rjmp .L10
 750               	.LVL91:
 751               	.L45:
 752 032c CAE8      		ldi r28,lo8(-118)
 753 032e D5E4      		ldi r29,lo8(69)
 754 0330 00C0      		rjmp .L10
 755               	.LVL92:
 756               	.L46:
 757 0332 C2E9      		ldi r28,lo8(-110)
 758 0334 D5E4      		ldi r29,lo8(69)
 759 0336 00C0      		rjmp .L10
 760               	.LVL93:
 761               	.L47:
 762 0338 C4E9      		ldi r28,lo8(-108)
 763 033a D5E4      		ldi r29,lo8(69)
 764 033c 00C0      		rjmp .L10
 765               	.LVL94:
 766               	.L48:
 767 033e C1E2      		ldi r28,lo8(33)
 768 0340 D6E4      		ldi r29,lo8(70)
 769 0342 00C0      		rjmp .L10
 770               	.LVL95:
 771               	.L49:
 772 0344 C3E2      		ldi r28,lo8(35)
 773 0346 D6E4      		ldi r29,lo8(70)
 774 0348 00C0      		rjmp .L10
 775               	.LVL96:
 776               	.L50:
 777 034a C4E2      		ldi r28,lo8(36)
 778 034c D6E4      		ldi r29,lo8(70)
 779 034e 00C0      		rjmp .L10
 780               	.LVL97:
 781               	.L51:
 782 0350 C5E2      		ldi r28,lo8(37)
 783 0352 D6E4      		ldi r29,lo8(70)
 784 0354 00C0      		rjmp .L10
 785               	.LVL98:
 786               	.L52:
 787 0356 C6E2      		ldi r28,lo8(38)
 788 0358 D6E4      		ldi r29,lo8(70)
 789 035a 00C0      		rjmp .L10
 790               	.LVL99:
 791               	.L53:
 792 035c C7E2      		ldi r28,lo8(39)
 793 035e D6E4      		ldi r29,lo8(70)
 794 0360 00C0      		rjmp .L10
 795               	.LVL100:
 796               	.L54:
 797 0362 CFE6      		ldi r28,lo8(111)
 798 0364 D4E4      		ldi r29,lo8(68)
 799 0366 00C0      		rjmp .L10
 800               	.LVL101:
 801               	.L55:
 802 0368 C0E7      		ldi r28,lo8(112)
 803 036a D4E4      		ldi r29,lo8(68)
 804 036c 00C0      		rjmp .L10
 805               	.LVL102:
 806               	.L56:
 807 036e C0E0      		ldi r28,0
 808 0370 D4E4      		ldi r29,lo8(68)
 809 0372 00C0      		rjmp .L10
 810               		.cfi_endproc
 811               	.LFE20:
 813               		.weak	fn_actions
 814               		.section	.progmem.data.fn_actions,"a",@progbits
 817               	fn_actions:
 818               		.text
 819               	.Letext0:
 820               		.file 2 "/usr/local/Cellar/avr-gcc@7/7.4.0/avr/include/stdint.h"
 821               		.file 3 "tmk_core/common/keyboard.h"
 822               		.file 4 "tmk_core/common/keycode.h"
 823               		.file 5 "tmk_core/common/action_code.h"
 824               		.file 6 "/usr/local/Cellar/avr-gcc@7/7.4.0/lib/avr-gcc/7/gcc/avr/7.4.0/include/stddef.h"
 825               		.file 7 "tmk_core/common/action_macro.h"
 826               		.file 8 "tmk_core/common/action.h"
 827               		.file 9 "tmk_core/common/report.h"
 828               		.file 10 "tmk_core/common/host.h"
 829               		.file 11 "tmk_core/common/debug.h"
 830               		.file 12 "quantum/keycode_config.h"
 831               		.file 13 "quantum/quantum_keycodes.h"
 832               		.file 14 "quantum/keymap.h"
 833               		.file 15 "tmk_core/common/action_layer.h"
 834               		.file 16 "/usr/local/Cellar/avr-gcc@7/7.4.0/avr/include/stdio.h"
 835               		.file 17 "./quantum/color.h"
 836               		.file 18 "quantum/rgblight.h"
 837               		.file 19 "tmk_core/common/timer.h"
 838               		.file 20 "tmk_core/common/action_util.h"
 839               		.file 21 "/usr/local/Cellar/avr-gcc@7/7.4.0/avr/include/stdlib.h"
 840               		.file 22 "quantum/quantum.h"
DEFINED SYMBOLS
                            *ABS*:0000000000000000 keymap_common.c
/var/tmp//ccgQLGxA.s:2      *ABS*:000000000000003e __SP_H__
/var/tmp//ccgQLGxA.s:3      *ABS*:000000000000003d __SP_L__
/var/tmp//ccgQLGxA.s:4      *ABS*:000000000000003f __SREG__
/var/tmp//ccgQLGxA.s:5      *ABS*:0000000000000000 __tmp_reg__
/var/tmp//ccgQLGxA.s:6      *ABS*:0000000000000001 __zero_reg__
/var/tmp//ccgQLGxA.s:13     .text.action_get_macro:0000000000000000 action_get_macro
/var/tmp//ccgQLGxA.s:35     .text.action_function:0000000000000000 action_function
/var/tmp//ccgQLGxA.s:53     .text.keymap_key_to_keycode:0000000000000000 keymap_key_to_keycode
/var/tmp//ccgQLGxA.s:102    .text.keymap_function_id_to_action:0000000000000000 keymap_function_id_to_action
/var/tmp//ccgQLGxA.s:817    .progmem.data.fn_actions:0000000000000000 fn_actions
/var/tmp//ccgQLGxA.s:138    .text.action_for_key:0000000000000000 action_for_key

UNDEFINED SYMBOLS
keymaps
keycode_config
mod_config
