   1               		.file	"Device_AVR8.c"
   2               	__SP_H__ = 0x3e
   3               	__SP_L__ = 0x3d
   4               	__SREG__ = 0x3f
   5               	__tmp_reg__ = 0
   6               	__zero_reg__ = 1
   7               		.section	.gnu.lto_.profile.b66c2d56cb85cbdc,"",@progbits
   8 0000 789C 6363 		.string	"x\234cc```\001bF\006!A"
   8      6060 6001 
   8      6246 0621 
   8      4100 
   9 000e 00        		.string	""
  10 000f AD00      		.string	"\255"
  11 0011 2F        		.ascii	"/"
  12               		.text
  13               		.section	.gnu.lto_.icf.b66c2d56cb85cbdc,"",@progbits
  14 0000 789C 6363 		.string	"x\234cc``\340`@"
  14      6060 E060 
  14      4000 
  15 000a 4686 3BF3 		.string	"F\206;\363?N`c"
  15      3F4E 6063 
  15      00
  16 0013 00        		.string	""
  17 0014 0F13 0312 		.ascii	"\017\023\003\022"
  18               		.text
  19               		.section	.gnu.lto_.jmpfuncs.b66c2d56cb85cbdc,"",@progbits
  20 0000 789C 6363 		.string	"x\234cc```e@"
  20      6060 6065 
  20      4000 
  21 000a 4610 0100 		.string	"F\020\001"
  22 000e 00        		.string	""
  23 000f ED00      		.string	"\355"
  24 0011 0D        		.ascii	"\r"
  25               		.text
  26               		.section	.gnu.lto_.inline.b66c2d56cb85cbdc,"",@progbits
  27 0000 789C 6363 		.string	"x\234cc``\020c@"
  27      6060 1063 
  27      4000 
  28 000a 4606 0661 		.ascii	"F\006\006a{F\006&\205\005\373\330\031\330\026\3103\201E\001#"
  28      7B46 0626 
  28      8505 FBD8 
  28      19D8 16C8 
  28      3381 4501 
  29 001f 4202 BF   		.ascii	"B\002\277"
  30               		.text
  31               		.section	.gnu.lto_.pureconst.b66c2d56cb85cbdc,"",@progbits
  32 0000 789C 6363 		.string	"x\234cc```\006bF\006)"
  32      6060 6006 
  32      6246 0629 
  32      00
  33 000d 00        		.string	""
  34 000e 7F00      		.string	"\177"
  35 0010 25        		.ascii	"%"
  36               		.text
  37               		.section	.gnu.lto_USB_Device_SendRemoteWakeup.b66c2d56cb85cbdc,"",@progbits
  38 0000 789C 8D53 		.string	"x\234\215SMHTQ\024>\347\336\231\367\3368\016F\320\"\232E\2136n|\324\252\355\244\004A\253\
  38      4D48 5451 
  38      143E E7DE 
  38      99F7 DE38 
  38      0E46 D022 
  39 0064 7E0F C025 		.string	"~\017\300%\232\253\351\207>@q\375%@\235!P\362B\n#\221\002\260\n<\213~\260\n\r\336\017y\32
  39      9AAB E987 
  39      3E40 71FD 
  39      2540 9D21 
  39      50F2 420A 
  40 00f0 7085 6816 		.string	"p\205h\026\375\226\r\315R\320\242\336\206\317\230\372\261\372\365SW0[\254\2015\365\007\23
  40      FD96 0DCD 
  40      52D0 A2DE 
  40      86CF 98FA 
  40      B1FA F553 
  41 01ac 2300      		.string	"#"
  42 01ae 9F39 6A55 		.ascii	"\2379jUO\f\240\347\204\315\322\223mI\246eif|\\n\027>\353su\313"
  42      4F0C A0E7 
  42      84CD D293 
  42      6D49 A665 
  42      6966 7C5C 
  43 01c9 2DBA 53A4 		.ascii	"-\272S\244;\255t\247U!\037\245\036\364\276o+\344>,\250kz\335"
  43      3BAD 74A7 
  43      5521 1FA5 
  43      1EF4 BE6F 
  43      2BE4 3E2C 
  44 01e1 D8B3 6FD3 		.ascii	"\330\263o\323\306h\326\306\330\206\215\230S\217\t\n\230\343\313"
  44      C668 D6C6 
  44      D886 8D98 
  44      538F 090A 
  44      98E3 CB
  45 01f4 ECB2 EDE7 		.ascii	"\354\262\355\347\253]B\034\347\346\314\265\240\002\345\241\234"
  45      AB5D 421C 
  45      E7E6 CCB5 
  45      A002 E5A1 
  45      9C
  46 0205 204A E260 		.ascii	" J\342`\027\335]i\327\276R1?7t\013Y\325;\365\275\324:\221\342"
  46      17DD 5D69 
  46      D7BE 5231 
  46      3F37 740B 
  46      59D5 3BF5 
  47 021e DBAD B3F6 		.ascii	"\333\255\263\366*\226\347Y\226IW\330j\314=/\230bl\375\227]\304"
  47      2A96 E759 
  47      9649 57D8 
  47      6ACC 3D2F 
  47      9862 6CFD 
  48 0235 3728 F0C5 		.ascii	"7(\360\305\246\246\204\243)\017\341\224#K8\357\303\233\373>f"
  48      A6A6 84A3 
  48      290F E194 
  48      234B 38EF 
  48      C39B FB3E 
  49 024a EE6B 5C41 		.ascii	"\356k\\A\346'\230\316\355x\200\340Nyj\361\333\364\250\2531\220"
  49      E627 98CE 
  49      ED78 80E0 
  49      4E79 6AF1 
  49      DBF4 A8AB 
  50 0260 D353 DDED 		.ascii	"\323S\335\355\251\306=\375\206\227;\373\374\316\037\230\363H"
  50      A9C6 3DFD 
  50      8697 3BFB 
  50      FCCE 1F98 
  50      F348 
  51 0272 FBA4 E640 		.ascii	"\373\244\346@\244\362\264\031\271p\346\224y\264\374p\310,\213"
  51      A4F2 B419 
  51      B970 E694 
  51      79B4 FC70 
  51      C82C 8B
  52 0285 56D6 84A3 		.ascii	"V\326\204\243\325f\371\361CfiU4l\206N\034;h\226\205k*+\302'\325"
  52      D566 F9F1 
  52      4366 6955 
  52      346C 864E 
  52      1C3B 6896 
  53 02a0 BAA4 028E 		.ascii	"\272\244\002\216\374\317\221\222\222\2553eK\253\316\235\217V"
  53      FCCF 9192 
  53      92AD 3365 
  53      4BAB CE9D 
  53      8F56 
  54 02b2 4522 E128 		.ascii	"E\"\341(3\235\205\277\357u~x"
  54      339D 85BF 
  54      EF75 7E78 
  55               		.text
  56               		.section	.gnu.lto_.symbol_nodes.b66c2d56cb85cbdc,"",@progbits
  57 0000 789C 6363 		.string	"x\234cc``\020\001b\006\246\253\f\365\f\f\023\3161\200\250]\r\216@!"
  57      6060 1001 
  57      6206 A6AB 
  57      0CF5 0C0C 
  57      13CE 3180 
  58 001b 3703 04C9 		.ascii	"7\003\004\311"
  59               		.text
  60               		.section	.gnu.lto_.refs.b66c2d56cb85cbdc,"",@progbits
  61 0000 789C 6363 		.string	"x\234cc```\004b\006"
  61      6060 6004 
  61      6206 00
  62 000b 00        		.string	""
  63 000c 4400      		.string	"D"
  64 000e 08        		.ascii	"\b"
  65               		.text
  66               		.section	.gnu.lto_.decls.b66c2d56cb85cbdc,"",@progbits
  67 0000 789C 9552 		.ascii	"x\234\225R]l\024U\024\276g\356\224ngii\b!M\330\230\246\361\241"
  67      5D6C 1455 
  67      14BE 67EE 
  67      946E 6769 
  67      6908 214D 
  68 0019 2FEE 8090 		.ascii	"/\356\200\220\024x\002\226@\210\215\232\222j\342\3130\356^\354"
  68      1478 0296 
  68      4088 8D9A 
  68      926A E2CB 
  68      30EE 5EEC 
  69 002d C661 1666 		.ascii	"\306a\026fwK\320\227\213\362S[B\b\342O\370\221\352C\245\240"
  69      774B D097 
  69      8BF2 535B 
  69      4208 E24F 
  69      F891 EA43 
  70 0043 5642 9196 		.string	"VB\221\226\037\231B\013\264\264\320\237\007@\371i\210\306DD\320\007~\024R\317\2753\323\33
  70      1F99 420B 
  70      B4B4 D09F 
  70      0740 F969 
  70      88C6 4444 
  71 0144 5151 4EBB 		.ascii	"QQN\273$\207Cp\003\353\354\200\n\f"
  71      2487 4370 
  71      03EB EC80 
  71      0A0C 
  72 0152 ED19 BBEF 		.string	"\355\031\273\357Ni\2420U\003\005\315\341\273\375{\302hN\323\240\024\315\266\215\277\264\2
  72      4E69 A230 
  72      5503 05CD 
  72      E1BB FD7B 
  72      C268 4ED3 
  73 0253 DB82 CACD 		.ascii	"\333\202\312\315RK\276\255\024\306\265\271\200\332\234\207\""
  73      524B BEAD 
  73      14C6 B5B9 
  73      80DA 9C87 
  73      22
  74 0264 ACA0 1F21 		.ascii	"\254\240\037!\003\330\371N\036\222';y\203xIb\333\022\274:\"L"
  74      03D8 F94E 
  74      1E92 273B 
  74      7983 7849 
  74      62DB 12BC 
  75 027b E8F3 DF9D 		.ascii	"\350\363\337\235\227\357\346\321\336[\220\377\364\004D\262C/"
  75      97EF E6D1 
  75      DE5B 90FF 
  75      F404 44B2 
  75      432F 
  76 028d A804 2E4E 		.ascii	"\250\004.Nx~-\035\177nS|m~\177k#w\327s\376\245&@pf\\\227\263"
  76      787E 2D1D 
  76      7F6E 537C 
  76      6D7E 7F6B 
  76      2377 D773 
  77 02aa A8CB 997C 		.ascii	"\250\313\231|]\006\245.\337\271\007\217\225\320\313\317\322\345"
  77      5D06 A52E 
  77      DFB9 078F 
  77      95D0 CBCF 
  77      D2E5 
  78 02bc ECA3 2D87 		.ascii	"\354\243-\207\003\331\177\252\033\247\026\222\017\215S\017#\365"
  78      03D9 7FAA 
  78      1BA7 1692 
  78      0F8D 530F 
  78      23F5 
  79 02ce 503E F508 		.ascii	"P>\365\bT\220\031\265\313\027\031\213Y}2\316\214\345\314N\324"
  79      5490 19B5 
  79      CB17 198B 
  79      597D 32CE 
  79      8CE5 CC4E 
  80 02e3 B055 A90C 		.ascii	"\260U\251\f{\323|\227eW\317\262\222o\353Vv\245\251W\327.Y\250"
  80      7BD3 7C97 
  80      6557 CFB2 
  80      926F EB56 
  80      76A5 A957 
  81 02fb 2F76 92F5 		.ascii	"/v\222\365\314I\353\030\241\307R\016\323\027\276Q3W\367c\305"
  81      CC49 EB18 
  81      A1C7 520E 
  81      D317 BE51 
  81      3357 F763 
  82 0310 3E1A 0F2D 		.ascii	">\032\017-}\265\266<6o\036y\371\177\207\222\302l\322\316\314"
  82      7DB5 B63C 
  82      366F 1E79 
  82      F97F 8792 
  82      C26C D2CE 
  83 0325 3532 557A 		.ascii	"52Uz6\355\350V*nZz\214Y\226\351\350f\275\363\322;\361\370\202"
  83      36ED E856 
  83      2A6E 5A7A 
  83      8C59 96E9 
  83      E866 BDF3 
  84 033e 2ABD 2A3A 		.ascii	"*\275*:':S\330z\322\216[\331\004\323\323\231\004\306E\353\210"
  84      273A 53D8 
  84      7AD2 8E5B 
  84      D904 D3D3 
  84      9904 C645 
  85 0354 263A 79BD 		.ascii	"&:y\275\272\332x\315.6\255\265\346\272\264\221\264\255\244\315"
  85      BADA 78CD 
  85      2E36 ADB5 
  85      E6BA B491 
  85      B4AD A4CD 
  86 0368 963D 4F2D 		.ascii	"\226=O-\321\350\304\025\275\261\224\235qR\226\305\034\257\304"
  86      D1E8 C415 
  86      BDB1 949D 
  86      7152 96C5 
  86      1CAF C4
  87 037b 3A32 2548 		.ascii	":2%H\261,]\303\314\304\272\251kM\3076\262v6\315\022\206\303\322"
  87      B12C 5DC3 
  87      CCC4 BAA9 
  87      6B4D C736 
  87      B276 36CD 
  88 0393 592B 5360 		.ascii	"Y+S`,J\245\254R\001\214U\277b\324\332+\035\306\336c\377\001\346"
  88      2C4A A5AC 
  88      5201 8C55 
  88      BF62 D4DA 
  88      2B1D C6DE 
  89 03ab 30A5 B3   		.ascii	"0\245\263"
  90               		.text
  91               		.section	.gnu.lto_.symtab.b66c2d56cb85cbdc,"",@progbits
  92 0000 5553 425F 		.string	"USB_Device_SendRemoteWakeup"
  92      4465 7669 
  92      6365 5F53 
  92      656E 6452 
  92      656D 6F74 
  93 001c 00        		.string	""
  94 001d 00        		.string	""
  95 001e 00        		.string	""
  96 001f 00        		.string	""
  97 0020 00        		.string	""
  98 0021 00        		.string	""
  99 0022 00        		.string	""
 100 0023 00        		.string	""
 101 0024 00        		.string	""
 102 0025 00        		.string	""
 103 0026 00        		.string	""
 104 0027 B800      		.string	"\270"
 105 0029 00        		.string	""
 106 002a 00        		.string	""
 107               		.text
 108               		.section	.gnu.lto_.opts,"",@progbits
 109 0000 272D 666D 		.ascii	"'-fmath-errno' '-fsigned-zeros' '-ftrapping-m"
 109      6174 682D 
 109      6572 726E 
 109      6F27 2027 
 109      2D66 7369 
 110 002d 6174 6827 		.string	"ath' '-fno-trapv' '-fno-openmp' '-fno-openacc' '-mn-flash=1' '-mno-skip-bug' '-mmcu=avr5'
 110      2027 2D66 
 110      6E6F 2D74 
 110      7261 7076 
 110      2720 272D 
 111               		.text
 112               		.comm	__gnu_lto_v1,1,1
 113               		.comm	__gnu_lto_slim,1,1
 114               		.ident	"GCC: (GNU) 7.4.0"
DEFINED SYMBOLS
                            *ABS*:0000000000000000 Device_AVR8.c
/var/tmp//ccR65qYN.s:2      *ABS*:000000000000003e __SP_H__
/var/tmp//ccR65qYN.s:3      *ABS*:000000000000003d __SP_L__
/var/tmp//ccR65qYN.s:4      *ABS*:000000000000003f __SREG__
/var/tmp//ccR65qYN.s:5      *ABS*:0000000000000000 __tmp_reg__
/var/tmp//ccR65qYN.s:6      *ABS*:0000000000000001 __zero_reg__
                            *COM*:0000000000000001 __gnu_lto_v1
                            *COM*:0000000000000001 __gnu_lto_slim

NO UNDEFINED SYMBOLS
