   1               		.file	"Endpoint_AVR8.c"
   2               	__SP_H__ = 0x3e
   3               	__SP_L__ = 0x3d
   4               	__SREG__ = 0x3f
   5               	__tmp_reg__ = 0
   6               	__zero_reg__ = 1
   7               		.section	.gnu.lto_.profile.7012bd29ce2deedc,"",@progbits
   8 0000 789C 6363 		.string	"x\234cc```\003bF\206~\306FF"
   8      6060 6003 
   8      6246 867E 
   8      C646 4600 
   9 0010 03E6 0120 		.ascii	"\003\346\001 "
  10               		.text
  11               		.section	.gnu.lto_.icf.7012bd29ce2deedc,"",@progbits
  12 0000 789C 6363 		.string	"x\234cc``P`@"
  12      6060 5060 
  12      4000 
  13 000a 5686 CBBF 		.string	"V\206\313\277\247\335gdl\335\270\260\235\215\351\333\212\371g\271\231W-\273\367\211\223\2
  13      A7DD 6764 
  13      6CDD B8B0 
  13      9D8D E9DB 
  13      8AF9 67B9 
  14 002d FCC0 0F73 		.ascii	"\374\300\017s"
  15               		.text
  16               		.section	.gnu.lto_.jmpfuncs.7012bd29ce2deedc,"",@progbits
  17 0000 789C 4D8D 		.ascii	"x\234M\215!\016\203@\020E\377\333\t \367\002\334\025A\252\260"
  17      210E 8340 
  17      1045 FFDB 
  17      0920 F702 
  17      DC15 41AA 
  18 0015 4D05 41A3 		.ascii	"M\005A\243p\200\007R\217\340$5\265e7\320\300$?\231yy3\223J\252"
  18      7080 0752 
  18      8FE0 2435 
  18      B565 37D0 
  18      C024 3F99 
  19 002f 7555 2203 		.ascii	"uU\"\003\262\2421\375\203\003\013\rqH%&P\210\207\247\361z,kV"
  19      B2A2 31FD 
  19      8303 0B0D 
  19      7148 2526 
  19      5088 87A7 
  20 0048 5963 0ED1 		.ascii	"Yc\016\321\223\007\324\265\237\311\037\3103\220_+s\270}J[\371"
  20      9307 D4B5 
  20      9FC9 1FC8 
  20      3390 5F2B 
  20      73B8 7D4A 
  21 005e 5EED 907E 		.ascii	"^\355\220~0\336\255\357iE\352$S\374\252\035N3 \303"
  21      30DE ADEF 
  21      6945 EA24 
  21      53FC AA1D 
  21      4E33 20C3 
  22               		.text
  23               		.section	.gnu.lto_.inline.7012bd29ce2deedc,"",@progbits
  24 0000 789C 6363 		.string	"x\234cc``hc@"
  24      6060 6863 
  24      4000 
  25 000a 5606 06C5 		.string	"V\006\006\305\315\214\214\214\f\034\214\f\f\314V?N\2102\260-\220gb`\272\304\311\302\300\0
  25      CD8C 8C8C 
  25      0C1C 8C0C 
  25      0CCC 563F 
  25      4E88 32B0 
  26 0032 24CF 64B6 		.string	"$\317d\266\352\232\002D\036$\305\312\307\310\300<\301\017\004\231\030\370N\003\2252\211]\
  26      EA9A 0244 
  26      1E24 C5CA 
  26      C7C8 C03C 
  26      C10F 0499 
  27 0053 04CC 0C52 		.string	"\004\314\fR\246@1\275eK\330\340bl\f\362\007\200\2661Y\374\230%\016\027d"
  27      A640 31BD 
  27      654B D8E0 
  27      626C 0CF2 
  27      0780 B631 
  28 006f 00        		.string	""
  29 0070 AF99 1538 		.ascii	"\257\231\0258"
  30               		.text
  31               		.section	.gnu.lto_.pureconst.7012bd29ce2deedc,"",@progbits
  32 0000 789C 6363 		.string	"x\234cc``\340\006bV\006)FK&)f)6)"
  32      6060 E006 
  32      6256 0629 
  32      464B 2629 
  32      6629 3629 
  33 0015 04F0 00   		.string	"\004\360"
  34 0018 C4        		.ascii	"\304"
  35               		.text
  36               		.section	.gnu.lto_Endpoint_ConfigureEndpoint_Prv.7012bd29ce2deedc,"",@progbits
  37 0000 789C 8D56 		.string	"x\234\215VkLTG\024\236s\347\356\275\313\356\312\242i\212\350\n\376\2501\376\021\233\232\3
  37      6B4C 5447 
  37      149E 73E7 
  37      EEBD CBEE 
  37      CAA2 698A 
  38 00bd D431 ACC0 		.string	"\3241\254\300\266(\\\265h\2725\314f\207-J\030\003/\200.\032FO\032\317\344\220\2617\375N\3
  38      B628 5CB5 
  38      68BA 35CC 
  38      6687 2D4A 
  38      1803 2F80 
  39 0117 1E40 E100 		.string	"\036@\341"
  40 011b 8342 988E 		.string	"\203B\230\216\266_\027\035\252\324\371\353\002\267g\300}\313b\342:\027K\334\351Q\2703\002
  40      B65F 171D 
  40      AAD4 F9EB 
  40      02B7 67C0 
  40      7DCB 62E2 
  41 019d FF36 0A7C 		.string	"\3776\n|N\200\253\036\226\227p\276J\200+J~\312"
  41      4E80 AB1E 
  41      9697 70BE 
  41      4A80 2B4A 
  41      7ECA 00
  42 01b0 13DC 1995 		.string	"\023\334\031\225lx\223\246\022\264d\024\324+\240\351y=\215\3007\th\346\345\264\303\272\t\
  42      6C78 93A6 
  42      12B4 6414 
  42      D42B A0E9 
  42      793D 8DC0 
  43 020a 091D 2958 		.string	"\t\035)X&\222a\0245\223\260Q'S\217\026\203O\241&\232\232\030j\030\333\201\277\2220\303\31
  43      2692 6114 
  43      3593 B051 
  43      2753 8F16 
  43      834F A126 
  44 0266 E747 6972 		.ascii	"\347Gir\201\3508\353\204mO\335\317j\373.}<\3023&JiR\222\3027"
  44      81E8 38EB 
  44      846D 4FDD 
  44      CF6A FB2E 
  44      7D3C C233 
  45 0281 0BD4 51B2 		.ascii	"\013\324Q\262\201\217w\337U\215\023\003\203\213\240eq\030YgP"
  45      818F 77DF 
  45      558D 1303 
  45      838B A065 
  45      7118 5967 
  46 0296 8EC1 5650 		.ascii	"\216\301VP\231a\343\341\023\321\013\316\346\177\377\320\353L"
  46      9961 E3E1 
  46      13D1 0BCE 
  46      E67F FFD0 
  46      EB4C 
  47 02a8 E5D9 DC02 		.ascii	"\345\331\334\002N\270\004.t\\vm\0279\236Kvh\221\265\275\254F"
  47      4EB8 042E 
  47      745C 766D 
  47      1739 9E4B 
  47      7668 91B5 
  48 02bf 270B 4DD0 		.ascii	"'\013M\3205\026T\346(\362\265\003(\311\214\374\243<\007\016&"
  48      3516 54E6 
  48      28F2 B503 
  48      28C9 8CFC 
  48      A33C 070E 
  49 02d4 2503 915C 		.ascii	"%\003\221\\\006\027T\"\r\203*\310\001tC\002\266\244\346\256\240"
  49      0617 5422 
  49      0D83 2AC8 
  49      0174 4302 
  49      B6A4 E6AE 
  50 02e9 8844 68EC 		.ascii	"\210Dh\354>$7\373\032<\016\032\301 \244x$\237\312\312\312I>\f"
  50      3E24 37FB 
  50      1A3C 0E1A 
  50      C120 A478 
  50      249F CACA 
  51 0301 E1E9 AE63 		.ascii	"\341\351\256cgr@Z\204\243\227\033\027\323R\035\322k7y\255nq\357"
  51      6772 405A 
  51      84A3 971B 
  51      17D3 521D 
  51      D26B 3779 
  52 0319 B10A AF49 		.ascii	"\261\n\257IFN\036U\215\005\252\375\256\257\240k\261pG\004\005"
  52      464E 1E55 
  52      8D05 AAFD 
  52      AEAF A06B 
  52      B170 4704 
  53 032e E986 3492 		.string	"\351\2064\222\267p\216du\"\313\216\356\023\327U\311\332C\254\373K\017\266j!\2545~\326\253
  53      B770 8E64 
  53      7522 CB8E 
  53      EE13 D755 
  53      C9DA 43AC 
  54 042f 9A87 EB1E 		.string	"\232\207\353\036\310h,\316\033\242\250\243e\"\307\363wO\226z\206\026\317\324\340\312\271\
  54      C868 2CCE 
  54      1BA2 A8A3 
  54      6522 C7F3 
  54      774F 967A 
  55 045a B702 515C 		.string	"\267\002Q\\\024Q\214\301x[\304\241\f\013\332W5JP\217_P\036$\350\035\024\264\205\004m\241@
  55      1451 8CC1 
  55      785B C4A1 
  55      0C0B DA57 
  55      354A 508F 
  56 0537 3C3A 5D74 		.string	"<:]t\324L\r\334[\221\202\"\214\341\267\330\360AS,/ \f\240\306\367\222\344\"\242\373\271\2
  56      D44C 0DDC 
  56      5B91 8222 
  56      8CE1 B7D8 
  56      F041 532C 
  57 05c5 B86C 4FFE 		.string	"\270lO\376\256"
  57      AE00 
  58 05cb FCAC 00   		.string	"\374\254"
  59 05ce A451 189B 		.ascii	"\244Q\030\233\275f\365\362\3305\233?]\026\373v\374\242\371\261"
  59      BD66 F5F2 
  59      D835 9B3F 
  59      5D16 FB76 
  59      FCA2 F9B1 
  60 05e2 0B13 577F 		.ascii	"\013\023W\177\221\220\27016\376\3757b\027\254OL\210\235\277\364"
  60      9190 B831 
  60      36FE FD37 
  60      6217 AC4F 
  60      4C88 9DBF 
  61 05f7 BDB9 B171 		.ascii	"\275\271\261q\353VnX\277z\335\246O\350m\346\n\246-\331\274vy"
  61      EB56 6E58 
  61      BF7A DDA6 
  61      4FE8 6DE6 
  61      0AA6 2DD9 
  62 060e 42A2 3D3E 		.ascii	"B\242=>n\301\242\305\263>\\\270l\3232\331\177U\364-q\357\240"
  62      6EC1 A2C5 
  62      B33E 5CB8 
  62      6CD3 32D9 
  62      7F55 F42D 
  63 0625 C1F0 EC07 		.ascii	"\301\360\354\007\tk7\f\317R\337\026\037\367f\334\022\321\325"
  63      096B 370C 
  63      CF52 DF16 
  63      1FF7 66DC 
  63      12D1 D5
  64 0638 E7AF 5C99 		.ascii	"\347\257\\\231\230\260q\343\274\027\tb\346\314\347\005\263\212"
  64      98B0 71E3 
  64      BC17 0962 
  64      E6CC E705 
  64      B38A 
  65 064a FD07 03A8 		.ascii	"\375\007\003\250\300\341"
  65      C0E1 
  66               		.text
  67               		.section	.gnu.lto_Endpoint_ConfigureEndpointTable.7012bd29ce2deedc,"",@progbits
  68 0000 789C 8D56 		.ascii	"x\234\215V}PTU\024\277\347\335}o\337\276\375B\301\017tE\3041"
  68      7D50 5455 
  68      14BF E7DD 
  68      7D6F DFBE 
  68      FD42 C10F 
  69 0018 739A 711D 		.ascii	"s\232q\035s\252\251\374C\313\372\247\217\231\324f\372\313A]G"
  69      73AA A9FC 
  69      43CB FAA7 
  69      8F99 D466 
  69      FACB 415D 
  70 002d 4643 07AC 		.ascii	"FC\007\254\231\372\207\247\300\222RF\037\240\263\256\305\344"
  70      99FA 87A7 
  70      C092 5246 
  70      1FA0 B3AE 
  70      C5E4 
  71 003f 473A 65D6 		.ascii	"G:e\326\210\037\273\n- \024\244$djh\251\244(\250$d\370U\3329"
  71      881F BB0A 
  71      2D20 14A4 
  71      2464 6A68 
  71      A9A4 28A8 
  72 0059 F7BE 9585 		.ascii	"\367\276\225\205!\355\315\354\345\336s\317\357"
  72      21ED CDEC 
  72      E5DE 73CF 
  72      EF
  73 0066 77CF 39F7 		.string	"w\3179\367\234s\321\030c\031N\306\366\343\337f\374\201\227\201R\322\304\330J]\001\267\234
  73      9C73 D118 
  73      6319 4EC6 
  73      F6E3 DF66 
  73      FC81 9781 
  74 0167 DB60 9F04 		.string	"\333`\237\004K\223P\300 \002\023I\277\355\233;\245n\315F\006\243\245Q\320"
  74      4B93 50C0 
  74      2002 1349 
  74      BFED 9B3B 
  74      A56E CD46 
  75 0181 855B 7EA8 		.string	"\205[~\250\255\362\360Y\202\360D\361ZS\235\260I8X\337\313\221pez\230\253\260?\221\221\276
  75      ADF2 F059 
  75      82F0 44F1 
  75      5A53 9DB0 
  75      4938 58DF 
  76 01a5 1304 9710 		.ascii	"\023\004\227\020\036\210}t\324\340\317\013\262\232\316\226\n"
  76      1E88 7D74 
  76      D4E0 CF0B 
  76      B29A CE96 
  76      0A
  77 01b6 1B92 9175 		.ascii	"\033\222\221u]\001\213\313\006U\203p\225\227u\256\323\371\313"
  77      5D01 8BCB 
  77      0655 8370 
  77      9597 75AE 
  77      D3F9 CB
  78 01c9 0276 B6B3 		.ascii	"\002v\266\263\253\320k\301\322\327\2336\302\304\006\301\\\250"
  78      ABD0 6BC1 
  78      D2D7 9B36 
  78      C2C4 06C1 
  78      5CA8 
  79 01db 8BDC 71F2 		.ascii	"\213\334q\3629\002\263\261\245\343h\374\250\207\005F\203\232"
  79      3902 B3B1 
  79      A5E3 68FC 
  79      A887 0546 
  79      839A 
  80 01ed FE21 B450 		.ascii	"\376!\264P\357\177w\251Z\345\257\t\324\027\255{\273\325\001'"
  80      EF7F 77A9 
  80      5AE5 AF09 
  80      D417 AD7B 
  80      BBD5 0127 
  81 0201 1DFC 4F4F 		.ascii	"\035\374OO\013L\374b]ex\2710\001j\361W\215\277o\311\373J\320"
  81      0B4C FC62 
  81      5D65 78B9 
  81      3001 6AF1 
  81      578D BF6F 
  82 0219 504C AAC1 		.ascii	"PL\252\301\333{\3669\371<1o\274\371K\267\333\n\346\365\360\264"
  82      DB7B F639 
  82      F93C 316F 
  82      BCF9 4BB7 
  82      DB0A E6F5 
  83 022f 48B4 C434 		.ascii	"H\264\3044\203&P<\277\273O<\277'\306z\274\233\006\214)\312\213"
  83      8326 503C 
  83      BFBB 4F3C 
  83      BF27 C67A 
  83      BC9B 068C 
  84 0246 0ACE 470C 		.ascii	"\n\316G\f\276\t\004\347\315\257.\237v[&\327G\322ZL\323\362\266"
  84      BE09 04E7 
  84      CDAF 2E9F 
  84      765B 26D7 
  84      47D2 5A4C 
  85 025d 7150 6F13 		.ascii	"qPo\023-o\217\372F\303\017D\336@\346*\264_u\367\346\006\205o"
  85      2D6F 8FFA 
  85      46C3 0F44 
  85      DE40 E62A 
  85      B45F 75F7 
  86 0275 97DC EB63 		.ascii	"\227\334\353c\033ox-{\217\205}\315\026\267\035\016\017\312}\256"
  86      1B6F 782D 
  86      7B8F 857D 
  86      CD16 B71D 
  86      0E0F CA7D 
  87 028a EED8 4E83 		.ascii	"\356\330N\203WHl\343\226\242\305\026\264\321w/m~\274\217\233"
  87      5748 6CE3 
  87      96A2 C516 
  87      B4D1 772F 
  87      6D7E BC8F 
  88 029f 4730 784D 		.ascii	"G0xMd\315!t\265\031]\245\001\213N$T|\227\202\261\263E\215\231"
  88      64CD 2174 
  88      B519 5DA5 
  88      018B 4E24 
  88      547C 9782 
  89 02b8 77EE 1661 		.ascii	"w\356\026a\311\245\225~<}\002`J\353\n\r\034\007\207\r\007C\245"
  89      C9A5 957E 
  89      3C7D 0260 
  89      4AEB 0A0D 
  89      1C07 870D 
  90 02cf 4123 999D 		.ascii	"A#\231\235f:#\022\007N\031\326;&\277\027\250z\222\204x\b#\326"
  90      663A 2312 
  90      074E 19D6 
  90      3B26 BF17 
  90      A87A 9284 
  91 02e7 A18C CE48 		.ascii	"\241\214\316H\026c\n\243\263\206\211q"
  91      1663 0AA3 
  91      B386 8971 
  92 02f3 38E1 47E0 		.string	"8\341G\340\340\034IC*\r\243H6\032\007\027\225\223k\f\311\322pp\217\245Y:\r\343H%\203\016\
  92      E01C 4943 
  92      2A0D A348 
  92      361A 0717 
  92      9593 6B0C 
  93 03f4 360D 5A05 		.string	"6\rZ\005\233Bl'\373\263\331\007\262u\361\007\332vJ\260\211\236\373+\262a\036\244\213$\300
  93      9B42 6C27 
  93      FBB3 D907 
  93      B275 F107 
  93      DA76 4AB0 
  94 0474 672C C03B 		.ascii	"g,\300;hs\330\226O\231\256Kd;(\214Z\215e}\371\347k\323DuSU\267"
  94      6873 D896 
  94      4F99 AE4B 
  94      643B 288C 
  94      5A8D 657D 
  95 0491 48CB CAB7 		.ascii	"H\313\312\267{\204\250I\024\302\232[\307\327\352\304\213\357"
  95      7B84 A849 
  95      14C2 9A5B 
  95      C7D7 EAC4 
  95      8BEF 
  96 04a3 3D9C 25DE 		.ascii	"=\234%\336^\030\231h\240\023U\333\300\247\205.\235\035M7\360"
  96      5E18 9968 
  96      A013 55DB 
  96      C0A7 852E 
  96      9D1D 4D37 
  97 04b8 E9BB DB2D 		.ascii	"\351\273\333-\271\002\277\203\317\256\340\341\016\206\377\017"
  97      B902 BF83 
  97      CFAE E0E1 
  97      0E86 FF0F 
  98 04c8 885C CA2F 		.ascii	"\210\\\312/\013^\211\254 \376\020O\016\361\241\211\226\253h\371"
  98      0B5E 89AC 
  98      20FE 104F 
  98      0EF1 A189 
  98      96AB 68F9 
  99 04dc B978 742C 		.ascii	"\271xt,\243P\213PW\203\377D6\203\204\r\013\361\024x$A\255\211"
  99      A350 8B50 
  99      5783 FF44 
  99      3683 840D 
  99      0BF1 1478 
 100 04f4 D486 89F8 		.ascii	"\324\206\211\370\030\f\377\205\210\273)\344)r.\250\206Z\201\013"
 100      180C FF85 
 100      88BB 29E4 
 100      2972 2EA8 
 100      865A 810B 
 101 0508 3F26 9934 		.ascii	"?&\2314\332f\344\321Pr^\217\366\\\305jNv\264\376y\021z!\205\334"
 101      DA66 E4D1 
 101      5072 5E8F 
 101      F65C C56A 
 101      4E76 B4FE 
 102 0522 D55B 856C 		.ascii	"\325[\205l\230\343\326\237\337\223'N\031Fa\322\216\375\025\226"
 102      98E3 D69F 
 102      DF93 274E 
 102      1946 61D2 
 102      8EFD 1596 
 103 0536 49C3 437C 		.ascii	"I\303C|<z\322\\\360u\230\313\222\267\301y+\232\2736Vqq\327\324"
 103      3C7A D25C 
 103      F075 98CB 
 103      92B7 C179 
 103      2B9A BB36 
 104 054f E0FB 6EBE 		.ascii	"\340\373n\276\251\337J\364%\321W@^\351\b$\245Sn\004\033\036\227"
 104      A9DF 4AF4 
 104      25D1 5740 
 104      5EE9 0824 
 104      A553 6E04 
 105 0566 9254 211C 		.ascii	"\222T!\034iu\237\277\226K\351(\334\220\242\312\277\266q)\033"
 105      6975 9FBF 
 105      964B E928 
 105      DC90 A2CA 
 105      BFB6 7129 
 106 057b 4DA9 2A2C 		.ascii	"M\251*,\264\310|(\243g\341\366\216\250\207\314s\341\211\355\242"
 106      B4C8 7C28 
 106      A367 E1F6 
 106      8EA8 87CC 
 106      73E1 89ED 
 107 0590 2321 AEC3 		.ascii	"#!\256\303+\225\306\240\036\241z\202\rOII\232\314\336kk\n\257"
 107      2B95 C6A0 
 107      1EA1 7A82 
 107      0D4F 4949 
 107      9ACC DE6B 
 108 05a7 7309 B3C3 		.ascii	"s\t\263\303\2058\314\242\036\213j\322\3168O\272\240\032;\300"
 108      8538 CCA2 
 108      1E8B 6AD2 
 108      CE38 4FBA 
 108      A01A 3BC0 
 109 05bb CE71 B8C1 		.ascii	"\316q\270\301.C0].3\2207\022\271|\322\236\367\217\251\207\271"
 109      2E43 305D 
 109      2E33 9037 
 109      12B9 7CD2 
 109      9EF7 8FA9 
 110 05d1 B70C 8BB4 		.ascii	"\267\f\213\264\236^\232\213\220\307D\335 `T\230'Q\210\316\024"
 110      9E5E 9A8B 
 110      90C7 44DD 
 110      2060 5498 
 110      2751 88CE 
 111 05e6 CBF6 235E 		.ascii	"\313\366#^\364~5\311\372U$\353W\217\t\253#\375VM\375V\364\246"
 111      F47E 35C9 
 111      FA55 24EB 
 111      578F 09AB 
 111      23FD 564D 
 112 05fe 535A 9C8C 		.ascii	"SZ\234\2147\312\214\304F\311\260Qv\310b\352\205\361\230A\006"
 112      37CA 8CC4 
 112      46C9 B051 
 112      76C8 62EA 
 112      85F1 9841 
 113 0613 6599 8B5D 		.ascii	"e\231\213]\037\036\317\346\367\336K\226\270$|\007\372\322\327"
 113      1F1E CFE6 
 113      F7DE 4B96 
 113      B824 7C07 
 113      FAD2 D7
 114 0626 7A49 502C 		.ascii	"zIP,\362\322\315v\245\306\323R\210u:\263\2516Eb\365\020\367\310"
 114      F2D2 CD76 
 114      A5C6 D352 
 114      8875 3AB3 
 114      A936 4562 
 115 063e 3374 4A44 		.ascii	"3tJD\245\307\216@\327\207\311\210\364\310\027\252\013\221!\254"
 115      A5C7 8E40 
 115      D787 C988 
 115      F4C8 17AA 
 115      0B91 21AC 
 116 0652 23D2 7190 		.ascii	"#\322q\220I\316\326\r\236\304\342aX<\235\340sG\177s\321\266\212"
 116      49CE D60D 
 116      9EC4 E261 
 116      583C 9DE0 
 116      7347 7F73 
 117 0669 DB58 FE80 		.ascii	"\333X\376\200h\354\225\323\226f\315\367/}cQ\246\377\205\271\317"
 117      68EC 95D3 
 117      9666 CDF7 
 117      2F7D 6351 
 117      A6FF 85B9 
 118 067e CDF0 3F9B 		.ascii	"\315\360?\233\223\365f '\327?w\366L\3773\313r\002\376\031\257"
 118      93F5 6620 
 118      27D7 3F77 
 118      F64C FF33 
 118      CB72 02FE 
 119 0694 BEF2 847F 		.ascii	"\276\362\204\177V\366\302\345\313\262\262W\314\243\325\344\005"
 119      56F6 C2E5 
 119      CBB2 B257 
 119      CCA3 D5E4 
 119      05
 120 06a5 4C9D 9339 		.ascii	"L\235\2239\177i\300>+{ENV \027\262\3543\026.\314\t\344\346\332"
 120      7F69 C03E 
 120      2B7B 454E 
 120      5620 17B2 
 120      EC33 162E 
 121 06be E6BC B53C 		.ascii	"\346\274\265<`\233\235\365v@\235\231\231\275$W{\351\215\327\347"
 121      609B 9DF5 
 121      7640 9D99 
 121      99BD 2457 
 121      7BE9 8DD7 
 122 06d3 0772 9EFE 		.ascii	"\007r\236\376?gL\236<\330Y\213\231:\363\255\025\201\\\343\231"
 122      3F67 4C9E 
 122      3CD8 598B 
 122      993A F3AD 
 122      1581 5CE3 
 123 06e8 C581 054B 		.ascii	"\305\201\005K\304\324\376bf\356\222W3\227\376\013v$\264\322"
 123      C4D4 FE62 
 123      66EE 9257 
 123      3397 FE0B 
 123      7624 B4D2 
 124               		.text
 125               		.section	.gnu.lto_Endpoint_ClearEndpoints.7012bd29ce2deedc,"",@progbits
 126 0000 789C 8D94 		.string	"x\234\215\224IL\024A\024\206\353u\365\364,,s\361\340\201 \027\016\\\030\023M\364\240\007T
 126      494C 1441 
 126      1486 EB75 
 126      F5F4 2C2C 
 126      73F1 E081 
 127 008a C555 13B0 		.string	"\305U\023\260l\211\313\006\310\226d\006\032\200qk@$+\347\325\034\334E\336.)\346\226\212\2
 127      6C89 CB06 
 127      C896 6406 
 127      1A80 716B 
 127      4024 2BE7 
 128 0129 453F A43E 		.string	"E?\244>\342"
 128      E200 
 129 012f 5804 656F 		.string	"X\004eo\0367h\252\177\275H\325\274\2217~Z\303\201Q\324\244\217f\346\340\334BC\b\r\214\025
 129      1E37 68AA 
 129      7FBD 48D5 
 129      BC91 377E 
 129      5AC3 8151 
 130 018a 8F20 025C 		.string	"\217 \002\\\200\225@78a;\301\200Jzp\306\013\271\316\236\212]T\017i\332\276\004\2006\225\3
 130      8095 4037 
 130      3861 3BC1 
 130      804A 7A70 
 130      C60B B9CE 
 131 01b0 28C8 0B12 		.string	"(\310\013\022\243\006\324c\355\363\220\353)\375\320\2724x\226*\256\347!\"\350\366\224\016
 131      A306 D463 
 131      EDF3 90EB 
 131      29FD D0BA 
 131      3478 962A 
 132 028b 2342 9AA7 		.ascii	"#B\232\247\024h\321\277\230\243\372.Y\b[S\330\354\252(\341$\272"
 132      1468 D1BF 
 132      98A3 FA2E 
 132      5908 5B53 
 132      D8EC AA28 
 133 02a2 9E9B 70E7 		.ascii	"\236\233p\347\361\273\216\242\341V\213p\016\300\2300W\324\246"
 133      F1BB 8EA2 
 133      E156 8B70 
 133      0EC0 9830 
 133      57D4 A6
 134 02b5 B370 95EE 		.ascii	"\263p\225\356$\231\341\177\307\246\223:\205\223\246!\177\254"
 134      2499 E17F 
 134      C7A6 933A 
 134      8593 A621 
 134      7FAC 
 135 02c7 6F87 6011 		.ascii	"o\207`\021h\272\251oj\003\244\300s\335\202\354\0332\321\215\322"
 135      68BA A96F 
 135      6A03 A4C0 
 135      73DD 82EC 
 135      1B32 D18D 
 136 02dc B211 49BC 		.ascii	"\262\021I\274-\021Q\006qH\026\321\302\353\025 \3169\243c\004"
 136      2D11 5106 
 136      7148 16D1 
 136      C2EB 1520 
 136      CE39 A363 
 137 02f1 3821 31B6 		.ascii	"8!1\2667-5\321\226\226u\341\274\355X\302\3218\333\021{\352\325"
 137      372D 35D1 
 137      9696 75E1 
 137      BCED 58C2 
 137      D138 DB11 
 138 0308 147B A62D 		.ascii	"\024{\246-\341\324!\333\341\f{\212-\356\314\311\375\266\370\364"
 138      E1D4 21DB 
 138      E10C 7B8A 
 138      2DEE CCC9 
 138      FDB6 F8F4 
 139 031c E4CB 19A9 		.ascii	"\344\313\031\251\351W\316\321[l\0223\304\2378\236u\311\030\227"
 139      E957 CED1 
 139      5B6C 1233 
 139      C49F 389E 
 139      75C9 1897 
 140 0330 9C6C 4FC9 		.ascii	"\234lO\311\314<\360?\210\330\330?\241.\262_\312\322\247\366"
 140      CC3C F03F 
 140      88D8 D83F 
 140      A12E B25F 
 140      CAD2 A7F6 
 141               		.text
 142               		.section	.gnu.lto_Endpoint_ClearStatusStage.7012bd29ce2deedc,"",@progbits
 143 0000 789C 8D54 		.string	"x\234\215T[H\024a\024>g\376\271\354\316\356\254F\004=\370\320K`\024\016D\017=\370b\267\24
 143      5B48 1461 
 143      143E 67FE 
 143      B9EC CEEE 
 143      AC46 043D 
 144 0063 D8A5 011C 		.string	"\330\245\001\034\243{+\3750"
 144      A37B 2BFD 
 144      3000 
 145 006d A8D4 F501 		.string	"\250\324\365\001\234\362(\212Y\227\005\216\351s6\202\343\367\241\301i4Qu\357B\361\316h\26
 145      9CF2 288A 
 145      5997 058E 
 145      E973 3682 
 145      E3F7 A1C1 
 146 00de EA85 C4E0 		.ascii	"\352\205\304\340\003\\\007\004\373ro\356\222\245\2532\217\255"
 146      035C 0704 
 146      FB72 6FEE 
 146      92A5 AB32 
 146      8FAD 
 147 00f0 A803 D2A2 		.ascii	"\250\003\322\242yH\2138s\363UN\344C\366\325\347\253V\"\204\004"
 147      7948 8B38 
 147      73F3 554E 
 147      E443 F6D5 
 147      E7AB 5622 
 148 0106 2A14 14C1 		.ascii	"*\024\024\301+\225\203\227\203\311\301\307\301\317\301\342\020"
 148      2B95 8397 
 148      83C9 C1C7 
 148      C1CF C1E2 
 148      10
 149 0117 E090 C121 		.ascii	"\340\220\301!\223\003@5\365\036X\341D\240F(\264(\213\300\024"
 149      9303 4035 
 149      F51E 58E1 
 149      44A0 4628 
 149      B428 8BC0 
 150 012c 9E7E 3279 		.ascii	"\236~2y\246\"\300\003\033\004\022\217\372\212h\277qF\204\004"
 150      A622 C003 
 150      1B04 128F 
 150      FA8A 68BF 
 150      7146 8404 
 151 0140 15D0 6338 		.ascii	"\025\320c8<\375\321\b\376q<\224hdj\224k-\373v!\320\210W0$Tl\303"
 151      3CFD D108 
 151      FE71 3C94 
 151      6864 6A94 
 151      6B2D FB76 
 152 015d 203E C42C 		.ascii	" >\304,w\243\255\347\323/\217}\207\245\256\t\t\r\037a#^ru\342"
 152      77A3 ADE7 
 152      D32F 8F7D 
 152      87A5 AE09 
 152      090D 1F61 
 153 0176 63B4 79D8 		.ascii	"c\264y\330\367\252B9J\241i0\216\345}\235\033\342\211\324\331"
 153      F7AA 4239 
 153      4AA1 6930 
 153      8EE5 7D9D 
 153      1BE2 89D4 
 154 018b 0A02 86B9 		.ascii	"\n\002\206\271)0i\037\\\363a\2650\341\266\2165B\300\273l\227"
 154      2930 691F 
 154      5CF3 61B5 
 154      30E1 B68E 
 154      3542 C0BB 
 155 01a1 79B4 7EF2 		.ascii	"y\264~\362|\202\271H\255\326\2272\327\033Y=\345f~\274\277k\021"
 155      7C82 B948 
 155      ADD6 9732 
 155      D71B 593D 
 155      E566 7EBC 
 156 01b8 F353 0E71 		.ascii	"\363S\016q7\360)q\177\302c\360\0311e:\243\235\271\377hh\020\235"
 156      37F0 2971 
 156      7FC2 63F0 
 156      1931 653A 
 156      A39D B9FF 
 157 01d0 E749 3A7E 		.ascii	"\347I:~\350]K<T\230]/y\374\256\235\357\035\237\020I\023\313\245"
 157      E85D 4B3C 
 157      5498 5D2F 
 157      79FC AE9D 
 157      EF1D 9F10 
 158 01e8 D70D 6696 		.ascii	"\327\rf\226kd\275<\311\204\301\370\002ulg\177\333y\220\227\266"
 158      6B64 BD3C 
 158      C984 C1F8 
 158      0275 6C67 
 158      7FDB 7990 
 159 01fe BAAF D70D 		.ascii	"\272\257\327\r\007$\363\257\354\301\330\317\330\375\f"
 159      0724 F3AF 
 159      ECC1 D8CF 
 159      D8FD 0C
 160 020d A659 EED2 		.string	"\246Y\356\322\214`V\234f\007\323\234\302\262\337:4\bS\026\017\226\267\204\004\027#\252\03
 160      8C60 569C 
 160      6607 D39C 
 160      C2B2 DF3A 
 160      3408 5316 
 161 030e A40C 3D6C 		.ascii	"\244\f=l**<`\027\2358\274\337\336\231\277#\317\336VZx\262\240"
 161      2A2A 3C60 
 161      179D 38BC 
 161      DFDE 99BF 
 161      23CF DE56 
 162 0326 F498 9DBF 		.ascii	"\364\230\235\277g\213\275\265\244\264\300\316\333\273{\263\275"
 162      678B BDB5 
 162      A4B4 C0CE 
 162      DBBB 7BB3 
 162      BD
 163 0337 BDF8 D0D1 		.ascii	"\275\370\320\321\222\302\342\343\373\370)\347 \344\376OQN\316"
 163      92C2 E2E3 
 163      FBF8 29E7 
 163      20E4 FE4F 
 163      514E CE
 164 034a BF8A 8FC0 		.ascii	"\277\212\217\300_P\334\353\232"
 164      5F50 DCEB 
 164      9A
 165               		.text
 166               		.section	.gnu.lto_Endpoint_WaitUntilReady.7012bd29ce2deedc,"",@progbits
 167 0000 789C 9555 		.string	"x\234\225U[LTW\024\335\373\236\231;w\346\316\200BcL\2354\376\030cL\230&6\3264\376X\255\03
 167      5B4C 5457 
 167      14DD FB9E 
 167      993B 77E6 
 167      CE80 4263 
 168 006c BC65 00   		.string	"\274e"
 169 006f E808 5045 		.string	"\350\bPE{\364\001j\353\317"
 169      7BF4 016A 
 169      EBCF 00
 170 007a E41B 1A3A 		.string	"\344\033\032:\324F\250\3154\207\346,\034\017\226G\347\325\353\324\274\317\220,WI\023\220\
 170      D446 A8CD 
 170      3487 E62C 
 170      1C0F 9647 
 170      E7D5 EBD4 
 171 00e7 9CE4 C7B7 		.string	"\234\344\307\267\375\314n?N"
 171      FDCC 6E3F 
 171      4E00 
 172 00f1 F23D 31F8 		.string	"\362=1\370$\222\272\226\256\02152\317\335o\332n\262\251\341\b2/\237\376\263\020\305\273\3
 172      2492 BA96 
 172      AE11 3532 
 172      CFDD 6FDA 
 172      6EB2 A9E1 
 173 01a4 043C 8A7A 		.string	"\004<\212z\211\300\204 \300\b\001\257\247"
 173      89C0 8420 
 173      C008 01AF 
 173      A700 
 174 01b2 5EE8 5D89 		.string	"^\350]\211\030/NWy\316\031\261^\016\256\266\"\235\023w\354\365\277A\031\350V\003\276\027@
 174      182F 4E57 
 174      79CE 19B1 
 174      5E0E AEB6 
 174      229D 1377 
 175 026a 045E 40F5 		.string	"\004^@\365\t\310\217"
 175      09C8 8F00 
 176 0272 3CE6 FC86 		.ascii	"<\346\374\206\031\356\031\320\302\002=d\247\207E\232y"
 176      19EE 19D0 
 176      C202 3D64 
 176      A787 459A 
 176      79
 177 0283 E568 BD08 		.string	"\345h\275\b\013\315\303\276\016\240\317\005o\243\222\224NA\356kx\217\212[\345\203H\335{\3
 177      0BCD C3BE 
 177      0EA0 CF05 
 177      6FA3 9294 
 177      4E41 EE6B 
 178 0384 A626 00   		.string	"\246&"
 179 0387 7401 0D61 		.ascii	"t\001\ra\205\260\244\267\367\226\256<\\<\351j\372;\\y\177[\006"
 179      85B0 A4B7 
 179      F796 AE3C 
 179      5C3C E96A 
 179      FA3B 5C79 
 180 039e 6952 2ED4 		.ascii	"iR.\324\324\270\367\350b\205\2171X\022\303%\314\2631\264\307"
 180      D4B8 F7E8 
 180      6285 8F31 
 180      5812 C325 
 180      CCB3 31B4 
 181 03b3 9F35 C5F3 		.ascii	"\2375\305\363\207M9\270\346\225hg\205w(g\374a\001\365\371r\034"
 181      874D 39B8 
 181      E695 6867 
 181      8577 2867 
 181      FC61 01F5 
 182 03ca 8401 3F34 		.ascii	"\204\001?42\b\031p\257b\362P\300\313\273\335w}*\300\211W\342"
 182      3208 1970 
 182      AF62 F250 
 182      C0CB BBDD 
 182      777D 2AC0 
 183 03e1 016E A86A 		.ascii	"\001n\250j\200!]\033\n\243\256\341\302v\232~[Xg\222\260\035\204"
 183      8021 5D1B 
 183      0AA3 AEE1 
 183      C276 9A7E 
 183      5B58 6792 
 184 03f8 EF2A 0B7B 		.ascii	"\357*\013{\225k\360\257\301\213\235\321\366T\325\372\273\334"
 184      956B F0AF 
 184      C18B 9DD1 
 184      F654 D5FA 
 184      BBDC 
 185 040a FA3F 9E16 		.ascii	"\372?\236\026\367&\b}-.tg\242\320#U\360@s\370F\212\022z,^\217"
 185      F726 087D 
 185      2D2E 7467 
 185      A2D0 2355 
 185      F040 73F8 
 186 0425 097D 1515 		.ascii	"\t}\025\025\205\221\tJ{\240\371d\034\263\034><=\351\343~\335"
 186      8591 094A 
 186      7BA0 F964 
 186      1CB3 1C3E 
 186      3C3D E9E3 
 187 043b B8E8 B275 		.ascii	"\270\350\262u\355*z\346\224\322\362\254V5nW\332\302\322W\221"
 187      ED2A 7AE6 
 187      94D2 F2AC 
 187      5635 6E57 
 187      DAC2 D257 
 188 0450 66D7 30A1 		.ascii	"f\3270\241)\303\236\201\317\267L\221\001rD\2441\354\222U\353"
 188      29C3 9E81 
 188      CFB7 4C91 
 188      0172 44A4 
 188      31EC 9255 
 189 0465 06AA 6D60 		.ascii	"\006\252m`\006\215\n\252{~\345\361\026\241\344\035D\354\246\222"
 189      068D 0AAA 
 189      7B7E E5F1 
 189      16A1 E41D 
 189      44EC A692 
 190 0479 F11E CA71 		.ascii	"\361\036\312qb\250\226\330\357\006\023Z\346U\323\366\036M\236"
 190      62A8 96D8 
 190      EF06 135A 
 190      E655 D3F6 
 190      1E4D 9E
 191 048c B010 F273 		.ascii	"\260\020\362s\025|\355\254=\330+\375\364\306C\\\341HY\361.\217"
 191      157C EDAC 
 191      3DD8 2BFD 
 191      F4C6 435C 
 191      E148 59F1 
 192 04a2 AAA0 610F 		.ascii	"\252\240a\017\372]\341\303\335|^T\272m\267\375\022\004\336@\277"
 192      FA5D E1C3 
 192      DD7C 5E54 
 192      BA6D B7FD 
 192      1204 DE40 
 193 04b7 D178 988F 		.ascii	"\321x\230\217\253V7\355\265\335\221&\251\337\275\246N\376Bv\355"
 193      AB56 37ED 
 193      B5DD 9126 
 193      A9DF BDA6 
 193      4EFE 4276 
 194 04cc 1B30 D5B1 		.ascii	"\0330\325\261\003o\241\337\254\355\351E\032\376H(4\200w\226d"
 194      036F A1DF 
 194      ACED E945 
 194      1AFE 4828 
 194      3480 7796 
 195 04e1 2E08 2CC9 		.ascii	".\b,\311\375r~`\326\334\231\323\0023B\231\313\203\241e\201\271"
 195      FD72 7E60 
 195      D6DC 99D3 
 195      0233 4299 
 195      CB83 A165 
 196 04f7 73DE 0F4C 		.ascii	"s\336\017L\317\016\005\003\323>\237=%\360\301\322E_gg.\315\231"
 196      CF0E 0503 
 196      D33E 9F3D 
 196      25F0 C1D2 
 196      455F 6767 
 197 050e C756 C642 		.ascii	"\307V\306BH\3774\024\\\236\231\235\273lfh~V\360\223\334\254\005"
 197      48FF 3414 
 197      5C9E 999D 
 197      BB6C 6668 
 197      7E56 F093 
 198 0525 C190 F7B3 		.ascii	"\301\220\367\263\314\254`vn\316\307sf\007\263\322\246\347\206"
 198      CCAC 6076 
 198      6ECE C773 
 198      6607 B3D2 
 198      A6E7 86
 199 0538 42C1 A539 		.ascii	"B\301\2459\t\367\351\224r\336\f\n[\030\234\2233?'8o\326\364Y"
 199      09F7 E994 
 199      72DE 0C0A 
 199      5B18 9C93 
 199      333F 2738 
 200 0550 1FFE 97E2 		.ascii	"\037\376\227\342\031\031\257\376\257r)H\213a\352\377I\225\314"
 200      1919 AFFE 
 200      AF72 2948 
 200      8B61 EAFF 
 200      4995 CC
 201 0563 6731 FC03 		.ascii	"g1\374\003O\224\372\220"
 201      4F94 FA90 
 202               		.text
 203               		.section	.gnu.lto_.symbol_nodes.7012bd29ce2deedc,"",@progbits
 204 0000 789C 6363 		.string	"x\234cc``(\005b\006\246k\f\365\f\f\023\3161\200\250]\r\216@\221\253\f\365\214\250\"\327\0
 204      6060 2805 
 204      6206 A66B 
 204      0CF5 0C0C 
 204      13CE 3180 
 205 0032 9AC7 7A9B 		.string	"\232\307z\233\201\021D3\335d\250gAQ\301\314\310\300\360\350\372\337\231\314\f"
 205      8111 4433 
 205      DD64 A867 
 205      4151 C1CC 
 205      C8C0 F0E8 
 206 004c EA3E 1D4C 		.ascii	"\352>\035L"
 207               		.text
 208               		.section	.gnu.lto_.refs.7012bd29ce2deedc,"",@progbits
 209 0000 789C 6363 		.string	"x\234cc``\020\004bff\006\026F\006V\026\006V\036F6\006Va\006"
 209      6060 1004 
 209      6266 6606 
 209      1646 0656 
 209      1606 561E 
 210 001b 03F0 00   		.string	"\003\360"
 211 001e 5C        		.ascii	"\\"
 212               		.text
 213               		.section	.gnu.lto_.decls.7012bd29ce2deedc,"",@progbits
 214 0000 789C 9D58 		.string	"x\234\235XkPTG\026\276}{\0360\200\030q\023\26351)\313TMme\031\363\250$n\245*\276\3620k\33
 214      6B50 5447 
 214      16BE 7D7B 
 214      1E30 8018 
 214      7113 B335 
 215 0045 C188 2F1E 		.string	"\301\210/\036*\017\001\005E\005\201\360\020GBT\300(JDA\205=\335}\357\235;\304\251\230L\33
 215      2A0F 0105 
 215      4505 81F0 
 215      1047 4254 
 215      C028 4A44 
 216 00b0 BD0E 4610 		.string	"\275\016F\020\362\305}\002\344\2610\236\202\361\314\b,\3629\003\272'$\27410\306J\374d\354
 216      F2C5 7D02 
 216      E4B1 309E 
 216      82F1 CC08 
 216      2CF2 3903 
 217 0113 0943 E6F8 		.string	"\tC\346\3702\f\0361L\031\213,\035\222\362Cr\375*(&\303x\003\306\233\310\177\336/\202l\220
 217      320C 1E31 
 217      4C19 8B2C 
 217      1D92 F243 
 217      72FD 2A28 
 218 01ac DF89 A2B8 		.ascii	"\337\211\242\270\\,\311\024\3618\016\275lD\223\214\034:\202L"
 218      5C2C C914 
 218      F138 0EBD 
 218      6C44 938C 
 218      1C3A 824C 
 219 01c0 C43B B142 		.ascii	"\304;\261B\007\220\021\345##q\320\342\251\2715\312 \331'\376"
 219      0790 11E5 
 219      2323 71D0 
 219      E2A9 B935 
 219      CA20 D927 
 220 01d5 8E3D 2A44 		.ascii	"\216=*D\006XS1|\267$\024\202\031c@<\210u\275\247\267\005\201"
 220      0658 5331 
 220      7CB7 2414 
 220      8219 6340 
 220      3C88 75BD 
 221 01ed 38D6 8046 		.ascii	"8\326\200F\203x>n\237\033\263Y\r\210e\267\367}\033\314D\fb\346"
 221      8378 3E6E 
 221      9F1B B359 
 221      0D88 65B7 
 221      F77D 1BCC 
 222 0205 E6EE 2D01 		.ascii	"\346\356-\001\370+\032\371\325\212\202\241 \034\207\250\260k"
 222      F82B 1AF9 
 222      D58A 82A1 
 222      201C 87A8 
 222      B06B 
 223 0217 F07E 2F59 		.ascii	"\360~/Y6\03726\214U)\233\317Rvl}\353\025\003^E\215\371\212\203"
 223      361F 3236 
 223      8C55 299B 
 223      CF52 766C 
 223      7DEB 1503 
 224 0231 B16B 0391 		.ascii	"\261k\003\221\301Dy\237\023E-\360.\006\222E\204d\0050\237/1/"
 224      C144 799F 
 224      1345 2DF0 
 224      2E06 9245 
 224      8464 0530 
 225 0249 0365 2928 		.ascii	"\003e)(Y\316\312L\220`t\002\022V\356M\330|\003Kuq\311\306\013"
 225      59CE CA4C 
 225      9060 7402 
 225      1256 EE4D 
 225      D87C 034B 
 226 0262 06BC 81B1 		.ascii	"\006\274\201\2619\265\263\360\201\304Z\013bz\337\305\256@\026"
 226      39B5 B3F0 
 226      81C4 5A0B 
 226      627A DFC5 
 226      AE40 16
 227 0275 A209 C4AF 		.ascii	"\242\t\304\257\253zJ\2658\215\232\352\366\336\271\265\023\241"
 227      AB7A 4AB5 
 227      388D 9AEA 
 227      F6DE B9B5 
 227      13A1 
 228 0287 8913 C326 		.ascii	"\211\023\303&\232&\356\240y\254\3121\271\213\223E1AG7\3478\370"
 228      9A26 EEA0 
 228      79AC CA31 
 228      B98B 9345 
 228      3141 4737 
 229 029e 3A8D C2E4 		.ascii	":\215\302\344\304\036\003:\034z\221\024\0333o1\306\211%\245\210"
 229      C41E 033A 
 229      1C7A 9114 
 229      1B33 6F31 
 229      C689 25A5 
 230 02b3 DA9E F2B5 		.ascii	"\332\236\362\265=\352\265]O\"H\026cE\360\212NBXUt\216\030C \250"
 230      3DEA B55D 
 230      4F22 4816 
 230      6345 F08A 
 230      4E42 5855 
 231 02cd 1682 3E8B 		.ascii	"\026\202>\213&\24230\252a\324\240\211\264\206\230\213jc<uAB/"
 231      26A2 3330 
 231      AA61 D4A0 
 231      89B4 8698 
 231      8B6A 633C 
 232 02e5 915C 28F9 		.ascii	"\221\\(\371\232\244\370`Y\352O\037\027+\202\0330\342\244$y\221"
 232      9AA4 F860 
 232      59EA 4F1F 
 232      172B 821B 
 232      30E2 A424 
 233 02fb 2ADD C6   		.ascii	"*\335\306"
 234 02fe 5251 4C1D 		.string	"RQL\035G\331V\372\2625+@\220#wSR\273\036\327K\373\325\224w\222G\2460\346\340\212;\230\354
 234      47D9 56FA 
 234      B235 2B40 
 234      9023 7753 
 234      52BB 1ED7 
 235 03ff 7111 4CDA 		.ascii	"q\021L\332a\177\322\240\366\210&M\204\353c4\375\271[\276}9\""
 235      617F D2A0 
 235      F688 264D 
 235      84EB 6334 
 235      FDB9 5BBE 
 236 0416 A256 E902 		.ascii	"\242V\351\002f"
 236      66
 237 041b D41B 4A9B 		.string	"\324\033J\233\032\265\3436\323\322%\013\250\tC\347\220\007\215\203\357\026\244a\266-M;\25
 237      1AB5 E336 
 237      D3D2 250B 
 237      A809 43E7 
 237      9007 8D83 
 238 051c CE61 1ED3 		.string	"\316a\036\323\212~\255\326\262\376\021"
 238      8A7E ADD6 
 238      B2FE 1100 
 239 0528 E2E1 1BD9 		.ascii	"\342\341\033\331\207CX\377(!\323\235\367s\013G\261i\035\210Y"
 239      8743 58FF 
 239      2821 D39D 
 239      F773 0B47 
 239      B169 1D88 
 240 053d 4DDB CAB4 		.ascii	"M\333\312\264\3708[\332U\177\260\320\200+\231P\267?\305\243\301"
 240      F838 5BDA 
 240      557F B0D0 
 240      802B 9950 
 240      B73F C5A3 
 241 0552 6798 50D3 		.ascii	"g\230P\323\320\234\026\212\033\231\260\277\374nK0\356d\302\276"
 241      D09C 168A 
 241      1B99 B0BF 
 241      FC6E 4B30 
 241      EE64 C2BE 
 242 0566 AD77 2F1A 		.ascii	"\255w/\032\2406\320]\312\0134}\003=\215\301\270\207N\353\373"
 242      A036 D05D 
 242      CA0B 347D 
 242      033D 8DC1 
 242      B887 4EEB 
 243 057b EFAC 3B1D 		.ascii	"\357\254;\035\002-J\325\243.\r=\227[\234B{\024i\n}\020\332Cu"
 243      022D 4AD5 
 243      A32E 0D3D 
 243      975B 9C42 
 243      7B14 690A 
 244 0594 5338 3AB2 		.ascii	"S8:\262K\335~\301\333\245\356H\326\322\021\2334\302t\360\005"
 244      4BDD 7EC1 
 244      DBA5 EE48 
 244      D6D2 119B 
 244      34C2 74F0 
 245 05a9 6FB7 F975 		.ascii	"o\267\371u$p\221\237\226v\013\fza\334\203r\245+\310]?\f\207w"
 245      2470 919F 
 245      9676 0B0C 
 245      7A61 DC83 
 245      72A5 2BC8 
 246 05c2 08EE E8FB 		.ascii	"\b\356\350\3730\036\300\030\204!\362\352\316\326\255\242\325"
 246      301E C018 
 246      8421 F2EA 
 246      CED6 ADA2 
 246      D5
 247 05d3 EF4B CB3C 		.ascii	"\357K\313<\242\257\265\347\260\276\366\360Q}\2556\327x\236\366"
 247      A2AF B5E7 
 247      B0BE F6F0 
 247      517D AD36 
 247      D778 9EF6 
 248 05e7 3542 7A60 		.ascii	"5Bz`$\351\333H\335\3322j\232\357\363\270XC[\333\372\026\367\240"
 248      24E9 DB48 
 248      DDDA 326A 
 248      9AEF F3B8 
 248      5843 5BDB 
 249 05ff 1E85 99FC 		.ascii	"\036\205\231\374\005\203V\360\246\307\212\207\221l\314\035\273"
 249      0583 56F0 
 249      A6C7 8A87 
 249      916C CC1D 
 249      BB
 250 0610 9C90 5CCE 		.ascii	"\234\220\\\316\207\241X^\251\267\207\2649\202\357\376\376\226"
 250      87A1 585E 
 250      A9B7 87B4 
 250      3982 EFFE 
 250      FE96 
 251 0622 72FE F92C 		.ascii	"r\376\371,1\023l\317\246\341\242"
 251      3113 6CCF 
 251      A6E1 A2
 252 062d AC3A 51BC 		.string	"\254:Q\274\f'\202\330\337d\365){\207e7I9\2408\376yX\031\233\235\337\244\301IZZ0\367\343\3
 252      0C27 82D8 
 252      DF64 F529 
 252      7B87 6537 
 252      4939 A038 
 253 072e BD41 0D9D 		.ascii	"\275A\r\235B\241[6$6\"\274E\347\007:-\345\373\001^\202\356\230"
 253      42A1 5B36 
 253      2436 22BC 
 253      45E7 073A 
 253      2DE5 FB01 
 254 0746 E503 BD49 		.ascii	"\345\003\275I\201\336\f\320\233\324\320[(\364\365\255?\304\352"
 254      81DE 0CD0 
 254      9BD4 D05B 
 254      28F4 F5AD 
 254      3FC4 EA
 255 0759 719E 3FE8 		.ascii	"q\236?\350\204\326\330\035\030W\260\351\003\253\352\216\320\351"
 255      84D6 D81D 
 255      1857 B0E9 
 255      03AB EA8E 
 255      D0E9 
 256 076b 3479 BAA3 		.ascii	"4y\272\243\360T\017zd\337B\351\220W\344\346\325\227\362\241\013"
 256      F054 0F7A 
 256      64DF 42E9 
 256      9057 E4E6 
 256      D597 F2A1 
 257 0780 CDF7 8224 		.ascii	"\315\367\202$\236e\377Ux\202\021JUxn\005\236\251j\236\333(\317"
 257      9E65 FF55 
 257      7882 114A 
 257      5578 6E05 
 257      9EA9 6A9E 
 258 0797 DA6D 6717 		.ascii	"\332mg\027\033\022\2257\265\337\371;\001e\220R\303\033k\313\027"
 258      1B12 9537 
 258      B5DF F93B 
 258      0165 9052 
 258      C31B 6BCB 
 259 07ac A80A 77F9 		.ascii	"\250\nw\371\310\302\335N\013\367\033(\334L\271p{\277\242Z\362"
 259      C8C2 DD4E 
 259      0BF7 1B28 
 259      DC4C B970 
 259      7BBF A25A 
 260 07c1 7241 9EE4 		.ascii	"rA\236\344\213\\\346y\0055\006u\315\222\027"
 260      8B5C E679 
 260      0535 0675 
 260      CD92 17
 261 07d0 016F CDEE 		.ascii	"\001o\315\356\220jv\007\255\331\266_{\327i\361\217\376R\372\250"
 261      906A 7607 
 261      ADD9 B65F 
 261      7BD7 69F1 
 261      8FFE 52FA 
 262 07e5 32DD 9699 		.ascii	"2\335\226\231\320\034Ju\344\336\332\305S\345\201\263E\265\336"
 262      D01C 4A75 
 262      E4DE DAC5 
 262      53E5 81B3 
 262      45B5 DE
 263 07f8 57A9 DD4C 		.ascii	"W\251\335L\031\273\253S\fU\224\3372e\312\332\226*\354\357\365"
 263      19BB AB53 
 263      0C55 94DF 
 263      3265 CADA 
 263      962A ECEF 
 264 080d 612F DD83 		.ascii	"a/\335\203=r\231\227\257\036\310\017\2217a\262\262"
 264      3D72 9997 
 264      AF1E C80F 
 264      9137 61B2 
 264      B2
 265 081e 0960 85B2 		.string	"\t`\205\262\224M\330\t\233\220\245\336\204\357\350&\244\257,.\f\305},\262\334\345\367+\00
 265      944D D809 
 265      9B90 A5DE 
 265      84EF E826 
 265      A4AF 2C2E 
 266 091f 7D54 0D7D 		.ascii	"}T\r}\234B\357\212[\225\205Ys{\234\377\033 \357n=k=z\365^\226"
 266      9C42 EF8A 
 266      5B95 8559 
 266      737B 9CFF 
 266      1B20 EF6E 
 267 093a F8B4 9652 		.ascii	"\370\264\226Ri/K\351^^\311\277\226\030\210/\373c\376\333\262"
 267      692F 4BE9 
 267      5E5E C9BF 
 267      9618 882F 
 267      FB63 FEDB 
 268 094f 4CDA 25EE 		.ascii	"L\332%\356\320\253\313\362\204R\226'HYV\370\\v\365\203\275\275"
 268      D0AB CBF2 
 268      8452 9627 
 268      4859 56F8 
 268      5C76 F583 
 269 0965 488A FCD2 		.ascii	"H\212\374\3220\256\375\271Vi'`\210\312\224\350\313!\3722u\364"
 269      30AE FDB9 
 269      5669 2760 
 269      88CA 94E8 
 269      CB21 FA32 
 270 097b 952C FAB5 		.ascii	"\225,\372\265\353\252Bpe\300c\323\313\274\273\356\274\237Ss\212"
 270      EBAA 4270 
 270      65C0 63D3 
 270      CBBC BBEE 
 270      BC9F 5373 
 271 0990 D0AB F6A1 		.ascii	"\320\253\366\241\327w\251}\226\267\331\265Wy\331\201\035\252"
 271      D777 A97D 
 271      96B7 D9B5 
 271      5779 D981 
 271      1DAA 
 272 09a2 52D8 9D04 		.ascii	"R\330\235\004vUjv5\224]B|r\253\036w\372c\327^P\236.o\373\320"
 272      7655 6A76 
 272      3594 5D42 
 272      7C72 AB1E 
 272      77FA 63D7 
 273 09bd F088 9370 		.ascii	"\360\210\223pZ\001?\003\340\247\325\340\265\374\004\356e\233"
 273      5A01 3F03 
 273      E0A7 D5E0 
 273      B5FC 04EE 
 273      659B 
 274 09cf 7581 D916 		.ascii	"u\201\331\026\363\211\305<k\336\333S\3153\034\326%\202\303i\236"
 274      F389 C53C 
 274      6BDE DB53 
 274      CD33 1CD6 
 274      2582 C369 
 275 09e4 3767 9A79 		.ascii	"7g\232yz\264C0O\375\350\303\327\315o\331\243>\213\266\332]\021"
 275      7AB4 4330 
 275      4FFD E8C3 
 275      D7CD 6FD9 
 275      A33E 8BB6 
 276 09fb 440A 8F0C 		.ascii	"D\n\217\fxg\366\274\347\246O\236\314\351c@\371z\204\3535s\214"
 276      7867 F6BC 
 276      E7A6 4F9E 
 276      CCE9 6340 
 276      F97A 84EB 
 277 0a12 D361 B645 		.ascii	"\323a\266EGZl\346\351\202\315fq\230-K\034\177_\030\0319\3455"
 277      475A 6CE6 
 277      E982 CD66 
 277      7198 2D4B 
 277      1C7F 5F18 
 278 0a2a F36B E1AF 		.ascii	"\363k\341\257\204O\"\262\331j\217\264\305D\tf\247+\n\326\205"
 278      844F 22B2 
 278      D96A 8FB4 
 278      C544 0966 
 278      A72B 0AD6 
 279 0a3f 2FE2 3473 		.ascii	"/\3424s\227}&h\346X\277\024\002\b\322\213\257F\270\364S\243\242"
 279      977D 2668 
 279      E658 BF14 
 279      0208 D28B 
 279      AF46 B8F4 
 280 0a56 1C82 D3A9 		.ascii	"\034\202\323\251\235f\261\177\352|\351q\330\205\207+\004\001"
 280      9D66 B17F 
 280      EA7C E971 
 280      D885 872B 
 280      0401 
 281 0a68 732C 4C46 		.ascii	"s,LF(\204\347Z\026\330\204\b\327xE1=\332\376\211ua\214CP4\037"
 281      2884 E75A 
 281      16D8 8408 
 281      D778 4531 
 281      3DDA FE89 
 282 0a83 3896 6823 		.ascii	"8\226h#\246EG\333^\371\023\251\340\236\365\217L}?\345\235\267"
 282      A645 47DB 
 282      5EF9 13A9 
 282      E09E F58F 
 282      4C7D 3FE5 
 283 0a99 0916 872C 		.ascii	"\t\026\207,9\237\366\325\317qY\\1N\370^\250Z\361o\213\3255\317"
 283      399F F6D5 
 283      CF71 595C 
 283      314E F85E 
 283      A85A F16F 
 284 0ab1 EEB2 DA3E 		.ascii	"\356\262\332>\024,Q\313\306\220\300\300\211\313\021\r\212\317"
 284      142C 51CB 
 284      C690 C0C0 
 284      89CB 110D 
 284      8ACF 
 285 0ac3 6304 A74B 		.ascii	"c\004\247K\267t\246=J\370B\267\364#\213-F\bX \251C\026,\226~"
 285      B774 A63D 
 285      4AF8 42B7 
 285      F423 8B2D 
 285      4608 5820 
 286 0add 91FC EA3E 		.ascii	"\221\374\352>\263D~*D\351\227\316\022\354\013]\213\336}\314\224"
 286      B344 7E2A 
 286      44E9 97CE 
 286      12EC 0B5D 
 286      8BDE 7DCC 
 287 0af2 8E7C CE71 		.ascii	"\216|\316qE\251@\345DK\252\210w\201\241\340\210pM\376\203\350"
 287      45A9 40E5 
 287      444B AA88 
 287      7781 A1E0 
 287      8870 4DFE 
 288 0b08 3031 D7E2 		.ascii	"01\327\342\374\024\340B\t\334\fa\2115R \311P\245a\216`\023\""
 288      FC14 E042 
 288      09DC 0C61 
 288      8935 5220 
 288      C950 A561 
 289 0b20 5DB2 1862 		.ascii	"]\262\030b\261-\265,sFX\3556\253]x\343\217\370\363\335\273E\334"
 289      B12D B52C 
 289      7346 58ED 
 289      36AB 5D78 
 289      E38F F8F3 
 290 0b38 3845 31C3 		.ascii	"8E1\303\352$\233%\313^\337o\331\325\372\277(\372\231Ne\273\243"
 290      EA24 9B25 
 290      CB5E DF6F 
 290      D9D5 FABF 
 290      28FA 994E 
 291 0b4f C62C B538 		.ascii	"\306,\2658\354\0211\366\030\247\020\025\001\265\033cs\375\325"
 291      EC11 31F6 
 291      18A7 1015 
 291      01B5 1B63 
 291      73FD D5
 292 0b62 7F55 78A7 		.ascii	"\177Ux\247\246-s\t\316\271\321o}@\016\300\373\220\005md\264\335"
 292      A62D 7309 
 292      CEB9 D16F 
 292      7D40 0EC0 
 292      FB90 056D 
 293 0b79 E97A 52E5 		.ascii	"\351zR\345\344_\363\346~(D\n\020T\324\023\276\005\0033cT\206"
 293      E45F F3E6 
 293      7E28 440A 
 293      1054 D413 
 293      BE05 0333 
 294 0b90 3367 D31A 		.ascii	"3g\323\032\031\355k4s\366\323\336\254F\274#\270\336vX\026\013"
 294      19ED 6B34 
 294      73F6 D3DE 
 294      AC46 BC23 
 294      B8DE 7658 
 295 0ba6 B363 162F 		.ascii	"\263c\026/\020\034\357\375\311:\240O\tQ\312\3433\212Wp!\377\236"
 295      101C EFFD 
 295      C93A A04F 
 295      0951 CAE3 
 295      338A 5770 
 296 0bbd 6175 C0AE 		.ascii	"au\300\256Y\243\355j\232\260\2636\233\020\365\177\034\261)\220"
 296      59A3 ED6A 
 296      9AB0 B336 
 296      9B10 F57F 
 296      1CB1 2990 
 297               		.text
 298               		.section	.gnu.lto_.symtab.7012bd29ce2deedc,"",@progbits
 299 0000 456E 6470 		.string	"Endpoint_ConfigureEndpoint_Prv"
 299      6F69 6E74 
 299      5F43 6F6E 
 299      6669 6775 
 299      7265 456E 
 300 001f 00        		.string	""
 301 0020 00        		.string	""
 302 0021 00        		.string	""
 303 0022 00        		.string	""
 304 0023 00        		.string	""
 305 0024 00        		.string	""
 306 0025 00        		.string	""
 307 0026 00        		.string	""
 308 0027 00        		.string	""
 309 0028 00        		.string	""
 310 0029 00        		.string	""
 311 002a E100      		.string	"\341"
 312 002c 00        		.string	""
 313 002d 00        		.string	""
 314 002e 456E 6470 		.string	"Endpoint_ConfigureEndpointTable"
 314      6F69 6E74 
 314      5F43 6F6E 
 314      6669 6775 
 314      7265 456E 
 315 004e 00        		.string	""
 316 004f 00        		.string	""
 317 0050 00        		.string	""
 318 0051 00        		.string	""
 319 0052 00        		.string	""
 320 0053 00        		.string	""
 321 0054 00        		.string	""
 322 0055 00        		.string	""
 323 0056 00        		.string	""
 324 0057 00        		.string	""
 325 0058 00        		.string	""
 326 0059 E600      		.string	"\346"
 327 005b 00        		.string	""
 328 005c 00        		.string	""
 329 005d 456E 6470 		.string	"Endpoint_ClearEndpoints"
 329      6F69 6E74 
 329      5F43 6C65 
 329      6172 456E 
 329      6470 6F69 
 330 0075 00        		.string	""
 331 0076 00        		.string	""
 332 0077 00        		.string	""
 333 0078 00        		.string	""
 334 0079 00        		.string	""
 335 007a 00        		.string	""
 336 007b 00        		.string	""
 337 007c 00        		.string	""
 338 007d 00        		.string	""
 339 007e 00        		.string	""
 340 007f 00        		.string	""
 341 0080 E900      		.string	"\351"
 342 0082 00        		.string	""
 343 0083 00        		.string	""
 344 0084 456E 6470 		.string	"Endpoint_ClearStatusStage"
 344      6F69 6E74 
 344      5F43 6C65 
 344      6172 5374 
 344      6174 7573 
 345 009e 00        		.string	""
 346 009f 00        		.string	""
 347 00a0 00        		.string	""
 348 00a1 00        		.string	""
 349 00a2 00        		.string	""
 350 00a3 00        		.string	""
 351 00a4 00        		.string	""
 352 00a5 00        		.string	""
 353 00a6 00        		.string	""
 354 00a7 00        		.string	""
 355 00a8 00        		.string	""
 356 00a9 EB00      		.string	"\353"
 357 00ab 00        		.string	""
 358 00ac 00        		.string	""
 359 00ad 456E 6470 		.string	"Endpoint_WaitUntilReady"
 359      6F69 6E74 
 359      5F57 6169 
 359      7455 6E74 
 359      696C 5265 
 360 00c5 00        		.string	""
 361 00c6 00        		.string	""
 362 00c7 00        		.string	""
 363 00c8 00        		.string	""
 364 00c9 00        		.string	""
 365 00ca 00        		.string	""
 366 00cb 00        		.string	""
 367 00cc 00        		.string	""
 368 00cd 00        		.string	""
 369 00ce 00        		.string	""
 370 00cf 00        		.string	""
 371 00d0 EE00      		.string	"\356"
 372 00d2 00        		.string	""
 373 00d3 00        		.string	""
 374 00d4 5553 425F 		.string	"USB_ControlRequest"
 374      436F 6E74 
 374      726F 6C52 
 374      6571 7565 
 374      7374 00
 375 00e7 00        		.string	""
 376 00e8 02        		.ascii	"\002"
 377 00e9 00        		.string	""
 378 00ea 00        		.string	""
 379 00eb 00        		.string	""
 380 00ec 00        		.string	""
 381 00ed 00        		.string	""
 382 00ee 00        		.string	""
 383 00ef 00        		.string	""
 384 00f0 00        		.string	""
 385 00f1 00        		.string	""
 386 00f2 0401 00   		.string	"\004\001"
 387 00f5 00        		.string	""
 388 00f6 5553 425F 		.string	"USB_DeviceState"
 388      4465 7669 
 388      6365 5374 
 388      6174 6500 
 389 0106 00        		.string	""
 390 0107 02        		.ascii	"\002"
 391 0108 00        		.string	""
 392 0109 00        		.string	""
 393 010a 00        		.string	""
 394 010b 00        		.string	""
 395 010c 00        		.string	""
 396 010d 00        		.string	""
 397 010e 00        		.string	""
 398 010f 00        		.string	""
 399 0110 00        		.string	""
 400 0111 0701 00   		.string	"\007\001"
 401 0114 00        		.string	""
 402               		.text
 403               		.section	.gnu.lto_.opts,"",@progbits
 404 0000 272D 666D 		.ascii	"'-fmath-errno' '-fsigned-zeros' '-ftrapping-m"
 404      6174 682D 
 404      6572 726E 
 404      6F27 2027 
 404      2D66 7369 
 405 002d 6174 6827 		.string	"ath' '-fno-trapv' '-fno-openmp' '-fno-openacc' '-mn-flash=1' '-mno-skip-bug' '-mmcu=avr5'
 405      2027 2D66 
 405      6E6F 2D74 
 405      7261 7076 
 405      2720 272D 
 406               		.text
 407               		.comm	__gnu_lto_v1,1,1
 408               		.comm	__gnu_lto_slim,1,1
 409               		.ident	"GCC: (GNU) 7.4.0"
DEFINED SYMBOLS
                            *ABS*:0000000000000000 Endpoint_AVR8.c
/var/tmp//cc7Xd9gM.s:2      *ABS*:000000000000003e __SP_H__
/var/tmp//cc7Xd9gM.s:3      *ABS*:000000000000003d __SP_L__
/var/tmp//cc7Xd9gM.s:4      *ABS*:000000000000003f __SREG__
/var/tmp//cc7Xd9gM.s:5      *ABS*:0000000000000000 __tmp_reg__
/var/tmp//cc7Xd9gM.s:6      *ABS*:0000000000000001 __zero_reg__
                            *COM*:0000000000000001 __gnu_lto_v1
                            *COM*:0000000000000001 __gnu_lto_slim

NO UNDEFINED SYMBOLS
