   1               		.file	"USBInterrupt_AVR8.c"
   2               	__SP_H__ = 0x3e
   3               	__SP_L__ = 0x3d
   4               	__SREG__ = 0x3f
   5               	__tmp_reg__ = 0
   6               	__zero_reg__ = 1
   7               		.section	.gnu.lto_.profile.f8b69cbab332a861,"",@progbits
   8 0000 789C 6363 		.ascii	"x\234cc```\003bF\206'\2143\030\001\005h\001\214"
   8      6060 6003 
   8      6246 8627 
   8      8C33 1801 
   8      0568 018C 
   9               		.text
  10               		.section	.gnu.lto_.icf.f8b69cbab332a861,"",@progbits
  11 0000 789C 6363 		.string	"x\234cc``\220d@"
  11      6060 9064 
  11      4000 
  12 000a 1686 EDEF 		.string	"\026\206\355\357\226\\ee\274y\372<?\323\225/\247\2561\261\336\370\273g&#\003"
  12      965C 6565 
  12      BC79 FA3C 
  12      3FD3 952F 
  12      A7AE 31B1 
  13 0026 A37B 0C66 		.ascii	"\243{\ff"
  14               		.text
  15               		.section	.gnu.lto_.jmpfuncs.f8b69cbab332a861,"",@progbits
  16 0000 789C 6363 		.string	"x\234cc``(f@"
  16      6060 2866 
  16      4000 
  17 000a 1620 6664 		.string	"\026 fd``\002Rl\214S\230\031\247\265\036:\317\336\315<\207\031(\312\270\231Q\206\201\361"
  17      6060 0252 
  17      6C8C 5398 
  17      19A7 B51E 
  17      3ACF DECD 
  18 002a 2323 0308 		.string	"##\003\b3\200\244\327\277\331\371\223\027$\r\024`\334\202!}\364\377\367\003\374\020i&\306
  18      3380 A4D7 
  18      BFD9 F993 
  18      1724 0D14 
  18      60DC 8221 
  19 0053 6166 1683 		.ascii	"af\026\203"
  20               		.text
  21               		.section	.gnu.lto_.inline.f8b69cbab332a861,"",@progbits
  22 0000 789C 6363 		.string	"x\234cc``\250c@"
  22      6060 A863 
  22      4000 
  23 000a 1606 0676 		.string	"\026\006\006v6F\006&\216\003v\fl\013\344\231@b\214\f\254,@!\226\005\362p!&\206\177\fGA\36
  23      3646 0626 
  23      8E03 760C 
  23      6C0B E499 
  23      4062 8C0C 
  24 004e 00        		.string	""
  25 004f 7895 0BBF 		.ascii	"x\225\013\277"
  26               		.text
  27               		.section	.gnu.lto_.pureconst.f8b69cbab332a861,"",@progbits
  28 0000 789C 6363 		.string	"x\234cc``\340\002b\026\006)F)&)\326]\214"
  28      6060 E002 
  28      6216 0629 
  28      4629 2629 
  28      D65D 8C00 
  29 0014 049B 0126 		.ascii	"\004\233\001&"
  30               		.text
  31               		.section	.gnu.lto_USB_INT_DisableAllInterrupts.f8b69cbab332a861,"",@progbits
  32 0000 789C 7D90 		.string	"x\234}\220;H\003A\020\206\347\337\325S\324t6\242\210\205M\032\257\261\bvQ\021\004+E[Q\211
  32      3B48 0341 
  32      1086 E7DF 
  32      D553 D474 
  32      36A2 8885 
  33 0064 2A30 2B41 		.string	"*0+AA\201 VeT\"\265\364v!\334;&\233\275\031\2533wm\304%\321\006\2732$\340&\226e\216\013\3
  33      4181 2056 
  33      6554 22B5 
  33      F476 21DC 
  33      3B26 9BBD 
  34 011e 5695 225C 		.string	"V\225\"\\\376\022\256\230\360\367K<\005\\s%\213Y\353\265\27283e\313\234\347q\b\"\317\230\
  34      FE12 AE98 
  34      F0F7 4B3C 
  34      055C 7325 
  34      8B59 EBB5 
  35 016d 36A8 8F75 		.ascii	"6\250\217u"
  36               		.text
  37               		.section	.gnu.lto_USB_INT_ClearAllInterrupts.f8b69cbab332a861,"",@progbits
  38 0000 789C 6363 		.string	"x\234cc``Ped`\260\002\322\322@\314\310\314\300\3104\341\034\003C#\007\023##\210\321\300\3
  38      6060 5065 
  38      6460 B002 
  38      D2D2 40CC 
  38      C8CC C0C8 
  39 0075 A581 7634 		.string	"\245\201v4\034`\350df\002\261\232\0170\274b<\364\345\305_#\220&\240A\323Z\017\235g\357f\2
  39      1C60 E864 
  39      6602 B19A 
  39      0F30 BC62 
  39      3CF4 E5C5 
  40 00d0 65C0 16CC 		.string	"e\300\026\314\\\314\006\265\341\312\307\245{\030!F>\004\251?\364~m?;\212\221;\341F\356\00
  40      5CCC 06B5 
  40      E1CA C7A5 
  40      7B18 2146 
  40      3E04 A93F 
  41 013d AE8C 76AA 		.ascii	"\256\214v\252"
  42               		.text
  43               		.section	.gnu.lto___vector_10.f8b69cbab332a861,"",@progbits
  44 0000 789C A55A 		.ascii	"x\234\245ZkTU\325\026\336k\255\363\200\303K\361\t\036\315JK\315"
  44      6B54 55D5 
  44      16DE 6BAD 
  44      F380 C34B 
  44      F109 1ECD 
  45 0017 D4CC CACC 		.ascii	"\324\314\312\314\314W\226f\326\270\335\372{\207\031\215\034y"
  45      CC57 9666 
  45      D6B8 DDFA 
  45      7B87 198D 
  45      1C79 
  46 0029 B581 D618 		.ascii	"\265\201\326\030\335?\036y\210\202\211\225\242\036A\271\231W"
  46      DD3F 1E79 
  46      8882 8995 
  46      A21E 41B9 
  46      9957 
  47 003b BCF8 CC27 		.ascii	"\274\370\314'>\217(Z>P\021\025\324\004Q\020\021y(*(\342\235s"
  47      3E8F 285A 
  47      3E50 1115 
  47      D404 5110 
  47      1179 282A 
  48 0053 AD7D F659 		.ascii	"\255}\366Y\373<\366Mh\214fg\357=\347Z\363\373\346Zs\316\265\310"
  48      FB3C F64D 
  48      688C 6667 
  48      EF3D E75A 
  48      F3FB E65A 
  49 006b A228 4A4D 		.ascii	"\242(JMoEYE\024\345G\370\227<\243\020\272(_Q\346\004Q\312\346"
  49      6F45 5945 
  49      14E5 47F8 
  49      973C A310 
  49      BA28 5F51 
  50 0084 BDA8 386C 		.ascii	"\275\2508lf\224\241\214\232\256G\341\323\372!\360d\"f\241d\246"
  50      6694 A18C 
  50      9AAE 47E1 
  50      D3FA 21F0 
  50      6422 66A1 
  51 009a 16AE 14CA 		.ascii	"\026\256\024\312\225,\324*=Yi\020*\333B\32004\210\004\013\223"
  51      952C D42A 
  51      3D59 6910 
  51      2ADB 42D0 
  51      3034 8804 
  52 00b0 60DA 635B 		.ascii	"`\332c[\256\002\357m\227C\340}\017\361~\224\215\204\212\357!"
  52      AE02 EF6D 
  52      9743 E07D 
  52      0FF1 7E94 
  52      8D84 8AEF 
  53 00c5 EE1F A134 		.ascii	"\356\037\2414\214\217\026\301G\013\243\341\334\201\b\356@8\211"
  53      8C8F 16C1 
  53      470B A3E1 
  53      DC81 08EE 
  53      4038 89
  54 00d8 104A 11B4 		.ascii	"\020J\021\264\035W\212\342J\355h{\351\251=\211\024J\221\264\273"
  54      1D57 8AE2 
  54      4AED 687B 
  54      E9A9 3D89 
  54      144A 91B4 
  55 00ed 98B2 039F 		.ascii	"\230\262\003\237\262\273x?\252\003\355\310\265;q\355\216\244"
  55      B2BB 783F 
  55      AA03 EDC8 
  55      B53B 71ED 
  55      8EA4 
  56 00ff ABD0 EE44 		.ascii	"\253\320\356D\273,\262\303\353\316\216\301\360\2723\351\"^wq"
  56      BB2C B2C3 
  56      EBCE 8EC1 
  56      F0BA 33E9 
  56      225E 7771 
  57 0113 7FEF 4AA2 		.ascii	"\177\357J\242\304\217(\032\275\254\037(\332\033\237\007\305h"
  57      C48F 281A 
  57      BDAC 1F28 
  57      DA1B 9F07 
  57      C568 
  58 0125 DAED 349A 		.ascii	"\332\3554\232\331]\257\300S7b\027JvB\360\207#\210(\263)3\231"
  58      D95D AFC0 
  58      5337 6217 
  58      4A76 42F0 
  58      8723 8828 
  59 013d 2DD6 A0E0 		.ascii	"-\326\240\340\036\266\220\320\260\360\210v\355#\273w\350\330"
  59      1EB6 90D0 
  59      B0F0 8876 
  59      ED23 BB77 
  59      E8D8 
  60 014f A973 97AE 		.ascii	"\251s\227\256Q\321\335\354d\266)XQ\377\211t\377\230\275\200-"
  60      51D1 DDEC 
  60      64B6 2958 
  60      51FF 8974 
  60      FF98 BD80 
  61 0164 6624 37A9 		.ascii	"f$7\251\"\207\366]\353\200\177\\Kw[\3468\022\273\2463EIcB\211"
  61      2287 F65D 
  61      EB80 7F5C 
  61      4B77 5BE6 
  61      3812 BBA6 
  62 017e 6C25 7D15 		.ascii	"l%}\025P+\333\322\262$\314b\022\357\3116bQ \242\312\246\002\263"
  62      502B DBD2 
  62      B224 CC62 
  62      12EF C936 
  62      6251 20A2 
  63 0196 CBD1 F224 		.ascii	"\313\321\362$\311\341\272\023u\354\027\372%Q\322\031\241 h\024"
  63      C9E1 BA13 
  63      75EC 17FA 
  63      2551 D219 
  63      A120 6814 
  64 01aa FE8A 46D1 		.ascii	"\376\212F\321\r\205\035Ew\024=P<\203\242'\212gQ<\207\342y\024"
  64      0D85 1D45 
  64      7714 3D50 
  64      3C83 A227 
  64      8A67 513C 
  65 01c2 BD50 F446 		.ascii	"\275P\364F\361\002\212\027Q\364A\321\027E?\024/\241\350\217\342"
  65      F102 8A17 
  65      51F4 41D1 
  65      1745 3F14 
  65      2FA1 E88F 
  66 01d7 6514 0350 		.ascii	"e\024\003P\fD1\b\305+(\006\243x\025\305\020\024\257\241x\035"
  66      0C44 3108 
  66      C52B 2806 
  66      A378 15C5 
  66      1014 AFA1 
  67 01ed C51B 2886 		.ascii	"\305\033(\206\242x\023\3050\024o\241\030\216\342m\024#P\274\203"
  67      A278 13C5 
  67      3014 6FA1 
  67      188E E26D 
  67      1423 50BC 
  68 0202 6224 8A51 		.ascii	"b$\212Q(F\203`c\360\327X\024\357\242\030\207\342=\024\357\243"
  68      2846 8360 
  68      63F0 D758 
  68      14EF A218 
  68      87E2 3D14 
  69 0218 188F 6202 		.ascii	"\030\217b\002\212\017PLD\361!\212I(>B\3611\nE\231\007\f\326\r"
  69      8A0F 504C 
  69      44F1 218A 
  69      4928 3E42 
  69      F131 0A45 
  70 0231 70B8 94F9 		.ascii	"p\270\224\371\214\302\217x\227R\001\224\001\305\025G\263\252"
  70      8CC2 8F78 
  70      9752 0194 
  70      01C5 1547 
  70      B3AA 
  71 0243 2CEC 2D82 		.ascii	",\354-\202\277\037,*\377\262\367j\307\2428\207\253**\301\341"
  71      BF1F 2C2A 
  71      FFB2 F76A 
  71      C7A2 3887 
  71      AB2A 2AC1 
  72 0258 9AD3 339D 		.ascii	"\232\3233\235\231\310v\302\200\177\362\252\235\f\262\213\350"
  72      99C8 76C2 
  72      807F F2AA 
  72      9D0C B28B 
  72      E8
  73 0269 EC20 BD41 		.ascii	"\354 \275A\273\345\326\325[a)\fU\314d'\220]Er\233\223K\266\324"
  73      BBE5 D6D5 
  73      5B61 290C 
  73      55CC 6427 
  73      905D 4572 
  74 0282 158F D042 		.ascii	"\025\217\320B\227 \"\\`\261\240\021\017a\032#rh\311.b!9\030Y"
  74      9720 225C 
  74      60B1 A011 
  74      0F61 1A23 
  74      7268 C92E 
  75 029b 104E 1605 		.ascii	"\020N\026\005\237\322\022sOYq`3\327,\254_\263\227\210\307\253"
  75      9FD2 1273 
  75      4F59 7160 
  75      33D7 2CAC 
  75      5FB3 9788 
  76 02b1 04D7 4EED 		.ascii	"\004\327N\355\206Tk&Y9'\201@\310\311\036b'\273av\205\354%\231"
  76      8654 6B26 
  76      5939 2781 
  76      40C8 C91E 
  76      6227 BB61 
  77 02ca 049C 886F 		.ascii	"\004\234\210o\266(N\026-\306:\223"
  77      B628 4E16 
  77      2DC6 3A93 
  78 02d6 B039 9DA1 		.string	"\2609\235\2411!&\262\017\324*H\\Ot\203\373\243\224\223\204K\207\372\3433X\200\372\246\352
  78      3121 26B2 
  78      0FD4 2A48 
  78      5C4F 7483 
  78      FBA3 9493 
  79 03d7 CE04 86C7 		.ascii	"\316\004\206\307\310l\330\203V\316\242Y\267\367$\002k\226S\203"
  79      C86C D883 
  79      56CE A259 
  79      B7F7 2402 
  79      6B96 5383 
  80 03eb 0D77 9C6F 		.ascii	"\rw\234o8m_\230`q\236\220VD\221\317\206k\200\rw<\300\206;\t\216"
  80      386D 5F98 
  80      6071 9E90 
  80      5644 91CF 
  80      866B 800D 
  81 0406 E723 C5F9 		.ascii	"\347#\305\371\310\3123\360i\355\326\344T\263XE\027q\025=J=\271"
  81      C8CA 33F0 
  81      69ED D6E4 
  81      54B3 5845 
  81      1771 153D 
  82 041d D0E4 E1E0 		.ascii	"\320\344\341\340\224\306\301iy\025\365\024\306\333\016\037\235"
  82      94C6 C169 
  82      7915 F514 
  82      C6DB 0E1F 
  82      9D
  83 042e 1B24 B60C 		.ascii	"\033$\266\f!g\344\035v\334{\207\365\224\326\223E\336R\005m\332"
  83      2167 E41D 
  83      76DC 7B87 
  83      F594 D693 
  83      45DE 5205 
  84 0444 52E7 5744 		.ascii	"R\347WD\233IA\200-u\026\034)D\264\205\270\240\250XP\240,\023"
  84      9B49 4180 
  84      2D75 161C 
  84      2944 B485 
  84      B8A0 A858 
  85 045c 78FA D808 		.ascii	"x\372\330\b\374\354d\317\202\345\306\355W\235\241\202\214\"$"
  85      FCEC 64CF 
  85      82E5 C6ED 
  85      579D A182 
  85      8C22 24
  86 046f E374 E2D6 		.ascii	"\343t\342\326^\036.\316i\\\234\227\271x\016l\335\340KSv\257\356"
  86      5E1E 2ECE 
  86      695C 9C97 
  86      B978 0E6C 
  86      DDE0 4B53 
  87 0486 C209 28D0 		.ascii	"\302\t(\320\b(Tw\324s\022\003V\345r\210\306\300\305\205ma\240"
  87      0828 5477 
  87      D473 1203 
  87      56E5 7288 
  87      C6C0 C585 
  88 049d 6285 855C 		.ascii	"b\205\205\\\b\260\243\212\300\221b$\240\030\t`\202\200\013z\002"
  88      08B0 A38A 
  88      C091 6224 
  88      A018 0960 
  88      8280 0B7A 
  89 04b2 EA76 0FC7 		.ascii	"\352v\017\307\317N\326\333(\372\027\245\035\305\265_\020\006"
  89      CF4E D6DB 
  89      28FA 17A5 
  89      1DC5 B55F 
  89      1006 
  90 04c4 9752 CE2F 		.ascii	"\227R\316/\016\023;\252\205\220K\236\035U\314wT\300\361.\363"
  90      0E13 3BAA 
  90      8590 4B9E 
  90      1D55 CC77 
  90      54C0 F12E 
  91 04d9 1DF5 82E0 		.ascii	"\035\365\202\340l\257\330Q\210BxU{\246h\243\317\272n\266XU\220"
  91      6CAF D851 
  91      8842 7855 
  91      7BA6 68A3 
  91      CFBA 6EB6 
  92 04f0 661D C83F 		.ascii	"f\035\310?\301\364\n\202\274\202~=\017\237\356\336-\313V\303"
  92      C1F4 0A82 
  92      BC82 7E3D 
  92      0F9F EEDE 
  92      2DCB 56C3 
  93 0504 588C 613C 		.ascii	"X\214a<\021w\317a\361xQ\242yQ*\307\261\027\030\3638\362\250\r"
  93      1177 CF61 
  93      F178 51A2 
  93      7951 2AC7 
  93      B117 18F3 
  94 051c 1141 EB25 		.ascii	"\021A\353%\005-H\271\215i\020<lh\\\230x2\217y{\270\330jV=\264"
  94      052D 48B9 
  94      8D69 103C 
  94      6C68 5C98 
  94      7832 8F79 
  95 0537 E83C BC0A 		.ascii	"\350<\274\n\036\226\241\207e\234\224\315\253\367\357\217\020"
  95      1E96 A187 
  95      659C 94CD 
  95      ABF7 EF8F 
  95      10
  96 0548 EEFD 817A 		.ascii	"\356\375\201z+\357\245\035\b\365\270wMs\357:\270\007\337\367"
  96      2BEF A51D 
  96      08F5 B877 
  96      4D73 EF3A 
  96      B807 DFF7 
  97 055c DC6D 3E4E 		.ascii	"\334m>N\005\307\355H\271\240\030<\310\003\017\324\021\003\216"
  97      05C7 ED48 
  97      B9A0 183C 
  97      C803 0FD4 
  97      1103 8E
  98 056f 5021 4658 		.ascii	"P!FXrr_\021\023#D\222\033\034\320|\026\254\254\037\"\3404'?\336"
  98      7272 5F11 
  98      1323 4492 
  98      1B1C D07C 
  98      16AC AC1F 
  99 0589 FEBD 1798 		.ascii	"\376\275\027\230\237\323\334l[uX*\001\313M\304r\023\351y\321"
  99      9FD3 DC6C 
  99      5B75 582A 
  99      01CB 4DC4 
  99      7213 E979 
 100 059e 68F2 2A99 		.ascii	"h\362*\231\335>\240\354f\367\342\241\313D\320\333G\243w\036\244"
 100      DD3E A0EC 
 100      66F7 E2A1 
 100      CB44 D0DB 
 100      47A3 771E 
 101 05b3 D703 FDC9 		.ascii	"\327\003\375\311|f\363\260\\\231\037\037\202z\372\324j\316\304"
 101      7C66 F3B0 
 101      5C99 1F1F 
 101      827A FAD4 
 101      6ACE C4
 102 05c6 D40A EF6A 		.ascii	"\324\n\357j\356\235\333\030\206\023;\370\304\267\310lu\342j\201"
 102      EE9D DB18 
 102      8613 3BF8 
 102      C4B7 C86C 
 102      75E2 6A81 
 103 05da 7A7B D289 		.ascii	"z{\322\211-6\201\232\220\333\360\005\263\365\201\205&\377\351"
 103      2D36 819A 
 103      90DB F005 
 103      B3F5 8185 
 103      26FF E9
 104 05ed 3A08 0C6B 		.ascii	":\b\fk\244t\035\242\3242-\332y\205\276\321\336e\265\250\f\005"
 104      A474 1DA2 
 104      D432 2DDA 
 104      7985 BED1 
 104      DE65 B5A8 
 105 0603 EB18 AA05 		.ascii	"\353\030\252\005\206\352\220\241:\343\330\324\013/\265\314N!"
 105      86EA 90A1 
 105      3AE3 D8D4 
 105      0B2F B5CC 
 105      4E21 
 106 0615 B3DF 51A3 		.ascii	"\263\337Q\243[y\345i\220\337\325\2207\300\230|\020\204\372$\020"
 106      5B79 E569 
 106      90DF D590 
 106      37C0 987C 
 106      1084 FA24 
 107 062a 541B 68DE 		.ascii	"T\033h\336\223\240\206\266\2562\335\347\225i~\372\362l\2652\201"
 107      93A0 86B6 
 107      AE32 DDE7 
 107      9569 7EFA 
 107      F26C B532 
 108 063f AD94 587D 		.ascii	"\255\224X}[\301\"\253\005\215\374V\246F`\255\tYk\302u"
 108      5BC1 22AB 
 108      058D FC56 
 108      A646 60AD 
 108      0959 6BC2 
 109 0654 D1D7 A81A 		.string	"\321\327\250\032?\224\327U?P\326\227\236\373\336\245\247\237\264\207\303\344\322s\277M\24
 109      3F94 D755 
 109      3F50 D697 
 109      9EFB DEA5 
 109      A79F B487 
 110 0755 B200      		.string	"\262"
 111 0757 812C 40B7 		.string	"\201,@\267^6h\225~\320p\360\t\204\301"
 111      5E36 6895 
 111      7ED0 70F0 
 111      0984 C100 
 112 0767 6153 7FD2 		.ascii	"aS\177\322y-\\\340\350I\026zp,\3408\002\215\230\312a\f\340y2"
 112      792D 5CE0 
 112      E849 167A 
 112      702C E038 
 112      028D 98CA 
 113 0780 6B5D 88B7 		.ascii	"k]\210\267\313\215Z\021\326\247\345E\340\362\217\350\362\217"
 113      CB8D 5A11 
 113      D6A7 E545 
 113      E0F2 8FE8 
 113      F28F 
 114 0792 D430 2DFF 		.ascii	"\3240-\377D\325\024\312\363pr\271\355\257\347\341\237\251;\017"
 114      44D5 14CA 
 114      F370 72B9 
 114      EDAF E7E1 
 114      9FA9 3B0F 
 115 07a6 2FA6 3CB7 		.ascii	"/\246<\267k\307d\n\307\344%T\244\345M\3308\373K\313\341`\230"
 115      6BC7 640A 
 115      C7E4 2554 
 115      A4E5 4DD8 
 115      38FB 4BCB 
 116 07bd 463D 6939 		.ascii	"F=i9\242uiy)\355\255[\242\276yx\245\315\202"
 116      A275 6979 
 116      29ED AD5B 
 116      A2BE 7978 
 116      A5CD 82
 117 07d0 5A7E F3F0 		.string	"Z~\363\3602\240i9\322\264\034\003\365\252Q\036vR)3\r\001e\276\026\265<\2143\350\362\360\0
 117      32A0 6939 
 117      D2B4 1C03 
 117      F5AA 511E 
 117      7652 2933 
 118 0842 4326 62C8 		.ascii	"C&b\3104^\271\377\306\225\353\325\037\376\037\223_\320\304\335"
 118      345E B9FF 
 118      C695 EBD5 
 118      1FFE 1F93 
 118      5FD0 C4DD 
 119 0856 1046 2A8B 		.ascii	"\020F*\213\362\225\300\035\341\322]\266\356~[\302\325\340\337"
 119      F295 C01D 
 119      E1D2 5DB6 
 119      EE7E 5BC2 
 119      D5E0 DF
 120 0869 AFE8 DFAF 		.ascii	"\257\350\337\257H\342\033F\363\255\221I\034\n\312\236\226\260"
 120      48E2 1B46 
 120      F3AD 9149 
 120      1C0A CA9E 
 120      96B0 
 121 087b 506D 0987 		.ascii	"Pm\t\207J-awe[\256\002=a\007\215:\314S\225\225>yj\277\315\235"
 121      4A2D 6177 
 121      655B AE02 
 121      3D61 078D 
 121      3ACC 5395 
 122 0896 A722 74AE 		.ascii	"\247\"t\256\375\007\\[\213\256\255E\327\3361\310*YZ\321\341\023"
 122      FD07 5C5B 
 122      8BAE AD45 
 122      D7DE 31C8 
 122      2A59 5AD1 
 123 08ac 0883 91C2 		.ascii	"\b\203\221\302\346VA\231K\2756(!d\235'Q\2555LT\377\345\211j\244"
 123      E656 4199 
 123      4BBD 3628 
 123      2164 9D27 
 123      51AD 354C 
 124 08c6 5823 AB62 		.ascii	"X#\253b\236\266\362d{\355\343\275>\245\246\300\306P\313\357\321"
 124      9EB6 F264 
 124      7BED E3BD 
 124      3EA5 A6C0 
 124      C650 CBEF 
 125 08db 6F3D 20DF 		.ascii	"o= \337\200\3107 \220\267\215\366\361F\r:\237EX\214\020F\277"
 125      80C8 3720 
 125      90B7 8DF6 
 125      F146 0D3A 
 125      9F45 588C 
 126 08f2 1CCB C855 		.ascii	"\034\313\310U{\350ZB6y\240o\240\2067&\2339\366\021\352-\023\307"
 126      7BE8 5A42 
 126      3679 A06F 
 126      A086 3726 
 126      9B39 F611 
 127 090a CE5D 6D55 		.ascii	"\316]mU\r\336\242g\242t\275\017\023\347\201\211-\324\177c\362"
 127      0DDE A267 
 127      A274 BD0F 
 127      13E7 8189 
 127      2DD4 7F63 
 128 091f 1B30 B115 		.ascii	"\0330\261\025\231\330\212\270\3362\332\343\333$&`\026a1\034\214"
 128      99D8 8AB8 
 128      DE32 DAE3 
 128      DB24 2660 
 128      1661 311C 
 129 0934 64E4 5B8D 		.ascii	"d\344[\215\253\354v\216|\270zW$\220oi-\362\035T\327?\025\371"
 129      ABEC 768E 
 129      7CB8 7A57 
 129      2490 6F69 
 129      2DF2 1D54 
 130 094c B61B 4580 		.ascii	"\266\033E\200|G\200vc' \337\205\310w!\2167\215\274\316\221\332"
 130      7C47 8076 
 130      6327 20DF 
 130      85C8 7721 
 130      8E37 8DBC 
 131 0963 0D98 4558 		.ascii	"\r\230EX\f\003#\276AU\344\273\214\221\357\346\310\207\t\344\353"
 131      0C03 23BE 
 131      4155 E4BB 
 131      8C91 EFE6 
 131      C887 09E4 
 132 0978 05F2 1DA2 		.ascii	"\005\362\035\242\277\210K\273\271\261\\\335\340\272CO\020\361"
 132      BF88 4BBB 
 132      B9B1 5CDD 
 132      E0BA 434F 
 132      10F1 
 133 098a AA83 4199 		.ascii	"\252\203A\231x\022\303\022\031_\377S8L\003\223\004\223\275PY"
 133      7812 C312 
 133      195F FF53 
 133      384C 0393 
 133      0493 BD50 
 134 099f F750 9C64 		.ascii	"\367P\234d\037:*\237\320u\303\005\343\325"
 134      1F3A 2A9F 
 134      D075 C305 
 134      E3D5 
 135 09ad 2D75 67DC 		.string	"-ug\334\216J\215\331}\224\334\264\346)\016T\007\264B\356\022\205\374`\351o\365j\0060\221\
 135      8E4A 8DD9 
 135      7D94 DCB4 
 135      E629 0E54 
 135      07B4 42EE 
 136 0aae 7467 11DD 		.string	"tg\021\335Y\354\210\202EG\004\3122au\320\021\235E\360\357\032\355\367B\031\3748Pv\243-M9\
 136      59EC 8882 
 136      4547 04CA 
 136      3261 75D0 
 136      119D 45F0 
 137 0ba0 F90D 447E 		.string	"\371\rD~\003q|`\264\017+%\344x\303\302-&\202\221\214\374\206q\355\276\311\221O\024\310/\n
 137      0371 7C60 
 137      B40F 2B25 
 137      E478 C3C2 
 137      2D26 8291 
 138 0bce 7955 80AE 		.string	"yU\200\256\345\026 \257F\344\325\210c\274\221\327\267\275.I\270\305\0040\222oE\252\215\22
 138      E516 20AF 
 138      46E4 D588 
 138      63BC 91D7 
 138      B7BD 2E49 
 139 0c83 69E2 636B 		.string	"i\342ck\227\363&B\310C\265nlZ\273;?\334{\255\354\206\265\0026\350\023'\241N[7\2218\361\33
 139      97F3 2642 
 139      C843 B56E 
 139      6C5A BB3B 
 139      3FDC 7BAD 
 140 0d74 79F9 1228 		.string	"y\371\022(RI\314\236\016\347w\276\021\377\024\033\261N\336\210\030}\351\351\276\356\251I\
 140      5249 CC9E 
 140      0EE7 77BE 
 140      11FF 141B 
 140      B14E DE88 
 141 0e64 D240 6366 		.ascii	"\322@cfL\237\025;c\332\264\230X\367H\023Z3\222\373\277cc\276"
 141      4C9F 153B 
 141      63DA B498 
 141      58F7 4813 
 141      5A33 92FB 
 142 0e7c 9B3A 25C6 		.ascii	"\233:%\306=\224u\324\027_\304\306\314\234i\372\373\367\337\304"
 142      3D94 75D4 
 142      175F C4C6 
 142      CC9C 69FA 
 142      FBF7 DFC4 
 143 0e90 983E 99FA 		.ascii	"\230>\231\372\257\030\363\350\311\323\277\2369\261-S\274;\375"
 143      AF18 F3E8 
 143      C9D3 BF9E 
 143      39B1 2D53 
 143      BC3B FD
 144 0ea3 8B6F 664C 		.ascii	"\213ofL\235\256!\267L\372\366\237\237\307\304\232G\177?+f\246"
 144      9DAE 21B7 
 144      4CFA F69F 
 144      9FC7 C49A 
 144      477F 3F2B 
 145 0eb9 F5C3 C933 		.ascii	"\365\303\3113\277\376l\3624\333\230\257b\246|\315_\375\017\201"
 145      BFFE 6CF2 
 145      34DB 98AF 
 145      62A6 7CCD 
 145      5FFD 0F81 
 146 0ecd 70C0 09   		.ascii	"p\300\t"
 147               		.text
 148               		.section	.gnu.lto___vector_11.f8b69cbab332a861,"",@progbits
 149 0000 789C 9555 		.string	"x\234\225U]LTW\020>s\317\275w\027\330\005C|h\233}\3204<\350\003\333\244} i\323\226\33265\
 149      5D4C 5457 
 149      103E 73CF 
 149      BD77 17D8 
 149      0543 7C68 
 150 009f FF82 4347 		.string	"\377\202CG\351\204_\331t\302\300\217y\304\233\\h\354\177\312\307\031\253\304\177\372\300\
 150      E984 5FD9 
 150      74C2 C08F 
 150      79C4 9B5C 
 150      68EC 7FCA 
 151 0189 8AEE 970A 		.string	"\212\356\227\n"
 151      00
 152 018e 3261 1CE6 		.string	"2a\034\346Dg\361\234\347\252&=\361\350\3044\247\276\371\313L\242\264\034\222\240\005\023\
 152      4467 F19C 
 152      E7AA 263D 
 152      F1E8 C434 
 152      A7BE F9CB 
 153 01ec 68C7 6D41 		.string	"h\307mA(\ttv\265^\007Y\300\206{\032\246\375\377\332\345\036\006\035 g_\3069\253\332\\LSP\
 153      2809 7476 
 153      B55E 0759 
 153      C086 7B1A 
 153      A6FD FFDA 
 154 02c9 04AA AF6E 		.string	"\004\252\257nrF\227\022\272G\022\272\\\352\277\026!\241\013a~\027C\022\362\210\2522\203E&
 154      7246 9712 
 154      BA47 12BA 
 154      5CEA BF16 
 154      21A1 0B61 
 155 03b6 8F91 2CD5 		.string	"\217\221,\325\265D7\276$\344Y\217\250\"#4\031\344m\376\247O\223\347\235\025n<\322\361\330
 155      B544 37BE 
 155      24E4 598F 
 155      A822 2334 
 155      19E4 6DFE 
 156 0431 4C81 43A9 		.string	"L\201C\251\2362\346[x\344a\214\247\037\334\001\007^mex/\343\355\201/EZV\346\207\316\254\2
 156      9E32 E65B 
 156      78E4 618C 
 156      A71F DC01 
 156      075E 6D65 
 157 04c5 66C9 7665 		.ascii	"f\311ve\347\272?bj\236+\223\375\007\266\217-\006"
 157      E7BA 3F62 
 157      6A9E 2B93 
 157      FD07 B68F 
 157      2D06 
 158               		.text
 159               		.section	.gnu.lto_.symbol_nodes.f8b69cbab332a861,"",@progbits
 160 0000 789C 55CB 		.ascii	"x\234U\313;\016\001Q\024\207\361\357\236kf<\327@\324\026\240"
 160      3B0E 0151 
 160      1487 F1EF 
 160      9E6B 663C 
 160      D740 D416 
 161 0015 C3CA CE48 		.ascii	"\303\312\316H\246\323\250\325v\240\243U)D\343\375\226\211Gb\007"
 161      A6D3 A8D5 
 161      76A0 A355 
 161      2944 E3FD 
 161      9689 4762 
 162 002a 1A97 42DC 		.ascii	"\032\227B\334\346|\311/\377\023\002U\343\216\314Q\350N\371d\030"
 162      E67C C92F 
 162      FF13 0255 
 162      E38E CC51 
 162      E84E F964 
 163 003f B79C 2C50 		.ascii	"\267\234,P\343\313\022\225\237\264\235\004\033\250\270\357\340"
 163      E3CB 1295 
 163      9FB4 9D04 
 163      1BA8 B8EF 
 163      E0
 164 0050 80F9 5456 		.ascii	"\200\371TV\250\365\026\346\204f\276\002q\334tpF\003\017\216h"
 164      A8F5 16E6 
 164      8466 BE02 
 164      71DC 7470 
 164      4603 0F8E 
 165 0065 E8C1 1E8D 		.ascii	"\350\301\036\215<\330\241Y\017\266h\316\2035\232\367\340\202"
 165      3CD8 A159 
 165      0FB6 68CE 
 165      8335 9AF7 
 165      E082 
 166 0077 16FE C14A 		.ascii	"\026\376\301J\221\361\344*V\n\364\2277\327<Ion\254\344Hn\367"
 166      91F1 E42A 
 166      560A F497 
 166      37D7 3C49 
 166      6F6E ACE4 
 167 008e 9A95 2CE9 		.ascii	"\232\225,\351k\326\260\022\221\016\036u+!\311\3105(\221v\236"
 167      6BD6 B012 
 167      910E 1E75 
 167      2B21 C9C8 
 167      3528 9176 
 168 00a3 65DE B5F5 		.ascii	"e\336\265\365IR"
 168      4952 
 169               		.text
 170               		.section	.gnu.lto_.refs.f8b69cbab332a861,"",@progbits
 171 0000 789C 6363 		.string	"x\234cc``P\004b\016&Ff\035Ff}F\346\323\f\f,\357\031\030\231?\002\3617 \356ddd\351bd"
 171      6060 5004 
 171      620E 2646 
 171      661D 4666 
 171      7D46 E6D3 
 172 0028 00        		.string	""
 173 0029 553D 0564 		.ascii	"U=\005d"
 174               		.text
 175               		.section	.gnu.lto_.decls.f8b69cbab332a861,"",@progbits
 176 0000 789C A598 		.string	"x\234\245\230kPTG\026\200o\337\236\021\030^.1\211\025\211e\314\246\326\037YF7\331h\262I\2
 176      6B50 5447 
 176      1680 6FDF 
 176      9E11 185E 
 176      2E31 8915 
 177 00db 720F 2417 		.string	"r\017$\027\304\017d\024\310"
 177      C40F 6414 
 177      C800 
 178 00e5 483F C820 		.string	"H?\310 \310e\211\365\274\0243\017L-\210\016\261\030}\341\351\007\362<bq\217F,\007c\3409\0
 178      C865 89F5 
 178      BC14 330F 
 178      4C2D 880E 
 178      B118 7DE1 
 179 014f F91B 62BE 		.string	"\371\033b\276\316Gl\275\306>1\007\371\304c\224\025\321\276\317=\006#\177\035\032F\244\335
 179      CE47 6CBD 
 179      C63E 3107 
 179      F9C4 6394 
 179      15D1 BECF 
 180 01f1 297C 84A4 		.ascii	")|\204\244\007\242\302\332\2106\341\311\364\344.$\251q\362wI"
 180      07A2 C2DA 
 180      8836 E1C9 
 180      F4E4 2E24 
 180      A971 F277 
 181 0206 8BF5 F332 		.ascii	"\213\365\3632\216\376C\234D\033\226?\214,\251\330q\244\217\227"
 181      8EFE 439C 
 181      441B 963F 
 181      8C2C A9D8 
 181      71A4 8F97 
 182 021a 1780 D125 		.ascii	"\027\200\321%5\350\247\272*\002\343\252\246W\343\331\334\016"
 182      35E8 A7BA 
 182      2A02 E3AA 
 182      A657 E3D9 
 182      DC0E 
 183 022c C3EA 2091 		.ascii	"\303\352 \221\2642\345\3255\0271^\203\350\032\266\306d\265z\216"
 183      B432 E5D5 
 183      3517 315E 
 183      83E8 1AB6 
 183      C664 B57A 
 184 0241 4EA0 0B23 		.ascii	"N\240\013#\212#\021\372\354\005)\217\034*@\243\341\257Y\303\314"
 184      8A23 11FA 
 184      EC05 298F 
 184      1C2A 40A3 
 184      E1AF 59C3 
 185 0256 C277 5FBC 		.ascii	"\302w_\274\3519>ULm\025\013\313\016\274\331\036-\212k\300JC\324"
 185      E939 3E55 
 185      4C6D 150B 
 185      CB0E BCD9 
 185      1E2D 8A6B 
 186 026e D009 FB32 		.ascii	"\320\t\3732\236\2405\200\362Q\013L\177\022\215'3\212\261e>\370"
 186      9EA0 3580 
 186      F251 0B4C 
 186      7F12 8D27 
 186      338A B165 
 187 0284 329B F156 		.ascii	"2\233\361VK\236\350#q\352>\021\327\213dZ\3028eg\234R3\n)\243"
 187      4B9E E823 
 187      71EA 3E11 
 187      D78B 645A 
 187      C238 6567 
 188 029e 31A6 ABDC 		.ascii	"1\246\253\334\027\337g\214\204\357\363\263=\261\310\312p\323"
 188      17DF 678C 
 188      84EF F3B3 
 188      3DB1 C8CA 
 188      70D3 
 189 02b0 B5B3 B7B5 		.ascii	"\265\263\267\265\032\236C\305\324\nz\016\024'Vz\342ul\270\245"
 189      1A9E 43C5 
 189      D40A 7A0E 
 189      1427 567A 
 189      E275 6CB8 
 190 02c5 F7F6 2764 		.ascii	"\367\366'd\3644\214\242\022\244!}1\0073\nx\274\236)\\\334\232"
 190      F434 8CA2 
 190      12A4 217D 
 190      3107 330A 
 190      78BC 9E29 
 191 02dc 701C 118D 		.ascii	"p\034\021\2153D\243\224i<\330z\377\001/y\331\223\310G\210E\341"
 191      3344 A394 
 191      693C D87A 
 191      FF01 2F79 
 191      D993 C847 
 192 02f3 9020 9E3A 		.ascii	"\220 \236:Z$;\212\312\220\206\264\354\276\226S_\017n\256\331"
 192      5A24 3B8A 
 192      CA90 86B4 
 192      ECBE 9653 
 192      5F0F 6EAE 
 193 0308 E281 535C 		.ascii	"\342\201S\\\271\347\340Q%\233\317\321\211*\326\331}ko\262\207"
 193      B9E7 E051 
 193      259B CFD1 
 193      892A D6D9 
 193      7D6B 6FB2 
 194 031d E444 E7FB 		.ascii	"\344D\347\373\016>T(>\234\005\037*\324>TS\037R\326^\310\366\305"
 194      0E3E 5428 
 194      3E9C 051F 
 194      2AD4 3E54 
 194      531F 52D6 
 195 0335 19D2 4E3D 		.ascii	"\031\322N=\335v\222\200Za\225\353\033\336\2559\024/F\215\240"
 195      DD76 9280 
 195      5A61 95EB 
 195      1BDE AD39 
 195      142F 468D 
 196 034a 0B8C 6AEC 		.ascii	"\013\214j\354Y\257\221v/\252\245\204\204\344\244\365\236x\210"
 196      59AF 9176 
 196      2FAA A584 
 196      84E4 A4F5 
 196      9E78 88
 197 035d 116E 665E 		.ascii	"\021nf^\252\363\006\3778\272k\315\324\275\315mk\232G(}\347\231"
 197      AAF3 06FF 
 197      38BA 6BCD 
 197      D4BD CD6D 
 197      6B9A 4728 
 198 0374 CFDB 129A 		.ascii	"\317\333\022\232Z\335\224\316:\326Y]za\253\033\336\206\tJ\323"
 198      5ADD 94CE 
 198      3AD6 595D 
 198      7A61 AB1B 
 198      DE86 094A 
 199 0389 F6F0 763D 		.ascii	"\366\360v=F\036\376\b\366&\232\260\216n`1n$R6p\003l\340K\310"
 199      461E FE08 
 199      F626 9AB0 
 199      8E6E 6031 
 199      6E24 5236 
 200 03a3 0310 3F80 		.ascii	"\003\020?\200J=l\337m\242;\355\331&F\221j!_\367\312\307\016G"
 200      4A3D 6CDF 
 200      6DA2 3BED 
 200      D926 4691 
 200      6A21 5FF7 
 201 03bb 9AE8 A2E4 		.ascii	"\232\350\242\344;\313\360\245\242\372\037\264\352\252&*rY_\246"
 201      3BCB F0A5 
 201      A2FA 1FB4 
 201      EAAA 262A 
 201      7259 5FA6 
 202 03cf 657D 0149 		.ascii	"e}\001Iu]t\363\310iO)7%\335\357\356\210\026\327b\242\203\316"
 202      755D 74F3 
 202      C869 4F29 
 202      3725 DDEF 
 202      EE88 16D7 
 203 03e7 D933 734E 		.ascii	"\3313sN\316L#\315Lv\376\366\r\032|\233\206\203\2622\023N\273"
 203      CE4C 23CD 
 203      4C76 FEF6 
 203      0D1A 7C9B 
 203      8683 B232 
 204 03fe 49F6 171A 		.ascii	"I\366\027\032^\257\246\366$\263Mv\373&\331\276\231\332o\334\271"
 204      5EAF A6F6 
 204      24B3 4D76 
 204      FB26 D9BE 
 204      99DA 6FDC 
 205 0413 AF88 C711 		.ascii	"\257\210\307\021\032j_sl\353b\311\274rn\204X\214\250\361\025"
 205      1A6A 5F73 
 205      6CEB 62C9 
 205      BC72 6E84 
 205      588C A8F1 
 206 0428 BBF1 15D9 		.ascii	"\273\361\025\331\370*5.\350K>\252\303\311\314X\334\270;\307]"
 206      F82A 352E 
 206      E84B 3EAA 
 206      C3C9 CC58 
 206      DCB8 3BC7 
 207 043d B21E FC8B 		.ascii	"\262\036\374\213b\335b\267n\221\255[\251u^b\177\2427\316c\326"
 207      62DD 62B7 
 207      6E91 AD5B 
 207      A975 5E62 
 207      7FA2 37CE 
 208 0453 55C5 115D 		.ascii	"U\305\021]r\350\235o+\326?\332\255\177\224\255\333\250uj\354"
 208      72E8 9D6F 
 208      2BD6 3FDA 
 208      AD7F 94AD 
 208      DBA8 756A 
 209 0468 4FC3 DEF8 		.ascii	"O\303\336\370\002\263n\255.L\342\345\271?U\254\257\331\255\257"
 209      02B3 6EAD 
 209      2E4C E2E5 
 209      B93F 55AC 
 209      AFD9 ADAF 
 210 047c C9D6 EDD4 		.ascii	"\311\326\355\324zOfA6\217\3572\353\336\266G\315XN\333~\2745-"
 210      7A4F 6641 
 210      368F EF32 
 210      EBDE B647 
 210      CD58 4EDB 
 211 0494 BC70 22AB 		.ascii	"\274p\"\253\310\353v\300u\031p\203\002\3023r\3525\370\252\226"
 211      C8EB 76C0 
 211      7519 7083 
 211      02C2 3372 
 211      EA35 F8AA 
 212 04a9 0286 D656 		.ascii	"\002\206\326Vgh\311\371\277\346\327\275/\356}[\3663\377\332n"
 212      6768 C9F9 
 212      BFE6 D7BD 
 212      2FEE 7D5B 
 212      F633 FFDA 
 213 04be 710F E8F7 		.ascii	"q\017\350\367\027\340\364\322\215\253\305\037a7\335\2022\275"
 213      17E0 F4D2 
 213      8DAB C51F 
 213      6137 DD82 
 213      32BD 
 214 04d0 C9A6 544A 		.ascii	"\311\246TJ\344&\231\027u\240\327\300\256\255\367n\216\026g\217"
 214      E426 9917 
 214      75A0 D7C0 
 214      AEAD F76E 
 214      8E16 678F 
 215 04e4 A093 AED9 		.ascii	"\240\223\256\331W\030\347\005\220T\250\331\372\375\370\344\265"
 215      5718 E705 
 215      9054 A8D9 
 215      FAFD F8E4 
 215      B5
 216 04f5 6806 21B5 		.ascii	"h\006!\265\336\371\004\244\223B\272(\244t\270\277\320\027\336"
 216      DEF9 04A4 
 216      9342 BA28 
 216      A474 B8BF 
 216      D017 DE
 217 0508 A27E 3AC4 		.ascii	"\242~:\304C\263\256\367\354\016Oh\216\322\241\221\320\354\333"
 217      43B3 AEF7 
 217      EC0E 4F68 
 217      8ED2 A191 
 217      D0EC DB
 218 051b F238 C9D3 		.ascii	"\3628\311\323+\232\354\204s\242\250\035M}\272\r\256w#\002\352"
 218      2B9A EC84 
 218      73A2 A81D 
 218      4D7D BA0D 
 218      AE77 2302 
 219 0530 415E 3409 		.ascii	"A^4\t\360\214\307\370D\353\231K^H\307\266O\224T\342\366\3609"
 219      F08C C7F8 
 219      44EB 994B 
 219      5E48 C7B6 
 219      4F94 54E2 
 220 0547 7407 C18B 		.ascii	"t\007\301\213\024\365\302\360]\272u\210\316yD\273i\243\367\257"
 220      14F5 C2F0 
 220      5DBA 7588 
 220      CE79 44BB 
 220      69A3 F7AF 
 221 055b F43B F943 		.ascii	"\364;\371C\316\325\333iq^\352\271\311\022\330\347\356\223\346"
 221      CED5 DB69 
 221      715E EAB9 
 221      C912 D8E7 
 221      EE93 E6
 222 056e EE23 73A3 		.ascii	"\356#s\243\243\373z\223\274\325\312\271\016\216\336\223\224\357"
 222      A3FB 7A93 
 222      BCD5 CAB9 
 222      0E8E DE93 
 222      94EF 
 223 0580 51E5 B4C1 		.ascii	"Q\345\264\301\241^\fA.\201\233\3040V]%\226\260\253\304\311MM"
 223      A15E 0C41 
 223      2E81 9BC4 
 223      3056 5D25 
 223      96B0 ABC4 
 224 0597 3774 B896 		.ascii	"7t\270\226&\226/=\022\276\301\003\351&D)lN\001\243\207\260\242"
 224      2696 2F3D 
 224      12BE C103 
 224      E926 4429 
 224      6C4E 01A3 
 225 05ae 4BA4 15FD 		.ascii	"K\244\025\375\t:\357C\247|\227\030\237N\357\022\375\340\310\003"
 225      093A EF43 
 225      A77C 9718 
 225      9F4E EF12 
 225      FDE0 C803 
 226 05c2 7BE1 2CD1 		.ascii	"{\341,\321\261\315]\263\243v\205NbF\375\"\023\r\320\224td\345"
 226      B1CD 5DB3 
 226      A376 854E 
 226      6246 FD22 
 226      130D D094 
 227 05d9 56E9 D451 		.ascii	"V\351\324Q^vH\311\240\024\345 \215\262\344\372\376\006\rn`\345"
 227      5E76 48C9 
 227      A014 E520 
 227      8DB2 E4FA 
 227      FE06 0D6E 
 228 05ef B13F 3339 		.ascii	"\261?39\333\007w\263FLqI\0229\036\321#\371\340\177\332!\032\331"
 228      DB07 77B3 
 228      464C 7149 
 228      1239 1ED1 
 228      23F9 E07F 
 229 0607 14BE 0BE3 		.ascii	"\024\276\013\343Afr\370\233\272\343\324dX6\211~|\250\345\351"
 229      4166 72F8 
 229      9BBA E3D4 
 229      6458 3689 
 229      7E7C A8E5 
 230 061c 2719 1279 		.ascii	"'\031\022y\r\207\302yr\230\375,\037f\265\033b\033\310\236,\204"
 230      0D87 C279 
 230      7298 FD2C 
 230      1F66 B51B 
 230      621B C89E 
 231 0632 37C6 9D0E 		.ascii	"7\306\235\016<\330Q\265\232\354\260\251\345<\321DC\312[\3431"
 231      3CD8 51B5 
 231      9AEC B0A9 
 231      E53C D144 
 231      43CA 5BE3 
 232 0647 BC35 86D4 		.ascii	"\2745\206\324o\215\325<\331a\017z6\267\373\340\0327\027\001\f"
 232      6F8D D53C 
 232      D961 0F7A 
 232      36B7 FBE0 
 232      1A37 1701 
 233 065c EDAA 6EF0 		.ascii	"\355\252n\360\220\360ms\"\304\302pQ\334\251\243\3505\274\214"
 233      90F0 6D73 
 233      22C4 C270 
 233      51DC A9A3 
 233      E835 BC8C 
 234 0670 5ECB 6B48 		.ascii	"^\313kH\313\216\216\240\350\374\326\370\355\236\270\325\025\372"
 234      CB8E 8EA0 
 234      E8FC D6F8 
 234      ED9E B8D5 
 234      15FA 
 235 0682 69B9 79B8 		.ascii	"i\271y\270\346Q\002vq9\371\206\006\036\305K\201'7\334hs\223<"
 235      E651 0276 
 235      7139 F986 
 235      061E C54B 
 235      8127 37DC 
 236 069a 2B7E 47F1 		.ascii	"+~G\361\f\264P\244\342\331:\360,R\355Y4\365\254>\363X\213\016"
 236      0CB4 50A4 
 236      E2D9 3AF0 
 236      2C52 ED59 
 236      34F5 AC3E 
 237 06b2 F7B8 F2CC 		.ascii	"\367\270\362\314yQ\332\362*\272\320\323\027e\003Y\224X^}q:~,"
 237      7951 DAF2 
 237      2ABA D0D3 
 237      1765 0359 
 237      9458 5E7D 
 238 06ca 33D2 4772 		.ascii	"3\322Gr\2556J\333\021Q\243\254\t(\242\030\305\275\365\340^\214"
 238      AD36 4ADB 
 238      1151 A3AC 
 238      0928 A218 
 238      C5BD F5E0 
 239 06e0 DABD 8DD4 		.ascii	"\332\275\215\324\275+\347+o\273\343*w\027\356\025u\035|\250\223"
 239      BD2B E72B 
 239      6FBB E32A 
 239      7717 EE15 
 239      751D 7CA8 
 240 06f5 F067 2E8F 		.ascii	"\360g.\217\255\023\305\255\242\030\267\207\035\306q\n|\023\300"
 240      AD13 C5AD 
 240      A218 B787 
 240      1DC6 710A 
 240      7C13 C0
 241 0708 E3D4 F0FF 		.ascii	"\343\324\360\377RxN\315\205\n\214\177p\005\337{\274'N\256\247"
 241      5278 4ECD 
 241      850A 8C7F 
 241      7005 DF7B 
 241      BC27 4EAE 
 242 071d CE7F 2869 		.ascii	"\316\177(i%~oV\320\361\200\336\254F\177K\321\315\r\227\273F\340"
 242      257E 6F56 
 242      D0F1 80DE 
 242      AC46 7F4B 
 242      D1CD 0D97 
 243 0734 1BAE D0CD 		.ascii	"\033\256\320\315\305\347\222\345\025\033\\\242\240\211\327\t"
 243      C5E7 92E5 
 243      151B 5CA2 
 243      A089 D709 
 244 0744 0A7A 0BA0 		.ascii	"\nz\013\240\023\324\350\255\024\235\330~\350\214\027\356s\205"
 244      13D4 E8AD 
 244      149D D87E 
 244      E88C 17EE 
 244      7385 
 245 0756 7E10 5390 		.ascii	"~\020S\220\350-\241\273:\360\201\264p1[\024S\337G\264\036\022"
 245      E82D A1BB 
 245      3AF0 81B4 
 245      7031 5B14 
 245      53DF 47B4 
 246 076c 15FA 36A0 		.ascii	"\025\3726\240'\252\351\333)\275\251\342Q\227\027^\355\341\202"
 246      27AA E9DB 
 246      29BD A9E2 
 246      5197 175E 
 246      EDE1 82
 247 077f 7E69 EFFA 		.ascii	"~i\357\372&w\271\324\3068\224Z\222\202\336\001\350$5:\231\242"
 247      2677 B9D4 
 247      C638 945A 
 247      9282 DE01 
 247      E824 353A 
 248 0795 7BCB 36F7 		.ascii	"{\3136\367{\341M\256\320\311[N\344\372J\350\252(\355\343\f\305"
 248      7BE1 4DAE 
 248      D0C9 5B4E 
 248      E4FA 4AE8 
 248      AA28 EDE3 
 249 07ab 7192 9614 		.ascii	"q\222\226\024\205\236\n\364\0245}'\245\177_x0\337\007\247\272"
 249      859E 0AF4 
 249      1435 7D27 
 249      A57F 5F78 
 249      30DF 07A7 
 250 07c0 A297 3D5A 		.ascii	"\242\227=Z\177D\256\224\306\345\016\031\337\245\240w"
 250      7F44 AE94 
 250      C6E5 0E19 
 250      DFA5 A077 
 251 07d0 037A 971A 		.ascii	"\003z\227\032\275\207-\246\030\261N\207\017\272B7\\\275\236("
 251      BD87 2DA6 
 251      18B1 4E87 
 251      0FBA 4237 
 251      5CBD 9E28 
 252 07e4 D749 55AE 		.ascii	"\327IU\256\366\354w\212\343\244T\322\024\372^\240\247\251\351"
 252      F6EC 778A 
 252      E3A4 54D2 
 252      14FA 5EA0 
 252      A7A9 E9
 253 07f7 DF31 FAFD 		.ascii	"\3371\372\375\336X-\216\327\375\206\263aGj\344e_\332G\216\376"
 253      DE58 2D8E 
 253      D7FD 86B3 
 253      6147 6AE4 
 253      655F DA47 
 254 080d FD3C ED3C 		.ascii	"\375<\355<\\\233_c\277\221f\260\316\360\264v\321W\351<\300:\343"
 254      5C9B 5F63 
 254      BF91 66B0 
 254      CEF0 B476 
 254      D157 E93C 
 255 0824 3734 9661 		.ascii	"74\226aW7\304\357\351\376\315\224\317\226\222\350\201\034\271"
 255      5737 C4EF 
 255      E9FE CD94 
 255      CF96 92E8 
 255      811C B9
 256 0837 9C4A BAC7 		.ascii	"\234J\272\307\345\262_>\305\243\210\036JWb\333\007\261\245\253"
 256      E5B2 5F3E 
 256      C5A3 881E 
 256      4A57 62DB 
 256      07B1 A5AB 
 257 084b 63CB A2B1 		.ascii	"c\313\242\261\225\367\366\227\241Ww\322\231\340H>U\021\236\372"
 257      95F7 F697 
 257      A157 77D2 
 257      99E0 483E 
 257      5511 9EFA 
 258 085f 0A1C 64F4 		.ascii	"\n\034d\364\267\002\273\334d\363\257\222W\325\365\242\001\255"
 258      B702 BBDC 
 258      64F3 AF92 
 258      57D5 F5A2 
 258      01AD 
 259 0871 A457 FC9E 		.ascii	"\244W\374\236\230\356\356\250t\220*\r\224\306\337\365\220\224"
 259      98EE EEA8 
 259      7490 2A0D 
 259      94C6 DFF5 
 259      9094 
 260 0883 2A3F 7052 		.ascii	"*?pR:D\225\266E\255\317r\223\224:\337qR\312\241Jg\356\325\325"
 260      3A44 95B6 
 260      45AD CF72 
 260      9394 3ADF 
 260      7152 CAA1 
 261 089c 784A 4A8D 		.ascii	"xJJ\215s\235\224\016S\245\332\314\301\036\231\324\367\272\223"
 261      739D 940E 
 261      53A5 DACC 
 261      C11E 99D4 
 261      F7BA 93
 262 08af D211 AAB4 		.ascii	"\322\021\252\264\256\353\320\247\262K\316\240\243T\247\242k\250"
 262      AEEB D0A7 
 262      B24B CEA0 
 262      A354 A7A2 
 262      6BA8 
 263 08c1 499E ADD3 		.ascii	"I\236\255\323Y\351\030U\332\235\2371\304\313J\357:)\035\247J"
 263      59E9 1855 
 263      DA9D 9F31 
 263      C4CB 4AEF 
 263      3A29 1DA7 
 264 08d6 ED43 9979 		.ascii	"\355C\231y>\354&5\002\232]\t\215=XG\257A\354]\355\247\276\220"
 264      3EEC 2635 
 264      029A 5D09 
 264      8D3D 5847 
 264      AF41 EC5D 
 265 08ee E4F1 E42A 		.ascii	"\344\361\344*\244\367G\271<\275\003\336\217\216\350\307\314\330"
 265      A4F7 47B9 
 265      3CBD 03DE 
 265      8F8E E8C7 
 265      CCD8 
 266 0900 0D9A E937 		.ascii	"\r\232\3517\222b\275\3305l\n\331\330\017\013\006\275p\026\255"
 266      9262 BDD8 
 266      356C 0AD9 
 266      D80F 0B06 
 266      BD70 16AD 
 267 0914 424D 4BCE 		.ascii	"BMK\316\315X\370y\002w,r\325R\375\332(\344a\313\360\312\257\r"
 267      CD58 F879 
 267      0277 2C72 
 267      D552 FDDA 
 267      28E4 61CB 
 268 092c 76A5 FA0F 		.ascii	"v\245\372\017\351~\332\177^\234\344'\320!\016\025\361\376\350"
 268      E97E DA7F 
 268      5E9C E427 
 268      D021 0E15 
 268      F1FE E8
 269 093f 14CF 7ECB 		.ascii	"\024\317~\313\220\036\230\360Zeg\207\257_\034\001\303\237\251"
 269      901E 98F0 
 269      5A65 6787 
 269      AF5F 1C01 
 269      C39F A9
 270 0952 88B2 4F80 		.ascii	"\210\262O\200^>O\274/\346\375\344\030h\203\\\300{\353\316\370"
 270      5E3E 4FBC 
 270      2FE6 FDE4 
 270      1868 835C 
 270      C07B EBCE 
 271 0967 E2C3 AE36 		.ascii	"\342\303\2566\212\363\253*\265?\366\274\257\272\316\311\036`"
 271      8AF3 AB2A 
 271      B53F F6BC 
 271      AFBA CEC9 
 271      1E60 
 272 0979 AFAA 52F2 		.ascii	"\257\252R\362\252:\343\360\252j\3368\234\205\245J/\353\236p\352"
 272      AA3A E3F0 
 272      AA6A DE38 
 272      9C85 A54A 
 272      2FEB 9E70 
 273 098e 7EBC 2846 		.ascii	"~\274(F\212\342Z4\212(\242\022\245\326OC\255\227\250k\275\214"
 273      8AE2 5A34 
 273      8A28 A212 
 273      A5D6 4F43 
 273      AD97 A86B 
 274 09a4 D67A DA86 		.ascii	"\326z\332\206\3302o|\316\225{\367Z\256\316\223\350}\357)\347"
 274      D832 6F7C 
 274      CE95 7BF7 
 274      5AAE CE93 
 274      E87D EF29 
 275 09b9 0F21 972B 		.ascii	"\017!\227+\344\n \227\253\311\225\224\\\332s\t^&=\256\310u\031"
 275      E40A 2097 
 275      ABC9 9594 
 275      5CDA 7309 
 275      5E26 3DAE 
 276 09d0 E929 F2C5 		.ascii	"\351)\362\305\344j\205\352%HN\345*\005~\026\340Ujx5\205\177\367"
 276      E46A 85EA 
 276      2548 4EE5 
 276      2A05 7E16 
 276      E055 6A78 
 277 09e8 4D86 178E 		.ascii	"M\206\027\216\364t\301\376i0n\300Kb_\353\322\236r<\224k\024x"
 277      F474 C1FE 
 277      6930 6EC0 
 277      4B62 5FEB 
 277      D29E 723C 
 278 0a00 2DC0 6BD4 		.ascii	"-\300k\324\360s\374xn\262)d\251\336\024\266\314\250\237\267h"
 278      F073 FC78 
 278      6EB2 2964 
 278      A9DE 14B6 
 278      CCA8 9FB7 
 279 0a15 D634 FD0C 		.ascii	"\3264\375\fK\310*\301b\325/Z8]\037\030j\021\364\323\026/\230"
 279      4BC8 2AC1 
 279      62D5 2F5A 
 279      385D 1F18 
 279      6A11 F4D3 
 280 0a2c 425A 73CC 		.ascii	"BZs\3146\301b\t[i3\220\236\200 \367\331\037.\032\027\370\366"
 280      36C1 6209 
 280      5B69 3390 
 280      9E80 20F7 
 280      D91F 2E1A 
 281 0a43 DB9C 5B58 		.ascii	"\333\234[X\210\3316\305`\233\254\017\263Z\364\246\320 \243I\037"
 281      88D9 36C5 
 281      609B AC0F 
 281      B35A F4A6 
 281      D020 A349 
 282 0a58 2898 4C46 		.ascii	"(\230LF\213\336\270\312\362\307\317"
 282      8BDE B8CA 
 282      F2C7 CF
 283 0a63 8382 A64E 		.string	"\203\202\246N\326O\016x3`\"i\353C\314A\246\260`Ao\265\005\203]\300r\316\037\340\2069\037~
 283      D64F 0E78 
 283      3360 2269 
 283      EB43 CC41 
 283      A6B0 6041 
 284 0b64 8380 7DED 		.ascii	"\203\200}\355\223\301\200\rJ\353\331\330\240\360\261\321\372"
 284      93C1 800D 
 284      4AEB D9D8 
 284      A0F0 B1D1 
 284      FA
 285 0b75 0559 34   		.ascii	"\005Y4"
 286 0b78 C778 E9B2 		.string	"\307x\351\262\031m!\241\346\017\303V,\025,\356d/Lz\313`{N.\277\367\215\326\217\202\202\30
 286      196D 21A1 
 286      E60F C356 
 286      2C15 2CEE 
 286      642F 4C7A 
 287 0c79 37D7 CD86 		.ascii	"7\327\315\206"
 288               		.text
 289               		.section	.gnu.lto_.symtab.f8b69cbab332a861,"",@progbits
 290 0000 5553 425F 		.string	"USB_INT_DisableAllInterrupts"
 290      494E 545F 
 290      4469 7361 
 290      626C 6541 
 290      6C6C 496E 
 291 001d 00        		.string	""
 292 001e 00        		.string	""
 293 001f 00        		.string	""
 294 0020 00        		.string	""
 295 0021 00        		.string	""
 296 0022 00        		.string	""
 297 0023 00        		.string	""
 298 0024 00        		.string	""
 299 0025 00        		.string	""
 300 0026 00        		.string	""
 301 0027 00        		.string	""
 302 0028 BE00      		.string	"\276"
 303 002a 00        		.string	""
 304 002b 00        		.string	""
 305 002c 5553 425F 		.string	"USB_INT_ClearAllInterrupts"
 305      494E 545F 
 305      436C 6561 
 305      7241 6C6C 
 305      496E 7465 
 306 0047 00        		.string	""
 307 0048 00        		.string	""
 308 0049 00        		.string	""
 309 004a 00        		.string	""
 310 004b 00        		.string	""
 311 004c 00        		.string	""
 312 004d 00        		.string	""
 313 004e 00        		.string	""
 314 004f 00        		.string	""
 315 0050 00        		.string	""
 316 0051 00        		.string	""
 317 0052 C000      		.string	"\300"
 318 0054 00        		.string	""
 319 0055 00        		.string	""
 320 0056 5F5F 7665 		.string	"__vector_10"
 320      6374 6F72 
 320      5F31 3000 
 321 0062 00        		.string	""
 322 0063 00        		.string	""
 323 0064 00        		.string	""
 324 0065 00        		.string	""
 325 0066 00        		.string	""
 326 0067 00        		.string	""
 327 0068 00        		.string	""
 328 0069 00        		.string	""
 329 006a 00        		.string	""
 330 006b 00        		.string	""
 331 006c 00        		.string	""
 332 006d C800      		.string	"\310"
 333 006f 00        		.string	""
 334 0070 00        		.string	""
 335 0071 5F5F 7665 		.string	"__vector_11"
 335      6374 6F72 
 335      5F31 3100 
 336 007d 00        		.string	""
 337 007e 00        		.string	""
 338 007f 00        		.string	""
 339 0080 00        		.string	""
 340 0081 00        		.string	""
 341 0082 00        		.string	""
 342 0083 00        		.string	""
 343 0084 00        		.string	""
 344 0085 00        		.string	""
 345 0086 00        		.string	""
 346 0087 00        		.string	""
 347 0088 CD00      		.string	"\315"
 348 008a 00        		.string	""
 349 008b 00        		.string	""
 350 008c 5553 425F 		.string	"USB_DeviceState"
 350      4465 7669 
 350      6365 5374 
 350      6174 6500 
 351 009c 00        		.string	""
 352 009d 02        		.ascii	"\002"
 353 009e 00        		.string	""
 354 009f 00        		.string	""
 355 00a0 00        		.string	""
 356 00a1 00        		.string	""
 357 00a2 00        		.string	""
 358 00a3 00        		.string	""
 359 00a4 00        		.string	""
 360 00a5 00        		.string	""
 361 00a6 00        		.string	""
 362 00a7 E900      		.string	"\351"
 363 00a9 00        		.string	""
 364 00aa 00        		.string	""
 365 00ab 5553 425F 		.string	"USB_Device_ConfigurationNumber"
 365      4465 7669 
 365      6365 5F43 
 365      6F6E 6669 
 365      6775 7261 
 366 00ca 00        		.string	""
 367 00cb 02        		.ascii	"\002"
 368 00cc 00        		.string	""
 369 00cd 00        		.string	""
 370 00ce 00        		.string	""
 371 00cf 00        		.string	""
 372 00d0 00        		.string	""
 373 00d1 00        		.string	""
 374 00d2 00        		.string	""
 375 00d3 00        		.string	""
 376 00d4 00        		.string	""
 377 00d5 EB00      		.string	"\353"
 378 00d7 00        		.string	""
 379 00d8 00        		.string	""
 380 00d9 4556 454E 		.string	"EVENT_USB_Device_Reset"
 380      545F 5553 
 380      425F 4465 
 380      7669 6365 
 380      5F52 6573 
 381 00f0 00        		.string	""
 382 00f1 02        		.ascii	"\002"
 383 00f2 00        		.string	""
 384 00f3 00        		.string	""
 385 00f4 00        		.string	""
 386 00f5 00        		.string	""
 387 00f6 00        		.string	""
 388 00f7 00        		.string	""
 389 00f8 00        		.string	""
 390 00f9 00        		.string	""
 391 00fa 00        		.string	""
 392 00fb CF00      		.string	"\317"
 393 00fd 00        		.string	""
 394 00fe 00        		.string	""
 395 00ff 456E 6470 		.string	"Endpoint_ConfigureEndpoint_Prv"
 395      6F69 6E74 
 395      5F43 6F6E 
 395      6669 6775 
 395      7265 456E 
 396 011e 00        		.string	""
 397 011f 02        		.ascii	"\002"
 398 0120 00        		.string	""
 399 0121 00        		.string	""
 400 0122 00        		.string	""
 401 0123 00        		.string	""
 402 0124 00        		.string	""
 403 0125 00        		.string	""
 404 0126 00        		.string	""
 405 0127 00        		.string	""
 406 0128 00        		.string	""
 407 0129 DA00      		.string	"\332"
 408 012b 00        		.string	""
 409 012c 00        		.string	""
 410 012d 4556 454E 		.string	"EVENT_USB_Device_WakeUp"
 410      545F 5553 
 410      425F 4465 
 410      7669 6365 
 410      5F57 616B 
 411 0145 00        		.string	""
 412 0146 02        		.ascii	"\002"
 413 0147 00        		.string	""
 414 0148 00        		.string	""
 415 0149 00        		.string	""
 416 014a 00        		.string	""
 417 014b 00        		.string	""
 418 014c 00        		.string	""
 419 014d 00        		.string	""
 420 014e 00        		.string	""
 421 014f 00        		.string	""
 422 0150 DC00      		.string	"\334"
 423 0152 00        		.string	""
 424 0153 00        		.string	""
 425 0154 4556 454E 		.string	"EVENT_USB_Device_Suspend"
 425      545F 5553 
 425      425F 4465 
 425      7669 6365 
 425      5F53 7573 
 426 016d 00        		.string	""
 427 016e 02        		.ascii	"\002"
 428 016f 00        		.string	""
 429 0170 00        		.string	""
 430 0171 00        		.string	""
 431 0172 00        		.string	""
 432 0173 00        		.string	""
 433 0174 00        		.string	""
 434 0175 00        		.string	""
 435 0176 00        		.string	""
 436 0177 00        		.string	""
 437 0178 DE00      		.string	"\336"
 438 017a 00        		.string	""
 439 017b 00        		.string	""
 440 017c 4556 454E 		.string	"EVENT_USB_Device_Disconnect"
 440      545F 5553 
 440      425F 4465 
 440      7669 6365 
 440      5F44 6973 
 441 0198 00        		.string	""
 442 0199 02        		.ascii	"\002"
 443 019a 00        		.string	""
 444 019b 00        		.string	""
 445 019c 00        		.string	""
 446 019d 00        		.string	""
 447 019e 00        		.string	""
 448 019f 00        		.string	""
 449 01a0 00        		.string	""
 450 01a1 00        		.string	""
 451 01a2 00        		.string	""
 452 01a3 E000      		.string	"\340"
 453 01a5 00        		.string	""
 454 01a6 00        		.string	""
 455 01a7 4556 454E 		.string	"EVENT_USB_Device_Connect"
 455      545F 5553 
 455      425F 4465 
 455      7669 6365 
 455      5F43 6F6E 
 456 01c0 00        		.string	""
 457 01c1 02        		.ascii	"\002"
 458 01c2 00        		.string	""
 459 01c3 00        		.string	""
 460 01c4 00        		.string	""
 461 01c5 00        		.string	""
 462 01c6 00        		.string	""
 463 01c7 00        		.string	""
 464 01c8 00        		.string	""
 465 01c9 00        		.string	""
 466 01ca 00        		.string	""
 467 01cb E200      		.string	"\342"
 468 01cd 00        		.string	""
 469 01ce 00        		.string	""
 470 01cf 4556 454E 		.string	"EVENT_USB_Device_StartOfFrame"
 470      545F 5553 
 470      425F 4465 
 470      7669 6365 
 470      5F53 7461 
 471 01ed 00        		.string	""
 472 01ee 02        		.ascii	"\002"
 473 01ef 00        		.string	""
 474 01f0 00        		.string	""
 475 01f1 00        		.string	""
 476 01f2 00        		.string	""
 477 01f3 00        		.string	""
 478 01f4 00        		.string	""
 479 01f5 00        		.string	""
 480 01f6 00        		.string	""
 481 01f7 00        		.string	""
 482 01f8 E400      		.string	"\344"
 483 01fa 00        		.string	""
 484 01fb 00        		.string	""
 485 01fc 5553 425F 		.string	"USB_Device_ProcessControlRequest"
 485      4465 7669 
 485      6365 5F50 
 485      726F 6365 
 485      7373 436F 
 486 021d 00        		.string	""
 487 021e 02        		.ascii	"\002"
 488 021f 00        		.string	""
 489 0220 00        		.string	""
 490 0221 00        		.string	""
 491 0222 00        		.string	""
 492 0223 00        		.string	""
 493 0224 00        		.string	""
 494 0225 00        		.string	""
 495 0226 00        		.string	""
 496 0227 00        		.string	""
 497 0228 E600      		.string	"\346"
 498 022a 00        		.string	""
 499 022b 00        		.string	""
 500               		.text
 501               		.section	.gnu.lto_.opts,"",@progbits
 502 0000 272D 666D 		.ascii	"'-fmath-errno' '-fsigned-zeros' '-ftrapping-m"
 502      6174 682D 
 502      6572 726E 
 502      6F27 2027 
 502      2D66 7369 
 503 002d 6174 6827 		.string	"ath' '-fno-trapv' '-fno-openmp' '-fno-openacc' '-mn-flash=1' '-mno-skip-bug' '-mmcu=avr5'
 503      2027 2D66 
 503      6E6F 2D74 
 503      7261 7076 
 503      2720 272D 
 504               		.text
 505               		.comm	__gnu_lto_v1,1,1
 506               		.comm	__gnu_lto_slim,1,1
 507               		.ident	"GCC: (GNU) 7.4.0"
DEFINED SYMBOLS
                            *ABS*:0000000000000000 USBInterrupt_AVR8.c
/var/tmp//ccbM9jd0.s:2      *ABS*:000000000000003e __SP_H__
/var/tmp//ccbM9jd0.s:3      *ABS*:000000000000003d __SP_L__
/var/tmp//ccbM9jd0.s:4      *ABS*:000000000000003f __SREG__
/var/tmp//ccbM9jd0.s:5      *ABS*:0000000000000000 __tmp_reg__
/var/tmp//ccbM9jd0.s:6      *ABS*:0000000000000001 __zero_reg__
                            *COM*:0000000000000001 __gnu_lto_v1
                            *COM*:0000000000000001 __gnu_lto_slim

NO UNDEFINED SYMBOLS
