   1              		.cpu cortex-m4
   2              		.eabi_attribute 20, 1
   3              		.eabi_attribute 21, 1
   4              		.eabi_attribute 23, 3
   5              		.eabi_attribute 24, 1
   6              		.eabi_attribute 25, 1
   7              		.eabi_attribute 26, 1
   8              		.eabi_attribute 30, 4
   9              		.eabi_attribute 34, 1
  10              		.eabi_attribute 18, 2
  11              		.file	"rev6.c"
  12              		.text
  13              	.Ltext0:
  14              		.cfi_sections	.debug_frame
  15              		.section	.text.matrix_init_kb,"ax",%progbits
  16              		.align	1
  17              		.global	matrix_init_kb
  18              		.syntax unified
  19              		.thumb
  20              		.thumb_func
  21              		.fpu softvfp
  23              	matrix_init_kb:
  24              	.LFB287:
  25              		.file 1 "keyboards/planck/rev6/rev6.c"
   1:keyboards/planck/rev6/rev6.c **** /* Copyright 2018 Jack Humbert <jack.humb@gmail.com>
   2:keyboards/planck/rev6/rev6.c ****  *
   3:keyboards/planck/rev6/rev6.c ****  * This program is free software: you can redistribute it and/or modify
   4:keyboards/planck/rev6/rev6.c ****  * it under the terms of the GNU General Public License as published by
   5:keyboards/planck/rev6/rev6.c ****  * the Free Software Foundation, either version 2 of the License, or
   6:keyboards/planck/rev6/rev6.c ****  * (at your option) any later version.
   7:keyboards/planck/rev6/rev6.c ****  *
   8:keyboards/planck/rev6/rev6.c ****  * This program is distributed in the hope that it will be useful,
   9:keyboards/planck/rev6/rev6.c ****  * but WITHOUT ANY WARRANTY; without even the implied warranty of
  10:keyboards/planck/rev6/rev6.c ****  * MERCHANTABILITY or FITNESS FOR A PARTICULAR PURPOSE.  See the
  11:keyboards/planck/rev6/rev6.c ****  * GNU General Public License for more details.
  12:keyboards/planck/rev6/rev6.c ****  *
  13:keyboards/planck/rev6/rev6.c ****  * You should have received a copy of the GNU General Public License
  14:keyboards/planck/rev6/rev6.c ****  * along with this program.  If not, see <http://www.gnu.org/licenses/>.
  15:keyboards/planck/rev6/rev6.c ****  */
  16:keyboards/planck/rev6/rev6.c **** #include "rev6.h"
  17:keyboards/planck/rev6/rev6.c **** 
  18:keyboards/planck/rev6/rev6.c **** void matrix_init_kb(void) {
  26              		.loc 1 18 0
  27              		.cfi_startproc
  28              		@ args = 0, pretend = 0, frame = 0
  29              		@ frame_needed = 0, uses_anonymous_args = 0
  30              		@ link register save eliminated.
  19:keyboards/planck/rev6/rev6.c **** 	matrix_init_user();
  31              		.loc 1 19 0
  32 0000 FFF7FEBF 		b	matrix_init_user
  33              	.LVL0:
  34              		.cfi_endproc
  35              	.LFE287:
  37              		.section	.text.matrix_scan_kb,"ax",%progbits
  38              		.align	1
  39              		.global	matrix_scan_kb
  40              		.syntax unified
  41              		.thumb
  42              		.thumb_func
  43              		.fpu softvfp
  45              	matrix_scan_kb:
  46              	.LFB288:
  20:keyboards/planck/rev6/rev6.c **** }
  21:keyboards/planck/rev6/rev6.c **** 
  22:keyboards/planck/rev6/rev6.c **** void matrix_scan_kb(void) {
  47              		.loc 1 22 0
  48              		.cfi_startproc
  49              		@ args = 0, pretend = 0, frame = 0
  50              		@ frame_needed = 0, uses_anonymous_args = 0
  51              		@ link register save eliminated.
  23:keyboards/planck/rev6/rev6.c **** 	matrix_scan_user();
  52              		.loc 1 23 0
  53 0000 FFF7FEBF 		b	matrix_scan_user
  54              	.LVL1:
  55              		.cfi_endproc
  56              	.LFE288:
  58              		.section	.text.dip_update,"ax",%progbits
  59              		.align	1
  60              		.weak	dip_update
  61              		.syntax unified
  62              		.thumb
  63              		.thumb_func
  64              		.fpu softvfp
  66              	dip_update:
  67              	.LFB289:
  24:keyboards/planck/rev6/rev6.c **** }
  25:keyboards/planck/rev6/rev6.c **** 
  26:keyboards/planck/rev6/rev6.c **** #ifdef DIP_SWITCH_ENABLE
  27:keyboards/planck/rev6/rev6.c **** __attribute__((weak))
  28:keyboards/planck/rev6/rev6.c **** void dip_update(uint8_t index, bool active) {}
  68              		.loc 1 28 0
  69              		.cfi_startproc
  70              		@ args = 0, pretend = 0, frame = 0
  71              		@ frame_needed = 0, uses_anonymous_args = 0
  72              		@ link register save eliminated.
  73              	.LVL2:
  74              		.loc 1 28 0
  75 0000 7047     		bx	lr
  76              		.cfi_endproc
  77              	.LFE289:
  79              		.section	.text.dip_switch_update_user,"ax",%progbits
  80              		.align	1
  81              		.weak	dip_switch_update_user
  82              		.syntax unified
  83              		.thumb
  84              		.thumb_func
  85              		.fpu softvfp
  87              	dip_switch_update_user:
  88              	.LFB290:
  29:keyboards/planck/rev6/rev6.c **** 
  30:keyboards/planck/rev6/rev6.c **** __attribute__((weak))
  31:keyboards/planck/rev6/rev6.c **** void dip_switch_update_user(uint8_t index, bool active) {
  89              		.loc 1 31 0
  90              		.cfi_startproc
  91              		@ args = 0, pretend = 0, frame = 0
  92              		@ frame_needed = 0, uses_anonymous_args = 0
  93              	.LVL3:
  94 0000 08B5     		push	{r3, lr}
  95              		.cfi_def_cfa_offset 8
  96              		.cfi_offset 3, -8
  97              		.cfi_offset 14, -4
  32:keyboards/planck/rev6/rev6.c ****     dip_update(index, active);
  98              		.loc 1 32 0
  99 0002 FFF7FEFF 		bl	dip_update
 100              	.LVL4:
  33:keyboards/planck/rev6/rev6.c **** }
 101              		.loc 1 33 0
 102 0006 08BD     		pop	{r3, pc}
 103              		.cfi_endproc
 104              	.LFE290:
 106              		.text
 107              	.Letext0:
 108              		.file 2 "/usr/local/Cellar/gcc-arm-none-eabi/20180627/lib/gcc/arm-none-eabi/7.3.1/include/stddef.h
 109              		.file 3 "/usr/local/Cellar/gcc-arm-none-eabi/20180627/arm-none-eabi/include/machine/_default_types
 110              		.file 4 "/usr/local/Cellar/gcc-arm-none-eabi/20180627/arm-none-eabi/include/sys/_stdint.h"
 111              		.file 5 "./lib/chibios/os/common/ports/ARMCMx/compilers/GCC/chtypes.h"
 112              		.file 6 "./lib/chibios/os/rt/include/chsystypes.h"
 113              		.file 7 "./lib/chibios/os/rt/include/chschd.h"
 114              		.file 8 "./lib/chibios/os/common/ext/CMSIS/include/core_cm4.h"
 115              		.file 9 "./lib/chibios/os/common/ext/CMSIS/ST/STM32F3xx/system_stm32f3xx.h"
 116              		.file 10 "./lib/chibios/os/common/ext/CMSIS/ST/STM32F3xx/stm32f303xc.h"
 117              		.file 11 "./lib/chibios/os/common/ports/ARMCMx/chcore.h"
 118              		.file 12 "./lib/chibios/os/common/ports/ARMCMx/chcore_v7m.h"
 119              		.file 13 "./lib/chibios/os/hal/ports/STM32/LLD/TIMv1/stm32_tim.h"
 120              		.file 14 "./lib/chibios/os/rt/include/chtm.h"
 121              		.file 15 "./lib/chibios/os/rt/include/chsem.h"
 122              		.file 16 "./lib/chibios/os/rt/include/chmtx.h"
 123              		.file 17 "./lib/chibios/os/rt/include/chsys.h"
 124              		.file 18 "./lib/chibios/os/rt/include/chregistry.h"
 125              		.file 19 "./lib/chibios/os/common/oslib/include/chmemcore.h"
 126              		.file 20 "./lib/chibios/os/hal/ports/STM32/LLD/DMAv1/stm32_dma.h"
 127              		.file 21 "./lib/chibios/os/hal/ports/STM32/LLD/GPIOv2/hal_pal_lld.h"
 128              		.file 22 "./lib/chibios/os/hal/include/hal_dac.h"
 129              		.file 23 "./lib/chibios/os/hal/ports/STM32/LLD/DACv1/hal_dac_lld.h"
 130              		.file 24 "./lib/chibios/os/hal/include/hal_gpt.h"
 131              		.file 25 "./lib/chibios/os/hal/ports/STM32/LLD/TIMv1/hal_gpt_lld.h"
 132              		.file 26 "./lib/chibios/os/hal/include/hal_i2c.h"
 133              		.file 27 "./lib/chibios/os/hal/ports/STM32/LLD/I2Cv2/hal_i2c_lld.h"
 134              		.file 28 "./lib/chibios/os/hal/include/hal_pwm.h"
 135              		.file 29 "./lib/chibios/os/hal/ports/STM32/LLD/TIMv1/hal_pwm_lld.h"
 136              		.file 30 "./lib/chibios/os/hal/include/hal_usb.h"
 137              		.file 31 "./lib/chibios/os/hal/ports/STM32/LLD/USBv1/hal_usb_lld.h"
 138              		.file 32 "tmk_core/common/action.h"
 139              		.file 33 "tmk_core/common/report.h"
 140              		.file 34 "tmk_core/common/host.h"
 141              		.file 35 "tmk_core/common/debug.h"
 142              		.file 36 "quantum/keycode_config.h"
 143              		.file 37 "quantum/keymap.h"
 144              		.file 38 "tmk_core/common/action_layer.h"
 145              		.file 39 "tmk_core/common/timer.h"
 146              		.file 40 "tmk_core/common/action_util.h"
 147              		.file 41 "/usr/local/Cellar/gcc-arm-none-eabi/20180627/arm-none-eabi/include/sys/lock.h"
 148              		.file 42 "/usr/local/Cellar/gcc-arm-none-eabi/20180627/arm-none-eabi/include/sys/_types.h"
 149              		.file 43 "/usr/local/Cellar/gcc-arm-none-eabi/20180627/arm-none-eabi/include/sys/reent.h"
 150              		.file 44 "/usr/local/Cellar/gcc-arm-none-eabi/20180627/arm-none-eabi/include/stdlib.h"
 151              		.file 45 "quantum/audio/luts.h"
 152              		.file 46 "/usr/local/Cellar/gcc-arm-none-eabi/20180627/arm-none-eabi/include/math.h"
 153              		.file 47 "quantum/process_keycode/process_music.h"
 154              		.file 48 "quantum/quantum.h"
DEFINED SYMBOLS
                            *ABS*:0000000000000000 rev6.c
/var/folders/qs/3p__ddh573j_6k2216pg8mv40000gn/T//ccIe5z55.s:16     .text.matrix_init_kb:0000000000000000 $t
/var/folders/qs/3p__ddh573j_6k2216pg8mv40000gn/T//ccIe5z55.s:23     .text.matrix_init_kb:0000000000000000 matrix_init_kb
/var/folders/qs/3p__ddh573j_6k2216pg8mv40000gn/T//ccIe5z55.s:38     .text.matrix_scan_kb:0000000000000000 $t
/var/folders/qs/3p__ddh573j_6k2216pg8mv40000gn/T//ccIe5z55.s:45     .text.matrix_scan_kb:0000000000000000 matrix_scan_kb
/var/folders/qs/3p__ddh573j_6k2216pg8mv40000gn/T//ccIe5z55.s:59     .text.dip_update:0000000000000000 $t
/var/folders/qs/3p__ddh573j_6k2216pg8mv40000gn/T//ccIe5z55.s:66     .text.dip_update:0000000000000000 dip_update
/var/folders/qs/3p__ddh573j_6k2216pg8mv40000gn/T//ccIe5z55.s:80     .text.dip_switch_update_user:0000000000000000 $t
/var/folders/qs/3p__ddh573j_6k2216pg8mv40000gn/T//ccIe5z55.s:87     .text.dip_switch_update_user:0000000000000000 dip_switch_update_user

UNDEFINED SYMBOLS
matrix_init_user
matrix_scan_user
