   1               		.file	"backlight.c"
   2               	__SP_H__ = 0x3e
   3               	__SP_L__ = 0x3d
   4               	__SREG__ = 0x3f
   5               	__tmp_reg__ = 0
   6               	__zero_reg__ = 1
   7               		.section	.gnu.lto_.profile.acb147575a7fe92,"",@progbits
   8 0000 789C 6363 		.string	"x\234cc```\003bF\206f\346\205\214"
   8      6060 6003 
   8      6246 8666 
   8      E685 8C00 
   9 0010 03FC 0136 		.ascii	"\003\374\0016"
  10               		.text
  11               		.section	.gnu.lto_.icf.acb147575a7fe92,"",@progbits
  12 0000 789C 6363 		.string	"x\234cc``\310`@"
  12      6060 C860 
  12      4000 
  13 000a 4186 59E7 		.string	"A\206Y\347/\037fb\234\264}\361]f\246y\367\236\317\346e\231\262\177\345-N\326\305'O\316\34
  13      2F1F 6662 
  13      9CB4 7DF1 
  13      5D66 A679 
  13      F79E CFE6 
  14 007a 00        		.string	""
  15 007b 8734 3356 		.ascii	"\20743V"
  16               		.text
  17               		.section	.gnu.lto_.jmpfuncs.acb147575a7fe92,"",@progbits
  18 0000 789C 95D2 		.string	"x\234\225\322\273\n\3020\024\006\340\363'\266\242\242\350\346 \270\213K\237\260.N\256\342
  18      BB0A C230 
  18      1406 E0F3 
  18      27B6 A2A2 
  18      E8E6 20B8 
  19 0043 F16A 0343 		.ascii	"\361j\003C\211Q\377v/\016d \t\204%Z\\:\252\351\335y\225\332X"
  19      8951 FF76 
  19      2F0E 6420 
  19      0984 255A 
  19      5C3A AAE9 
  20 005c A1F5 6ACB 		.ascii	"\241\365j\313v\352\243z\257\2403f\343\207r\275E\257\036HL\270"
  20      76EA A37A 
  20      AFA0 3366 
  20      E387 72BD 
  20      45AF 1E48 
  21 0072 ABA3 5B88 		.ascii	"\253\243[\2107\242h>\250\371Q\257\031H\2015<\216\330\300Or\342"
  21      37A2 683E 
  21      A8F9 51AF 
  21      1948 8135 
  21      3C8E D8C0 
  22 0089 5842 A467 		.ascii	"XB\244g\020<C\310\301\241F\023-M\307 '\307,\260\314\2625\263"
  22      103C 43C8 
  22      C1A1 4613 
  22      2D4D C720 
  22      27C7 2CB0 
  23 00a1 ECDE 67F9 		.ascii	"\354\336g\371\215\027m\270\370\304\205\005\337\033\374`\303\263"
  23      8D17 6DB8 
  23      F8C4 8505 
  23      DF1B FC60 
  23      C3B3 
  24 00b3 6089 4183 		.ascii	"`\211A\203$E]\370\260\244\305:\032\353\364\237U\321\t_n\261`"
  24      2445 5DF8 
  24      B0A4 C53A 
  24      1AEB F49F 
  24      55D1 095F 
  25 00ca 093F 9BF0 		.ascii	"\t?\233\360\313\357[\004U\211j9\336\315\261\210\312\210\327\374"
  25      CBEF 5B04 
  25      5589 6A39 
  25      DECD B188 
  25      CA88 D7FC 
  26 00de EF56 67CE 		.ascii	"\357Vg\316\347?\332\362x\231\263\r\206\237\214\215\265\343"
  26      E73F DAF2 
  26      7899 B30D 
  26      869F 8C8D 
  26      B5E3 
  27               		.text
  28               		.section	.gnu.lto_.inline.acb147575a7fe92,"",@progbits
  29 0000 789C 6363 		.string	"x\234cc``\350ed\200\003.\006\0061CF\006&\211\003k\030\031\330\026\3103\201\004\231\270\03
  29      6060 E865 
  29      6480 032E 
  29      0606 3143 
  29      4606 2689 
  30 002c 0313 83B8 		.string	"\003\023\203\270\006P\245\324\231\215\030*\231y@\322\020\035@.+\203\214\"P\245\312\231\33
  30      0650 A5D4 
  30      998D 182A 
  30      9979 40D2 
  30      101D 402E 
  31 00c5 00        		.string	""
  32 00c6 47D7 2EEB 		.ascii	"G\327.\353"
  33               		.text
  34               		.section	.gnu.lto_.pureconst.acb147575a7fe92,"",@progbits
  35 0000 789C 6363 		.string	"x\234cc``\020\005b.\006\t&\tV\tv\tN\tn\t^\026>\t\001\tA\026"
  35      6060 1005 
  35      622E 0609 
  35      2609 5609 
  35      7609 4E09 
  36 001f 0F38 014C 		.ascii	"\0178\001L"
  37               		.text
  38               		.section	.gnu.lto_backlight_init.acb147575a7fe92,"",@progbits
  39 0000 789C 8D94 		.string	"x\234\215\224\337KTA\024\307\317w\346\376\362g\322S\302\022B\017\242D\327\240\177\246\247
  39      DF4B 5441 
  39      14C7 CF77 
  39      E6FE F267 
  39      D253 C212 
  40 008f BB4D 58BE 		.ascii	"\273MX\276\333\002\324\300\261@!!5\3350-\204pE^\227\030hZH\212"
  40      DB02 D4C0 
  40      B140 2121 
  40      35DD 302D 
  40      8470 455E 
  41 00a9 B20E 871F 		.ascii	"\262\016\207\037\367\306\352>\347\256\213\230$\212\362\253\036"
  41      F7C6 EA3E 
  41      E7AE 8B98 
  41      248A F2AB 
  41      1E
  42 00ba 3C46 1971 		.ascii	"<F\031q\330\\\367zk\201\241\371~\364\300 \360\240kZw\235\365"
  42      D85C F77A 
  42      6B81 A1F9 
  42      7EF4 C020 
  42      F0A0 6B5A 
  43 00d1 8D26 C79D 		.ascii	"\215&\307\235\275\203[\372^PLB\260\021\222\215\324\324HW\306"
  43      BD83 5BFA 
  43      5E50 4C42 
  43      B011 928D 
  43      D4D4 4857 
  44 00e6 507F 4D36 		.ascii	"P\177M6Z\2212D\315\\\207\221\034\227\"R\250Q\330\245%\204\343"
  44      5A91 3244 
  44      CD5C 8791 
  44      1C97 2252 
  44      A851 D8A5 
  45 00fd 6B53 50D5 		.ascii	"kSP\325\333%X4\231\\\2321C\177\034+&\365\250dA\364\"\304\371"
  45      DB25 5834 
  45      995C 9A31 
  45      437F 1C2B 
  45      26F5 A864 
  46 0116 067D 46FD 		.ascii	"\006}F\375\314\340PVh\264a`\322\274,Y\036\204\004\002\036|DJ"
  46      CCE0 5056 
  46      68B4 6160 
  46      D2BC 2C59 
  46      1E84 0402 
  47 012e 9A2F 4E57 		.ascii	"\232/NW\336\030"
  47      DE18 
  48 0134 F1C2 6973 		.string	"\361\302is]3\312\362\204'^]\313\313\321\262p:\346\244\257!6\247\345D\2714\341\251\227\226
  48      5D33 CAF2 
  48      8427 5E5D 
  48      CBCB D1B2 
  48      703A E6A4 
  49 0235 63AC E49D 		.string	"c\254\344\235\360\203\351\030\016\350ZJ\376,\360\003\bo3\2556\251\255\334_aj\344\202\037\
  49      F083 E918 
  49      0EE8 5A4A 
  49      FE2C F003 
  49      086F 33AD 
  50 027c 537C 77DA 		.ascii	"S|w\332\245\031\223E\264\214\272x_\256\027\312\317\017\230\\"
  50      A519 9345 
  50      B48C BA78 
  50      5FAE 17CA 
  50      CF0F 985C 
  51 0290 CC4C BD17 		.ascii	"\314L\275\027\331wI\343eO#`\b\376t@\t0C\240\266\252\362X\260"
  51      D977 49E3 
  51      654F 2360 
  51      08FE 7440 
  51      0930 43A0 
  52 02a9 BAE6 A41D 		.ascii	"\272\346\244\035\254\256\252\252>o\2378\036\254<w\366\364\231"
  52      ACAE AAAA 
  52      3E6F 9F38 
  52      1EAC 3C77 
  52      F6F4 99
  53 02bc DA43 41FA 		.ascii	"\332CA\372\013\222\367\225q"
  53      0B92 F795 
  53      71
  54               		.text
  55               		.section	.gnu.lto_backlight_increase.acb147575a7fe92,"",@progbits
  56 0000 789C 8D94 		.ascii	"x\234\215\224KO\024A\020\307\373?=3;\273<E\017\232l\f7\202\007"
  56      4B4F 1441 
  56      10C7 FB3F 
  56      3D33 3BBB 
  56      3C45 0F9A 
  57 0019 173E 8367 		.ascii	"\027>\203g?\200'\243\304\370@$!\234\274\354\300\362T\022\321"
  57      3F80 27A3 
  57      C4F8 4024 
  57      219C BCEC 
  57      C0F2 5412 
  58 002e C86A C846 		.ascii	"\310j\310F7\361\240\034\224 \017Y@Y\001E\020y\211\017\004\324"
  58      37F1 A01C 
  58      9420 0F59 
  58      4059 0145 
  58      1079 890F 
  59 0044 9848 4040 		.ascii	"\230H@@\243r\001\021\255\232\031\0270\260\331I\246g\246\252\273"
  59      A372 0111 
  59      AD9A 1917 
  59      30B0 D949 
  59      A667 A6AA 
  60 0059 EB57 FFAA 		.ascii	"\353W\377\252i]\b\221\252\013"
  60      695D 0891 
  60      AA0B 
  61 0063 B19F 9E87 		.string	"\261\237\236\207\351\206K@\251\035\026\242\304P\024Y\225%L\217\312c\262\204j\233UE\033\36
  61      E986 4B40 
  61      A91D 16A2 
  61      C450 1459 
  61      9525 4C8F 
  62 0164 059D 1C80 		.ascii	"\005\235\034\200\256j)EU\226\205\035\bV,-\244\331\363\025{Ik"
  62      AE6A 2945 
  62      5596 851D 
  62      0856 2C2D 
  62      A4D9 F315 
  63 017b E550 93B3 		.ascii	"\345P\223\263\004\350\242%\224\334\304\005k\317D2y\270}&\341"
  63      04E8 A225 
  63      94DC C405 
  63      6BCF 4432 
  63      79B8 7D26 
  64 0190 5970 2E8F 		.ascii	"Yp.\217\342\345\322\035\313%\n_=kM\250\352\206\304\313ss\347"
  64      E2E5 D21D 
  64      CB25 0A5F 
  64      3D6B 4DA8 
  64      EA86 C4CB 
  65 01a7 13C5 78BC 		.ascii	"\023\305x\274\003F\233\205\321\2633\206\013\275\214\301\301\321"
  65      0346 9B85 
  65      D1B3 3386 
  65      0BBD 8CC1 
  65      C1D1 
  66 01b9 07DF 6641 		.ascii	"\007\337fA\\$\310\023[\220\216\371y\217\255\232L\204\346\351"
  66      5C24 C813 
  66      5B90 8EF9 
  66      798F AD9A 
  66      4C84 E6E9 
  67 01cd 8EE5 35D0 		.ascii	"\216\3455\320o\261X\315\373\214J\270\210\262L\253e\267\356\353"
  67      6FB1 58CD 
  67      FB8C 4AB8 
  67      88B2 4CAB 
  67      65B7 EEEB 
  68 01e1 0EF2 BE18 		.ascii	"\016\362\276\030\200_P\314\220\3640EW\303\031\033B\245\311\365"
  68      805F 50CC 
  68      90F4 3045 
  68      57C3 191B 
  68      42A5 C9F5 
  69 01f5 9DCB 831A 		.ascii	"\235\313\203\032c&\301\330\334\201\311\377w`r\230\263\333\212"
  69      6326 C1D8 
  69      DC81 C9FF 
  69      7760 7298 
  69      B3DB 8A
  70 0208 9882 2142 		.ascii	"\230\202!B|\276-b*^X\210\252-\327\375\326\246KJ\316=\307\251"
  70      7CBE 2D62 
  70      2A5E 5888 
  70      AA2D D7FD 
  70      D6A6 4B4A 
  71 0220 6018 3E0C 		.ascii	"`\030>\f\302\213\\Z\213\021\344pW\255U8=\250\331l-}\375\025\006"
  71      C28B 5C5A 
  71      8B11 E470 
  71      57AD 5538 
  71      3DA8 D96C 
  72 0239 C328 24E1 		.ascii	"\303($\341(E\241F\235:\344L!\177\343bd%\305\366\013\214\305\332"
  72      2845 A146 
  72      9D3A E44C 
  72      217F E362 
  72      6425 C5F6 
  73 0251 5413 A35E 		.ascii	"T\023\243^\347\357r\333\223\023\252\375x\234\237\351e\274\006"
  73      E7EF 72DB 
  73      9313 AAFD 
  73      789C 9FE9 
  73      65BC 06
  74 0264 9C88 35E0 		.ascii	"\234\2105\340+\252\004\205\375Q\351\344\341\242\320T\232\362"
  74      2BAA 0485 
  74      FD51 E9E4 
  74      E1A2 D054 
  74      9AF2 
  75 0276 ED4A 9316 		.ascii	"\355J\223\026d=\361\232J\263Y\367tK\367\300j\367\317T\232\267"
  75      643D F19A 
  75      4AB3 59F7 
  75      744B F7C0 
  75      6AF7 CF54 
  76 028c 970C 7C1A 		.ascii	"\227\f|\032\261mel\251*\211`K\322Cr\027\336\022\355\033\207\266"
  76      B16D 656C 
  76      A92A 8960 
  76      4BD2 4372 
  76      17DE 12ED 
  77 02a3 EFF2 42AD 		.ascii	"\357\362B\255'\267\321\254\265\20020I\2648\340up\253\277\rL)"
  77      27B7 D1AC 
  77      B580 3230 
  77      49B4 38E0 
  77      7570 ABBF 
  78 02ba B4D7 75CB 		.ascii	"\264\327u\313\273\033\357\220Kq\247\340'\276\220\334cI\246o>"
  78      BB1B EF90 
  78      4B71 A7E0 
  78      27BE 90DC 
  78      6349 A66F 
  79 02cf 9116 820E 		.ascii	"\221\026\202\016\276\221\210l\323qd\233\211'\333\373\230l\037"
  79      BE91 886C 
  79      D371 649B 
  79      8927 DBFB 
  79      986C 1F
  80 02e2 FEC9 76C4 		.ascii	"\376\311v\304\216\353\246\320q:\232O\347\217VG\273\271\243\277"
  80      8EEB A6D0 
  80      713A 9A4F 
  80      E78F 5647 
  80      BBB9 A3BF 
  81 02f6 A234 DC9C 		.ascii	"\2424\334\234d\237\327\202\017Zp2\244\255\267\270 \377h^a\321"
  81      649F D782 
  81      0F5A 7032 
  81      A4AD B7B8 
  81      20FF 685E 
  82 030c 095F 5E61 		.ascii	"\t_^aAA\3419\337\361cy\371gO\237<U|0O\374\005\360\355\366\177"
  82      4141 E139 
  82      DFF1 6379 
  82      F967 4F9F 
  82      3C55 7C30 
  83               		.text
  84               		.section	.gnu.lto___c.1787.acb147575a7fe92,"",@progbits
  85 0000 789C 6363 		.string	"x\234cc``\020\003b)\006\b\230\302\314\330\367\371\324!~E\246\371\r3\024\3460300nfTd\220HJ
  85      6060 1003 
  85      6229 0608 
  85      98C2 CCD8 
  85      F7F9 D421 
  86 003e 00        		.string	""
  87 003f 9A0C 0F83 		.ascii	"\232\f\017\203"
  88               		.text
  89               		.section	.gnu.lto_backlight_decrease.acb147575a7fe92,"",@progbits
  90 0000 789C 8D55 		.string	"x\234\215U[o\023W\020>\3379{\263c\273\024\220 \222\005y\205\007L\252\376\203J}\343\007 \0
  90      5B6F 1357 
  90      103E DF39 
  90      7BB3 63BB 
  90      1490 2092 
  91 0094 2F7C 0F22 		.ascii	"/|\017\"-\225e;Hc\273\372F\241\247i\270 \227\374\340\323\025"
  91      2D95 653B 
  91      4863 BBFA 
  91      46A1 A769 
  91      B820 97FC 
  92 00ab 7CFB BCD2 		.ascii	"|\373\274\322\3771@N\t\221\245\037_\370\005K\004m\273\177p\242"
  92      FF31 404E 
  92      0991 A51F 
  92      5FF8 054B 
  92      046D BB7F 
  93 00c1 2DEE 5806 		.ascii	"-\356X\006G\007\034\274\003\363\312@d\017\223\203n\204\264_\266"
  93      4707 1CBC 
  93      03F3 CA40 
  93      640F 9383 
  93      6E84 B45F 
  94 00d6 037F E24D 		.ascii	"\003\177\342M\223\037\214\357C\333\247\013 r\n\222\215\"#-66"
  94      931F 8CEF 
  94      43DB A70B 
  94      2072 0A92 
  94      8D22 232D 
  95 00ec 3F3A 6C5C 		.ascii	"?:l\\2\312\343U\204M\224M\005o\211\221\261\342\274J0&D3\005\243"
  95      32CA E355 
  95      844D 944D 
  95      056F 8991 
  95      B1E2 BC4A 
  96 0106 4CFC 40B4 		.ascii	"L\374@\264(\311\253L \376F}\367\310\253V0\211=\212\231\3559\372"
  96      28C9 AB4C 
  96      20FE 467D 
  96      F7C8 AB56 
  96      3089 3D8A 
  97 011e FCAC FDA5 		.ascii	"\374\254\375\245\312)\033\036=f\033z\372]~$v\364X(\214\016\272"
  97      CA29 1B1E 
  97      3D66 1B7A 
  97      FA5D 7E24 
  97      76F4 5828 
  98 0135 E9D7 BE47 		.ascii	"\351\327\276G@\236\017%\254#\363\364\353D\036{){\027GH\235_\221"
  98      409E 0F25 
  98      AC23 F3F4 
  98      EB44 1E7B 
  98      297B 1747 
  99 014d D48E CEBE 		.ascii	"\324\216\316\276\333\257\274\324\317,P~\230\274\036\n\310\243"
  99      DBAF BCD4 
  99      CF2C 507E 
  99      98BC 1E0A 
  99      C8A3 
 100 015f 4DEB 43EE 		.ascii	"M\353C\356C\207\017~%\227\037\320\356\357%QD\027R\350D\022\325"
 100      4387 0F7E 
 100      2597 1FD0 
 100      EEEF 2551 
 100      4417 52E8 
 101 0176 F47F 1CC5 		.ascii	"\364\177\034\305r\242\227\031o\f\311I\303\357\251\277\243)\306"
 101      72A2 9719 
 101      6F0C C949 
 101      C3EF A9BF 
 101      A329 C6
 102 0189 8480 1740 		.ascii	"\204\200\027@7\205z\210\255\203'z'w\321\226\366\321\302X\334"
 102      3785 7A88 
 102      AD83 277A 
 102      2777 D196 
 102      F6D1 C258 
 103 019e 6C11 F88D 		.ascii	"l\021\370\215\311\320\325\242\224\030\2524)w\215\214o2\333U9"
 103      C9D0 D5A2 
 103      9418 AA34 
 103      2977 8D8C 
 103      6F32 DB55 
 104 01b3 39FD 3E73 		.ascii	"9\375>sNU\234\321\261\342\214^\336\3104\310)\247D\200T\033\037"
 104      4E55 9CD1 
 104      B1E2 8C5E 
 104      DEC8 34C8 
 104      29A7 4480 
 105 01ca 2870 1C29 		.ascii	"(p\034)N&\3338\346\232\300\226\211\335\035|\327\257\325\226X"
 105      4E26 DB38 
 105      E69A C096 
 105      89DD 1D7C 
 105      D7AF D596 
 106 01df 8C1E 8A41 		.ascii	"\214\036\212A\354\256n\323\271\224\303\354DI\265{Kq;9\305\355"
 106      ECAE 6ED3 
 106      B994 C3EC 
 106      4449 B57B 
 106      4B71 3B39 
 107 01f5 1452 C4C7 		.ascii	"\024R\304\307\264\302\353l\250\243]N\370\276Y\302w*\016\177z"
 107      B4C2 EB6C 
 107      A8A3 5D4E 
 107      F8BE 59C2 
 107      772A 0E7F 
 108 020a B662 1FD0 		.ascii	"\266b\037\320\305>S\\\354\263\323\212\315\ftq\t\354l\nA\227p"
 108      C53E 535C 
 108      ECB3 D38A 
 108      CD0C 7471 
 108      09EC 6C0A 
 109 0221 5D4F 2DD2 		.ascii	"]O-\322\356H\271*\235+\251\322\371\331UR\270\300*IV\351\"\253"
 109      EE48 B92A 
 109      9D2B A9D2 
 109      F9D9 5552 
 109      B8C0 2A49 
 110 0239 E49A EE99 		.ascii	"\344\232\356\231\370\310\020\362\312\211\336?k\367D0\240c\353"
 110      F8C8 10F2 
 110      CA89 DE3F 
 110      6BF7 4430 
 110      A063 EB
 111 024c 17C3 25EA 		.ascii	"\027\303%\352\220Ql\255\322\257\203\367\317\215f\371\\\\FZP\314"
 111      9051 6CAD 
 111      D2AF 83F7 
 111      CF8D 66F9 
 111      5C5C 465A 
 112 0262 9CAA D0ED 		.ascii	"\234\252\320\355l\025\217p\363\276P\243H\361\314\306\246\317"
 112      6C15 8F70 
 112      F3BE 50A3 
 112      48F1 CCC6 
 112      A6CF 
 113 0274 6C2C CFC9 		.ascii	"l,\317\311\274\3170\216\253\304\360\312\214\f\023\270\246\031"
 113      BCCF 308E 
 113      ABC4 F0CA 
 113      8C0C 13B8 
 113      A619 
 114 0286 5AFF 2B62 		.ascii	"Z\377+b\025\227\360zq\toL+a\324\220\351\350\355k\364\3140\002"
 114      1597 F07A 
 114      7109 6F4C 
 114      2B61 D490 
 114      E9E8 ED6B 
 115 029e 37C3 71FD 		.ascii	"7\303q\375$\334R4\235\266\030H\206\323\0311\336\212r\324\375"
 115      24DC 5234 
 115      9DB6 1848 
 115      86D3 1931 
 115      DE8A 72D4 
 116 02b3 A3C4 6CDE 		.ascii	"\243\304l\336*\325\377\203S\375\177[\317f\375\177\223m\026\243"
 116      2AD5 FF83 
 116      53FD 7F5B 
 116      CF66 FD7F 
 116      936D 16A3 
 117 02c7 D054 8A86 		.ascii	"\320T\212\206\231J\361A\226\005\304\237T\212b\241\347h\2413/"
 117      994A F141 
 117      9605 C49F 
 117      548A 62A1 
 117      E768 A133 
 118 02dc 8F3D 4BD0 		.ascii	"\217=K\320\276\205\004\360\233\235\261\261K\3776W\020\331-sr"
 118      BE85 04F0 
 118      9B9D B1B1 
 118      4BFF 3657 
 118      10D9 2D73 
 119 02f1 EA43 DC25 		.ascii	"\352C\334%\266wB\266\275;\377i\215V\267\373\255\232\320\\\334"
 119      B677 42B6 
 119      BD3B FF69 
 119      8D56 B7FB 
 119      AD9A D05C 
 120 0306 23B6 589A 		.ascii	"#\266X\232\f\351\266<93(\351\254]\332;\017\177\241\232\342\336"
 120      0CE9 B63C 
 120      3933 28E9 
 120      AC5D DA3B 
 120      0F7F A19A 
 121 031c 479A F8E5 		.ascii	"G\232\370\345\324|-\231\363\256\003\272FZ\036\3145\364\343\345"
 121      D47C 2D99 
 121      F3AE 03BA 
 121      465A 1ECC 
 121      35F4 E3E5 
 122 0330 C8F6 A084 		.ascii	"\310\366\240\204lC\245d{8%\333\360\244l+M\334\004\205.\321\301"
 122      6C43 A564 
 122      7B38 25DB 
 122      F0A4 6C2B 
 122      4DDC 0485 
 123 0347 FCA5 7BA4 		.ascii	"\374\245{\244;8\301\035\374\030\365\371\375\333a>~\202?N\340"
 123      3B38 C11D 
 123      FC18 F5F9 
 123      FDDB 613E 
 123      7E82 3F4E 
 124 035c 6C48 DCE4 		.ascii	"lH\334\344\346\332\365\253k\3526\255M\325\324\325\326\326mL}"
 124      E6DA F5AB 
 124      6BEA 36AD 
 124      4DD5 D4D5 
 124      D6D6 6D4C 
 125 0371 B6A6 66FD 		.ascii	"\266\246f\375\206/\326}\276yY\215x\013\2046_\n"
 125      862F D67D 
 125      BE79 598D 
 125      780B 8436 
 125      5F0A 
 126               		.text
 127               		.section	.gnu.lto___c.1792.acb147575a7fe92,"",@progbits
 128 0000 789C 6363 		.string	"x\234cc``\020\003b)\006\b\230\302\314\370\343\320\232\331\254\212L\363\033f(\314af``\334\
 128      6060 1003 
 128      6229 0608 
 128      98C2 CCF8 
 128      E3D0 9AD9 
 129 003e 00        		.string	""
 130 003f 967D 0F5F 		.ascii	"\226}\017_"
 131               		.text
 132               		.section	.gnu.lto_backlight_enable.acb147575a7fe92,"",@progbits
 133 0000 789C 8D54 		.string	"x\234\215T[OSA\020\336\331=7(-\210/j\032C\342\023<X\210\376\003\023\377\203OF\033Q\203Hbx
 133      5B4F 5341 
 133      10DE D93D 
 133      3728 2D88 
 133      2F6A 1A43 
 134 009c B4D1 3560 		.ascii	"\264\3215`\036.$YQ5\360\300yqY\300\200o>\314\013\257\351\270"
 134      1E2E 2459 
 134      5135 F0C0 
 134      7971 59C0 
 134      806F 3ECC 
 135 00b4 2257 6694 		.ascii	"\"Wf\224Z\275f\207!\030\013\340\217\026\334\202B\206no\332V\033"
 135      5ABD 6687 
 135      2118 0BE0 
 135      8F16 DC82 
 135      4286 6E6F 
 136 00cb EC8A 64E9 		.ascii	"\354\212d\351\241\035\024XW\006\205\245B\331\201\006\374\240"
 136      A11D 1458 
 136      5706 85A5 
 136      42D9 8106 
 136      FCA0 
 137 00dd A675 4A8E 		.ascii	"\246uJ\216\350\253\177}z$\026\202\225\203\371\300\f\001\234\204"
 137      E8AB 7F7D 
 137      7A24 1682 
 137      9583 F9C0 
 137      0C01 9C84 
 138 00f1 2021 9190 		.ascii	" !\221\220I($T\024\\\243\035cu\030\016\321\352\021\346\027\234"
 138      4928 2454 
 138      145C A31D 
 138      6375 180E 
 138      D1EA 11E6 
 139 0107 76DE 08FB 		.ascii	"v\336\b\373\bg{\027ZB\n\245i\022\224\273\251gqT>'\f!@\303c\240"
 139      0867 7B17 
 139      5A42 0AA5 
 139      6912 94BB 
 139      A967 7154 
 140 0123 6660 42A5 		.ascii	"f`B\245\243\004\0047\034\216\315\252\236\025]CE\220\202\242\256"
 140      A304 0437 
 140      1C8E CDAA 
 140      9E15 5D43 
 140      4590 82A2 
 141 0138 DDFB ED92 		.ascii	"\335\373\355\222#\bW\301\0202t!\377\333\3404\r\235Cs\2775\327"
 141      2308 57C1 
 141      1032 7421 
 141      FFDB E034 
 141      0D9D 4373 
 142 014f 0D2A 4170 		.ascii	"\r*Ap\036\255\n\204!\b\rf\005\320|\263\243\355\002/n1\315\245"
 142      1EAD 0A84 
 142      2108 0D66 
 142      05D0 7CB3 
 142      A3ED 022F 
 143 0167 8810 BAC1 		.ascii	"\210\020\272\301\005\235\340\204\022\374;\364@1\242\363\376\251"
 143      059D E084 
 143      12FC 3BF4 
 143      4031 A2F3 
 143      FEA9 
 144 0179 050B 1BB7 		.ascii	"\005\013\033\267\340\265G\207j5\302\003\270z1\321{\250\236\035"
 144      E0B5 4787 
 144      6A35 C203 
 144      B87A 31D1 
 144      7BA8 9E1D 
 145 018d 8CAE 39A1 		.ascii	"\214\2569\241Gk,\274d\267<\030\364\021\024\\~!Xc\221Ex\361CW"
 145      476B 2CBC 
 145      64B7 3C18 
 145      F411 145C 
 145      7E21 5863 
 146 01a7 2897 FC33 		.ascii	"(\227\3743\341s'\005\237N\223O\1772\237\345io\r\267\314\005\206"
 146      E173 2705 
 146      9F4E 934F 
 146      7F32 9FE5 
 146      696F 0DB7 
 147 01be 5021 02AE 		.ascii	"P!\002\256\006\n\311\340.\270\320\336\341\033k\313&`*B\037\300"
 147      060A C9E0 
 147      2EB8 D0DE 
 147      E11B 6BCB 
 147      2660 2A42 
 148 01d4 9888 A57B 		.ascii	"\230\210\245{!\034rX\330E&p\006\267\206\203\3714\210\232`8%\274"
 148      211C 7258 
 148      D845 2670 
 148      06B7 8683 
 148      F934 889A 
 149 01ec 072E 2ACC 		.ascii	"\007.*\314L\2420\"9?v-\334O\024Fb\315\216\265\302t{\3633-\314"
 149      4CA2 3022 
 149      393F 762D 
 149      DC4F 1446 
 149      62CD 8EB5 
 150 0207 50DA 8B1E 		.ascii	"P\332\213\036N]\030\016#T\030\263\337G7\026\206#\260\007&0\277"
 150      4E5D 180E 
 150      2354 18B3 
 150      DF47 3716 
 150      8623 B007 
 151 021e 9013 F7D5 		.ascii	"\220\023\367\325\275\320\023\212\323\2202A6\226\246F\017\327"
 151      BDD0 138A 
 151      D390 3241 
 151      3696 A646 
 151      0FD7 
 152 0230 6B34 8E35 		.ascii	"k4\2165\212Au\2019a\033\343f\005(.L\200\207aNCd\233sr\275WX("
 152      8A41 7581 
 152      3961 1BE3 
 152      6605 282E 
 152      4C80 8761 
 153 024e E4E4 B9B0 		.ascii	"\344\344\271\260m\236\013[\220\342o\004\225\003\223\b\352\321"
 153      6D9E 0B5B 
 153      90E2 6F04 
 153      9503 9308 
 153      EAD1 
 154 0260 96A0 EC30 		.ascii	"\226\240\3540e\202\222\376\233\212\002\352\341\307\311C\361d"
 154      6582 92FE 
 154      9B8A 02EA 
 154      E1C7 C943 
 154      F164 
 155 0272 D350 1098 		.ascii	"\323P\020\230\304\024\034\210\353\222\232^a?\355X\304\0244\035"
 155      C414 1C88 
 155      EB92 9A5E 
 155      613F ED58 
 155      C414 341D 
 156 0286 0142 0A4F 		.ascii	"\001B\nO\221f2\243\\\223\221w\271\377\207\003\375\360\325\312"
 156      9166 32A3 
 156      5C93 9177 
 156      B9FF 8703 
 156      FDF0 D5CA 
 157 029a A587 8874 		.ascii	"\245\207\210tK\223\237\353l\310\250*\317\020y0\215\224\236\305"
 157      4B93 9FEB 
 157      6CC8 A82A 
 157      CF10 7930 
 157      8D94 9EC5 
 158 02ae 2945 2F7E 		.ascii	")E/~\252\317.i\325\353M\324\333\3409R\202\"g\274\001\374_Gf9"
 158      AACF 2E69 
 158      D5EB 4DD4 
 158      DBE0 3952 
 158      8222 67BC 
 159 02c8 C66A 34AD 		.ascii	"\306j4\255\371\360\002J0\357\fx\f\261\335\304\251&]v\337\333"
 159      F9F0 024A 
 159      30EF 0C78 
 159      0CB1 DDC4 
 159      A926 5D76 
 160 02de 7C8B 889A 		.ascii	"|\213\210\232\311e\317\246\274l\005\346\3225\341\313D\023\276"
 160      C965 CFA6 
 160      BC6C 05E6 
 160      D235 E1CB 
 160      4413 BE
 161 02f1 C246 C0CC 		.ascii	"\302F\300\314\337}\207\254\274\032\246N\323\031\364(\2776;C\243"
 161      DF7D 87AC 
 161      BC1A A64E 
 161      D319 F428 
 161      BF36 3B43 
 162 0306 CE20 F85A 		.ascii	"\316 \370Z\3745\375\002\334z\335\353\020*\252\360\344\254,/;"
 162      FC35 FD02 
 162      DC7A DDEB 
 162      102A AAF0 
 162      E4AC 2C2F 
 163 031b ECAE 3873 		.ascii	"\354\2568s\314\345\256(/\2578\355:z\304]v\352\344\361\023\225"
 163      CCE5 AE28 
 163      2FAF 38ED 
 163      3A7A C45D 
 163      76EA E4F1 
 164 0331 7BDD EC1F 		.ascii	"{\335\354\037b\234\374 "
 164      629C FC20 
 165               		.text
 166               		.section	.gnu.lto_backlight_disable.acb147575a7fe92,"",@progbits
 167 0000 789C 8D94 		.ascii	"x\234\215\224\317O\324P\020\307\347\373^\333-\013,\350I\223\306"
 167      CF4F D450 
 167      10C7 E7FB 
 167      5EDB 2D0B 
 167      2CE8 4993 
 168 0015 70C5 83CB 		.ascii	"p\305\203\313&\336=x\360\344\337`tc\324 \222\030\356[\\~F\023"
 168      26DE 3D78 
 168      F0E4 DF60 
 168      7463 D420 
 168      9218 EE5B 
 169 002d 5723 2B21 		.ascii	"W#+!\215i\302\301\230\250\004\345\207\013(\025V\021\224\237\036"
 169      8D69 C2C1 
 169      98A8 04E5 
 169      870B 2815 
 169      5611 949F 
 170 0042 D4E0 C9   		.ascii	"\324\340\311"
 171 0045 A801 458D 		.string	"\250\001E\215\221\013\250\350\274\266A \213\341%}\357uf:\363\231\231\367j\020\321!\215h\0
 171      910B A8E8 
 171      BCB6 4120 
 171      8BE1 257D 
 171      EF75 663A 
 172 0146 E2F4 010D 		.string	"\342\364\001\r\363\243y\024\340"
 172      F3A3 7914 
 172      E000 
 173 0150 0883 2A00 		.string	"\b\203*"
 174 0154 8F56 2969 		.string	"\217V)i\306\n\270\227\027\246;\313\224\375N(\207\nS\272}P\234\017\377\307\371h\235s\030q\
 174      C60A B897 
 174      17A6 3BCB 
 174      94FD 4E28 
 174      870A 53BA 
 175 01ef 131C 4535 		.ascii	"\023\034E5\374ph\302\372\256\245\334Ji\240'<_o\267F\271\"n\367"
 175      FC70 68C2 
 175      FAAE A5DC 
 175      4A69 A027 
 175      3C5F 6FB7 
 176 0208 3635 29CD 		.ascii	"65)\315\252<\360\202k\2621\337\230\237ozu\370G\214\355\370\212"
 176      AA3C F082 
 176      6BB2 31DF 
 176      989F 6F7A 
 176      75F8 478C 
 177 021f C5DC 907C 		.ascii	"\305\334\220|e\366KK1\347[_\356\3102Lq\302\223a\302\371+\237"
 177      65F6 4B4B 
 177      31E7 5B5F 
 177      EEC8 324C 
 177      71C2 9361 
 178 0237 33D1 4497 		.ascii	"3\321D\227\235\361s*\3074'\214\375Vx&Z\277\215\317\013\366\325"
 178      9DF1 732A 
 178      C734 278C 
 178      FD56 7826 
 178      5ABF 8DCF 
 179 024e EE6B 7761 		.ascii	"\356kwa\006\t\216;\213\224#w\373\234zp,\231\323]\214\025\356"
 179      0609 8E3B 
 179      8B94 2377 
 179      FB9C 7A70 
 179      2C99 D35D 
 180 0265 9EBA B873 		.ascii	"\236\272\270s[H\371\002\343%,\325M\345\305\bo\345W\210\340\217"
 180      5B48 F902 
 180      E325 2CD5 
 180      4DE5 C508 
 180      6FE5 5788 
 181 027b D0C2 3D67 		.ascii	"\320\302=g\021\277Yu5\325\307\222\265\347O\306\223\26555\265"
 181      11BF 5975 
 181      35D5 C792 
 181      B5E7 4FC6 
 181      93B5 3535 
 182 0290 E7E2 278E 		.ascii	"\347\342'\216'\253\317\2369u\272\356@\222\376\002\t\216g\247"
 182      27AB CF9E 
 182      3975 BAEE 
 182      4092 FE02 
 182      098E 67A7 
 183               		.text
 184               		.section	.gnu.lto_backlight_toggle.acb147575a7fe92,"",@progbits
 185 0000 789C 6D53 		.string	"x\234mS[O\023A\030\2353\263\335]\241T0>\330\244\211$\004\023x\260%\372\017\374\021>\032\2
 185      5B4F 1341 
 185      189D 33B3 
 185      DD5D A154 
 185      303E D8A4 
 186 004b A8E0 37BB 		.string	"\250\3407\273\253\"\262\311\314N\276\3539g\276\321\031c/\004c'\350\177\226\026L\006\336\2
 186      AB22 B2C9 
 186      CC4E BEEB 
 186      3967 BED1 
 186      1963 2F04 
 187 00d4 82F2 702A 		.ascii	"\202\362p*\200P\300\316\246\340w};\2359\272\206A\024:E1\004\035"
 187      8050 C0CE 
 187      A6E0 777D 
 187      3B9D 39BA 
 187      8641 143A 
 188 00ec 7F1D 49E1 		.ascii	"\177\035I\341\230h\177@\016\306\270\n%k\357+OZ\356\3546\311\364"
 188      9868 7F40 
 188      0EC6 B80A 
 188      256B EF2B 
 188      4F5A EEEC 
 189 0103 8C7F 6C63 		.ascii	"\214\177lc1/\033\314\022\234\253M\320&\ff\327d\315T\200\270\311"
 189      312F 1BCC 
 189      129C AB4D 
 189      D026 0C66 
 189      D764 CD54 
 190 011a 346B 115C 		.ascii	"4k\021\\\235\242i\366\001\365\303k]S\272*\334-\f\352\026\217"
 190      9DA2 69F6 
 190      01F5 C36B 
 190      5D53 BA2A 
 190      DC2D 0CEA 
 191 0130 4D2E 1A57 		.ascii	"M.\032W\205%4\233B*\225"
 191      8525 349B 
 191      422A 95
 192 013b 5936 223F 		.string	"Y6\"?\245I\206\244\200\215t \372\265\303\227\304MX\302\203\024\351\363\020\001\33314\373\
 192      A549 86A4 
 192      808D 7420 
 192      FAB5 C397 
 192      C44D 58C2 
 193 023c C501 F7AE 		.string	"\305\001\367\256Z\276\314-s\252\225\260\275\2071\207\022\352;\217\b\341\263D\256\215]s\20
 193      5ABE CC2D 
 193      73AA 95B0 
 193      BD87 3187 
 193      12EA 3B8F 
 194 029c A03C D421 		.string	"\240<\324!P[Uq.\\s\245<\030\256\251\252\252\251\016\226\225\206+*/]\270X{2\314\214\362\35
 194      505B 5571 
 194      2E5C 73A5 
 194      3C18 AEA9 
 194      AAAA A90E 
 195 02c6 22A0 488C 		.ascii	"\"\240H\214"
 196               		.text
 197               		.section	.gnu.lto_is_backlight_enabled.acb147575a7fe92,"",@progbits
 198 0000 789C 3D4E 		.string	"x\234=N1K\303@\030\375\336}\232f\261\263`\220\016.]\214\340\017\022\r\242RcA:\271\344L(*:
 198      314B C340 
 198      18FD DE7D 
 198      9A66 B1B3 
 198      6090 0E2E 
 199 005c 6D83 0285 		.string	"m\203\002\205"
 199      00
 200 0061 5BBC CBD8 		.ascii	"[\274\313\330\211\033\317\305\362\241\326\241\316\367\272\205"
 200      891B CFC5 
 200      F2A1 D6A1 
 200      CEF7 BA85 
 201 0071 2B5D 1F4E 		.ascii	"+]\037N\230\250)\266I\007\023\216\2118A\231d\364\245\325\213"
 201      98A8 29B6 
 201      4907 138E 
 201      8938 4199 
 201      64F4 A5D5 
 202 0086 87AC 01A3 		.ascii	"\207\254\001\243\t\331\206E\262\207\216\273\203\271\356\375\254"
 202      09D9 8645 
 202      B287 8EBB 
 202      83B9 EEFD 
 202      AC
 203 0097 E9FC 768C 		.ascii	"\351\374v\214Y\221q\323\272<\262K\347\264!\224\240(\247W\204"
 203      5991 71D3 
 203      BA3C B24B 
 203      E7B4 2194 
 203      A028 A757 
 204 00ac 1737 2BC6 		.ascii	"\0277+\306\267\317J\342\232\365\313\373\302&'\f\230\364,{{,\004"
 204      B7CF 4AE2 
 204      9AF5 CBFB 
 204      C226 270C 
 204      98F4 2C7B 
 205 00c3 DFDA 1622 		.ascii	"\337\332\026\"5\031\302\265\243\217\355b\212\003$\254\320\221"
 205      3519 C2B5 
 205      A38F ED62 
 205      8A03 24AC 
 205      D091 
 206 00d5 CAA7 70FA 		.ascii	"\312\247p\372B\347\372\351\313v\217\264\234R\302\2143\244\210"
 206      42E7 FAE9 
 206      CB76 8FB4 
 206      9C52 C28C 
 206      33A4 88
 207 00e8 8DC9 889F 		.ascii	"\215\311\210\237\017Q]\375\213\204s\2701\233\252\310\340\322"
 207      0F51 5DFD 
 207      8B84 73B8 
 207      319B AAC8 
 207      E0D2 
 208 00fa 3BC2 D25F 		.ascii	";\302\322_\t\3527\205\351'\330\251\371\225)\257\272<\353zU\337"
 208      09EA 3785 
 208      E927 D8A9 
 208      F995 29AF 
 208      BA3C EB7A 
 209 0110 AF2E B933 		.ascii	"\257.\2713\323^eqan\2766\356\321/\346\371`B"
 209      D35E 6571 
 209      616E BE36 
 209      EED1 2FE6 
 209      F960 42
 210               		.text
 211               		.section	.gnu.lto_backlight_step.acb147575a7fe92,"",@progbits
 212 0000 789C 8D95 		.ascii	"x\234\215\225\337OTG\024\307\347{\347\376bwA\212M\323\207\215"
 212      DF4F 5447 
 212      14C7 E77B 
 212      E7FE 6277 
 212      418A 4DD3 
 213 0016 E18D D887 		.ascii	"\341\215\330\207.\374\r}k\322\367\372\324(i\254Q$1\274\357\225"
 213      2EFC 0D7D 
 213      6BD2 F7FA 
 213      D428 69AC 
 213      5124 31BC 
 214 002c 1596 6D6B 		.ascii	"\025\226mk\n\215l\255\271\321MH4\306(\301\302\352\372\213\025"
 214      0A8D 6CAD 
 214      B9D1 4D48 
 214      34C6 28C1 
 214      C2EA FA8B 
 215 0041 50AA B588 		.ascii	"P\252\265\210\326\237\005\177\201RQ\264\261\365AQW\317\231Y\326"
 215      D69F 057F 
 215      8152 51B4 
 215      B1F5 4151 
 215      57CF 9959 
 216 0056 5561 B337 		.ascii	"Ua\2637\331sg\317\234{\317\347~\317\231\031[\b\361\265#\304\n"
 216      D973 67CF 
 216      9C7B CFE7 
 216      7ECF 9919 
 216      5B08 F1B5 
 217 006d BA7F 453F 		.ascii	"\272\177E?8\002F\347\230\020\233]\303\220\035u\302\013\230lC"
 217      3802 46E7 
 217      9810 9B5D 
 217      C390 1D75 
 217      C20B 986C 
 218 0082 12A6 769B 		.ascii	"\022\246v\233\2065\036&\267\235m \267\005[\273m\200\007\236\013"
 218      8635 1E26 
 218      B79D 6D20 
 218      B705 5BBB 
 218      6D80 079E 
 219 0097 1135 A469 		.ascii	"\0215\244i\331\210\342G\271Mb(>\2231V\356\361\350\312\376r\323"
 219      D988 E247 
 219      B94D 6228 
 219      3E93 3156 
 219      EEF1 E8CA 
 220 00ae 69F7 DA3E 		.ascii	"i\367\332>\365\245\020I\372\361\205\337\260RP\330T_\256\273\322"
 220      F5A5 1049 
 220      FAF1 85DF 
 220      B052 50D8 
 220      545F AEBB 
 221 00c3 36B5 1FFD 		.ascii	"6\265\037\375\260\361\326\231\222\332Ev\200&\350F\236\336\213"
 221      B0F1 D699 
 221      92DA 4576 
 221      8026 E846 
 221      9EDE 8B
 222 00d6 56D6 CBBD 		.ascii	"V\326\313\275\216{\331\311\036t}\371\t\204/a\260\221d\f\223\215"
 222      8E7B D9C9 
 222      1E74 7DF9 
 222      0984 2F61 
 222      B091 640C 
 223 00ec 4546 DA3C 		.ascii	"EF\332<r\330\270l*8$@\306\f\362(\304>!:(\005\361{Y\221\240\277"
 223      72D8 B86C 
 223      2A38 2440 
 223      C60C F228 
 223      C43E 213A 
 224 0108 348A 65C5 		.ascii	"4\212e\305\003\264\036\231}\326\023\344\324;$\363$\333\206\316"
 224      03B4 1E99 
 224      7DD6 13E4 
 224      D43B 24F3 
 224      24DB 86CE 
 225 011c 3B3F 485F 		.ascii	";?H_Z`\346Lfn\302\211\276\362\\r\244$q\221\257?\366\344\347\252"
 225      5A60 E64C 
 225      666E C289 
 225      BEF2 5C72 
 225      A424 7191 
 226 0136 1476 C297 		.ascii	"\024v\302\2276\016\221\bi\204\325Dzt\362\205\033\331\317:\324"
 226      360E 9108 
 226      6984 D544 
 226      7A74 F285 
 226      1BD9 CF3A 
 227 014b FAD2 C161 		.ascii	"\372\322\301a\244\320\255D\240\311\371\253\2616\2430\td\020\351"
 227      A4D0 AD44 
 227      A0C9 F9AB 
 227      B136 A330 
 227      0964 10E9 
 228 015f E617 0A1C 		.ascii	"\346\027\n\034A\204@b\311\366\214\2439\f\2152\020?\327\027`\024"
 228      4184 4062 
 228      C9F6 8CA3 
 228      390C 8D32 
 228      103F D717 
 229 0175 D075 9472 		.ascii	"\320u\224r\020\355\245\357\3011\345\220\035[\234,\225\006\263"
 229      10ED A5EF 
 229      C131 E590 
 229      1D5B 9C2C 
 229      9506 B3
 230 0188 1D2F C576 		.ascii	"\035/\305v\242\3006\210\b\361\210{\330rmxlW}\236\217\036I\370"
 230      A2C0 3688 
 230      08F1 887B 
 230      D872 6D78 
 230      6C57 7D9E 
 231 01a0 BFEE 7334 		.ascii	"\277\356s4\234D\226\323\320\225\220Rt\324i]\237\336\237\217\325"
 231      9C44 96D3 
 231      D095 9052 
 231      74D4 695D 
 231      9FDE 9F8F 
 232 01b5 94CB 7A72 		.ascii	"\224\313zr\t\326\031\305:T\212u\270\300:\202Hq\001\001\201S\n"
 232      09D6 19C5 
 232      3A54 8A75 
 232      B8C0 3A82 
 232      4871 0101 
 233 01cc 2C21 CDB7 		.ascii	",!\315\267\365>6\373rz\231\376\016\356\335\035G\237\236\2658"
 233      F53E 36FB 
 233      727A 99FE 
 233      0EEE DD1D 
 233      479F 9EB5 
 234 01e1 DC85 5B0E 		.ascii	"\334\205[\016\351\350\022\244\273%\223\376^Lzp\240\357'\243\376"
 234      E9E8 12A4 
 234      BB25 93FE 
 234      5E4C 7A70 
 234      A0EF 27A3 
 235 01f6 809A CED1 		.ascii	"\200\232\316\321\303\006\316 \202\323\b\243\201\236\307Y\324"
 235      C306 CE20 
 235      82D3 08A3 
 235      819E C759 
 235      D4
 236 0207 73D9 5FB6 		.ascii	"s\331_\266C\323\230\032\350\211\2675\036b \003\317\200?T\331"
 236      43D3 981A 
 236      E889 B735 
 236      1E62 2003 
 236      CF80 3F54 
 237 021c 63E9 783E 		.ascii	"c\351x>\310\2428\n\352\235\313<\257\324A\002\347\026Z\343\272"
 237      C8A2 380A 
 237      EA9D CB3C 
 237      AFD4 4102 
 237      E716 5AE3 
 238 0231 53AE DE7F 		.ascii	"S\256\336\177\226\354\215\261\245\365\2268\317z\033\254\3678"
 238      96EC 8DB1 
 238      A5F5 9638 
 238      CF7A 1BAC 
 238      F738 
 239 0243 F786 A5D7 		.ascii	"\367\206\245\327\320\253\236<`Y\351/,\271h*pQ%W[\304_\2640\346"
 239      D0AB 9E3C 
 239      6059 E92F 
 239      2CB9 682A 
 239      7051 2557 
 240 025d B0A5 566D 		.ascii	"\260\245Vm\f\357\2767\220\344\367\342\022\242\202r\3722\250J"
 240      0CEF BE37 
 240      90E4 F7E2 
 240      12A2 8272 
 240      FA32 A84A 
 241 0271 BB37 2735 		.ascii	"\2737'5\205S\334\b\241\367Wr(\305\037\360.T%\256\020\324\345"
 241      8553 DC08 
 241      A1F7 5772 
 241      28C5 1FF0 
 241      2E54 25AE 
 242 0288 45A1 AA70 		.ascii	"E\241\252pUA\231\037\324\265\226+p\255\270\252\327\337\253\252"
 242      5541 991F 
 242      D4B5 962B 
 242      70AD B8AA 
 242      D7DF ABAA 
 243 029c AB61 FA47 		.ascii	"\253a\372GF\333]]0\340o\312B+j\342\213|\210\252\240^?\226\030"
 243      46DB 5D5D 
 243      30E0 6FCA 
 243      422B 6AE2 
 243      8B7C 88AA 
 244 02b5 0FE7 F7A5 		.ascii	"\017\347\367\245\n=[Q\216\240\023%v\241\311R\253\347Fa\365\334"
 244      0A3D 5B51 
 244      8EA0 1325 
 244      76A1 C952 
 244      ABE7 4661 
 245 02cb 54BB 50EB 		.ascii	"T\273P\353\177\013\235\026\240\324\244~\333b\352/K\262\200\270"
 245      7F0B 9D16 
 245      A0D4 A47E 
 245      DB62 EA2F 
 245      4BB2 80B8 
 246 02df 45EA 170B 		.ascii	"E\352\027\013]\255\204\216\315\017\376_Eqt\006T\363\266\316\276"
 246      5DAD 848E 
 246      CD0F FE5F 
 246      4571 7406 
 246      54F3 B6CE 
 247 02f4 E717 1E75 		.ascii	"\347\027\036u\004\tvs\265/?\302\035\242\275\235\247\035\351z"
 247      0409 7673 
 247      B52F 3FC2 
 247      1DA2 BD9D 
 247      A71D E97A 
 248 0308 D819 68E8 		.ascii	"\330\031h\350\365:\025P\r\246\210\026\237\205\363\270\211\177"
 248      F53A 1550 
 248      0DA6 8816 
 248      9F85 F3B8 
 248      897F 
 249 031a CF4C 18F4 		.ascii	"\317L\030\364\256\355jv9\246\321@y\357\"J|\276\374XIf\027\357"
 249      AEED 6A76 
 249      39A6 D140 
 249      79EF 224A 
 249      7CBE FC58 
 250 0332 E5AF A76B 		.ascii	"\345\257\247k4~\260\034\331\356\225\220m\246\224l\377\024d\273"
 250      347E B01C 
 250      D9EE 9590 
 250      6DA6 946C 
 250      FF14 64BB 
 251 0346 BF20 DB2A 		.ascii	"\277 \333*\2357D\251K4-\037s\263\252iC\334\264\217\321\232\352"
 251      9D37 44A9 
 251      4B34 2D1F 
 251      73B3 AA69 
 251      43DC B48F 
 252 035d D906 7DF2 		.ascii	"\331\006}\362\t>\243\300_C\342\206[\232\326\177\323\330\274\351"
 252      093E A3C0 
 252      5F43 E286 
 252      5B9A D67F 
 252      D3D8 BCE9 
 253 0371 DB48 6373 		.ascii	"\333HcsSS\363\306\310\232\325\215\3537\254[\373]\313\347\215"
 253      5353 F3C6 
 253      C89A D58D 
 253      EB37 AC5B 
 253      FB5D CBE7 
 254 0386 E20D 0F2B 		.ascii	"\342\r\017+_\331"
 254      5FD9 
 255               		.text
 256               		.section	.gnu.lto_backlight_level.acb147575a7fe92,"",@progbits
 257 0000 789C 8D53 		.string	"x\234\215S]K\024Q\030>\317\234\231\235\321\374\200\256\272XH(\020\275h6\352\037t\327?\350
 257      5D4B 1451 
 257      183E CF9C 
 257      999D D1FC 
 257      80AE BA58 
 258 00c1 2455 604B 		.string	"$U`K\020\241\240 \207\300 \252ur\177!Q\0360\375~\310  @F\3373\313S\205\245\230\362\362\34
 258      10A1 A020 
 258      87C0 20AA 
 258      7572 7F21 
 258      511E 30FD 
 259 018a 0A2F BE8A 		.ascii	"\n/\276\212\266\031~\270\212\304\3000\334\204d\0211\002\227\270"
 259      B619 7EB8 
 259      8AC4 C030 
 259      DC84 6411 
 259      3102 97B8 
 260 019e 3091 91D9 		.ascii	"0\221\221\331\236\231J\237\233A%\311"
 260      9E99 4A9F 
 260      9B41 25C9 
 261 01aa E1F9 498B 		.string	"\341\371I\213\3318pV\303\346\3662l\316Kfs\347O6\327\006\373\217\033\241\253:\\\240b\t\017
 261      D938 7056 
 261      C3E6 F632 
 261      6CCE 4B66 
 261      73E7 4F36 
 262 02ab 46C6 7849 		.ascii	"F\306xI"
 263               		.text
 264               		.section	.gnu.lto_get_backlight_level.acb147575a7fe92,"",@progbits
 265 0000 789C 3D8E 		.string	"x\234=\2161K\003A\020\205\347\355\304\344\020\314\037\360\220\024Z\244\361\004\177\220\35
 265      314B 0341 
 265      1085 E7ED 
 265      C4E4 10CC 
 265      1FF0 9014 
 266 005c 5A58 0754 		.ascii	"ZX\007T0(`\2157\031\033A\3551\231\336\263\266h\243\255\273\376"
 266      3028 608D 
 266      3719 1B41 
 266      ED31 99DE 
 266      B3B6 68A3 
 267 0073 EDEA 8DE5 		.ascii	"\355\352\215\345\220\211\35227\356b\314U\217#\244I\376>\035v"
 267      9089 EA32 
 267      37EE 62CC 
 267      558F 23A4 
 267      49FE 3E1D 
 268 0088 8381 784C 		.ascii	"\203\201xL5i6\021'\t\242\203\333\276\310v\277+6\352\fs\f\024"
 268      3569 3611 
 268      2709 A283 
 268      DBBE C876 
 268      BF2B 36EA 
 269 00a0 B264 AA05 		.ascii	"\262d\252\005U\345\220D\033\321\n\033\255J\021=\243xv\271\244"
 269      55E5 9044 
 269      1BD1 0A1B 
 269      AD4A 113D 
 269      A378 76B9 
 270 00b5 C33B 0CF1 		.ascii	"\303;\f\361\254\227\317\257\023\253\022i\240\021\355\366\313"
 270      AC97 CFAF 
 270      13AB 1269 
 270      A011 EDF6 
 270      CB
 271 00c6 43A2 F065 		.ascii	"C\242\360e\035i4\324Cz\315\322\333z\262\201]\204\314h\t\3701"
 271      1D69 34D4 
 271      437A CDD2 
 271      DB7A B281 
 271      5D84 CC68 
 272 00dd DC9E D0BA 		.ascii	"\334\236\320\272\350|:\336\276\225\225\n%\372\004\r\004:\244"
 272      E87C 3ADE 
 272      BE95 950A 
 272      25FA 040D 
 272      043A A4
 273 00f0 E2C7 7DA9 		.ascii	"\342\307}\251l\376E\340\024^\300\312\2136<\305x\257\340\027\203"
 273      6CFE 45E0 
 273      145E C0CA 
 273      8B36 3CC5 
 273      78AF E017 
 274 0105 8584 5E51 		.ascii	"\205\204^QL\375=\251\207\016\0056Dn>\233\231\360s\213\323\236"
 274      4CFD 3DA9 
 274      870E 0536 
 274      446E 3E9B 
 274      99F0 738B 
 275 011b 9FCB 6673 		.ascii	"\237\313fs\013\336\324\244\237\231\237\233\231\315\217\372\364"
 275      0BDE D4A4 
 275      9F99 9F9B 
 275      99CD 8FFA 
 275      F4
 276 012c 03AC 0E66 		.ascii	"\003\254\016f\212"
 276      8A
 277               		.text
 278               		.section	.gnu.lto_.symbol_nodes.acb147575a7fe92,"",@progbits
 279 0000 789C 5590 		.string	"x\234U\220AN\3030\020E\177<u\0347mZ\3226\351\016\304\272\342\fp\262\tR\224He\303\031PN\30
 279      414E C330 
 279      1045 7F3C 
 279      751C 376D 
 279      5AD2 36E9 
 280 008b 4D73 295C 		.ascii	"Ms)\\p\256x\3163\3053\236+^q\241x\311\213\377L\330`x\376I\bk"
 280      70AE 78CE 
 280      33C5 339E 
 280      2B5E 71A1 
 280      78C9 8BFF 
 281 00a7 8CAF 3BC2 		.ascii	"\214\257;\302\n\355K\300\022c\377~J\246\306\030\330T\030\372"
 281      0AED 4BC0 
 281      1263 FF7E 
 281      4AA6 C618 
 281      D854 18FA 
 282 00bb 0F4B A644 		.ascii	"\017K\246D\273\227\334\326h\373GK\266\302a/\271\374\357p#\271"
 282      BB97 DCD6 
 282      68FB 474B 
 282      B6C2 612F 
 282      B9FC EF70 
 283 00d1 AB31 744F 		.ascii	"\2531tO[r\241\377i\310\205\276\260\227\374\353\202\274\304\335"
 283      5B72 A1FF 
 283      69C8 85BE 
 283      B097 FCEB 
 283      82BC C4DD 
 284 00e5 7742 BEC4 		.ascii	"wB\276\304\241\223cy\205\361mG\271\307]wt\224;<\204\323\205\334"
 284      A193 6379 
 284      85F1 6D47 
 284      B9C7 5D77 
 284      7494 3B3C 
 285 00fd DAC9 B442 		.ascii	"\332\311\264B\352az!S\302\364e\2705\354\361u\370\005\317\262"
 285      EA61 7A21 
 285      53C2 F465 
 285      B835 ECF1 
 285      75F8 05CF 
 286 0112 7729      		.ascii	"w)"
 287               		.text
 288               		.section	.gnu.lto_.refs.acb147575a7fe92,"",@progbits
 289 0000 789C 558E 		.ascii	"x\234U\216I\016\003A\b\003]0\275\316>\371\377S\362\267\320i\345"
 289      490E 0341 
 289      0803 5D30 
 289      BDCE 3EF9 
 289      FF53 F2B7 
 290 0017 9083 25E4 		.ascii	"\220\203%\344\262\201,\351\035J\202P\206*\232\330\252\205\003"
 290      B281 2CE9 
 290      1D4A 8250 
 290      862A 9AD8 
 290      AA85 03
 291 002a CBB4 E561 		.ascii	"\313\264\345a\257\266\354\342\350#\253A\262(\320\203\310\203"
 291      AFB6 ECE2 
 291      E823 AB41 
 291      B228 D083 
 291      C883 
 292 003c 5C96 1FF1 		.ascii	"\\\226\037\361\252e6E\202\230\253\274[\035\315\324\276\304\243"
 292      AA65 3645 
 292      8298 ABBC 
 292      5B1D CDD4 
 292      BEC4 A3
 293 004f 2CCF D69B 		.ascii	",\317\326\233\257c\225\273m\205\b\320\217\031\370\375\022\371"
 293      AF63 95BB 
 293      6D85 08D0 
 293      8F19 F8FD 
 293      12F9 
 294 0061 2EDF C469 		.ascii	".\337\304i\347-\236t\375\035e\347\036\013>\224+\003\251"
 294      E72D 9E74 
 294      FD1D 65E7 
 294      1E0B 3E94 
 294      2B03 A9
 295               		.text
 296               		.section	.gnu.lto_.decls.acb147575a7fe92,"",@progbits
 297 0000 789C A558 		.string	"x\234\245X{PT\327\031\277g\317.\254\273\013\030$\006\023\232hj\246\314\264\025cR\305L\332
 297      7B50 54D7 
 297      19BF 67CF 
 297      2EAC BB0B 
 297      1824 0613 
 298 0033 D3F4 AF5E 		.string	"\323\364\257^\020\024\361\021T@\024\t\017\337\017\036\022\021Q\2247\310{\005A\001\201\005
 298      1014 F111 
 298      5440 1409 
 298      0FDF 0F1E 
 298      1211 5194 
 299 0126 D8B8 42D7 		.string	"\330\270B\327\273\002\313C\312\351]\304r\374+\230\226k=\302\365\033\3445L\b\316\265z\214X
 299      BB02 CB43 
 299      CAE9 5DC4 
 299      72FC 2B98 
 299      966B 3DC2 
 300 0167 BC1C EA70 		.ascii	"\274\034\352p\314\337\361z8\326\260\n\f#\3475H\371/W\324\320"
 300      CCDF F17A 
 300      38D6 B00A 
 300      0C23 E735 
 300      48F9 2F57 
 301 017d E8A4 0657 		.ascii	"\350\244\006W\225u\233\016\343y\202\375\272U\323\326\331:\t\004"
 301      9575 9B0E 
 301      E379 82FD 
 301      BA55 D3D6 
 301      D93A 0904 
 302 0191 3339 E4A6 		.ascii	"39\344\246u\310M\312\253\331I^sU\362\312r\222\227\343:v\226O"
 302      75C8 4DCA 
 302      ABD9 495E 
 302      7355 F2CA 
 302      7292 97E3 
 303 01a9 10D8 7C87 		.ascii	"\020\330|\207|\244\276\303\212\274\244\234\254<\237f\256\033"
 303      7CA4 BEC3 
 303      8ABC A49C 
 303      AC3C 9F66 
 303      AE1B 
 304 01bb C1BC AA92 		.ascii	"\301\274\252\222\323\t\356\323\346\220\207F\301K\\\310=\306Y"
 304      D309 EED3 
 304      E690 8746 
 304      C14B 5CC8 
 304      3DC6 59
 305 01ce 6F16 3AE9 		.ascii	"o\026:\351MiM;\326\365\242\365`\001{Ce=8[\323]NtW\273\217\235"
 305      4D69 4D3B 
 305      D6F5 A2F5 
 305      6001 7B43 
 305      653D 385B 
 306 01ea 83B1 91E7 		.ascii	"\203\261\221\347X\354\220\247\332\375J\353$6\211\321\313\343"
 306      58EC 90A7 
 306      DAFD 4AEB 
 306      2436 89D1 
 306      CBE3 
 307 01fc AADD AB2A 		.ascii	"\252\335\253*\021\313[\212\343"
 307      11CB 5B8A 
 307      E3
 308 0205 4CD3 E55C 		.string	"L\323\345\\\323~\025\216$\214\362\342\256\035\321o\306\310\307\200f\020\031\337-\036wccr:
 308      D37E 158E 
 308      248C F2E2 
 308      AE1D D16F 
 308      C6C8 C780 
 309 0306 9FAA 9F78 		.ascii	"\237\252\237xb\354C=\b\324\347\327\r!~@\324\330\030\321!\034"
 309      62EC 433D 
 309      08D4 E7D7 
 309      0D21 7E40 
 309      D4D8 18D1 
 310 031c 194E 9A42 		.ascii	"\031N\232B\034&H\2779\212\315k$:\372\207\004\3166#}\0303\207"
 310      1C26 48BF 
 310      398A CD6B 
 310      243A FA87 
 310      04CE 3623 
 311 0334 C874 644E 		.ascii	"\310tdN#)\313\3309\f\346)V\301\300x\025\341\225\364,\266\335"
 311      2329 CBD8 
 311      390C E629 
 311      56C1 C078 
 311      15E1 95F4 
 312 034b 6965 9188 		.ascii	"ie\221\210/\253\230\226\312G:\034J\327\237ms\236\315\350\235"
 312      2FAB 9896 
 312      CA47 3A1C 
 312      4AD7 9F6D 
 312      739E CDE8 
 313 0360 4217 9528 		.ascii	"B\027\225(\316E\350\253\371\374z\b"
 313      CE45 E8AB 
 313      F9FC 7A08 
 314 036c A81A 79C3 		.string	"\250\032y\303w\230\226y%\027\345\235\363x3S\314\264\211e}\031K\007A\361\365\340\245%0T%/\
 314      7798 9679 
 314      2517 E59D 
 314      F378 3353 
 314      CCB4 8965 
 315 046d 86A8 55BE 		.string	"\206\250U\276\001@\274\252\363\025_(\027\016AH+\347\262\335\312)\331\262\355\220\216\327W
 315      0140 BCAA 
 315      F315 5F28 
 315      170E 4148 
 315      2BE7 B2DD 
 316 04e6 0A75 CB49 		.ascii	"\nu\313It+\223\350\245I\\\336\\\261g\016>\316\222\270P\275\367"
 316      742B 93E8 
 316      A549 5CDE 
 316      5CB1 670E 
 316      3ECE 92B8 
 317 04fd 82BB 3220 		.ascii	"\202\2732 \311E\212h\263\323.\276s Z\352\226\216\243\236\027"
 317      C945 8A68 
 317      B3D3 2EBE 
 317      7320 5AEA 
 317      968E A39E 
 318 0512 4531 15BC 		.ascii	"E1\025\27425\004\006\364\263!\373\224!\373i\310\003\331\017r"
 318      3235 0406 
 318      F4B3 21FB 
 318      9421 FB69 
 318      C803 D90F 
 319 0527 3C70 190B 		.ascii	"<p\031\013imI?I\022\267A\310\207\235\357\267\213\231\3364\353"
 319      696D 493F 
 319      4912 B741 
 319      C887 9DEF 
 319      B78B 99DE 
 320 053d 0199 6280 		.ascii	"\001\231b\200_^4H\335K\353cm\036\370\016s\357\254\234\230v\343"
 320      5F5E 3448 
 320      DD4B EB63 
 320      6D1E F80E 
 320      73EF AC9C 
 321 0554 EEDD B77E 		.ascii	"\356\335\267~\225\226 \306b\232\3025\331\377\232\344\177\235"
 321      9596 20C6 
 321      629A C235 
 321      D9FF 9AE4 
 321      7F9D 
 322 0566 FA77 649F 		.ascii	"\372wd\237"
 323 056a 1CD2 E10C 		.string	"\034\322\341\fL\375[\213\305L\003\367\257\331m\212\023+\020\275r7d\367\033\222\373M\352^\
 323      4CFD 5B8B 
 323      C54C 03F7 
 323      AFD9 6D8A 
 323      132B 10BD 
 324 066b 7F48 E163 		.ascii	"\177H\341c\310Sr\"\350\365Sg\317\233\224\350\322\027\241\023"
 324      C853 7222 
 324      E8F5 5367 
 324      CF9B 94E8 
 324      D217 A113 
 325 067f 2FF4 9D31 		.ascii	"/\364\2351\276\265O\264\226\221g\213oG\f<[>D\343\310\023=\006"
 325      BEB5 4FB4 
 325      9691 678B 
 325      6F47 0C3C 
 325      5B3E 44E3 
 326 0697 91E0 0120 		.ascii	"\221\340\001 \271\242Q\270.\350>L~\t\"L\240\267\3009\345~\347"
 326      B9A2 51B8 
 326      2EE8 3E4C 
 326      7E09 224C 
 326      A0B7 C039 
 327 06ae 0F1A 9CAE 		.ascii	"\017\032\234\256&PZ\364\375Z\017\316]\341\035\r-\273p\226\271"
 327      2650 5AF4 
 327      FD5A 0FCE 
 327      5DE1 1D0D 
 327      2DBB 7096 
 328 06c3 5EC1 3C49 		.ascii	"^\301<I\230\237q\346)\312\034_\333\333\216\230^/\301pd\373\321"
 328      989F 71E6 
 328      29CA 1C5F 
 328      DBDB 8E98 
 328      5E2F C170 
 329 06da 4E83 AA5E 		.ascii	"N\203\252^3\222^\323L\257\023\266\311\022-s\366$\332W\035~\350"
 329      3392 5ED3 
 329      4CAF 13B6 
 329      C912 2D73 
 329      F624 DA57 
 330 06f1 C12E 4C22 		.ascii	"\301.L\"\2710\251)%\371&G9\2435>H\324\020\266\030\215\247\304"
 330      B930 A929 
 330      25F9 2647 
 330      39A3 353E 
 330      48D4 10B6 
 331 0709 49C8 363F 		.ascii	"I\3106?\255\213\361p\224S\025]s\266y@\267\350\2406CL]\210\326"
 331      AD8B F170 
 331      9453 155D 
 331      73B6 7940 
 331      B7E8 A036 
 332 0722 C339 983B 		.ascii	"\3039\230;\223\364\344\246\t\027\253\251\364 \336\332h\342*\r"
 332      93F4 E4A6 
 332      0917 ABA9 
 332      F420 DEDA 
 332      68E2 2A0D 
 333 0736 BCC6 5402 		.ascii	"\274\306T\002O\252\022<\367\244Xh\203\006T\212\323`\024\253Y"
 333      4FAA 123C 
 333      F7A4 5868 
 333      8306 548A 
 333      D360 14AB 
 334 074b 24A0 8D1A 		.ascii	"$\240\215\032\"\323\325;\033\332=Tu\211\327p]H\252\344\301[\274"
 334      22D3 D53B 
 334      1BDA 3D54 
 334      7589 D770 
 334      5D48 AAE4 
 335 0762 61C2 9DE9 		.ascii	"a\302\235\3512\017\206u1[\017\231\230.\251D\227\256\351\321n"
 335      320F 8675 
 335      315B 0F99 
 335      982E A944 
 335      97AE E9D1 
 336 0777 5747 5D12 		.ascii	"WG]\022 \362&Z\351fZ)\345$d\r]%\325.\216\272\250\242\367=9=e"
 336      20F2 265A 
 336      E966 5A29 
 336      E524 640D 
 336      5D25 D52E 
 337 0794 5A54 C174 		.ascii	"ZT\301t\331\302t\271rhh\217\026w\250\351r f|\324\300u\251\377"
 337      D9C2 74B9 
 337      7268 688F 
 337      1677 A8E9 
 337      7220 667C 
 338 07ad 19D3 650B 		.ascii	"\031\323e\013\327\005\036\345R,\364=\321e\033\350\262\225\350"
 338      D705 1EE5 
 338      522C F43D 
 338      D165 1BE8 
 338      B295 E8
 339 07c0 9248 7519 		.ascii	"\222Hu\031<4\275\313\205U\3722\251\254\260i"
 339      3C34 BDCB 
 339      8555 FA32 
 339      A9AC B069 
 340 07d0 81AA 4A3B 		.ascii	"\201\252J;$\225\2663\225\036\217'\334\233\303|\347\303\360R\326"
 340      2495 B633 
 340      951E 8F27 
 340      DC9B C37C 
 340      E7C3 F052 
 341 07e5 2E1B DFF3 		.ascii	".\033\337\363\346\023\225\272\257d\025\031\035UJ\202<v\322\272"
 341      E613 95BA 
 341      AF64 1519 
 341      1D55 4A82 
 341      3C76 D2BA 
 342 07f9 9369 DD3B 		.ascii	"\223i\335;\244\272\223z.\017\2739\252\244\212.*\315\335\210\027"
 342      A4BA 937A 
 342      2E0F BB39 
 342      AAA4 8A2E 
 342      2ACD DD88 
 343 080e F531 9552 		.ascii	"\3651\225R\230J\327\3566\3570\340'\252\253\247 m\267\216\253"
 343      984A D7EE 
 343      36EF 30E0 
 343      27AA ABA7 
 343      206D B78E 
 344 0823 D4BA 80A9 		.ascii	"\324\272\200\251\224\302U\202\255\212\024\013\355&*\245\202J"
 344      94C2 5582 
 344      AD8A 140B 
 344      ED26 2AA5 
 344      824A 
 345 0835 BB88 4A7B 		.ascii	"\273\210J{\250JC'\357\235qQ\325%M\322e\023\323\345\301dz\021"
 345      A84A 4327 
 345      EF9D 7151 
 345      D525 4DD2 
 345      6513 D3E5 
 346 084d D7C5 0B86 		.ascii	"\327\305\013\206S}\211\211\256L\227L\242K\376\211\376\\\017G"
 346      537D 8989 
 346      AE4C 974C 
 346      A24B FE89 
 346      FE5C 0F47 
 347 0861 5DD2 21F2 		.ascii	"]\322!\362^Z\351\017\264\3224\251"
 347      5E5A E90F 
 347      B4D2 34A9 
 348 086d D2E8 C6EA 		.string	"\322\350\306\352\234\347V\217*\372p\365\243\343\306E3L\227\f\246K\351\351\230\021\017\234
 348      9CE7 568F 
 348      2AFA 70F5 
 348      A3E3 C645 
 348      334C 970C 
 349 096e DA12 E832 		.string	"\332\022\3502\tJg\177\324,V:\324\377\301\372\035\235?\241\212^&\243\273\b\032\244B\2079\3
 349      094A 677F 
 349      D42C 563A 
 349      D4FF C1FA 
 349      1D9D 3FA1 
 350 09b2 828A 34BE 		.string	"\202\2124\276\350$\260\024\202\025\203\235\322,\246N,~\007/\017$D9\317%,ep\234f"
 350      E824 B014 
 350      8215 839D 
 350      D22C A64E 
 350      2C7E 072F 
 351 09d2 6F04 1BAB 		.string	"o\004\033\253c\006\265h\261\227/W\361\306'\261bY9b\t\235\325x=\257\342\016g\271\021$\311\
 351      6306 B568 
 351      B197 2F57 
 351      F1C6 27B1 
 351      6259 3962 
 352 0a10 093B 0D0A 		.string	"\t;\r\n\327?\273-\271Z\213[\351\365\327\024W\266\264\031\221\227\257\223dP\031\344\360?\3
 352      D73F BB2D 
 352      B95A 8B5B 
 352      E9F5 D714 
 352      57B6 B419 
 353 0b00 D608 D6EC 		.string	"\326\b\326\354\264\243Hzu\252I/\343\r5\272\243&\331\250h\250'\274\241hNm?\271\241\332\370
 353      B4A3 487A 
 353      75AA 492F 
 353      E30D 35BA 
 353      A326 D9A8 
 354 0b86 5D1A F6FF 		.string	"]\032\366\377;8\222=\324\360\201D\223\022\\m\007\356\346\340n\n\276\325\262=\317\016l\263
 354      3B38 923D 
 354      D4F0 8144 
 354      9312 5C6D 
 354      07EE E6E0 
 355 0c01 05C7 34E6 		.ascii	"\005\3074\346\266\330\211\261\305\016<\310\301\203\024|\373\364"
 355      B6D8 89B1 
 355      C50E 3CC8 
 355      C183 147C 
 355      FBF4 
 356 0c13 E111 BB02 		.ascii	"\341\021\273\002S\354\300\3278\370\032\005\037-L\270j\227F\206"
 356      53EC C0D7 
 356      38F8 1A05 
 356      1F2D 4CB8 
 356      6A97 4686 
 357 0c27 1DF8 3A07 		.ascii	"\035\370:\007\223\343kQk\2761\007\206GX\374\002\303\327\254\t"
 357      93E3 6B51 
 357      6BBE 3107 
 357      8647 58FC 
 357      02C3 D7AC 
 358 0c3c 0FF3 5B15 		.ascii	"\017\363[\025\020\370MhH\360\352\250%\201\372?\376\371\323\205"
 358      10F8 4D68 
 358      48F0 EAA8 
 358      2581 FA3F 
 358      FEF9 D385 
 359 0c50 1FAF 5C29 		.ascii	"\037\257\\)\270\256\013\t\213\3627G\255\360[\027\031\341\027"
 359      B8AE 0B09 
 359      8BF2 3747 
 359      ADF0 5B17 
 359      19E1 17
 360 0c63 1A1E 1810 		.ascii	"\032\036\030\020\352\367\261%44 \302/\340\333\210_\007\007\006"
 360      EAF7 B125 
 360      3434 20C2 
 360      2FE0 DB88 
 360      5F07 0706 
 361 0c77 7EB8 C26F 		.ascii	"~\270\302o\305\222w\227,%c\277\220\260\300\320uA\026\277\310"
 361      C592 7797 
 361      2C25 63BF 
 361      90B0 C0D0 
 361      7541 16BF 
 362 0c8c A820 F05B 		.ascii	"\250 \360[\262Z\320\006\256\016\210p\237e6\207\204\205D\371\274"
 362      B25A D006 
 362      AE0E 8870 
 362      9F65 3687 
 362      8485 44F9 
 363 0ca1 20B0 E0A9 		.ascii	" \260\340\251\304\006FX\002\"-\212\251 \013\233\232+OY\302\002"
 363      C406 4658 
 363      0222 2D8A 
 363      A920 0B9B 
 363      9A2B 4F59 
 364 0cb7 5685 5A5E 		.ascii	"V\205Z^R`B\"\311\214\002\022\025\036\034\034j\361\n\2114;\272"
 364      5260 4222 
 364      C98C 0212 
 364      151E 1C1C 
 364      6AF1 0A89 
 365 0cce 05E9 CCBF 		.ascii	"\005\351\314\277\017\017\017U$\030\031eY\353!\017C-\337ZB\347"
 365      0F0F 0F55 
 365      2418 1965 
 365      59EB 210F 
 365      432D DF5A 
 366 0ce4 055B A2CC 		.ascii	"\005[\242\314\016sn\n\027\313\213JZ-\274b\261\004\206\207}\035"
 366      0E73 6E0A 
 366      17CB 8B4A 
 366      5A2D BC62 
 366      B104 8687 
 367 0cfa 126C 86DC 		.ascii	"\022l\206\334\203d\242\347.\200\204\003\037\267Y\037\242\330"
 367      8364 A2E7 
 367      2E80 8403 
 367      1FB7 591F 
 367      A2D8 
 368 0d0c 3C79 1429 		.ascii	"<y\024)e>\307l\376nm\004\250\374\365\353\216<\344J\360s@\265"
 368      653E C76C 
 368      FE6E 6D04 
 368      A8FC F5EB 
 368      8E3C E44A 
 369 0d24 60D6 79DD 		.ascii	"`\326y\335\332\240\200(\213\234\200\336l\016\\\362\366\n\377"
 369      DAA0 8028 
 369      8B9C 80DE 
 369      6C0E 5CF2 
 369      F60A FF
 370 0d37 1546 B379 		.ascii	"\025F\263ymDx\360\032\313\032\263\031\303$?\261r\231,\375B\026"
 370      6D44 78F0 
 370      1ACB 1AB3 
 370      19C3 243F 
 370      B172 992C 
 371 0d4e D620 B073 		.ascii	"\326 \260s\376K\337\231'\237\343\222\313'\375\347\313'\231\372"
 371      FE4B DF99 
 371      279F E392 
 371      CB27 FDE7 
 371      CB27 99FA 
 372 0d62 EF2D 7C6B 		.ascii	"\357-|k\235t~\305J\177/\371<Q\\y\326\377\355\345\212k\307R\307"
 372      9D74 7EC5 
 372      4A7F 2FF9 
 372      3C51 5C79 
 372      D6FF EDE5 
 373 0d7b 1101 FFD2 		.ascii	"\021\001\377\322Q\335\365\021\226HK\304\267P\377*P3juHX\260\013"
 373      51DD F511 
 373      9648 4BC4 
 373      B750 FF2A 
 373      5033 6A75 
 374 0d93 4BCD D3D1 		.ascii	"K\315\323\321\311\034e\n\262\254Z\027\314\207\2725\341\353\""
 374      C91C 650A 
 374      B2AC 5A17 
 374      CC87 BA35 
 374      E1EB 22
 375 0da6 2DFA 6F2C 		.ascii	"-\372o,\377^\025\036\020\021\344\262& *\"\344;oG\361\250\013"
 375      FF5E 151E 
 375      1011 E4B2 
 375      2620 2A22 
 375      E43B 6F47 
 376 0dbd C8E6 AEF4 		.ascii	"\310\346\256\3645G\375\027\341\216-\002"
 376      3547 FD17 
 376      E18E 2D02 
 377               		.text
 378               		.section	.gnu.lto_.symtab.acb147575a7fe92,"",@progbits
 379 0000 6261 636B 		.string	"backlight_init"
 379      6C69 6768 
 379      745F 696E 
 379      6974 00
 380 000f 00        		.string	""
 381 0010 00        		.string	""
 382 0011 00        		.string	""
 383 0012 00        		.string	""
 384 0013 00        		.string	""
 385 0014 00        		.string	""
 386 0015 00        		.string	""
 387 0016 00        		.string	""
 388 0017 00        		.string	""
 389 0018 00        		.string	""
 390 0019 00        		.string	""
 391 001a C600      		.string	"\306"
 392 001c 00        		.string	""
 393 001d 00        		.string	""
 394 001e 6261 636B 		.string	"backlight_config"
 394      6C69 6768 
 394      745F 636F 
 394      6E66 6967 
 394      00
 395 002f 00        		.string	""
 396 0030 04        		.ascii	"\004"
 397 0031 00        		.string	""
 398 0032 0100      		.string	"\001"
 399 0034 00        		.string	""
 400 0035 00        		.string	""
 401 0036 00        		.string	""
 402 0037 00        		.string	""
 403 0038 00        		.string	""
 404 0039 00        		.string	""
 405 003a 4101 00   		.string	"A\001"
 406 003d 00        		.string	""
 407 003e 6261 636B 		.string	"backlight_increase"
 407      6C69 6768 
 407      745F 696E 
 407      6372 6561 
 407      7365 00
 408 0051 00        		.string	""
 409 0052 00        		.string	""
 410 0053 00        		.string	""
 411 0054 00        		.string	""
 412 0055 00        		.string	""
 413 0056 00        		.string	""
 414 0057 00        		.string	""
 415 0058 00        		.string	""
 416 0059 00        		.string	""
 417 005a 00        		.string	""
 418 005b 00        		.string	""
 419 005c C800      		.string	"\310"
 420 005e 00        		.string	""
 421 005f 00        		.string	""
 422 0060 6261 636B 		.string	"backlight_decrease"
 422      6C69 6768 
 422      745F 6465 
 422      6372 6561 
 422      7365 00
 423 0073 00        		.string	""
 424 0074 00        		.string	""
 425 0075 00        		.string	""
 426 0076 00        		.string	""
 427 0077 00        		.string	""
 428 0078 00        		.string	""
 429 0079 00        		.string	""
 430 007a 00        		.string	""
 431 007b 00        		.string	""
 432 007c 00        		.string	""
 433 007d 00        		.string	""
 434 007e CA00      		.string	"\312"
 435 0080 00        		.string	""
 436 0081 00        		.string	""
 437 0082 6261 636B 		.string	"backlight_enable"
 437      6C69 6768 
 437      745F 656E 
 437      6162 6C65 
 437      00
 438 0093 00        		.string	""
 439 0094 00        		.string	""
 440 0095 00        		.string	""
 441 0096 00        		.string	""
 442 0097 00        		.string	""
 443 0098 00        		.string	""
 444 0099 00        		.string	""
 445 009a 00        		.string	""
 446 009b 00        		.string	""
 447 009c 00        		.string	""
 448 009d 00        		.string	""
 449 009e CC00      		.string	"\314"
 450 00a0 00        		.string	""
 451 00a1 00        		.string	""
 452 00a2 6261 636B 		.string	"backlight_disable"
 452      6C69 6768 
 452      745F 6469 
 452      7361 626C 
 452      6500 
 453 00b4 00        		.string	""
 454 00b5 00        		.string	""
 455 00b6 00        		.string	""
 456 00b7 00        		.string	""
 457 00b8 00        		.string	""
 458 00b9 00        		.string	""
 459 00ba 00        		.string	""
 460 00bb 00        		.string	""
 461 00bc 00        		.string	""
 462 00bd 00        		.string	""
 463 00be 00        		.string	""
 464 00bf CE00      		.string	"\316"
 465 00c1 00        		.string	""
 466 00c2 00        		.string	""
 467 00c3 6261 636B 		.string	"backlight_toggle"
 467      6C69 6768 
 467      745F 746F 
 467      6767 6C65 
 467      00
 468 00d4 00        		.string	""
 469 00d5 00        		.string	""
 470 00d6 00        		.string	""
 471 00d7 00        		.string	""
 472 00d8 00        		.string	""
 473 00d9 00        		.string	""
 474 00da 00        		.string	""
 475 00db 00        		.string	""
 476 00dc 00        		.string	""
 477 00dd 00        		.string	""
 478 00de 00        		.string	""
 479 00df D000      		.string	"\320"
 480 00e1 00        		.string	""
 481 00e2 00        		.string	""
 482 00e3 6973 5F62 		.string	"is_backlight_enabled"
 482      6163 6B6C 
 482      6967 6874 
 482      5F65 6E61 
 482      626C 6564 
 483 00f8 00        		.string	""
 484 00f9 00        		.string	""
 485 00fa 00        		.string	""
 486 00fb 00        		.string	""
 487 00fc 00        		.string	""
 488 00fd 00        		.string	""
 489 00fe 00        		.string	""
 490 00ff 00        		.string	""
 491 0100 00        		.string	""
 492 0101 00        		.string	""
 493 0102 00        		.string	""
 494 0103 D800      		.string	"\330"
 495 0105 00        		.string	""
 496 0106 00        		.string	""
 497 0107 6261 636B 		.string	"backlight_step"
 497      6C69 6768 
 497      745F 7374 
 497      6570 00
 498 0116 00        		.string	""
 499 0117 00        		.string	""
 500 0118 00        		.string	""
 501 0119 00        		.string	""
 502 011a 00        		.string	""
 503 011b 00        		.string	""
 504 011c 00        		.string	""
 505 011d 00        		.string	""
 506 011e 00        		.string	""
 507 011f 00        		.string	""
 508 0120 00        		.string	""
 509 0121 DA00      		.string	"\332"
 510 0123 00        		.string	""
 511 0124 00        		.string	""
 512 0125 6261 636B 		.string	"backlight_level"
 512      6C69 6768 
 512      745F 6C65 
 512      7665 6C00 
 513 0135 00        		.string	""
 514 0136 00        		.string	""
 515 0137 00        		.string	""
 516 0138 00        		.string	""
 517 0139 00        		.string	""
 518 013a 00        		.string	""
 519 013b 00        		.string	""
 520 013c 00        		.string	""
 521 013d 00        		.string	""
 522 013e 00        		.string	""
 523 013f 00        		.string	""
 524 0140 DE00      		.string	"\336"
 525 0142 00        		.string	""
 526 0143 00        		.string	""
 527 0144 6765 745F 		.string	"get_backlight_level"
 527      6261 636B 
 527      6C69 6768 
 527      745F 6C65 
 527      7665 6C00 
 528 0158 00        		.string	""
 529 0159 00        		.string	""
 530 015a 00        		.string	""
 531 015b 00        		.string	""
 532 015c 00        		.string	""
 533 015d 00        		.string	""
 534 015e 00        		.string	""
 535 015f 00        		.string	""
 536 0160 00        		.string	""
 537 0161 00        		.string	""
 538 0162 00        		.string	""
 539 0163 E100      		.string	"\341"
 540 0165 00        		.string	""
 541 0166 00        		.string	""
 542 0167 6465 6275 		.string	"debug_config"
 542      675F 636F 
 542      6E66 6967 
 542      00
 543 0174 00        		.string	""
 544 0175 02        		.ascii	"\002"
 545 0176 00        		.string	""
 546 0177 00        		.string	""
 547 0178 00        		.string	""
 548 0179 00        		.string	""
 549 017a 00        		.string	""
 550 017b 00        		.string	""
 551 017c 00        		.string	""
 552 017d 00        		.string	""
 553 017e 00        		.string	""
 554 017f 5901 00   		.string	"Y\001"
 555 0182 00        		.string	""
 556 0183 6261 636B 		.string	"backlight_set"
 556      6C69 6768 
 556      745F 7365 
 556      7400 
 557 0191 00        		.string	""
 558 0192 02        		.ascii	"\002"
 559 0193 00        		.string	""
 560 0194 00        		.string	""
 561 0195 00        		.string	""
 562 0196 00        		.string	""
 563 0197 00        		.string	""
 564 0198 00        		.string	""
 565 0199 00        		.string	""
 566 019a 00        		.string	""
 567 019b 00        		.string	""
 568 019c E300      		.string	"\343"
 569 019e 00        		.string	""
 570 019f 00        		.string	""
 571 01a0 6565 636F 		.string	"eeconfig_read_backlight"
 571      6E66 6967 
 571      5F72 6561 
 571      645F 6261 
 571      636B 6C69 
 572 01b8 00        		.string	""
 573 01b9 02        		.ascii	"\002"
 574 01ba 00        		.string	""
 575 01bb 00        		.string	""
 576 01bc 00        		.string	""
 577 01bd 00        		.string	""
 578 01be 00        		.string	""
 579 01bf 00        		.string	""
 580 01c0 00        		.string	""
 581 01c1 00        		.string	""
 582 01c2 00        		.string	""
 583 01c3 E500      		.string	"\345"
 584 01c5 00        		.string	""
 585 01c6 00        		.string	""
 586 01c7 6565 636F 		.string	"eeconfig_init"
 586      6E66 6967 
 586      5F69 6E69 
 586      7400 
 587 01d5 00        		.string	""
 588 01d6 02        		.ascii	"\002"
 589 01d7 00        		.string	""
 590 01d8 00        		.string	""
 591 01d9 00        		.string	""
 592 01da 00        		.string	""
 593 01db 00        		.string	""
 594 01dc 00        		.string	""
 595 01dd 00        		.string	""
 596 01de 00        		.string	""
 597 01df 00        		.string	""
 598 01e0 E700      		.string	"\347"
 599 01e2 00        		.string	""
 600 01e3 00        		.string	""
 601 01e4 6565 636F 		.string	"eeconfig_is_enabled"
 601      6E66 6967 
 601      5F69 735F 
 601      656E 6162 
 601      6C65 6400 
 602 01f8 00        		.string	""
 603 01f9 02        		.ascii	"\002"
 604 01fa 00        		.string	""
 605 01fb 00        		.string	""
 606 01fc 00        		.string	""
 607 01fd 00        		.string	""
 608 01fe 00        		.string	""
 609 01ff 00        		.string	""
 610 0200 00        		.string	""
 611 0201 00        		.string	""
 612 0202 00        		.string	""
 613 0203 E900      		.string	"\351"
 614 0205 00        		.string	""
 615 0206 00        		.string	""
 616 0207 5F5F 7870 		.string	"__xprintf"
 616      7269 6E74 
 616      6600 
 617 0211 00        		.string	""
 618 0212 02        		.ascii	"\002"
 619 0213 00        		.string	""
 620 0214 00        		.string	""
 621 0215 00        		.string	""
 622 0216 00        		.string	""
 623 0217 00        		.string	""
 624 0218 00        		.string	""
 625 0219 00        		.string	""
 626 021a 00        		.string	""
 627 021b 00        		.string	""
 628 021c ED00      		.string	"\355"
 629 021e 00        		.string	""
 630 021f 00        		.string	""
 631 0220 6565 636F 		.string	"eeconfig_update_backlight"
 631      6E66 6967 
 631      5F75 7064 
 631      6174 655F 
 631      6261 636B 
 632 023a 00        		.string	""
 633 023b 02        		.ascii	"\002"
 634 023c 00        		.string	""
 635 023d 00        		.string	""
 636 023e 00        		.string	""
 637 023f 00        		.string	""
 638 0240 00        		.string	""
 639 0241 00        		.string	""
 640 0242 00        		.string	""
 641 0243 00        		.string	""
 642 0244 00        		.string	""
 643 0245 EF00      		.string	"\357"
 644 0247 00        		.string	""
 645 0248 00        		.string	""
 646               		.text
 647               		.section	.gnu.lto_.opts,"",@progbits
 648 0000 272D 666D 		.ascii	"'-fmath-errno' '-fsigned-zeros' '-ftrapping-m"
 648      6174 682D 
 648      6572 726E 
 648      6F27 2027 
 648      2D66 7369 
 649 002d 6174 6827 		.string	"ath' '-fno-trapv' '-fno-openmp' '-fno-openacc' '-mn-flash=1' '-mno-skip-bug' '-mmcu=avr5'
 649      2027 2D66 
 649      6E6F 2D74 
 649      7261 7076 
 649      2720 272D 
 650               		.text
 651               		.comm	__gnu_lto_v1,1,1
 652               		.comm	__gnu_lto_slim,1,1
 653               		.ident	"GCC: (GNU) 7.4.0"
DEFINED SYMBOLS
                            *ABS*:0000000000000000 backlight.c
/var/tmp//ccrGRAgT.s:2      *ABS*:000000000000003e __SP_H__
/var/tmp//ccrGRAgT.s:3      *ABS*:000000000000003d __SP_L__
/var/tmp//ccrGRAgT.s:4      *ABS*:000000000000003f __SREG__
/var/tmp//ccrGRAgT.s:5      *ABS*:0000000000000000 __tmp_reg__
/var/tmp//ccrGRAgT.s:6      *ABS*:0000000000000001 __zero_reg__
                            *COM*:0000000000000001 __gnu_lto_v1
                            *COM*:0000000000000001 __gnu_lto_slim

NO UNDEFINED SYMBOLS
