   1               		.file	"debug.c"
   2               	__SP_H__ = 0x3e
   3               	__SP_L__ = 0x3d
   4               	__SREG__ = 0x3f
   5               	__tmp_reg__ = 0
   6               	__zero_reg__ = 1
   7               		.section	.gnu.lto_.profile.7bfa122e754872d,"",@progbits
   8 0000 789C 6363 		.string	"x\234cc```\004b\006"
   8      6060 6004 
   8      6206 00
   9 000b 00        		.string	""
  10 000c 4400      		.string	"D"
  11 000e 08        		.ascii	"\b"
  12               		.text
  13               		.section	.gnu.lto_.icf.7bfa122e754872d,"",@progbits
  14 0000 789C 6363 		.string	"x\234cc``\340`@"
  14      6060 E060 
  14      4000 
  15 000a 4686 E30F 		.string	"F\206\343\017^\354\341c"
  15      5EEC E163 
  15      00
  16 0013 00        		.string	""
  17 0014 104A 0369 		.ascii	"\020J\003i"
  18               		.text
  19               		.section	.gnu.lto_.inline.7bfa122e754872d,"",@progbits
  20 0000 789C 6363 		.string	"x\234cc```b@\006"
  20      6060 6062 
  20      4006 00
  21 000b 00        		.string	""
  22 000c 9A00      		.string	"\232"
  23 000e 09        		.ascii	"\t"
  24               		.text
  25               		.section	.gnu.lto_.pureconst.7bfa122e754872d,"",@progbits
  26 0000 789C 6363 		.string	"x\234cc```\004b\006"
  26      6060 6004 
  26      6206 00
  27 000b 00        		.string	""
  28 000c 4400      		.string	"D"
  29 000e 08        		.ascii	"\b"
  30               		.text
  31               		.section	.gnu.lto_debug_config.7bfa122e754872d,"",@progbits
  32 0000 789C 6363 		.string	"x\234cc``(\002bF\006\b\230\302\3148\255\365\320y\366n\3469\314@Ad.#\230\373\347\347\3759l
  32      6060 2802 
  32      6246 0608 
  32      98C2 CC38 
  32      ADF5 D079 
  33 005f 00        		.string	""
  34 0060 693C 2294 		.ascii	"i<\"\224"
  35               		.text
  36               		.section	.gnu.lto_.symbol_nodes.7bfa122e754872d,"",@progbits
  37 0000 789C 6363 		.string	"x\234cc``\340\002b\006VF\206F%\020\003"
  37      6060 E002 
  37      6206 5646 
  37      8646 2510 
  37      0300 
  38 0012 04EF 00   		.string	"\004\357"
  39 0015 BA        		.ascii	"\272"
  40               		.text
  41               		.section	.gnu.lto_.refs.7bfa122e754872d,"",@progbits
  42 0000 789C 6363 		.string	"x\234cc```\004b\006"
  42      6060 6004 
  42      6206 00
  43 000b 00        		.string	""
  44 000c 4400      		.string	"D"
  45 000e 08        		.ascii	"\b"
  46               		.text
  47               		.section	.gnu.lto_.decls.7bfa122e754872d,"",@progbits
  48 0000 789C 7D53 		.ascii	"x\234}SKLSA\024\235\373\246\224R~&\222\310\2421.J\322\215}\370"
  48      4B4C 5341 
  48      149D FBA6 
  48      9452 7E26 
  48      92C8 A231 
  49 001a 0BB2 D2A8 		.ascii	"\013\262\322\250\211;\335\350VR\332'\020\3721\217Vq\345SA\021"
  49      893B DDE8 
  49      5652 DA27 
  49      10FA 318F 
  49      5671 E553 
  50 0030 23C1 0F89 		.string	"#\301\017\211\022\243\250QA4\022\345cE\264E(\376\220\217\005D\023\203\0045Q\024?\211\312\
  50      12A3 A851 
  50      4134 12E5 
  50      6345 B445 
  50      28FE 908F 
  51 0131 5117 043A 		.string	"Q\027\004:"
  51      00
  52 0136 9DC3 5DDC 		.string	"\235\303]\334\276\207\247k5\003_\251\325\220\373\231\3629z\354\374\332t9E$H\321\354\355~v
  52      BE87 A76B 
  52      3503 5FA9 
  52      D590 FB99 
  52      F239 7AEC 
  53 01cd 1646 F5CA 		.ascii	"\026F\365\312\254*\313\360C\316\363d^\235H(\323*\323\271\256"
  53      AC2A CBF0 
  53      43CE F364 
  53      5E9D 4828 
  53      D32A D3B9 
  54 01e2 07D8 1346 		.ascii	"\007\330\023F]\036\245\362\325\307`\206\036\230;1\276\241\277"
  54      5D1E A5F2 
  54      D5C7 6086 
  54      1E98 3B31 
  54      BEA1 BF
  55 01f5 946F 84E6 		.ascii	"\224o\204\346\245\007b\350\217\242\364G\363\322c\344\274gll\013"
  55      A507 62E8 
  55      8FA2 F447 
  55      F3D2 63E4 
  55      BC67 6C6C 
  56 020a DC89 B05B 		.ascii	"\334\211\260[\3417\235]\033Fo\345\336\305\235\nm\301\2522\"\211"
  56      E137 9D5D 
  56      1B46 6FE5 
  56      DEC5 9D0A 
  56      6DC1 AA32 
  57 0220 DC26 368E 		.ascii	"\334&6\216\362-m\257\00617\2019C\n\364c\303\236\242\227A\304"
  57      F22D 6DAF 
  57      0631 3781 
  57      3943 0AF4 
  57      63C3 9EA2 
  58 0237 1344 2FA2 		.ascii	"\023D/\242\017\314\374\240\3200\034S\222\207\363\212^n\022\355"
  58      0FCC FCA0 
  58      D030 1C53 
  58      9287 F38A 
  58      5E6E 12ED 
  59 024b 2B0F 4E5E 		.ascii	"+\017N^\221h\013\357\204\356\353\261PM2\2303,\221.|\337R\246"
  59      9168 0BEF 
  59      84EE EBB1 
  59      504D 3298 
  59      332C 912E 
  60 0263 0582 2004 		.ascii	"\005\202 \004\016A\306\277]8\026O+c2\255\303\2505\214\261F\""
  60      0E41 C6BF 
  60      5D38 164F 
  60      2B63 32AD 
  60      C3A8 358C 
  61 027a FA44 CE33 		.ascii	"\372D\3163\307)K\032I\261I\013\3553a*\"\262b=C\361q\203\242\354"
  61      C729 4B1A 
  61      49B1 490B 
  61      ED33 612A 
  61      22B2 623D 
  62 0294 6F6F ABBA 		.ascii	"oo\253\272R\250\237\313\226\3565\236jI\206\fK\0341\360\0025\374"
  62      52A8 9FCB 
  62      96EE 359E 
  62      6A49 860C 
  62      4B1C 31F0 
  63 02ab 5F4F 6815 		.ascii	"_Oh\025\2233\212\234\347s\217\232\251\343\201>\205'\246\222\262"
  63      9333 8A9C 
  63      E773 8F9A 
  63      A9E3 813E 
  63      8527 A692 
  64 02c0 2E68 75F8 		.ascii	".hu\3702{\374\231\365\370(('\337\024\344\337I3{\233D\340%d\221"
  64      327B FC99 
  64      F5F8 2828 
  64      27DF 14E4 
  64      DF49 337B 
  65 02da 1487 92EF 		.ascii	"\024\207\222\357+\310\263{\334\333\213\n\026y]\3058U\025\331"
  65      2BC8 B37B 
  65      DCDB 8B0A 
  65      1679 5DC5 
  65      3855 15D9 
  66 02ee EE71 B93C 		.ascii	"\356q\271<n\231oZ\355\206\215\233\266.Y\237\233K\022}En\357\352"
  66      6E99 6F5A 
  66      ED86 8D9B 
  66      B62E 599F 
  66      9B4B 127D 
  67 0306 3C6F 8EEC 		.ascii	"<o\216\354+Qe\247\307ns\312\353\025\247\323\246\312\266\235\352"
  67      2B51 65A7 
  67      C76E 73CA 
  67      EB15 A7D3 
  67      A6CA B69D 
  68 031b D202 BB7D 		.ascii	"\322\002\273}m\216\234c]i\315f\266\\\344\266;}\016E.\361:\360"
  68      6D8E 9C63 
  68      5D69 CD66 
  68      B65C E4B6 
  68      3B7D 0E45 
  69 0333 9CB5 9018 		.ascii	"\234\265\220\030T\245DQw*\216\204\274u\036\2173\301\345\361\225"
  69      54A5 4451 
  69      772A 8E84 
  69      BC75 1E8F 
  69      33C1 E5F1 
  70 0348 2886 6265 		.ascii	"(\206bew\276\307\246:\364.\233W-*\325+n[\276S\311\214/\246\220"
  70      77BE C7A6 
  70      3AF4 2E9B 
  70      572D 2AD5 
  70      2B6E 5BBE 
  71 0362 50D5 B62B 		.ascii	"P\325\266+-Vv\236w\036\256\235\374\002\302\201\236`"
  71      2D56 769E 
  71      771E AE9D 
  71      FC02 C281 
  71      9E60 
  72               		.text
  73               		.section	.gnu.lto_.symtab.7bfa122e754872d,"",@progbits
  74 0000 6465 6275 		.string	"debug_config"
  74      675F 636F 
  74      6E66 6967 
  74      00
  75 000d 00        		.string	""
  76 000e 00        		.string	""
  77 000f 00        		.string	""
  78 0010 00        		.string	""
  79 0011 00        		.string	""
  80 0012 00        		.string	""
  81 0013 00        		.string	""
  82 0014 00        		.string	""
  83 0015 00        		.string	""
  84 0016 00        		.string	""
  85 0017 00        		.string	""
  86 0018 DB00      		.string	"\333"
  87 001a 00        		.string	""
  88 001b 00        		.string	""
  89               		.text
  90               		.section	.gnu.lto_.opts,"",@progbits
  91 0000 272D 666D 		.ascii	"'-fmath-errno' '-fsigned-zeros' '-ftrapping-m"
  91      6174 682D 
  91      6572 726E 
  91      6F27 2027 
  91      2D66 7369 
  92 002d 6174 6827 		.string	"ath' '-fno-trapv' '-fno-openmp' '-fno-openacc' '-mn-flash=1' '-mno-skip-bug' '-mmcu=avr5'
  92      2027 2D66 
  92      6E6F 2D74 
  92      7261 7076 
  92      2720 272D 
  93               		.text
  94               		.comm	__gnu_lto_v1,1,1
  95               		.comm	__gnu_lto_slim,1,1
  96               		.ident	"GCC: (GNU) 7.4.0"
DEFINED SYMBOLS
                            *ABS*:0000000000000000 debug.c
/var/tmp//ccvG5Rxe.s:2      *ABS*:000000000000003e __SP_H__
/var/tmp//ccvG5Rxe.s:3      *ABS*:000000000000003d __SP_L__
/var/tmp//ccvG5Rxe.s:4      *ABS*:000000000000003f __SREG__
/var/tmp//ccvG5Rxe.s:5      *ABS*:0000000000000000 __tmp_reg__
/var/tmp//ccvG5Rxe.s:6      *ABS*:0000000000000001 __zero_reg__
                            *COM*:0000000000000001 __gnu_lto_v1
                            *COM*:0000000000000001 __gnu_lto_slim

NO UNDEFINED SYMBOLS
