   1               		.file	"host.c"
   2               	__SP_H__ = 0x3e
   3               	__SP_L__ = 0x3d
   4               	__SREG__ = 0x3f
   5               	__tmp_reg__ = 0
   6               	__zero_reg__ = 1
   7               		.section	.gnu.lto_.profile.48f848798bf65240,"",@progbits
   8 0000 789C 6363 		.string	"x\234cc```\005bF\206\355\214\341"
   8      6060 6005 
   8      6246 86ED 
   8      8CE1 00
   9 000f 030B 011C 		.ascii	"\003\013\001\034"
  10               		.text
  11               		.section	.gnu.lto_.icf.48f848798bf65240,"",@progbits
  12 0000 789C 6363 		.string	"x\234cc``\210a@"
  12      6060 8861 
  12      4000 
  13 000a 7E86 357B 		.string	"~\2065{[\272y\031\317|\275\264\231\203i\325\265=W\230\231\027}{\367\236\215e\353\221\323\
  13      5BBA 7919 
  13      CF7C BDB4 
  13      9983 69D5 
  13      B53D 5798 
  14 0062 00        		.string	""
  15 0063 9E6C 2FBB 		.ascii	"\236l/\273"
  16               		.text
  17               		.section	.gnu.lto_.jmpfuncs.48f848798bf65240,"",@progbits
  18 0000 789C 7D90 		.ascii	"x\234}\220\275\n\3020\024\205\317\311\255\225\212TG\207\016\316"
  18      BD0A C230 
  18      1485 CFC9 
  18      AD95 8A54 
  18      4787 0ECE 
  19 0014 6E7D 3CA7 		.ascii	"n}<\247\024\304\251\2538H\006\021w\007\377\267\342\013\3702\256"
  19      14C4 A9AB 
  19      3848 0611 
  19      7707 FFB7 
  19      E20B F832 
  20 0029 A526 2DFE 		.ascii	"\245&-\376P[\003w\310\371n>\302\361\001\314\210\367\t@R\033\201"
  20      505B 0377 
  20      C8F9 6E3E 
  20      C2F1 01CC 
  20      88F7 0940 
  21 0040 02C4 DEF5 		.ascii	"\002\304\336\365\330\253\002*.\204\233\325#\363\343]24\242\326"
  21      D8AB 022A 
  21      2E84 9BD5 
  21      23F3 E35D 
  21      3234 A2D6 
  22 0054 024E 22F7 		.ascii	"\002N\"\367\310\202<\337\246\241\316\223\221\021\341\2361\300"
  22      C882 3CDF 
  22      A6A1 CE93 
  22      9111 E19E 
  22      31C0 
  23 0066 0335 9891 		.ascii	"\0035\230\221\260S\024V`\327\226\363\333\275\233\212[\002\217"
  23      B053 1456 
  23      60D7 96F3 
  23      DBBD 9B8A 
  23      5B02 8F
  24 0079 8CDC 78BF 		.ascii	"\214\334x\277b\266\210O\245\370\\\027\277L\370\304D\303\177U"
  24      62B6 884F 
  24      A5F8 5C17 
  24      BF4C F8C4 
  24      44C3 7F55 
  25 008d 8BF6 526A 		.ascii	"\213\366Rj\257mZ\245\246\3407\262\255\004\266\025\032\361\232"
  25      AF6D 5AA5 
  25      A6E0 37B2 
  25      AD04 B615 
  25      1AF1 9A
  26 00a0 58AF 6AAC 		.ascii	"X\257j\254\343\030j\254\377\207\205\300\300\206O\260+]_"
  26      E318 6AAC 
  26      FF87 85C0 
  26      C086 4FB0 
  26      2B5D 5F
  27               		.text
  28               		.section	.gnu.lto_.inline.48f848798bf65240,"",@progbits
  29 0000 789C 6363 		.string	"x\234cc``x\302\200"
  29      6060 78C2 
  29      8000 
  30 000a 9C0C 0C2C 		.string	"\234\f\f,\314\214\fLL\027\370\031\330\026\3103\201\304\2300\205\230\031\270E\201B\034\347
  30      CC8C 0C4C 
  30      4C17 F819 
  30      D816 C833 
  30      81C4 9830 
  31 006b 00        		.string	""
  32 006c 52AA 18C6 		.ascii	"R\252\030\306"
  33               		.text
  34               		.section	.gnu.lto_.pureconst.48f848798bf65240,"",@progbits
  35 0000 789C 6363 		.string	"x\234cc``\020\006bN\006\t&\026fI\026INI.I\036I>\026~\026"
  35      6060 1006 
  35      624E 0609 
  35      2616 6649 
  35      1649 4E49 
  36 001d 0B28 0109 		.ascii	"\013(\001\t"
  37               		.text
  38               		.section	.gnu.lto_host_set_driver.48f848798bf65240,"",@progbits
  39 0000 789C 2590 		.string	"x\234%\220;KCA\020\205\347\354$7\001\237\235\250i,$\2441\177\306\336\"\n\212\\/h\372\273&
  39      3B4B 4341 
  39      1085 E7EC 
  39      2437 019F 
  39      9DA8 692C 
  40 0101 7BB0 5C37 		.string	"{\260\\7\362\007\241"
  40      F207 A100 
  41 0109 116E 11A0 		.ascii	"\021n\021\240\"\241_\310\005N\007\303V\221a\317(\242\241\254"
  41      22A1 5FC8 
  41      054E 07C3 
  41      5691 61CF 
  41      28A2 A1AC 
  42 011d 3B3F 95F1 		.ascii	";?\225\361\026g\322\031\317u\275\205\364\254\267\224\235\310"
  42      1667 D219 
  42      CF75 BD85 
  42      F4AC B794 
  42      9DC8 
  43 012f 10A6 FF01 		.ascii	"\020\246\377\001\336rg\373"
  43      DE72 67FB 
  44               		.text
  45               		.section	.gnu.lto_host_get_driver.48f848798bf65240,"",@progbits
  46 0000 789C 2D4F 		.ascii	"x\234-O\277K\303`\024|\227\257\246\001\361\307\246b\007\005\227"
  46      BF4B C360 
  46      147C 97AF 
  46      A601 F1C7 
  46      A662 0705 
  47 0015 2EF6 4FEA 		.ascii	".\366O\352\020\004Ab@\273\3473\245\250\350 \242Q\244J6\027A\244"
  47      1004 4162 
  47      40BB E733 
  47      A5A8 E820 
  47      A251 A44A 
  48 002d F547 B620 		.ascii	"\365G\266 8\b\242\020prs\024\021\005\261\223\255\367\300\341"
  48      3808 A210 
  48      7072 7314 
  48      1105 B193 
  48      ADF7 C0E1 
  49 0041 C1DD FBEE 		.ascii	"\301\335\373\356\335\335\347\212\310\017g\2123\315\201\0218;"
  49      DDDD E78A 
  49      C80F 678A 
  49      33CD 8111 
  49      383B 
  50 0053 8F22 6B9E 		.ascii	"\217\"k\236\003(\260\036$r\020a\333\354\031\334\rz\371\330\226"
  50      0328 B01E 
  50      2472 1061 
  50      DBEC 19DC 
  50      0D7A F9D8 
  51 0068 69AB 8CB4 		.ascii	"i\253\214\264\370|8\036V\n\214\223\236\365:\317\245\352\251\265"
  51      F87C 381E 
  51      560A 8C93 
  51      9EF5 3ACF 
  51      A5EA A9B5 
  52 007c B1CD 0F0E 		.ascii	"\261\315\017\016g\013\333\232l\033G\022\252\273\250\240\203\212"
  52      670B DB9A 
  52      6C1B 4712 
  52      AABB A8A0 
  52      838A 
  53 008e 465C A22A 		.ascii	"F\\\242*\024\277^\364\367G\334\222\276ry\005W@p^\f\345\266?X"
  53      14BF 5EF4 
  53      F747 DC92 
  53      BE72 7905 
  53      5740 705E 
  54 00a7 B7F9 F79C 		.ascii	"\267\371\367\234\341\255\336\313\006%\354bs\331$%j\346\362\206"
  54      E1AD DECB 
  54      0625 EC62 
  54      73D9 2425 
  54      6AE6 F286 
  55 00bb 38B9 AFEB 		.ascii	"8\271\257\353\335\221\321*I\353\366\251\254U\f\324=\313\336_"
  55      DD91 D12A 
  55      49EB F6A9 
  55      AC55 0CD4 
  55      3DCB DE5F 
  56 00cf CAD1 AFF5 		.ascii	"\312\321\257\365\270H5\201\273n\363kw4\305\th\212\033~\351Z\013"
  56      B848 3581 
  56      BB6E F36B 
  56      7734 C509 
  56      688A 1B7E 
  57 00e6 2143 0AF9 		.ascii	"!C\n\371@<\363oF1\023\2419\304\023\215`\251\356\207+\0135?\f"
  57      403C F36F 
  57      4631 13A1 
  57      39C4 138D 
  57      60A9 EE87 
  58 00ff 8270 B9B6 		.ascii	"\202p\271\266\030\2566\346}\371\003\371aYj"
  58      18AE 36E6 
  58      7DF9 03F9 
  58      6159 6A
  59               		.text
  60               		.section	.gnu.lto_host_keyboard_leds.48f848798bf65240,"",@progbits
  61 0000 789C 6D50 		.ascii	"x\234mP\273K\202"
  61      BB4B 82
  62 0007 5114 3FBF 		.string	"Q\024?\277{>\037\364p\255\300\241\245\241%\243h\351\237i\220 \b\023JZ\275jbQCT\032\210\20
  62      7B3E 1FF4 
  62      70AD C0A1 
  62      A5A1 25A3 
  62      68E9 9F69 
  63 0108 C29E 01CA 		.ascii	"\302\236\001\312\231c&Y\215\343_}l\f;x%\370\203\243\363S\267"
  63      9963 2659 
  63      8DE3 5F7D 
  63      6C0C 3B78 
  63      25F8 83A3 
  64 011f 88C7 B4D6 		.ascii	"\210\307\264\326\371-3\210%B\016S\312\365T\343\2565\260\241M"
  64      F92D 3388 
  64      2542 0E53 
  64      CAF5 54E3 
  64      AE35 B0A1 
  65 0134 755A E643 		.ascii	"uZ\346CE\\\323\2461B\025\001zF\242\333\021\363\210\236\260]?"
  65      455C D3A6 
  65      3142 1501 
  65      7A46 A2DB 
  65      11F3 889E 
  66 014b 76D6 EFB8 		.ascii	"v\326\357\270/\262\225,\033\370\033\370ow\262F\354\303\257\336"
  66      2FB2 952C 
  66      1BF8 1BF8 
  66      6F77 B246 
  66      ECC3 AFDE 
  67 015f AFFC 42E5 		.ascii	"\257\374B\345\354\265O\326\005\303RD\035\221\320\370H0<9\032"
  67      ECB5 4FD6 
  67      05C3 5244 
  67      1D91 D0F8 
  67      4830 3C39 
  68 0174 0886 43A1 		.ascii	"\b\206C\241\360D`,<\025\351\013\3227\2148\217\270"
  68      F044 602C 
  68      3C15 E90B 
  68      D237 8C38 
  68      8FB8 
  69               		.text
  70               		.section	.gnu.lto_host_keyboard_send.48f848798bf65240,"",@progbits
  71 0000 789C 8D56 		.string	"x\234\215V\355STU\030?\277{\356\335{\367\356\356\005\212\344\305\035\007k\034G?\004T\377A
  71      ED53 5455 
  71      183F BF7B 
  71      EEDD 7BF7 
  71      EEEE 058A 
  72 00c6 B171 2DB0 		.ascii	"\261q-\260\210\306u\3036-\277\023\b\206\020\321\034\206\004`"
  72      88C6 75C3 
  72      362D BF13 
  72      0886 10D1 
  72      1C86 0460 
  73 00da 6D2E 543B 		.ascii	"m.T;\333\317\337\347\350\253_\214k\273>q\351\223h\351\316s\217"
  73      DBCF DFE7 
  73      E8AB 5F8C 
  73      6BBB 3E71 
  73      E993 68E9 
  74 00f1 2510 E58C 		.ascii	"%\020\345\2145s&?8\216]\3445\370\360\217D\306>\036\345\200F\342"
  74      3573 263F 
  74      388E 5DE4 
  74      35F8 F08F 
  74      44C6 3E1E 
  75 0109 D42F E3   		.ascii	"\324/\343"
  76 010c 1F04 84A8 		.string	"\037\004\204\250!\223\304\217kow\201\347\203\321\376\342\321;\327\254\235G\\\267\312M,\27
  76      2193 C48F 
  76      6B6F 7781 
  76      E783 D1FE 
  76      E2D1 3BD7 
  77 020d FE23 9E01 		.ascii	"\376#\236\001A\004\325y#Ej\314T\351O,=\b*w\301\211\236\276\263"
  77      4104 D579 
  77      2345 6ACC 
  77      54E9 4F2C 
  77      3D08 2A77 
  78 0226 433E 8A5D 		.ascii	"C>\212]I\244\210\275M\335\330\024F=G\326\013\3653\363\201\302"
  78      49A4 88BD 
  78      4DDD D814 
  78      463D 47D6 
  78      0BF5 33F3 
  79 023c CF04 6362 		.ascii	"\317\004cb\371\204\r\316P\316C\222/\350C![FM\201\034\017\005"
  79      F984 0DCE 
  79      50CE 4392 
  79      2FE8 4321 
  79      5B46 4D81 
  80 0253 A36F 7694 		.ascii	"\243ov\224\007D\212\236\245\265d\207:\005i=\371\373\250\241\b"
  80      0744 8A9E 
  80      A5B5 6487 
  80      3A05 693D 
  80      F9FB A8A1 
  81 0268 6579 0B0C 		.ascii	"ey\013\f\2466\034\214q=\265\341\020\006\251\341\201d=\335\303"
  81      A636 1C8C 
  81      713D B5E1 
  81      1006 A9E1 
  81      8164 3DDD 
  82 027d 730F 2C55 		.ascii	"s\017,U\017\215\330\301\220,\207h!\214_vu\034\320\212>O\032M"
  82      0F8D D8C1 
  82      902C 8768 
  82      218C 5F76 
  82      751C D08A 
  83 0295 0CA3 10FD 		.ascii	"\f\243\020\375\304\303b\001\3267(\242\312\252\377\252KBe\250"
  83      C4C3 6201 
  83      D637 28A2 
  83      CAAA FFAA 
  83      4B42 65A8 
  84 02a9 DA26 6BBE 		.ascii	"\332&k\276\210rQ\214\t\035#\224\205\360\234\335\300\323 \217"
  84      8872 518C 
  84      091D 2394 
  84      85F0 9CDD 
  84      C0D3 208F 
  85 02bd F6E5 F8BD 		.ascii	"\366\345\370\275\220\362`\030\335\300Sg\323\226\304\223B\256"
  85      90F2 6018 
  85      DDC0 5367 
  85      D396 C493 
  85      42AE 
  86 02cf B4FB 947F 		.ascii	"\264\373\224\177\262\341\316\201\341:K=\002\214%\203\276\234"
  86      B2E1 CE81 
  86      E13A 4B3D 
  86      028C 2583 
  86      BE9C 
  87 02e1 74F1 C430 		.ascii	"t\361\3040\330\252F16@\374'\032\031\315\2421\214#\302\274\250"
  87      D8AA 4631 
  87      3640 FC27 
  87      1A19 CDA2 
  87      318C 23C2 
  88 02f7 654A D4AA 		.ascii	"eJ\324\252\357\237\276\355\220_.)\304\331\021\272{\223+\r\001"
  88      EF9F BEED 
  88      905F 2E29 
  88      C4D9 11BA 
  88      7B93 2B0D 
  89 030c 31CA CC28 		.ascii	"1\312\314(\317\3029\202\355l\022\266\201\367n5\331\305\355n\223"
  89      CFC2 3982 
  89      ED6C 12B6 
  89      81F7 6E35 
  89      D9C5 ED6E 
  90 0321 44E6 294C 		.ascii	"D\346)L\020l\330-\313 k\343\352\310\254F\261\016K\353\3238\217"
  90      106C D82D 
  90      CB20 6BE3 
  90      EAC8 AC46 
  90      B10E 4BEB 
  91 0338 62CA 3B89 		.ascii	"b\312;\211H\224g\313:m\325+\273\213\fo%:\0012\205\260q\377\243"
  91      4894 67CB 
  91      3A6D D52B 
  91      BB8B 0C6F 
  91      253A 0132 
  92 0351 1CF1 AB6B 		.ascii	"\034\361\253k\344j2\272\274\024\317z\226\032\332\314\315\223"
  92      E46A 32BA 
  92      BC14 CF7A 
  92      961A DACC 
  92      CD93 
  93 0363 2C0F 44F2 		.ascii	",\017D\362(\177+\2200\237d\370\027\322\f\377b\272\341\177\347"
  93      287F 2B90 
  93      309F 64F8 
  93      17D2 0CFF 
  93      62BA E17F 
  94 0378 1DFE F4E6 		.ascii	"\035\376\364\346\360ej\213\262{\006\243t\236\301X\354\316\026"
  94      F065 6A8B 
  94      B27B 06A3 
  94      749E C158 
  94      ECCE 16
  95 038b D5C4 6FF5 		.ascii	"\325\304o\365\311G\374\255\334\021\212^\277\222m/\022\\\316\304"
  95      C947 FCAD 
  95      DC11 8A5E 
  95      BF92 6D2F 
  95      125C CEC4 
  96 039f 7B94 A886 		.ascii	"{\224\250\206g\350<`\346\337\007\211L[\360\275\254]S\265\017"
  96      67E8 3C60 
  96      E6DF 0789 
  96      4C5B F0BD 
  96      AC5D 53B5 
  97 03b4 AD5E 19D3 		.ascii	"\255^\031\323i<\312\250\343\022\n)\241<d\2634\013o\031\001\312"
  97      693C CAA8 
  97      E312 0A29 
  97      A13C 64B3 
  97      340B 6F19 
  98 03ca 4C84 A92D 		.ascii	"L\204\251-\020b\nar\232E@\314\245\020&7\2250\2711\341\227B\230"
  98      1062 0A61 
  98      729A 4540 
  98      CCA5 1026 
  98      3795 30B9 
  99 03e3 3CCC 13D4 		.ascii	"<\314\023\324?<\2060\227\323\022\346GI\230+\210P}Q\236/!\364"
  99      3F3C 8630 
  99      97D3 12E6 
  99      4749 982B 
  99      8850 7D51 
 100 03fb 6F10 A1BA 		.ascii	"o\020\241\272\271n\355\3006U~\036\241H\001\272\352\307;lE!\340"
 100      B96E EDC0 
 100      3655 7E1E 
 100      A148 01BA 
 100      EAC7 3B6C 
 101 0412 2AE5 5C44 		.ascii	"*\345\\D\225\354H\220\204\274d\004\207\321\033\016\213\320\230"
 101      95EC 4890 
 101      84BC 6404 
 101      87D1 1B0E 
 101      8BD0 98
 102 0425 D23A 625A 		.ascii	"\322:bZ\023\375\343I$D\234\221\321\226cA\025\307\30455\276\273"
 102      13FD E349 
 102      2444 9C91 
 102      D196 6341 
 102      15C7 C435 
 103 043c 705A 7986 		.ascii	"pZy\206M\267Q\236\377\3406\212\023xtR\211\221\357\264%Oj\360"
 103      4DB7 519E 
 103      FFE0 368A 
 103      1378 7452 
 103      8991 EFB4 
 104 0454 49C8 B790 		.ascii	"I\310\267\220\206|\327\323\221o\321K\276\033)7O\210\262\247\336"
 104      867C D7D3 
 104      916F D14B 
 104      BE1B 2937 
 104      4F88 B2A7 
 105 0469 0A21 0FF9 		.ascii	"\n!\017\371\202\254\205\377\357\255\360S\312\220\267\246\016"
 105      82AC 85FF 
 105      EFAD F053 
 105      CA90 B7A6 
 105      0E
 106 047a 79AB 7873 		.ascii	"y\253xs\246\0169\214\233\324\322\322c\206|+\355\220\227\345\220"
 106      A60E 398C 
 106      9BD4 D2D2 
 106      6386 7C2B 
 106      ED90 97E5 
 107 048f 5736 6F85 		.ascii	"W6o\205\220z\241\375\fM\375}h\240\2045Y$\344T\224\356}\265\244"
 107      907A A1FD 
 107      0C4D FD7D 
 107      68A0 8435 
 107      5924 E454 
 108 04a8 AC7C 4F61 		.ascii	"\254|OaIYii\331\033\205\257\225\275U\361|\t\363\225\357y\263"
 108      4959 6969 
 108      D91B 85AF 
 108      95BD 55F1 
 108      7C09 F395 
 109 04bf ACBC 02AF 		.ascii	"\254\274\002\257\377\r\266\202\266\347"
 109      FF0D B682 
 109      B6E7 
 110               		.text
 111               		.section	.gnu.lto_host_mouse_send.48f848798bf65240,"",@progbits
 112 0000 789C 6D51 		.ascii	"x\234mQ\317K\025Q\024>\337\275w\346\ri\326\256\020\027\356\304"
 112      CF4B 1551 
 112      143E DFBD 
 112      77E6 0D69 
 112      D6AE 1017 
 113 0016 4D6F D5BF 		.ascii	"Mo\325\277\340_\320\276\305C\b\3425\361z\264}\327\037\257\247"
 113      E05F D0BE 
 113      C543 08E2 
 113      35F1 7AB4 
 113      7DD7 1FAF 
 114 002b 2828 A12F 		.ascii	"((\241/\250)&D[EHZ\215Y\f\317\024\202~\200\025DAB\242`\210\024"
 114      A829 2644 
 114      5B45 485A 
 114      8D59 0CCF 
 114      1482 7E80 
 115 0047 26AD D2BE 		.ascii	"&\255\322\276;\343\262\003g\346\2343\347|\347|\337\370\"\362"
 115      3BE3 B203 
 115      67E6 9C33 
 115      E77C E77C 
 115      DFF8 22F2 
 116 005b 0122 DD7C 		.ascii	"\001\"\335|"
 117 005f 9FA7 C313 		.string	"\237\247\303\023\250\311w\"\003\201Rf\336\210=\2417^\213\330v\r\223\327\r\340\002\033@jJ\
 117      A8C9 7722 
 117      0381 5266 
 117      DE88 3DA1 
 117      375E 8BD8 
 118 0160 E58D AF93 		.ascii	"\345\215\257\223@\201@\371$\277~l|\376\326V|\350\264\217;I\016"
 118      4081 40F9 
 118      24BF 7E6C 
 118      7CFE D656 
 118      7CE8 B48F 
 119 0177 2FB8 753A 		.ascii	"/\270u:S\036/Q\224]\fwg\232\020\214\356E:\310\366\231c\302{P"
 119      531E 2F51 
 119      945D 0C77 
 119      679A 108C 
 119      EE45 3AC8 
 120 0191 F95F 1AD1 		.ascii	"\371_\032\321p%fg\252\345\313\027Ka\245\277X\n\313\345\360J\361"
 120      7025 6667 
 120      AAE5 CB17 
 120      4B61 A5BF 
 120      580A CBE5 
 121 01a8 5278 AD7A 		.ascii	"Rx\255z\256$~\245\377jX\251\376\003j\365\243r"
 121      AE24 7EA5 
 121      FF6A 58A9 
 121      FE03 6AF5 
 121      A372 
 122               		.text
 123               		.section	.gnu.lto_host_system_send.48f848798bf65240,"",@progbits
 124 0000 789C 8D52 		.ascii	"x\234\215R\317kSA\020\236o\367\355\3465\255\325[\245\364\320"
 124      CF6B 5341 
 124      109E 6FF7 
 124      EDE6 35AD 
 124      D55B A5F4 
 125 0015 5BE9 C51C 		.ascii	"[\351\305\034\204\376\005\342_\340\335C(\b\022\237\304\3405\333"
 125      84FE 05E2 
 125      5FE0 DD43 
 125      2808 129F 
 125      C4E0 35DB 
 126 0029 A631 0DF5 		.ascii	"\2461\r\365 b#\204\250O\244Q\024\221b\253\246F}&U\020\374\001"
 126      2062 2384 
 126      A84F A451 
 126      1491 62AB 
 126      A646 7D26 
 127 0041 45C1 1F50 		.ascii	"E\301\037PAQH)\242\210xj\353\354\276 Z/.\354{3\2633\337\367\315"
 127      4151 4829 
 127      A288 786A 
 127      EBEC BE20 
 127      5A2F 2EEC 
 128 005c EE68 222A 		.ascii	"\356h\"*\013\242a\376\357\343\rM\020\247\236\023M\370B\250\265"
 128      0BA2 61FE 
 128      EFE3 0D4D 
 128      10A7 9E13 
 128      4DF8 42A8 
 129 0071 0132 4959 		.ascii	"\0012IY\037#\323'\205\232\367\330\363\336?!v=\2508K\001\3260"
 129      1F23 D327 
 129      859A F7D8 
 129      F3DE 3F21 
 129      763D A838 
 130 0089 3E28 2FA4 		.ascii	">(/\244\247\220\307IyF\242U\372\334\020\243\227\r\257\350lS\237"
 130      A790 C749 
 130      7946 A255 
 130      FADC 10A3 
 130      970D AFE8 
 131 00a0 30C5 DD35 		.ascii	"0\305\3355IT\341m\027nb\224\263\036m\375\214v\316\310\232\004"
 131      4954 E16D 
 131      176E 6294 
 131      B31E 6DFD 
 131      8C76 CEC8 
 132 00b6 04BB 2B5F 		.ascii	"\004\273+_\237\236\353\265\256\300.v/\026\277/B\016\202\330~"
 132      9F9E EBB5 
 132      AEC0 2E76 
 132      2F16 BF2F 
 132      420E 82D8 
 133 00cb 55FF F1D1 		.ascii	"U\377\361\321\037\2313f\322D\313\007L_MJ\334\202d<,b\b\013\030"
 133      1F99 3366 
 133      D244 CB07 
 133      4C5F 4D4A 
 133      DC82 643C 
 134 00e4 220E 116E 		.ascii	"\"\016\021nc\304\246\177\230\337\234\335\241\275\230\017wl[l"
 134      63C4 A67F 
 134      98DF 9CDD 
 134      A1BD 980F 
 134      776C 5B6C 
 135 00f8 DC58 5191 		.ascii	"\334XQ\221\331\334*1\304\034\336"
 135      D9DC 2A31 
 135      C41C DE
 136 0103 ECEF 01D7 		.string	"\354\357\001\327x\202?J\362Gk\270r\232\346\"n\312DT\226\302Z\205\210\3260Y\351\\($-VU\202
 136      7882 3F4A 
 136      F247 6BB8 
 136      729A E622 
 136      6ECA 4454 
 137 0204 35EF DE0A 		.ascii	"5\357\336\n"
 138               		.text
 139               		.section	.gnu.lto_host_consumer_send.48f848798bf65240,"",@progbits
 140 0000 789C 8D52 		.ascii	"x\234\215R\317kSA\020\236o\367\355\3465\255\325[\245\364\320"
 140      CF6B 5341 
 140      109E 6FF7 
 140      EDE6 35AD 
 140      D55B A5F4 
 141 0015 5BE9 C51C 		.ascii	"[\351\305\034\204\376\005\342_\340\335C(\b\022\237\304\3405\333"
 141      84FE 05E2 
 141      5FE0 DD43 
 141      2808 129F 
 141      C4E0 35DB 
 142 0029 A631 0DF5 		.ascii	"\2461\r\365 b#\204(O\244\361$\245\330j\223V}&*\b\376\200RAT\024"
 142      2062 2384 
 142      284F A4F1 
 142      24A5 D86A 
 142      9356 7D26 
 143 0045 940A 2945 		.ascii	"\224\n)E\024\021\361`\333\331}A\264^\\\330\367ffg\276\357\233"
 143      1411 F160 
 143      DBD9 7D41 
 143      B45E 5CD8 
 143      F766 6667 
 144 005c DDD1 4454 		.ascii	"\335\321DT\026D\303\374?\302\033\232 .<'\232\360\205P\233\003"
 144      1644 C3FC 
 144      3FC2 1B9A 
 144      202E 3C27 
 144      9AF0 8550 
 145 0072 6492 B23E 		.ascii	"d\222\262>F\246O\n\265\340\261\347\275\177B\354zPq\226\002\254"
 145      46A6 4F0A 
 145      B5E0 B1E7 
 145      BD7F 42EC 
 145      7A50 7196 
 146 0088 617C 505E 		.ascii	"a|P^HO!\217\363\362\222D\253\364\251!Fo\030^\321\345\267\372"
 146      484F 218F 
 146      F3F2 9244 
 146      ABF4 A921 
 146      466F 185E 
 147 00a0 9C29 1EAC 		.ascii	"\234)\036\254I\242\no\273p\013\243\234\365h\347G\264\177F\326"
 147      49A2 0A6F 
 147      BB70 0BA3 
 147      9CF5 68E7 
 147      47B4 7F46 
 148 00b5 2420 D85D 		.ascii	"$ \330]\373\362\364J\257u\005\016\260{\255\370m\tr\020\304\366"
 148      FBF2 F44A 
 148      AF75 050E 
 148      B07B ADF8 
 148      6D09 7210 
 149 00cb CBFA F78F 		.ascii	"\313\372\367\217\376\310\2341\223&Z?f\372jR\3426$\343a\tCX\304"
 149      FEC8 9C31 
 149      9326 5A3F 
 149      66FA 6A52 
 149      E236 24E3 
 150 00e4 1071 8870 		.ascii	"\020q\210p\007#6\375\303\302\366\354>\355\305|X\266m\2611\277"
 150      0723 36FD 
 150      C3C2 F6EC 
 150      3EED C57C 
 150      58B6 6DB1 
 151 00fa A622 B3BD 		.ascii	"\246\"\263\275Sb\2109\374<\332\003\256\361\004\177\224\344\217"
 151      5362 8839 
 151      FC3C DA03 
 151      AEF1 047F 
 151      94E4 8F
 152 010d D670 E534 		.ascii	"\326p\3454\315E\334\224\211\250,\205\265\n\021mb\262\322\231"
 152      CD45 DC94 
 152      89A8 2C85 
 152      B50A 116D 
 152      62B2 D299 
 153 0121 2F24 2D56 		.ascii	"/$-VU\202)*\305\326\213\204\025\233p\002\033\215\2557\211\374"
 153      5582 292A 
 153      C5D6 8B84 
 153      159B 7002 
 153      1B8D AD37 
 154 0137 2FE3 7320 		.ascii	"/\343s \264\254\034[,|\275\330\037\342*\254\332&_M\203e\022V"
 154      B4AC 1C5B 
 154      2C7C BDD8 
 154      1FE2 2AAC 
 154      DA26 5F4D 
 155 014f 1082 3630 		.ascii	"\020\20260\365\272\375\020]\274\252\324\356^\312\334C},\346\253"
 155      F5BA FD10 
 155      5DBC AAD4 
 155      EE5E CADC 
 155      437D 2CE6 
 156 0164 7696 DBFD 		.ascii	"v\226\333\375\366\374\177\320W\177\243\337et\013\347\0247\257"
 156      F6FC 7FD0 
 156      577F A3DF 
 156      6574 0BE7 
 156      1437 AF
 157 0177 EB98 41FC 		.ascii	"\353\230A\374\251\330\337\253\330\017%\366b*\334g\314{\0163\372"
 157      A9D8 DFAB 
 157      D80F 25F6 
 157      622A DC67 
 157      CC7B 0E33 
 158 018c 47F1 5F78 		.ascii	"G\361_x\n\204\0076\321u\340Qx8\356\240\331Yiw\363\355L\254\266"
 158      0A84 0736 
 158      D175 E051 
 158      7838 EEA0 
 158      D959 6977 
 159 01a5 9E3D D60C 		.ascii	"\236=\326\f>\301C\021\236\345\033\357a\234\270\220O\327K\257"
 159      3EC1 4311 
 159      9EE5 1BEF 
 159      619C B890 
 159      4FD7 4BAF 
 160 01b9 DEF5 A66E 		.ascii	"\336\365\246n\332\211\t\007\3715\320b\322Y7/h#E[\230\032v/\311"
 160      DA89 0907 
 160      F935 D062 
 160      D259 372F 
 160      6823 455B 
 161 01d2 60BC 754D 		.ascii	"`\274uM&\035\235\352\276\320g\210x\266\246\271\027\016\2617\220"
 161      261D 9DEA 
 161      BED0 6788 
 161      78B6 A6B9 
 161      170E B137 
 162 01e7 CB9C 3C9E 		.ascii	"\313\234<\236\016\262\343\251t\220\311\004\247R'\2023\271Ci\322"
 162      0EB2 E3A9 
 162      7490 C904 
 162      A752 2782 
 162      33B9 4369 
 163 01fc D9F1 D341 		.ascii	"\331\361\323A6\267\013\263\356\336\352"
 163      36B7 0BB3 
 163      EEDE EA
 164               		.text
 165               		.section	.gnu.lto_host_last_system_report.48f848798bf65240,"",@progbits
 166 0000 789C 2D4F 		.string	"x\234-O;K\003a\020\334\271/^\016\304G'b\n\033\2134\346'Y\034\202\"\347\201\246\277\317\01
 166      3B4B 0361 
 166      10DC B92F 
 166      5E0E C447 
 166      2762 0A1B 
 167 005a 9278 48B0 		.string	"\222xH\260m\366\f\356\372\205\033\3312\207*#\355~=\034\r*\005FIO\213\366K\251zbmj\335\301
 167      6DF6 0CEE 
 167      FA85 1BD9 
 167      3287 2A23 
 167      ED7E 3D1C 
 168 0109 B1DC 5A17 		.ascii	"\261\334Z\027"
 169               		.text
 170               		.section	.gnu.lto_host_last_consumer_report.48f848798bf65240,"",@progbits
 171 0000 789C 2D4F 		.string	"x\234-O\275K\303p\020\275\227_M\002\342\307&b\007\027\207.\366Or\b\202Pb@\273\347g\212\37
 171      BD4B C370 
 171      10BD 975F 
 171      4D02 E2C7 
 171      2662 0717 
 172 0057 05D6 87C4 		.ascii	"\005\326\207\304\016b\354\232}\203\273aYL\354\230#\225\221\366"
 172      0E62 EC9A 
 172      7D83 BB61 
 172      594C EC98 
 172      2395 91F6 
 173 006b BF1F 8E47 		.ascii	"\277\037\216G\225\002\223\244ge\367\265R;\2656\261\305a\333\353"
 173      9502 93A4 
 173      6765 F7B5 
 173      523B B536 
 173      B1C5 61DB 
 174 0080 6C3F 5BCE 		.ascii	"l?[\316\034I)\357\241\212.\252\352q\211\232P\375~18\030s+:e\363"
 174      1C49 29EF 
 174      A18A 2EAA 
 174      EA71 899A 
 174      50FD 7E31 
 175 009b 0AAE 80E0 		.ascii	"\n\256\200\340\274?R\330\301p\303\026/s\206\273\272/\233\224"
 175      BC3F 52D8 
 175      C170 C316 
 175      2F73 86BB 
 175      BA2F 9B94 
 176 00af 308C 2D64 		.ascii	"0\214-d\213\224\250U\310\007\222\364\276\241{\035\243Y\322\365"
 176      8B94 A855 
 176      C807 92F4 
 176      BEA1 7B1D 
 176      A359 D2F5 
 177 00c3 DB27 4FB3 		.ascii	"\333'O\263\030\350\365<\377|\363\342_\353\263\221\251\003{\275"
 177      18E8 F53C 
 177      FF7C F3E2 
 177      5FEB B391 
 177      A903 7BBD 
 178 00d7 D6CF DE78 		.ascii	"\326\317\336x\206\023\360(n\370\323\265\006B\216\f\362\205d\366"
 178      8613 F028 
 178      6EF8 D3B5 
 178      0642 8E0C 
 178      F285 64F6 
 179 00eb FF18 C574 		.ascii	"\377\030\305t\204\372\020O5\303\306B\020\255,\326\203(\f\243"
 179      84FA 104F 
 179      35C3 C642 
 179      10AD 2CD6 
 179      8328 0CA3 
 180 00ff E5FA 52B4 		.ascii	"\345\372R\264\332\234\017\344\017_!Y\276"
 180      DA9C 0FE4 
 180      0F5F 2159 
 180      BE
 181               		.text
 182               		.section	.gnu.lto_.symbol_nodes.48f848798bf65240,"",@progbits
 183 0000 789C 558C 		.string	"x\234U\214+\022\0021\020D;3\223\354\207\005v9\001\205\307p\0028\331D!)\f\007\340\032\350U
 183      2B12 0231 
 183      1044 3B33 
 183      93EC 8705 
 183      7639 0185 
 184 0034 1B97 1E12 		.string	"\033\227\036\022\005\2167 \341\022w\200w\034W"
 184      058E 3720 
 184      E112 7780 
 184      771C 5700 
 185 0044 9357 6706 		.string	"\223Wg\006\nJ\266(\224\355\327\251,\223\322\317h4\370\326e.\220\215\245\212\025T\352\255\
 185      0A4A B628 
 185      94ED D7A9 
 185      2C93 D2CF 
 185      6834 F8D6 
 186 0077 62DC A6DC 		.ascii	"b\334\246\334i\375\237\205q\032\336\016,-\372\375\223X:\364\327"
 186      69FD 9F85 
 186      711A DE0E 
 186      2C2D FAFD 
 186      9358 3AF4 
 187 008c 7EFD CD8F 		.ascii	"~\375\315\217\303@\"y\227\352\307\032\257\363=\261\311\304\007"
 187      C340 2279 
 187      97EA C71A 
 187      AFF3 3DB1 
 187      C9C4 07
 188 009f C9EA 424A 		.ascii	"\311\352BJ"
 189               		.text
 190               		.section	.gnu.lto_.refs.48f848798bf65240,"",@progbits
 191 0000 789C 158A 		.string	"x\234\025\212]\016\2000\f\202\241]7\335\217K|2\361J\336\377<R\022\276"
 191      5D0E 8030 
 191      0C82 A15D 
 191      37DD 8F4B 
 191      7C32 F14A 
 192 001b A102 F864 		.ascii	"\241\002\370d\202\222%]hE@\204\325\216\230\326n\304c\307\313"
 192      8292 255D 
 192      6845 4084 
 192      D58E 98D6 
 192      6EC4 63C7 
 193 0030 53B3 770C 		.ascii	"S\263w\fr\350V|b\221+#\257\\\267:~E\036\001\236"
 193      72E8 567C 
 193      6291 2B23 
 193      AF5C B73A 
 193      7E45 1E01 
 194               		.text
 195               		.section	.gnu.lto_.decls.48f848798bf65240,"",@progbits
 196 0000 789C 9D58 		.ascii	"x\234\235X{PT\327\031\277\347\236\005\226e\001\2034>\206\264"
 196      7B50 54D7 
 196      19BF E79E 
 196      0596 6501 
 196      8334 3E86 
 197 0015 D121 19DA 		.ascii	"\321!\031\332\246\200\306\324\244\223\231f\222t\332\3164\231"
 197      A680 C6D4 
 197      A493 9966 
 197      9274 DACE 
 197      3499 
 198 0027 696B 3AB5 		.ascii	"ik:\265\377l\0206\352\b\342,`4M\233\273\2744h\f A\304\027\210"
 198      FF6C 1036 
 198      EA08 E22C 
 198      6034 4D9B 
 198      BBBC 3468 
 199 0041 1A9E 8208 		.ascii	"\032\236\202\b>\020\"  \242 \017A\001\025D\3047*\310[\241\337"
 199      3E10 2220 
 199      20A2 200F 
 199      4101 1544 
 199      C437 2AC8 
 200 0058 79DC BD77 		.ascii	"y\334\275w\027\326d\272\303\307\275\347\234\337\371}\217s\276"
 200      17D6 64BA 
 200      C3C7 BDE7 
 200      9CDF F97D 
 200      8F73 BE
 201 006b F3B8 8E82 		.ascii	"\363\270\216\202 \224\316\027\004w,\b\341 S\360\323A]\005\210"
 201      2094 CE17 
 201      0477 2C08 
 201      E120 53F0 
 201      D341 5D05 
 202 0080 23C8 6C04 		.ascii	"#\310l\004u\360\234\007\317\371 =\360^&\260\237\013\310/\240"
 202      75F0 9C07 
 202      CFF9 203D 
 202      F05E 26B0 
 202      9F0B C82F 
 203 0095 6E21 8837 		.ascii	"n!\2107\310\353 > \277\002y\003\304\017d\021\310[ \357\2008\001"
 203      C8EB 203E 
 203      20BF 0279 
 203      03C4 0F64 
 203      11C8 5B20 
 204 00ad FE7D 78FE 		.ascii	"\376}x\376\t\344o \313@\302A>\007\331\210\004\253\337\357EAp"
 204      09E4 6F20 
 204      CB40 C241 
 204      3E07 D988 
 204      04AB DFEF 
 205 00c4 80E7 A720 		.ascii	"\200\347\247 \036 \236\334\226/8\016q\335\344\271\314\246\357"
 205      1E20 9EDC 
 205      962F 380E 
 205      71DD E4B9 
 205      CCA6 EF
 206 00d7 1FA0 AFE6 		.ascii	"\037\240\257\346\005\375\026\332\351\367g\221\371\334\314\373"
 206      05FD 16DA 
 206      E9F7 6791 
 206      F9DC CCFB 
 207 00e7 38F0 7E2F 		.ascii	"8\360~/\201hx\037\035\177z\333\341\370\b8^\261\261{J\305)\202"
 207      8168 781F 
 207      1D7F 7ADB 
 207      E1F8 0838 
 207      5EB1 B17B 
 208 00ff 78C1 FBBF 		.ascii	"x\301\373\277\004\205\033\201\374\033\304\004\262\006\344K\220"
 208      0485 1B81 
 208      FC1B C404 
 208      B206 E44B 
 208      90
 209 0110 FF80 7C8C 		.ascii	"\377\200|\214\224\270/\001\231\204>\367A\376\013\357_\201|\b"
 209      94B8 2F01 
 209      9984 3EF7 
 209      41FE 0BEF 
 209      5F81 7C08 
 210 0124 F236 8804 		.ascii	"\3626\210\004\362.\b\f\237\340\f\317\020\220Q\201\225_W\305\237"
 210      F22E 080C 
 210      9FE0 0CCF 
 210      1090 5181 
 210      955F 57C5 
 211 0139 C493 C45D 		.ascii	"\304\223\304]\036\0039\376\352\337_\301~g\033\373{\270\355\267"
 211      1E03 39FE 
 211      EADF 5FC1 
 211      7E67 1BFB 
 211      7BB8 EDB7 
 212 014d 5436 F7F2 		.ascii	"T6\367\362X\272\3618\370\330\211\307'\"\233'j>2\177\226sN2\317"
 212      58BA F138 
 212      F8D8 89C7 
 212      2722 9B27 
 212      6A3E 327F 
 213 0166 CCAA 3897 		.ascii	"\314\2528\227s^w\316G\346\022P\3209b\313\275\374\377\344\326"
 213      735E 77CE 
 213      47E6 1250 
 213      D039 62CB 
 213      BDFC FFE4 
 214 017b 73EE 3738 		.ascii	"s\35678\367\306\031\270\r6s\250\214s\t\234\303\217s|n\323/\360"
 214      F7C6 19B8 
 214      0D36 73A8 
 214      8C73 099C 
 214      C38F 737C 
 215 0193 47FA 2DE2 		.ascii	"G\372-\342\375l\347{\022F\325S#\345\356[0\362\320!\021\212\315"
 215      FD6C E77B 
 215      1246 D553 
 215      23E5 EE5B 
 215      30F2 D021 
 216 01aa 8F2F EC71 		.ascii	"\217/\354q\201\242\247\016\315\202b\352\251\247u\016\254U\013"
 216      81A2 A70E 
 216      CD82 62EA 
 216      A9A7 750E 
 216      AC55 0B
 217 01bd C5DE 89BC 		.ascii	"\305\336\211\274\0227Vt\204be\347\331A\035\206\311\005\357\007"
 217      1237 5674 
 217      8462 65E7 
 217      D941 1D86 
 217      C905 EF07 
 218 01d1 C727 1E63 		.ascii	"\307'\036chZ\256CSS\030*\362\037\234\034se\025\244\275'\372\311"
 218      685A AE43 
 218      5353 182A 
 218      F21F 9C1C 
 218      7365 15A4 
 219 01e9 47D8 8DBE 		.ascii	"G\330\215\276VN])\022}s%\366\323~$\240\022\204e{~H\350\354\323"
 219      564E 5D29 
 219      127D 7325 
 219      F6D3 7E24 
 219      A012 8465 
 220 0203 615F 0214 		.ascii	"a_\002\024\253\213\315\3378#\235\317fI\212\224\032%\311a\256"
 220      AB8B CDDF 
 220      3823 9DCF 
 220      6649 8A94 
 220      1A25 C961 
 221 0218 808A 9017 		.ascii	"\200\212\220\027:\212\274\004\364\003\362!\334\247\220\257\200"
 221      3A8A BC04 
 221      F403 F221 
 221      DCA7 90AF 
 221      80
 222 0229 4E42 E509 		.ascii	"NB\345\t\250<D\b\313\247\222\027\366\304H\222\210\312\220\016"
 222      A83C 4408 
 222      CBA7 9217 
 222      F6C4 4892 
 222      88CA 900E 
 223 023d 9522 4C31 		.ascii	"\225\"L1\020\200\345:\246b|\323h'\326@\310(`\255\206\3245\034"
 223      1080 E53A 
 223      A662 7CD3 
 223      6827 D640 
 223      C828 60AD 
 224 0255 6C6A 14E7 		.ascii	"lj\024\347&\323\376\2224\013\241O_Foz!\177\310\032T\216\346\302"
 224      26D3 FE92 
 224      340B A14F 
 224      5F46 6F7A 
 224      217F C81A 
 225 026d FFD3 48C3 		.ascii	"\377\323H\303\272\037\236\272\275\013\353\343,6\221v\213Y\002"
 225      BA1F 9EBA 
 225      BD0B EBE3 
 225      2C36 9176 
 225      8B59 02
 226 0280 AA40 7AEE 		.ascii	"\252@z\356JSt\301n\314\242\245\201\342\226\303\311\r.8\224\205"
 226      4A53 74C1 
 226      6ECC A2A5 
 226      81E2 96C3 
 226      C90D 2E38 
 227 0296 60A0 E07B 		.ascii	"`\240\340{=k\"\261\212\31583\346\212\277\240M\331\031\335{\235"
 227      3D6B 22B1 
 227      8ACD 3833 
 227      E68A BFA0 
 227      4DD9 19DD 
 228 02ac A169 0E04 		.ascii	"\241i\016\004\222\224O\267t\357\326\261\262\364\025\224[\256"
 228      9294 4FB7 
 228      74EF D6B1 
 228      B2F4 1594 
 228      5BAE 
 229 02be 8E97 6BF1 		.ascii	"\216\227k\361\2274@\315\365c[\034\221\217\216\371\335\277on\244"
 229      9734 40CD 
 229      F563 5B1C 
 229      918F 8EF9 
 229      DDBF 6F6E 
 230 02d3 2421 5407 		.ascii	"$!T\007^\325*n\317!no\246\2104\tC\b\231_\350\034\004p\016\017"
 230      5ED5 2A6E 
 230      CF21 6E6F 
 230      A688 3409 
 230      4308 995F 
 231 02ed E059 30BF 		.ascii	"\340Y0\277\006\314\007\376\322\270\363\317\2648\nQcRK6E\352p"
 231      06CC 07FE 
 231      D2B8 F3CF 
 231      B438 0A51 
 231      6352 4B36 
 232 0304 0C2B 24C5 		.ascii	"\f+$\305\346\347!\274\211\025\362cz\263\264`\226\027\230\211"
 232      E6E7 21BC 
 232      8915 F263 
 232      7AB3 B460 
 232      9617 9889 
 233 0318 54C3 EDC5 		.ascii	"T\303\355\305\206;k_f\225+\376\226b\305G9c\333\235,f\016\357"
 233      863B 6B5F 
 233      6695 2BFE 
 233      9662 C547 
 233      3963 DB9D 
 234 0330 F3A2 6636 		.ascii	"\363\242f6\203\231\215\212\231^\334\314H\0333\233\300L/n\346"
 234      8399 8D8A 
 234      995E DCCC 
 234      481B 339B 
 234      C04C 2F6E 
 235 0345 4530 B381 		.ascii	"E0\263\201\231Yxf\244C\217w0c\nv\216\\\323\301\210\242\026:\221"
 235      9959 7866 
 235      A443 8F77 
 235      3063 0A76 
 235      8E5C D3C1 
 236 035e A0E6 DC81 		.ascii	"\240\346\334\201\222g<\300\016P\3345x\355\2563\233\326>d\264"
 236      9267 3CC0 
 236      0E50 DC35 
 236      78ED AE33 
 236      9BD6 3E64 
 237 0373 07BF FECE 		.ascii	"\007\277\376\316\005\357\245\235\235\272k3S\235\321looo\037o"
 237      05EF A59D 
 237      9DBA 6B33 
 237      539D D16C 
 237      6F6F 6F1F 
 238 0388 EF04 6262 		.ascii	"\357\004bb\274d\006\373\004\324\006\352ZA.\301\320\243+h61\002"
 238      BC64 06FB 
 238      04D4 06EA 
 238      5A41 2EC1 
 238      D0A3 2B68 
 239 039f 5D05 7BAE 		.ascii	"]\005{\256!ot\035\244\035\244\023\244\003y\323\371\273\237:x"
 239      216F 741D 
 239      A41D A413 
 239      A403 79D3 
 239      F9BB 9F3A 
 240 03b4 36F7 DD9C 		.ascii	"6\367\335\234\222xI\212u\244Cq\036|$\235\271?l\226,\362\262\300"
 240      9278 498A 
 240      75A4 4371 
 240      1E7C 249D 
 240      B93F 6C96 
 241 03cc EBDE 8896 		.ascii	"\353\336\210\226\312+\330\260]\266\306V\332b+U\330jkl\225\202"
 241      CA2B D8B0 
 241      5DB6 C656 
 241      DA62 2B55 
 241      D86A 6B6C 
 242 03e2 6571 6EC8 		.ascii	"eqn\310\3610\2238\003F"
 242      F130 9338 
 242      0346 
 243 03ec E041 E636 		.string	"\340A\3466B\210\373s\346WHR\312\\:\n\365\326L~6J\007~\255(\275`\r\365\267@!\252E\267Sz\26
 243      4288 FB73 
 243      E657 4852 
 243      CA5C 3A0A 
 243      F5D6 4C7E 
 244 04ed 3F46 E18F 		.string	"?F\341\217\251%\217dK\342Sc\323\365\270\233)\272V\333\230\357\206\357\322\202C^w\324+\310
 244      A925 8F64 
 244      4BE2 5363 
 244      D3F5 B89B 
 244      29BA 56DB 
 245 05a1 A476 906C 		.ascii	"\244v\220l;\005"
 245      3B05 
 246 05a7 25F7 9D70 		.string	"%\367\235p?K\356\344\204\246\tW\344\343\311:Mf\263\344\236\004\346gJr\023\016\373F\243\34
 246      3F4B EEE4 
 246      84A6 0957 
 246      E4E3 C93A 
 246      4D66 B3E4 
 247 06a8 4D4F B1E1 		.string	"MO\261\3413\234\n\326Yt\306\326\305J[\027\307\377.m\325S\265\307m\261\307\220*#\321\315C\
 247      339C 0AD6 
 247      5974 C6D6 
 247      C54A 5B17 
 247      C7FF 2E6D 
 248 06e8 3E5E B424 		.ascii	">^\264$\006q\215\252=iN\337\347\256\236\032\t\242z\323\332\316"
 248      0671 8DAA 
 248      3D69 4EDF 
 248      E7AE 9E1A 
 248      09A2 7AD3 
 249 06fe A606 7902 		.ascii	"\246\006y\002\270u\264l\\\217\317Q\0335]GooC\310\307\013!\035"
 249      B875 B46C 
 249      5C8F CF51 
 249      1B35 5D47 
 249      6F6F 43C8 
 250 0716 C821 F928 		.ascii	"\310!\371(-\240\035\242\016%\211X>\340\247J\260|?\376\212T\317"
 250      2DA0 1DA2 
 250      0E25 8958 
 250      3EE0 A74A 
 250      B07C 3FFE 
 251 072d 74B6 FA0E 		.ascii	"t\266\372\016\034 M\002J\001\377\222\301\277T0\227\324\200\302"
 251      1C20 4D02 
 251      4A01 FF92 
 251      C1BF 5430 
 251      97D4 80C2 
 252 0741 671D 93FB 		.ascii	"g\035\223\373]t\274\327\346\027\366B;E2es\223#\317k\325\376@"
 252      5D74 BCD7 
 252      E617 F642 
 252      3B45 3265 
 252      7393 23CF 
 253 0759 B5CA 9F54 		.ascii	"\265\312\237T\356O*\365\347X\335\370\260K\027\354\351\340\221"
 253      EE4F 2AF5 
 253      E758 DDF8 
 253      B04B 17EC 
 253      E9E0 91
 254 076c 7C55 41FC 		.ascii	"|UA\374\201\250\2602\242Ex2\234\\\2058L\220\3379\212\325\213"
 254      81A8 B032 
 254      A245 7832 
 254      9C5C 8538 
 254      4C90 DF39 
 255 0783 321D FD43 		.ascii	"2\035\375C\002g\233\222\177\214\231C\024:R'\312\261c\354\034"
 255      0267 9B92 
 255      7F8C 9943 
 255      143A 5227 
 255      CAB1 63EC 
 256 0798 06F5 14AB 		.ascii	"\006\365\024\253b`\274*\365jz\246\333\252Y\355$\3429\337q3\307"
 256      6260 BC2A 
 256      F56A 7AA6 
 256      DBAA 59ED 
 256      24E2 39DF 
 257 07af 0337 B035 		.ascii	"\0037\2605e`\317\320\200\033]\310`\300\371BV8\376x\263\223\235"
 257      6560 CFD0 
 257      801B 5DC8 
 257      60C0 F942 
 257      5638 FE78 
 258 07c6 856C 2F5D 		.ascii	"\205l/]f\366\310\013Y\345"
 258      66F6 C80B 
 258      59E5 
 259 07d0 89CC AD0E 		.ascii	"\211\314\255\016\013\323\244\264n\251|\244\323\247\027\206\001"
 259      0BD3 A4B4 
 259      6EA9 7CA4 
 259      D3A7 1786 
 259      01
 260 07e1 5665 4943 		.ascii	"VeICph\2672\373v\323\331\201v\211]`\322>q!\031\212\221+\207D"
 260      7068 B732 
 260      FB76 D3D9 
 260      8176 895D 
 260      60D2 3E71 
 261 07fc 3CCC CCD8 		.ascii	"<\314\314\330\264\367I\nV\253$\326\310:\323\255\226\266\242\236"
 261      B4F7 490A 
 261      56AB 24D6 
 261      C83A D3AD 
 261      96B6 A29E 
 262 0810 D852 27AE 		.ascii	"\330R'\256\262/\332\001R\0236\017\311\203\240P\232\2421M\255"
 262      B22F DA01 
 262      5213 360F 
 262      C983 A050 
 262      9AA2 314D 
 263 0825 713F D578 		.ascii	"q?\325x\257\3602\354\370\261\230j\374\266\351\332u\221\323\f"
 263      AFF0 32EC 
 263      F8B1 986A 
 263      FCB6 E9DA 
 263      7591 D30C 
 264 0839 2761 4E23 		.ascii	"'aN#\322\2052C\241\311P\323\034\2404wn\264\0259\343\235\214\246"
 264      D285 3243 
 264      A1C9 50D3 
 264      1CA0 3477 
 264      6EB4 1539 
 265 0851 3FF3 D90E 		.ascii	"?\363\331\016gNs\335ha!\353\371A\205\345\240\232\345\020e\351"
 265      674E 73DD 
 265      6861 21EB 
 265      F941 85E5 
 265      A09A E510 
 266 0867 3DBD 693B 		.ascii	"=\275i;\306\271\214\245\353\364\305Xw\31620\327\302B\216y\337"
 266      C6B9 8CA5 
 266      EBF4 C558 
 266      77CE 3230 
 266      D7C2 428E 
 267 087d 2B2C DFAB 		.ascii	"+,\337\253Y2)\313\236\323\203]n\270\224\261\334\231l\030\323"
 267      5932 29CB 
 267      9ED3 835D 
 267      6EB8 94B1 
 267      DC99 6C18 
 268 0892 CA2C F32C 		.ascii	"\312,\363,,\344\246\230\245\260d\251Y\262)\313\255\246C\003\216"
 268      2CE4 A698 
 268      A5B0 64A9 
 268      59B2 29CB 
 268      ADA6 4303 
 269 08a7 B89E B1EC 		.ascii	"\270\236\261\354K\313\330\357*\263\314\267b\311QXr\324,\271\224"
 269      4BCB D8EF 
 269      2AB3 CCB7 
 269      62C9 5158 
 269      72D4 2CB9 
 270 08bc E5F0 B6C4 		.ascii	"\345\360\266\304GZ\334\315X\216\224\327\316W\217g\231j\253:l"
 270      475A DCCD 
 270      588E 94D7 
 270      CE57 8F67 
 270      996A AB3A 
 271 08d1 359E 17D3 		.ascii	"5\236\027\323\216^\322\310\003\261\313\263\t\016%\320+M$0\224"
 271      8E5E D2C8 
 271      03B1 CBB3 
 271      090E 25D0 
 271      2B4D 2430 
 272 08e6 A768 CC53 		.ascii	"\247h\314Sk\314\247\032\373j\353N\352\360(\323\330t0\366g\234"
 272      6BCC A71A 
 272      FB6A EB4E 
 272      EAF0 28D3 
 272      D874 30F6 
 273 08fc A6D2 CB32 		.ascii	"\246\322\3132+\bI\201BR\240&9BI\236TL\334s\304\211\032J\222\236"
 273      2B08 4981 
 273      4252 A026 
 273      3942 499E 
 273      544C DC73 
 274 0916 9E35 A6A1 		.ascii	"\2365\246\241\351\220jI\207\201\321-yZ;\351PD]9*\247CG}\302e"
 274      E990 6A49 
 274      8781 D12D 
 274      795A 3BE9 
 274      5044 5D39 
 275 0931 E24B 37B9 		.ascii	"\342K7\271\220m\301e\271\346r\177\nB\205\212\r\205|\245D\305"
 275      906D C165 
 275      B9E6 727F 
 275      0A42 858A 
 275      0D85 7CA5 
 276 0947 54FF D5A4 		.ascii	"T\377\325\244\350\263.\370\370\f\372\205\037\323~\202j?.k?\330"
 276      E8B3 2EF8 
 276      F80C FA85 
 276      1FD3 7E82 
 276      6A3F 2E6B 
 277 095d F6BC C295 		.ascii	"\366\274\302\225k\037\377G\274\236\264\243c\212\342c\262\342"
 277      6B1F FF47 
 277      BC9E B4A3 
 277      638A E263 
 277      B2E2 
 278 096f 9354 71F6 		.ascii	"\223Tq\366\315\222z\373g\376\022\221\237\264\375\351A{\353\320"
 278      CD92 7AFB 
 278      67FE 1291 
 278      9FB4 FDE9 
 278      417B EBD0 
 279 0983 8303 1A76 		.ascii	"\203\003\032v\320n\244\007\355\035V\253\354)\321C\356C\017\370"
 279      D06E A407 
 279      ED1D 56AB 
 279      EC29 D143 
 279      EE43 0FF8 
 280 0997 47A3 86DC 		.ascii	"G\243\206\334\325\350\235/B'\356\251\217q\\P\241\331'\245\274"
 280      D5E8 9D2F 
 280      4227 EEA9 
 280      8F71 5C50 
 280      A1D9 27A5 
 281 09ac 8A4A A18D 		.ascii	"\212J\241\215\334\235\243wu\270\343*\026\225\346\201\323\243"
 281      DC9D A377 
 281      75B8 E32A 
 281      1695 E681 
 281      D3A3 
 282 09be 18D7 B342 		.ascii	"\030\327\263B\327\325\007}\210\\'N\213\374:Q\274\353\351M7\334"
 282      D7D5 077D 
 282      885C 274E 
 282      8BFC 3A51 
 282      BCEB E94D 
 283 09d4 CE9A 23DB 		.ascii	"\316\232#\333c:t\257eH\215\345tEJ)L\202;1\354\246\300\213* \026"
 283      633A 74AF 
 283      6548 8DE5 
 283      7445 4A29 
 283      4C82 3B31 
 284 09ef 907D B225 		.ascii	"\220}\262%\250\034\"\207~\200\3122q\001\354\344\342k\320\277"
 284      A81C 2287 
 284      7E80 CA32 
 284      7101 ECE4 
 284      E26B D0BF 
 285 0a03 663C 2606 		.ascii	"f<&\006\253o\024\304Q\345FqF\264\272Q\f=I\314wQ\243w\276\b}\263"
 285      AB6F 14C4 
 285      51E5 4671 
 285      46B4 BA51 
 285      0C3D 49CC 
 286 0a1f F8F9 5671 		.ascii	"\370\371Vq\3015\346h\025s4\262\242\352\204\036\367\332\363m\177"
 286      C135 E668 
 286      1573 34B2 
 286      A2EA 841E 
 286      F7DA F36D 
 287 0a34 67C6 5FB8 		.ascii	"g\306_\27075)\364\304\016\213k\225\312\027\256\f\235%\276\324"
 287      3735 29F4 
 287      C40E 8B6B 
 287      95CA 17AE 
 287      0C9D 25BE 
 288 0a49 4065 35F1 		.ascii	"@e5\361\245\226\372\262\371\354\365V\304\016w/A\361QBv\273\316"
 288      A596 FAB2 
 288      F9EC F556 
 288      C40E 772F 
 288      41F1 5142 
 289 0a60 EE80 D7C9 		.ascii	"\356\200\327\311\003~N\244#~\244\373Y\251\206u\366\200\342`U"
 289      037E 4EA4 
 289      237E A4FB 
 289      59A9 8675 
 289      F680 E260 
 290 0a75 E6A0 3B3B 		.ascii	"\346\240;;\031\306\223O/)\311\245\005z\3338]\200\255\371<=\251"
 290      19C6 934F 
 290      2F29 C9A5 
 290      057A DB38 
 290      5D80 ADF9 
 291 0a8c D553 CFEB 		.ascii	"\325S\317\353\344!\3362r.\322\3356Nv\321\267\242\342\272]\026"
 291      E421 DE32 
 291      722E D2DD 
 291      364E 76D1 
 291      B7A2 E2BA 
 292 0aa2 3C64 716A 		.ascii	"<dqj`q*i{\320\351\212%\007;qjH\276\234\353\314\0035\274\003\303"
 292      6071 2A69 
 292      7BD0 E98A 
 292      2507 3B71 
 292      6A48 BE9C 
 293 0abd D5C3 4CBB 		.ascii	"\325\303L\273Z\342\304\225\241&\022\247F\250\274H\342\324L\343"
 293      5AE2 C495 
 293      A126 12A7 
 293      46A8 BC48 
 293      E2D4 4CE3 
 294 0ad1 64BE 7CE2 		.ascii	"d\276|\342\230\036\177\315\270\277n\274\035\347\bLR%0\r\222\375"
 294      981E 7FCD 
 294      B8BF 6EBC 
 294      1DE7 084C 
 294      5225 300D 
 295 0ae7 85ED 462D 		.ascii	"\205\355F-,\221T\021k!\312\321%J\0217\331\336\352\210\343\031"
 295      2C91 5411 
 295      6B21 CAD1 
 295      254A 1137 
 295      D9DE EA88 
 296 0afd 85FC 0DCE 		.ascii	"\205\374\r\316\223~\203\303\205"
 296      937E 83C3 
 296      85
 297 0b06 7119 B75C 		.string	"q\031\267\\\350\231\t\376\330\321F*\237\205\004K\036_\246\241\277\002\326\265\363\323\020
 297      E899 09FE 
 297      D8D1 462A 
 297      9F85 044B 
 297      1E5F A6A1 
 298 0c07 CB03 903E 		.ascii	"\313\003\220>\220\333 w\255\3568m\252\220\334\264k\364b\376\001"
 298      90DB 2077 
 298      ADEE 386D 
 298      AA90 DCB4 
 298      6BF4 62FE 
 299 0c1c 6020 B1E6 		.ascii	"` \261\346;\027\344\355)\177\342\030^\306>@P\233\372E\317\351"
 299      3B17 E4ED 
 299      297F E218 
 299      5EC6 3E40 
 299      509B FA45 
 300 0c32 814F 9CC9 		.ascii	"\201O\234\311<\202$\346=\002\363\036\002\375c\253\253\307$\273"
 300      3C82 24E6 
 300      3D02 F31E 
 300      02FD 63AB 
 300      ABC7 24BB 
 301 0c46 4701 68FA 		.ascii	"G\001h\372=j\362\022V>y\220/\0163*%KM\337\266*=n\247\223F<\235"
 301      3D6A F212 
 301      563E 7990 
 301      2F0E 332A 
 301      254B 4DDF 
 302 0c63 B3B3 D805 		.ascii	"\263\263\330\005y\372\314`\f\032\004\033^lO\315[\304\234\001"
 302      79FA CC60 
 302      0C1A 041B 
 302      5E6C 4FCD 
 302      5BC4 9C01 
 303 0c77 C03C 51F6 		.ascii	"\300<Q\366Ab\035U\224\337yf\253\026R=\215|,\034\202`V\2325\024"
 303      4162 1D55 
 303      94DF 7966 
 303      AB16 523D 
 303      8D7C 2C1C 
 304 0c91 DCCA 735D 		.ascii	"\334\312s]v\272\225f\372S\232\351\321-\217\372\311\247qr"
 304      76BA 9566 
 304      FA53 9AE9 
 304      D12D 8FFA 
 304      C9A7 7172 
 305 0ca5 A2A1 07C9 		.string	"\242\241\007\311\376]}\032|\207\315\367\306\272\244*\035_<\006;\337m\221\244\271\0248<m\3
 305      FE5D 7D1A 
 305      7C87 CDF7 
 305      C6BA A42A 
 305      1D5F 3C06 
 306 0da6 935F C07A 		.string	"\223_\300z\323oV\006\006\276\267\324o\251\357\022_\177R\366[\275608\"\310\350\027\026\036
 306      D36F 5606 
 306      06BE B7D4 
 306      6FA9 EF12 
 306      5F7F 52F6 
 307 0e0a 5310 3605 		.ascii	"S\0206\005|\256\201B\230\326d\f3\232\326\033\2034!\241Aa/\361"
 307      7CAE 8142 
 307      98D6 640C 
 307      339A D61B 
 307      8334 21A1 
 308 0e22 3E32 0CBA 		.ascii	">2\f\272Y^\203\215Aa\214$\020\f\211\b1\232~>S4\fA\246\325\353"
 308      595E 838D 
 308      4161 8C24 
 308      100C 8908 
 308      319A 7E3E 
 309 0e3d 8D26 30C0 		.ascii	"\215&0\300UU4\204k\002W\005\230\334iU\230Q\256\2363s<\005\206"
 309      5555 3484 
 309      6B02 5705 
 309      98DC 6955 
 309      9851 AE9E 
 310 0e56 5B69 C179 		.ascii	"[i\301y\320\262\225)6U\3040\326\213\371K\312\263\2306:r\264\202"
 310      D0B2 9529 
 310      3655 C430 
 310      D68B F94B 
 310      CAB3 9836 
 311 0e6e F591 CDA7 		.ascii	"\365\221\315\247UshUp\200\002d!\230\247\324[\360\254\305a\303"
 311      5573 6855 
 311      7080 0264 
 311      2198 A7D4 
 311      5BF0 ACC5 
 312 0e84 BA88 F0B0 		.ascii	"\272\210\360\260i\276\223\341\334\260\316\004\303\363\031\370"
 312      69BE 93E1 
 312      DCB0 CE04 
 312      C3F3 19F8 
 313 0e94 EE6C 30F0 		.ascii	"\356l0\360\002l\345Z\203!\320w\261\377\222\305.\006\303:S\350"
 313      026C E55A 
 313      8321 D077 
 313      B1FF 92C5 
 313      2E06 C33A 
 314 0eaa CA10 D062 		.ascii	"\312\020\320b\300P\351\370\232\377\342\177\276*\267\277\271\324"
 314      C050 E9F8 
 314      9AFF E27F 
 314      BE2A B7BF 
 314      B9D4 
 315 0ebc C3E2 0E53 		.ascii	"\303\342\016S\365;\245m\211#\213\204>\310\270\"b%\261\351\263"
 315      F53B A56D 
 315      8923 8B84 
 315      3EC8 B822 
 315      6225 B1E9 
 316 0ed1 D52B 1D0C 		.ascii	"\325+\035\f\357\207\206\006;P\217\265r_\307\220\200p\323\352"
 316      EF87 8606 
 316      3B50 8FB5 
 316      725F C790 
 316      8070 D3EA 
 317 0ee5 0D8E C6B5 		.ascii	"\r\216\306\265\001+\202\215sm\355\244\375\311\364P\023\031\302"
 317      012B 828D 
 317      736D EDA4 
 317      FDC9 F450 
 317      1319 C2
 318 0ef8 3DA6 87C0 		.ascii	"=\246\207\300s&\357\377\007\243\355\264\306"
 318      7326 EFFF 
 318      07A3 EDB4 
 318      C6
 319               		.text
 320               		.section	.gnu.lto_.symtab.48f848798bf65240,"",@progbits
 321 0000 686F 7374 		.string	"host_set_driver"
 321      5F73 6574 
 321      5F64 7269 
 321      7665 7200 
 322 0010 00        		.string	""
 323 0011 00        		.string	""
 324 0012 00        		.string	""
 325 0013 00        		.string	""
 326 0014 00        		.string	""
 327 0015 00        		.string	""
 328 0016 00        		.string	""
 329 0017 00        		.string	""
 330 0018 00        		.string	""
 331 0019 00        		.string	""
 332 001a 00        		.string	""
 333 001b 1F01 00   		.string	"\037\001"
 334 001e 00        		.string	""
 335 001f 686F 7374 		.string	"host_get_driver"
 335      5F67 6574 
 335      5F64 7269 
 335      7665 7200 
 336 002f 00        		.string	""
 337 0030 00        		.string	""
 338 0031 00        		.string	""
 339 0032 00        		.string	""
 340 0033 00        		.string	""
 341 0034 00        		.string	""
 342 0035 00        		.string	""
 343 0036 00        		.string	""
 344 0037 00        		.string	""
 345 0038 00        		.string	""
 346 0039 00        		.string	""
 347 003a 2201 00   		.string	"\"\001"
 348 003d 00        		.string	""
 349 003e 686F 7374 		.string	"host_keyboard_leds"
 349      5F6B 6579 
 349      626F 6172 
 349      645F 6C65 
 349      6473 00
 350 0051 00        		.string	""
 351 0052 00        		.string	""
 352 0053 00        		.string	""
 353 0054 00        		.string	""
 354 0055 00        		.string	""
 355 0056 00        		.string	""
 356 0057 00        		.string	""
 357 0058 00        		.string	""
 358 0059 00        		.string	""
 359 005a 00        		.string	""
 360 005b 00        		.string	""
 361 005c 2401 00   		.string	"$\001"
 362 005f 00        		.string	""
 363 0060 686F 7374 		.string	"host_keyboard_send"
 363      5F6B 6579 
 363      626F 6172 
 363      645F 7365 
 363      6E64 00
 364 0073 00        		.string	""
 365 0074 00        		.string	""
 366 0075 00        		.string	""
 367 0076 00        		.string	""
 368 0077 00        		.string	""
 369 0078 00        		.string	""
 370 0079 00        		.string	""
 371 007a 00        		.string	""
 372 007b 00        		.string	""
 373 007c 00        		.string	""
 374 007d 00        		.string	""
 375 007e 2601 00   		.string	"&\001"
 376 0081 00        		.string	""
 377 0082 686F 7374 		.string	"host_mouse_send"
 377      5F6D 6F75 
 377      7365 5F73 
 377      656E 6400 
 378 0092 00        		.string	""
 379 0093 00        		.string	""
 380 0094 00        		.string	""
 381 0095 00        		.string	""
 382 0096 00        		.string	""
 383 0097 00        		.string	""
 384 0098 00        		.string	""
 385 0099 00        		.string	""
 386 009a 00        		.string	""
 387 009b 00        		.string	""
 388 009c 00        		.string	""
 389 009d 2801 00   		.string	"(\001"
 390 00a0 00        		.string	""
 391 00a1 686F 7374 		.string	"host_system_send"
 391      5F73 7973 
 391      7465 6D5F 
 391      7365 6E64 
 391      00
 392 00b2 00        		.string	""
 393 00b3 00        		.string	""
 394 00b4 00        		.string	""
 395 00b5 00        		.string	""
 396 00b6 00        		.string	""
 397 00b7 00        		.string	""
 398 00b8 00        		.string	""
 399 00b9 00        		.string	""
 400 00ba 00        		.string	""
 401 00bb 00        		.string	""
 402 00bc 00        		.string	""
 403 00bd 2A01 00   		.string	"*\001"
 404 00c0 00        		.string	""
 405 00c1 686F 7374 		.string	"host_consumer_send"
 405      5F63 6F6E 
 405      7375 6D65 
 405      725F 7365 
 405      6E64 00
 406 00d4 00        		.string	""
 407 00d5 00        		.string	""
 408 00d6 00        		.string	""
 409 00d7 00        		.string	""
 410 00d8 00        		.string	""
 411 00d9 00        		.string	""
 412 00da 00        		.string	""
 413 00db 00        		.string	""
 414 00dc 00        		.string	""
 415 00dd 00        		.string	""
 416 00de 00        		.string	""
 417 00df 2C01 00   		.string	",\001"
 418 00e2 00        		.string	""
 419 00e3 686F 7374 		.string	"host_last_system_report"
 419      5F6C 6173 
 419      745F 7379 
 419      7374 656D 
 419      5F72 6570 
 420 00fb 00        		.string	""
 421 00fc 00        		.string	""
 422 00fd 00        		.string	""
 423 00fe 00        		.string	""
 424 00ff 00        		.string	""
 425 0100 00        		.string	""
 426 0101 00        		.string	""
 427 0102 00        		.string	""
 428 0103 00        		.string	""
 429 0104 00        		.string	""
 430 0105 00        		.string	""
 431 0106 2F01 00   		.string	"/\001"
 432 0109 00        		.string	""
 433 010a 686F 7374 		.string	"host_last_consumer_report"
 433      5F6C 6173 
 433      745F 636F 
 433      6E73 756D 
 433      6572 5F72 
 434 0124 00        		.string	""
 435 0125 00        		.string	""
 436 0126 00        		.string	""
 437 0127 00        		.string	""
 438 0128 00        		.string	""
 439 0129 00        		.string	""
 440 012a 00        		.string	""
 441 012b 00        		.string	""
 442 012c 00        		.string	""
 443 012d 00        		.string	""
 444 012e 00        		.string	""
 445 012f 3101 00   		.string	"1\001"
 446 0132 00        		.string	""
 447 0133 6465 6275 		.string	"debug_config"
 447      675F 636F 
 447      6E66 6967 
 447      00
 448 0140 00        		.string	""
 449 0141 02        		.ascii	"\002"
 450 0142 00        		.string	""
 451 0143 00        		.string	""
 452 0144 00        		.string	""
 453 0145 00        		.string	""
 454 0146 00        		.string	""
 455 0147 00        		.string	""
 456 0148 00        		.string	""
 457 0149 00        		.string	""
 458 014a 00        		.string	""
 459 014b 7401 00   		.string	"t\001"
 460 014e 00        		.string	""
 461 014f 7870 7574 		.string	"xputs"
 461      7300 
 462 0155 00        		.string	""
 463 0156 02        		.ascii	"\002"
 464 0157 00        		.string	""
 465 0158 00        		.string	""
 466 0159 00        		.string	""
 467 015a 00        		.string	""
 468 015b 00        		.string	""
 469 015c 00        		.string	""
 470 015d 00        		.string	""
 471 015e 00        		.string	""
 472 015f 00        		.string	""
 473 0160 3501 00   		.string	"5\001"
 474 0163 00        		.string	""
 475 0164 5F5F 7870 		.string	"__xprintf"
 475      7269 6E74 
 475      6600 
 476 016e 00        		.string	""
 477 016f 02        		.ascii	"\002"
 478 0170 00        		.string	""
 479 0171 00        		.string	""
 480 0172 00        		.string	""
 481 0173 00        		.string	""
 482 0174 00        		.string	""
 483 0175 00        		.string	""
 484 0176 00        		.string	""
 485 0177 00        		.string	""
 486 0178 00        		.string	""
 487 0179 3901 00   		.string	"9\001"
 488 017c 00        		.string	""
 489               		.text
 490               		.section	.gnu.lto_.opts,"",@progbits
 491 0000 272D 666D 		.ascii	"'-fmath-errno' '-fsigned-zeros' '-ftrapping-m"
 491      6174 682D 
 491      6572 726E 
 491      6F27 2027 
 491      2D66 7369 
 492 002d 6174 6827 		.string	"ath' '-fno-trapv' '-fno-openmp' '-fno-openacc' '-mn-flash=1' '-mno-skip-bug' '-mmcu=avr5'
 492      2027 2D66 
 492      6E6F 2D74 
 492      7261 7076 
 492      2720 272D 
 493               		.text
 494               		.comm	__gnu_lto_v1,1,1
 495               		.comm	__gnu_lto_slim,1,1
 496               		.ident	"GCC: (GNU) 7.4.0"
DEFINED SYMBOLS
                            *ABS*:0000000000000000 host.c
/var/tmp//cc4Jj2db.s:2      *ABS*:000000000000003e __SP_H__
/var/tmp//cc4Jj2db.s:3      *ABS*:000000000000003d __SP_L__
/var/tmp//cc4Jj2db.s:4      *ABS*:000000000000003f __SREG__
/var/tmp//cc4Jj2db.s:5      *ABS*:0000000000000000 __tmp_reg__
/var/tmp//cc4Jj2db.s:6      *ABS*:0000000000000001 __zero_reg__
                            *COM*:0000000000000001 __gnu_lto_v1
                            *COM*:0000000000000001 __gnu_lto_slim

NO UNDEFINED SYMBOLS
