   1               		.file	"magic.c"
   2               	__SP_H__ = 0x3e
   3               	__SP_L__ = 0x3d
   4               	__SREG__ = 0x3f
   5               	__tmp_reg__ = 0
   6               	__zero_reg__ = 1
   7               		.section	.gnu.lto_.profile.e53be846aa10e716,"",@progbits
   8 0000 789C 6363 		.string	"x\234cc```\001bF\006\017A"
   8      6060 6001 
   8      6246 060F 
   8      4100 
   9 000e 0119 00   		.string	"\001\031"
  10 0011 65        		.ascii	"e"
  11               		.text
  12               		.section	.gnu.lto_.icf.e53be846aa10e716,"",@progbits
  13 0000 789C 6363 		.string	"x\234cc``\340c@"
  13      6060 E063 
  13      4000 
  14 000a 2686 DD4D 		.string	"&\206\335M\247\35611\235\371zi3\007\003"
  14      A7EE 3131 
  14      9DF9 7A69 
  14      3307 0300 
  15 001a 2F86 064E 		.ascii	"/\206\006N"
  16               		.text
  17               		.section	.gnu.lto_.jmpfuncs.e53be846aa10e716,"",@progbits
  18 0000 789C 6363 		.string	"x\234cc``p`@"
  18      6060 7060 
  18      4000 
  19 000a 4620 6602 		.string	"F f\002R\007\030\031\031\200\370?##\343\024f\306i\255\207\316\263w3\317a\006\3123nf\224\0
  19      5207 1819 
  19      1980 F83F 
  19      2323 E314 
  19      66C6 69AD 
  20 003d D7E6 0E9F 		.ascii	"\327\346\016\237"
  21               		.text
  22               		.section	.gnu.lto_.inline.e53be846aa10e716,"",@progbits
  23 0000 789C 6363 		.string	"x\234cc``0c@"
  23      6060 3063 
  23      4000 
  24 000a 4606 06E1 		.string	"F\006\006\341C@\222\211\343\200\035\003\333\002y&\220 3\017Pb\202\037\0237\220\215 \030\2
  24      4340 9289 
  24      E380 1D03 
  24      DB02 7926 
  24      9020 330F 
  25 002d A3D0 0410 		.ascii	"\243\320\004\020"
  26               		.text
  27               		.section	.gnu.lto_.pureconst.e53be846aa10e716,"",@progbits
  28 0000 789C 6363 		.string	"x\234cc```\006bF\006\t"
  28      6060 6006 
  28      6246 0609 
  28      00
  29 000d 00        		.string	""
  30 000e 7D00      		.string	"}"
  31 0010 23        		.ascii	"#"
  32               		.text
  33               		.section	.gnu.lto_magic.e53be846aa10e716,"",@progbits
  34 0000 789C 6D91 		.ascii	"x\234m\221\313k\023Q\024\306\3177g\3620&i|,\nf\221M\301n\214"
  34      CB6B 1351 
  34      14C6 CF37 
  34      67F2 3026 
  34      697C 2C0A 
  35 001a A2F8 EF94 		.ascii	"\242\370\357\224\020\243\210\215\201R\027\256r\233D\322Z\027"
  35      10A3 888D 
  35      8152 17AE 
  35      729B 44D2 
  35      5A17 
  36 002c 2276 0409 		.ascii	"\"v\004\t2T\260>\020\221\364a\324\332iZ-\335\324\250]\265\256"
  36      3254 B03E 
  36      1091 F461 
  36      D4DA 695A 
  36      2DDD D4A8 
  37 0043 140B 9652 		.ascii	"\024\013\226RPA\220b\353\2713\021\222\266\027\346\316\345\316"
  37      5041 9062 
  37      EBB9 3311 
  37      92B6 17E6 
  37      CEE5 CE
  38 0056 39DF F79B 		.ascii	"9\337\367\233\363\371\211\350,\023\035\227\367\031y\340#\030"
  38      F3F9 89E8 
  38      2C13 1D97 
  38      F719 79E0 
  38      2318 
  39 0068 3797 8806 		.ascii	"7\227\210\006\202\206\301\2158\251\260\351\234\"\025b\230\336"
  39      8286 C18D 
  39      38A9 B0E9 
  39      9C22 1562 
  39      98DE 
  40 007a B509 E883 		.ascii	"\265\t\350\203\n\202\362\006\233\310\343\006\337f\324\313"
  40      0A82 F206 
  40      9BC8 E306 
  40      DF66 D4CB 
  41 008a 6B35 A37B 		.string	"k5\243{L\311r\356\254t\252\207\016*\242k\311\243\027\252\350&)\333*\374^\b\3631\350scj\34
  41      4CC9 72EE 
  41      AC74 AA87 
  41      0E2A A26B 
  41      C9A3 17AA 
  42 018b 3A88 69D8 		.ascii	":\210i\330\030q\003\304\033$\205\304\005\333Yl\202q\273C\324"
  42      1871 03C4 
  42      1B24 85C4 
  42      05DB 596C 
  42      8271 BB43 
  43 01a0 127E C28C 		.ascii	"\022~\302\214\013\326\341\201\375\331\003\026\333\r\026\263\365"
  43      0BD6 E181 
  43      FDD9 0316 
  43      DB0D 16B3 
  43      F5
  44 01b1 78DB C10E 		.ascii	"x\333\301\016aV\300\234}\300\036\313\327\303\250\273`\320`s\032"
  44      6156 C09C 
  44      7DC0 1ECB 
  44      D7C3 A8BB 
  44      60D0 6073 
  45 01c6 8C69 0D05 		.ascii	"\214i\r\005{l\335\035\263N\271\325\021\022\313\274Hi\366'+M\366"
  45      7B6C DD1D 
  45      B34E B9D5 
  45      1112 CBBC 
  45      4869 F627 
  46 01dd E89E A1FA 		.ascii	"\350\236\241\372D\354ms\250\242\226\370/%\265\372_~\226\247\037"
  46      44EC 6D73 
  46      A8A2 96F8 
  46      2F25 B5FA 
  46      5F7E 96A7 
  47 01f2 3543 37F5 		.ascii	"5C7\365\325\006J\211}B=b\261_\204\336\211\220\024V\370(m\nY5"
  47      D506 4A89 
  47      7D42 3D62 
  47      B15F 84DE 
  47      8990 1456 
  48 020c E496 EA35 		.ascii	"\344\226\3525(\330\022\262$\337\331\237\275\324\223\316\365e"
  48      28D8 12B2 
  48      24DF D99F 
  48      BDD4 93CE 
  48      F565 
  49 021e 92E9 5C36 		.ascii	"\222\351\\6\233\273\234\314\246.\\L\237HS\344\\\346|\352Jo\177"
  49      9BBB 9CCC 
  49      A62E 5C4C 
  49      9F48 53E4 
  49      5CE6 7CEA 
  50 0235 4F6F EA6A 		.ascii	"Oo\352j\246\357\037G`\026\222"
  50      A6EF 1F47 
  50      6016 92
  51               		.text
  52               		.section	.gnu.lto_.symbol_nodes.e53be846aa10e716,"",@progbits
  53 0000 789C 6363 		.string	"x\234cc``\330\b\304\fL\334\365\f\f\023\31610"
  53      6060 D808 
  53      C40C 4CDC 
  53      F50C 0C13 
  53      CE31 3000 
  54 0014 A95D 0D8E 		.string	"\251]\r\216\f\f\254\374\f\n@qV.\306F% \315(T\317\b\226g`hhp"
  54      0C0C ACFC 
  54      0C0A 4071 
  54      562E C646 
  54      2520 CD28 
  55 0032 F205 EB99 		.string	"\362\005\353\231P\370\002\365\314(|\276z\026\024>o=+\n\237\247\236\r\231\317\314\300\301\
  55      50F8 02F5 
  55      CC28 7CBE 
  55      7A16 143E 
  55      6F3D 2B0A 
  56 0077 23CC 26B9 		.ascii	"#\314&\271"
  57               		.text
  58               		.section	.gnu.lto_.refs.e53be846aa10e716,"",@progbits
  59 0000 789C 6363 		.string	"x\234cc``\340\004b&\006FFVF&v\006"
  59      6060 E004 
  59      6226 0646 
  59      4656 4626 
  59      7606 00
  60 0013 013C 00   		.string	"\001<"
  61 0016 23        		.ascii	"#"
  62               		.text
  63               		.section	.gnu.lto_.decls.e53be846aa10e716,"",@progbits
  64 0000 789C 8556 		.string	"x\234\205VkTT\327\025\276\373\236\001\206a"
  64      6B54 54D7 
  64      15BE FB9E 
  64      0186 6100 
  65 0010 1349 4B1B 		.string	"\023IK\033V\3522\030\247\355*cL\032\223.\327jWmW\377\365O\223\037\256\376\230\214\303\204
  65      56EA 3218 
  65      A7ED 2A63 
  65      4C1A 932E 
  65      D76A 576D 
  66 00ee 34FA 645C 		.string	"4\372d\\:x\263\376q\"_\242\210\356\332`M\034\221\331|\250\356\350\261\270\214\257\025\376
  66      3A78 B3FE 
  66      7122 5FA2 
  66      88EE DA60 
  66      4D1C 91D9 
  67 0125 1DB2 77DB 		.string	"\035\262w\333\313\206\223\220M1\300\254\022\"\373.\025L\306\201\311\260\207j\t\\\353\232=
  67      CB86 9390 
  67      4D31 C0AC 
  67      1222 FB2E 
  67      154C C681 
  68 01a0 AE02 2645 		.string	"\256\002&Ed\024@\f\300\210\363\300X\0349N]\002\001\223\324\271@\361uYU\307~ \tmS\352\3035
  68      6414 400C 
  68      C088 F3C0 
  68      581C 394E 
  68      5D02 0193 
  69 029f 6DE8 776B 		.ascii	"m\350wk\330XZ\250\022\003\345\n\301J\344\236\3039\254\3034Q\207"
  69      D858 5AA8 
  69      1203 E50A 
  69      C14A E49E 
  69      C339 ACC3 
  70 02b6 67B1 0ECF 		.ascii	"g\261\016\317\360Z?\023\334~&I\033+U\247\006\333\036\221\362"
  70      F05A 3F13 
  70      DC7E 2649 
  70      1B2B 55A7 
  70      06DB 1E91 
  71 02cb B6FD 57B6 		.ascii	"\266\375W\266\306\210X\247\216\317+;\\\242\344\3072\020\234\016"
  71      C688 58A7 
  71      8ECF 2B3B 
  71      5CA2 E4C7 
  71      3210 9C0E 
  72 02df DB3F AD06 		.ascii	"\333?\255\006\333\301\202}\346\277=\226DV\362\266\257z\362\364"
  72      DBC1 827D 
  72      E6BF 3D96 
  72      4456 F2B6 
  72      AF7A F2F4 
  73 02f3 0EED E6C5 		.ascii	"\016\355\346\305\364\222 \232h\027\363h\033\213\372\307\f\244"
  73      F492 209A 
  73      6817 F368 
  73      1B8B FAC7 
  73      0CA4 
  74 0305 9483 8353 		.ascii	"\224\203\203S\017\003\311\274\365ed/\336i\333\221\300[\177\006"
  74      0F03 C9BC 
  74      F565 642F 
  74      DE69 DB91 
  74      C05B 7F06 
  75 0319 E622 5897 		.ascii	"\346\"X\227\267!\036\f&\026i\247\242\304`\244\2271\254K\264\275"
  75      B721 1E0C 
  75      2616 69A7 
  75      A2C4 60A4 
  75      9731 AC4B 
  76 032f BA31 D6C5 		.ascii	"\2721\326\305\"\326\013\270\330\211\213\342\216\330,\356\210"
  76      22D6 0BB8 
  76      D889 8BE2 
  76      8ED8 2CEE 
  76      88
  77 0340 2E0C F362 		.ascii	".\f\363b\330\353\305\006\036\343\241\300\231\237j\263\321"
  77      D8EB C506 
  77      1EE3 A1C0 
  77      999F 6AB3 
  77      D1
  78 0351 A5C9 464F 		.string	"\245\311FOD6\nwnm!\241l,,\253\345\331@\020\234\017\353=\257f\343\n\313\306\345\206\232~\2
  78      4436 0A77 
  78      6E6D 21A1 
  78      6C2C 2CAB 
  78      E5D9 4010 
  79 0452 9DD3 34DE 		.ascii	"\235\3234\336\253\331k\344\026h\r\257\355\252\362'\221\373\221"
  79      ABD9 6BE4 
  79      1668 0DAF 
  79      EDAA F227 
  79      91FB 91
  80 0465 459B C28B 		.ascii	"E\233\302\213\366\300\215\301zB\036"
  80      F6C0 8DC1 
  80      7A42 1E
  81 0470 F3BD 9695 		.string	"\363\275\226\225\3374\305\220\025\2041+\373.\036\325\223\265\214\321\357\352\256\355L\204
  81      DF34 C590 
  81      1584 312B 
  81      FB2E 1ED5 
  81      93B5 8CD1 
  82 0571 735B 3E51 		.ascii	"s[>Q\275\265.\001RL\3238\003\212l\372?\376\264\374\232\2723\205"
  82      BDB5 2E01 
  82      524C D338 
  82      038A 6CFA 
  82      3FFE B4FC 
  83 0589 9817 E11E 		.ascii	"\230\027\341\036\243\3361C\007\373O\256\327\317\251T\312\021"
  83      A3DE 3143 
  83      07FB 4FAE 
  83      D7CF A954 
  83      CA11 
  84 059b D9FD 3D66 		.ascii	"\331\375=f\2669O\307\300\243\034\034\nz\224v%\344\311sP\250\276"
  84      B639 4FC7 
  84      C0A3 1C1C 
  84      0A7A 9476 
  84      25E4 C973 
  85 05b2 A708 DF5B 		.ascii	"\247\b\337[\307y\255W\377\243>\203\264\362\371\226\303\245\217"
  85      C779 AD57 
  85      FFA3 3E83 
  85      B4F2 F996 
  85      C3A5 8F
  86 05c5 65D2 CB99 		.ascii	"e\322\313\231\007\005\276\207\242W\343\220]5Q\027L$\327\371\336"
  86      0705 BE87 
  86      A257 E390 
  86      5D35 5117 
  86      4C24 D7F9 
  87 05da C8D3 030D 		.ascii	"\310\323\003\r\342S/\026\331\216Ce\357\221[|\353\354\356\206"
  87      E253 2F16 
  87      D98E 4365 
  87      EF91 5B7C 
  87      EBEC EE86 
  88 05ee 67A2 0163 		.ascii	"g\242\001c\350\245\332{e\237\236\254\326\261\275\215\375\223"
  88      E8A5 DA7B 
  88      659F 9EAC 
  88      D6B1 BD8D 
  88      FD93 
  89 0600 5F27 93CD 		.ascii	"_'\223\315\234\2318\266m\243\221l\347Le\303\243\211dR\315\231"
  89      9C99 38B6 
  89      6DA3 916C 
  89      E74C 65C3 
  89      A389 6452 
  90 0616 530F 9E5F 		.ascii	"S\017\236_\007\322\300\2315\227\017T\031I\007c\022\333N\\m\324"
  90      07D2 C099 
  90      3597 0F54 
  90      1949 0763 
  90      12DB 4E5C 
  91 062c 612F CE4C 		.ascii	"a/\316L\347\217)=\235\237\314\265\355\244\355x\241\262o!\253"
  91      E78F 293D 
  91      9D9F CCB5 
  91      EDA4 ED78 
  91      A1B2 6F21 
  92 0641 A002 9940 		.ascii	"\240\002\231@\261\374r]m\227\323a\255\034\356\206\346?\212\336"
  92      B1FC 725D 
  92      6D97 D361 
  92      AD1C EE86 
  92      E63F 8ADE 
  93 0655 5919 099F 		.ascii	"Y\031\t\237\027\206\2632d\005\337)\316M}\215IL\202f\270\f\217"
  93      1786 B332 
  93      6405 DF29 
  93      CE4D 7D8D 
  93      494C 8266 
  94 066c F0EF 882D 		.ascii	"\360\357\210-A\332\214\264\025i\023R!R)\322\026\244mHE\262\266"
  94      41DA 8CB4 
  94      1569 1352 
  94      2152 29D2 
  94      16A4 6D48 
  95 0683 0DFA D4C6 		.ascii	"\r\372\324\306]\027\325\3271M\2377\253\360\215Q\341\363\247\271"
  95      5D17 D5D7 
  95      314D 9F37 
  95      ABF0 8D51 
  95      E1F3 A7B9 
  96 0697 1536 4445 		.ascii	"\0256DEk\357\234{*|uT\270O\223\267'\213\004\374\313\250\360\227"
  96      6BEF 9C7B 
  96      2A7C 7554 
  96      B84F 93B7 
  96      278B 04FC 
  97 06af EF1C BA9E 		.ascii	"\357\034\272\236\037\025\275F\243\374\242\n_\037\025~CsCM\376"
  97      1F15 BD46 
  97      A3FC A20A 
  97      5F1F 157E 
  97      4373 434D 
  98 06c4 8576 07E2 		.ascii	"\205v\007\342\246i\326\021\022\272hVE=a\325S\372\232\377\310"
  98      A669 D611 
  98      12BA 6856 
  98      453D 61D5 
  98      53FA 9AFF 
  99 06d9 A7E4 27D3 		.ascii	"\247\344'\323\257\r\206\r}\260h;[W\330ZR\036\207\025hJ\341B\246"
  99      AF0D 860D 
  99      7DB0 683B 
  99      5B57 D85A 
  99      521E 8715 
 100 06f2 D254 6EBE 		.ascii	"\322Tn\276\\N\231N\204\373r{\230\370\330\305\321%.\216(h\036"
 100      5C4E 994E 
 100      84FB 727B 
 100      98F8 D8C5 
 100      D125 2E8E 
 101 0709 D418 BF82 		.ascii	"\324\030\277\202\020\243\215\252x\3722\244\232h\031\356\3042"
 101      10A3 8DAA 
 101      78FA 32A4 
 101      9A68 19EE 
 101      C432 
 102 071b FC0A 03DA 		.ascii	"\374\n\003\332!\312\f[g`K\361\223D\362\202\265\216\354/\274_"
 102      21CA 0C5B 
 102      6760 4BF1 
 102      9344 F282 
 102      B58E EC2F 
 103 0731 9508 A614 		.ascii	"\225\b\246\024n\242\233\335*\225(\273K\016\335*\324`\024;P\201"
 103      6EA2 9BDD 
 103      2A95 28BB 
 103      4B0E DD2A 
 103      D460 143B 
 104 0747 EAFF 87A9 		.ascii	"\352\377\207\251\321\323\265\0252\275\207\002\364\213\177aQU"
 104      D1D3 B515 
 104      32BD 8702 
 104      F48B 7F61 
 104      5155 
 105 0759 9E52 830A 		.ascii	"\236R\203\n\250\201\025\334\200\306e\\\301\377\335\354.\032\363"
 105      A881 15DC 
 105      80C6 655C 
 105      C1FF DDEC 
 105      2E1A F3
 106 076c ADEE 8F31 		.ascii	"\255\356\2171\026\204>\024\331\327D\030Z%\033\331\267\004\216"
 106      1684 3E14 
 106      D9D7 4418 
 106      5A25 1BD9 
 106      B704 8E
 107 077f 08EE BB55 		.ascii	"\b\356\273UUh\324\202\233\"\300{\004x\017\003_?_t0\002\334\036"
 107      5568 D482 
 107      9B22 C07B 
 107      0478 0F03 
 107      5F3F 5F74 
 108 0797 01DE 2BC0 		.ascii	"\001\336+\300{\031\270\356l\320\240\305\322+4\214\335'\260\373"
 108      7B19 B8EE 
 108      6CD0 A0C5 
 108      D22B 348C 
 108      DD27 B0FB 
 109 07ab 18B6 B772 		.ascii	"\030\266\267r\333\212$-\270'B\261_\200\375\f<\361e\360|D|\225"
 109      DB8A 242D 
 109      B827 42B1 
 109      5F80 FD0C 
 109      3CF1 65F0 
 110 07c3 B256 F37E 		.ascii	"\262V\363~\001\336\317\300\207\327\327L\304"
 110      01DE CFC0 
 110      87D7 D74C 
 110      C4
 111 07d0 6BC1 C108 		.ascii	"k\301\301\b\315\325\002L\307\037{s\226Zl.\267\335ls\345\344\270"
 111      CDD5 024C 
 111      C71F 7B73 
 111      965A 6C2E 
 111      B7DD 6C73 
 112 07e7 9CE6 1C6B 		.ascii	"\234\346\034kV\266-\303\246\377\323\237?\232\265\350\203\017"
 112      56B6 2DC3 
 112      A6FF D39F 
 112      3F9A B5E8 
 112      830F 
 113 07f9 247D 6EB6 		.ascii	"$}n\266\323\373\316|\213w\2019\327\3436;\\6\253\303\274\310\356"
 113      D3FB CE7C 
 113      8B77 8139 
 113      D7E3 363B 
 113      5C36 ABC3 
 114 0810 7058 DD66 		.ascii	"pX\335f\353r\367\257\262l\266\337-0/\310x7c\036\345\315\331N"
 114      EB72 F7AF 
 114      B26C B6DF 
 114      2D30 2FC8 
 114      7837 631E 
 115 0828 9B23 37D3 		.ascii	"\233#7\323n\366x3Q0\343S)\321a\375\302\356\266x\274V\257\335"
 115      6EF6 7833 
 115      5130 E353 
 115      29D1 61FD 
 115      C2EE B678 
 116 0840 E2FD D9CB 		.ascii	"\342\375\331\313\366\2546o\266\313ia D\3070\373\251Q\274\222"
 116      F6AC 366F 
 116      B6CB 6961 
 116      2044 C730 
 116      FBA9 51BC 
 117 0855 5EC9 B47F 		.ascii	"^\311\264\177b\315ux-B\251\335\373\272\335ns9?\311\316\262\270"
 117      62CD 7578 
 117      2D42 A9DD 
 117      FBBA DD6E 
 117      7339 3FC9 
 118 086c EDD6 4C4B 		.ascii	"\355\326LK\304~\034\365\375}\213\367\365\227\325\2512h0%R~\251"
 118      C47E 1CF5 
 118      FD7D 8BF7 
 118      F597 D5A9 
 118      3268 3025 
 119 0883 FD8B 1CEB 		.ascii	"\375\213\034\3532\026\364\333\357Y\2743_\326\276$7+1\264\226"
 119      3216 F4DB 
 119      EF59 BC33 
 119      5FD6 BE24 
 119      372B 31B4 
 120 0898 EDCC D620 		.ascii	"\355\314\326 \262=\026\273\323\272\304a\317\214\261\374\336\345"
 120      B23D 16BB 
 120      D3BA C461 
 120      CF8C B1FC 
 120      DEE5 
 121 08aa 7218 19DA 		.ascii	"r\030\031\332\302w\365n\273\307\356^\216{9\256\\\217]\217v\226"
 121      C277 F56E 
 121      BBC7 EE5E 
 121      8E7B 39AE 
 121      5C8F 5D8F 
 122 08c0 B8AC EECC 		.ascii	"\270\254\356\314\330\034\253\327\235\375y,\227\374A\334L\005"
 122      D81C ABD7 
 122      9DFD 792C 
 122      97FC 41DC 
 122      4C05 
 123 08d2 7A49 DCD6 		.ascii	"zI\334\326\317\222\264\372,\336D\356\252\340\223<\237\341\334"
 123      CF92 B4FA 
 123      2CDE 44EE 
 123      AAE0 933C 
 123      9FE1 DC
 124 08e5 6DF3 3A2C 		.ascii	"m\363:,\356\254\334l\316:(\353@V\347\\\352v\245\262\265%V\333"
 124      EEAC DC6C 
 124      CE3A 28EB 
 124      4056 E75C 
 124      EA76 A5B2 
 125 08fd 528F C3EA 		.ascii	"R\217\303\352\371\224\317\226Ymv\016\316r[\227\333-v\217-\326"
 125      F994 CF96 
 125      596D 760E 
 125      CE72 5B97 
 125      DB2D 768F 
 126 0913 E9B2 8454 		.ascii	"\351\262\204T\270\255\230L\215F\312R\2153m\326e\036,\206\245"
 126      B8AD 984C 
 126      8D46 CA52 
 126      8D33 6DD6 
 126      651E 2C86 
 127 0928 16AF 8BBA 		.ascii	"\026\257\213\272\340u\273\034\2571\210`,*\340'\177\313\265:\275"
 127      E075 BB1C 
 127      AF31 8860 
 127      2C2A E027 
 127      7FCB B53A 
 128 093d B939 66F4 		.ascii	"\2719f\364\327\346\312\264[B\251O\216\210\300\342\375/\266PO"
 128      D7E6 CAB4 
 128      5B42 A94F 
 128      8E88 C0E2 
 128      FD2F B650 
 129 0952 52        		.ascii	"R"
 130               		.text
 131               		.section	.gnu.lto_.symtab.e53be846aa10e716,"",@progbits
 132 0000 6D61 6769 		.string	"magic"
 132      6300 
 133 0006 00        		.string	""
 134 0007 00        		.string	""
 135 0008 00        		.string	""
 136 0009 00        		.string	""
 137 000a 00        		.string	""
 138 000b 00        		.string	""
 139 000c 00        		.string	""
 140 000d 00        		.string	""
 141 000e 00        		.string	""
 142 000f 00        		.string	""
 143 0010 00        		.string	""
 144 0011 C200      		.string	"\302"
 145 0013 00        		.string	""
 146 0014 00        		.string	""
 147 0015 6B65 796D 		.string	"keymap_config"
 147      6170 5F63 
 147      6F6E 6669 
 147      6700 
 148 0023 00        		.string	""
 149 0024 04        		.ascii	"\004"
 150 0025 00        		.string	""
 151 0026 0200      		.string	"\002"
 152 0028 00        		.string	""
 153 0029 00        		.string	""
 154 002a 00        		.string	""
 155 002b 00        		.string	""
 156 002c 00        		.string	""
 157 002d 00        		.string	""
 158 002e 2401 00   		.string	"$\001"
 159 0031 00        		.string	""
 160 0032 6465 6275 		.string	"debug_config"
 160      675F 636F 
 160      6E66 6967 
 160      00
 161 003f 00        		.string	""
 162 0040 02        		.ascii	"\002"
 163 0041 00        		.string	""
 164 0042 00        		.string	""
 165 0043 00        		.string	""
 166 0044 00        		.string	""
 167 0045 00        		.string	""
 168 0046 00        		.string	""
 169 0047 00        		.string	""
 170 0048 00        		.string	""
 171 0049 00        		.string	""
 172 004a 0101 00   		.string	"\001\001"
 173 004d 00        		.string	""
 174 004e 6465 6661 		.string	"default_layer_set"
 174      756C 745F 
 174      6C61 7965 
 174      725F 7365 
 174      7400 
 175 0060 00        		.string	""
 176 0061 02        		.ascii	"\002"
 177 0062 00        		.string	""
 178 0063 00        		.string	""
 179 0064 00        		.string	""
 180 0065 00        		.string	""
 181 0066 00        		.string	""
 182 0067 00        		.string	""
 183 0068 00        		.string	""
 184 0069 00        		.string	""
 185 006a 00        		.string	""
 186 006b C600      		.string	"\306"
 187 006d 00        		.string	""
 188 006e 00        		.string	""
 189 006f 6565 636F 		.string	"eeconfig_read_default_layer"
 189      6E66 6967 
 189      5F72 6561 
 189      645F 6465 
 189      6661 756C 
 190 008b 00        		.string	""
 191 008c 02        		.ascii	"\002"
 192 008d 00        		.string	""
 193 008e 00        		.string	""
 194 008f 00        		.string	""
 195 0090 00        		.string	""
 196 0091 00        		.string	""
 197 0092 00        		.string	""
 198 0093 00        		.string	""
 199 0094 00        		.string	""
 200 0095 00        		.string	""
 201 0096 CE00      		.string	"\316"
 202 0098 00        		.string	""
 203 0099 00        		.string	""
 204 009a 6565 636F 		.string	"eeconfig_read_keymap"
 204      6E66 6967 
 204      5F72 6561 
 204      645F 6B65 
 204      796D 6170 
 205 00af 00        		.string	""
 206 00b0 02        		.ascii	"\002"
 207 00b1 00        		.string	""
 208 00b2 00        		.string	""
 209 00b3 00        		.string	""
 210 00b4 00        		.string	""
 211 00b5 00        		.string	""
 212 00b6 00        		.string	""
 213 00b7 00        		.string	""
 214 00b8 00        		.string	""
 215 00b9 00        		.string	""
 216 00ba D800      		.string	"\330"
 217 00bc 00        		.string	""
 218 00bd 00        		.string	""
 219 00be 6565 636F 		.string	"eeconfig_read_debug"
 219      6E66 6967 
 219      5F72 6561 
 219      645F 6465 
 219      6275 6700 
 220 00d2 00        		.string	""
 221 00d3 02        		.ascii	"\002"
 222 00d4 00        		.string	""
 223 00d5 00        		.string	""
 224 00d6 00        		.string	""
 225 00d7 00        		.string	""
 226 00d8 00        		.string	""
 227 00d9 00        		.string	""
 228 00da 00        		.string	""
 229 00db 00        		.string	""
 230 00dc 00        		.string	""
 231 00dd DA00      		.string	"\332"
 232 00df 00        		.string	""
 233 00e0 00        		.string	""
 234 00e1 6565 636F 		.string	"eeconfig_init"
 234      6E66 6967 
 234      5F69 6E69 
 234      7400 
 235 00ef 00        		.string	""
 236 00f0 02        		.ascii	"\002"
 237 00f1 00        		.string	""
 238 00f2 00        		.string	""
 239 00f3 00        		.string	""
 240 00f4 00        		.string	""
 241 00f5 00        		.string	""
 242 00f6 00        		.string	""
 243 00f7 00        		.string	""
 244 00f8 00        		.string	""
 245 00f9 00        		.string	""
 246 00fa DC00      		.string	"\334"
 247 00fc 00        		.string	""
 248 00fd 00        		.string	""
 249 00fe 6565 636F 		.string	"eeconfig_is_enabled"
 249      6E66 6967 
 249      5F69 735F 
 249      656E 6162 
 249      6C65 6400 
 250 0112 00        		.string	""
 251 0113 02        		.ascii	"\002"
 252 0114 00        		.string	""
 253 0115 00        		.string	""
 254 0116 00        		.string	""
 255 0117 00        		.string	""
 256 0118 00        		.string	""
 257 0119 00        		.string	""
 258 011a 00        		.string	""
 259 011b 00        		.string	""
 260 011c 00        		.string	""
 261 011d E400      		.string	"\344"
 262 011f 00        		.string	""
 263 0120 00        		.string	""
 264               		.text
 265               		.section	.gnu.lto_.opts,"",@progbits
 266 0000 272D 666D 		.ascii	"'-fmath-errno' '-fsigned-zeros' '-ftrapping-m"
 266      6174 682D 
 266      6572 726E 
 266      6F27 2027 
 266      2D66 7369 
 267 002d 6174 6827 		.string	"ath' '-fno-trapv' '-fno-openmp' '-fno-openacc' '-mn-flash=1' '-mno-skip-bug' '-mmcu=avr5'
 267      2027 2D66 
 267      6E6F 2D74 
 267      7261 7076 
 267      2720 272D 
 268               		.text
 269               		.comm	__gnu_lto_v1,1,1
 270               		.comm	__gnu_lto_slim,1,1
 271               		.ident	"GCC: (GNU) 7.4.0"
DEFINED SYMBOLS
                            *ABS*:0000000000000000 magic.c
/var/tmp//cct53Qty.s:2      *ABS*:000000000000003e __SP_H__
/var/tmp//cct53Qty.s:3      *ABS*:000000000000003d __SP_L__
/var/tmp//cct53Qty.s:4      *ABS*:000000000000003f __SREG__
/var/tmp//cct53Qty.s:5      *ABS*:0000000000000000 __tmp_reg__
/var/tmp//cct53Qty.s:6      *ABS*:0000000000000001 __zero_reg__
                            *COM*:0000000000000001 __gnu_lto_v1
                            *COM*:0000000000000001 __gnu_lto_slim

NO UNDEFINED SYMBOLS
