   1               		.file	"print.c"
   2               	__SP_H__ = 0x3e
   3               	__SP_L__ = 0x3d
   4               	__SREG__ = 0x3f
   5               	__tmp_reg__ = 0
   6               	__zero_reg__ = 1
   7               		.section	.gnu.lto_.profile.a790c1c59bb803d3,"",@progbits
   8 0000 789C 6363 		.string	"x\234cc```\001bF\006f&"
   8      6060 6001 
   8      6246 0666 
   8      2600 
   9 000e 00        		.string	""
  10 000f 8000      		.string	"\200"
  11 0011 11        		.ascii	"\021"
  12               		.text
  13               		.section	.gnu.lto_.icf.a790c1c59bb803d3,"",@progbits
  14 0000 789C 6363 		.string	"x\234cc``\340`@"
  14      6060 E060 
  14      4000 
  15 000a 4686 357B 		.string	"F\2065{[\272y\031"
  15      5BBA 7919 
  15      00
  16 0013 0CD4 0295 		.ascii	"\f\324\002\225"
  17               		.text
  18               		.section	.gnu.lto_.jmpfuncs.a790c1c59bb803d3,"",@progbits
  19 0000 789C 6363 		.string	"x\234cc``\340b@"
  19      6060 E062 
  19      4000 
  20 000a 4606 4646 		.string	"F\006FF\306\3729\314\f\f"
  20      C6FA 39CC 
  20      0C0C 00
  21 0015 06A5 0133 		.ascii	"\006\245\0013"
  22               		.text
  23               		.section	.gnu.lto_.inline.a790c1c59bb803d3,"",@progbits
  24 0000 789C 6363 		.string	"x\234cc``\020e@"
  24      6060 1065 
  24      4000 
  25 000a 4606 0616 		.string	"F\006\006\026fF\006&\246\013\374\fl\013\344\231\300\202"
  25      6646 0626 
  25      A60B FC0C 
  25      6C0B E499 
  25      C082 00
  26 001d 150E 01CF 		.ascii	"\025\016\001\317"
  27               		.text
  28               		.section	.gnu.lto_.pureconst.a790c1c59bb803d3,"",@progbits
  29 0000 789C 6363 		.string	"x\234cc```\006bF\006\t"
  29      6060 6006 
  29      6246 0609 
  29      00
  30 000d 00        		.string	""
  31 000e 7D00      		.string	"}"
  32 0010 23        		.ascii	"#"
  33               		.text
  34               		.section	.gnu.lto_print_set_sendchar.a790c1c59bb803d3,"",@progbits
  35 0000 789C 2550 		.ascii	"x\234%PMKBQ\020\235s\257>\205\262Z\026\2727[\344\237i/\3612\212"
  35      4D4B 4251 
  35      109D 73AF 
  35      3E85 B25A 
  35      16BA 375B 
  36 001b F019 66CB 		.ascii	"\360\031f\313\360\246\204F-\"LA,\336&j\027\221}<\333\\\204\240"
  36      F0A6 8446 
  36      2D22 4C41 
  36      2CDE 266A 
  36      1791 7D3C 
  37 0033 A012 A45D 		.ascii	"\240\022\244]\255Z\264\210\210\242E+\265\27160\3343\303\2313"
  37      AD5A B488 
  37      88A2 452B 
  37      B5B9 3630 
  37      DC33 C399 
  38 0048 67AE 4544 		.ascii	"g\256EDS \232\3447\314\tI\020;\217D\353A\001\030\240\202\240"
  38      5320 9AE4 
  38      37CC 0949 
  38      103B 8F44 
  38      EB41 0118 
  39 005f 9C40 0EDB 		.ascii	"\234@\016\333\262,\321*\276y\"v\2448t\265<\241\2165\352\222\250"
  39      B22C D12A 
  39      BE79 2276 
  39      A438 74B5 
  39      3CA1 8E35 
  40 0076 C269 0267 		.ascii	"\302i\002g\2101\353\246\377\253G\267d]\002\202\313\316\327\375"
  40      8831 EBA6 
  40      FFAB 47B7 
  40      645D 0282 
  40      CBCE D7FD 
  41 008a FE90 2905 		.ascii	"\376\220)\005\306\270\274\375\251v\3752\fb\334V\315\007+z\250"
  41      C6B8 BCFD 
  41      A976 FD32 
  41      0C62 DC56 
  41      CD07 2B7A 
  42 009f 545E E9A7 		.ascii	"T^\351\247\0315\\\227\022\027\220\254\207sD\320@\204\270E\270"
  42      1935 5C97 
  42      1217 90AC 
  42      8773 44D0 
  42      4084 B845 
  43 00b4 44D4 D05F 		.ascii	"D\324\320_O{{!\313\367\277\017W\260\210\275\323I\307\257U\257"
  43      4F7B 7B21 
  43      CBF7 BF0F 
  43      57B0 88BD 
  43      D349 C7AF 
  44 00ca 5F54 FA25 		.ascii	"_T\372%*}\354\333\260\251\304\034>@i\332\224\302\240\202\246"
  44      2A7D ECDB 
  44      B0A9 C41C 
  44      3E40 69DA 
  44      94C2 A082 
  45 00df 77E4 6B77 		.ascii	"w\344kwkf\220\305*\033\255v\300\330\362\r\254x\336\307s \327"
  45      6B66 90C5 
  45      2A1B AD76 
  45      C0D8 F20D 
  45      AC78 DEC7 
  46 00f6 5541 6EB8 		.ascii	"UAn\270F\237{\215\302\367\356\210\213\003>\322\217&\177\202\307"
  46      469F 7B8D 
  46      C2F7 EE88 
  46      8B03 3ED2 
  46      8F26 7F82 
  47 010b 8608 D770 		.ascii	"\206\b\327pQc\321O\344]k`\303DI\302\254\021D\343\331\324R\302"
  47      5163 D14F 
  47      E45D 6B60 
  47      C344 49C2 
  47      AC11 44E3 
  48 0123 4E67 9271 		.ascii	"Ng\222q;\235J\245\235\370rf\321\311N\333\024ZI:s\366\302l&1\277"
  48      3B9D 4AA5 
  48      9DF8 7266 
  48      D1C9 4EDB 
  48      145A 493A 
  49 013e EAD8 7FA0 		.ascii	"\352\330\177\240Tn\244"
  49      546E A4
  50               		.text
  51               		.section	.gnu.lto_.symbol_nodes.a790c1c59bb803d3,"",@progbits
  52 0000 789C 6363 		.string	"x\234cc``\220\002b\006&\306z\006\206\t\347\030\030\200\324\256\006G\006\006V&\006\005\220
  52      6060 9002 
  52      6206 26C6 
  52      7A06 8609 
  52      E718 1880 
  53 0021 453A 0422 		.ascii	"E:\004\""
  54               		.text
  55               		.section	.gnu.lto_.refs.a790c1c59bb803d3,"",@progbits
  56 0000 789C 6363 		.string	"x\234cc```\003bF\006FFF\006"
  56      6060 6003 
  56      6246 0646 
  56      4646 0600 
  57 0010 00        		.string	""
  58 0011 AD00      		.string	"\255"
  59 0013 11        		.ascii	"\021"
  60               		.text
  61               		.section	.gnu.lto_.decls.a790c1c59bb803d3,"",@progbits
  62 0000 789C 8D53 		.string	"x\234\215SML\023A\024\236\327\255\245,4\020Blc\032c0$\\\354\222h\202\030\023M8x\363\346\2
  62      4D4C 1341 
  62      149E D7AD 
  62      A52C 3410 
  62      426C 631A 
  63 00b1 8BBF 766F 		.string	"\213\277vo\332D\314\222\233\246\227\032-\222\211\357o\256\177l\226]\355T,\353)\002\257@2\
  63      DA44 CC92 
  63      9BA6 971A 
  63      2D92 89EF 
  63      6FAE 7F6C 
  64 0166 8E28 C753 		.string	"\216(\307S\232-\350D\n\201w\340\300g\017\230E\203\226\237\304\272\2632#\354{g(=\340`\357\
  64      9A2D E844 
  64      0A81 77E0 
  64      C067 0F98 
  64      4583 969F 
  65 019d 3B0F FA2D 		.string	";\017\372-\203\356\200\233\210\201\207\350\005\3168\002\035F\214\275\216\022\347&\203\216
  65      83EE 809B 
  65      8881 87E8 
  65      05CE 3802 
  65      1D46 8CBD 
  66 0231 FB0D E19F 		.string	"\373\r\341\237\272\277Qi\037\031\343\\\306\230!c\265yuCJ\235\201\361]30!f"
  66      BABF 5169 
  66      1F19 E35C 
  66      C698 2163 
  66      B579 7543 
  67 024f 811D 633D 		.ascii	"\201\035c=\321\314\374\026\032\307?\307p\373\351o-\327\265\016"
  67      D1CC FC16 
  67      1AC7 3FC7 
  67      70FB E96F 
  67      2DD7 B50E 
  68 0263 9C56 04C0 		.ascii	"\234V\004\300\250P\233\2226\312D\303$\344c\342vd\344\031\244"
  68      A850 9B92 
  68      36CA 44C3 
  68      24E4 63E2 
  68      7664 E419 
  69 0278 5660 2949 		.ascii	"V`)I\350\224>e\314\333CU\227\335j \350U\324@UU\300\257\\\tV\372"
  69      E894 3E65 
  69      CCDB 4355 
  69      97DD 6A20 
  69      E855 D440 
  70 0294 432E D57A 		.ascii	"C.\325z\356\374\205#%\305\305$-\214\361Iw\250H\tW\007\025_@\365"
  70      EEFC 8523 
  70      25C5 C524 
  70      2D8C F149 
  70      77A8 4809 
  71 02ae F894 12AF 		.ascii	"\370\224\022\257\317\347\t*\236\253\301c\027U\365l\221R\344:"
  71      CFE7 092A 
  71      9EAB C163 
  71      1755 F56C 
  71      9152 E43A 
  72 02c2 E12A 64B1 		.ascii	"\341*d\261R\351W}\3412\257R\035*c<\025\304\"\322s8\257\273\332"
  72      52E9 577D 
  72      E132 AF52 
  72      1D2A 633C 
  72      15C4 22D2 
  73 02db CBCC 5FA6 		.ascii	"\313\314_\246Vx\202\216}J\223\364\232\362\260_u\007\302\241\303"
  73      5678 828E 
  73      7D4A 93F4 
  73      9AF2 B05F 
  73      7507 C2A1 
  74 02f0 7B21 AC44 		.ascii	"{!\254D\r\307\225#\367?\f\035Tf"
  74      0DC7 9523 
  74      F73F 0C1D 
  74      5466 
  75               		.text
  76               		.section	.gnu.lto_.symtab.a790c1c59bb803d3,"",@progbits
  77 0000 7072 696E 		.string	"print_set_sendchar"
  77      745F 7365 
  77      745F 7365 
  77      6E64 6368 
  77      6172 00
  78 0013 00        		.string	""
  79 0014 00        		.string	""
  80 0015 00        		.string	""
  81 0016 00        		.string	""
  82 0017 00        		.string	""
  83 0018 00        		.string	""
  84 0019 00        		.string	""
  85 001a 00        		.string	""
  86 001b 00        		.string	""
  87 001c 00        		.string	""
  88 001d 00        		.string	""
  89 001e C800      		.string	"\310"
  90 0020 00        		.string	""
  91 0021 00        		.string	""
  92 0022 7866 756E 		.string	"xfunc_out"
  92      635F 6F75 
  92      7400 
  93 002c 00        		.string	""
  94 002d 02        		.ascii	"\002"
  95 002e 00        		.string	""
  96 002f 00        		.string	""
  97 0030 00        		.string	""
  98 0031 00        		.string	""
  99 0032 00        		.string	""
 100 0033 00        		.string	""
 101 0034 00        		.string	""
 102 0035 00        		.string	""
 103 0036 00        		.string	""
 104 0037 CD00      		.string	"\315"
 105 0039 00        		.string	""
 106 003a 00        		.string	""
 107               		.text
 108               		.section	.gnu.lto_.opts,"",@progbits
 109 0000 272D 666D 		.ascii	"'-fmath-errno' '-fsigned-zeros' '-ftrapping-m"
 109      6174 682D 
 109      6572 726E 
 109      6F27 2027 
 109      2D66 7369 
 110 002d 6174 6827 		.string	"ath' '-fno-trapv' '-fno-openmp' '-fno-openacc' '-mn-flash=1' '-mno-skip-bug' '-mmcu=avr5'
 110      2027 2D66 
 110      6E6F 2D74 
 110      7261 7076 
 110      2720 272D 
 111               		.text
 112               		.comm	__gnu_lto_v1,1,1
 113               		.comm	__gnu_lto_slim,1,1
 114               		.ident	"GCC: (GNU) 7.4.0"
DEFINED SYMBOLS
                            *ABS*:0000000000000000 print.c
/var/tmp//ccxKADvV.s:2      *ABS*:000000000000003e __SP_H__
/var/tmp//ccxKADvV.s:3      *ABS*:000000000000003d __SP_L__
/var/tmp//ccxKADvV.s:4      *ABS*:000000000000003f __SREG__
/var/tmp//ccxKADvV.s:5      *ABS*:0000000000000000 __tmp_reg__
/var/tmp//ccxKADvV.s:6      *ABS*:0000000000000001 __zero_reg__
                            *COM*:0000000000000001 __gnu_lto_v1
                            *COM*:0000000000000001 __gnu_lto_slim

NO UNDEFINED SYMBOLS
