   1               		.file	"report.c"
   2               	__SP_H__ = 0x3e
   3               	__SP_L__ = 0x3d
   4               	__SREG__ = 0x3f
   5               	__tmp_reg__ = 0
   6               	__zero_reg__ = 1
   7               		.section	.gnu.lto_.profile.5bc8dea24288e33c,"",@progbits
   8 0000 789C 6363 		.string	"x\234cc```\001bF\206 \003"
   8      6060 6001 
   8      6246 8620 
   8      0300 
   9 000e 014C 00   		.string	"\001L"
  10 0011 8E        		.ascii	"\216"
  11               		.text
  12               		.section	.gnu.lto_.icf.5bc8dea24288e33c,"",@progbits
  13 0000 789C 6363 		.string	"x\234cc``\320a@"
  13      6060 D061 
  13      4000 
  14 000a 7686 533F 		.string	"v\206S?w\356ab\374\261i\305+F\246{[\232\32701\037\273\177\347\032#\313\356\266\215s8X\301
  14      77EE 6162 
  14      FCB1 69C5 
  14      2B46 A67B 
  14      5B9A D730 
  15 0036 00        		.string	""
  16 0037 EFF8 1582 		.ascii	"\357\370\025\202"
  17               		.text
  18               		.section	.gnu.lto_.jmpfuncs.5bc8dea24288e33c,"",@progbits
  19 0000 789C 6363 		.string	"x\234cc``8\317\200"
  19      6060 38CF 
  19      8000 
  20 000a EC0C 8C8C 		.string	"\354\f\214\214\214\365s\230A\024\230fbbdd\0061\200\230\221\031\231\303\002\3420\202\224\2
  20      8CF5 7398 
  20      4114 9866 
  20      6262 6464 
  20      0631 8098 
  21 003d 2303 2B69 		.string	"#\003+i\312\331\240\366\2631\240(cd\324\222\201\013"
  21      CAD9 A0F6 
  21      B331 A028 
  21      6364 D492 
  21      810B 00
  22 0050 A5A6 3033 		.string	"\245\24603>\371\275v\027_7\363\034\240\343\330\03073B\244\331\300\322\f"
  22      3EF9 BD76 
  22      175F 37F3 
  22      1CA0 E3D8 
  22      1837 3342 
  23 006a EBAF 2653 		.ascii	"\353\257&S"
  24               		.text
  25               		.section	.gnu.lto_.inline.5bc8dea24288e33c,"",@progbits
  26 0000 789C 6363 		.string	"x\234cc``\330\303\200"
  26      6060 D8C3 
  26      8000 
  27 000a EC0C 0CDC 		.string	"\354\f\f\334F\214\214\f\002\214\f\fL\002W\336\2622\260-\220g\002\31102\2600\003%8\030\031
  27      468C 8C0C 
  27      028C 0C0C 
  27      4C02 57DE 
  27      B232 B02D 
  28 0080 C0DA 137B 		.ascii	"\300\332\023{"
  29               		.text
  30               		.section	.gnu.lto_.pureconst.5bc8dea24288e33c,"",@progbits
  31 0000 789C 6363 		.string	"x\234cc``\340\007bv\006VFV&)f)\026\tV\t6\t"
  31      6060 E007 
  31      6276 0656 
  31      4656 2629 
  31      6629 1609 
  32 0019 0587 00   		.string	"\005\207"
  33 001c B8        		.ascii	"\270"
  34               		.text
  35               		.section	.gnu.lto_has_anykey.5bc8dea24288e33c,"",@progbits
  36 0000 789C 6D53 		.string	"x\234mS[kS[\020\236o\315\316\336;I\323\370\250\220\007\005K\021\304(\372\007\304\237\240\
  36      5B6B 535B 
  36      109E 6FCD 
  36      CEDE 3B49 
  36      D3F8 A890 
  37 0090 E3D6 3EA8 		.string	"\343\326>\250E\261\343\372\036Z\224O\b"
  37      45B1 E3FA 
  37      1E5A 944F 
  37      0800 
  38 009e F7C7 21AD 		.ascii	"\367\307!\255\350\020\037a\364\344\273_V\257\352\323\272M\007"
  38      E810 1F61 
  38      F4E4 BB5F 
  38      56AF EAD3 
  38      BA4D 07
  39 00b1 473F AFBC 		.ascii	"G?\257\274\255\367--2Q/\023\326g\2606c8\235\303*\311\274\263"
  39      ADF7 2D2D 
  39      3251 2F13 
  39      D667 B036 
  39      6338 9DC3 
  40 00c9 381B A40F 		.ascii	"8\033\244\017r\221\001%\327\261\367\243\307\222\346\252\260D"
  40      7291 0125 
  40      D7B1 F7A3 
  40      C792 E6AA 
  40      B044 
  41 00db AE7F BFFB 		.ascii	"\256\177\277\373\364\2019\003\022{d\344}\036\265'm\315\271-\272"
  41      F481 3903 
  41      127B 64E4 
  41      7D1E B527 
  41      6DCD B92D 
  42 00f0 AAC8 8C8B 		.ascii	"\252\310\214\213`S\363\00228\217\f\211\213p\t\265&}\374\257\362"
  42      6053 F302 
  42      3238 8F0C 
  42      898B 7009 
  42      B526 7DFC 
  43 0106 98C7 AB2D 		.ascii	"\230\307\253-t\272|\272\337\2539a\241\013\023\274W\007\255\313"
  43      74BA 7CBA 
  43      DFAB 3961 
  43      A10B 13BC 
  43      5707 ADCB 
  44 011a 850F 2E87 		.ascii	"\205\017.\207\360\357\224\310\344\216\006]\375\t\316Z\334\251"
  44      F0EF 94C8 
  44      E48E 065D 
  44      FD09 CE5A 
  44      DCA9 
  45 012c B181 E1AA 		.ascii	"\261\201\341\252\b\367q\263>\244U\221\035\\\375\271i\204\273"
  45      08F7 71B3 
  45      3EA4 5591 
  45      1D5C FDB9 
  45      6984 BB
  46 013f 5458 081C 		.ascii	"TX\b\034^gq\335s\023\007R\021nfS\210#\\\377M\267\361\263\013"
  46      5E67 71DD 
  46      7313 0752 
  46      116E 6653 
  46      8823 5CFF 
  47 0158 F994 EBE0 		.ascii	"\371\224\353\340\006jpM\276+\2501S\222\361\334\224q\202\210+"
  47      066A 704D 
  47      BE2B A831 
  47      5392 F1DC 
  47      9471 8288 
  48 016d 43FD 63B1 		.ascii	"C\375c\261@/,v\352`\252\035}o\022i\220\t+\021\036ck:d\362b\326"
  48      402F 2C76 
  48      EA60 AA1D 
  48      7D6F 1269 
  48      9009 2B11 
  49 0189 16BC E03C 		.ascii	"\026\274\340<\353\361a\346\022\267\236\204\365$\255\235\262g"
  49      EBF1 61E6 
  49      12B7 9E84 
  49      F524 AD9D 
  49      B267 
  50 019b B5CD 27DA 		.ascii	"\265\315'\332/\235\363I\035P\027+1\332\003\232B[i\366\003\f\033"
  50      2F9D F349 
  50      1D50 172B 
  50      31DA 039A 
  50      425B 69F6 
  51 01b2 9322 8C7B 		.ascii	"\223\"\214{\367\r>\362\314\013\t;\334\022\3753h\373\3229\351"
  51      F70D 3EF2 
  51      CC0B 093B 
  51      DC12 FD33 
  51      68FB D239 
  52 01c7 9994 02C7 		.ascii	"\231\224\002\307+3\330\016\343\372\340?w\335\022\216\267j\255"
  52      2B33 D80E 
  52      E3FA E03F 
  52      77DD 128E 
  52      B76A AD
  53 01da 4B67 0C57 		.ascii	"Kg\fW\311\363e_2v\002\377u>~\221\314\236\226\240\2267\361p\033"
  53      C9F3 655F 
  53      3276 02FF 
  53      753E 7E91 
  53      CC9E 96A0 
  54 01f3 25E4 391A 		.ascii	"%\3449\032\317\231\267m\017\235\377\203>\006\221\315KU\033\033"
  54      CF99 B76D 
  54      0F9D FF83 
  54      3E06 91CD 
  54      4B55 1B1B 
  55 0207 E879 D08D 		.ascii	"\350y\320\215\226y\023+\r\240\310q\f!+\203\033F\213\245\275\307"
  55      9679 132B 
  55      0DA0 C871 
  55      0C21 2B83 
  55      1B46 8BA5 
  56 021d 9216 75C2 		.ascii	"\222\026u\302\312:\346C\031W\254\214\311?\207&\022\241\f\027"
  56      CA3A E643 
  56      1957 AC8C 
  56      C93F 8726 
  56      12A1 0C17 
  57 0231 77EC 3376 		.ascii	"w\3543v\311\366\310\316\213\352\031\264\027;\346\247#M\251\002"
  57      C9F6 C8CE 
  57      8BEA 19B4 
  57      173B E6A7 
  57      234D A902 
  58 0245 BBE6 C9A4 		.ascii	"\273\346\311\244\306\362\0375SF\370\334\201'\034&\251J\341\316"
  58      C6F2 1F35 
  58      5346 F8DC 
  58      8127 1C26 
  58      A94A E1CE 
  59 0259 2FC2 CDBA 		.ascii	"/\302\315\272\2312wM'\334\023\2154\211\275\317\206^!\202\333"
  59      9932 774D 
  59      27DC 138D 
  59      3489 BDCF 
  59      865E 2182 
  60 026e 5192 65E1 		.ascii	"Q\222e\341\320\315\025!\211\336\216\351X\030\257.pLJ^\350\034"
  60      D0CD 1521 
  60      89DE 8EE9 
  60      5818 AF2E 
  60      704C 4A5E 
  61 0284 3D1B B106 		.ascii	"=\033\261\006\356\243\202\323\r\303\251\332\342]\243\2425 *\003"
  61      EEA3 82D3 
  61      0DC3 A9DA 
  61      E25D A3A2 
  61      3520 2A03 
  62 0298 05B3 1812 		.ascii	"\005\263\030\022pT\031I!\315\037=9\315\315)p\202\237\366\244"
  62      7054 1949 
  62      21CD 1F3D 
  62      39CD CD29 
  62      7082 9FF6 
  63 02ad E5C7 5182 		.ascii	"\345\307Q\202\362I\376\340\230\202\262\333Q`\217\254m\265\272"
  63      F249 FEE0 
  63      9882 B2DB 
  63      5160 8FAC 
  63      6DB5 BA
  64 02c0 A16D 7BC4 		.ascii	"\241m{\304Bb\021\357\204$\n\257\177\333\207\037q\310k\021\030"
  64      4262 11EF 
  64      8424 0AAF 
  64      7FDB 871F 
  64      71C8 6B11 
  65 02d5 A924 668B 		.ascii	"\251$f\213%B\265\317#\224\367]m\031\261\002\233E\227\273\272"
  65      2542 B5CF 
  65      2394 F75D 
  65      6D19 B102 
  65      9B45 97BB 
  66 02ea 7A38 5D36 		.ascii	"z8]6\321\244+\214\343\352\201\334\204\254#Qy\0375\223\026\222"
  66      D1A4 2B8C 
  66      E3EA 81DC 
  66      84AC 2351 
  66      791F 3593 
  67 0300 5EB8 95EF 		.ascii	"^\270\225\357\3445_\217G\305\330\326aa\346\233\r\206\244(\242"
  67      E435 5F8F 
  67      47C5 D8D6 
  67      6161 E69B 
  67      0D86 A428 
  68 0315 65CD 0D3B 		.ascii	"e\315\r;\266\326\345\232\352\263u\271\206\206\334\256lS}c\256"
  68      B6D6 E59A 
  68      EAB3 75B9 
  68      8686 DCAE 
  68      6C53 7D63 
  69 032a A979 4D1D 		.ascii	"\251yM\035\245w\324\357\336\236\333\326\364\307\326\320\245v"
  69      A577 D4EF 
  69      DE9E DBD6 
  69      F4C7 D6D0 
  69      A576 
  70 033c 36A2 91EB 		.ascii	"6\242\221\353v5\177\003f1o\362"
  70      7635 7F03 
  70      6631 6FF2 
  71               		.text
  72               		.section	.gnu.lto_get_first_key.5bc8dea24288e33c,"",@progbits
  73 0000 789C 3D90 		.ascii	"x\234=\220\317K\033Q\020\307\347\273\223l\003\326\246\364d\351"
  73      CF4B 1B51 
  73      10C7 E7BB 
  73      936C 03D6 
  73      A6F4 64E9 
  74 0014 1EBC 88A8 		.ascii	"\036\274\210\250\340*\375\037\374\017<\213\306\234B\334\022\274"
  74      E02A FD1F 
  74      FC0F 3C8B 
  74      C69C 42DC 
  74      12BC 
  75 0026 F4E4 4B44 		.ascii	"\364\344KD\264\244\207@\273\0214\225\005\2519\024\225\242\375"
  75      B4A4 8740 
  75      BB11 3495 
  75      05A9 3914 
  75      95A2 FD
  76 0039 616B 652B 		.ascii	"ake+T\0204J\360\240\020Z\360f\241!=\224\336\2423\211xx\357\315"
  76      5410 344A 
  76      F0A0 105A 
  76      F066 A121 
  76      3D94 DEA2 
  77 0053 CC77 DE77 		.ascii	"\314w\336w>\357\331D\224\005\321\200\234Od\201\tV\241\"\305\230"
  77      3EEF D944 
  77      9405 D180 
  77      9C4F 6481 
  77      0956 A122 
  78 0069 0568 6062 		.ascii	"\005h`b\240\031\0133x\311\257\031\257\374\302\257\007}ecr&\\"
  78      A019 0B33 
  78      78C9 AF19 
  78      AFFC C2AF 
  78      077D 6563 
  79 0080 3CED F96E 		.ascii	"<\355\371n\346\272JLT\224kO\035\f9j\261\205>\351\374q\375?\214"
  79      E6BA 4A4C 
  79      5494 6B4F 
  79      1D0C 396A 
  79      B185 3EE9 
  80 0099 E7B9 C480 		.ascii	"\347\271\304\200%i\265q\364\246CS\013\017%}W\377\367\227\331"
  80      2569 B571 
  80      F4A6 4353 
  80      0B0F 257D 
  80      57FF F797 
  81 00ae 0149 7C78 		.ascii	"\001I|x\330\360\321\373\266\345y6j\356\227\230\361\021\254\236"
  81      D8F0 D1FB 
  81      B6E5 7936 
  81      6AEE 9798 
  81      F111 AC9E 
  82 00c2 1FE0 601B 		.ascii	"\037\340`\033\016I\211\360\t\275\332~\371\276\351w\332\021\235"
  82      0E49 89F0 
  82      09BD DA7E 
  82      F9BE E977 
  82      DA11 9D
  83 00d5 29C3 3EC3 		.ascii	")\303>\303&\341\247\315j44\315\353y\023\326\312X\036\211\b\275"
  83      26E1 A7CD 
  83      6A34 34CD 
  83      EB79 13D6 
  83      CA58 1E89 
  84 00eb F433 291D 		.ascii	"\3643)\035-\310&o1!\275`K\243\331\220~#\267w\225_}\244\016K\254"
  84      2DC8 266F 
  84      3121 BD60 
  84      4BA3 D990 
  84      7E23 B777 
  85 0106 6F2B CEED 		.ascii	"o+\316\355\237\334SDna\355\356\037\037\330\001V\262\306\230\240"
  85      9FDC 5344 
  85      6E61 EDEE 
  85      1F1F D801 
  85      56B2 C698 
  86 011b 0E71 8A2C 		.ascii	"\016q\212,\t\375\216\340\250|6\177\376\263\303]\027\321t\227"
  86      09FD 8EE0 
  86      A87C 367F 
  86      FEB3 C35D 
  86      17D1 7497 
  87 012f 388A 2F08 		.ascii	"8\212/\b\340\3530\0257\376\344*\221;\321\306W\270>\243\255]\254"
  87      E0EB 3015 
  87      37FE E42A 
  87      913B D1C6 
  87      57B8 3EA3 
  88 0146 D76A 9DC3 		.ascii	"\327j\235\303\233\252\005k\226\360a\027.\372\365\353\b\3370L"
  88      9BAA 056B 
  88      96F0 6117 
  88      2EFA F5EB 
  88      08DF 304C 
  89 015a 75E4 BA6F 		.ascii	"u\344\272o\251\250\005\017E\266\210\036O\247Sc\t/\223t\023^:"
  89      A9A8 050F 
  89      45B6 881E 
  89      4FA7 5363 
  89      092F 9374 
  90 0171 ED4D B999 		.ascii	"\355M\271\231\3443/3=\230\240x*\371|\302\033\317L\216\265K7\375"
  90      E433 2F33 
  90      3D98 A078 
  90      2AF9 7CC2 
  90      1BCF 4C8E 
  91 0189 EA8C 13   		.ascii	"\352\214\023"
  92               		.text
  93               		.section	.gnu.lto_add_key_byte.5bc8dea24288e33c,"",@progbits
  94 0000 789C 9554 		.string	"x\234\225T\315kTW\024?\347\336\367q\337\233\231L\272(\3252E7!H\245\223 \264n\272\356?\320
  94      CD6B 5457 
  94      143F E7DE 
  94      F771 DF9B 
  94      994C BA28 
  95 0078 149F 2D00 		.string	"\024\237-"
  96 007c 7429 81CA 		.string	"t)\201\312\034\244\360\326l\b|kh\026 \210[\302\236}\235Lwv\017Y\266pz\232\331\342w\334A\3
  96      1CA4 F0D6 
  96      6C08 7C6B 
  96      6816 2088 
  96      5BC2 9E7D 
  97 00af 9EF0 47DF 		.string	"\236\360G\337 +~\247\205,_\304\276z\233\255\207\257\221\025\303\270!\307\021\371\020(\204
  97      202B 7EA7 
  97      852C 5FC4 
  97      BE7A 9BAD 
  97      87AF 9115 
  98 00f6 7D52 4300 		.string	"}RC"
  99 00fa 2FE2 2E42 		.ascii	"/\342.B]\337|\022&?\225\003\022Q\220y\373Q\365t\214M\201\215"
  99      5DDF 7C12 
  99      263F 9503 
  99      1251 9079 
  99      FB51 F574 
 100 0112 647E BBF6 		.ascii	"d~\273\366\367c)S\bt\236\233{T\300\346\263A\320\035\204\177\275"
 100      F763 2953 
 100      0874 9E9B 
 100      7B54 C0E6 
 100      B341 D01D 
 101 0129 1FC4 07A4 		.ascii	"\037\304\007\244\304\313()\037^\302\024\376\200) \027\340\217"
 101      C4CB 2829 
 101      1F5E C214 
 101      FE80 2920 
 101      17E0 8F
 102 013c D84C E8C5 		.ascii	"\330L\350\305\325\351\307\t\271[3\357\3751\265\242\"\346\263"
 102      D5E9 C709 
 102      B95B 33EF 
 102      FD31 B5A2 
 102      22E6 B3
 103 014f F798 69E1 		.ascii	"\367\230i\341\250a\356Ia\013\363,\300+\330\314\340\301\373\307"
 103      A861 EE49 
 103      610B F32C 
 103      C02B D8CC 
 103      E0C1 FBC7 
 104 0163 4F27 65AB 		.ascii	"O'e\253&>\2718\372\205\323\364\245\036aap\333t\020\364\007\326"
 104      263E B938 
 104      FA85 D3F4 
 104      A51E 6161 
 104      70DB 7410 
 105 017a 80B4 716C 		.ascii	"\200\264ql+\233\037\002\237\275Y\231l\220\357h\342\263\241\221"
 105      2B9B 1F02 
 105      9FBD 5999 
 105      6C90 EF68 
 105      E2B3 A191 
 106 018e BB6E 442C 		.ascii	"\273nD,\3578\022\204];\2316\376\002\332\375\221Z!\341X8\201M"
 106      EF38 1284 
 106      5D3B 9936 
 106      FE02 DAFD 
 106      915A 21E1 
 107 01a6 7815 9B8C 		.ascii	"x\025\233\214>8IJ\"\200\250\273/\334\266\303\240\266\231\017"
 107      3E38 494A 
 107      2280 A8BB 
 107      2FDC B6C3 
 107      A0B6 990F 
 108 01ba C2A5 ED27 		.ascii	"\302\245\355'*3\347\304+H];\202^.e$\024M@8\233\034\312\341\227"
 108      2A33 E7C4 
 108      2B48 5D3B 
 108      825E 2E65 
 108      2414 4D40 
 109 01d4 CB71 A543 		.ascii	"\313q\245C\236\016\371\372\235@\026\250\001y\334\244\216\002"
 109      9E0E F9FA 
 109      9D40 16A8 
 109      0179 DCA4 
 109      8E02 
 110 01e6 F450 C9FE 		.ascii	"\364P\311\376\306 \204^)\350p"
 110      C620 845E 
 110      29E8 70
 111 01f1 3884 15EC 		.string	"8\204\025\354.=8\231\3426\030Bm\366\035-\337r\371bl\004\234\"\255\031\262\234\324\210\253
 111      2E3D 3899 
 111      E236 1842 
 111      6DF6 1D2D 
 111      DF72 F962 
 112 02f2 3690 A4F5 		.ascii	"6\220\244\365-\376\212S6\024y\201\250\005\005\364\271\377\247"
 112      2DFE 8A53 
 112      3614 7981 
 112      A805 05F4 
 112      B9FF A7
 113 0305 07DF 9C27 		.ascii	"\007\337\234'L\2334\350\255\312n\223WQ\341\332\352o\253\ts\377"
 113      4C9B 34E8 
 113      ADCA 6E93 
 113      5751 E1DA 
 113      EA6F AB09 
 114 031b 36CE 9A39 		.ascii	"6\316\23297P\361\262\210b\355\036]y\322]\254=\2656P\253&\306"
 114      3750 F1B2 
 114      8862 ED1E 
 114      5D79 D25D 
 114      AC3D B536 
 115 0333 B4CF 73B9 		.ascii	"\264\317s\271\226g\326Nk\367\353p\213I\312?\"\313\303\225\007"
 115      9667 D64E 
 115      6BF7 EB70 
 115      8B49 CA3F 
 115      22CB C395 
 116 0348 BE49 EAE0 		.ascii	"\276I\352\340\\=\251\244\212\222\033UdX\324\030\033\276\342L"
 116      5C3D A9A4 
 116      8A92 1B55 
 116      6458 D418 
 116      1BBE E24C 
 117 035c 3E9C 704C 		.ascii	">\234pL\246\273\225\245\341\275&\223\265\345\232b0h\325\027r"
 117      A6BB 95A5 
 117      E1BD 2693 
 117      B5E5 9A62 
 117      3068 D517 
 118 0371 FEE7 FA42 		.ascii	"\376\347\372B\272\004b_q\356\003v\374\377\375\373\351e\373w\363"
 118      BA04 625F 
 118      71EE 0376 
 118      FCFF FDFB 
 118      E965 FB77 
 119 0386 A5FB 57E5 		.ascii	"\245\373W\345\375s\365\376\315c\253Y\270^\0317\222\254\361\227"
 119      FD73 F5FE 
 119      CD63 AB59 
 119      B85E 1937 
 119      92AC F197 
 120 039a 784A 5F9F 		.ascii	"xJ_\237\036\240\207\362\3647\n\200\355\035m\007\366er\355\331"
 120      1EA0 87F2 
 120      F437 0A80 
 120      ED1D 6D07 
 120      F665 72ED 
 121 03af 7426 D7D6 		.ascii	"t&\327\326\226\373$\335\236=\230k\357x+\003\311\003\331C\037"
 121      96FB 24DD 
 121      9E3D 986B 
 121      EF78 2B03 
 121      C903 D943 
 122 03c4 E53E 6CDF 		.ascii	"\345>l\337\277\317\270\254Ln\177\326\316\266\035\3548\204\037"
 122      BFCF B8AC 
 122      4C6E 7FD6 
 122      CEB6 1DEC 
 122      3884 1F
 123 03d7 FF0B AF90 		.ascii	"\377\013\257\220\312\252"
 123      CAAA 
 124               		.text
 125               		.section	.gnu.lto_del_key_byte.5bc8dea24288e33c,"",@progbits
 126 0000 789C 9593 		.ascii	"x\234\225\223]K\024Q\030\307\237\37793\263\343\256fPD/^x#bH\333"
 126      5D4B 1451 
 126      18C7 9FFF 
 126      3933 B3E3 
 126      AE66 5044 
 127 001b E687 E80B 		.ascii	"\346\207\350\013t/\265\356E\310\266\261x\323\225\343\232nbED"
 127      742F B5EE 
 127      45C8 B6B1 
 127      78D3 95E3 
 127      9A6E 6245 
 128 0030 BBC5 B2CA 		.ascii	"\273\305\262\312RXQl&ee\231\216\273\371F\246 ]HB\224\224\275"
 128      5258 516C 
 128      2665 6599 
 128      8EBB F946 
 128      A620 5D48 
 129 0048 48A2 6276 		.ascii	"H\242bvQ\254=g\306\324+\241\0033s\316\363\362;\377\363<g\f\""
 129      51AC 3D67 
 129      C6D4 2BA1 
 129      0333 73CE 
 129      F3F2 3BFF 
 130 0061 BA2D 898E 		.ascii	"\272-\211\216\3617\314\017L\202\2702I\324d\n\030\356D\nm\354"
 130      F137 CC0F 
 130      4C82 B832 
 130      49D4 640A 
 130      18EE 440A 
 131 0077 2059 5E7D 		.ascii	" Y^}\254\206\254b\r\272k\326]\377\220i\b\371;G\034\340I\3708"
 131      AC86 AC62 
 131      0DBA 6BD6 
 131      5DFF 9069 
 131      08F9 3B47 
 132 0090 C003 28BB 		.ascii	"\300\003(\273e\202\032\205\324t\303\203Fa\020l\300\330z\361^"
 132      6582 1A85 
 132      D474 C383 
 132      4661 106C 
 132      C0D8 7AF1 
 133 00a5 7451 5E93 		.ascii	"tQ^\223\310\305\347\373D\325\035\213\207}\275\337\333j\265\354"
 133      C8C5 E7FB 
 133      44D5 1D8B 
 133      877D BDDF 
 133      DB6A B5EC 
 134 00b9 4FB3 A0A4 		.ascii	"O\263\240\244$g\340\021\2528jx\375\227]\332.\323\022\020\274"
 134      2467 E011 
 134      AA38 6A78 
 134      FD97 5DDA 
 134      2ED3 1210 
 135 00ce 9C5E 9AE8 		.ascii	"\234^\232\350\360\251\245\300n^\336_\374\271,e\031\210\347\343"
 135      F0A9 A5C0 
 135      6E5E DE5F 
 135      FCB9 2C65 
 135      1988 E7E3 
 136 00e2 E34B 0954 		.ascii	"\343K\tTvYV\314\262WOX\305i)\361\004\222y\350E\031\036\243\214"
 136      7659 56CC 
 136      B257 4F58 
 136      C569 29F1 
 136      0492 79E8 
 137 00fb D844 788A 		.ascii	"\330Dx\212J\216~\2670\264\\\"\253\235\314\017\337\006\347\315"
 137      4A8E 7EB7 
 137      30B4 5C22 
 137      AB9D CC0F 
 137      DF06 E7CD 
 138 010f 8DCC 3FC7 		.ascii	"\215\314?\307U\246\206gnfM\031\216\252<\215\320\207J\025<\327"
 138      55A6 8667 
 138      6E66 4D19 
 138      8EAA 3C8D 
 138      D087 4A15 
 139 0125 5348 9418 		.ascii	"SH\224\030\232\253\023\317\371Tl\354z\235\037\330%\003\016m\246"
 139      9AAB 13CF 
 139      F954 6CEC 
 139      7A9D 1FD8 
 139      2503 0E6D 
 140 013a FDB2 A557 		.ascii	"\375\262\245W\334rh\223\331\2759\313\272ai\n\371b;R\215-\032"
 140      DC72 6893 
 140      D9BD 39CB 
 140      BA61 690A 
 140      F962 3B52 
 141 0151 FA51 E1C0 		.ascii	"\372Q\341\300\030\371\222\221\374Q\246\356i\335\266\n\353q\313"
 141      18F9 9291 
 141      FC51 A6EE 
 141      69DD B60A 
 141      EB71 CB
 142 0164 5EAB BA94 		.ascii	"^\253\272\224/d\205\017\254E\027\3742\230\304\021\\s>\217\t\245"
 142      2F64 850F 
 142      AC45 17FC 
 142      3298 C411 
 142      5C73 3E8F 
 143 017a CEEB 5888 		.ascii	"\316\353X\210.\260\262\204\317\262\251M\n\2364\3334\217X\346"
 143      2EB0 B284 
 143      CFB2 A94D 
 143      0A9E 34DB 
 143      348F 58E6 
 144 018e 4BF2 B083 		.ascii	"K\362\260\203\346\020\3367\331\222\233\362\250:j \f@\351i\343"
 144      E610 DE37 
 144      D992 9BF2 
 144      A83A 6A20 
 144      0C40 E969 
 145 01a3 E270 3B39 		.ascii	"\342p;9\374;b+\361\354\354]\241\022R\022)\366\260m\240\310]\213"
 145      FC3B 622B 
 145      F1EC EC5D 
 145      A112 5212 
 145      29F6 B06D 
 146 01bb EDF9 D239 		.ascii	"\355\371\3229s\177\356\315\210\221Ag\02373\263\242DzR\322\203"
 146      737F EECD 
 146      8891 4167 
 146      1337 33B3 
 146      A244 7A52 
 147 01d1 4105 66F7 		.ascii	"A\005f\367\333\370\314{\237?\253Z]\236\226&\337\203\f\022r\243"
 147      DBF8 CC7B 
 147      9F3F AB5A 
 147      5D9E 9626 
 147      DF83 0C12 
 148 01e7 040F 7EC4 		.ascii	"\004\017~\304&\265Mg\021\206\340O0\325\361\335\234\350\0345\002"
 148      26B5 4D67 
 148      1186 E04F 
 148      30D5 F1DD 
 148      9CE8 1C35 
 149 01fc DDCA 97B9 		.ascii	"\335\312\227\271'\224\332\034\374)\307K\310#@\237q\376]\376\023"
 149      2794 DA1C 
 149      FC29 C74B 
 149      C823 409F 
 149      71FE 5DFE 
 150 0211 3684 A5A4 		.ascii	"6\204\245\244\351\024\266\215\3735\267\317=\311\352\327\331\341"
 150      E914 B68D 
 150      FB35 B7CF 
 150      3DC9 EAD7 
 150      D9E1 
 151 0223 3DCA FFFF 		.ascii	"=\312\377\3772_\355$sxG\231#[2G\021\330\254\260\276Y\341\346"
 151      325F ED24 
 151      7378 4799 
 151      235B 3247 
 151      11D8 ACB0 
 152 023b 646B C7EC 		.ascii	"dk\307\354C\351\n\367r\205\031\323\033\237\350\361\272M\001\306"
 152      43E9 0AF7 
 152      7285 19D3 
 152      1B9F E8F1 
 152      BA4D 01C6 
 153 024f 3885 FB56 		.ascii	"8\205\373V\376\257i\034\345 \f\342\237\314\351\251 \327.U\025"
 153      FEAF 691C 
 153      E520 0CE2 
 153      9FCC E9A9 
 153      20D7 2E55 
 154 0264 A6F2 D52E 		.ascii	"\246\362\325.K\201\n\013\037\027J\\\220\216qgoZ\203T2\3044o\346"
 154      4B81 0A0B 
 154      1F17 4A5C 
 154      908E 7167 
 154      6F5A 8354 
 155 027d D5AF 1E62 		.ascii	"\325\257\036b\224\307\275\035\213|;\326\223p\257\037\251\373"
 155      94C7 BD1D 
 155      8B7C 3BD6 
 155      9370 AF1F 
 155      A9FB 
 156 028f 0376 08A2 		.ascii	"\003v\b\242\003\r\341\372\332`$\032\362\007#\341p\344\214?\032"
 156      030D E1FA 
 156      DA60 241A 
 156      F207 23E1 
 156      70E4 8C3F 
 157 02a4 3A1B 8936 		.ascii	":\033\2116\034\tRi}\350\334\251\310\311h]\255k\322\202\221\272"
 157      1C09 5269 
 157      7DE8 DCA9 
 157      C8C9 685D 
 157      AD6B D282 
 158 02ba 104E FF05 		.ascii	"\020N\377\005~\002@\366"
 158      7E02 40F6 
 159               		.text
 160               		.section	.gnu.lto_add_key_to_report.5bc8dea24288e33c,"",@progbits
 161 0000 789C 2D50 		.ascii	"x\234-P\277KBa\024\275\347\273jF\226\215Io\227 2\350\377hk\226"
 161      BF4B 4261 
 161      14BD E7BB 
 161      6A46 968D 
 161      496F 9720 
 162 001a 32A7 B017 		.ascii	"2\247\260\027\342\322\344\327\017S\251\241!\r\344).\325\320\020"
 162      E2D2 E4D7 
 162      0F53 A9A1 
 162      210D E429 
 162      2ED5 D010 
 163 002e D10F 7D09 		.ascii	"\321\017}\t\365\b\032\244hh\255)\242\245\220\032\"\b\322\356"
 163      F508 1AA4 
 163      6868 AD29 
 163      A2A5 901A 
 163      2208 D2EE 
 164 0042 D32E 5CBE 		.ascii	"\323.\\\276{.\347\234{\357\347#\242i\020E\344\035\225\004\023"
 164      7B2E E79C 
 164      7BEF E723 
 164      A269 1045 
 164      E41D 9504 
 165 0057 D4F6 3DD1 		.ascii	"\324\366=\321\212_\001n\241\375\240\264B\032[\274\303\270\316"
 165      8A5F 016E 
 165      A1FD A0B4 
 165      421A 5BBC 
 165      C3B8 CE
 166 006a BEDA 6AEC 		.ascii	"\276\332j\354@K8\273\227C\033:3b1QQ\322\r\234`LX7\235o'\270\311"
 166      404B 38BB 
 166      9743 1B3A 
 166      3362 3151 
 166      51D2 0D9C 
 167 0087 1603 4AE0 		.ascii	"\026\003J\340\303\307]y\300\205\n\303\002\017[_\237\314\006H"
 167      C3C7 5D79 
 167      C085 0AC3 
 167      020F 5B5F 
 167      9FCC 0648 
 168 009b EA66 F3A3 		.ascii	"\352f\363\243\200\360\236\326\253\332y\232\321\001\213\031\347"
 168      80F0 9ED6 
 168      ABDA 799A 
 168      D101 8B19 
 168      E7
 169 00ac 60F1 C319 		.ascii	"`\361\303\031\f\234\302 i\021j\b\013\273r[\311\006x\274\253\254"
 169      0C9C C220 
 169      6911 6A08 
 169      0BBB 725B 
 169      C906 78BC 
 170 00c2 E7F7 6BFC 		.ascii	"\347\367k\374\257|\031Y\327\016,\366\240\336\323N\031\230t\225"
 170      AF7C 1959 
 170      D70E 2CF6 
 170      A0DE D34E 
 170      1998 7495 
 171 00d6 1E82 8DB0 		.ascii	"\036\202\215\260K\177>n\027\006}\236\336\246\270\200\217\344"
 171      4B7F 3E6E 
 171      1706 7D9E 
 171      DEA6 B880 
 171      8FE4 
 172 00e8 6A3A 7AF0 		.ascii	"j:z\360:\272\335\311j\347.\364\363\326\357\225\233e\222\254\355"
 172      3ABA DDC9 
 172      6AE7 2EF4 
 172      F3D6 EF95 
 172      9B65 92AC 
 173 00fd AA28 275C 		.ascii	"\252('\\\371\002\355P\236\225[\2559\364\216L\265Q\366v\035\304"
 173      F902 ED50 
 173      9E95 5BAD 
 173      39F4 8E4C 
 173      B551 F676 
 174 0113 D6B6 DF1F 		.ascii	"\326\266\337\037\373\322\277\332o\261\267\310b\211\006\322Tb"
 174      FBD2 BFDA 
 174      6FB1 B7C8 
 174      6289 06D2 
 174      5462 
 175 0125 5562 B9D7 		.ascii	"Ub\271\327G-\254V\257\312\350\322\335\310\tG\214\024Q(\225X\210"
 175      472D AC56 
 175      AFCA E8D2 
 175      DDC8 0947 
 175      8C14 5128 
 176 013c C6CC 643C 		.ascii	"\306\314d<\0223\023\ts1\222\214/\231\311\324D\214\202\013\361"
 176      1233 1309 
 176      7331 928C 
 176      2F99 C9D4 
 176      448C 820B 
 177 0151 E539 7336 		.ascii	"\3459s69\037\355\265X\360\037\220\210|S"
 177      391F EDB5 
 177      58F0 1F90 
 177      887C 53
 178               		.text
 179               		.section	.gnu.lto_del_key_from_report.5bc8dea24288e33c,"",@progbits
 180 0000 789C 2D50 		.ascii	"x\234-P\277K\202a\020\276\347=5#\3731*\271\213\020\031\364\177"
 180      BF4B 8261 
 180      10BE E73D 
 180      3523 FB31 
 180      2AB9 8B10 
 181 0017 B435 4B99 		.ascii	"\2645K\231\223\330\027\342\322\344\233e*54\244\201|\211K54DX"
 181      93D8 17E2 
 181      D2E4 9B65 
 181      2A35 34A4 
 181      817C 894B 
 182 002f F9A3 E523 		.ascii	"\371\243\345#h\220\242\301\265\246\206&\021\243\"\b\322\356\323"
 182      6890 A2C1 
 182      B5A6 8626 
 182      11A3 2208 
 182      D2EE D3
 183 0042 0E8E F79E 		.ascii	"\016\216\367\236\343y\236\273{]D\264\004\242\220\274\263\222"
 183      E379 9EBB 
 183      7B5D 44B4 
 183      04A2 90BC 
 183      B392 
 184 0054 6082 3A78 		.ascii	"`\202:x\"\332r+\300.\264\033\224RHa\237\017\031w\331\267\206"
 184      22DA 722B 
 184      C02E B41B 
 184      9452 4861 
 184      9F0F 1977 
 185 006b 0A9E 6909 		.ascii	"\n\236i\t\353\350gjWg\274&\023\025%\355@\025Aa\335\017\276\255"
 185      EBE8 676A 
 185      5767 BC26 
 185      1315 25ED 
 185      4015 4161 
 186 0083 E93D 3619 		.ascii	"\351=6\031P\002\333\275\307\343\t\033*\314\b<\357~\2753\373A"
 186      5002 DBBD 
 186      C7E3 091B 
 186      2ACC 083C 
 186      EF7E BD33 
 187 0099 52B7 5ABD 		.ascii	"R\267Z\275\002\002'Z\247\265\325Y\326\036\223\0317`\361\3035"
 187      0202 275A 
 187      A7B5 D559 
 187      D61E 9319 
 187      3760 F1C3 
 188 00ae FCB8 829F 		.ascii	"\374\270\202\237\244E\250! \354\362C9\353\341\271\241\262\236"
 188      A445 A821 
 188      20EC F243 
 188      39EB E1B9 
 188      A1B2 9E
 189 00c1 3FAD F1BF 		.ascii	"?\255\361\277\362\323\273\243-\230\354@}\244]\364c\301V:\b\r"
 189      F2D3 BBA3 
 189      2D98 EC40 
 189      7DA4 5DF4 
 189      63C1 563A 
 190 00d7 046C FAEB 		.ascii	"\004l\372\353e\2770\351r\2146E\023.\222\253\351\242\355\264t"
 190      65BF 30E9 
 190      728C 3645 
 190      132E 92AB 
 190      E9A2 EDB4 
 191 00ec 7F90 D5D6 		.ascii	"\177\220\325\326\213\257\3711\356\224\233e\222\254m\253('\\\371"
 191      8BAF F931 
 191      EE94 9B65 
 191      92AC 6DAB 
 191      2827 5CF9 
 192 0100 026D 519E 		.ascii	"\002mQ\236\225]m[\324A\246R-;\207\016b\333ht\236\307R\277\332"
 192      955D 6D5B 
 192      D441 A652 
 192      2D3B 870E 
 192      62DB 6874 
 193 0119 6DB2 B3C8 		.ascii	"m\262\263\310b\211[\244\250\304\252\304r\257\213\272HWje\f\351"
 193      6289 5BA4 
 193      A8C4 AAC4 
 193      72AF 8BBA 
 193      4857 6A65 
 194 012f 76E4 8423 		.ascii	"v\344\204#F\212\310\227\214\307\302\021#\021\rE\214x\334X\017"
 194      468A C897 
 194      8CC7 C211 
 194      2311 0D45 
 194      8C78 DC58 
 195 0144 25A2 1B46 		.ascii	"%\242\033F\"9\037\241\351Xts\325XI\254\205G-\026\374\007\350"
 195      2239 1FA1 
 195      E958 7473 
 195      D558 49AC 
 195      8547 2D16 
 196 015b 097C 79   		.ascii	"\t|y"
 197               		.text
 198               		.section	.gnu.lto_clear_keys_from_report.5bc8dea24288e33c,"",@progbits
 199 0000 789C 3D50 		.ascii	"x\234=PMK\033Q\024\275gn2\031\233\326\270\022Kg\321\235\244\005"
 199      4D4B 1B51 
 199      14BD 676E 
 199      3219 9BD6 
 199      B812 4B67 
 200 0018 E7DF 742B 		.ascii	"\347\337t+\032\263\222tdp\323U\236\221|\024]\b\232\024\302\330"
 200      1AB3 9274 
 200      6470 D355 
 200      9E91 7C14 
 200      5D08 9A14 
 201 002e CE46 5C88 		.ascii	"\316F\\\210\212\265\265\306j;\204\266`\261\n\342B\020\\\210t"
 201      8AB5 B5C6 
 201      6A3B 84B6 
 201      60B1 0AE2 
 201      4210 5C88 
 202 0043 5134 E842 		.ascii	"Q4\350B\n\225\304\336\227\200\027\036s\357;\347\2369\347\231"
 202      0A95 C4DE 
 202      9780 171E 
 202      73EF 3BE7 
 202      9E39 E799 
 203 0057 44B4 09A2 		.ascii	"D\264\t\242\347\362}\"\007L0f\366\211&,\003\320\215\262@Y\003"
 203      E7F2 7D22 
 203      074C 3066 
 203      F689 262C 
 203      03D0 8DB2 
 204 006e 594C F31C 		.ascii	"YL\363\034\243^\374]3\222\213J*|\263\221(\250|\237\317D\0259"
 204      A35E FC5D 
 204      3392 8B4A 
 204      2A7C B391 
 204      28A8 7C9F 
 205 0086 BAB0 8EA4 		.ascii	"\272\260\216\244\260\276\337\375\r\023S\3543`\310xx\2657\037"
 205      B0BE DFFD 
 205      0D13 53EC 
 205      3360 C878 
 205      78B5 371F 
 206 009a D7A3 811E 		.ascii	"\327\243\201\036\031\227\0327\327\3146H\372\335\335\2532\372"
 206      1997 1A37 
 206      D7CC 3648 
 206      FADD DDAB 
 206      32FA 
 207 00ac 1794 CAA9 		.ascii	"\027\224\312\251\360\333\013\365\320g\306\006X\364\360\0216>"
 207      F0DB 0BF5 
 207      D067 C606 
 207      58F4 F011 
 207      363E 
 208 00be C026 B922 		.ascii	"\300&\271\"|B\277\246\237\255\265\312\217\314H\347\177\330\204"
 208      7C42 BFA6 
 208      9FAD B5CA 
 208      8FCC 48E7 
 208      7FD8 84
 209 00d1 49E2 9D56 		.ascii	"I\342\235V\017\243\241j\335\025U\270\327W\275\355\212Bv\"b_/"
 209      0FA3 A16A 
 209      DD15 55B8 
 209      D757 BDED 
 209      8A42 7622 
 210 00e8 5149 A892 		.ascii	"QI\250\222C\205\364\232\r\335M\206\364\007\271\177\305\235\346"
 210      4385 F49A 
 210      0DDD 4D86 
 210      F407 B97F 
 210      C59D E6
 211 00fb 9856 A832 		.ascii	"\230V\2502D\270\222\257\037\304\264En\333\332\256\377\372a\006"
 211      44B8 92AF 
 211      1FC4 B445 
 211      6EDB DAAE 
 211      FFFA 6106 
 212 010f 783B 2139 		.ascii	"x;!9\203\206\326\213V\305}M\354h\370\250x|\032w\226\365+<\365"
 212      8386 D68B 
 212      56C5 7D4D 
 212      EC68 F8A8 
 212      787C 1A77 
 213 0128 D9C4 1602 		.ascii	"\331\304\026\002\224\333O \340\312en?r\017\306\360\031N\231\321"
 213      94DB 4F20 
 213      E0CA 656E 
 213      3F72 0FC6 
 213      F019 4E99 
 214 013d C1DE CFFE 		.ascii	"\301\336\317\376\234A\266\251\261\300\023\223\330\206#Av\220"
 214      9C41 B6A9 
 214      B1C0 1393 
 214      D886 2341 
 214      7690 
 215 014f A50B 1482 		.ascii	"\245\013\024\202\336v$\341\325j\027'1\341Y>[\025\275\214/B\021"
 215      DE76 24E1 
 215      D56A 1727 
 215      31E1 593E 
 215      5B15 BD8C 
 216 0166 AB78 660B 		.ascii	"\253xf\013|~\273\274\325\255\335v\301\304W\330>?\240\006r\301"
 216      7C7E BBBC 
 216      D5AD DD76 
 216      C1C4 57D8 
 216      3E3F A006 
 217 017c FA3B B415 		.ascii	"\372;\264\025t\225dM\322\032D\217\3073\243\203)\327K;)7\223q"
 217      7495 644D 
 217      D21A 448F 
 217      C733 A383 
 217      29D7 4B3B 
 218 0194 5F3A 5E7A 		.ascii	"_:^z\314\365\306\007R\224\030M\277\032v\207\274\221\301\316\325"
 218      CCF5 C607 
 218      5294 184D 
 218      BF1A 7687 
 218      BC91 C1CE 
 219 01a9 7F0B CAA0 		.ascii	"\177\013\312\240-"
 219      2D
 220               		.text
 221               		.section	.gnu.lto_.symbol_nodes.5bc8dea24288e33c,"",@progbits
 222 0000 789C 55C8 		.string	"x\234U\310\261\r\200@\f\004\301\263\375oS\026Tv_\002-@\031\304\304\324@%\b\013\"\007\253\
 222      B10D 8040 
 222      0C04 C1B3 
 222      FD6F 5316 
 222      5476 5F02 
 223 0042 C698 016B 		.ascii	"\306\230\001k\212\375~\304\272\375\367\300\231\307\013\334\354"
 223      8AFD 7EC4 
 223      BAFD F7C0 
 223      99C7 0BDC 
 223      EC
 224 0053 26BE      		.ascii	"&\276"
 225               		.text
 226               		.section	.gnu.lto_.refs.5bc8dea24288e33c,"",@progbits
 227 0000 789C 6363 		.string	"x\234cc```\004b\006"
 227      6060 6004 
 227      6206 00
 228 000b 00        		.string	""
 229 000c 4400      		.string	"D"
 230 000e 08        		.ascii	"\b"
 231               		.text
 232               		.section	.gnu.lto_.decls.5bc8dea24288e33c,"",@progbits
 233 0000 789C 9556 		.string	"x\234\225V[PTG\032>\377\351\271y\0300A\312\260[l\225\261x \017\313\220\312V\271\326\326\2
 233      5B50 5447 
 233      1A3E FFE9 
 233      B979 1830 
 233      41CA B05B 
 234 005e AEEC DFDD 		.ascii	"\256\354\337\335\347\314\034X&[95=}\372\357\377\377\372\373/"
 234      E7CC 1C58 
 234      265B 3935 
 234      3D7D FAEF 
 234      FFFF FAFB 
 235 0073 A7BB 0D82 		.ascii	"\247\273\r\202 dG\t\302\023\020\004Y\024\204E|L(k\303F\260\335"
 235      2064 4709 
 235      C213 1004 
 235      5914 8445 
 235      7C4C 286B 
 236 008b C4E6 C796 		.ascii	"\304\346\307\226*\360\207\316\r`\033\3026\202-\210\355!\2661"
 236      2AF0 87CE 
 236      0D60 1BC2 
 236      3682 2D88 
 236      ED21 B631 
 237 009f 6C93 D406 		.ascii	"l\223\324\006\204\377y\232Q&)8\261\330\342\024\\\035\312\023"
 237      84FF 799A 
 237      5126 2938 
 237      B1D8 E214 
 237      5C1D CA13 
 238 00b3 B0EF C3D6 		.ascii	"\260\357\303\326\205\255\003\233\036eHC\350\301v\025\033(\353"
 238      85AD 039B 
 238      1E65 4843 
 238      E8C1 7615 
 238      1B28 EB
 239 00c6 2D7F 5A71 		.ascii	"-\177Zq\302\270\002\246\026k9\316\320\n8\0358a\306\376\235e8"
 239      C2B8 02A6 
 239      166B 39CE 
 239      D00A 381D 
 239      3861 C6FE 
 240 00dd 1457 C2B9 		.ascii	"\024W\302\271\267\005\3161\n~\036{d\005\354.\305\357\225\260"
 240      B705 CE31 
 240      0A7E 1E7B 
 240      6405 EC2E 
 240      C5EF 95B0 
 241 00f1 55DC 9FC3 		.ascii	"U\334\237\303\f\256\200y]\361{%\314\030\234\273\247\350Q\254"
 241      0CAE 8079 
 241      5DF1 7B25 
 241      CC18 9CBB 
 241      A7E8 51AC 
 242 0105 8711 78DD 		.ascii	"\207\021x\335\370\005\030c\021x\f\240^\324\n\030\372eqZ\r\274"
 242      F805 1863 
 242      1178 0CA0 
 242      5ED4 0A18 
 242      FA65 715A 
 243 011b 76C4 6579 		.ascii	"v\304ey\245\357\221\352\345 \201\313\213\263\376\325\005\004"
 243      A5EF 91EA 
 243      E520 81CB 
 243      8BB3 FED5 
 243      0504 
 244 012d 6225 1071 		.ascii	"b%\020q\030\230\276z,\n\207q\022\274\204\303\342\346\247\235"
 244      1898 BE7A 
 244      2C0A 8771 
 244      12BC 84C3 
 244      E2E6 A79D 
 245 0141 7A3E 6BC2 		.ascii	"z>k\302a\323duS4\237\365S\343\334\266\211*\221\340\212\370\376"
 245      61D3 6475 
 245      5334 9FF5 
 245      53E3 DCB6 
 245      892A 91E0 
 246 0158 744F EE2C 		.ascii	"tO\356,\341\252F\034\326\006\027\246\314R\276\214O\267,\353\343"
 246      E1AA 461C 
 246      D606 17A6 
 246      CC52 BE8C 
 246      4FB7 2CEB 
 247 016d A9BC 0112 		.ascii	"\251\274\001\022\340K\300d\3009\300t\201%\001\276\302!\325\316"
 247      E04B C064 
 247      C039 C074 
 247      8125 01BE 
 247      C221 D5CE 
 248 0181 1DA9 34A1 		.ascii	"\035\2514\241q\202\004\213@\307\023\347\346\242\371\230N7\036"
 248      7182 048B 
 248      40C7 13E7 
 248      E6A2 F998 
 248      4E37 1E
 249 0194 AEBF 1943 		.ascii	"\256\277\031C\f\354\375\343\027g\037\220\344/d\376\2306\t\320"
 249      0CEC FDE3 
 249      1767 1F90 
 249      E42F 64FE 
 249      9836 09D0 
 250 01a8 0244 F5A6 		.ascii	"\002D\365\246\262\244\342R4I\242\212\342T\365\334\001#$I\247"
 250      B2A4 E252 
 250      3449 A28A 
 250      E254 F5DC 
 250      0123 2449 
 251 01bd A89E FF4A 		.ascii	"\250\236\377J\357\246;\271\262,\202\037$\3707\020\370\032\222"
 251      EFA6 3BB9 
 251      B22C 821F 
 251      24F8 3710 
 251      F81A 92
 252 01d0 69F6 1368 		.ascii	"i\366\023h\335 \315]\262\377\270L\342\005x#\001R\022\004h\205"
 252      DD20 CD5D 
 252      B2FF B84C 
 252      E205 7823 
 252      0152 1204 
 253 01e6 24BA 3AD5 		.ascii	"$\272:\325\202f\344}\236\023\355\032\377a\304\034\373\t\205\304"
 253      8266 E47D 
 253      9E13 ED1A 
 253      FF61 C41C 
 253      FB09 85C4 
 254 01fa BFCD C0E0 		.ascii	"\277\315\300\340\032q\376,\363\253\rbU\357\250\366\231\213\263"
 254      1A71 FE2C 
 254      F3AB 0D62 
 254      55EF A8F6 
 254      998B B3
 255 020d FD66 92C1 		.ascii	"\375f\222\301x\327\025\315\016H:Q\200\013\214.JF\026j\316\307"
 255      78D7 15CD 
 255      0E48 3A51 
 255      800B 8C2E 
 255      4A46 166A 
 256 0223 F088 1970 		.ascii	"\360\210\031p\330\334\324\362\215\236\0077\005\207\373N\335:"
 256      D8DC D4F2 
 256      8D9E 0737 
 256      0587 FB4E 
 256      DD3A 
 257 0235 2D11 37B3 		.ascii	"-\0217\263\355(?\377\334\3145\3658\254\311)\274\025\0231\266"
 257      ED28 3FFF 
 257      DCCC 35F5 
 257      38AC C929 
 257      BC15 1331 
 258 024a ED6A 6CAF 		.ascii	"\355jl\257p\312\023\315-\2451\313)_F\365KL\275\203QnW)\177R\234"
 258      70CA 13CD 
 258      2DA5 31CB 
 258      295F 46F5 
 258      4B4C BD83 
 259 0265 77C2 4C7C 		.ascii	"w\302L|l\331\201\366\356\332\030\362\001}\327"
 259      6CD9 81F6 
 259      EEDA 18F2 
 259      017D D7
 260 0274 D70C E7FC 		.string	"\327\f\347\374\006\022\327$&%\226\262x\366U\244T\006v\313r\236\201\"\3007\030\321.X\023\3
 260      0612 D724 
 260      2625 96B2 
 260      78F6 55A4 
 260      5406 76CB 
 261 0375 DC23 94FD 		.string	"\334#\224\375\007@\351\2005>\0066\304\236\353\251\"P\324\004\365]\321\342rQ\205c?\020\024
 261      0740 E980 
 261      353E 0636 
 261      C49E EBA9 
 261      2250 D404 
 262 040f AC47 DBC7 		.string	"\254G\333\307\227\202%\006\322\303\211,\364\216\2353*@\027\376&\027\322j"
 262      9782 2506 
 262      D2C3 892C 
 262      F48E 9D33 
 262      2A40 17FE 
 263 0428 0632 1806 		.string	"\0062\030\006\031\324\202\f1\220\274S\355\023zr\207\203<\250\271\021\210f\336P\312\334\23
 263      19D4 820C 
 263      3190 BC53 
 263      ED13 7A72 
 263      8783 3CA8 
 264 044e 1376 545F 		.ascii	"\023vT_n\320i]|gm\310\303{\314\303\273\252\207M\376\362*\t\211"
 264      6ED0 695D 
 264      7C67 6DC8 
 264      C37B CCC3 
 264      BBAA 874D 
 265 0467 0D23 B1C1 		.ascii	"\r#\261\301\"s\256\354\307\312\307\215\033\325`8LmXKm\204Q\273"
 265      2273 AEEC 
 265      C7CA C78D 
 265      1BD5 6038 
 265      4C6D 584B 
 266 047f 367E E6EF 		.ascii	"6~\346\357d\2223;\373YQ=QP\036\277\266\004\344~\030\344\276\026"
 266      6492 333B 
 266      FB59 513D 
 266      5150 1EBF 
 266      B604 E47E 
 267 0497 24C8 40FA 		.ascii	"$\310@\372K'\237\210d\201\243|\326w\266z\265\022\244\371\215"
 267      4B27 9F88 
 267      6481 A37C 
 267      D677 B67A 
 267      B512 A4F9 
 268 04ac 4B50 1E84 		.ascii	"KP\036\204Q\036hQ\0362\224\334\326\302G\"\331\313\217\306\206"
 268      511E 6851 
 268      1E32 94DC 
 268      D6C2 4722 
 268      D9CB 8FC6 
 269 04c1 CEC0 9168 		.ascii	"\316\300\221h\005e\354\017KPF\303(\243Z\2241\206Rw\342\320\021"
 269      0565 EC0F 
 269      4B50 46C3 
 269      28A3 5A94 
 269      3186 5277 
 270 04d8 0339 2146 		.ascii	"\0039!F\254\234\271\306\217\272\315\021\302\372\210\205uB\rk"
 270      AC9C B9C6 
 270      8FBA CD11 
 270      C2FA 8885 
 270      7542 0D6B 
 271 04ec EB4C 41FB 		.ascii	"\353LA\373*\205D\377\037C$P\013\306\303$\306\265$&\031\211\332"
 271      2A85 44FF 
 271      1F43 2450 
 271      0BC6 C324 
 271      C6B5 2426 
 272 0503 A696 BD7A 		.ascii	"\246\226\275z\362\025'\321U;Z` \255|Pw$\330I\031\301\264z\244"
 272      F215 27D1 
 272      553B 5A60 
 272      20AD 7C50 
 272      7724 D849 
 273 051c D565 FBFF 		.ascii	"\325e\373\377\025M.\361\351\322\223\237\007V\321\351\3078\r?"
 273      154D 2EF1 
 273      E9D2 939F 
 273      0756 D1E9 
 273      C738 0D3F 
 274 0530 F242 3839 		.ascii	"\362B89\2770M\257\t\251x\322/\022\315Q\237\312\217\372\362\271"
 274      BF30 4DAF 
 274      09A9 78D2 
 274      2F12 CD51 
 274      9FCA 8FFA 
 275 0546 A926 33B9 		.ascii	"\251&3\271\312\020\304cr\373\237@J\312\017m6Bh\247\201\237pk"
 275      CA10 C463 
 275      72FB 9F40 
 275      4ACA 0F6D 
 275      3642 68A7 
 276 055e 4A55 0EE8 		.ascii	"JU\016\350g(|\212B\276\355\r\365\257o\036\224\345u0\21359\023"
 276      6728 7C8A 
 276      42BE ED0D 
 276      F5AF 6F1E 
 276      94E5 7530 
 277 0576 F62D 5539 		.ascii	"\366-U9\342\276\277yo\206\260@\316\206\212\266\254"
 277      E2BE BF79 
 277      6F86 B040 
 277      CE86 8AB6 
 277      AC
 278 0587 A1F3 D92A 		.string	"\241\363\331*&{[\2029N\365~\361\211kz&\263\232a\236\313zs\ngb^-#%\262\211a}]4\372\245\216
 278      267B 5B82 
 278      394E F57E 
 278      F189 6B7A 
 278      26B3 9A61 
 279 0688 7922 0AD1 		.ascii	"y\"\n\321\366 !\007\276\273\270\005\244\004@\222\300/y\262\306"
 279      F620 2107 
 279      BEBB B805 
 279      A404 4092 
 279      C02F 79B2 
 280 069d 5280 0291 		.ascii	"R\200\002\221\336\225\366\242Q!\032\025\313\2503\375!\223\026"
 280      DE95 F6A2 
 280      5121 1A15 
 280      CBA8 33FD 
 280      2193 16
 281 06b0 E36D 82F6 		.ascii	"\343m\202\366\364\217\326}\260e\227N\353;\375x\303\276\357S|"
 281      F48F D67D 
 281      B065 974E 
 281      EB3B FD78 
 281      C3BE EF53 
 282 06c5 DFC7 7CAF 		.ascii	"\337\307|\257>\275\320`\322*\323<\204\225?V\224iO<\266\367\342"
 282      3EBD D060 
 282      D22A D33C 
 282      8495 3F56 
 282      9469 4F3C 
 283 06dc 7D59 DBAC 		.ascii	"}Y\333\254v\267\307a\261\273\263\262\334.\213\307\261\335\355"
 283      76B7 C761 
 283      B1BB B3B2 
 283      DC2E 8BC7 
 283      B1DD ED
 284 06ef F125 DB4D 		.ascii	"\361%\333Mo\375\371\257\353\336\334\270Q0\356\310t\371~o\365"
 284      6FFD F9AF 
 284      EBDE DCB8 
 284      5130 EEC8 
 284      74F9 7E6F 
 285 0704 6DB0 ECF0 		.ascii	"m\260\354\360z,N\267\335\346\264\274\351p:m\036\213\355]\317"
 285      7A2C 4EB7 
 285      DDE6 B4BC 
 285      E970 3A6D 
 285      1E8B ED5D 
 286 0719 6FB7 DAED 		.ascii	"o\267\332\355\2337X6$\377.9\205\216-\231.\273sG\232\303\342\365"
 286      9B37 5836 
 286      24FF 2E39 
 286      858E 2D99 
 286      2EBB 7347 
 287 0731 A5A1 5D72 		.ascii	"\245\241]r\206`\330n\263os\244\351\2669vzM\036\207\327\341y\027"
 287      8660 D86E 
 287      B36F 73A4 
 287      E9B6 3976 
 287      7A4D 1E87 
 288 0749 4759 EE34 		.ascii	"GY\3564\357\257\"\254\235!\274\314\337\254h\263\305m\363\244"
 288      EFAF 22AC 
 288      9D21 BCCC 
 288      DFAC 68B3 
 288      C56D F3A4 
 289 075d 597D 5286 		.ascii	"Y}R\206\315k\265\271v\242$\222\231]\210\336\352\360Y\3233=^f"
 289      CD6B B5B9 
 289      76A2 2492 
 289      995D 88DE 
 289      EAF0 59D3 
 290 0775 69B6 A5A5 		.ascii	"i\266\245\245\321\336\272e\247\317aNs8C\203\227\325\031\237\333"
 290      D1DE BA65 
 290      A7CF 614E 
 290      7338 4383 
 290      97D5 199F 
 291 078a CA8D D7A8 		.ascii	"\312\215\327\250\323\351\036w\226\"[kw:l\036*\365j\305\206,G"
 291      D3E9 1E77 
 291      9622 5B6B 
 291      773A 6C1E 
 291      2AF5 6AC5 
 292 07a1 96D7 E1D3 		.ascii	"\226\327\341\323\341d\272\321\345\366ex\334\357\031\274\231\357"
 292      E164 BAD1 
 292      E5F6 6578 
 292      DCEF 19BC 
 292      99EF 
 293 07b3 3BAC BEBF 		.ascii	";\254\276\277\374\377\02093\267\2502\313\006\013\375\247A\343"
 293      FCFF 1039 
 293      33B7 A832 
 293      CB06 0BFD 
 293      A741 E3
 294 07c6 739A D0A5 		.ascii	"s\232\320\2459\3221\f\360\272"
 294      39D2 310C 
 294      F0BA 
 295 07d0 31DD B5CE 		.ascii	"1\335\265\316\273\335a\307\205\\\256\035N\347/N\202'\323\265"
 295      BBDD 61C7 
 295      855C AE1D 
 295      4EE7 2F4E 
 295      8227 D3B5 
 296 07e4 9526 81E7 		.ascii	"\225&\201\347\360\277\007\357\025<"
 296      F0BF 07EF 
 296      153C 
 297               		.text
 298               		.section	.gnu.lto_.symtab.5bc8dea24288e33c,"",@progbits
 299 0000 6861 735F 		.string	"has_anykey"
 299      616E 796B 
 299      6579 00
 300 000b 00        		.string	""
 301 000c 00        		.string	""
 302 000d 00        		.string	""
 303 000e 00        		.string	""
 304 000f 00        		.string	""
 305 0010 00        		.string	""
 306 0011 00        		.string	""
 307 0012 00        		.string	""
 308 0013 00        		.string	""
 309 0014 00        		.string	""
 310 0015 00        		.string	""
 311 0016 DD00      		.string	"\335"
 312 0018 00        		.string	""
 313 0019 00        		.string	""
 314 001a 6765 745F 		.string	"get_first_key"
 314      6669 7273 
 314      745F 6B65 
 314      7900 
 315 0028 00        		.string	""
 316 0029 00        		.string	""
 317 002a 00        		.string	""
 318 002b 00        		.string	""
 319 002c 00        		.string	""
 320 002d 00        		.string	""
 321 002e 00        		.string	""
 322 002f 00        		.string	""
 323 0030 00        		.string	""
 324 0031 00        		.string	""
 325 0032 00        		.string	""
 326 0033 DF00      		.string	"\337"
 327 0035 00        		.string	""
 328 0036 00        		.string	""
 329 0037 6164 645F 		.string	"add_key_byte"
 329      6B65 795F 
 329      6279 7465 
 329      00
 330 0044 00        		.string	""
 331 0045 00        		.string	""
 332 0046 00        		.string	""
 333 0047 00        		.string	""
 334 0048 00        		.string	""
 335 0049 00        		.string	""
 336 004a 00        		.string	""
 337 004b 00        		.string	""
 338 004c 00        		.string	""
 339 004d 00        		.string	""
 340 004e 00        		.string	""
 341 004f E400      		.string	"\344"
 342 0051 00        		.string	""
 343 0052 00        		.string	""
 344 0053 6465 6C5F 		.string	"del_key_byte"
 344      6B65 795F 
 344      6279 7465 
 344      00
 345 0060 00        		.string	""
 346 0061 00        		.string	""
 347 0062 00        		.string	""
 348 0063 00        		.string	""
 349 0064 00        		.string	""
 350 0065 00        		.string	""
 351 0066 00        		.string	""
 352 0067 00        		.string	""
 353 0068 00        		.string	""
 354 0069 00        		.string	""
 355 006a 00        		.string	""
 356 006b E600      		.string	"\346"
 357 006d 00        		.string	""
 358 006e 00        		.string	""
 359 006f 6164 645F 		.string	"add_key_to_report"
 359      6B65 795F 
 359      746F 5F72 
 359      6570 6F72 
 359      7400 
 360 0081 00        		.string	""
 361 0082 00        		.string	""
 362 0083 00        		.string	""
 363 0084 00        		.string	""
 364 0085 00        		.string	""
 365 0086 00        		.string	""
 366 0087 00        		.string	""
 367 0088 00        		.string	""
 368 0089 00        		.string	""
 369 008a 00        		.string	""
 370 008b 00        		.string	""
 371 008c E800      		.string	"\350"
 372 008e 00        		.string	""
 373 008f 00        		.string	""
 374 0090 6465 6C5F 		.string	"del_key_from_report"
 374      6B65 795F 
 374      6672 6F6D 
 374      5F72 6570 
 374      6F72 7400 
 375 00a4 00        		.string	""
 376 00a5 00        		.string	""
 377 00a6 00        		.string	""
 378 00a7 00        		.string	""
 379 00a8 00        		.string	""
 380 00a9 00        		.string	""
 381 00aa 00        		.string	""
 382 00ab 00        		.string	""
 383 00ac 00        		.string	""
 384 00ad 00        		.string	""
 385 00ae 00        		.string	""
 386 00af EA00      		.string	"\352"
 387 00b1 00        		.string	""
 388 00b2 00        		.string	""
 389 00b3 636C 6561 		.string	"clear_keys_from_report"
 389      725F 6B65 
 389      7973 5F66 
 389      726F 6D5F 
 389      7265 706F 
 390 00ca 00        		.string	""
 391 00cb 00        		.string	""
 392 00cc 00        		.string	""
 393 00cd 00        		.string	""
 394 00ce 00        		.string	""
 395 00cf 00        		.string	""
 396 00d0 00        		.string	""
 397 00d1 00        		.string	""
 398 00d2 00        		.string	""
 399 00d3 00        		.string	""
 400 00d4 00        		.string	""
 401 00d5 EE00      		.string	"\356"
 402 00d7 00        		.string	""
 403 00d8 00        		.string	""
 404               		.text
 405               		.section	.gnu.lto_.opts,"",@progbits
 406 0000 272D 666D 		.ascii	"'-fmath-errno' '-fsigned-zeros' '-ftrapping-m"
 406      6174 682D 
 406      6572 726E 
 406      6F27 2027 
 406      2D66 7369 
 407 002d 6174 6827 		.string	"ath' '-fno-trapv' '-fno-openmp' '-fno-openacc' '-mn-flash=1' '-mno-skip-bug' '-mmcu=avr5'
 407      2027 2D66 
 407      6E6F 2D74 
 407      7261 7076 
 407      2720 272D 
 408               		.text
 409               		.comm	__gnu_lto_v1,1,1
 410               		.comm	__gnu_lto_slim,1,1
 411               		.ident	"GCC: (GNU) 7.4.0"
DEFINED SYMBOLS
                            *ABS*:0000000000000000 report.c
/var/tmp//ccvTl7mA.s:2      *ABS*:000000000000003e __SP_H__
/var/tmp//ccvTl7mA.s:3      *ABS*:000000000000003d __SP_L__
/var/tmp//ccvTl7mA.s:4      *ABS*:000000000000003f __SREG__
/var/tmp//ccvTl7mA.s:5      *ABS*:0000000000000000 __tmp_reg__
/var/tmp//ccvTl7mA.s:6      *ABS*:0000000000000001 __zero_reg__
                            *COM*:0000000000000001 __gnu_lto_v1
                            *COM*:0000000000000001 __gnu_lto_slim

NO UNDEFINED SYMBOLS
