   1               		.file	"util.c"
   2               	__SP_H__ = 0x3e
   3               	__SP_L__ = 0x3d
   4               	__SREG__ = 0x3f
   5               	__tmp_reg__ = 0
   6               	__zero_reg__ = 1
   7               		.section	.gnu.lto_.profile.1efa4b5b27cd954c,"",@progbits
   8 0000 789C 6363 		.string	"x\234cc```\005bF\206\211\214)"
   8      6060 6005 
   8      6246 8689 
   8      8C29 00
   9 000f 02A6 0103 		.ascii	"\002\246\001\003"
  10               		.text
  11               		.section	.gnu.lto_.icf.1efa4b5b27cd954c,"",@progbits
  12 0000 789C 6363 		.string	"x\234cc``\260`@"
  12      6060 B060 
  12      4000 
  13 000a 4E86 536F 		.string	"N\206So\336\237\343f<\327\337>\217\217\351\347\217\363]\254\314/\326n\270\302\314r\261\35
  13      DE9F E366 
  13      3CD7 DF3E 
  13      8F8F E9E7 
  13      8FF3 5DAC 
  14 0047 2BF0 1B97 		.ascii	"+\360\033\227"
  15               		.text
  16               		.section	.gnu.lto_.jmpfuncs.1efa4b5b27cd954c,"",@progbits
  17 0000 789C 6363 		.string	"x\234cc``x\306\200"
  17      6060 78C6 
  17      8000 
  18 000a 9C0C 8C8C 		.string	"\234\f\214\214\214\365s\230A\024\210fd\002B \315\304\f\025g\201\212\263B\305\331\240\342\
  18      8CF5 7398 
  18      4114 8866 
  18      6402 4220 
  18      CDC4 0C15 
  19 007f 0841 3314 		.ascii	"\bA3\024"
  20               		.text
  21               		.section	.gnu.lto_.inline.1efa4b5b27cd954c,"",@progbits
  22 0000 789C 6363 		.string	"x\234cc``\340`d\200\003N W\201\221\201\211\353\313Mf\006\266\005\362L AF,bLX\304\230\031\
  22      6060 E060 
  22      6480 034E 
  22      2057 8191 
  22      8189 EBCB 
  23 007e 00        		.string	""
  24 007f 69D2 1DEE 		.ascii	"i\322\035\356"
  25               		.text
  26               		.section	.gnu.lto_.pureconst.1efa4b5b27cd954c,"",@progbits
  27 0000 789C 6363 		.string	"x\234cc``\020\006bN\006\003F\003&\003f\006\026\006V\0066\006v\006\016\006"
  27      6060 1006 
  27      624E 0603 
  27      4603 2603 
  27      6606 1606 
  28 001d 0C7D 00   		.string	"\f}"
  29 0020 D7        		.ascii	"\327"
  30               		.text
  31               		.section	.gnu.lto_bitpop.1efa4b5b27cd954c,"",@progbits
  32 0000 789C 5552 		.ascii	"x\234UR\315KTQ\024?\277{\336{\363\2347\271hS\204\320,\022\021"
  32      CD4B 5451 
  32      143F BF7B 
  32      DE7B F39C 
  32      37B9 6853 
  33 0019 2283 FE84 		.ascii	"\"\203\376\2046\375\027AC\013\251i\240\246\265\327\031u\032j"
  33      36FD 1741 
  33      430B A969 
  33      A0A6 B5D7 
  33      1975 1A6A 
  34 002d 21A6 634E 		.ascii	"!\246cN\005\221\210\233 ,\355s\321\323\2046\2410\021D\t\241Q"
  34      0591 889B 
  34      202C ED73 
  34      D1D3 8436 
  34      A130 1144 
  35 0044 0B09 172D 		.ascii	"\013\t\027-\246M\214\235s\357\320\307\205w\357\341\274\337\327"
  35      A64D 8C9D 
  35      73EF D0C7 
  35      8577 EFE1 
  35      BCDF D7
  36 0057 B9DC 8888 		.ascii	"\271\334\210\210\254!\312\313yF>D\0043\271A4\032\033\004\276"
  36      AC21 CACB 
  36      7946 3E44 
  36      0433 B941 
  36      341A 1B04 
  37 006c 605F ACC6 		.ascii	"`_\254\306\201\341\3455\301g\303\255\204l.\004\264oc\320\210"
  37      81E1 E535 
  37      C167 C3AD 
  37      846C 2E04 
  37      B46F 63D0 
  38 0081 E120 C488 		.ascii	"\341 \304\210\t\250\273n\3604\343\346\314\344\347\336\301Ek+"
  38      09A8 BB6E 
  38      F034 E3E6 
  38      CCE4 E7DE 
  38      C145 6B2B 
  39 0095 369D FD78 		.ascii	"6\235\375xl\325\216\037\276\303D\r&\234\352\303\311>\365{\214"
  39      6CD5 8E1F 
  39      BEC3 440D 
  39      269C EAC3 
  39      C93E F57B 
  40 00aa 4141 DEED 		.ascii	"AA\336\355\334\177\223\360\021\220\324\263\255\367\037x`\301"
  40      DC7F 93F0 
  40      1190 D4B3 
  40      ADF7 1F78 
  40      60C1 
  41 00bc B1D6 4FDB 		.ascii	"\261\326O\333\234P\260\f\376\313R\r\254`@\301\033\213\013\323"
  41      9C50 B00C 
  41      FECB 520D 
  41      AC60 40C1 
  41      1B8B 0BD3 
  42 00d0 593E EA88 		.ascii	"Y>\352\210\267\276\337~`\372\347\035\261\335\3421\233\216\346"
  42      B7BE DF7E 
  42      60FA E71D 
  42      B1DD E231 
  42      9B8E E6
  43 00e3 95FC E45F 		.ascii	"\225\374\344_\262.\301\356,uf\016D\001\236\242_\363\210\3403"
  43      B22E C1EE 
  43      2C75 660E 
  43      4401 9EA2 
  43      5FF3 88E0 
  44 00f8 1D5D 4E6D 		.ascii	"\035]Nm=l\205\251\355\354\327l\272\267\203\371\237=9\210)\214"
  44      3D6C 85A9 
  44      EDEC D76C 
  44      BAB7 83F9 
  44      9F3D 3988 
  45 010e 6C86 750B 		.ascii	"l\206u\013t\013]\b!\t!\003\255cWg]?q5\3215\021\337JlJu6RTS\372"
  45      740B 5D08 
  45      2109 2103 
  45      AD63 5767 
  45      5D3F 7135 
  46 012f 86CA BD57 		.ascii	"\206\312\275W\333PC\205H\230\306\370\332f\346:kV\302sh\310:3"
  46      DB50 4385 
  46      4898 C6F8 
  46      DA66 E63A 
  46      6B56 C273 
  47 0147 C95D 0B7C 		.ascii	"\311]\013|\027\325\306\304\\\242\360&\243\311\241\020\336U\327"
  47      17D5 C6C4 
  47      5CA2 F026 
  47      A3C9 A110 
  47      DE55 D7
  48 015a 3759 09C0 		.ascii	"7Y\t\300>\360B\030\273\250\374\250\301\203\214\340|c\256\307"
  48      3EF0 4218 
  48      BBA8 FCA8 
  48      C183 8CE0 
  48      7C63 AEC7 
  49 016e 7758 682A 		.ascii	"wXh*\364k\242\013\t\034\212\377\243e\245\255\341\362.\231\214"
  49      F46B A20B 
  49      091C 8AFF 
  49      A365 A5AD 
  49      E1F2 2E99 
  50 0183 202D EF5E 		.ascii	" -\357^\317xD\322\344H\334Wjo\227\262>.\360R\314\377\220d\034"
  50      CF78 44D2 
  50      E448 DC57 
  50      6A6F 97B2 
  50      3E2E F052 
  51 019c 41B9 F801 		.ascii	"A\271\370\001\311\333p\323\032\362\375\310\327N8\244\257\030"
  51      C9DB 70D3 
  51      1AF2 FDC8 
  51      D74E 38A4 
  51      AF18 
  52 01ae FBF4 FAB8 		.ascii	"\373\364\372\270\327\r\273CS\033a\2233\206\304\231\037\035l\213"
  52      D70D BB43 
  52      531B 6193 
  52      3386 C499 
  52      1F1D 6C8B 
  53 01c2 A2FC 3053 		.ascii	"\242\3740S\031\021\345\251^Q\r\375\025\356\311\025~\331\356\346"
  53      1911 E5A9 
  53      5E51 0DFD 
  53      15EE C915 
  53      7ED9 EEE6 
  54 01d6 8E1D 3116 		.ascii	"\216\0351\026\203@\257\033\002\221\007}\250\\\274p\266P\272|"
  54      8340 AF1B 
  54      0291 077D 
  54      A85C BC70 
  54      B650 BA7C 
  55 01ea 7EA8 502A 		.ascii	"~\250P*\026K\227\206\256\226\207/\236(Ppn\270|\005\205\337\345"
  55      164B 9786 
  55      AE96 872F 
  55      9E28 5070 
  55      6EB8 7C05 
  56 0201 22C5 CD   		.ascii	"\"\305\315"
  57               		.text
  58               		.section	.gnu.lto_bitpop16.1efa4b5b27cd954c,"",@progbits
  59 0000 789C 4D52 		.ascii	"x\234MRMk\023Q\024\275\347\335\231d\232\251U\334(\0220\013K)"
  59      4D6B 1351 
  59      14BD E7DD 
  59      9964 9AA9 
  59      55DC 2812 
  60 0018 8815 5CF8 		.ascii	"\210\025\\\370\027\334\373\003\004\203\213\2421\240q\335\327"
  60      17DC FB03 
  60      0483 8BA2 
  60      31A0 71DD 
  60      D7
  61 0029 6F83 2E4A 		.ascii	"o\203.J?\242\215)\210Z\262P(\325\306\217jeZ\261nJ\205\242 \030"
  61      3FA2 8D29 
  61      885A B250 
  61      28D5 C68F 
  61      6A65 5AB1 
  62 0043 102A BA10 		.ascii	"\020*\272\020\021Wu#I\357}O\305\201a\316\273\234{\316\271\367"
  62      1157 7523 
  62      49EF 7D4F 
  62      C581 61CE 
  62      BB9C 7BCE 
  63 0059 4D8A 880A 		.ascii	"M\212\210\n\206('\337S\362\"E0\023\233D\203\221A\340\001{\260"
  63      8628 27DF 
  63      53F2 2245 
  63      3013 9B44 
  63      8391 41E0 
  64 0070 1A05 8697 		.ascii	"\032\005\206\227\326\210l&l\306d;C@\3536\002\r\030\016B\f\230"
  64      D688 6C26 
  64      6CC6 643B 
  64      4340 EB36 
  64      020D 180E 
  65 0087 80FE 3CD7 		.ascii	"\200\376<\327y\232153\361\251\253\267n\355\220Mn\264\216\254"
  65      799A 3135 
  65      33F1 A9AB 
  65      B76E ED90 
  65      4D6E B48E 
  66 009c DAD1 8335 		.ascii	"\332\321\2035&\2520\341D\026\307\263\352\367\b\275\302|\335\376"
  66      26AA 30E1 
  66      4416 C7B3 
  66      EAF7 08BD 
  66      C27C DDFE 
  67 00b0 95EC BDC6 		.ascii	"\225\354\275\3065\006\214\034\267~n\314\305z4\330'\307\271\326"
  67      3506 8C1C 
  67      B77E 6ECC 
  67      C57A 34D8 
  67      27C7 B9D6 
  68 00c4 9D37 311F 		.ascii	"\23571\037\002\tn\254\257|F\317\274\323l\236\266\2355f<\006\253"
  68      0209 6EAC 
  68      AF7C 46CF 
  68      BCD3 6C9E 
  68      B69D 3566 
  69 00db 6603 592C 		.ascii	"f\003Y,!KR\"<A\217\3227\353\363\323\031>\354Zo~\277\365\300t"
  69      214B 5222 
  69      3C41 8FD2 
  69      37EB F3D3 
  69      193E EC5A 
  70 00f5 DF75 ADEB 		.ascii	"\337u\255\353\357x\304&\2039\311\203\247\276\375o$R\356\366b"
  70      EF78 C426 
  70      8339 C983 
  70      A7BE FD6F 
  70      2452 EEF6 
  71 010a 6B66 4F2A 		.ascii	"kfO*\3003tk^\t\272\254\253\221\257\226\026\266\302\304\266\332"
  71      C033 746B 
  71      5E09 BAAC 
  71      AB91 AF96 
  71      16B6 C2C4 
  72 0120 E336 694D 		.ascii	"\3436iM\341\336B\246\003b\032\030\347*J\302\b\2408t8\355\352"
  72      E1DE 42A6 
  72      0362 1A18 
  72      E72A 4AC2 
  72      08A0 3874 
  73 0137 91C3 4457 		.ascii	"\221\303DWE\255\031\333\204\312l\004\f'\364\025C\267\353\333"
  73      45AD 19DB 
  73      84CA 6C04 
  73      0C27 F415 
  73      43B7 EBDB 
  74 014b 5007 A588 		.ascii	"P\007\245\210{et\355mZ\347\027G<\207\246*\313P\262|\241\177\303"
  74      7B65 74ED 
  74      6D5A E717 
  74      473C 87A6 
  74      2ACB 50B2 
  75 0163 7065 6C36 		.ascii	"pel6Vz\225Qe]\330\362\207\367'\225\317h\267\031/\244CX\277\307"
  75      567A 9551 
  75      655D D8F2 
  75      87F7 2795 
  75      CF68 B719 
  76 017d 663B 3C2B 		.ascii	"f;<+\355\211\352\224s6\222G\252^\252\234\366\244\250\312zi\215"
  76      ED89 EA94 
  76      7336 9247 
  76      AA5E AA9C 
  76      F6A4 A8CA 
  77 0194 F18D C58C 		.ascii	"\361\215\305\214\367\006VD\351_\223d\023\226\313\022\220\334"
  77      F706 5644 
  77      E95F 9364 
  77      1396 CB12 
  77      90DC 
  78 01a6 BC8B 6EC8 		.ascii	"\274\213n\310\327\331c'l\350\013F>\276:\352u\315\377\003\261"
  78      D7D9 6327 
  78      6CE8 0B46 
  78      3EBE 3AEA 
  78      75CD FF03 
  79 01bb 0CF4 D20D 		.ascii	"\f\364\322\rD;0U]\232\004\341\207\373w\300:\251\231\224\254\021"
  79      443B 3055 
  79      5D9A 04E1 
  79      87FB 77C0 
  79      3AA9 9994 
  80 01d1 4F76 8949 		.ascii	"Ov\211I\350\327\363C\326s\337\257\247*5m\f\305/\320UB(\362\367"
  80      E8D7 F343 
  80      D673 DFAF 
  80      A72A 356D 
  80      0CC5 2FD0 
  81 01ea 1E28 15CE 		.ascii	"\036(\025\316\237\311\027/\235\353\313\027\013\205\342\305\276"
  81      9FC9 172F 
  81      9DEB CB17 
  81      0B85 E2C5 
  81      BE
  82 01fb 2BA5 FE0B 		.ascii	"+\245\376\013\307\362\024\234\355/]F~\027\263\273\304\376"
  82      C7F2 149C 
  82      ED2F 5D46 
  82      7E17 B3BB 
  82      C4FE 
  83               		.text
  84               		.section	.gnu.lto_bitpop32.1efa4b5b27cd954c,"",@progbits
  85 0000 789C 4D52 		.string	"x\234MR\315k\023A\024\177\277y\263\331mR#xQ$`.\241\024\304\n\376\023\376\027\202\301C\321
  85      CD6B 1341 
  85      147F BF79 
  85      B3D9 6D52 
  85      2378 5124 
  86 007a D8BE 8940 		.string	"\330\276\211@\243\212u\200Q\245\351\317s\221\353\214Ks3\237\262\203\213\306\214\233\344r\
  86      A38A 7580 
  86      51A5 E9CF 
  86      7391 EB8C 
  86      4B73 339F 
  87 00d6 5BCD 55E4 		.ascii	"[\315U\344\260\202\034I\213\360\020\003\026\276\261\270PO\363"
  87      B082 1C49 
  87      8BF0 1003 
  87      16BE B1B8 
  87      504F F3
  88 00e9 0147 BDF2 		.ascii	"\001G\275\362\343\352mU\270\351\250\335\367\\5\311X^\362\340"
  88      E3EA 6D55 
  88      B8E9 A8DD 
  88      F75C 35C9 
  88      585E F2E0 
  89 00fd 91A7 FF8D 		.ascii	"\221\247\377\215D\026\273\271\334\233\333\225\322x\214\202\315"
  89      4416 BBB9 
  89      DC9B DB95 
  89      D278 8C82 
  89      CD
  90 010e 2B41 9FD8 		.ascii	"+A\237\330\325\310\327\266\356\276\013\022\323\333\2316\311v"
  90      D5C8 D7B6 
  90      EEBE 0B12 
  90      D3DB 9936 
  90      C976 
  91 0120 1DB7 BEA6 		.ascii	"\035\267\276\246\373 \246Z9WQ\022\204\206\255\003W\207\256\037"
  91      FB20 A65A 
  91      3957 5112 
  91      8486 AD03 
  91      5787 AE1F 
  92 0134 B99A E8BC 		.ascii	"\271\232\350\274\250u2&\241\032+)&\022\372\202\361\353/6a\035"
  92      A875 3226 
  92      A11A 2B29 
  92      2612 FA82 
  92      F1EB 2F36 
  93 014a 2C44 DC1B 		.ascii	",D\334\033\223\3557\241\235_\034\361\0246UM\206\222\345\013\374"
  93      93ED 37A1 
  93      9D5F 1CF1 
  93      1436 554D 
  93      8692 E50B 
  94 015f 1B26 1A53 		.ascii	"\033&\032S\363\031\013\217\0311+!|o-}\b,\201\261#\317n\264\204"
  94      F319 0B8F 
  94      1931 2B21 
  94      7C6F 2D7D 
  94      082C 81B1 
  95 0178 24C0 5F53 		.ascii	"$\300_S\363}\036\030z\2545\313;'\211$]\257V\013=(\212\331\336"
  95      F37D 1E18 
  95      7AAC 35CB 
  95      3B27 8924 
  95      5DAF 560B 
  96 0191 DBEA F4FA 		.ascii	"\333\352\364\372r\332\333\003\317D\351\037I\342\t\312\305\321"
  96      72DA DB03 
  96      CF44 E91F 
  96      49E2 09CA 
  96      C5D1 
  97 01a3 2497 EFD2 		.ascii	"$\227\357\322+\362}\366\265\023V\364\031\325\217/\017z]\365\377"
  97      2BF2 7DF6 
  97      B513 56F4 
  97      19D5 8F2F 
  97      0F7A 5DF5 
  98 01b8 4C2C 333D 		.ascii	"L,3=w3Q\027*\266{\223 |oO\027l\207U\263\2225\342\331\254\230"
  98      7733 5117 
  98      2AB6 7B93 
  98      207C 6F4F 
  98      176C 8755 
  99 01d3 047E 43DB 		.ascii	"\004~C\333\262\241-\277\241Xz\226\030\210\237\266\333\204@\344"
  99      B2A1 2DBF 
  99      A158 7A96 
  99      1888 9FB6 
  99      DB84 40E4 
 100 01e7 07DE 5B29 		.ascii	"\007\336[)\235<V,\237=1T,\227J\345\323C\347*\303\247\016\025"
 100      9D3C 562C 
 100      9F3D 3154 
 100      2C97 4AE5 
 100      D343 E72A 
 101 01ff 491F 1FAE 		.ascii	"I\037\037\256\214\240\370\033\034\004\307)"
 101      8CA0 F81B 
 101      1C04 C729 
 102               		.text
 103               		.section	.gnu.lto_biton.1efa4b5b27cd954c,"",@progbits
 104 0000 789C 6592 		.string	"x\234e\222\355K\024Q\024\306\317\271\347\316\313\356\270\353\307\"\204\026B\026\r2\350?\3
 104      ED4B 1451 
 104      14C6 CFB9 
 104      E7CE CBEE 
 104      B8EB C722 
 105 005d 127C 3FC9 		.string	"\022|?\311\027F"
 105      1746 00
 106 0064 45DF 0B80 		.string	"E\337\013\200\026[\b\352N\202\033\225\252V\021\312@\226\302\320\262\251e\003\315@6\2055T\
 106      165B 08EA 
 106      4E82 1B95 
 106      AA56 11CA 
 106      4096 C2D0 
 107 0087 CB16 DA81 		.ascii	"\313\026\332\201l#\252\203k#4\013\222\206i\331\330\214\275\324"
 107      6C23 AA83 
 107      6B23 340B 
 107      9286 69D9 
 107      D88C BDD4 
 108 009b 4F78 71A0 		.ascii	"Oxq\240\357}\274n\314u[]\1770_\273\340v\354\035\346$9\002<R\203"
 108      EF7D BC6E 
 108      CC75 5B5D 
 108      7F30 5FBB 
 108      E076 EC1D 
 109 00b6 876B 549A 		.ascii	"\207kT\232i\254\343\316\221\342\325g\016\355C\340\363\340b\341"
 109      69AC E3CE 
 109      91E2 D567 
 109      0EED 43E0 
 109      F3E0 62E1 
 110 00ca 0D25 AFE9 		.ascii	"\r%\257\351\251\277G\335*\036\301\333H\245)\265\003g0\251\232"
 110      A9BF 47DD 
 110      2A1E C1DB 
 110      48A5 29B5 
 110      0367 30A9 
 111 00df B7DC FE5C 		.ascii	"\267\334\376\\\234\366\353\301\211\361\217\027\342\265\243zp"
 111      9CF6 EBC1 
 111      89F1 8F17 
 111      E2B5 A37A 
 111      70
 112 00f0 B340 EDAE 		.ascii	"\263@\355\256\337\222P\303w\312\207\325\217"
 112      DF92 50C3 
 112      77CA 87D5 
 112      8F
 113 00fd 7B3F 4D15 		.string	"{?M\025\007b\246\304\273X\253\362\360\302{h\002\362]I\223\213\206\357\026\267\273\\\177\2
 113      0762 A6C4 
 113      BB58 ABF2 
 113      F0C2 7B68 
 113      02F2 5D49 
 114 01fe 42E0 03F6 		.string	"B\340\003\366\341\301\304\016$wi(\263\002\312*\2032\302\377`\007\212X\302\203\273 \250\00
 114      E1C1 C40E 
 114      2477 6928 
 114      B302 CA2A 
 114      8332 C2FF 
 115 0237 0500      		.string	"\005"
 116 0239 23EB A18D 		.string	"#\353\241\215\303)\030`\246\353\371T\b\200\370\260\002\300\321"
 116      C329 1860 
 116      A6EB F954 
 116      0880 F8B0 
 116      02C0 D100 
 117 024d 7605 800D 		.string	"v\005\200\rkl\260\276\022\306\263u2\233W\232\034\305\261\362\357b\374A\242\032\023"
 117      6B6C B0BE 
 117      12C6 B375 
 117      329B 579A 
 117      1CC5 B1F2 
 118 0269 7BB2 E953 		.ascii	"{\262\351S\307R\2313'\032R\231t:\323\324p.\333x\372P\n\344\361"
 118      C752 9933 
 118      271A 5299 
 118      743A D3D4 
 118      702E DB78 
 119 0282 C6EC 596C 		.ascii	"\306\354Yl\372\007:m%f"
 119      FA07 3A6D 
 119      2566 
 120               		.text
 121               		.section	.gnu.lto_biton16.1efa4b5b27cd954c,"",@progbits
 122 0000 789C 6593 		.string	"x\234e\223kK\024Q\030\307\317s\316\231\373\356l\275*j)!d\321 \203>J\037 Hz!y\2012\350\235
 122      6B4B 1451 
 122      18C7 CF73 
 122      CE99 FBEE 
 122      6CBD 2A6A 
 123 0099 62E1 E840 		.string	"b\341\350@Z(\343\212\252\351\206\t-\220`}\f.\367\367.\332U\303\216\323\346\270W\376TN;\23
 123      5A28 E38A 
 123      AAE9 8609 
 123      2D90 607D 
 123      0C2E F7F7 
 124 00d5 C5ED FCFA 		.string	"\305\355\374\372\334\240%\266\024v\341v\260p\375\245\305\366\001\301\365\330\213\251\025\
 124      DCA0 25B6 
 124      1476 E176 
 124      B070 FDA5 
 124      C5F6 01C1 
 125 0101 A204 2502 		.ascii	"\242\004%\002\343\020\023\351\177\235\276\224\315\016\312\322"
 125      E310 13E9 
 125      7F9D BE94 
 125      CD0E CAD2 
 126 0111 5B23 9F92 		.ascii	"[#\237\222v\345\220,-,\260\016\307m\255@?\360\310+/Z\"\"w9[\350"
 126      76E5 902C 
 126      2D2C B00E 
 126      C76D AD40 
 126      3FF0 C82B 
 127 012d 0FAB 1C1E 		.ascii	"\017\253\034\036C\245\360\213Fs\240\022\300\247\220\356\316+"
 127      43A5 F08B 
 127      4673 A012 
 127      C0A7 90EE 
 127      CE2B 
 128 013f AE53 D8EE 		.ascii	"\256S\330\356v\334\215n\2701\234\204\335\200S9\025\201\211\300"
 128      76DC 8D6E 
 128      B831 9C84 
 128      DD80 5339 
 128      1581 89C0 
 129 0153 4550 A40B 		.ascii	"EP\244\013UFMF\235\210jCFSFK\306\020\210\177\303rm\313\030\221"
 129      5546 4D46 
 129      9D88 6A43 
 129      4653 464B 
 129      C610 887F 
 130 016d 9190 38CE 		.ascii	"\221\2208\316\306\003v\\\322\303\250X\265\273d\025\332\256m\177"
 130      C603 765C 
 130      D2C3 A858 
 130      B5BB 6415 
 130      DAAE 6D7F 
 131 0181 05E1 4824 		.ascii	"\005\341H$\241\333T\347\314[M\234\027:\204\t<\202/\320\376\263"
 131      A1DB 54E7 
 131      CC5B 4D9C 
 131      173A 8409 
 131      3C82 2FD0 
 132 0197 2B99 3D2F 		.ascii	"+\231=/r\322\f\322,\204Y\351\211_\257\024\221\245\200\016\223"
 132      72D2 0CD2 
 132      2C84 59E9 
 132      895F AF14 
 132      91A5 800E 
 133 01ac 98F5 193A 		.ascii	"\230\365\031:>\316>\003?)\330\207a\237)\360N\243\007\2173"
 133      3ECE 3E03 
 133      3F29 D887 
 133      619F 29F0 
 133      4EA3 078F 
 134 01c1 1EF3 E70E 		.string	"\036\363\347\016'\016\310\271h\027K\244t;\261?`\345\302\326\302%\335\263\242\303\023\331\
 134      270E C8B9 
 134      6817 4BA4 
 134      743B B13F 
 134      60E5 C2D6 
 135 02c2 66CB 1022 		.ascii	"f\313\020\"\022\301,C\260\310w\0340\224\214z\315,\351\315\302"
 135      12C1 2C43 
 135      B0C8 771C 
 135      3094 8C7A 
 135      CD2C E9CD 
 136 02d7 963A 7A89 		.ascii	"\226:z\211\030\3715\364\022\307\267\031\353(!{\232\033N\237\250"
 136      18F9 35F4 
 136      12C7 B719 
 136      EB28 217B 
 136      9A1B 4E9F 
 137 02ec 6D3A 73AA 		.ascii	"m:s\252\246\266\251\241\241\251\261\346\\s]\375\221Z\302O\326"
 137      A6B6 A9A1 
 137      A1A9 B1E6 
 137      5C73 5DFD 
 137      915A C24F 
 138 0301 359F 85C6 		.ascii	"5\237\205\306\177P\362{\265"
 138      7F50 F27B 
 138      B5
 139               		.text
 140               		.section	.gnu.lto_biton32.1efa4b5b27cd954c,"",@progbits
 141 0000 789C 6593 		.string	"x\234e\223\373KTA\024\307\347\314\314}\337]w\225\bl+!B,\250\240?(H\372!\362\001e\320o\335
 141      FB4B 5441 
 141      14C7 E7CC 
 141      CC7D DF5D 
 141      7795 086C 
 142 0072 A965 C90D 		.string	"\251e\311\r\222M\222\r0\265lr\213d\233d\013l-\333\334!\331%\331\001W\313.\367:\226\240\35
 142      924D 920D 
 142      30B5 6C72 
 142      8B64 9B64 
 142      0B6C 2DDB 
 143 009d B508 6C60 		.ascii	"\265\bl`\233\271\220\206i\331\216\353\371\260\031\366\212V\001"
 143      9BB9 9086 
 143      69D9 8EEB 
 143      F9B0 19F6 
 143      8A56 01
 144 00b0 FBDA 5A5E 		.ascii	"\373\332Z^\305\253\216\007\301\326 \273\377\211y \375 \020\235"
 144      C5AB 8E07 
 144      C1D6 20BB 
 144      FF89 7920 
 144      FD20 109D 
 145 00c4 82B1 76C1 		.ascii	"\202\261v\301`e\nV\244\024@\017Ta\352\303\355g;\305\036\374\027"
 145      6065 0A56 
 145      A414 400F 
 145      5461 EAC3 
 145      ED67 3BC5 
 146 00db 40E2 F6CB 		.ascii	"@\342\366\313\335\314\273\270\332r\250\300m\327\314\341\233\236"
 146      DDCC BBB8 
 146      DA72 A8C0 
 146      6DD7 CCE1 
 146      9B9E 
 147 00ed 2807 86EB 		.ascii	"(\007\206\353\323#\203\303V\345Q*\372xC\340w\n\001\027@\250\232"
 147      D323 83C3 
 147      56E5 512A 
 147      FA78 43E0 
 147      770A 0117 
 148 0104 BD90 82F3 		.ascii	"\275\220\202\363\220b(1\350\203J\225\376'hm\217\213\205t\364"
 148      9062 2831 
 148      E883 4A95 
 148      FE27 686D 
 148      8F8B 8574 
 149 0119 E489 374D 		.ascii	"\344\2117M\361\305G\350\350X\246|(\b:\002\211\206\340\242>\237"
 149      F1C5 47E8 
 149      E858 A67C 
 149      2808 3A02 
 149      8986 E0A2 
 150 012f F7C4 54F2 		.ascii	"\367\304T\362\333\356\231\266\230)\241\037\026+\303\350\364\022"
 150      DBEE 99B6 
 150      9829 A11F 
 150      162B C3E8 
 150      F412 
 151 0141 980C F0AB 		.ascii	"\230\f\360\253\2443\217\214l0\363wW\220}Y~\353\374\347\344\034"
 151      A433 8F8C 
 151      6C30 F377 
 151      5790 7D59 
 151      7EEB FCE7 
 152 0157 C0AE 92AB 		.ascii	"\300\256\222\253 T\220*\030*\230d\305\242hSt(\272L\325\361(\372"
 152      2054 902A 
 152      182A 9864 
 152      C5A2 6853 
 152      7428 BA4C 
 153 016f 1463 14E3 		.ascii	"\024c\024\343\024K@\345$h\235\244XJ\261\214\"cit\204\243\017"
 153      144B 40E5 
 153      2468 9DA4 
 153      584A B18C 
 153      2263 6974 
 154 0186 B2AC 5170 		.ascii	"\262\254Qp\265\332\226ec\260\365PO\323|\345S%!C\373\216\341\373"
 154      B5DA 9665 
 154      63B0 F550 
 154      4FD3 7CE5 
 154      5325 2143 
 155 019e 961A 23FA 		.ascii	"\226\032#\372\206\001\234\314'\3306\275\363E\357&\225\223\021"
 155      8601 9CCC 
 155      27D8 36BD 
 155      F345 EF26 
 155      9593 11
 156 01b1 9011 2598 		.ascii	"\220\021%\230\365hj\244\313SY\006$`\020\263\336\303\366\347\327"
 156      F568 6AA4 
 156      CB53 5906 
 156      2460 10B3 
 156      DEC3 F6E7 
 157 01c6 AE43 9814 		.ascii	"\256C\230\024\255#\260\316e\3203j\304)\247+\303\276\003M\013"
 157      AD23 B0CE 
 157      65D0 336A 
 157      C429 A72B 
 157      C3BE 034D 
 158 01db A82F 9AC6 		.ascii	"\250/\232\306#$]m\232\027\2612\360\365\367\035\256\255$\340\n"
 158      2324 5D6D 
 158      9A17 B132 
 158      F0F5 F71D 
 158      AEAD 24E0 
 159 01f0 9568 14F2 		.ascii	"\225h\024\362\277sN\\\031\341\3525\2251\265\335\256\276\320."
 159      BF73 4E5C 
 159      19E1 EA35 
 159      9531 B5DD 
 159      AEBE D02E 
 160 0204 4709 2B65 		.ascii	"G\t+e\006\276\3356\264]\033\256\316\266\313\363\376\276\253]"
 160      06BE DD36 
 160      B45D 1BAE 
 160      CEB6 CBF3 
 160      FEBE AB5D 
 161 0218 0967 6847 		.ascii	"\tghG\214\216O\301wp\325"
 161      8C8E 4FC1 
 161      7770 D5
 162 0223 0878 66FC 		.string	"\bxf\374#(\003\"7\376\f\320\203Q\200\030\217Bp\325\275}\347\345\276\032]8\201\346\260\373
 162      2328 0322 
 162      37FE 0CD0 
 162      8351 8018 
 162      8F42 70D5 
 163 0324 B851 8450 		.ascii	"\270Q\204PF\b~\021B\234M`\203\017\315)],N\336\342X\322E/e^\356"
 163      4608 7E11 
 163      429C 4D60 
 163      830F CD29 
 163      5D2C 4EDE 
 164 0340 2B7A 49E3 		.ascii	"+zI\343\013\305s\234\261\271\r\265\353VU\327\257_\263\274\272"
 164      0BC5 739C 
 164      B1B9 0DB5 
 164      EB56 55D7 
 164      AF5F B3BC 
 165 0355 BEB6 B6BE 		.ascii	"\276\266\266\276n\371\306\206\2655\313\252\231\\\275\266a\003"
 165      6EF9 C686 
 165      B535 CBAA 
 165      995C BDB6 
 165      6103 
 166 0367 D4FD 03EC 		.ascii	"\324\375\003\354$\304\204"
 166      24C4 84
 167               		.text
 168               		.section	.gnu.lto_bitrev.1efa4b5b27cd954c,"",@progbits
 169 0000 789C 6D53 		.string	"x\234mSMk\023Q\024}\367\275\311L\322d\222~\245i\342 \356J\021\254\320\237\340\302\215\377
 169      4D6B 1351 
 169      147D F7BD 
 169      C94C D264 
 169      927E A569 
 170 00df 6900      		.string	"i"
 171 00e1 5484 2793 		.ascii	"T\204'\223\301\342\037\242\f1>\2661\304\371\230\340\311fH2\244"
 171      C1E2 1FA2 
 171      0C31 3EB6 
 171      31C4 F998 
 171      E0C9 6648 
 172 00f7 986B 67E8 		.ascii	"\230kg\350\340c'C\027\037\273yJ3\3640d\210\333\365\372\035\263"
 172      E063 2743 
 172      171F BB79 
 172      4A33 F430 
 172      6488 DBF5 
 173 010e 3EE6 745F 		.ascii	">\346t_1\212\226xN\256'N)\311\323\260'\276Pem\344m\3753q\373"
 173      318A 9678 
 173      4EAE 274E 
 173      29C9 D3B0 
 173      27BE 5065 
 174 0129 9AA2 9ACA 		.ascii	"\232\242\232\312\200\033\376Vm\022\022\034\026}q\362\326\244"
 174      801B FE56 
 174      6D12 121C 
 174      167D 71F2 
 174      D6A4 
 175 013b 3A8D E7   		.ascii	":\215\347"
 176 013e 4764 D05D 		.string	"Gd\320]r\264o\303\322\"\005\035\273\326\252\033q\315\030\310i\351\232Y\021\360,[\257n\031
 176      72B4 6FC3 
 176      D222 051D 
 176      BBD6 AA1B 
 176      71CD 18C8 
 177 023f 1D56      		.ascii	"\035V"
 178               		.text
 179               		.section	.gnu.lto_bitrev16.1efa4b5b27cd954c,"",@progbits
 180 0000 789C 6D52 		.string	"x\234mR\317KTa\024\275\347}\357\275y\343\214\324.\320A\332\211-\222\376\212\376"
 180      CF4B 5461 
 180      14BD E77D 
 180      EFBD 79E3 
 180      8CD4 2ED0 
 181 001d FF80 A0C1 		.ascii	"\377\200\240\301\205\3448\241\323z>gb\314\nj\221F\217\031\020"
 181      85E4 38A1 
 181      D37A 3E67 
 181      62CC 0A6A 
 181      9146 8F19 
 182 0032 3142 1024 		.ascii	"1B\020$\314\037\223\boc\201\250\210\224\033qc\321\"$D\002k\321"
 182      CC1F 9308 
 182      6F63 81A8 
 182      8894 1B71 
 182      63D1 2224 
 183 004a D8B9 EFCD 		.ascii	"\330\271\357\315B\242\305\273\357\336\363\235{\356\371.\237/"
 183      42A2 C5BB 
 183      EFDE F39D 
 183      7BEE F92E 
 183      9F2F 
 184 005c 2237 1C91 		.ascii	"\"7\034\221\036\376\273\371\301\b\234\347\273\"\343\201\003h"
 184      1EFE BBF9 
 184      C108 9CE7 
 184      BB22 E381 
 184      0368 
 185 006e 6203 48D9 		.ascii	"b\003H\331A\031O\315\013\203\315\213\363\350\312\023SW\032\313"
 185      4119 4FCD 
 185      0B83 CD8B 
 185      F3E8 CA13 
 185      5357 1ACB 
 186 0082 FDD3 ED46 		.ascii	"\375\323\355FFK\340*\313\205\363\245\317n\337\033k+6zy\220\n"
 186      464B E02A 
 186      CB85 F3A5 
 186      CF6E DF1B 
 186      6B2B 367A 
 187 0099 1FEF 599E 		.ascii	"\037\357Y\23692M\372;\344\260\204\234\316XF\037\311\215\326\354"
 187      3932 4DFA 
 187      3BE4 B084 
 187      9CCE 5846 
 187      1FC9 8DD6 
 188 00ae C78C E982 		.ascii	"\307\214\351\2020_\376\260\361\005\275\257\343\306\257\0036\313"
 188      305F FEB0 
 188      F105 BDAF 
 188      E3C6 AF03 
 188      36CB 
 189 00c0 26AC C05C 		.ascii	"&\254\300\\\356S\035\254\242W\351\307o[S\235\276\253\272\224"
 189      EE53 1DAC 
 189      A257 E9C7 
 189      6F5B 539D 
 189      BEAB BA94 
 190 00d4 5B83 2F60 		.ascii	"[\203/`\262\270\357E\266u1a\243Os8\272\335\t\366\260\211\301"
 190      B2B8 EF45 
 190      B675 3161 
 190      A34F 7338 
 190      BADD 09F6 
 191 00eb 30B8 AE06 		.ascii	"0\270\256\006\217\301\363\025Ki\b\024Kk\350\200\212g\223\021"
 191      8FC1 F315 
 191      4B69 0814 
 191      4B6B E880 
 191      8A67 9311 
 192 00ff F288 C2BC 		.ascii	"\362\210\302\274\274\215d\222\n\314\252\221|G\345lbg\343\276"
 192      BC8D 6492 
 192      0ACC AA91 
 192      7C47 E56C 
 192      6267 E3BE 
 193 0113 CE0B 0D42 		.ascii	"\316\013\rB\323!'xx=)u\031\315\346\311a\252\374\307\006u\343"
 193      D321 2778 
 193      783D 2975 
 193      19CD E6C9 
 193      61AA FCC7 
 194 012a 4F1B 3A42 		.ascii	"O\033:B\023e!\265\316aq7\022\262!\237@\365\2646\237N\020\227"
 194      1365 21B5 
 194      CE61 7137 
 194      12B2 219F 
 194      40F5 B436 
 195 0142 2015 C2F5 		.ascii	" \025\302\365\237[\236\256\323E\200\367\2744Ig\265\311[\t\311"
 195      9F5B 9EAE 
 195      D345 80F7 
 195      BC34 4967 
 195      B5C9 5B09 
 196 0157 E3C8 364A 		.ascii	"\343\3106J\255W\231\004\325\203KFR\3775\262\036\033\361\3775"
 196      AD57 9904 
 196      D583 4B46 
 196      52FF 35B2 
 196      1E1B F1FF 
 197 016c 1284 3150 		.ascii	"\022\2041P\375U\373\3356\222\216\275\004\tk\336$`\226\270|C%"
 197      FD55 FBDD 
 197      3692 8EBD 
 197      0409 6BDE 
 197      2460 96B8 
 198 0183 1EA1 0B22 		.ascii	"\036\241\013\"$?P\231Y}\226k3\270~.\r\272*\276\246k\245\302\275"
 198      243F 5099 
 198      597D 966B 
 198      33B8 7E2E 
 198      0DBA 2ABE 
 199 019c 3BF9 E2E8 		.ascii	";\371\342\350`\177\276X(\024G\372\037\224\206\206o\346\305\275"
 199      607F BE58 
 199      2814 47FA 
 199      1F94 8686 
 199      6FE6 C5BD 
 200 01b0 3B54 1AFB 		.ascii	";T\032\373\013\202\214\257\376"
 200      0B82 8CAF 
 200      FE
 201               		.text
 202               		.section	.gnu.lto_bitrev32.1efa4b5b27cd954c,"",@progbits
 203 0000 789C 6D52 		.string	"x\234mRMK\033Q\024\275g\336df$~mJ\301\006q'nt\325\337\320\237!\030\\H\215\001M\327y\215\0
 203      4D4B 1B51 
 203      14BD 67DE 
 203      6466 247E 
 203      6D4A C106 
 204 006a 4D6C 00   		.string	"Ml"
 205 006d C93A C8E2 		.ascii	"\311:\310\342\205ym\360s\342}\321\314\230\"a.\313_\337\n'\255"
 205      8579 6DF0 
 205      73E2 7DD1 
 205      CC98 2261 
 205      2ECB 5FDF 
 206 0084 5A02 5D2C 		.ascii	"Z\002],K_\226\246\335\236\025ks6\\\250\372\205\331\037\226g\216"
 206      4B5F 96A6 
 206      DD9E 156B 
 206      7336 5CA8 
 206      FA85 D91F 
 207 009b CC13 BE8E 		.ascii	"\314\023\276\216\004\326\220\320\031\033\350Qp\355\315^\334t"
 207      04D6 90D0 
 207      191B E851 
 207      70ED CD5E 
 207      DC74 
 208 00ad 4098 AFEE 		.ascii	"@\230\257\356\357~\366\273\227\353\304\3231\333L\0226a\356\362"
 208      EF7E F6BB 
 208      97EB C4D3 
 208      31DB 4C12 
 208      3661 EEF2 
 209 00c1 5407 5BE8 		.ascii	"T\007[\350V\370\361\207\332\\\213\347\252.\345\266\341\t\230"
 209      56F8 F187 
 209      DA5C 8BE7 
 209      AA2E E5B6 
 209      E109 98
 210 00d4 BC3B 8885 		.ascii	"\274;\210\205\266\366o\322\206\207o\361\373I3\310!\211\3010\270"
 210      B6F6 6FD2 
 210      8687 6FF1 
 210      FB49 33C8 
 210      2189 C130 
 211 00e9 AE86 9806 		.ascii	"\256\206\230\006O{\276\206@\313&\250n<R\227)j\362\3366\224i\222"
 211      4F7B BE86 
 211      40CB 26A8 
 211      6E3C 5297 
 211      296A F2DE 
 212 0101 998D 8772 		.ascii	"\231\215\207r\216\334\365d\351\3236tV\301\240`\232\344\022\023"
 212      8EDC F564 
 212      E9D3 3674 
 212      56C1 A060 
 212      9AE4 1213 
 213 0115 5D51 E9D0 		.ascii	"]Q\351\320Q\245ry\344g\377\332\240hb\363\206nPAV\b-\032/\242"
 213      51A5 7279 
 213      E467 FFDA 
 213      A068 62F3 
 213      866E 5041 
 214 012f 7F35 11DA 		.ascii	"\1775\021\332\220\300\316x5_n\211:.\233\2248\250\356\227\342"
 214      90C0 CE78 
 214      355F 6E89 
 214      3A2E 9B94 
 214      38A8 EE97 
 215 0144 BA4B 1FED 		.ascii	"\272K\037\355\370\310\033\023t\235\277y\034\201b\234\331\350"
 215      F8C8 1B13 
 215      749D BF79 
 215      1C81 629C 
 215      D9E8 
 216 0156 52AC DC16 		.ascii	"R\254\334\026u\365\340\216\023\377^';u'\336\255\223\306-\002"
 216      75F5 E08E 
 216      13FF 5E27 
 216      3B75 27DE 
 216      AD93 C62D 
 217 016b E275 C69F 		.ascii	"\342u\306\237|\271a-^\367\022\310\031ruA]\b\273r\205\334\342"
 217      7CB9 612D 
 217      5EF7 12C8 
 217      1972 7541 
 217      5D08 BB72 
 218 0182 C5CB 4403 		.ascii	"\305\313D\003\304MsI\320\325\360\341<\314\244\236\366'\323\243"
 218      C44D 7349 
 218      D0D5 F0E1 
 218      3CCC A49E 
 218      F627 D3A3 
 219 0196 837D C974 		.ascii	"\203}\311t*\225\036\351{\226\031\032\356M\212;0\224\031\373\017"
 219      2A95 1EE9 
 219      7B96 191A 
 219      EE4D 8A3B 
 219      3094 19FB 
 220 01ab 29C2 A9E6 		.ascii	")\302\251\346"
 221               		.text
 222               		.section	.gnu.lto_.symbol_nodes.1efa4b5b27cd954c,"",@progbits
 223 0000 789C 55C8 		.string	"x\234U\310\311\r\2000\020CQg\233I[TfJ\240\036\270\245"
 223      C90D 8030 
 223      1043 5167 
 223      9B49 5B54 
 223      664A A01E 
 224 0017 6A00      		.string	"j"
 225 0019 0A41 4CC4 		.string	"\nAL\304\311\007\353\313\317"
 225      C907 EBCB 
 225      CF00 
 226 0023 1C31 6410 		.ascii	"\0341d\020\330N\314\354\353\022\220\230\0242\263BaQ\250\254\n"
 226      D84E CCEC 
 226      EB12 9098 
 226      1432 B342 
 226      6151 A8AC 
 227 0038 8D4D C168 		.ascii	"\215M\301h\nNW\350\354\002\305\r\343z\323\354sG\273\377?:?>1"
 227      0A4E 57E8 
 227      EC02 C50D 
 227      E37A D3EC 
 227      7347 BBFF 
 228 0051 932E B5   		.ascii	"\223.\265"
 229               		.text
 230               		.section	.gnu.lto_.refs.1efa4b5b27cd954c,"",@progbits
 231 0000 789C 6363 		.string	"x\234cc```\004b\006"
 231      6060 6004 
 231      6206 00
 232 000b 00        		.string	""
 233 000c 4400      		.string	"D"
 234 000e 08        		.ascii	"\b"
 235               		.text
 236               		.section	.gnu.lto_.decls.1efa4b5b27cd954c,"",@progbits
 237 0000 789C 7595 		.string	"x\234u\225YL\224W\024\307\2773w\200a"
 237      594C 9457 
 237      14C7 BF33 
 237      7780 6100 
 238 0010 2586 B4A4 		.ascii	"%\206\264\244\231\246\204\027x)#`\240<i\342C\337\372\322\232"
 238      99A6 8417 
 238      7829 2360 
 238      A03C 69E2 
 238      43DF FAD2 
 239 0025 86BE 5018 		.ascii	"\206\276P\030IKd18\370\332KSB\2534\301b[\244\024\264\326\205"
 239      494B 6431 
 239      38F8 DA4B 
 239      5342 AB34 
 239      C162 5BA4 
 240 003d 502A C4A2 		.ascii	"P*\304\242E)\233 ;\262o\003\016 [\221\310hR\253\320tz\356\362"
 240      4529 9B20 
 240      3BB2 6F03 
 240      0E20 5B91 
 240      C868 52AB 
 241 0056 CD77 A5C3 		.ascii	"\315w\245\303\r\347\273\3339\377\363\273\013w\0025M\373!H\323"
 241      0DE7 BBDB 
 241      39FF F3BB 
 241      0B77 0235 
 241      4DFB 2148 
 242 006b C6B0 FED8 		.ascii	"\306\260\376\330\244i^,Vl\267\243\021\264&\264V\264nM\224`\264"
 242      A469 5E2C 
 242      566C B7A3 
 242      11B4 26B4 
 242      56B4 6E4D 
 243 0082 01B4 61B4 		.ascii	"\001\264a\264q\264I\264i\264Y\2649\264\005\264e\355\377\345\002"
 243      71B4 49B4 
 243      69B4 59B4 
 243      39B4 05B4 
 243      65ED FFE5 
 244 0097 187A 2B68 		.ascii	"\030z+h\353r\034\244\336\356r\t'\002\244\377\001\264\b\311\221"
 244      EB72 1CA4 
 244      DEEE 7209 
 244      2702 A4FF 
 244      01B4 08C9 
 245 00ac AAC4 0DFB 		.ascii	"\252\304\r\373\211\253\361\023\307\330c\224\270q?qu\n\237\r"
 245      89AB F113 
 245      C7D8 6394 
 245      B871 3F71 
 245      750A 9F0D 
 246 00c0 ED23 C57F 		.string	"\355#\305\177\322\217\177\003N\004\356\301\247\306N\373\211m\364\023\2533\252\261\263~b\2
 246      D28F 7F03 
 246      4E04 EEC1 
 246      A7C6 4EFB 
 246      896D F413 
 247 01c1 CCDF 82C9 		.ascii	"\314\337\202\311\376`\311\332\220 U\022\334\305\301;8(\326\322"
 247      FE60 C9DA 
 247      9020 5512 
 247      DCC5 C13B 
 247      3828 D6D2 
 248 01d5 118B 0B87 		.string	"\021\213\013\207V\\H\263\261\220T\266\0206\210i\346{jj\031a\f#\364z\367+\2141\202\261\346
 248      565C 48B3 
 248      B190 54B6 
 248      1036 8869 
 248      E67B 6A6A 
 249 02d6 A231 96DE 		.ascii	"\2421\226\336^_5\2232\340\034\333\305/\\\204s\264\3728\n/\017"
 249      5E5F 3593 
 249      32E0 1CDB 
 249      C52F 5C84 
 249      73B4 FA38 
 250 02ed 0E5A F702 		.ascii	"\016Z\367\002y\300A\206t\020O\317\265\001\253\004\331~\237\226"
 250      79C0 4186 
 250      7410 4FCF 
 250      B501 AB04 
 250      D97E 9F96 
 251 0301 604C A989 		.ascii	"`L\251\2119\301\240\0011\250B\fs\210\312\263n\217\211T\n\210"
 251      39C1 A001 
 251      31A8 420C 
 251      7388 CAB3 
 251      6E8F 8954 
 252 0317 12D7 8B0D 		.ascii	"\022\327\213\r\261\031\335>\210g]\345\025\301{A\214q\210Q\035"
 252      B119 DD3E 
 252      8867 5DE5 
 252      15C1 7B41 
 252      8C71 8851 
 253 032c 62BB 6EB8 		.ascii	"b\273n\2703DBl|\240C\240\023\214\030\020#*\3048\207\350\257,"
 253      3344 426C 
 253      7CA0 43A0 
 253      138C 1810 
 253      232A C438 
 254 0344 1F08 2357 		.ascii	"\037\b#W\004\304\304\323\336\342@]\344\030\027\t\347\2739ahL"
 254      04C4 C4D3 
 254      DEE2 405D 
 254      E418 1709 
 254      E7BB 3961 
 255 035a A81A 935C 		.ascii	"\250\032\223\\\243\264\364\311\216\205\324\n\215'\035-\r\372"
 255      A3B4 F4C9 
 255      8E85 D40A 
 255      8D27 1D2D 
 255      0DFA 
 256 036c B13C FB50 		.ascii	"\261<\373Pj\260\315\23024\246T\215i\256\321\262\3255\277\217"
 256      6AB0 CD98 
 256      3234 A654 
 256      8D69 AED1 
 256      B2D5 35BF 
 257 0381 DC14 1AF5 		.ascii	"\334\024\032\365}k\223\272\306\354\033E\264\255\220\262\227\214"
 257      7D6B 93BA 
 257      C6EC 1B45 
 257      B4AD 90B2 
 257      978C 
 258 0393 AD66 C650 		.ascii	"\255f\306P\231QUf\271\312\203\352\252\2410rW\2504\224n\335 \250"
 258      9951 5566 
 258      B9CA 83EA 
 258      AAA1 3072 
 258      57A8 3494 
 259 03ab E241 95A5 		.ascii	"\342A\225\2457}*l=.C\305\245\252\314q\225\255\301\305k\026\322"
 259      377D 2A6C 
 259      3D2E 43C5 
 259      A5AA CC71 
 259      95AD C1C5 
 260 03c2 B1F7 EDE8 		.ascii	"\261\367\355\350\377\353\216\313\242\036L\253r0n~0\017\365\203"
 260      FFEB 8ECB 
 260      A21E 4CAB 
 260      7230 6E7E 
 260      300F F583 
 261 03d6 F9E7 FBAB 		.ascii	"\371\347\373\253_\231$\305\303\252\210\021J\3131,\212\271\341"
 261      5F99 24C5 
 261      C3AA 8811 
 261      4ACB 312C 
 261      8AB9 E1
 262 03e9 5BE0 C398 		.ascii	"[\340\303\230W1\0268\306\245\262\363K\301\244\177\357\373\321"
 262      5731 1638 
 262      C6A5 B2F3 
 262      4BC1 A47F 
 262      EFFB D1
 263 03fc 533C 92A6 		.ascii	"S<\222\246Rt+\024\2178\305\222N\261\336\2743\256\357h\307[\276"
 263      5274 2B14 
 263      8F38 C592 
 263      4EB1 DEBC 
 263      33AE EF68 
 264 0413 BD40 2F58 		.ascii	"\275@/X4 \026U\210e\006A\312\206\356e\200\325\006\370\226\201"
 264      3420 1655 
 264      8865 0641 
 264      CA86 EE65 
 264      80D5 06F8 
 265 0429 F8D5 A0CA 		.ascii	"\370\325\240\312\257\206\006+\200o!\254\341\364*>u\025\024}<"
 265      AF86 062B 
 265      806F 21AC 
 265      E1F4 2A3E 
 265      7515 147D 
 266 043e 9FF1 D10A 		.ascii	"\237\361\321\n|7Y\315>(\324\274p\177\"TQ\242\273\225\326\271"
 266      7C37 59CD 
 266      3E28 D4BC 
 266      707F 2254 
 266      51A2 BB95 
 267 0454 D29F 38BD 		.ascii	"\322\2378\275\241+\321\021\340\303B\3660o\263\017[\373\202{%"
 267      A12B D111 
 267      E0C3 42F6 
 267      306F B30F 
 267      5BFB 827B 
 268 0469 28F4 8CEF 		.ascii	"(\364\214\357w\204\037\253\376S\242\301c\b\345o\017\326\350\\"
 268      7784 1FAB 
 268      FE53 A2C1 
 268      6308 E56F 
 268      0FD6 E85C 
 269 047d F5EF AF55 		.ascii	"\365\357\257U!\252\263\373\025\347M\351\314\352\327\2349'\322"
 269      21AA B3FB 
 269      15E7 4DE9 
 269      CCEA D79C 
 269      3927 D2
 270 0490 1C79 F999 		.ascii	"\034y\371\231vG^NN^\256\275\300\231\225\035\347\260\274\373\336"
 270      7647 5E4E 
 270      4E5E AEBD 
 270      C099 951D 
 270      E7B0 BCFB 
 271 04a5 B1A8 A329 		.ascii	"\261\250\243))ZPAV\256\363\2354g\262\275\340T\276=;\317\221\236"
 271      295A 5041 
 271      56AE F39D 
 271      3467 B2BD 
 271      E054 BE3D 
 272 04bd 6D3F 9A99 		.ascii	"m?\232\231\235\235\236oO?\235\377\366'\016\307\221d{r\334\241"
 272      9D9D 9E6F 
 272      4F3F 9DFF 
 272      F627 0EC7 
 272      9164 7B72 
 273 04d3 B883 AC6F 		.ascii	"\270\203\254o\317\312ud\027\034\317\264\237r\036\307\270\270"
 273      CFCA 7564 
 273      171C CFB4 
 273      9F72 1EC7 
 273      B8B8 
 274 04e5 4F35 0B8B 		.ascii	"O5\013\213\217OJs\362FbB\23230#\313y2\357\344\353\376\023k\026"
 274      8F4F 4A73 
 274      F246 6242 
 274      9A33 3023 
 274      CB79 32EF 
 275 04ff 311D 9F24 		.ascii	"1\035\237$\033\211\t\001\330\310\313\r\342\337\370$Q'&0\231\374"
 275      1B89 0901 
 275      D8C8 CB0D 
 275      E2DF F824 
 275      5127 2630 
 276 0515 CCD3 1651 		.ascii	"\314\323\026Q\twl$&\374\007\222w\223\313"
 276      0977 6C24 
 276      26FC 0792 
 276      7793 CB
 277               		.text
 278               		.section	.gnu.lto_.symtab.1efa4b5b27cd954c,"",@progbits
 279 0000 6269 7470 		.string	"bitpop"
 279      6F70 00
 280 0007 00        		.string	""
 281 0008 00        		.string	""
 282 0009 00        		.string	""
 283 000a 00        		.string	""
 284 000b 00        		.string	""
 285 000c 00        		.string	""
 286 000d 00        		.string	""
 287 000e 00        		.string	""
 288 000f 00        		.string	""
 289 0010 00        		.string	""
 290 0011 00        		.string	""
 291 0012 CC00      		.string	"\314"
 292 0014 00        		.string	""
 293 0015 00        		.string	""
 294 0016 6269 7470 		.string	"bitpop16"
 294      6F70 3136 
 294      00
 295 001f 00        		.string	""
 296 0020 00        		.string	""
 297 0021 00        		.string	""
 298 0022 00        		.string	""
 299 0023 00        		.string	""
 300 0024 00        		.string	""
 301 0025 00        		.string	""
 302 0026 00        		.string	""
 303 0027 00        		.string	""
 304 0028 00        		.string	""
 305 0029 00        		.string	""
 306 002a D000      		.string	"\320"
 307 002c 00        		.string	""
 308 002d 00        		.string	""
 309 002e 6269 7470 		.string	"bitpop32"
 309      6F70 3332 
 309      00
 310 0037 00        		.string	""
 311 0038 00        		.string	""
 312 0039 00        		.string	""
 313 003a 00        		.string	""
 314 003b 00        		.string	""
 315 003c 00        		.string	""
 316 003d 00        		.string	""
 317 003e 00        		.string	""
 318 003f 00        		.string	""
 319 0040 00        		.string	""
 320 0041 00        		.string	""
 321 0042 D400      		.string	"\324"
 322 0044 00        		.string	""
 323 0045 00        		.string	""
 324 0046 6269 746F 		.string	"biton"
 324      6E00 
 325 004c 00        		.string	""
 326 004d 00        		.string	""
 327 004e 00        		.string	""
 328 004f 00        		.string	""
 329 0050 00        		.string	""
 330 0051 00        		.string	""
 331 0052 00        		.string	""
 332 0053 00        		.string	""
 333 0054 00        		.string	""
 334 0055 00        		.string	""
 335 0056 00        		.string	""
 336 0057 D600      		.string	"\326"
 337 0059 00        		.string	""
 338 005a 00        		.string	""
 339 005b 6269 746F 		.string	"biton16"
 339      6E31 3600 
 340 0063 00        		.string	""
 341 0064 00        		.string	""
 342 0065 00        		.string	""
 343 0066 00        		.string	""
 344 0067 00        		.string	""
 345 0068 00        		.string	""
 346 0069 00        		.string	""
 347 006a 00        		.string	""
 348 006b 00        		.string	""
 349 006c 00        		.string	""
 350 006d 00        		.string	""
 351 006e D800      		.string	"\330"
 352 0070 00        		.string	""
 353 0071 00        		.string	""
 354 0072 6269 746F 		.string	"biton32"
 354      6E33 3200 
 355 007a 00        		.string	""
 356 007b 00        		.string	""
 357 007c 00        		.string	""
 358 007d 00        		.string	""
 359 007e 00        		.string	""
 360 007f 00        		.string	""
 361 0080 00        		.string	""
 362 0081 00        		.string	""
 363 0082 00        		.string	""
 364 0083 00        		.string	""
 365 0084 00        		.string	""
 366 0085 DA00      		.string	"\332"
 367 0087 00        		.string	""
 368 0088 00        		.string	""
 369 0089 6269 7472 		.string	"bitrev"
 369      6576 00
 370 0090 00        		.string	""
 371 0091 00        		.string	""
 372 0092 00        		.string	""
 373 0093 00        		.string	""
 374 0094 00        		.string	""
 375 0095 00        		.string	""
 376 0096 00        		.string	""
 377 0097 00        		.string	""
 378 0098 00        		.string	""
 379 0099 00        		.string	""
 380 009a 00        		.string	""
 381 009b DC00      		.string	"\334"
 382 009d 00        		.string	""
 383 009e 00        		.string	""
 384 009f 6269 7472 		.string	"bitrev16"
 384      6576 3136 
 384      00
 385 00a8 00        		.string	""
 386 00a9 00        		.string	""
 387 00aa 00        		.string	""
 388 00ab 00        		.string	""
 389 00ac 00        		.string	""
 390 00ad 00        		.string	""
 391 00ae 00        		.string	""
 392 00af 00        		.string	""
 393 00b0 00        		.string	""
 394 00b1 00        		.string	""
 395 00b2 00        		.string	""
 396 00b3 E000      		.string	"\340"
 397 00b5 00        		.string	""
 398 00b6 00        		.string	""
 399 00b7 6269 7472 		.string	"bitrev32"
 399      6576 3332 
 399      00
 400 00c0 00        		.string	""
 401 00c1 00        		.string	""
 402 00c2 00        		.string	""
 403 00c3 00        		.string	""
 404 00c4 00        		.string	""
 405 00c5 00        		.string	""
 406 00c6 00        		.string	""
 407 00c7 00        		.string	""
 408 00c8 00        		.string	""
 409 00c9 00        		.string	""
 410 00ca 00        		.string	""
 411 00cb E400      		.string	"\344"
 412 00cd 00        		.string	""
 413 00ce 00        		.string	""
 414               		.text
 415               		.section	.gnu.lto_.opts,"",@progbits
 416 0000 272D 666D 		.ascii	"'-fmath-errno' '-fsigned-zeros' '-ftrapping-m"
 416      6174 682D 
 416      6572 726E 
 416      6F27 2027 
 416      2D66 7369 
 417 002d 6174 6827 		.string	"ath' '-fno-trapv' '-fno-openmp' '-fno-openacc' '-mn-flash=1' '-mno-skip-bug' '-mmcu=avr5'
 417      2027 2D66 
 417      6E6F 2D74 
 417      7261 7076 
 417      2720 272D 
 418               		.text
 419               		.comm	__gnu_lto_v1,1,1
 420               		.comm	__gnu_lto_slim,1,1
 421               		.ident	"GCC: (GNU) 7.4.0"
DEFINED SYMBOLS
                            *ABS*:0000000000000000 util.c
/var/tmp//ccIqtW1y.s:2      *ABS*:000000000000003e __SP_H__
/var/tmp//ccIqtW1y.s:3      *ABS*:000000000000003d __SP_L__
/var/tmp//ccIqtW1y.s:4      *ABS*:000000000000003f __SREG__
/var/tmp//ccIqtW1y.s:5      *ABS*:0000000000000000 __tmp_reg__
/var/tmp//ccIqtW1y.s:6      *ABS*:0000000000000001 __zero_reg__
                            *COM*:0000000000000001 __gnu_lto_v1
                            *COM*:0000000000000001 __gnu_lto_slim

NO UNDEFINED SYMBOLS
