   1               		.file	"host.c"
   2               	__SP_H__ = 0x3e
   3               	__SP_L__ = 0x3d
   4               	__SREG__ = 0x3f
   5               	__tmp_reg__ = 0
   6               	__zero_reg__ = 1
   7               		.text
   8               	.Ltext0:
   9               		.cfi_sections	.debug_frame
  10               		.section	.text.host_set_driver,"ax",@progbits
  11               	.global	host_set_driver
  13               	host_set_driver:
  14               	.LFB100:
  15               		.file 1 "tmk_core/common/host.c"
   1:tmk_core/common/host.c **** /*
   2:tmk_core/common/host.c **** Copyright 2011,2012 Jun Wako <wakojun@gmail.com>
   3:tmk_core/common/host.c **** 
   4:tmk_core/common/host.c **** This program is free software: you can redistribute it and/or modify
   5:tmk_core/common/host.c **** it under the terms of the GNU General Public License as published by
   6:tmk_core/common/host.c **** the Free Software Foundation, either version 2 of the License, or
   7:tmk_core/common/host.c **** (at your option) any later version.
   8:tmk_core/common/host.c **** 
   9:tmk_core/common/host.c **** This program is distributed in the hope that it will be useful,
  10:tmk_core/common/host.c **** but WITHOUT ANY WARRANTY; without even the implied warranty of
  11:tmk_core/common/host.c **** MERCHANTABILITY or FITNESS FOR A PARTICULAR PURPOSE.  See the
  12:tmk_core/common/host.c **** GNU General Public License for more details.
  13:tmk_core/common/host.c **** 
  14:tmk_core/common/host.c **** You should have received a copy of the GNU General Public License
  15:tmk_core/common/host.c **** along with this program.  If not, see <http://www.gnu.org/licenses/>.
  16:tmk_core/common/host.c **** */
  17:tmk_core/common/host.c **** 
  18:tmk_core/common/host.c **** #include <stdint.h>
  19:tmk_core/common/host.c **** //#include <avr/interrupt.h>
  20:tmk_core/common/host.c **** #include "keycode.h"
  21:tmk_core/common/host.c **** #include "host.h"
  22:tmk_core/common/host.c **** #include "util.h"
  23:tmk_core/common/host.c **** #include "debug.h"
  24:tmk_core/common/host.c **** 
  25:tmk_core/common/host.c **** #ifdef NKRO_ENABLE
  26:tmk_core/common/host.c **** #    include "keycode_config.h"
  27:tmk_core/common/host.c **** extern keymap_config_t keymap_config;
  28:tmk_core/common/host.c **** #endif
  29:tmk_core/common/host.c **** 
  30:tmk_core/common/host.c **** static host_driver_t *driver;
  31:tmk_core/common/host.c **** static uint16_t       last_system_report   = 0;
  32:tmk_core/common/host.c **** static uint16_t       last_consumer_report = 0;
  33:tmk_core/common/host.c **** 
  34:tmk_core/common/host.c **** void host_set_driver(host_driver_t *d) { driver = d; }
  16               		.loc 1 34 0
  17               		.cfi_startproc
  18               	.LVL0:
  19               	/* prologue: function */
  20               	/* frame size = 0 */
  21               	/* stack size = 0 */
  22               	.L__stack_usage = 0
  23               		.loc 1 34 0
  24 0000 9093 0000 		sts driver+1,r25
  25 0004 8093 0000 		sts driver,r24
  26               	/* epilogue start */
  27 0008 0895      		ret
  28               		.cfi_endproc
  29               	.LFE100:
  31               		.section	.text.host_get_driver,"ax",@progbits
  32               	.global	host_get_driver
  34               	host_get_driver:
  35               	.LFB101:
  35:tmk_core/common/host.c **** 
  36:tmk_core/common/host.c **** host_driver_t *host_get_driver(void) { return driver; }
  36               		.loc 1 36 0
  37               		.cfi_startproc
  38               	/* prologue: function */
  39               	/* frame size = 0 */
  40               	/* stack size = 0 */
  41               	.L__stack_usage = 0
  42               		.loc 1 36 0
  43 0000 8091 0000 		lds r24,driver
  44 0004 9091 0000 		lds r25,driver+1
  45               	/* epilogue start */
  46 0008 0895      		ret
  47               		.cfi_endproc
  48               	.LFE101:
  50               		.section	.text.host_keyboard_leds,"ax",@progbits
  51               	.global	host_keyboard_leds
  53               	host_keyboard_leds:
  54               	.LFB102:
  37:tmk_core/common/host.c **** 
  38:tmk_core/common/host.c **** uint8_t host_keyboard_leds(void) {
  55               		.loc 1 38 0
  56               		.cfi_startproc
  57               	/* prologue: function */
  58               	/* frame size = 0 */
  59               	/* stack size = 0 */
  60               	.L__stack_usage = 0
  39:tmk_core/common/host.c ****     if (!driver) return 0;
  61               		.loc 1 39 0
  62 0000 E091 0000 		lds r30,driver
  63 0004 F091 0000 		lds r31,driver+1
  64 0008 3097      		sbiw r30,0
  65 000a 01F0      		breq .L4
  40:tmk_core/common/host.c ****     return (*driver->keyboard_leds)();
  66               		.loc 1 40 0
  67 000c 0190      		ld __tmp_reg__,Z+
  68 000e F081      		ld r31,Z
  69 0010 E02D      		mov r30,__tmp_reg__
  70 0012 0994      		ijmp
  71               	.LVL1:
  72               	.L4:
  41:tmk_core/common/host.c **** }
  73               		.loc 1 41 0
  74 0014 80E0      		ldi r24,0
  75               	/* epilogue start */
  76 0016 0895      		ret
  77               		.cfi_endproc
  78               	.LFE102:
  80               		.section	.text.host_keyboard_send,"ax",@progbits
  81               	.global	host_keyboard_send
  83               	host_keyboard_send:
  84               	.LFB103:
  42:tmk_core/common/host.c **** /* send report */
  43:tmk_core/common/host.c **** void host_keyboard_send(report_keyboard_t *report) {
  85               		.loc 1 43 0
  86               		.cfi_startproc
  87               	.LVL2:
  88               	/* prologue: function */
  89               	/* frame size = 0 */
  90               	/* stack size = 0 */
  91               	.L__stack_usage = 0
  44:tmk_core/common/host.c ****     if (!driver) return;
  92               		.loc 1 44 0
  93 0000 E091 0000 		lds r30,driver
  94 0004 F091 0000 		lds r31,driver+1
  95 0008 3097      		sbiw r30,0
  96 000a 01F0      		breq .L5
  45:tmk_core/common/host.c **** #if defined(NKRO_ENABLE) && defined(NKRO_SHARED_EP)
  46:tmk_core/common/host.c ****     if (keyboard_protocol && keymap_config.nkro) {
  97               		.loc 1 46 0
  98 000c 2091 0000 		lds r18,keyboard_protocol
  99 0010 2223      		tst r18
 100 0012 01F0      		breq .L7
 101               		.loc 1 46 0 is_stmt 0 discriminator 1
 102 0014 2091 0000 		lds r18,keymap_config
 103 0018 27FF      		sbrs r18,7
 104 001a 00C0      		rjmp .L7
  47:tmk_core/common/host.c ****         /* The callers of this function assume that report->mods is where mods go in.
  48:tmk_core/common/host.c ****          * But report->nkro.mods can be at a different offset if core keyboard does not have a repo
  49:tmk_core/common/host.c ****          */
  50:tmk_core/common/host.c ****         report->nkro.mods      = report->mods;
 105               		.loc 1 50 0 is_stmt 1
 106 001c DC01      		movw r26,r24
 107 001e 2C91      		ld r18,X
 108 0020 1196      		adiw r26,1
 109 0022 2C93      		st X,r18
 110 0024 1197      		sbiw r26,1
  51:tmk_core/common/host.c ****         report->nkro.report_id = REPORT_ID_NKRO;
 111               		.loc 1 51 0
 112 0026 25E0      		ldi r18,lo8(5)
 113 0028 2C93      		st X,r18
 114               	.L7:
  52:tmk_core/common/host.c ****     } else
  53:tmk_core/common/host.c **** #endif
  54:tmk_core/common/host.c ****     {
  55:tmk_core/common/host.c **** #ifdef KEYBOARD_SHARED_EP
  56:tmk_core/common/host.c ****         report->report_id = REPORT_ID_KEYBOARD;
  57:tmk_core/common/host.c **** #endif
  58:tmk_core/common/host.c ****     }
  59:tmk_core/common/host.c ****     (*driver->send_keyboard)(report);
 115               		.loc 1 59 0
 116 002a 0280      		ldd __tmp_reg__,Z+2
 117 002c F381      		ldd r31,Z+3
 118 002e E02D      		mov r30,__tmp_reg__
 119 0030 0994      		ijmp
 120               	.LVL3:
 121               	.L5:
 122               	/* epilogue start */
  60:tmk_core/common/host.c **** 
  61:tmk_core/common/host.c ****     if (debug_keyboard) {
  62:tmk_core/common/host.c ****         dprint("keyboard_report: ");
  63:tmk_core/common/host.c ****         for (uint8_t i = 0; i < KEYBOARD_REPORT_SIZE; i++) {
  64:tmk_core/common/host.c ****             dprintf("%02X ", report->raw[i]);
  65:tmk_core/common/host.c ****         }
  66:tmk_core/common/host.c ****         dprint("\n");
  67:tmk_core/common/host.c ****     }
  68:tmk_core/common/host.c **** }
 123               		.loc 1 68 0
 124 0032 0895      		ret
 125               		.cfi_endproc
 126               	.LFE103:
 128               		.section	.text.host_mouse_send,"ax",@progbits
 129               	.global	host_mouse_send
 131               	host_mouse_send:
 132               	.LFB104:
  69:tmk_core/common/host.c **** 
  70:tmk_core/common/host.c **** void host_mouse_send(report_mouse_t *report) {
 133               		.loc 1 70 0
 134               		.cfi_startproc
 135               	.LVL4:
 136               	/* prologue: function */
 137               	/* frame size = 0 */
 138               	/* stack size = 0 */
 139               	.L__stack_usage = 0
  71:tmk_core/common/host.c ****     if (!driver) return;
 140               		.loc 1 71 0
 141 0000 E091 0000 		lds r30,driver
 142 0004 F091 0000 		lds r31,driver+1
 143 0008 3097      		sbiw r30,0
 144 000a 01F0      		breq .L11
  72:tmk_core/common/host.c **** #ifdef MOUSE_SHARED_EP
  73:tmk_core/common/host.c ****     report->report_id = REPORT_ID_MOUSE;
  74:tmk_core/common/host.c **** #endif
  75:tmk_core/common/host.c ****     (*driver->send_mouse)(report);
 145               		.loc 1 75 0
 146 000c 0480      		ldd __tmp_reg__,Z+4
 147 000e F581      		ldd r31,Z+5
 148 0010 E02D      		mov r30,__tmp_reg__
 149 0012 0994      		ijmp
 150               	.LVL5:
 151               	.L11:
 152               	/* epilogue start */
  76:tmk_core/common/host.c **** }
 153               		.loc 1 76 0
 154 0014 0895      		ret
 155               		.cfi_endproc
 156               	.LFE104:
 158               		.section	.text.host_system_send,"ax",@progbits
 159               	.global	host_system_send
 161               	host_system_send:
 162               	.LFB105:
  77:tmk_core/common/host.c **** 
  78:tmk_core/common/host.c **** void host_system_send(uint16_t report) {
 163               		.loc 1 78 0
 164               		.cfi_startproc
 165               	.LVL6:
 166               	/* prologue: function */
 167               	/* frame size = 0 */
 168               	/* stack size = 0 */
 169               	.L__stack_usage = 0
  79:tmk_core/common/host.c ****     if (report == last_system_report) return;
 170               		.loc 1 79 0
 171 0000 2091 0000 		lds r18,last_system_report
 172 0004 3091 0000 		lds r19,last_system_report+1
 173 0008 2817      		cp r18,r24
 174 000a 3907      		cpc r19,r25
 175 000c 01F0      		breq .L13
  80:tmk_core/common/host.c ****     last_system_report = report;
 176               		.loc 1 80 0
 177 000e 9093 0000 		sts last_system_report+1,r25
 178 0012 8093 0000 		sts last_system_report,r24
  81:tmk_core/common/host.c **** 
  82:tmk_core/common/host.c ****     if (!driver) return;
 179               		.loc 1 82 0
 180 0016 E091 0000 		lds r30,driver
 181 001a F091 0000 		lds r31,driver+1
 182 001e 3097      		sbiw r30,0
 183 0020 01F0      		breq .L13
  83:tmk_core/common/host.c ****     (*driver->send_system)(report);
 184               		.loc 1 83 0
 185 0022 0680      		ldd __tmp_reg__,Z+6
 186 0024 F781      		ldd r31,Z+7
 187 0026 E02D      		mov r30,__tmp_reg__
 188 0028 0994      		ijmp
 189               	.LVL7:
 190               	.L13:
 191               	/* epilogue start */
  84:tmk_core/common/host.c **** }
 192               		.loc 1 84 0
 193 002a 0895      		ret
 194               		.cfi_endproc
 195               	.LFE105:
 197               		.section	.text.host_consumer_send,"ax",@progbits
 198               	.global	host_consumer_send
 200               	host_consumer_send:
 201               	.LFB106:
  85:tmk_core/common/host.c **** 
  86:tmk_core/common/host.c **** void host_consumer_send(uint16_t report) {
 202               		.loc 1 86 0
 203               		.cfi_startproc
 204               	.LVL8:
 205               	/* prologue: function */
 206               	/* frame size = 0 */
 207               	/* stack size = 0 */
 208               	.L__stack_usage = 0
  87:tmk_core/common/host.c ****     if (report == last_consumer_report) return;
 209               		.loc 1 87 0
 210 0000 2091 0000 		lds r18,last_consumer_report
 211 0004 3091 0000 		lds r19,last_consumer_report+1
 212 0008 2817      		cp r18,r24
 213 000a 3907      		cpc r19,r25
 214 000c 01F0      		breq .L20
  88:tmk_core/common/host.c ****     last_consumer_report = report;
 215               		.loc 1 88 0
 216 000e 9093 0000 		sts last_consumer_report+1,r25
 217 0012 8093 0000 		sts last_consumer_report,r24
  89:tmk_core/common/host.c **** 
  90:tmk_core/common/host.c ****     if (!driver) return;
 218               		.loc 1 90 0
 219 0016 E091 0000 		lds r30,driver
 220 001a F091 0000 		lds r31,driver+1
 221 001e 3097      		sbiw r30,0
 222 0020 01F0      		breq .L20
  91:tmk_core/common/host.c ****     (*driver->send_consumer)(report);
 223               		.loc 1 91 0
 224 0022 0084      		ldd __tmp_reg__,Z+8
 225 0024 F185      		ldd r31,Z+9
 226 0026 E02D      		mov r30,__tmp_reg__
 227 0028 0994      		ijmp
 228               	.LVL9:
 229               	.L20:
 230               	/* epilogue start */
  92:tmk_core/common/host.c **** }
 231               		.loc 1 92 0
 232 002a 0895      		ret
 233               		.cfi_endproc
 234               	.LFE106:
 236               		.section	.text.host_last_system_report,"ax",@progbits
 237               	.global	host_last_system_report
 239               	host_last_system_report:
 240               	.LFB107:
  93:tmk_core/common/host.c **** 
  94:tmk_core/common/host.c **** uint16_t host_last_system_report(void) { return last_system_report; }
 241               		.loc 1 94 0
 242               		.cfi_startproc
 243               	/* prologue: function */
 244               	/* frame size = 0 */
 245               	/* stack size = 0 */
 246               	.L__stack_usage = 0
 247               		.loc 1 94 0
 248 0000 8091 0000 		lds r24,last_system_report
 249 0004 9091 0000 		lds r25,last_system_report+1
 250               	/* epilogue start */
 251 0008 0895      		ret
 252               		.cfi_endproc
 253               	.LFE107:
 255               		.section	.text.host_last_consumer_report,"ax",@progbits
 256               	.global	host_last_consumer_report
 258               	host_last_consumer_report:
 259               	.LFB108:
  95:tmk_core/common/host.c **** 
  96:tmk_core/common/host.c **** uint16_t host_last_consumer_report(void) { return last_consumer_report; }
 260               		.loc 1 96 0
 261               		.cfi_startproc
 262               	/* prologue: function */
 263               	/* frame size = 0 */
 264               	/* stack size = 0 */
 265               	.L__stack_usage = 0
 266               		.loc 1 96 0
 267 0000 8091 0000 		lds r24,last_consumer_report
 268 0004 9091 0000 		lds r25,last_consumer_report+1
 269               	/* epilogue start */
 270 0008 0895      		ret
 271               		.cfi_endproc
 272               	.LFE108:
 274               		.section	.bss.last_consumer_report,"aw",@nobits
 277               	last_consumer_report:
 278 0000 0000      		.zero	2
 279               		.section	.bss.last_system_report,"aw",@nobits
 282               	last_system_report:
 283 0000 0000      		.zero	2
 284               		.section	.bss.driver,"aw",@nobits
 287               	driver:
 288 0000 0000      		.zero	2
 289               		.text
 290               	.Letext0:
 291               		.file 2 "/usr/local/Cellar/avr-gcc@7/7.4.0/avr/include/stdint.h"
 292               		.file 3 "lib/lufa/LUFA/Drivers/USB/Core/AVR8/../StdRequestType.h"
 293               		.file 4 "lib/lufa/LUFA/Drivers/USB/Core/AVR8/../DeviceStandardReq.h"
 294               		.file 5 "lib/lufa/LUFA/Drivers/USB/Core/USBTask.h"
 295               		.file 6 "lib/lufa/LUFA/Drivers/USB/Core/HostStandardReq.h"
 296               		.file 7 "/usr/local/Cellar/avr-gcc@7/7.4.0/avr/include/stdio.h"
 297               		.file 8 "tmk_core/common/report.h"
 298               		.file 9 "tmk_core/common/host_driver.h"
 299               		.file 10 "tmk_core/common/host.h"
 300               		.file 11 "tmk_core/common/debug.h"
 301               		.file 12 "quantum/keycode_config.h"
DEFINED SYMBOLS
                            *ABS*:0000000000000000 host.c
/var/tmp//cc2a3cZG.s:2      *ABS*:000000000000003e __SP_H__
/var/tmp//cc2a3cZG.s:3      *ABS*:000000000000003d __SP_L__
/var/tmp//cc2a3cZG.s:4      *ABS*:000000000000003f __SREG__
/var/tmp//cc2a3cZG.s:5      *ABS*:0000000000000000 __tmp_reg__
/var/tmp//cc2a3cZG.s:6      *ABS*:0000000000000001 __zero_reg__
/var/tmp//cc2a3cZG.s:13     .text.host_set_driver:0000000000000000 host_set_driver
/var/tmp//cc2a3cZG.s:287    .bss.driver:0000000000000000 driver
/var/tmp//cc2a3cZG.s:34     .text.host_get_driver:0000000000000000 host_get_driver
/var/tmp//cc2a3cZG.s:53     .text.host_keyboard_leds:0000000000000000 host_keyboard_leds
/var/tmp//cc2a3cZG.s:83     .text.host_keyboard_send:0000000000000000 host_keyboard_send
/var/tmp//cc2a3cZG.s:131    .text.host_mouse_send:0000000000000000 host_mouse_send
/var/tmp//cc2a3cZG.s:161    .text.host_system_send:0000000000000000 host_system_send
/var/tmp//cc2a3cZG.s:282    .bss.last_system_report:0000000000000000 last_system_report
/var/tmp//cc2a3cZG.s:200    .text.host_consumer_send:0000000000000000 host_consumer_send
/var/tmp//cc2a3cZG.s:277    .bss.last_consumer_report:0000000000000000 last_consumer_report
/var/tmp//cc2a3cZG.s:239    .text.host_last_system_report:0000000000000000 host_last_system_report
/var/tmp//cc2a3cZG.s:258    .text.host_last_consumer_report:0000000000000000 host_last_consumer_report

UNDEFINED SYMBOLS
keyboard_protocol
keymap_config
__do_clear_bss
