   1               		.file	"ConfigDescriptors.c"
   2               	__SP_H__ = 0x3e
   3               	__SP_L__ = 0x3d
   4               	__SREG__ = 0x3f
   5               	__tmp_reg__ = 0
   6               	__zero_reg__ = 1
   7               		.section	.gnu.lto_.profile.437023f3c20e0bc4,"",@progbits
   8 0000 789C 6363 		.string	"x\234cc```\005bF\206&F\027"
   8      6060 6005 
   8      6246 8626 
   8      4617 00
   9 000f 0259 00   		.string	"\002Y"
  10 0012 D4        		.ascii	"\324"
  11               		.text
  12               		.section	.gnu.lto_.icf.437023f3c20e0bc4,"",@progbits
  13 0000 789C 6363 		.string	"x\234cc``P`@"
  13      6060 5060 
  13      4000 
  14 000a 5686 F61B 		.string	"V\206\366\033g\2329\0317w\275\371\311\310t\361\326\357)\\\314\227\317o:\312\313\262iY\333
  14      679A 3919 
  14      3777 BDF9 
  14      C9C8 74F1 
  14      D6EF 295C 
  15 002d FE5A 0F2E 		.ascii	"\376Z\017."
  16               		.text
  17               		.section	.gnu.lto_.jmpfuncs.437023f3c20e0bc4,"",@progbits
  18 0000 789C 8D8F 		.string	"x\234\215\217\301\r\2000\f\003\355$\224'+\260\nc\365\305\"\f\303f\305\225\020\264}5\222\2
  18      C10D 8030 
  18      0C03 ED24 
  18      9427 2BB0 
  18      0A63 F5C5 
  19 0063 2A35 4284 		.ascii	"*5B\204"
  20               		.text
  21               		.section	.gnu.lto_.inline.437023f3c20e0bc4,"",@progbits
  22 0000 789C 6363 		.string	"x\234cc``8\302\200"
  22      6060 38C2 
  22      8000 
  23 000a AC0C 0CBC 		.string	"\254\f\f\274<\214L\214\002\214\f\314\f\f`\222\215\367D*\003\347\r3&\006\306\027\354,\020\
  23      3C8C 4C8C 
  23      028C 0CCC 
  23      0C0C 6092 
  23      8DF7 442A 
  24 0092 A109 1FE6 		.ascii	"\241\t\037\346"
  25               		.text
  26               		.section	.gnu.lto_.pureconst.437023f3c20e0bc4,"",@progbits
  27 0000 789C 6363 		.string	"x\234cc``\340\006bV\006)FK&)fI\026)"
  27      6060 E006 
  27      6256 0629 
  27      464B 2629 
  27      6649 1629 
  28 0015 04E9 00   		.string	"\004\351"
  29 0018 C1        		.ascii	"\301"
  30               		.text
  31               		.section	.gnu.lto_USB_GetNextDescriptor.437023f3c20e0bc4,"",@progbits
  32 0000 789C 7D52 		.ascii	"x\234}RMHTQ\024\276\347\335\367f\33683(.\302\205\013!Dt\321["
  32      4D48 5451 
  32      14BE E7DD 
  32      F766 DE38 
  32      3328 2EC2 
  33 001b 142D DA44 		.ascii	"\024-\332D*A`\233DZF\311X\003\2261\243Am\274:9\223\243\205Pc"
  33      2A41 609B 
  33      445A 46C9 
  33      5803 9631 
  33      A341 6DBC 
  34 0036 934C 3590 		.ascii	"\223L5\2202\020\230\210\251\371W\257\361\007\214\264\022\261"
  34      3210 9888 
  34      A9F9 57AF 
  34      F107 8CB4 
  34      12B1 
  35 0048 3F08 2D1C 		.ascii	"?\b-\034\250L\302\205\026\224v\316{\017\374\211\272\360\316\273"
  35      A84C C285 
  35      1694 76CE 
  35      7B0F FC89 
  35      BAF0 CEBB 
  36 005c F73B E73B 		.ascii	"\367;\347;\347|\347^\033c\354=g\354\004\376\367\341\007\n\003"
  36      E77C E75E 
  36      1B63 EC3D 
  36      67EC 04FE 
  36      F7E1 070A 
  37 0071 A965 9AB1 		.ascii	"\251e\232\261:U\222x\264\200\2114\371\307n&\\\034d\023\226\001"
  37      3A55 9278 
  37      B480 8934 
  37      F9C7 6E26 
  37      5C1C 6413 
  38 0087 6823 5460 		.ascii	"h#T`\265\022\227\241\026\232\371\r\016\311Pj@\312O\b\\\372\315"
  38      B512 97A1 
  38      169A F90D 
  38      0EC9 506A 
  38      40CA 4F08 
  39 009e BECC 2EF1 		.ascii	"\276\314.\361R\360\030&n\305\217\026\364@>\206\215o\254\351\351"
  39      52F0 1826 
  39      6EC5 8F16 
  39      F440 3E86 
  39      8D6F ACE9 
  40 00b3 4DE8 0190 		.ascii	"M\350\001\220\3608\363\375\371m'\035%\310\300\343B \230\260\361"
  40      F038 F3FD 
  40      F96D 271D 
  40      25C8 C0E3 
  40      4220 98B0 
  41 00c8 FDC0 703F 		.ascii	"\375\300p?\277\320\336\004y\035\242\245^\350K\307\205+\3069\364"
  41      BFD0 DE04 
  41      791D A2A5 
  41      5EE8 4BC7 
  41      852B C639 
  42 00dd 01C7 7CD0 		.ascii	"\001\307|\320\013\331\360\020\262\031B\f\372!\017\243{\202K_"
  42      0BD9 F010 
  42      B219 420C 
  42      FA21 0FA3 
  42      7B82 4B5F 
  43 00f1 157E D060 		.ascii	"\025~\320`6,.\315+\310\024\310LMf\315\t\221\025\303F\037\355"
  43      362C 2ECD 
  43      2BC8 14C8 
  43      4C4D 66CD 
  43      0991 15C3 
  44 0108 24CB 0C06 		.ascii	"$\313\f\006 \217\030\003sk\3414~\324`_\273\033{\355\314\275g"
  44      208F 1803 
  44      736B E134 
  44      7ED4 605F 
  44      BB1B 7BED 
  45 011f B057 27B3 		.ascii	"\260W'\263_\t\021\025r\214+0\270\235O\013\303?v\257G\3346\031"
  45      5F09 1115 
  45      728C 2B30 
  45      B89D 4F0B 
  45      C33F 76AF 
  46 0137 8620 D7D4 		.ascii	"\206 \327\324\n"
  46      0A
  47 013c C360 6380 		.string	"\303`c\200\177\202\272f\024]\254o\204\204\276|\244\27577\003\260\254MBc\347hT\231\214B\30
  47      7F82 BA66 
  47      145D AC6F 
  47      8484 BE7C 
  47      A4BD 3737 
  48 023d ADC0 9F8A 		.ascii	"\255\300\237\212\t\022N\310l\370\255\201\354\230y|\327\266\241"
  48      0912 4EC8 
  48      6CF8 AD81 
  48      EC98 797C 
  48      D7B6 A1
  49 0250 8F61 CBC8 		.ascii	"\217a\313\3101UOE\272\255Z\366\377\352\0347o*\020\rZ\341*2\254"
  49      3155 4F45 
  49      BAAD 5AF6 
  49      FFEA 1C37 
  49      6F2A 100D 
  50 0269 4666 C360 		.ascii	"Ff\303`U\3757\177\302(\252\262e\234E\177\207l\274S\\\253\340"
  50      55FD 377F 
  50      C228 AAB2 
  50      659C 457F 
  50      876C BC53 
  51 0280 C071 49EF 		.ascii	"\300qI\357\022+\350\345|\360\376\f\307G\0064\031\211\261\275"
  51      122B E8E5 
  51      7CF0 FE0C 
  51      C747 0634 
  51      1989 B1BD 
  52 0294 95DE 535A 		.ascii	"\225\336SZeM\305I\255\244\354\360!\255\330\347\275\340\361\371"
  52      654D C549 
  52      ADA4 ECF0 
  52      21AD D8E7 
  52      BDE0 F1F9 
  53 02a8 B5B2 D242 		.ascii	"\265\262\322B\255\250\312\347As\256\302{\272\330\343/\367y\317"
  53      ADA8 CAE7 
  53      4173 AEC2 
  53      7BBA D8E3 
  53      2FF7 79CF 
  54 02bc 5757 F9FC 		.ascii	"WW\371\374{\3160\265\360b\265\307\177\314s\326]T\343\363\231"
  54      7BCE 30B5 
  54      F062 B5C7 
  54      7FCC 73D6 
  54      5D54 E3F3 
  55 02d1 1125 55E5 		.ascii	"\021%U\345\231t\332\214,\365^\362\374\001[\003Z\344"
  55      9974 DA8C 
  55      2CF5 5EF2 
  55      FC01 5B03 
  55      5AE4 
  56               		.text
  57               		.section	.gnu.lto_USB_GetNextDescriptorOfType.437023f3c20e0bc4,"",@progbits
  58 0000 789C 6D92 		.ascii	"x\234m\222]H\024Q\024\307\317\177\356\314\354\270\037\346c\301"
  58      5D48 1451 
  58      14C7 CF7F 
  58      EECC ECB8 
  58      1FE6 63C1 
  59 0014 12BD 892F 		.ascii	"\022\275\211/M`\364\032~\320\223=\364a=\227\255\261`)\263\032"
  59      4D60 F41A 
  59      7ED0 933D 
  59      F461 3D97 
  59      ADB1 6029 
  60 002a F8B4 576D 		.ascii	"\370\264Wm\375H\003\037r\305e\213\255\f\237$b\265Z\263\232\326"
  60      FD48 031F 
  60      72C5 658B 
  60      AD0C 9F24 
  60      62B5 5AB3 
  61 0040 0F22 EC03 		.ascii	"\017\"\354\003Q\020\005\311\"\037l\223\336z)"
  61      5110 05C9 
  61      221F 6C93 
  61      DE7A 29
  62 004f EDCC CC42 		.string	"\355\314\314B\022^\230;\347\236{~\347\374\317\275W'\242O\n\321\031\376_\344\017>\2022\370
  62      125E 983B 
  62      E79E 7B7E 
  62      E7FC CFBD 
  62      5727 A24F 
  63 0150 98D1 159E 		.string	"\230\321\025\236|\202'\303\007G\266\001\247\276\037n*\352\345\004\243\001i\263\241\260\32
  63      7C82 27C3 
  63      0747 B601 
  63      A7BE 1F6E 
  63      2AEA E504 
  64 01e7 F230 E91B 		.ascii	"\3620\351\033n\256\316\034/fN\261Rg\364\n\235\nyB\037_\b\277"
  64      6EAE CE1C 
  64      2F66 4EB1 
  64      5267 F40A 
  64      9D0A 7942 
  65 01ff 316E D7D5 		.ascii	"1n\327\325\377#{\305\013\024{%\210\375$\224r\353\230q\365\317"
  65      FF23 7BC5 
  65      0B14 7B25 
  65      88FD 2494 
  65      72EB 9871 
  66 0215 3AFA B9CC 		.ascii	":\372\271\314\332\314,\366\301KA\230s\002y\364\361-\272\347\274"
  66      DACC 2CF6 
  66      C14B 4198 
  66      7302 79F4 
  66      F12D BAE7 
  67 022a 0D85 8A4A 		.ascii	"\r\205\212J\300\036^T6E/\233Mm\215\227\314\272\372SUf\255\025"
  67      C01E 5E54 
  67      3645 2F9B 
  67      4D6D 8D97 
  67      CCBA FA53 
  68 0242 BD11 B162 		.ascii	"\275\021\261bf\375\271j\263\246\331\212\360t\2751z\2656\022k"
  68      66FD B96A 
  68      B3A6 D98A 
  68      F074 BD31 
  68      7AB5 3612 
  69 0257 B0A2 2DAD 		.ascii	"\260\242-\255\315V\354h\003\031\325\355\255\221\330\331\310\265"
  69      CD56 EC68 
  69      0319 D5ED 
  69      AD91 D8D9 
  69      C8B5 
  70 0269 504D 9B65 		.ascii	"PM\233ey\021u\315\r\352\371\366\226\310_\022g\005L"
  70      7911 75CD 
  70      0DEA F9F6 
  70      96C8 5F12 
  70      6705 4C
  71               		.text
  72               		.section	.gnu.lto_USB_GetNextDescriptorOfTypeBefore.437023f3c20e0bc4,"",@progbits
  73 0000 789C 6593 		.string	"x\234e\223MHTQ\024\307\357y\367}\315\227E\253\310Y\264\0237M`\270\r?he\033K\332\264)\033c
  73      4D48 5451 
  73      14C7 EF79 
  73      F77D CD97 
  73      45AB C859 
  74 00fb BC04 B708 		.string	"\274\004\267\bLA\031f'{6\277*\364\270 \243\371\305\327\324&s\023\207\3360\206Jdx\374?,\02
  74      4C41 1966 
  74      277B 36BF 
  74      2AF4 B820 
  74      A3F9 C5D7 
  75 0179 32AA 840F 		.string	"2\252\204\017\215\342C\307I\340\205u\340\312\235\300E\270@\024$}Xf\324\305L4$4\272L\322\2
  75      8DE2 43C7 
  75      49E0 8575 
  75      E0CA 9DC0 
  75      45B8 4014 
  76 0252 8117 3C82 		.string	"\201\027<\202\315\326\311N\232@?U\t~\"\326!\333\003KS\027,\021t\357\205\213\352\316\363n\
  76      CDD6 C94E 
  76      9A40 3F55 
  76      097E 22D6 
  76      21DB 034B 
  77 02d9 DE1C 40C1 		.ascii	"\336\034@\301"
  78               		.text
  79               		.section	.gnu.lto_USB_GetNextDescriptorOfTypeAfter.437023f3c20e0bc4,"",@progbits
  80 0000 789C 7592 		.string	"x\234u\222MHTQ\024\307\317\377\2357o\236\246\330Rb\212v\"DS\030m\303\017Z\331\306\262M\25
  80      4D48 5451 
  80      14C7 CFFF 
  80      9D37 6F9E 
  80      A6D8 5262 
  81 00d5 4B3D CC22 		.string	"K=\314\"\204\373\b\221l\021\346P#\3313\361\302\247"
  81      84FB 0891 
  81      6C11 E650 
  81      23D9 33F1 
  81      C2A7 00
  82 00e8 9FF0 C9A1 		.string	"\237\360\311\241\265\225\227\\\"\267&\253_)%JL\314\377\t\233\204\254\017g\222\233\0236\23
  82      B595 975C 
  82      22B7 26AB 
  82      5F29 254A 
  82      4CCC FF09 
  83 0161 5AAF 055D 		.ascii	"Z\257\005]\300\206\026@4\"\260LCy4\312\206\366\006<* \236\231"
  83      C086 1640 
  83      3422 B04C 
  83      4379 34CA 
  83      86F6 063C 
  84 0179 4A18 7E49 		.ascii	"J\030~I9'\233-\254\007c?\225\235\346`\222\345\f<A\214Rl\2468"
  84      3927 9B2D 
  84      AC07 633F 
  84      959D E660 
  84      92E5 0C3C 
  85 0193 9062 2BCD 		.ascii	"\220b+\3156m\242\177\373\352\342b\265FR\f\201\222C\271\027A="
  85      366D A27F 
  85      FBEA E262 
  85      B546 520C 
  85      8192 43B9 
  86 01aa 18F6 AFB6 		.ascii	"\030\366\257\266\220{\266lep\263O\246{0\315eB\303\223&\022\236"
  86      907B B66C 
  86      6570 B34F 
  86      A67B 30CD 
  86      6542 C393 
  87 01c1 2203 FA80 		.ascii	"\"\003\372\200\301\365\374\241\177\320e \344t\236\330\250Lk5"
  87      C1F5 FCA1 
  87      7FD0 6520 
  87      E474 9ED8 
  87      A84C 6B35 
  88 01d5 54D2 3793 		.ascii	"T\3227\2230\377\257/\377\233>[\353\323\260Y\272\335\026\3723"
  88      30FF AF2F 
  88      FF9B 3E5B 
  88      EBD3 B059 
  88      BADD 16FA 
  89 01ea 7309 F8B4 		.ascii	"s\t\370\264\266\021A\344\213\374\302u\035\221\013\341\216\236"
  89      B611 41E4 
  89      8BFC C275 
  89      1D91 0BE1 
  89      8E9E 
  90 01fc F6F3 E1E6 		.ascii	"\366\363\341\346\326\223\365\341&7r\305q\243\341\326\323\r\341"
  90      D693 F5E1 
  90      2637 72C5 
  90      71A3 E1D6 
  90      D30D E1
  91 020f C64E D791 		.ascii	"\306N\327\221\307\345\366\310\305&'\332\346F\272\272;\335\350"
  91      C7E5 F6C8 
  91      C526 27DA 
  91      E646 BABA 
  91      3BDD E8
  92 0222 E136 B21B 		.ascii	"\3416\262\033z\273\235h\213s\251\262\261\307u\213\031\315\235"
  92      7ABB 9D68 
  92      8B73 A9B2 
  92      B1C7 758B 
  92      19CD 9D
  93 0235 6DE6 99DE 		.ascii	"m\346\231\336.\247\254\276\275\333q\265\367\013Qy\356("
  93      2EA7 ACBE 
  93      BDDB 71B5 
  93      F70B 5179 
  93      EE28 
  94               		.text
  95               		.section	.gnu.lto_USB_GetNextDescriptorComp.437023f3c20e0bc4,"",@progbits
  96 0000 789C 6D54 		.string	"x\234mT]l\024U\024>g\316\314\316\354\316\226bECH#}i\032^\\M\023_\r\024}\302\304`\360\325\
  96      5D6C 1455 
  96      143E 67CE 
  96      CCCE ECCE 
  96      9662 4543 
  97 006e BE37 015A 		.ascii	"\2767\001Z\371\263\236\337\030\0014zg\371\3001\320\016\n2\314"
  97      F9B3 9EDF 
  97      1801 347A 
  97      67F9 C031 
  97      D00E 0A32 
  98 0083 050B 5424 		.ascii	"\005\013T$\374\341\024\200\212\232\2065\265\201\267\316T5\357"
  98      FCE1 1480 
  98      8A9A 8635 
  98      B581 B7CE 
  98      5435 EF
  99 0096 2C74 0254 		.ascii	",t\002T8\200o\266\r\322\270\210#\244\250\203(\307\312Ah1\310"
  99      3880 6FB6 
  99      0DD2 B888 
  99      23A4 A883 
  99      28C7 CA41 
 100 00ad B4C2 B683 		.ascii	"\264\302\266\203-\206\r\371W\017\035\"<x\270\367\2475\233\206"
 100      2D86 0DF9 
 100      570F 1D22 
 100      3C78 B8F7 
 100      A735 9B86 
 101 00c1 946A 53FE 		.ascii	"\224jS\376\221;\366\321\256\353\2122\004\320G"
 101      913B F6D1 
 101      AEEB 8A32 
 101      04D0 47
 102 00d0 80D5 E5F8 		.string	"\200\325\345\370B\271\030\033\306M\f\275\274\374\267_z\200\237\"\032\274\235\373}\372}W\2
 102      42B9 181B 
 102      C64D 0CBD 
 102      BCFC B75F 
 102      7A80 9F22 
 103 01d1 0CB1 288F 		.ascii	"\f\261(\217N\315Y\276z\262\334\251\374\233\033\217\235x\346i"
 103      4ECD 59BE 
 103      7AB2 DCA9 
 103      FC9B 1B8F 
 103      9D78 E669 
 104 01e5 E420 1C83 		.ascii	"\344 \034\203\2270\361\0026\3124\034\020h\030%\334\210\256]A"
 104      9730 F102 
 104      36CA 341C 
 104      1068 1825 
 104      DC88 AE5D 
 105 01fa 94A0 0456 		.ascii	"\224\240\004V\n\242U\246W\200.\356z\320U>\027\006\027\355>t\363"
 105      0AA2 55A6 
 105      5780 2EEE 
 105      7AD0 553E 
 105      1706 17ED 
 106 0211 48F9 FA71 		.ascii	"H\371\372q\365\033\266=~oi\254^<\244)\"\315\245\306\277\261\345"
 106      F51B B63D 
 106      7E6F 69AC 
 106      5E3C A429 
 106      22CD A5C6 
 107 0228 B298 BABF 		.ascii	"\262\230\272\277\253=\303\017\302Y\374\240U)\225]\320V\322\024"
 107      AB3D C30F 
 107      C259 FCA0 
 107      5529 955D 
 107      D056 D214 
 108 023c C64B D214 		.ascii	"\306K\322\024^\306,\302/\330\226\365t\017l\2025\364\301\261u"
 108      5EC6 2CC2 
 108      2FD8 96F5 
 108      740F 6C82 
 108      35F4 C1B1 
 109 0251 FAC4 9713 		.ascii	"\372\304\227\023\003r\230\312~\"9s\273\3741"
 109      0372 98CA 
 109      7E22 3973 
 109      BBFC 31
 110 0260 3292 BB6D 		.string	"2\222\273m\267,)'C\221>\342\326q\022[ M6+g\310\rL\315\334\370\f\003WXd\243b\225\207\257\3
 110      B72C 2927 
 110      4391 3EE2 
 110      D671 125B 
 110      204D 362B 
 111 0361 54EF 4EBC 		.ascii	"T\357N\274\035\333\335\264\2536\266m\307\253\233c[\275Ds\334"
 111      1DDB DDB4 
 111      AB36 B66D 
 111      C7AB 9B63 
 111      5BBD 4473 
 112 0376 6B88 ED78 		.ascii	"k\210\355xcK\254&\351\305y\331\273+\361\316\326xC\235\227\250"
 112      634B AC26 
 112      E9C5 79D9 
 112      BB2B F1CE 
 112      D678 439D 
 113 038c 6F4C 7A0D 		.ascii	"oLz\r\317\327\201\263e_c\274a{|OIM\223\347\005\210m\311\272\247"
 113      CFD7 81B3 
 113      655F 63BC 
 113      617B 7C4F 
 113      494D 93E7 
 114 03a6 6A92 7BEA 		.ascii	"j\222{\352k\275ZFmO65&\366\306\303\257x^\222\001;\343\321\327"
 114      6BBD 5A46 
 114      6D4F 3635 
 114      26F6 C6C3 
 114      AF78 5E92 
 115 03bf BD78 7381 		.ascii	"\275xs\201\346\312F$\231\364\017\025\363\273\177"
 115      E6CA 4624 
 115      99F4 0F15 
 115      F3BB 7F
 116               		.text
 117               		.section	.gnu.lto_.symbol_nodes.437023f3c20e0bc4,"",@progbits
 118 0000 789C 6363 		.string	"x\234cc``\350\005b\006\246\353\f\365\f\f\023\3161\200\250\231\r\007\033\330\200b7\030\352
 118      6060 E805 
 118      6206 A6EB 
 118      0CF5 0C0C 
 118      13CE 3180 
 119 0064 00        		.string	""
 120 0065 8982 261B 		.ascii	"\211\202&\033"
 121               		.text
 122               		.section	.gnu.lto_.refs.437023f3c20e0bc4,"",@progbits
 123 0000 789C 6363 		.string	"x\234cc```\004b\006"
 123      6060 6004 
 123      6206 00
 124 000b 00        		.string	""
 125 000c 4400      		.string	"D"
 126 000e 08        		.ascii	"\b"
 127               		.text
 128               		.section	.gnu.lto_.decls.437023f3c20e0bc4,"",@progbits
 129 0000 789C AD96 		.string	"x\234\255\226kP\023W\024\307\367\354\206\020B"
 129      6B50 1357 
 129      14C7 F7EC 
 129      8610 4200 
 130 0010 C747 4BDB 		.ascii	"\307GK\333tj\035>d\246-\321\332\251\372\245\343kj\235\351\330"
 130      746A 1D3E 
 130      64A6 2DD1 
 130      DAA9 FAA5 
 130      E36B 6A9D 
 131 0026 4EAD 9DB1 		.ascii	"N\255\235\261_\220BP\246\021\230\020\234\266_\272\200((uD[\225"
 131      5F90 4250 
 131      A611 9810 
 131      9CB6 5FBA 
 131      8028 2875 
 132 003d A288 963A 		.ascii	"\242\210\226:P\251\332\212AA1(T@\212\242\274\037\362\220\207"
 132      50A9 DA8A 
 132      4141 3128 
 132      5440 8AA2 
 132      BC1F F290 
 133 0052 0F10 502B 		.ascii	"\017\020P+\nJz\356\275\233dC\023\304\231\356\344d\263\367\376"
 133      0A4A 7AEE 
 133      BD9B 6443 
 133      13C4 99EE 
 133      E464 B3F7 
 134 0067 EFFF 9CFB 		.ascii	"\357\377\234\373\333\273{\243\3448\256^\315q\317\200\343f\363"
 134      DBBB 7BA3 
 134      E438 AE5E 
 134      CD71 CF80 
 134      E366 F3
 135 007a 1C67 C343 		.ascii	"\034g\303C\211m%\030^\030\3470\2121\316c\224aTq\354 }\215\030"
 135      896D 2518 
 135      5E18 E730 
 135      8A31 CE63 
 135      9461 5471 
 136 0093 5D18 0318 		.ascii	"]\030\003\030\203\030c\334\177\217?\320W\203\347u\030\3231f\312"
 136      8318 63DC 
 136      7F8F 3FD0 
 136      5783 E775 
 136      18D3 3166 
 137 00a8 3C0B 3142 		.ascii	"<\0131B0\264\030k1\274Q\253\304(\305\337x\342x`\347F7\276e\330"
 137      30B4 186B 
 137      31BC 51AB 
 137      C428 C5DF 
 137      78E2 7860 
 138 00c2 11E0 C6D7 		.ascii	"\021\340\306\327^\247\334W\205\332\206\t\376\205R\016\300/^\232"
 138      5EA7 DC57 
 138      85DA 8609 
 138      FE85 520E 
 138      C02F 5E9A 
 139 00d6 87BB 3C2D 		.ascii	"\207\273<-\377s\236\001\017y\332\261_=I\036\342\357\203\232N"
 139      FF73 9E01 
 139      0F79 DAB1 
 139      5F3D 491E 
 139      E2EF 839A 
 140 00eb C993 1CC4 		.ascii	"\311\223\034\304oP\252}\3421\202Z?\216\3250\321\257J\362P\003"
 140      6F50 AA7D 
 140      E231 825A 
 140      3F8E D530 
 140      D1AF 4AF2 
 141 0101 AB5F 5EFB 		.ascii	"\253_^\373%\231\367\230\207Z\177\024\240\3146b\r\330.\300t5\360"
 141      2599 F798 
 141      875A 7F14 
 141      A0CC 3662 
 141      0DD8 2EC0 
 142 0118 7879 6DA8 		.ascii	"xym\250\352\200/^\316T\3034\274\374utlH\300\313\265j\260\331"
 142      EA80 2F5E 
 142      CE54 C334 
 142      BCFC 7574 
 142      6C48 C0CB 
 143 0130 046C 38DE 		.ascii	"\004l8\336\177\346\211\037k \243S\267\364m\022x\372\263\266\257"
 143      7FE6 891F 
 143      6B20 A353 
 143      B7F4 6D12 
 143      78FA B3B6 
 144 0145 A452 08CE 		.ascii	"\244R\b\316\023\331\241\332\310A\001\b\366,\305i-\275j\341\003"
 144      13D9 A1DA 
 144      C841 0108 
 144      F62C C569 
 144      2DBD 6AE1 
 145 015a 22E4 CB4E 		.ascii	"\"\344\313N\305\377\340\003j]\262(&\210WE\321+\220\203|\320\302"
 145      C5FF E003 
 145      6A5D B228 
 145      2688 5745 
 145      D12B 9083 
 146 0171 49D0 7250 		.ascii	"I\320rP\004:\342}\032\2029\260`\343)l<B\f\255\266}srZEq6\024"
 146      043A E27D 
 146      1A82 39B0 
 146      60E3 296C 
 146      3C42 0CAD 
 147 018e 821A CE80 		.ascii	"\202\032\316\200@5x;\326\252Y\212\344\246\362x\320ls\230R\235"
 147      4035 783B 
 147      D6AA 598A 
 147      E4A6 F278 
 147      D06C 7398 
 148 01a4 DD97 83B3 		.ascii	"\335\227\203\263\240\221j\311\277~\267\310\333.L\366$\204s\240"
 148      A091 6AC9 
 148      BF7E B7C8 
 148      DB2E 4CF6 
 148      2484 73A0 
 149 01b8 41B1 EDD4 		.ascii	"A\261\355\324p\202\237\3345D#\323\026K\332b\252\275\336<T\252"
 149      7082 9FDC 
 149      3544 23D3 
 149      164B DA62 
 149      AABD DE3C 
 150 01ce 911B BBD5 		.ascii	"\221\033\273\325\236\247\332\343I\335\271*\344\250E\260 \343"
 150      9EA7 DAE3 
 150      49DD B92A 
 150      E4A8 45B0 
 150      20E3 
 151 01e0 AA65 5C73 		.ascii	"\252e\\s\017\346\224\372\t\337S^\203G\237\354\366\006\235\232"
 151      0FE6 94FA 
 151      09DF 535E 
 151      8347 9FEC 
 151      F606 9D9A 
 152 01f4 61B8 FF06 		.ascii	"a\270\377\006\302\205R,\371\202\223\201\2260\240<\255Y\242\200"
 152      C285 522C 
 152      F982 9381 
 152      9630 A03C 
 152      AD59 A280 
 153 0208 3CE7 6B61 		.ascii	"<\347ka.\322\274\2104\265\022\315\022\254\304\212\225\240{s\307"
 153      2ED2 BC88 
 153      34B5 12CD 
 153      12AC C48A 
 153      95A0 7B73 
 154 021d E561 7FB5 		.ascii	"\345a\177\265\244O~\216\036\312@\215c\216\345\215\235P+p1\221"
 154      A44F 7E8E 
 154      1ECA 408D 
 154      638E E58D 
 154      9D50 2B70 
 155 0233 5945 2988 		.ascii	"YE)\210M\351\335\374|\377\300=\264,Q\234\006\264*\346\304\301"
 155      4DE9 DDFC 
 155      7CFF C03D 
 155      B42C 519C 
 155      06B4 2AE6 
 156 0249 2508 C4EF 		.ascii	"%\b\304\357\277@\301\240\327\345\365\210\336r\216\330/\203S\016"
 156      BF40 C1A0 
 156      D7E5 F588 
 156      DE72 8ED8 
 156      2F83 530E 
 157 025d 1A69 2EA8 		.ascii	"\032i.\250-H\274{\317_\330\nt\366\343\303\375\231~\240\321y\030"
 157      2D48 BC7B 
 157      CF5F D80A 
 157      74F6 E3C3 
 157      FD99 7EA0 
 158 0274 0A97 B164 		.ascii	"\n\227\261d\347h\306h\360\250.\363\006Y*\225\330Q\341\304TNo"
 158      E768 C668 
 158      F0A8 2EF3 
 158      0659 2A95 
 158      D851 E1C4 
 159 028b 0166 C81B 		.ascii	"\001f\310\033n="
 159      6E3D 
 160 0291 2BC8 EFD4 		.string	"+\310\357\324$\226PEo\230\245r\364\221o;\264\001\256v`O\017\200t\002\032\354\032\350%\236
 160      2496 5045 
 160      6F98 A572 
 160      F491 6F3B 
 160      B401 AE76 
 161 0392 06A2 F078 		.string	"\006\242\360xQ\246\306\001\247\231\025\227(\246ZT\016:-\036\350\270"
 161      51A6 C601 
 161      A799 1597 
 161      28A6 5A54 
 161      0E3A 2D1E 
 162 03a9 6993 803C 		.ascii	"i\223\200<\207@;\022\270\301\374\366\326\246\336\022\334\022"
 162      8740 3B12 
 162      B8C1 FCF6 
 162      D6A6 DE12 
 162      DC12 
 163 03bb E820 043A 		.ascii	"\350 \004:)\201V;\201\346fK\221\032\tt \201\366\n]z^\274x\002"
 163      2981 563B 
 163      81E6 664B 
 163      911A 0974 
 163      2081 F60A 
 164 03d5 472E A642 		.ascii	"G.\246BhrBh\222C\350\242\020\332vu\037V\b\347y\217\020vw%\266"
 164      6872 4268 
 164      9243 E8A2 
 164      10DA 7675 
 164      1F56 08E7 
 165 03f0 2A1D 6DDD 		.ascii	"*\035m\335\254\276\364\303\333~\026\034dzXc\375AQj$dz\247B\346"
 165      ACBE F4C3 
 165      DB7E 161C 
 165      647A 5863 
 165      FD41 516A 
 166 040a D6D4 C8DC 		.ascii	"\326\324\310\334A2\267\231\337\201\355eW\324n\311\334%d\372)"
 166      4132 B799 
 166      DF81 ED65 
 166      57D4 6EC9 
 166      DC25 64FA 
 167 041f 993E 3B99 		.ascii	"\231>;\231\334\224\354\271\b&\013\301\214\276\312\226\206\310"
 167      DC94 ECB9 
 167      0826 0BC1 
 167      8CBE CA96 
 167      86C8 
 168 0431 1311 DC74 		.ascii	"\023\021\334tR\271)\2472@\2514\354J\033\361\025:\031\225c\215"
 168      52B9 29A7 
 168      3240 A934 
 168      EC4A 1BF1 
 168      153A 1995 
 169 0447 D916 A5E4 		.ascii	"\331\026\245\344\322\365\272\213\313=\247\313=\271\313 u9]X\237"
 169      D2F5 BA8B 
 169      CB3D A7CB 
 169      3DB9 CB20 
 169      7539 5D58 
 170 045c 1B20 2408 		.ascii	"\033 $\b\324\345N\335\356=\276t\212\225\216'\355HKF\266\217\003"
 170      D4E5 4EDD 
 170      EE3D BE74 
 170      8A95 8E27 
 170      ED48 4B46 
 171 0473 E330 9BE1 		.ascii	"\3430\233\341\311\202\352:\177\007\306\373S\301\370pj\030\037"
 171      C982 EA3A 
 171      7F07 C6FB 
 171      53C1 F870 
 171      6A18 1F
 172 0486 21C6 7F26 		.ascii	"!\306\177&\372\275\315\204\267\213\362\007Tv\341c\024\2160aI"
 172      FABD CD84 
 172      B78B F207 
 172      5476 E163 
 172      148E 3061 
 173 049b 4D92 45E1 		.ascii	"M\222E\341v\177\200'\004\370(\005\376\300\016\374\351\311\237"
 173      767F 8027 
 173      04F8 2805 
 173      FEC0 0EFC 
 173      E9C9 9F
 174 04ae 4614 12AB 		.ascii	"F\024\022\253\361\314\3515\242\270O$/q\224\301\220\023\326\220"
 174      F1CC E935 
 174      A2B8 4F24 
 174      2F71 94C1 
 174      9013 D690 
 175 04c2 1CD6 1885 		.ascii	"\034\326\030\205\325Wvf\334W\330\317`\375yq\244Y#\034b\027'\322"
 175      D557 7666 
 175      DC57 D8CF 
 175      60FD 7971 
 175      A459 231C 
 176 04da 47DA 48AD 		.ascii	"G\332H\255\360\214\216\302\226\254=w\366\252\204\034\332\255"
 176      F08C 8EC2 
 176      96AC 3D77 
 176      F6AA 841C 
 176      DAAD 
 177 04ec 186A 1087 		.ascii	"\030j\020\207y\230\021\024\244K#U^\025\343E\362\346\223v\002"
 177      7998 1114 
 177      A44B 2355 
 177      5E15 E345 
 177      F2E6 9376 
 178 0501 1827 558A 		.ascii	"\030'U\212\374\f\222\032\022y\035$\360A\020\317\007\321\027\343"
 178      FC0C 921A 
 178      1279 1D24 
 178      F041 10CF 
 178      07D1 17E3 
 179 0515 61BA 7D0E 		.ascii	"a\272}\016\016\004U\024\356\024\305-J:;\033\326I\006H\373)\335"
 179      0E04 5514 
 179      EE14 C52D 
 179      4A3A 3B1B 
 179      D649 0648 
 180 052c 09E7 691D 		.ascii	"\t\347i\035\352\013+7\213\326\022\006\342\251\253T\357\220\262"
 180      EA0B 2B37 
 180      8BD6 1206 
 180      E2A9 AB54 
 180      EF90 B2
 181 053f 3DEC 5179 		.ascii	"=\354Qy \256\025 \022N\232\272\364\022\336\377\240\364\222R\350"
 181      20AE 1520 
 181      124E 9ABA 
 181      F412 DEFF 
 181      A0F4 9252 
 182 0554 A533 E0D3 		.ascii	"\2453\340\323\2073ZT\240\233\301\006\365V\314L \203\266\240\357"
 182      8733 5A54 
 182      A09B C106 
 182      F556 CC4C 
 182      2083 B6A0 
 183 0569 66DE 818C 		.ascii	"f\336\201\214xp\234\247)B\022\316\314\323,1\337\216\246j\253"
 183      7870 9CA7 
 183      2942 12CE 
 183      CCD3 2C31 
 183      DF8E A66A 
 184 057e 46BE 7513 		.ascii	"F\276u\023w\347\326\275\225g\377k\360\214\342&\213\345A\200\\"
 184      77E7 D6BD 
 184      9567 FF6B 
 184      F08C E226 
 184      8BE5 4180 
 185 0593 DCE0 B2CF 		.ascii	"\334\340\262\317'K\342d*n\337\322\377\310\345OA\247\2138E\022"
 185      274B E264 
 185      2A6E DFD2 
 185      FFC8 E54F 
 185      41A7 8B38 
 186 05a9 A750 B125 		.ascii	"\247P\261%wh\277\313?\261R\227\277m\333$19\277k\214\374Jo\214"
 186      7768 BFCB 
 186      3FB1 5297 
 186      BF6D DB24 
 186      3139 BF6B 
 187 05c2 8B08 D57F 		.ascii	"\213\b\325\177\274\346\303%\372\345\246\310M\006S\254~\315\352"
 187      BCE6 C325 
 187      FAE5 A6C8 
 187      4D06 53AC 
 187      7ECD EA
 188 05d5 A5FA 65D1 		.ascii	"\245\372e\321&\003~EED\256_n\210\r3E\306\230\243M\261\301a\252"
 188      2603 7E45 
 188      4544 AE5F 
 188      6E88 0D33 
 188      45C6 98A3 
 189 05ee 15AB D6CC 		.ascii	"\025\253\326\314^\266h\021\247\212\213\2142\317{?\304\274@\037"
 189      5EB6 6811 
 189      A78A 8B8C 
 189      32CF 7B3F 
 189      C4BC 401F 
 190 0602 176B D21B 		.ascii	"\027k\322\033\243\303B\215\372e\006\2431\324\244\017\335dzg}"
 190      A3C3 428D 
 190      FA65 06A3 
 190      31D4 A40F 
 190      DD64 7A67 
 191 0617 58D8 E205 		.ascii	"X\330\342\005\372\005\301\357\005\317%\327\372\310\2500c\\\270"
 191      FA05 C1EF 
 191      05CF 25D7 
 191      FAC8 A830 
 191      635C B8
 192 062a 411F 6B0E 		.ascii	"A\037k\016\307\201\301\0338ob\2600\304<\213eY\026\2751&\324\024"
 192      C781 C11B 
 192      386F 62B0 
 192      30C4 3C8B 
 192      6559 16BD 
 193 0642 8A59 3E35 		.ascii	"\212Y>5\233B\314\363_\270\264\r\334,\354\rYa0\2572|cv\366xGE"
 193      9B42 CCF3 
 193      5FB8 B40D 
 193      DC2C EC0D 
 193      5961 30AF 
 194 065e 4745 C519 		.ascii	"GE\305\031\215\257\271\355\375$\342\363oc\f/\236-\214{s\022\277"
 194      8DAF B9ED 
 194      FD24 E2F3 
 194      6F63 0C2F 
 194      9E2D 8C7B 
 195 0675 A586 081C 		.ascii	"\245\206\b\0346{\022\305\222\b\263\301\364\212[\001!\241X\035"
 195      367B 12C5 
 195      9208 B3C1 
 195      F48A 5B01 
 195      21A1 581D 
 196 0689 F99D 4119 		.ascii	"\371\235A\031\023\032\366\265!\\A\364\013\237S\341\222/>[\250"
 196      131A F6B5 
 196      215C 41F4 
 196      0B9F 53E1 
 196      922F 3E5B 
 197 069e 0F0E D6AF 		.ascii	"\017\016\326\2576\207\273By\231\344p6\205|d\b\r7 \340\177\001"
 197      3687 BB42 
 197      7999 E470 
 197      3685 7C64 
 197      080D 3720 
 198 06b5 E040 C86D 		.ascii	"\340@\310m"
 199               		.text
 200               		.section	.gnu.lto_.symtab.437023f3c20e0bc4,"",@progbits
 201 0000 5553 425F 		.string	"USB_GetNextDescriptorOfType"
 201      4765 744E 
 201      6578 7444 
 201      6573 6372 
 201      6970 746F 
 202 001c 00        		.string	""
 203 001d 00        		.string	""
 204 001e 00        		.string	""
 205 001f 00        		.string	""
 206 0020 00        		.string	""
 207 0021 00        		.string	""
 208 0022 00        		.string	""
 209 0023 00        		.string	""
 210 0024 00        		.string	""
 211 0025 00        		.string	""
 212 0026 00        		.string	""
 213 0027 E200      		.string	"\342"
 214 0029 00        		.string	""
 215 002a 00        		.string	""
 216 002b 5553 425F 		.string	"USB_GetNextDescriptorOfTypeBefore"
 216      4765 744E 
 216      6578 7444 
 216      6573 6372 
 216      6970 746F 
 217 004d 00        		.string	""
 218 004e 00        		.string	""
 219 004f 00        		.string	""
 220 0050 00        		.string	""
 221 0051 00        		.string	""
 222 0052 00        		.string	""
 223 0053 00        		.string	""
 224 0054 00        		.string	""
 225 0055 00        		.string	""
 226 0056 00        		.string	""
 227 0057 00        		.string	""
 228 0058 ED00      		.string	"\355"
 229 005a 00        		.string	""
 230 005b 00        		.string	""
 231 005c 5553 425F 		.string	"USB_GetNextDescriptorOfTypeAfter"
 231      4765 744E 
 231      6578 7444 
 231      6573 6372 
 231      6970 746F 
 232 007d 00        		.string	""
 233 007e 00        		.string	""
 234 007f 00        		.string	""
 235 0080 00        		.string	""
 236 0081 00        		.string	""
 237 0082 00        		.string	""
 238 0083 00        		.string	""
 239 0084 00        		.string	""
 240 0085 00        		.string	""
 241 0086 00        		.string	""
 242 0087 00        		.string	""
 243 0088 EF00      		.string	"\357"
 244 008a 00        		.string	""
 245 008b 00        		.string	""
 246 008c 5553 425F 		.string	"USB_GetNextDescriptorComp"
 246      4765 744E 
 246      6578 7444 
 246      6573 6372 
 246      6970 746F 
 247 00a6 00        		.string	""
 248 00a7 00        		.string	""
 249 00a8 00        		.string	""
 250 00a9 00        		.string	""
 251 00aa 00        		.string	""
 252 00ab 00        		.string	""
 253 00ac 00        		.string	""
 254 00ad 00        		.string	""
 255 00ae 00        		.string	""
 256 00af 00        		.string	""
 257 00b0 00        		.string	""
 258 00b1 FB00      		.string	"\373"
 259 00b3 00        		.string	""
 260 00b4 00        		.string	""
 261               		.text
 262               		.section	.gnu.lto_.opts,"",@progbits
 263 0000 272D 666D 		.ascii	"'-fmath-errno' '-fsigned-zeros' '-ftrapping-m"
 263      6174 682D 
 263      6572 726E 
 263      6F27 2027 
 263      2D66 7369 
 264 002d 6174 6827 		.string	"ath' '-fno-trapv' '-fno-openmp' '-fno-openacc' '-mn-flash=1' '-mno-skip-bug' '-mmcu=avr5'
 264      2027 2D66 
 264      6E6F 2D74 
 264      7261 7076 
 264      2720 272D 
 265               		.text
 266               		.comm	__gnu_lto_v1,1,1
 267               		.comm	__gnu_lto_slim,1,1
 268               		.ident	"GCC: (GNU) 7.4.0"
DEFINED SYMBOLS
                            *ABS*:0000000000000000 ConfigDescriptors.c
/var/tmp//ccYzKxwT.s:2      *ABS*:000000000000003e __SP_H__
/var/tmp//ccYzKxwT.s:3      *ABS*:000000000000003d __SP_L__
/var/tmp//ccYzKxwT.s:4      *ABS*:000000000000003f __SREG__
/var/tmp//ccYzKxwT.s:5      *ABS*:0000000000000000 __tmp_reg__
/var/tmp//ccYzKxwT.s:6      *ABS*:0000000000000001 __zero_reg__
                            *COM*:0000000000000001 __gnu_lto_v1
                            *COM*:0000000000000001 __gnu_lto_slim

NO UNDEFINED SYMBOLS
