   1               		.file	"Events.c"
   2               	__SP_H__ = 0x3e
   3               	__SP_L__ = 0x3d
   4               	__SREG__ = 0x3f
   5               	__tmp_reg__ = 0
   6               	__zero_reg__ = 1
   7               		.section	.gnu.lto_.profile.482ddfafd3009c0e,"",@progbits
   8 0000 789C 6363 		.string	"x\234cc```\001bF\0066f"
   8      6060 6001 
   8      6246 0636 
   8      6600 
   9 000e 00        		.string	""
  10 000f 8700      		.string	"\207"
  11 0011 15        		.ascii	"\025"
  12               		.text
  13               		.section	.gnu.lto_.icf.482ddfafd3009c0e,"",@progbits
  14 0000 789C 6363 		.string	"x\234cc``\020a@"
  14      6060 1061 
  14      4000 
  15 000a 6686 96A7 		.string	"f\206\226\247s\266ps\336\373~\345\r#\327\256\226\243\217y\031"
  15      73B6 7073 
  15      DEFB 7EE5 
  15      0D23 D7AE 
  15      96A3 8F79 
  16 0020 643E 097E 		.ascii	"d>\t~"
  17               		.text
  18               		.section	.gnu.lto_.jmpfuncs.482ddfafd3009c0e,"",@progbits
  19 0000 789C 6363 		.string	"x\234cc``\220b@"
  19      6060 9062 
  19      4000 
  20 000a 6620 E664 		.string	"f \346ddd`\230\303\314\300\305\004e\2001"
  20      6464 6098 
  20      C3CC C0C5 
  20      0465 8031 
  20      00
  21 001b 18F6 021A 		.ascii	"\030\366\002\032"
  22               		.text
  23               		.section	.gnu.lto_.inline.482ddfafd3009c0e,"",@progbits
  24 0000 789C 6363 		.string	"x\234cc``\260`@"
  24      6060 B060 
  24      4000 
  25 000a 6620 6262 		.string	"f bbd`\0022\331\026\310\203(\006N\f\021.\f\021\006"
  25      6460 0232 
  25      D916 C883 
  25      2806 4E0C 
  25      112E 0C11 
  26 0020 52FA 02C2 		.ascii	"R\372\002\302"
  27               		.text
  28               		.section	.gnu.lto_.pureconst.482ddfafd3009c0e,"",@progbits
  29 0000 789C 6363 		.string	"x\234cc``\020\007bn\006\006F\t&\tf\t\026\tV\t6\tv\t\016\tN\006.\006"
  29      6060 1007 
  29      626E 0606 
  29      4609 2609 
  29      6609 1609 
  30 0021 0EFB 0120 		.ascii	"\016\373\001 "
  31               		.text
  32               		.section	.gnu.lto_USB_Event_Stub.482ddfafd3009c0e,"",@progbits
  33 0000 789C 6363 		.string	"x\234cc``\250\005b- \226\006bFf\006F\246\t\347\030\030\0329\230\030\031A\214\006\016F\206
  33      6060 A805 
  33      622D 2096 
  33      0662 4666 
  33      0646 A609 
  34 0035 0407 A64F 		.string	"\004\007\246O\223lXq\200q\0163\003\3034 \006\001\306\315\214\232\f@e\2176\376\233\312\313
  34      936C 5871 
  34      8071 0E33 
  34      03C3 3420 
  34      0601 C6CD 
  35 0073 A581 7634 		.string	"\245\201v4\034`\350df\002\261\232\0170\274clR"
  35      1C60 E864 
  35      6602 B19A 
  35      0F30 BC63 
  35      6C52 00
  36 0086 EB00      		.string	"\353"
  37 0088 810E 6646 		.string	"\201\016fF\2200P\251FNf\222~NiZ\242\276O\250\233\243\276KQfYjQ\261~h\260\223\276s~Q\252\2
  37      9030 50A9 
  37      464E 6692 
  37      7E4E 695A 
  37      A2BE 4FA8 
  38 00ba 193B 384A 		.ascii	"\031;8J"
  39               		.text
  40               		.section	.gnu.lto_USB_Event_Stub_2.482ddfafd3009c0e,"",@progbits
  41 0000 789C 6363 		.string	"x\234cc``\330\n\304\272@,\r\304\214\314\f\214L\023\316104r012\202\030\r\034\214\f\365L\21
  41      6060 D80A 
  41      C4BA 402C 
  41      0DC4 8CCC 
  41      0C8C 4C13 
  42 003e E31C 6606 		.string	"\343\034f\006\206i@\f\002\214\233\0315\201\252v\037\335\326\314\310\254\315\310"
  42      8669 400C 
  42      028C 9B19 
  42      3581 AA76 
  42      1FDD D6CC 
  43 0057 647F 7CFA 		.string	"d\177|\372\366:\247\372\322\206\tM\r\007\336\2704\360\314afd\334\302\310\f\324\301h,\303h
  43      F63A A7FA 
  43      D286 094D 
  43      0D07 DEB8 
  43      34F0 CC61 
  44 007a 1460 60DC 		.string	"\024``\334\312\250\016R\374h\343\277\251\274l,\020\363\030\2671\26210\002\031\353/\261\03
  44      CAA8 0E52 
  44      FC68 E3BF 
  44      A9BC 6C2C 
  44      10F3 18B7 
  45 00f2 FAD1 4A05 		.ascii	"\372\321J\005"
  46               		.text
  47               		.section	.gnu.lto_USB_Event_Stub_3.482ddfafd3009c0e,"",@progbits
  48 0000 789C 6363 		.string	"x\234cc``x\013\304\006@,\r\304\214\314\f\214L\023\316104r012\202\030\r\034\214\f\365L\214
  48      6060 780B 
  48      C406 402C 
  48      0DC4 8CCC 
  48      0C8C 4C13 
  49 003e E31C 6606 		.string	"\343\034f\006\206i@\f\002\214\233\0315\201\252v\037\335\326\314\310\254\315\310"
  49      8669 400C 
  49      028C 9B19 
  49      3581 AA76 
  49      1FDD D6CC 
  50 0057 647F 7CFA 		.string	"d\177|\372\366:\247\372\322\206\tM\r\007\336\2704\360\314afd\334\302\310\f\324\301h,\303h
  50      F63A A7FA 
  50      D286 094D 
  50      0D07 DEB8 
  50      34F0 CC61 
  51 007a 1460 60DC 		.string	"\024``\334\312\250\016T\373\275\365\345e\026f=\260\276U\357\272\2262B\365\375q\203\350\33
  51      CAA8 0E54 
  51      FBBD F5E5 
  51      6516 663D 
  51      B0BE 55EF 
  52 00c5 4A03 FDD4 		.string	"J\003\375\324p\200\241\223\231\t\304j>\300\360\216\261I\001\254\003\004:\200f\002\205\201
  52      7080 A193 
  52      9909 C46A 
  52      3EC0 F08E 
  52      B149 01AC 
  53 0112 4B43 5C59 		.ascii	"KC\\Y"
  54               		.text
  55               		.section	.gnu.lto_.symbol_nodes.482ddfafd3009c0e,"",@progbits
  56 0000 789C 6363 		.string	"x\234cc``\330\013\304\fL\022\365\f\f\023\31610"
  56      6060 D80B 
  56      C40C 4C12 
  56      F50C 0C13 
  56      CE31 3000 
  57 0014 A95D 0D8E 		.string	"\251]\r\216@\001\201zF\230@W\203\013P@\260\236\tU@\250\236\031U@\270\236\005U@\244\236\02
  57      4001 817A 
  57      4698 4057 
  57      830B 5040 
  57      B09E 0955 
  58 0053 16D2 2ACD 		.ascii	"\026\322*\315"
  59               		.text
  60               		.section	.gnu.lto_.refs.482ddfafd3009c0e,"",@progbits
  61 0000 789C 6363 		.string	"x\234cc``\320\004bFFf \301\004\"\230A\004\013\210`\005\021l \202\035Dp"
  61      6060 D004 
  61      6246 4666 
  61      20C1 0422 
  61      9841 040B 
  62 001f 0906 00   		.string	"\t\006"
  63 0022 0DA4 00   		.string	"\r\244"
  64 0025 74        		.ascii	"t"
  65               		.text
  66               		.section	.gnu.lto_.decls.482ddfafd3009c0e,"",@progbits
  67 0000 789C 9D95 		.ascii	"x\234\235\225]LTG\024\307\347\334\273\013\364R\300\230\306\222"
  67      5D4C 5447 
  67      14C7 E7DC 
  67      BB0B F452 
  67      C098 C692 
  68 0014 749B AA49 		.ascii	"t\233\252IS\036Z\256\251M\254O\265E\355Kc\023-m\322\264\301\353"
  68      531E 5AAE 
  68      A94D AC4F 
  68      B545 ED4B 
  68      6313 2D6D 
  69 002c 7295 8DDB 		.ascii	"r\225\215\333\305\356\007}j:\200(\305\252M\264D\251\026\332\007"
  69      C5EE 077D 
  69      6A3A 8028 
  69      C5AA 4DB4 
  69      44A9 16DA 
  70 0041 2BF1 0352 		.ascii	"+\361\003R[\254(\272Z\254\362!*HE\212.*\212 \312J\225/Qzf\346"
  70      5BAC 28BA 
  70      5AAC F221 
  70      2A48 458A 
  70      2E2A 8A20 
  71 005d DE65 91A5 		.ascii	"\336e\221\2455L\366\334\275s\346?\347\374f\316\334L\024!d\376"
  71      354C F6DC 
  71      BD73 E63F 
  71      E7FC 66CE 
  71      DC4C 1421 
  72 0073 3384 F403 		.ascii	"3\204\364\003!\027\360}\024\233\005\377\217\243\241\213T\022"
  72      2117 F07D 
  72      149B 05FF 
  72      8FA3 A18B 
  72      5412 
  73 0085 D162 D18E 		.ascii	"\321b\321\216\2425\242\265\240]A\353@\353F\013\242\365\243\215"
  73      A235 A2B5 
  73      A05D 41EB 
  73      40EB 460B 
  73      A2F5 A38D 
  74 0099 1031 C90A 		.ascii	"\0201\311\nd"
  74      64
  75 009e 42FB 1244 		.string	"B\373\022D\274\345F\037\214xO6\220\b\221\f]e\230\226D\210\031;\2116R\376\2552\224\345u\22
  75      BCE5 461F 
  75      8C78 4F36 
  75      9008 910C 
  75      5D65 9896 
  76 019f 96CF 30B6 		.string	"\226\3170\266\221@\025$\342\323e\021\263\032\312\353\373\224\331%4\330N\375\027w\277\332Q
  76      9140 1524 
  76      E2D3 6511 
  76      B31A CAEB 
  76      FB94 D925 
  77 01db CF78 A6ED 		.ascii	"\317x\246\355\316^\253\\-:\345;F\316\307X$\002~>\013=\217\332"
  77      CE5E AB5C 
  77      2D3A E53B 
  77      46CE C758 
  77      2402 7E3E 
  78 01f3 B21F 4B78 		.ascii	"\262\037Kx\334\246+\020\217\335\223\243\003\376\004\321\225\260"
  78      DCA6 2B10 
  78      8FDD 93A3 
  78      03FE 04D1 
  78      95B0 
  79 0205 DB18 ACDF 		.ascii	"\333\030\254\337\031\213\335\347\024\230\306\002\237\334\375"
  79      198B DDE7 
  79      1498 C602 
  79      9FDC FD
  80 0214 209A 1D01 		.ascii	" \232\035\001J\317QjMd\262j\254\370\037\300\370O\002\036(Pmp"
  80      4ACF 516A 
  80      4D64 B26A 
  80      ACF8 1FC0 
  80      F84F 021E 
  81 022c 421C 98FD 		.ascii	"B\034\230\375}\367\367G\211X\t\330\315\277\272\276I\021\261\006"
  81      7DF7 F747 
  81      8958 09D8 
  81      CDBF BABE 
  81      4911 B106 
  82 0240 D970 F360 		.ascii	"\331p\363`\325\360\263r\r\007\263\004\016tn\002H\262\001(h\273"
  82      D5F0 B372 
  82      0D07 B304 
  82      0E74 6E02 
  82      48B2 0128 
  83 0256 CC23 4EA0 		.ascii	"\314#N\240\016\317\354i\343\224c+\242\230=\370\025sG:\2725x\024"
  83      0ECF EC69 
  83      E394 632B 
  83      A298 3DF8 
  83      1573 473A 
  84 026e EB38 463D 		.ascii	"\3538F=b\325\"G\021\215\341\036LX\177\242\272Q\232\376-\013\214"
  84      62D5 2247 
  84      118D E11E 
  84      4C58 7FA2 
  84      BA51 9AFE 
  85 0285 8F05 C063 		.ascii	"\217\005\300c\237B\335\237\034\377\fL7\027\301?\274\353w{\342"
  85      9F42 DD9F 
  85      1CFF 0C4C 
  85      3717 C13F 
  85      BCEB 777B 
  86 029a 6735 4031 		.ascii	"g5@1\3356\223\217\241\357l\307\272|+n\037\201\006\230%\276\272"
  86      DD36 938F 
  86      A1EF 6CC7 
  86      BA7C 2B6E 
  86      1F81 0698 
  87 02b1 634D DBAC 		.ascii	"cM\333\254\362\025\261\273\007n\325\224E\263\335=\207\3459\013"
  87      F215 B1BB 
  87      076E D594 
  87      45B3 DD3D 
  87      87E5 390B 
  88 02c5 1638 0E16 		.ascii	"\0268\016\026\346?\350\317>c\301R\226\370\251\277\363HR[\305"
  88      E63F E8CF 
  88      3E63 C152 
  88      96F8 A9BF 
  88      F348 525B 
  89 02da 564A D759 		.ascii	"VJ\327Yx\301\341\230YI8\217\023\216\031+\205F^\310\252\276\037"
  89      78C1 E198 
  89      5949 388F 
  89      138E 192B 
  89      8546 5EC8 
  90 02f1 2A14 79A3 		.ascii	"*\024y\2434I\355\376\033\261\331@\034G\365\027&\271 \250N\025"
  90      3449 EDFE 
  90      1BB1 D940 
  90      1C47 F517 
  90      26B9 20A8 
  91 0307 F48E C41A 		.ascii	"\364\216\304\032T\255\237\344Q\1776p\242\246\020\321E\0247\231"
  91      54AD 9FE4 
  91      517F 3670 
  91      A2A6 10D1 
  91      4514 3799 
  92 031b 442D 9CA8 		.ascii	"D-\234\250m\270`_\224\\:5\242\277#\021\265a\222VAt\371aW0\336"
  92      6DB8 605F 
  92      945C 3A35 
  92      A2BF 2311 
  92      B561 9256 
  93 0336 20BA 1646 		.ascii	" \272\026Ft)Dt\031\305\227L\242+\234\250\353t\303w\tr\315\324"
  93      7429 4474 
  93      19C5 974C 
  93      A22B 9CA8 
  93      EB74 C377 
  94 034e 88AE 4622 		.ascii	"\210\256F\"\272\206I\332\005\321\376\234\034\376\0212\242\356"
  94      BA86 49DA 
  94      05D1 FE9C 
  94      1CFE 1132 
  94      A2EE 
  95 0360 30A2 4088 		.ascii	"0\242@\210\350:\212\003&Q\007'\332\374c\351qI\356\235\032Qg$"
  95      E83A 8A03 
  95      2651 0727 
  95      DAFC 63E9 
  95      7149 EE9D 
  96 0378 A25B 98E4 		.ascii	"\242[\230\344\246 Z\267\331\277\315\334\243\2760\242\033!\242"
  96      A620 5AB7 
  96      D9BF CDDC 
  96      A3BE 30A2 
  96      1B21 A2
  97 038b 2E14 DF30 		.ascii	".\024\3370\211\2729Q\371\341\3577Z\344|yJDw\"\021\335\305$=\202"
  97      89BA 3951 
  97      F9E1 EF37 
  97      5AE4 7C79 
  97      4A44 7722 
  98 03a5 287B 47D1 		.ascii	"({G\321vs\217\206\303\210n\207\210zQ|\333$\nr\242\342\265M\345"
  98      7673 8F86 
  98      C388 6E87 
  98      887A 517C 
  98      DB24 0A72 
  99 03be 0972 C9D4 		.ascii	"\tr\311\324\210\376\211Dt\037\223\364\t\242\353\315\205E&\321"
  99      88FE 8944 
  99      741F 93F4 
  99      09A2 EBCD 
  99      8545 26D1 
 100 03d2 894F C788 		.ascii	"\211O\307\210\356\205\210\036\240\370\236I\324\317\211J6=\030"
 100      EE85 881E 
 100      A0F8 9E49 
 100      D4CF 894A 
 100      363D 18
 101 03e5 8D93 0F4E 		.ascii	"\215\223\017N\215h(\022\3210&\031\024D\335\265\033k\255\006Q"
 101      8D68 2812 
 101      D130 2619 
 101      1444 DDB5 
 101      1B6B AD06 
 102 03fa 6D18 D140 		.ascii	"m\030\321@\210\350!\212\007L\242\021A\264\276u\007\310\315\202"
 102      88E8 218A 
 102      074C A211 
 102      41B4 BE75 
 102      07C8 CD82 
 103 040e A873 5F73 		.ascii	"\250s_sc\034\317\305nq\027\217:\230;R(Or\231\214\362\313\344"
 103      631C CFC5 
 103      6E71 178F 
 103      3A98 3B52 
 103      284F 7299 
 104 0426 3118 B7C9 		.ascii	"1\030\267\311PAW1 @9\277Mf\336\b\335&\250\203Gc\267\311\243\360"
 104      5041 5731 
 104      2040 39BF 
 104      4D66 DE08 
 104      DD26 A883 
 105 0440 DB84 4A0C 		.ascii	"\333\204J\f\243\345v\317O\321\362\315\3111\266\\\313m\213\n\371"
 105      A3E5 76CF 
 105      4FD1 F2CD 
 105      C931 B65C 
 105      CB6D 8B0A 
 106 0455 7224 EE2C 		.ascii	"r$\356,h\331Pe\235\204m\255\304\330r%\203\355\364\316K\301h\203"
 106      68D9 5065 
 106      9D84 6DAD 
 106      C4D8 7225 
 106      83ED F4CE 
 107 046d AD2F 957E 		.ascii	"\255/\225~C\231\0365\220-\205\270\360u\214+O\232M^q:V\250N\337"
 107      4399 1E35 
 107      902D 85B8 
 107      F075 8C2B 
 107      4F9A 4D5E 
 108 0487 4A4D 7D2F 		.ascii	"JM}/u\361\333\352B\267#Kw{\324\324e\357\250)\231n]]\224\245\273"
 108      75F1 DBEA 
 108      42B7 234B 
 108      777B D4D4 
 108      65EF A829 
 109 04a2 BC9E 647B 		.ascii	"\274\236d{\314\273KRg\246\314\237O\242}\016\227\367\3154\357"
 109      CCBB 4B52 
 109      67A6 CC9F 
 109      4FA2 7D0E 
 109      97F7 CD34 
 110 04b7 3CD5 E771 		.ascii	"<\325\347q\253\316L\273\346TSt\247Ss\253Z\226\373\265Uv\373\202"
 110      ABCE 4CBB 
 110      E654 5374 
 110      A753 73AB 
 110      5A96 FBB5 
 111 04cf 79EA BCE4 		.ascii	"y\352\274\3447\222\347\260\276\352p\331\235\276t]\365x\323q^"
 111      3792 E7B0 
 111      BEEA 70D9 
 111      9DBE 745D 
 111      F578 D371 
 112 04e4 7206 89C7 		.ascii	"r\006\211\307\320i<j\3322\257oE\322S\346'\211\213>\\\264\344"
 112      D069 3C6A 
 112      DA32 AF6F 
 112      45D2 53E6 
 112      2789 8B3E 
 113 04fb 8334 367B 		.ascii	"\20346{\241\236\345\260\353i)\231.\227n\367Z\276\320\265\325"
 113      A19E E5B0 
 113      EB69 2999 
 113      2E97 6EF7 
 113      5ABE D0B5 
 114 0510 167B 86E6 		.ascii	"\026{\206\346N\030\037\232X5\247C\363<e\206\f\362\302\204\f\013"
 114      4E18 1F9A 
 114      5835 A743 
 114      F33C 6586 
 114      0CF2 C284 
 115 0526 1D1E BB48 		.ascii	"\035\036\273H\362R\244\354^w\246s\251\376\271O\367x_\2164\276"
 115      F252 A4EC 
 115      5E77 A673 
 115      A9FE B94F 
 115      F778 5F8E 
 116 053c D2B1 CAE7 		.ascii	"\322\261\312\347\326\274\216LWJ\206\346Z\245\247O\\\3032\237"
 116      D6BC 8E4C 
 116      574A 86E6 
 116      5AA5 A74F 
 116      5CC3 329F 
 117 0550 678D EE4A 		.ascii	"g\215\356J\177~\302\300G\332j=u\315\214\t\376\245\272G\367\276"
 117      7F7E C2C0 
 117      47DA 6A3D 
 117      75CD 8C09 
 117      FEA5 BA47 
 118 0566 3831 8E57 		.ascii	"81\216Ws{\337_\271\330\255}\246O\033\277\ri\257?\351\230\373"
 118      737B DF5F 
 118      B9D8 AD7D 
 118      A64F 1BBF 
 118      0D69 AF3F 
 119 057d 2F39 1E4C 		.ascii	"/9\036L}"
 119      7D
 120               		.text
 121               		.section	.gnu.lto_.symtab.482ddfafd3009c0e,"",@progbits
 122 0000 5553 425F 		.string	"USB_Event_Stub"
 122      4576 656E 
 122      745F 5374 
 122      7562 00
 123 000f 00        		.string	""
 124 0010 00        		.string	""
 125 0011 00        		.string	""
 126 0012 00        		.string	""
 127 0013 00        		.string	""
 128 0014 00        		.string	""
 129 0015 00        		.string	""
 130 0016 00        		.string	""
 131 0017 00        		.string	""
 132 0018 00        		.string	""
 133 0019 00        		.string	""
 134 001a BE00      		.string	"\276"
 135 001c 00        		.string	""
 136 001d 00        		.string	""
 137 001e 4556 454E 		.string	"EVENT_USB_Device_Connect"
 137      545F 5553 
 137      425F 4465 
 137      7669 6365 
 137      5F43 6F6E 
 138 0037 00        		.string	""
 139 0038 01        		.ascii	"\001"
 140 0039 00        		.string	""
 141 003a 00        		.string	""
 142 003b 00        		.string	""
 143 003c 00        		.string	""
 144 003d 00        		.string	""
 145 003e 00        		.string	""
 146 003f 00        		.string	""
 147 0040 00        		.string	""
 148 0041 00        		.string	""
 149 0042 D200      		.string	"\322"
 150 0044 00        		.string	""
 151 0045 00        		.string	""
 152 0046 4556 454E 		.string	"EVENT_USB_Device_Disconnect"
 152      545F 5553 
 152      425F 4465 
 152      7669 6365 
 152      5F44 6973 
 153 0062 00        		.string	""
 154 0063 01        		.ascii	"\001"
 155 0064 00        		.string	""
 156 0065 00        		.string	""
 157 0066 00        		.string	""
 158 0067 00        		.string	""
 159 0068 00        		.string	""
 160 0069 00        		.string	""
 161 006a 00        		.string	""
 162 006b 00        		.string	""
 163 006c 00        		.string	""
 164 006d D800      		.string	"\330"
 165 006f 00        		.string	""
 166 0070 00        		.string	""
 167 0071 4556 454E 		.string	"EVENT_USB_Device_ControlRequest"
 167      545F 5553 
 167      425F 4465 
 167      7669 6365 
 167      5F43 6F6E 
 168 0091 00        		.string	""
 169 0092 01        		.ascii	"\001"
 170 0093 00        		.string	""
 171 0094 00        		.string	""
 172 0095 00        		.string	""
 173 0096 00        		.string	""
 174 0097 00        		.string	""
 175 0098 00        		.string	""
 176 0099 00        		.string	""
 177 009a 00        		.string	""
 178 009b 00        		.string	""
 179 009c DE00      		.string	"\336"
 180 009e 00        		.string	""
 181 009f 00        		.string	""
 182 00a0 4556 454E 		.string	"EVENT_USB_Device_ConfigurationChanged"
 182      545F 5553 
 182      425F 4465 
 182      7669 6365 
 182      5F43 6F6E 
 183 00c6 00        		.string	""
 184 00c7 01        		.ascii	"\001"
 185 00c8 00        		.string	""
 186 00c9 00        		.string	""
 187 00ca 00        		.string	""
 188 00cb 00        		.string	""
 189 00cc 00        		.string	""
 190 00cd 00        		.string	""
 191 00ce 00        		.string	""
 192 00cf 00        		.string	""
 193 00d0 00        		.string	""
 194 00d1 E400      		.string	"\344"
 195 00d3 00        		.string	""
 196 00d4 00        		.string	""
 197 00d5 4556 454E 		.string	"EVENT_USB_Device_Suspend"
 197      545F 5553 
 197      425F 4465 
 197      7669 6365 
 197      5F53 7573 
 198 00ee 00        		.string	""
 199 00ef 01        		.ascii	"\001"
 200 00f0 00        		.string	""
 201 00f1 00        		.string	""
 202 00f2 00        		.string	""
 203 00f3 00        		.string	""
 204 00f4 00        		.string	""
 205 00f5 00        		.string	""
 206 00f6 00        		.string	""
 207 00f7 00        		.string	""
 208 00f8 00        		.string	""
 209 00f9 EA00      		.string	"\352"
 210 00fb 00        		.string	""
 211 00fc 00        		.string	""
 212 00fd 4556 454E 		.string	"EVENT_USB_Device_WakeUp"
 212      545F 5553 
 212      425F 4465 
 212      7669 6365 
 212      5F57 616B 
 213 0115 00        		.string	""
 214 0116 01        		.ascii	"\001"
 215 0117 00        		.string	""
 216 0118 00        		.string	""
 217 0119 00        		.string	""
 218 011a 00        		.string	""
 219 011b 00        		.string	""
 220 011c 00        		.string	""
 221 011d 00        		.string	""
 222 011e 00        		.string	""
 223 011f 00        		.string	""
 224 0120 F000      		.string	"\360"
 225 0122 00        		.string	""
 226 0123 00        		.string	""
 227 0124 4556 454E 		.string	"EVENT_USB_Device_Reset"
 227      545F 5553 
 227      425F 4465 
 227      7669 6365 
 227      5F52 6573 
 228 013b 00        		.string	""
 229 013c 01        		.ascii	"\001"
 230 013d 00        		.string	""
 231 013e 00        		.string	""
 232 013f 00        		.string	""
 233 0140 00        		.string	""
 234 0141 00        		.string	""
 235 0142 00        		.string	""
 236 0143 00        		.string	""
 237 0144 00        		.string	""
 238 0145 00        		.string	""
 239 0146 F600      		.string	"\366"
 240 0148 00        		.string	""
 241 0149 00        		.string	""
 242 014a 4556 454E 		.string	"EVENT_USB_Device_StartOfFrame"
 242      545F 5553 
 242      425F 4465 
 242      7669 6365 
 242      5F53 7461 
 243 0168 00        		.string	""
 244 0169 01        		.ascii	"\001"
 245 016a 00        		.string	""
 246 016b 00        		.string	""
 247 016c 00        		.string	""
 248 016d 00        		.string	""
 249 016e 00        		.string	""
 250 016f 00        		.string	""
 251 0170 00        		.string	""
 252 0171 00        		.string	""
 253 0172 00        		.string	""
 254 0173 FC00      		.string	"\374"
 255 0175 00        		.string	""
 256 0176 00        		.string	""
 257 0177 5553 425F 		.string	"USB_Event_Stub_2"
 257      4576 656E 
 257      745F 5374 
 257      7562 5F32 
 257      00
 258 0188 00        		.string	""
 259 0189 00        		.string	""
 260 018a 00        		.string	""
 261 018b 00        		.string	""
 262 018c 00        		.string	""
 263 018d 00        		.string	""
 264 018e 00        		.string	""
 265 018f 00        		.string	""
 266 0190 00        		.string	""
 267 0191 00        		.string	""
 268 0192 00        		.string	""
 269 0193 00        		.string	""
 270 0194 0100      		.string	"\001"
 271 0196 00        		.string	""
 272 0197 5553 425F 		.string	"USB_Event_Stub_3"
 272      4576 656E 
 272      745F 5374 
 272      7562 5F33 
 272      00
 273 01a8 00        		.string	""
 274 01a9 00        		.string	""
 275 01aa 00        		.string	""
 276 01ab 00        		.string	""
 277 01ac 00        		.string	""
 278 01ad 00        		.string	""
 279 01ae 00        		.string	""
 280 01af 00        		.string	""
 281 01b0 00        		.string	""
 282 01b1 00        		.string	""
 283 01b2 00        		.string	""
 284 01b3 0501 00   		.string	"\005\001"
 285 01b6 00        		.string	""
 286               		.text
 287               		.section	.gnu.lto_.opts,"",@progbits
 288 0000 272D 666D 		.ascii	"'-fmath-errno' '-fsigned-zeros' '-ftrapping-m"
 288      6174 682D 
 288      6572 726E 
 288      6F27 2027 
 288      2D66 7369 
 289 002d 6174 6827 		.string	"ath' '-fno-trapv' '-fno-openmp' '-fno-openacc' '-mn-flash=1' '-mno-skip-bug' '-mmcu=avr5'
 289      2027 2D66 
 289      6E6F 2D74 
 289      7261 7076 
 289      2720 272D 
 290               		.text
 291               		.comm	__gnu_lto_v1,1,1
 292               		.comm	__gnu_lto_slim,1,1
 293               		.ident	"GCC: (GNU) 7.4.0"
DEFINED SYMBOLS
                            *ABS*:0000000000000000 Events.c
/var/tmp//ccKsDKqs.s:2      *ABS*:000000000000003e __SP_H__
/var/tmp//ccKsDKqs.s:3      *ABS*:000000000000003d __SP_L__
/var/tmp//ccKsDKqs.s:4      *ABS*:000000000000003f __SREG__
/var/tmp//ccKsDKqs.s:5      *ABS*:0000000000000000 __tmp_reg__
/var/tmp//ccKsDKqs.s:6      *ABS*:0000000000000001 __zero_reg__
                            *COM*:0000000000000001 __gnu_lto_v1
                            *COM*:0000000000000001 __gnu_lto_slim

NO UNDEFINED SYMBOLS
