   1               		.file	"USBTask.c"
   2               	__SP_H__ = 0x3e
   3               	__SP_L__ = 0x3d
   4               	__SREG__ = 0x3f
   5               	__tmp_reg__ = 0
   6               	__zero_reg__ = 1
   7               		.section	.gnu.lto_.profile.65776faecf410946,"",@progbits
   8 0000 789C 6363 		.string	"x\234cc```\001bF\006MQ"
   8      6060 6001 
   8      6246 064D 
   8      5100 
   9 000e 00        		.string	""
  10 000f DF00      		.string	"\337"
  11 0011 4A        		.ascii	"J"
  12               		.text
  13               		.section	.gnu.lto_.icf.65776faecf410946,"",@progbits
  14 0000 789C 6363 		.string	"x\234cc``\020a@"
  14      6060 1061 
  14      4000 
  15 000a 6686 95F3 		.string	"f\206\225\363.\255ed\352\334\365\3717's\377\337\367\317y\031"
  15      2EAD 6564 
  15      EADC F5F9 
  15      3727 73FF 
  15      DFF7 CF79 
  16 0020 6171 0993 		.ascii	"aq\t\223"
  17               		.text
  18               		.section	.gnu.lto_.jmpfuncs.65776faecf410946,"",@progbits
  19 0000 789C 6363 		.string	"x\234cc``\340b@"
  19      6060 E062 
  19      4000 
  20 000a 2638 0100 		.string	"&8\001"
  21 000e 01B0 00   		.string	"\001\260"
  22 0011 15        		.ascii	"\025"
  23               		.text
  24               		.section	.gnu.lto_.inline.65776faecf410946,"",@progbits
  25 0000 789C 6363 		.string	"x\234cc``0b@"
  25      6060 3062 
  25      4000 
  26 000a 2606 0651 		.string	"&\006\006Q>F\006&\245\206\245\214\fl\013\344\231@\202\214\\`\031\026\036F\220<\2520\003"
  26      3E46 0626 
  26      A586 A58C 
  26      0C6C 0BE4 
  26      9940 828C 
  27 002a 7239 0362 		.ascii	"r9\003b"
  28               		.text
  29               		.section	.gnu.lto_.pureconst.65776faecf410946,"",@progbits
  30 0000 789C 6363 		.string	"x\234cc```\005b&\006)&\t"
  30      6060 6005 
  30      6226 0629 
  30      2609 00
  31 000f 00        		.string	""
  32 0010 FC00      		.string	"\374"
  33 0012 42        		.ascii	"B"
  34               		.text
  35               		.section	.gnu.lto_USB_DeviceTask.65776faecf410946,"",@progbits
  36 0000 789C 9554 		.ascii	"x\234\225T]L\\U\020>\337=\367\217e\227m\223\032\377\366\241\211"
  36      5D4C 5C55 
  36      103E DF3D 
  36      F78F 6597 
  36      6D93 1AFF 
  37 0017 2186 A661 		.ascii	"!\206\246a\233\250\211\017\276\340\337\223\017F\255O&\246\nD"
  37      9BA8 890F 
  37      BEE0 DF93 
  37      0F46 AD4F 
  37      26A6 0A44 
  38 002b D2A6 354B 		.ascii	"\322\2465K\313\233"
  38      CB9B 
  39 0031 E1C2 6E81 		.string	"\341\302n\201\002\246\230\326\355\206l\332M\f\372B\254V\254\256EzY(\265XJ\213[PI\225\030]
  39      02A6 98D6 
  39      ED86 6CDA 
  39      4D0C FA42 
  39      AC56 ACAE 
  40 0132 8B32 D605 		.ascii	"\2132\326\005Yl\340\353F\026B\264Q|\252\323q\305\001\272\322"
  40      596C E0EB 
  40      4616 42B4 
  40      517C AAD3 
  40      71C5 01BA 
  41 0147 29EA 8A59 		.ascii	")\352\212Yd\342\327V^\342\254\335\022\004(\276?3nu\310\244\324"
  41      64E2 D756 
  41      5EE2 ACDD 
  41      1204 28BE 
  41      3F33 6E75 
  42 015e BD62 D2E9 		.ascii	"\275b\322\351\271i\253\361\246c\223\"%\025\346\371?.\277\037"
  42      B969 ABF1 
  42      A663 9322 
  42      2515 E6F9 
  42      3F2E BF1F 
  43 0172 48E1 6893 		.ascii	"H\341h\223\203\2444\360)q\365\t\250\"\244\221\202\370\t\261o"
  43      83A4 34F0 
  43      2971 F509 
  43      A822 A491 
  43      82F8 09B1 
  44 0187 87B6 FE43 		.ascii	"\207\266\376C@\003\002\237AU~@J\221\330\242\362/\265\037\033"
  44      4003 029F 
  44      4155 7E40 
  44      4A91 D8A2 
  44      F22F B51F 
  45 019c 5FBE 2E57 		.ascii	"_\276.W\311\210)\262\017\233\367yd\304%\212\210\0228\005\023"
  45      C988 29B2 
  45      0F9B F779 
  45      64C4 258A 
  45      8812 3805 
  46 01b1 FDCC 513F 		.ascii	"\375\314Q?g\260\351\257\251\276\321\224\246 _\343\214\375\207"
  46      67B0 E9AF 
  46      A9BE D194 
  46      A620 5FE3 
  46      8CFD 87
  47 01c4 7A7B 24E3 		.ascii	"z{$\343\213y\370>G(\217o\200\361\315\242\371\367V/\243\212PB"
  47      8B79 F83E 
  47      4728 8F6F 
  47      80F1 CDA2 
  47      F9F7 562F 
  48 01dc 4148 195D 		.ascii	"AH\031]j\371\306P\032\037))L\357\273\277\271A\016+\021\304i\n"
  48      6AF9 C650 
  48      1A1F 2929 
  48      4CEF BBBF 
  48      B941 0E2B 
  49 01f4 E061 7DF3 		.ascii	"\340a}\363\346\336uH\347O\207\f\017M\234X-F\352\022\322AF:\310"
  49      E6DE 7548 
  49      E74F 870C 
  49      0F4D 9C58 
  49      2D46 EA12 
  50 020d 514B E9AF 		.ascii	"QK\351\257\351\221\316\016\277B:\307H\307fZ\336\262o!\315\254"
  50      E991 CE0E 
  50      BF42 3AC7 
  50      48C7 665A 
  50      DEB2 6F21 
  51 0223 221D 52   		.ascii	"\"\035R"
  52 0226 48A3 4BA6 		.string	"H\243K\246\350\226~\345\3347|\266\305fg\r\3000\231\021\323\323C#\003\337A%\360\223\315\36
  52      E896 7EE5 
  52      DC37 7CB6 
  52      C566 670D 
  52      C030 9911 
  53 0327 9710 9203 		.ascii	"\227\020\222\003G\257\376|\1771\231 2'\020\3225\352\275)\026"
  53      47AF FE7C 
  53      7F31 9920 
  53      3227 10D2 
  53      35EA BD29 
  54 033c 02D4 FB39 		.ascii	"\002\324\3739Dg:\016F\341}h\326n\270\025\247\001\021\370\n\215"
  54      4467 3A0E 
  54      46E1 7D68 
  54      D66E B815 
  54      A701 11F8 
  55 0352 F4C1 B0BD 		.ascii	"\364\301\260\2755\265\324\300\344\240\375\277\246fQN\023\243"
  55      35B5 D4C0 
  55      E4A0 FDBF 
  55      A666 514E 
  55      13A3 
  56 0364 F68A 9A78 		.ascii	"\366\212\232x\303X\317\347\tjb\366\016M\274L\234N2\247\223\\"
  56      C358 CFE7 
  56      096A 62F6 
  56      0E4D BC4C 
  56      9C4E 32A7 
  57 037a F546 0A54 		.ascii	"\365F\nT\274\216\006\255\343\324\232\001a\273\177k\366\327D4"
  57      BC8E 06AD 
  57      E3D4 9A01 
  57      61BB 7F6B 
  57      F6D7 4434 
  58 038e C5F1 0AB2 		.ascii	"\305\361\n\262\363\037\276y\252(\277\035`\025\335*v\325\275\022"
  58      F31F BE79 
  58      AA28 BF1D 
  58      6015 DD2A 
  58      76D5 BD12 
  59 03a2 DEB5 AF76 		.ascii	"\336\265\257vG\370\231\355OW\205\237\214\3245\324D\352\303\333"
  59      47F8 99ED 
  59      4F57 859F 
  59      8CD4 35D4 
  59      44EA C3DB 
  60 03b6 9F7F 3CFC 		.ascii	"\237\177<\374\304\236H\r\037^\330Q\277\263\362U\341\1776R\323"
  60      C49E 480D 
  60      1F5E D851 
  60      BFB3 F255 
  60      E17F 3652 
  61 03cb F0D4 EEEA 		.ascii	"\360\324\356\352\327\367\324\355\336\373\330\177\270U\275\370"
  61      D7F7 D4ED 
  61      DEFB D87F 
  61      B855 BDF8 
  62 03db DCA3 E1CA 		.ascii	"\334\243\341\312J\365[pz\231o\225\257\t\253\252\272:RS_\3777"
  62      4AF5 5B70 
  62      7A99 6F95 
  62      AF09 ABAA 
  62      BA3A 5253 
  63 03f2 618E 141A 		.ascii	"a\216\024\032"
  64               		.text
  65               		.section	.gnu.lto_USB_USBTask.65776faecf410946,"",@progbits
  66 0000 789C 6363 		.string	"x\234cc``X\016\304\332@,\r\304\214\314\f\214L\023\316104r012\202\030\r\034\214\f\365L\214
  66      6060 580E 
  66      C4DA 402C 
  66      0DC4 8CCC 
  66      0C8C 4C13 
  67 003e E31C 6606 		.string	"\343\034f\006\206i@\f\002\214\233\0315\031\200\312\036m\3747\225\227\215\005\"\316\270\20
  67      8669 400C 
  67      028C 9B19 
  67      3519 80CA 
  67      1E6D FC37 
  68 0072 31D0 8E86 		.string	"1\320\216\206\003\f\235\314L V\363\001\2067\214\315\013\036K\203\365"
  68      030C 9DCC 
  68      4C20 56F3 
  68      0186 378C 
  68      CD0B 1E4B 
  69 0089 0DDA B9F3 		.string	"\r\332\271\363\315m\366\372\277\r\034s\230\031\2471\003\ra\334\312X\3170\007\250\372\035c
  69      CD6D F6FA 
  69      BF0D 1C73 
  69      9819 A731 
  69      030D 61DC 
  70 00de 00        		.string	""
  71 00df DE4C 46F6 		.ascii	"\336LF\366"
  72               		.text
  73               		.section	.gnu.lto_.symbol_nodes.65776faecf410946,"",@progbits
  74 0000 789C 35CA 		.ascii	"x\2345\312\273\r\2000\020\004\321\361Yv!T\002\275\320\207\017"
  74      BB0D 8030 
  74      1004 D1F1 
  74      5976 2154 
  74      02BD D087 
  75 0015 0922 126A 		.ascii	"\t\"\022j\240\013\310h\200\214oD\023\244\b\033\211`\265\301\033"
  75      A00B C868 
  75      808C 6F44 
  75      13A4 081B 
  75      8960 B5C1 
  76 002a 0F94 71C8 		.ascii	"\017\224q\310A\200n&\335\240\223zp\0334Y\302\235`~\034\265\210"
  76      4180 6E26 
  76      DDA0 937A 
  76      701B 3459 
  76      C29D 607E 
  77 0041 B462 AA44 		.ascii	"\264b\252DnA\276\306\234\004\371\032P\315\301\342\250\333[\254"
  77      6E41 BEC6 
  77      9C04 F91A 
  77      50CD C1E2 
  77      A8DB 5BAC 
  78 0055 407F 3D86 		.ascii	"@\177=\206\027\332\301\027\347"
  78      17DA C117 
  78      E7
  79               		.text
  80               		.section	.gnu.lto_.refs.65776faecf410946,"",@progbits
  81 0000 789C 6363 		.string	"x\234cc```\003bF bd"
  81      6060 6003 
  81      6246 2062 
  81      6400 
  82 000e 00        		.string	""
  83 000f 00        		.string	""
  84 0010 A900      		.string	"\251"
  85 0012 10        		.ascii	"\020"
  86               		.text
  87               		.section	.gnu.lto_.decls.65776faecf410946,"",@progbits
  88 0000 789C 8D56 		.string	"x\234\215V{P\224U\024\377\316w\227eY^\246N1\0235\214C34c\254MNj\217\311\302\036\316X\343\
  88      7B50 9455 
  88      14FF CE77 
  88      9765 595E 
  88      A64E 3113 
  89 0054 1773 3BF7 		.ascii	"\027s;\367\261\273\0374\214\334\341\354w\317\271\347\376\316"
  89      B1BB 1F34 
  89      8CDC E1EC 
  89      77CF B9E7 
  89      FECE 
  90 0066 EF9C FB42 		.string	"\357\234\373B/I\322\207FI*\224%\351\002\366\203\330\b~\217I\221F\365r\224\n\224\243B\257A
  90      2F49 D287 
  90      4649 2A94 
  90      25E9 02F6 
  90      83D8 087E 
  91 0167 E02A 403A 		.ascii	"\340*@:\245s\200\241\303O\320\201<\313a\n\316\275\337\335Q\025"
  91      A573 80A1 
  91      C34F D081 
  91      3CCB 610A 
  91      CEBD DFDD 
  92 017d 4396 333A 		.ascii	"C\2263:\352\276\355-\261\210S\2008\003\312z\325\237\205(2\003"
  92      EABE ED2D 
  92      B188 5380 
  92      3803 CA7A 
  92      D59F 8528 
  93 0193 391C 0139 		.ascii	"9\034\0019\254\005\251` \205%\225e2Y\303@\372\272\356\267\021"
  93      AC05 A960 
  93      2085 2595 
  93      6532 59C3 
  93      40FA BAEE 
  94 01a9 04E9 44DA 		.ascii	"\004\351D\332\315\305){\367\347\2529z\316\344H\004\344\210\310"
  94      CDC5 297B 
  94      F7E7 AA39 
  94      7ACE E448 
  94      04E4 88C8 
  95 01bd 138E 3280 		.ascii	"\023\2162\200\254\342\237\232u\244\t\030B\351\372\253{\r\033"
  95      ACE2 9F9A 
  95      75A4 0918 
  95      42E9 FAAB 
  95      7B0D 1B
  96 01d0 0924 1B21 		.ascii	"\t$\033!\bT\377\347\360\275x\256\323\341\275;\366\324\304\223"
  96      0854 FFE7 
  96      F0BD 78AE 
  96      D3E1 BD3B 
  96      F6D4 C493 
  97 01e4 6EE6 2BDF 		.ascii	"n\346+\337,\276\367e4\244\031w\2632\rV\276\260\243MUS\240\n\214"
  97      2CBE F765 
  97      34A4 1977 
  97      B332 0D56 
  97      BEB0 A34D 
  98 01fd E08F 444B 		.ascii	"\340\217DK\306s&\345\250j\266\352/PI\222$\352\b\307 \215\242"
  98      C673 26E5 
  98      A86A B6EA 
  98      2F50 4992 
  98      24EA 08C7 
  99 0214 522F F815 		.ascii	"R/\370\025\222\341\027H\246\021\206\327\235-\2162\242\377\332"
  99      92E1 1748 
  99      A611 86D7 
  99      9D2D 8E32 
  99      A2FF DA
 100 0227 F1F9 9F2F 		.ascii	"\361\371\237/,x\373\251]ja\265\352\277\274mj\255\252n\233\r\325"
 100      2C78 FBA9 
 100      5D6A 61B5 
 100      EABF BC6D 
 100      6AAD AA6E 
 101 023e C8A0 9233 		.ascii	"\310\240\2223\b\257Z%M\032j\340)\234sw`K\251\201\354\346{\"\357"
 101      08AF 5A25 
 101      4D1A 6AE0 
 101      299C 7377 
 101      604B A981 
 102 0257 C89D 5351 		.ascii	"\310\235SQ\230\341D#\030P=\324[|\210&<\031\223\240\303W\207K"
 102      98E1 4423 
 102      1850 3DD4 
 102      5B7C 8826 
 102      3C19 93A0 
 103 026f 2A12 F8B0 		.ascii	"*\022\370\260\036\325\332\340\240?\221\2532\252\r}g\276\215\345"
 103      1ED5 DAE0 
 103      A03F 91AB 
 103      32AA 0D7D 
 103      67BE 8DE5 
 104 0283 DE13 50AD 		.ascii	"\336\023P\255_W\226O\370\250\016\325]\315\337VE\221\303<NQ`\270"
 104      5F57 964F 
 104      F8A8 0ED5 
 104      5DCD DF56 
 104      4591 C33C 
 105 029b 8F8E 2DC6 		.ascii	"\217\216-\306\312\006\211\246\264\213yi\177\331z\271\333H\374"
 105      CA06 89A6 
 105      B48B 7969 
 105      7FD9 7AB9 
 105      DB48 FC
 106 02ae CC59 AE3D 		.ascii	"\314Y\256=\230\365y\f\030\323X\335.\250j\024\326\341\024&]\207"
 106      98F5 790C 
 106      18D3 58DD 
 106      2EA8 6A14 
 106      D6E1 1426 
 107 02c4 4943 3D56 		.ascii	"IC=Vb\261\250\30494\236E#_\203\333\225S\366\320\355z\001\013"
 107      62B1 A8C4 
 107      3934 9E45 
 107      235F 83DB 
 107      9553 F6D0 
 108 02dc 703E B204 		.ascii	"p>\262\004\213\215|\257\376}\361`\205\221\324q>\r\373s;u\344"
 108      8B8D 7CAF 
 108      FE7D F160 
 108      8591 D471 
 108      3E0D FB73 
 109 02f3 0257 4E37 		.ascii	"\002WN7\266\344%\222\026\256\354\257\036l\215#\327\270R\366\315"
 109      B6E4 2592 
 109      16AE ECAF 
 109      1E6C 8D23 
 109      D7B8 52F6 
 110 0308 E015 A34E 		.ascii	"\340\025\243N\226\240\221\355\032\264\334\276\327\323\024Gz\331"
 110      96A0 91ED 
 110      1AB4 DCBE 
 110      D7D3 1447 
 110      7AD9 
 111 031a 70F4 C0DD 		.ascii	"p\364\300\335\315g\342!55uRjZ\352N\266\312\203\355)%GsUu\203"
 111      CD67 E221 
 111      3535 7552 
 111      6A5A EA4E 
 111      B6CA 83ED 
 112 0335 9EF1 3883 		.ascii	"\236\3618\203<.\303\244\b\375\323@\327\343YzG\362\t\267\246\256"
 112      3C2E C3A4 
 112      08FD D340 
 112      D7E3 597A 
 112      47F2 09B7 
 113 034b 53FD C780 		.ascii	"S\375\307\200m\234\213\302[,\372\264Q\256\201\251\353\231+\005"
 113      6D9C 8BC2 
 113      5B2C FAB4 
 113      51AE 81A9 
 113      EB99 2B05 
 114 035f 6E18 0D5C 		.ascii	"n\030\r\\\027\001\336J\313\261E\315R\351\245p\002\035\216\243"
 114      1701 DE4A 
 114      CBB1 45CD 
 114      52E9 A570 
 114      021D 8EA3 
 115 0373 3481 4E62 		.ascii	"4\201Nb3\350\276\270\202El\203ThA"
 115      33E8 BEB8 
 115      8245 6C83 
 115      5468 41
 116 0382 6945 F90D 		.string	"iE\371\r\245\035R\331\301\340\261\256kh]\032I\313\024\016\304\353\336\276/\t\217+P\027I\0
 116      A51D 52D9 
 116      C1E0 B1AE 
 116      6B68 5D1A 
 116      49CB 140E 
 117 0483 1E2E F807 		.ascii	"\036.\370\007\207o0\366\324\247\036\230\231)}\257\260>\375\301"
 117      876F 30F6 
 117      D4A7 1E98 
 117      9929 7DAF 
 117      B03E FDC1 
 118 0497 F8B7 BEFE 		.ascii	"\370\267\276\3767?6\356\263\360\251fWUh/H\320\013q\354b\306/"
 118      373F 36EE 
 118      B3F0 A966 
 118      5755 682F 
 118      48D0 0B71 
 119 04af 3AB7 769E 		.ascii	":\267v\236\356O0\212\2533\347!W!\334d\001Zo\024m\211\323\006"
 119      EE4F 308A 
 119      AB33 E721 
 119      5721 DC64 
 119      015A 6F14 
 120 04c7 A077 7F24 		.ascii	"\240w\177$@\237\b\320\307\002\024\3645\034O$m|\341\276/\331^"
 120      409F 08D0 
 120      C702 14F4 
 120      351C 4F24 
 120      6D7C E1BE 
 121 04de 9640 86B8 		.ascii	"\226@\206\270\262\261\252:_OO\375\255\320\251\337p9k'!\033tl"
 121      B2B1 AA3A 
 121      5F4F 4FFD 
 121      ADD0 A9DF 
 121      7039 6B27 
 122 04f6 F8C0 A70D 		.ascii	"\370\300\247\r\345l\370Nh\270`ps}\242\366\301\244\247\206\321"
 122      E56C F84E 
 122      68B8 6070 
 122      737D A2F6 
 122      C1A4 A786 
 123 050b 85BB F4D8 		.ascii	"\205\273\364\330\r\214x4\333\276\b\226\022\361h\236\337H\002"
 123      0D8C 7834 
 123      DBBE 0896 
 123      12F1 689E 
 123      DF48 02
 124 051e 27CE 65D3 		.ascii	"'\316e\3237k\366I\231:B\177hw\302m\334\345\375\3327o\220=YE\237"
 124      376B F649 
 124      993A 427F 
 124      6877 C26D 
 124      DCE5 FDDA 
 125 0539 6F3E 114F 		.ascii	"o>\021O\232tcp\275\335\321>O\240\337z\231?\245\337\031\031\362"
 125      9A74 6370 
 125      BDDD D13E 
 125      4FA0 DF7A 
 125      993F A5DF 
 126 0550 5018 F91E 		.ascii	"P\030\371\036\"\017i\221\003\f\271\266\267\261GO\356\214\205"
 126      220F 6991 
 126      030C B9B6 
 126      B7B1 474F 
 126      EE8C 85
 127 0563 7CAD A4B1 		.ascii	"|\255\244\261!\036-\022\313\017\323A\333\320\332\373_\2211\376"
 127      211E 2D12 
 127      CB0F D341 
 127      DBD0 DAFB 
 127      5F91 31FE 
 128 0577 5778 C0D2 		.ascii	"Wx\300\322\376\027D\336\r\305{v\304\bf\355uO6\340\265\200'\273"
 128      FE17 44DE 
 128      0DC5 7B76 
 128      C408 66ED 
 128      754F 36E0 
 129 058f 10A8 1F0C 		.ascii	"\020\250\037\f\207\271\335Gn\303ZnA\306\255t\347\332\237\rdS"
 129      87B9 DD47 
 129      6EC3 5A6E 
 129      41C6 AD74 
 129      E7DA 9F0D 
 130 05a5 D418 DCFE 		.ascii	"\324\030\334\376\277(]\025u=\240eF\217\017_\224l\031\027e\255"
 130      BF28 5D15 
 130      753D A065 
 130      468F 0F5F 
 130      946C 1917 
 131 05bb AC5D 948B 		.ascii	"\254]\224\2139\271\315:A\356\372\362p\331\320\tT9D-K\326Q-Bm"
 131      39B9 CD3A 
 131      41EE FAF2 
 131      70D9 D009 
 131      5439 442D 
 132 05d5 9D3C 454A 		.ascii	"\235<EJX\224\371\232y\216\262\312nU\026Z<\313\322\034\366\245"
 132      5894 F99A 
 132      798E B2CA 
 132      6E55 165A 
 132      3CCB D21C 
 133 05eb 2687 EF3D 		.ascii	"&\207\357=\213i\336\2427^5\315q\333W)n\217\t\235L\031.\267B;"
 133      8B69 DEA2 
 133      375E 35CD 
 133      71DB 5729 
 133      6E8F 099D 
 134 0605 D42D DD6A 		.ascii	"\324-\335jx\363\235E)\031\263fIO\217w\206\024KC\t5%\022\326<"
 134      78F3 9D45 
 134      2919 B366 
 134      494F 8F77 
 134      8614 4B43 
 135 061f DFED B22A 		.ascii	"\337\355\262*\036O\206\313\351u\273\034\013\224\225>\305\343"
 135      1E4F 86CB 
 135      E975 BB1C 
 135      0B94 953E 
 135      C5E3 
 136 0631 7DF1 21B0 		.ascii	"}\361!\260\257\276\273`\246)=\335\30412\275\026\247\315\342\266"
 136      AFBE BB60 
 136      A629 3DDD 
 136      C431 32BD 
 136      16A7 CDE2 
 137 0646 E1E4 F40F 		.ascii	"\341\344\364\017\244\304\b8\016x\225h\237\335\351\235i\366\316"
 137      A4C4 0838 
 137      0E78 9568 
 137      9FDD E99D 
 137      69F6 CE
 138 0659 30F9 3C6E 		.ascii	"0\371<n\223\303e\2658L\031\212\303aq\233,\253\334\317\274o\265"
 138      93C3 65B5 
 138      384C 198A 
 138      C361 719B 
 138      2CAB DCCF 
 139 0670 CE9E 619A 		.ascii	"\316\236a\232\221>=}\032\325Mv\247\325\341\263)&\217\327\206"
 139      913E 3D7D 
 139      1AD5 4D76 
 139      A7D5 E1B3 
 139      2926 8FD7 
 140 0685 F310 6F22 		.ascii	"\363\020o\"\305\033IO\277z\256\323\246|d\240\310\317>oF\375]"
 140      C51B 494F 
 140      BF7A AED3 
 140      A67C 64A0 
 140      C8CF 3E6F 
 141 069c 8BC3 A718 		.ascii	"\213\303\247\030\226\212\361\370\245\313Eo\341\232\025\212~\205"
 141      968A F1F8 
 141      A5CB 456F 
 141      E19A 158A 
 141      7E85 
 142 06ae C5BA 4CB1 		.ascii	"\305\272L\261E\257\236\2478\337\367~0s\234\271ezm\032\020$2\231"
 142      45AF 9EA7 
 142      38DF F77E 
 142      3073 9CB9 
 142      657A 6D1A 
 143 06c6 1211 26F3 		.ascii	"\022\021&\363[\212\305\246\270\315\336G\250q\256g\256\323\356"
 143      5B8A C5A6 
 143      B8CD DE47 
 143      A871 AE67 
 143      AED3 EE
 144 06d9 B55B 1CF6 		.ascii	"\265[\034\366\217\025[\224\3715\227\313\361\370\353N\333\n\027"
 144      8F15 5B94 
 144      F935 97CB 
 144      F1F8 EB4E 
 144      DB0A 17
 145 06ec F233 BFA9 		.ascii	"\3623\277\251x3|n\267\342\364\206L\361\026\307j\313\032\217\331"
 145      7833 7C6E 
 145      B7E2 F486 
 145      4CF1 16C7 
 145      6ACB 1A8F 
 146 0701 EE74 D89D 		.ascii	"\356t\330\235\312\304\325\026\267\323\354s\372<\212\315\354V"
 146      CAC4 D516 
 146      B7D3 EC73 
 146      FA3C 8ACD 
 146      EC56 
 147 0713 3C3E 87F7 		.ascii	"<>\207\367\245qRd\337p \252!\315'\264\221C\3759v\267b\365\332"
 147      A571 5264 
 147      DF70 20AA 
 147      21CD 27B4 
 147      9143 FD39 
 148 072c 5DCE C7C2 		.ascii	"]\316\307\302\243\231\212\003M!5)l\237\353\311|}\341\242\371"
 148      A399 8A03 
 148      4D21 3529 
 148      6C9F EBC9 
 148      7C7D E1A2 
 149 0741 0B14 AB82 		.ascii	"\013\024\253\202am\377\001\331\226\356\242"
 149      616D FF01 
 149      D996 EEA2 
 150               		.text
 151               		.section	.gnu.lto_.symtab.65776faecf410946,"",@progbits
 152 0000 5553 425F 		.string	"USB_DeviceState"
 152      4465 7669 
 152      6365 5374 
 152      6174 6500 
 153 0010 00        		.string	""
 154 0011 04        		.ascii	"\004"
 155 0012 00        		.string	""
 156 0013 0100      		.string	"\001"
 157 0015 00        		.string	""
 158 0016 00        		.string	""
 159 0017 00        		.string	""
 160 0018 00        		.string	""
 161 0019 00        		.string	""
 162 001a 00        		.string	""
 163 001b C400      		.string	"\304"
 164 001d 00        		.string	""
 165 001e 00        		.string	""
 166 001f 5553 425F 		.string	"USB_USBTask"
 166      5553 4254 
 166      6173 6B00 
 167 002b 00        		.string	""
 168 002c 00        		.string	""
 169 002d 00        		.string	""
 170 002e 00        		.string	""
 171 002f 00        		.string	""
 172 0030 00        		.string	""
 173 0031 00        		.string	""
 174 0032 00        		.string	""
 175 0033 00        		.string	""
 176 0034 00        		.string	""
 177 0035 00        		.string	""
 178 0036 BA00      		.string	"\272"
 179 0038 00        		.string	""
 180 0039 00        		.string	""
 181 003a 5553 425F 		.string	"USB_ControlRequest"
 181      436F 6E74 
 181      726F 6C52 
 181      6571 7565 
 181      7374 00
 182 004d 00        		.string	""
 183 004e 04        		.ascii	"\004"
 184 004f 00        		.string	""
 185 0050 0800      		.string	"\b"
 186 0052 00        		.string	""
 187 0053 00        		.string	""
 188 0054 00        		.string	""
 189 0055 00        		.string	""
 190 0056 00        		.string	""
 191 0057 00        		.string	""
 192 0058 E200      		.string	"\342"
 193 005a 00        		.string	""
 194 005b 00        		.string	""
 195 005c 5553 425F 		.string	"USB_IsInitialized"
 195      4973 496E 
 195      6974 6961 
 195      6C69 7A65 
 195      6400 
 196 006e 00        		.string	""
 197 006f 04        		.ascii	"\004"
 198 0070 00        		.string	""
 199 0071 0100      		.string	"\001"
 200 0073 00        		.string	""
 201 0074 00        		.string	""
 202 0075 00        		.string	""
 203 0076 00        		.string	""
 204 0077 00        		.string	""
 205 0078 00        		.string	""
 206 0079 EA00      		.string	"\352"
 207 007b 00        		.string	""
 208 007c 00        		.string	""
 209 007d 5553 425F 		.string	"USB_Device_ProcessControlRequest"
 209      4465 7669 
 209      6365 5F50 
 209      726F 6365 
 209      7373 436F 
 210 009e 00        		.string	""
 211 009f 02        		.ascii	"\002"
 212 00a0 00        		.string	""
 213 00a1 00        		.string	""
 214 00a2 00        		.string	""
 215 00a3 00        		.string	""
 216 00a4 00        		.string	""
 217 00a5 00        		.string	""
 218 00a6 00        		.string	""
 219 00a7 00        		.string	""
 220 00a8 00        		.string	""
 221 00a9 BC00      		.string	"\274"
 222 00ab 00        		.string	""
 223 00ac 00        		.string	""
 224               		.text
 225               		.section	.gnu.lto_.opts,"",@progbits
 226 0000 272D 666D 		.ascii	"'-fmath-errno' '-fsigned-zeros' '-ftrapping-m"
 226      6174 682D 
 226      6572 726E 
 226      6F27 2027 
 226      2D66 7369 
 227 002d 6174 6827 		.string	"ath' '-fno-trapv' '-fno-openmp' '-fno-openacc' '-mn-flash=1' '-mno-skip-bug' '-mmcu=avr5'
 227      2027 2D66 
 227      6E6F 2D74 
 227      7261 7076 
 227      2720 272D 
 228               		.text
 229               		.comm	__gnu_lto_v1,1,1
 230               		.comm	__gnu_lto_slim,1,1
 231               		.ident	"GCC: (GNU) 7.4.0"
DEFINED SYMBOLS
                            *ABS*:0000000000000000 USBTask.c
/var/tmp//ccPLCsMW.s:2      *ABS*:000000000000003e __SP_H__
/var/tmp//ccPLCsMW.s:3      *ABS*:000000000000003d __SP_L__
/var/tmp//ccPLCsMW.s:4      *ABS*:000000000000003f __SREG__
/var/tmp//ccPLCsMW.s:5      *ABS*:0000000000000000 __tmp_reg__
/var/tmp//ccPLCsMW.s:6      *ABS*:0000000000000001 __zero_reg__
                            *COM*:0000000000000001 __gnu_lto_v1
                            *COM*:0000000000000001 __gnu_lto_slim

NO UNDEFINED SYMBOLS
