   1              		.cpu cortex-m4
   2              		.eabi_attribute 27, 1
   3              		.eabi_attribute 28, 1
   4              		.eabi_attribute 20, 1
   5              		.eabi_attribute 21, 1
   6              		.eabi_attribute 23, 3
   7              		.eabi_attribute 24, 1
   8              		.eabi_attribute 25, 1
   9              		.eabi_attribute 26, 1
  10              		.eabi_attribute 30, 4
  11              		.eabi_attribute 34, 1
  12              		.eabi_attribute 18, 4
  13              		.file	"rgb_matrix_drivers.c"
  14              		.text
  15              	.Ltext0:
  16              		.cfi_sections	.debug_frame
  17              	.Letext0:
  18              		.file 1 "/usr/local/Cellar/gcc-arm-none-eabi/20180627/arm-none-eabi/include/machine/_default_types
  19              		.file 2 "/usr/local/Cellar/gcc-arm-none-eabi/20180627/arm-none-eabi/include/sys/_stdint.h"
  20              		.file 3 "quantum/color.h"
  21              		.file 4 "quantum/rgb_matrix_types.h"
  22              		.file 5 "tmk_core/protocol/arm_atsam/clks.h"
  23              		.file 6 "tmk_core/common/action.h"
  24              		.file 7 "tmk_core/common/report.h"
  25              		.file 8 "tmk_core/common/host.h"
  26              		.file 9 "tmk_core/common/debug.h"
  27              		.file 10 "quantum/keycode_config.h"
  28              		.file 11 "quantum/keymap.h"
  29              		.file 12 "tmk_core/common/action_layer.h"
  30              		.file 13 "tmk_core/common/timer.h"
  31              		.file 14 "tmk_core/common/action_util.h"
  32              		.file 15 "/usr/local/Cellar/gcc-arm-none-eabi/20180627/arm-none-eabi/include/sys/lock.h"
  33              		.file 16 "/usr/local/Cellar/gcc-arm-none-eabi/20180627/arm-none-eabi/include/sys/_types.h"
  34              		.file 17 "/usr/local/Cellar/gcc-arm-none-eabi/20180627/lib/gcc/arm-none-eabi/7.3.1/include/stddef.
  35              		.file 18 "/usr/local/Cellar/gcc-arm-none-eabi/20180627/arm-none-eabi/include/sys/reent.h"
  36              		.file 19 "/usr/local/Cellar/gcc-arm-none-eabi/20180627/arm-none-eabi/include/stdlib.h"
  37              		.file 20 "quantum/quantum.h"
  38              		.file 21 "quantum/rgb_matrix.h"
DEFINED SYMBOLS
                            *ABS*:0000000000000000 rgb_matrix_drivers.c

NO UNDEFINED SYMBOLS
