   1               		.file	"logo_reader.c"
   2               	__SP_H__ = 0x3e
   3               	__SP_L__ = 0x3d
   4               	__SREG__ = 0x3f
   5               	__tmp_reg__ = 0
   6               	__zero_reg__ = 1
   7               		.text
   8               	.Ltext0:
   9               		.cfi_sections	.debug_frame
  10               		.section	.text.read_logo,"ax",@progbits
  11               	.global	read_logo
  13               	read_logo:
  14               	.LFB19:
  15               		.file 1 "keyboards/lily58/lib/logo_reader.c"
   1:keyboards/lily58/lib/logo_reader.c **** #include "lily58.h"
   2:keyboards/lily58/lib/logo_reader.c **** 
   3:keyboards/lily58/lib/logo_reader.c **** const char *read_logo(void) {
  16               		.loc 1 3 0
  17               		.cfi_startproc
  18               	/* prologue: function */
  19               	/* frame size = 0 */
  20               	/* stack size = 0 */
  21               	.L__stack_usage = 0
   4:keyboards/lily58/lib/logo_reader.c ****   static char logo[] = {
   5:keyboards/lily58/lib/logo_reader.c ****       0x80, 0x81, 0x82, 0x83, 0x84, 0x85, 0x86, 0x87, 0x88, 0x89, 0x8a, 0x8b, 0x8c, 0x8d, 0x8e, 0x8
   6:keyboards/lily58/lib/logo_reader.c ****       0xa0, 0xa1, 0xa2, 0xa3, 0xa4, 0xa5, 0xa6, 0xa7, 0xa8, 0xa9, 0xaa, 0xab, 0xac, 0xad, 0xae, 0xa
   7:keyboards/lily58/lib/logo_reader.c ****       0xc0, 0xc1, 0xc2, 0xc3, 0xc4, 0xc5, 0xc6, 0xc7, 0xc8, 0xc9, 0xca, 0xcb, 0xcc, 0xcd, 0xce, 0xc
   8:keyboards/lily58/lib/logo_reader.c ****       0};
   9:keyboards/lily58/lib/logo_reader.c **** 
  10:keyboards/lily58/lib/logo_reader.c ****   return logo;
  11:keyboards/lily58/lib/logo_reader.c **** }
  22               		.loc 1 11 0
  23 0000 80E0      		ldi r24,lo8(logo.3557)
  24 0002 90E0      		ldi r25,hi8(logo.3557)
  25               	/* epilogue start */
  26 0004 0895      		ret
  27               		.cfi_endproc
  28               	.LFE19:
  30               		.section	.data.logo.3557,"aw",@progbits
  33               	logo.3557:
  34 0000 80        		.byte	-128
  35 0001 81        		.byte	-127
  36 0002 82        		.byte	-126
  37 0003 83        		.byte	-125
  38 0004 84        		.byte	-124
  39 0005 85        		.byte	-123
  40 0006 86        		.byte	-122
  41 0007 87        		.byte	-121
  42 0008 88        		.byte	-120
  43 0009 89        		.byte	-119
  44 000a 8A        		.byte	-118
  45 000b 8B        		.byte	-117
  46 000c 8C        		.byte	-116
  47 000d 8D        		.byte	-115
  48 000e 8E        		.byte	-114
  49 000f 8F        		.byte	-113
  50 0010 90        		.byte	-112
  51 0011 91        		.byte	-111
  52 0012 92        		.byte	-110
  53 0013 93        		.byte	-109
  54 0014 94        		.byte	-108
  55 0015 A0        		.byte	-96
  56 0016 A1        		.byte	-95
  57 0017 A2        		.byte	-94
  58 0018 A3        		.byte	-93
  59 0019 A4        		.byte	-92
  60 001a A5        		.byte	-91
  61 001b A6        		.byte	-90
  62 001c A7        		.byte	-89
  63 001d A8        		.byte	-88
  64 001e A9        		.byte	-87
  65 001f AA        		.byte	-86
  66 0020 AB        		.byte	-85
  67 0021 AC        		.byte	-84
  68 0022 AD        		.byte	-83
  69 0023 AE        		.byte	-82
  70 0024 AF        		.byte	-81
  71 0025 B0        		.byte	-80
  72 0026 B1        		.byte	-79
  73 0027 B2        		.byte	-78
  74 0028 B3        		.byte	-77
  75 0029 B4        		.byte	-76
  76 002a C0        		.byte	-64
  77 002b C1        		.byte	-63
  78 002c C2        		.byte	-62
  79 002d C3        		.byte	-61
  80 002e C4        		.byte	-60
  81 002f C5        		.byte	-59
  82 0030 C6        		.byte	-58
  83 0031 C7        		.byte	-57
  84 0032 C8        		.byte	-56
  85 0033 C9        		.byte	-55
  86 0034 CA        		.byte	-54
  87 0035 CB        		.byte	-53
  88 0036 CC        		.byte	-52
  89 0037 CD        		.byte	-51
  90 0038 CE        		.byte	-50
  91 0039 CF        		.byte	-49
  92 003a D0        		.byte	-48
  93 003b D1        		.byte	-47
  94 003c D2        		.byte	-46
  95 003d D3        		.byte	-45
  96 003e D4        		.byte	-44
  97 003f 00        		.byte	0
  98               		.text
  99               	.Letext0:
 100               		.file 2 "/usr/local/Cellar/avr-gcc@7/7.4.0/avr/include/stdint.h"
 101               		.file 3 "/usr/local/Cellar/avr-gcc@7/7.4.0/lib/avr-gcc/7/gcc/avr/7.4.0/include/stddef.h"
 102               		.file 4 "tmk_core/common/report.h"
 103               		.file 5 "tmk_core/common/action.h"
 104               		.file 6 "tmk_core/common/host.h"
 105               		.file 7 "tmk_core/common/debug.h"
 106               		.file 8 "quantum/keycode_config.h"
 107               		.file 9 "quantum/keymap.h"
 108               		.file 10 "./quantum/color.h"
 109               		.file 11 "quantum/rgblight.h"
 110               		.file 12 "tmk_core/common/action_layer.h"
 111               		.file 13 "tmk_core/common/timer.h"
 112               		.file 14 "tmk_core/common/action_util.h"
 113               		.file 15 "/usr/local/Cellar/avr-gcc@7/7.4.0/avr/include/stdlib.h"
 114               		.file 16 "quantum/quantum.h"
DEFINED SYMBOLS
                            *ABS*:0000000000000000 logo_reader.c
/var/tmp//ccqC241l.s:2      *ABS*:000000000000003e __SP_H__
/var/tmp//ccqC241l.s:3      *ABS*:000000000000003d __SP_L__
/var/tmp//ccqC241l.s:4      *ABS*:000000000000003f __SREG__
/var/tmp//ccqC241l.s:5      *ABS*:0000000000000000 __tmp_reg__
/var/tmp//ccqC241l.s:6      *ABS*:0000000000000001 __zero_reg__
/var/tmp//ccqC241l.s:13     .text.read_logo:0000000000000000 read_logo
/var/tmp//ccqC241l.s:33     .data.logo.3557:0000000000000000 logo.3557

UNDEFINED SYMBOLS
__do_copy_data
