   1               		.file	"keymap.c"
   2               	__SP_H__ = 0x3e
   3               	__SP_L__ = 0x3d
   4               	__SREG__ = 0x3f
   5               	__tmp_reg__ = 0
   6               	__zero_reg__ = 1
   7               		.section	.gnu.lto_.profile.d5c925c523e07765,"",@progbits
   8 0000 789C 6363 		.ascii	"x\234cc```\003bF\2069\314[\030\001\004\206\001b"
   8      6060 6003 
   8      6246 8639 
   8      CC5B 1801 
   8      0486 0162 
   9               		.text
  10               		.section	.gnu.lto_.icf.d5c925c523e07765,"",@progbits
  11 0000 789C 6363 		.string	"x\234cc``\360d@"
  11      6060 F064 
  11      4000 
  12 000a 1E86 9699 		.string	"\036\206\226\231\363/p3\236\335\362\3709\017\323\232\2777\256\263\261\354\233\375\365\033
  12      F32F 7033 
  12      9EDD F2F8 
  12      390F D39A 
  12      BF37 AEB3 
  13 0056 5A35 2511 		.ascii	"Z5%\021"
  14               		.text
  15               		.section	.gnu.lto_.jmpfuncs.d5c925c523e07765,"",@progbits
  16 0000 789C B592 		.ascii	"x\234\265\222\313J\303P\020\206\347?\223\234\202E\373\002}>_"
  16      CB4A C350 
  16      1086 E73F 
  16      939C 8245 
  16      FB02 7D3E 
  17 0015 A38B 225E 		.ascii	"\243\213\"^\227\"\b\001\305\235\026Z\252\255\327\n*\356*\355"
  17      9722 0801 
  17      C59D 165A 
  17      AAAD D70A 
  17      2AEE 2AED 
  18 0029 C2AD 0B5D 		.ascii	"\302\255\013]\210`V\212kuNfLI\262,\006\022\302|\377?\227s\306"
  18      8860 568A 
  18      6B75 4E66 
  18      4C49 B22C 
  18      0612 C27C 
  19 0042 13D1 9BA3 		.ascii	"\023\321\233\243\374\211\311\001\334J\230\344\205\3036\343\340"
  19      FC89 C901 
  19      DC4A 98E4 
  19      85C3 36E3 
  19      E0
  20 0053 3D7D 5ADA 		.ascii	"=}Z\332\344\204\035^\201\0234\t7\220_\371\210\301UB>\230\326"
  20      E484 1D5E 
  20      8113 3409 
  20      3790 5FF9 
  20      88C1 5542 
  21 006a 93DD 4E4D 		.ascii	"\223\335NMM\214\201\t8\343\001\337>\037\177\324\025G\030\032"
  21      4D8C 8109 
  21      38E3 01DF 
  21      3E1F 7FD4 
  21      1547 181A 
  22 007e 8E72 FC9D 		.ascii	"\216r\374\235\276\244\213\212c\234\032\2163,\365\212z\217r\376"
  22      BEA4 8B8A 
  22      639C 1A8E 
  22      332C F58A 
  22      7A8F 72FE 
  23 0092 72C2 FFC8 		.ascii	"r\302\377\310P4\314\237!;\351\321\336\326\341\202\216\355pf\334"
  23      5034 CC9F 
  23      213B E9D1 
  23      DED6 E182 
  23      8EED 7066 
  24 00a7 CDF8 70F5 		.ascii	"\315\370p\365\241o\03487\216\031\337Y\271\233\332\241\023.\214"
  24      A16F 1C38 
  24      378E 19DF 
  24      59B9 9BDA 
  24      A113 2E8C 
  25 00bb 9336 2016 		.ascii	"\2236 \026GB\344ZY\257\365\250\275\254\3321\341\322\304c\372"
  25      4742 E45A 
  25      59AF F5A8 
  25      BDAC DA31 
  25      E1D2 C463 
  26 00d0 6BAF 1211 		.ascii	"k\257\022\021\313\306\376Z\317\362O\bW\246\230\344\236R\304\333"
  26      CBC6 FE5A 
  26      CFF2 4F08 
  26      57A6 98E4 
  26      9E52 C4DB 
  27 00e4 2A59 CDEA 		.ascii	"*Y\315\352\021\024\0035\331\246(\354`(\325\375\374\352\372P*"
  27      1114 0335 
  27      D9A6 28EC 
  27      6028 D5FD 
  27      FCEA FA50 
  28 00f9 4203 23D3 		.ascii	"B\003#\3235\324H\371\\?2~\030T\f\217\355\373)ko\022\275F3[\352"
  28      35D4 48F9 
  28      5C3F 327E 
  28      1854 0C8F 
  28      EDFB 296B 
  29 0114 8296 A82E 		.ascii	"\202\226\250.\362\260\333\364\013\343n\215\261"
  29      F2B0 DBF4 
  29      0BE3 6E8D 
  29      B1
  30               		.text
  31               		.section	.gnu.lto_.inline.d5c925c523e07765,"",@progbits
  32 0000 789C 5592 		.ascii	"x\234U\222\271J\004A\020\206\377\352\356\231mgWhQL\\p@|\002S"
  32      B94A 0441 
  32      1086 FFEA 
  32      EE99 6D67 
  32      5768 514C 
  33 001a 9179 0233 		.ascii	"\221y\0023\237A\\_b<V\003QD<\022\301}\001\003\357\013A\f6Z\024"
  33      9F41 5C5F 
  33      623C 5603 
  33      5144 3C12 
  33      C17D 0103 
  34 0035 4531 F101 		.ascii	"E1\361\001\304@0\322L\253\217\231\325\036\230:\276\232\356\232"
  34      C440 30D2 
  34      4CAB 8F99 
  34      D51E 983A 
  34      BE9A EE9A 
  35 0049 BF3A 0630 		.ascii	"\277:\0060 Q"
  35      2051 
  36 004f AE08 E860 		.string	"\256\b\350`\200\022\230\306\246\244\237\346\303\221Z\221\273\0224wItDux\360\261|\376D\036
  36      8012 98C6 
  36      A6A4 9FE6 
  36      C391 5A91 
  36      BB12 3477 
  37 0150 7498 132A 		.ascii	"t\230\023*vL\273\276\211\f\3528\311IC\274\211\224\337\207\202"
  37      764C BBBE 
  37      890C EA38 
  37      C949 43BC 
  37      8994 DF87 
  38 0165 B575 A9A2 		.ascii	"\265u\251\242\2514\364a\254\255\214\214\rE\020\343\267_\344\377"
  38      A934 F461 
  38      ACAD 8C8C 
  38      0D45 10E3 
  38      B75F E4FF 
  39 0179 8317 AB0D 		.ascii	"\203\027\253\r\253\021\304\372\244\263\264>)k\316\204\210\277"
  39      AB11 C4FA 
  39      A4B3 B43E 
  39      296B CE84 
  39      88BF 
  40 018b 06AA A828 		.ascii	"\006\252\250(\22203\341\"N\207{\307\r\311\342\336h\253\212]\277"
  40      9230 33E1 
  40      224E 877B 
  40      C70D C9E2 
  40      DE68 AB8A 
  41 01a1 D2C0 7E92 		.ascii	"\322\300~\222"
  42               		.text
  43               		.section	.gnu.lto_.pureconst.d5c925c523e07765,"",@progbits
  44 0000 789C 6363 		.string	"x\234cc``\340\006bV\006)F\t6\tv\tn\006"
  44      6060 E006 
  44      6256 0629 
  44      4609 3609 
  44      7609 6E06 
  45 0015 0411 00   		.string	"\004\021"
  46 0018 92        		.ascii	"\222"
  47               		.text
  48               		.section	.gnu.lto_process_record_user.d5c925c523e07765,"",@progbits
  49 0000 789C 9556 		.string	"x\234\225V\335OTG\024\237s\347\356\335\357\205%@\227dMM\332\204\350\2034\266\017\375C\232
  49      DD4F 5447 
  49      149F 73E7 
  49      EEDD EF85 
  49      2540 9764 
  50 00d5 68A2 3B80 		.ascii	"h\242;\200U*\\\325\354N\227\307\353\313\365\347\345\027\024\006"
  50      552A 5CD5 
  50      EC4E 97C7 
  50      EBCB F5E7 
  50      E517 1406 
  51 00e9 A012 F6F0 		.ascii	"\240\022\366\360\003\034\366\207\033\036\371\326\035\326\365"
  51      031C F687 
  51      1B1E F9D6 
  51      1DD6 F5
  52 00f8 ED7A BCB1 		.ascii	"\355z\274\261\303\335\253\327\004\242\234\261\bg\360i\020>\t"
  52      C3DD ABD7 
  52      04A2 9CB1 
  52      0867 F069 
  52      103E 09
  53 010b 9246 2760 		.ascii	"\222F'`\035\356\274\2724\027\317\331\315\243\034@\301\307\201"
  53      1DEE BCBA 
  53      3417 CFD9 
  53      CDA3 1C40 
  53      C1C7 81
  54 011e 9789 6637 		.ascii	"\227\211f7=*\220\213\217\235\375\373[U\276\036\030\316\317\357"
  54      3D2A 908B 
  54      8F9D FDFB 
  54      5B55 BE1E 
  54      18CE CFEF 
  55 0132 8CCC 7A8B 		.ascii	"\214\314z\213\017\211\230C_\350\236(\347p\0328\305<\005A8\tA"
  55      0F89 9843 
  55      5FE8 9E28 
  55      E770 1A38 
  55      C53C 0541 
  56 0149 862E 069D 		.ascii	"\206.\006\235P\214\273kn&>\346\033\005\260\243\375\336^\207\001"
  56      508C BB6B 
  56      6E26 3EE6 
  56      1B05 B0A3 
  56      FDDE 5E87 
  57 015e 4C7C 4940 		.ascii	"L|I@\025\316d\003U\006g\241\230\266?=\276\030\366j*\025\213U"
  57      15CE 6403 
  57      5506 67A1 
  57      98B6 3F3D 
  57      BE18 F66A 
  58 0176 9E03 8D01 		.ascii	"\236\003\215\001N\332\007lq}q\251\026C\004\232^9\327\002b\230"
  58      4EDA 076C 
  58      717D 71A9 
  58      1643 049A 
  58      5E39 D702 
  59 018c 4286 9351 		.ascii	"B\206\223Q\311\330\310hd\354hl\0162N2.2nZ\360\002\325\227\003"
  59      C9D8 C868 
  59      64EC 686C 
  59      0E32 4E32 
  59      2E32 6E5A 
  60 01a5 2219 DB89 		.ascii	"\"\031\333\211)\352\373\230\036g\273\270B\263\2528\033\205\203"
  60      29EA FB98 
  60      1E67 BBB8 
  60      42B3 AA38 
  60      1B85 83
  61 01b8 FAC9 898D 		.ascii	"\372\311\211\215\224\270\211{\261\236\266[-\223\260\017\032B"
  61      94B8 897B 
  61      B19E B65B 
  61      2D93 B00F 
  61      1A42 
  62 01ca 6A94 6B8C 		.ascii	"j\224k\2145RY\f\316\243\013\027\227j\372O\250\244\027\207\320"
  62      3552 590C 
  62      CEA3 0B17 
  62      976A FA4F 
  62      A8A4 1787 
  63 01df 3972 545D 		.ascii	"9rT]\030\330\353\245\335\325\272\036\233\212\024!\006\272\220"
  63      18D8 EBA5 
  63      DDD5 BA1E 
  63      9B8A 1421 
  63      06BA 90
  64 01f2 6123 2716 		.ascii	"a#'\026\320-a\223\265g\006A\302\266\013\330\271\275\355WR\260"
  64      D02D 6193 
  64      B567 0641 
  64      C2B6 0BD8 
  64      B9BD ED57 
  65 0208 431F 10EA 		.ascii	"C\037\020\352\202@)\204\272(Q\215\373\272o\273$\252J\240\272"
  65      8240 2984 
  65      BA28 518D 
  65      FBBA 6FBB 
  65      24AA 4AA0 
  66 021d 9E0D BEF6 		.ascii	"\236\r\276\366\230\250n\201\212\013\224\220\356\222D\365\306"
  66      98A8 6E81 
  66      8A0B 9490 
  66      EE92 44F5 
  66      C6
  67 022e 4261 B744 		.ascii	"Ba\267DU\013T\335/S\357}&jV\240z\004J%\324e\211\252O\336\231"
  67      550B 54DD 
  67      2F53 EF7D 
  67      266A 56A0 
  67      7A04 4A25 
  68 0249 362A AC11 		.ascii	"6*\254\021\250\267\211\003\247S\025v\007\tuE\240l\204\272*Q\003"
  68      A8B7 8903 
  68      A753 1576 
  68      0709 7545 
  68      A06C 84BA 
  69 0260 2D6D 7187 		.ascii	"-mq\207D\355\020\2503-\277\326k)^k\b\325+P\032\241\376@\024\216"
  69      44ED 10A8 
  69      332D BFD6 
  69      6B29 5E6B 
  69      08D5 2B50 
  70 027a BBB0 DEB0 		.ascii	"\273\260\336\260\033\265\177\001\241\330D!IOr%Q\233\321\241\232"
  70      1BB5 7F01 
  70      A1D8 4421 
  70      494F 7225 
  70      519B D1A1 
  71 028f 1CD9 0A8A 		.ascii	"\034\331\n\212\026\251\351\271a\247\360\2528X]=\327{\265\030"
  71      16A9 E9B9 
  71      61A7 F0AA 
  71      3858 5D3D 
  71      D77B B518 
  72 02a3 FC18 D231 		.ascii	"\374\030\3221\370i:\021\366&\236\003\177b\002Z\036\254\275\373"
  72      F869 3A11 
  72      F626 9E03 
  72      7F62 025A 
  72      1EAC BDFB 
  73 02b7 D05D D286 		.ascii	"\320]\322\206\213\372\332(w\300_\020\203\260\350\036.\376>\261"
  73      8BFA DA28 
  73      77C0 5F10 
  73      83B0 E81E 
  73      2EFE 3EB1 
  74 02cb BD4F 958B 		.ascii	"\275O\225\213\261\031\300\223\001\327\240$,\233\3647\224\260"
  74      B119 C093 
  74      01D7 A024 
  74      2C9B F437 
  74      94B0 
  75 02dd 61A8 BE7F 		.ascii	"a\250\276\177\3715,\223\033\217#$(\205\250\\ew8V>\016\325\261"
  75      F935 2C93 
  75      1B8F 2324 
  75      2885 A85C 
  75      6577 3856 
  76 02f5 B9C8 1A71 		.ascii	"\271\310\032q\\q\363\331\263\343\367\355\225\357uG\224;#\024"
  76      5C71 F3D9 
  76      B3E3 F7ED 
  76      95EF 7547 
  76      943B 2314 
  77 0309 14AE 4325 		.ascii	"\024\256C%\313\214\342\302(}\2002\272E\030--\300\341\306\"\251"
  77      CB8C E2C2 
  77      287D 8032 
  77      BA45 182D 
  77      2DC0 E1C6 
  78 031f 8022 1548 		.ascii	"\200\"\025H\232\n(\253\247|\303\232\362\315\024\345\376l\312"
  78      9A0A 28AB 
  78      A77C C39A 
  78      F2CD 14E5 
  78      FE6C CA
  79 0332 4A06 477B 		.ascii	"J\006G{\232c{\243\005\307\001\311\361Tm\342\270Kr\004\270\225"
  79      9A63 7BA3 
  79      05C7 01C9 
  79      F154 6DE2 
  79      B84B 7204 
  80 0348 E6E8 4C73 		.ascii	"\346\350Ls\274hr\344\222\343\274\311\221\257\236\343\2405\307"
  80      BC68 72E4 
  80      92E3 BCC9 
  80      91AF 9EE3 
  80      A035 C7
  81 035b DB29 8EFF 		.ascii	"\333)\216\377ds\344\031\034]i\216#V\034\357H\216]-{\216\030\034"
  81      6473 E419 
  81      1C5D 698E 
  81      2356 1CEF 
  81      488E 5D2D 
  82 0373 15B8 9BE6 		.ascii	"\025\270\233\346\350Is\23439\252\222\343\242\311Q]=\307\177\255"
  82      E849 739C 
  82      3339 AA92 
  82      E3A2 C951 
  82      5D3D C77F 
  83 0388 39DE 4B71 		.ascii	"9\336Kq\274\237\315Q\315\340\350e\327l\006\307\245\2258\342\373"
  83      BC9F CD51 
  83      CDE0 E865 
  83      D76C 06C7 
  83      A595 38E2 
  84 039d 0686 24C7 		.ascii	"\006\206$\307]\321\037Z\215\263\312\341\201\3448\016;b?\005\227"
  84      5DD1 1F5A 
  84      8DB3 CAE1 
  84      81E4 380E 
  84      3B62 3F05 
  85 03b2 817A 22F4 		.ascii	"\201z\"\364\322\201\207\b\245\275\270x\351q\307\264[\302Ux$\\"
  85      D281 8708 
  85      A5BD B878 
  85      E971 C7B4 
  85      5BC2 5578 
  86 03c8 8B63 4FC6 		.ascii	"\213cO\306\274\322e\203\307\024\321+\n\363\245\013;\262\\p\254"
  86      BCD2 6583 
  86      C714 D12B 
  86      0AF3 A50B 
  86      3BB2 5C70 
  87 03dd 0BDF 4DF0 		.ascii	"\013\337M\360\304\bn\026\322fQ\310Sc/e\316L\225\233q\b\243F\203"
  87      C408 6E16 
  87      D266 51C8 
  87      5363 2F65 
  87      CE4C 959B 
  88 03f6 6CB2 4107 		.ascii	"l\262A\007k\215\006\331V\337\240g\326\rz\236j"
  88      6B8D 06D9 
  88      56DF A067 
  88      D60D 7A9E 
  88      6A
  89 0407 D070 7683 		.string	"\320pv\203l\031\r\362\247u\030\211Z4\350?\"\367(-\304\250\205\020#+\b\221\227\3165m\241\3
  89      6C19 0DF2 
  89      A775 1889 
  89      5A34 E83F 
  89      22F7 282D 
  90 0508 109F 6C93 		.ascii	"\020\237l\223\240\260&\361\222~\003nj\277\372\256\263_\\r\366"
  90      A0B0 26F1 
  90      927E 036E 
  90      6ABF FAAE 
  90      B35F 5C72 
  91 051d A3E7 8146 		.ascii	"\243\347\201FW\362\202\030}G\237\2111/9\"\306\302\272\031\310"
  91      57F2 8218 
  91      7D47 9F89 
  91      312F 3922 
  91      C6C2 BA19 
  92 0532 BCD5 18DE 		.ascii	"\274\325\030\336jo!\250\274\233y\"\326\013\232fd \277\001\360"
  92      6A6F 21A8 
  92      BC9B 7922 
  92      D60B 9A66 
  92      6420 BF01 
  93 0547 1A01 9C46 		.ascii	"\032\001\234F@\315H\300\223\235\200\237\234@\225\341\277\270"
  93      40CD 48C0 
  93      939D 809F 
  93      9C40 95E1 
  93      BFB8 
  94 0559 F89B B26D 		.ascii	"\370\233\262m_\225o\252\330\274\265dKEY\371w_\227\226\240\347"
  94      5F95 6FAA 
  94      D8BC B564 
  94      4B45 59F9 
  94      775F 9796 
  95 056f DB4D 5BB6 		.ascii	"\333M[\266\226Tl\332f\3147\2242;\316J\3137\227i\025e\245\345"
  95      9654 6CDA 
  95      66CC 3794 
  95      323B CE4A 
  95      CB37 9769 
  96 0587 159B FF07 		.ascii	"\025\233\377\007\306\234\361\314"
  96      C69C F1CC 
  97               		.text
  98               		.section	.gnu.lto_encoder_update_user.d5c925c523e07765,"",@progbits
  99 0000 789C 9554 		.ascii	"x\234\225T[KTQ\024\336\353\3549\367\031+\"\352a\240\207\202!"
  99      5B4B 5451 
  99      14DE EBEC 
  99      39F7 192B 
  99      22EA 61A0 
 100 0017 1F52 2888 		.ascii	"\037R(\210\336\353\017\364\017\314\f\304R\321\207\362!<9^F\353"
 100      DEEB 0FF4 
 100      0FCC 0CC4 
 100      52D1 87F2 
 100      213C 395E 
 101 002d 21C2 A60B 		.ascii	"!\302\246\013V'I\244^L\324r,uR\263\213\346\344\255,/\204\220"
 101      5627 49A4 
 101      5E4C D472 
 101      2C75 52B3 
 101      8BE6 E4AD 
 102 0045 A698 1404 		.ascii	"\246\230\024\004\031\224\323\332{\317\031\247\223\205m8k\366"
 102      1994 D3DA 
 102      7BCF 19A7 
 102      9385 6D38 
 102      6BF6 
 103 0057 E55B EBFB 		.ascii	"\345[\353\373\276\275\316\031\205\020rF!\344 \376\326\343\003"
 103      BEBD CE19 
 103      8510 7246 
 103      21E4 20FE 
 103      D6E3 03
 104 006a 6904 A40B 		.ascii	"i\004\244\013C\204\234\325$\211\206\002\3042\f\026\275T\362\360"
 104      4384 9CD5 
 104      2489 8602 
 104      C432 0C16 
 104      BD54 F2F0 
 105 007e 95CA 571E 		.ascii	"\225\312W\036I\346+\205\257d\360\211\024\305\231\250\222\306"
 105      49E6 2B85 
 105      AF64 F089 
 105      14C5 99A8 
 105      92C6 
 106 0090 CF75 7EAE 		.ascii	"\317u~\2569\333\27231$se\027\236"
 106      39DB BA33 
 106      3124 7365 
 106      179E 
 107 009e 7BAF A4E3 		.string	"{\257\244\343\271\351l{\235\211\017\200M,\rH\251D=\262\242j\272az}P\n\347i-\205\236\252\2
 107      B9E9 6C7B 
 107      9D89 0F80 
 107      4D2C 0D48 
 107      A944 3DB2 
 108 019f E593 BDFB 		.string	"\345\223\275\373\327)'\341-=b8\034\325h \024p\350g\032\025\201\227R\361\252\233^\265\361\
 108      D729 27E1 
 108      2D3D 6238 
 108      1CD5 6820 
 108      1470 E867 
 109 0206 7852 4DE8 		.string	"xRM\350n\023\272\215W\3572\001\320\213&z\270\211\276\204\211\260cB\026\025\333\252\006\23
 109      6E13 BA8D 
 109      57EF 3201 
 109      D08B 267A 
 109      B889 BE84 
 110 0238 AB72 FDCA 		.ascii	"\253r\375\312\232\376;\213\252\340\333P\271g\311r\317\335zUQ"
 110      9AFE 3B8B 
 110      AAE0 DB50 
 110      B967 C972 
 110      CFDD 7A55 
 111 024d 6234 D817 		.ascii	"b4\330\027\243Bo\034\340\305\177\013\036H2\fr\301*\027\254\246"
 111      A342 6F1C 
 111      E0C5 7F0B 
 111      1E48 320C 
 111      72C1 2A17 
 112 0263 7464 B96B 		.ascii	"td\271k\235\216h)\035Y\2367\004@K\355\210\341\356\210a\343\313"
 112      9D8E 6829 
 112      1D59 9E37 
 112      0440 4BED 
 112      88E1 EE88 
 113 027a E8E2 3761 		.ascii	"\350\3427a\b\371_r\376\230\333\241.*&;bbG^\375\303\340\372\004"
 113      08F9 5F72 
 113      FE98 DBA1 
 113      2E2A 263B 
 113      6262 475E 
 114 0293 C349 8211 		.ascii	"\303I\202\021nP\347\372\365\224\216\254$:bl\244\334h\262\334"
 114      6E50 E7FA 
 114      F594 8EAC 
 114      243A 626C 
 114      A4DC 68B2 
 115 02a8 985B AF29 		.ascii	"\230[\257)JtL\214\037\020r\343q\n\343\377-\370u\222\341\r\027"
 115      4A74 4C8C 
 115      1F10 72E3 
 115      710A E3FF 
 115      2DF8 7592 
 116 02bf 6C72 C186 		.ascii	"lr\301\206\370\216yG\346\2723\377\354\210I~lA\300\022\224\333"
 116      F88E 7947 
 116      E6BA 33FF 
 116      EC88 497E 
 116      6C41 C012 
 117 02d5 DF6E 7247 		.ascii	"\337nrG\256\373\367\206\331g\r\023P\312\016j\354P\223*\336\233"
 117      AEFB F786 
 117      D967 0D13 
 117      50CA 0E6A 
 117      EC50 932A 
 118 02eb 2102 6FC1 		.ascii	"!\002o\301_G}<\371\373\316\365s\361\335\201w\230\353`\031\247"
 118      5F47 7D3C 
 118      F9FB CEF5 
 118      73F1 DD81 
 118      7798 EB60 
 119 0301 979C DF96 		.ascii	"\227\234\337\226\340\274\265\373\357\224\223\202\262\376n\360"
 119      E0BC B5FB 
 119      EF94 9382 
 119      B2FE 6EF0 
 120 0311 B860 1C20 		.ascii	"\270`\034 0\265\306\330\360\227T\3068\315\030\247\326\030}\211"
 120      30B5 C6D8 
 120      F097 54C6 
 120      38CD 18A7 
 120      D618 7D89 
 121 0325 BFD3 6528 		.ascii	"\277\323e(\263[n\363;\345\376CH\204'\230\022\310\313)9Z\220U"
 121      B35B 6EF3 
 121      3BE5 FE43 
 121      4884 2798 
 121      12C8 CB29 
 122 033d 74AC 38A3 		.ascii	"t\2548\243\260(\247 ?7;\003wNf\025\026g\024e\225$\346{\263\211"
 122      B028 A720 
 122      3F37 3B03 
 122      774E 6615 
 122      1667 1465 
 123 0357 9C9B 7F2C 		.ascii	"\234\233\177,\347\264\236}\242 ;\357Tnq\316/\372z+\264"
 123      E7B4 9E7D 
 123      A220 3BEF 
 123      546E 71CE 
 123      2FFA 7A2B 
 124               		.text
 125               		.section	.gnu.lto_dip_switch_update_user.d5c925c523e07765,"",@progbits
 126 0000 789C 8552 		.string	"x\234\205R\337K\323Q\024?\347\336\357\317\265\371\320S\312\336\032\f}H!\350/\210\036#\372
 126      DF4B D351 
 126      143F E7DE 
 126      EFCF B5F9 
 126      D053 CADE 
 127 006f 5183 7133 		.string	"Q\203q3\321\002\302\340\366_sb\246\244\374 \\\252\374\273\0254\035\250Z\0174\246\377<J\36
 127      D102 C2E0 
 127      F65F 7362 
 127      A6A4 FC20 
 127      5CAA FCBB 
 128 00e8 E7D0 4FD8 		.ascii	"\347\320O\330\342\364\350\224\233w\330\274\324\257{\327y\215"
 128      E2F4 E894 
 128      9B77 D8BC 
 128      D4AF 7BD7 
 128      798D 
 129 00fa B77C 4AF2 		.ascii	"\267|J\362\030>>\310c\200O\320/\301_f\2527<\232\342\370\300\247"
 129      183E 3EC8 
 129      6380 4FD0 
 129      2FC1 5F66 
 129      AA37 3C9A 
 130 0112 A801 52F0 		.ascii	"\250\001R\360`U\315\213\352^\222\004&q\375\254\311P\326Q\320"
 130      6055 CD8B 
 130      EA5E 9204 
 130      2671 FDAC 
 130      C950 D651 
 131 0127 6641 8AB0 		.ascii	"fA\212\260\324\247\310C\232\224(\212\345\241\214qk1\253J\205"
 131      D4A7 C843 
 131      9A94 288A 
 131      E5A1 8C71 
 131      6B31 AB4A 
 132 013c 5B9C 91F0 		.ascii	"[\234\221\360\375\017w\266q\004\207\243\212l\023\306\355"
 132      FD0F 77B6 
 132      7104 87A3 
 132      8A6C 13C6 
 132      ED
 133 014d 3E31 4729 		.string	">1G)\272\034K\024\336\353W\270\354H\232\370\274\272>oHl\\\b\353k\266\231\0308\217^\"I3\27
 133      BA1C 4B14 
 133      DEEB 57B8 
 133      EC48 9AF8 
 133      BCBA 3E6F 
 134 024e DB38 682D 		.ascii	"\3338h-L\330G\273\273\024\315\231@4&\377\371\320\300\271\356"
 134      4CD8 47BB 
 134      BB14 CD99 
 134      4034 26FF 
 134      F9D0 C0B9 
 135 0263 406F 675F 		.ascii	"@og_{Oo\250\273+\034l\247\314\205@O_{o`\240\026\037\013\202\032"
 135      7B4F 6FA8 
 135      BB2B 1C6C 
 135      A7CC 8540 
 135      4F5F 7B6F 
 136 027e EEEA 0C5D 		.ascii	"\356\352\f]\322\002\301\213\341\376\320o\302\344*\002"
 136      D202 C18B 
 136      E1FE D06F 
 136      C2E4 2A02 
 137               		.text
 138               		.section	.gnu.lto_matrix_scan_user.d5c925c523e07765,"",@progbits
 139 0000 789C 8D55 		.ascii	"x\234\215U[oTU\024\336\337\331sn\323\2313X\320A2*\211\324\246"
 139      5B6F 5455 
 139      14DE DFD9 
 139      736E D399 
 139      3358 D041 
 140 0019 3E58 1B7E 		.ascii	">X\033~\206?\301\030S\261\017F\241\244\225\007\236z\230\241\264"
 140      863F C118 
 140      53B1 0F46 
 140      A1A4 9507 
 140      9E7A 98A1 
 141 002e A335 3106 		.ascii	"\24351\006\216\204\234\2301\306J_(\304R\251\320vl\3612R\313E"
 141      8E84 9C98 
 141      31C6 4A5F 
 141      28C4 52A9 
 141      D076 6CF1 
 142 0046 044A F112 		.ascii	"\004J\361\022\243\2046\265\t\205\0305Z\\k\357\231\303t\332\207"
 142      A384 36B5 
 142      0985 1835 
 142      5A5C 6BEF 
 142      99C3 74DA 
 143 005b 39C9 5973 		.ascii	"9\311Ys\366\332k\177\337Z\337\332{\217%\204\260l!v\322\357>z"
 143      F6DA 6B7F 
 143      DF5A DFDA 
 143      7B8F 2584 
 143      B06C 2176 
 144 0073 1117 30DE 		.ascii	"\021\0270\336\235\025\342\200c\030\262\277Y\370q\233mB\032\261"
 144      9D15 E280 
 144      6318 B2BF 
 144      59F8 719B 
 144      6D42 1AB1 
 145 0087 4B19 1A59 		.ascii	"K\031\032Y\3056\032\305\f\363x\013\217\356\354\240\221\tK/\261"
 145      C536 1AC5 
 145      0CF3 780B 
 145      8FEE ECA0 
 145      9109 4B2F 
 146 009c E0EA 0FDB 		.ascii	"\340\352\017\333pT\264\253\242\235\212\333\005\370\303w z\f\031"
 146      7054 B4AB 
 146      A29D 8ADB 
 146      05F8 C377 
 146      207A 0C19 
 147 00b0 332D 9B5C 		.ascii	"3-\233\\=\030\220\207"
 147      3D18 9087 
 148 00b8 25A6 FA6E 		.string	"%\246\372n\217\031-\237\370\364\024\337_i<\344\367n\r\245\020\001\275\374\340S\264\b\n\37
 148      8F19 2D9F 
 148      F8F4 14DF 
 148      5F69 3CE4 
 148      F76E 0DA5 
 149 01b9 A588 73D4 		.ascii	"\245\210s\324\242\263\\\r\306Q\200\370\035\007\347\247\317c\003"
 149      A2B3 5C0D 
 149      C651 80F8 
 149      1D07 E7A7 
 149      CF63 03
 150 01cc 3C13 0213 		.ascii	"<\023\002\023\345\262\363R\212\376\346\n\377\271\222\247\343"
 150      E5B2 F352 
 150      8AFE E60A 
 150      FFB9 92A7 
 150      E3
 151 01dd 8DEA F844 		.ascii	"\215\352\370D-\177\242 Q\313\237D\221\370'\025\377\027e\376\233"
 151      2D7F A220 
 151      51CB 9F44 
 151      91F8 2715 
 151      FF17 65FE 
 152 01f2 D3BF 6103 		.ascii	"\323\277a\003\274$\361OE\3741q\334\253\360\217/\244Uc\251\027"
 152      BC24 F14F 
 152      45FC 3171 
 152      DCAB F08F 
 152      2FA4 5563 
 153 0208 D50B 3C95 		.ascii	"\325\013<\225@\356\237\311{\036%@\373\315+\220n\354\373\373\362"
 153      40EE 9FC9 
 153      7B1E 2540 
 153      FBCD 2B90 
 153      6EEC FBFB 
 154 021d 1FFD 0D94 		.ascii	"\037\375\r\224\300\201M\324S\234\247\f\246U\006_r\006K\310\025"
 154      C081 4DD4 
 154      539C A70C 
 154      A655 065F 
 154      7206 4BC8 
 155 0232 4625 031E 		.ascii	"F%\003\036\223rm"
 155      9372 6D
 156 0239 05A9 802B 		.string	"\005\251\200+\300W\350\241\276lb\362\225>\350\310\030\005\263c\242\364\206v\230\264\364\3
 156      C057 E8A1 
 156      BE6C 62F2 
 156      953E E8C8 
 156      1805 B363 
 157 033a D728 54ED 		.ascii	"\327(T\355\243\027uLr\035\207\271\236\343z\304q\243\314q\246"
 157      A317 754C 
 157      721D 87B9 
 157      9EE3 7AC4 
 157      71A3 CC71 
 158 034f C2E1 299A 		.ascii	"\302\341)\232$c^}k\301dg=Y\317E\2107\225\n\236R\301\256Rav\310"
 158      2463 5E7D 
 158      6BC1 6467 
 158      3D59 CF45 
 158      8837 950A 
 159 036b D60C A97A 		.ascii	"\326\f\251z\360\346#\274[\321\236\253\\\023\251\252{\301\321"
 159      F0E6 23BC 
 159      5BD1 9EAB 
 159      5C13 A9AA 
 159      7BC1 D1
 160 037e F702 1FE2 		.ascii	"\367\002\037\342\311\301'\324\255\277\026\376\361\200\005\300"
 160      C9C1 27D4 
 160      ADBF 16FE 
 160      F180 05C0 
 161 038e 8FEA 0C6F 		.ascii	"\217\352\fo\343T\356\337\271\241/\260z\362\370)\312\343g\312"
 161      E354 EEDF 
 161      B9A1 2FB0 
 161      7AF2 F829 
 161      CAE3 67CA 
 162 03a2 A34C 9C97 		.ascii	"\243L\234\227n\371>^F\266po\020\372\337F\360\235\r\236\241\355"
 162      6EF9 3E5E 
 162      46B6 706F 
 162      10FA DF46 
 162      F09D 0D9E 
 163 03b8 D8FC 7AC7 		.ascii	"\330\374z\307\376W:\333\273^\355n\335\333\325\321\271\347\265"
 163      FE57 3ADB 
 163      BB5E ED6E 
 163      DDDB D5D1 
 163      B9E7 B5
 164 03cb 5DAD E4D9 		.ascii	"]\255\344\331\335\276\267\273\265\253}\177\371\373\271]\302\335"
 164      DDBE B7BB 
 164      B5AB 7D7F 
 164      F9FB B95D 
 164      C2DD 
 165 03dd BDAF BBE3 		.ascii	"\275\257\273\343\345=\235ov\374\017\031\201N\334"
 165      E53D 9D6F 
 165      76FC 0F19 
 165      814E DC
 166               		.text
 167               		.section	.gnu.lto_music_mask_user.d5c925c523e07765,"",@progbits
 168 0000 789C 354F 		.ascii	"x\2345OMK[Q\020\235s\347%\006\255\266\320\215\213\267\353\342"
 168      4D4B 5B51 
 168      109D 73E7 
 168      2506 ADB6 
 168      D08D 8BB7 
 169 0016 6116 4D45 		.ascii	"a\026ME\377\211\277 \306,J\261\221\270r\345M5h\252\205P\233\017"
 169      FF89 BF20 
 169      C62C 4AB1 
 169      91B8 72E5 
 169      4D35 68AA 
 170 002e 24A5 D9A4 		.ascii	"$\245\331\244.\212\210\264\326\232\250<D\263\222\212\272(\024"
 170      2E8A 88B4 
 170      D69A A83C 
 170      44B3 928A 
 170      BA28 14
 171 0041 4AA1 2B75 		.ascii	"J\241+u!U\360cQLg\362\332\305\275\367\314\2713\347\314\t\023"
 171      2155 F063 
 171      514C 67F2 
 171      DAC5 BDF7 
 171      CCB9 33E7 
 172 0058 D136 88FA 		.ascii	"\3216\210\372\345\035\224\203\020\301\344\277\022e\"\306p9J6"
 172      E51D 9483 
 172      10C1 E4BF 
 172      1265 22C6 
 172      7039 4A36 
 173 006c E2DC 3E92 		.ascii	"\342\334>\222\233\341\004\264\003(\260\021\320\244a\007\223\230"
 173      9BE1 04B4 
 173      0328 B011 
 173      D0A4 6107 
 173      9398 
 174 007e E737 8C85 		.ascii	"\3477\214\205B\376gO\337\222\265/\254_\332|\330\264\331\336\n"
 174      42FE 674F 
 174      DF92 B52F 
 174      AC5F DA7C 
 174      D8B4 D9DE 
 175 0093 1315 9930 		.ascii	"\023\025\2310\340\342\211\253\332\037\321'\235{\255\033\377\376"
 175      E0E2 89AB 
 175      DA1F D127 
 175      9D7B AD1B 
 175      FFFE 
 176 00a5 1C57 1830 		.ascii	"\034W\0300R\036\375\336\177\333\245\245\301\003)\327\017\027"
 176      521E FDDE 
 176      7FDB A5A5 
 176      C103 29D7 
 176      0F17 
 177 00b7 3E38 1C05 		.ascii	">8\034\005\tn\314\026\257\272\275Z[\363\317\220\275Wa\306g\260"
 177      096E CC16 
 177      AFBA BD5A 
 177      5BF3 CF90 
 177      BD57 61C6 
 178 00cd 6AAE C1C5 		.ascii	"j\256\301\305'\270$\024a\035\236\266\377Z\275+t\207\035\365\024"
 178      27B8 2414 
 178      611D 9EB6 
 178      FF5A BD2B 
 178      7487 1DF5 
 179 00e2 B32F 0893 		.ascii	"\263/\b\223\004\243\225\243\220o\357Z3\326\337\255\341\307\220"
 179      04A3 95A3 
 179      906F EF5A 
 179      33D6 DFAD 
 179      E1C7 90
 180 00f5 0399 2183 		.ascii	"\003\231!\203\366\020\315J\253\244\261>\345\330(\232\362\351"
 180      F610 CD4A 
 180      ABA4 B13E 
 180      E5D8 289A 
 180      F2E9 
 181 0107 1453 D5D6 		.ascii	"\024S\325\326{V\201E\326\r\227\217\337\235\3435\362\231ik\253"
 181      7B56 8145 
 181      D60D 978F 
 181      DF9D E335 
 181      F299 696B 
 182 011c 2B4B A10A 		.ascii	"+K\241\n;D%5!l\310\207\264\274:\373v\001\r\301\310\326\225hV"
 182      3B44 2535 
 182      216C C887 
 182      B4BC 3AFB 
 182      7601 0DC1 
 183 0135 3385 AE80 		.ascii	"3\205\256\200\230n\023\307\315Z9\362_\244\346\211\006\032\222"
 183      986E 13C7 
 183      CD5A 39F2 
 183      5FA4 E689 
 183      061A 92
 184 0148 A10E B7C4 		.ascii	"\241\016\267\304\272&6EI\336\234\004*Ge\215\023d\252\313\236"
 184      BA26 3645 
 184      49DE 9C04 
 184      2A47 658D 
 184      1364 AACB 
 185 015d 6E11 58E5 		.ascii	"n\021X\345\3045X\360\004 \035:\207\241\305\366\3605\324\242\230"
 185      C435 58F0 
 185      0420 1D3A 
 185      87A1 C5F6 
 185      F035 D4A2 
 186 0172 DD39 E850 		.ascii	"\3359\350PO\311\215-\270\346{\375R\371\265\231\375\325\316\200"
 186      4FC9 8D2D 
 186      B8E6 7BFD 
 186      52F9 B599 
 186      FDD5 CE80 
 187 0186 07B6 E1F2 		.ascii	"\007\266\341\362\313\206\221\344P9C\344=KN\f\247\342\351\221"
 187      CB86 91E4 
 187      5039 43E4 
 187      3D4B 4E0C 
 187      A7E2 E991 
 188 019a F1D8 583A 		.ascii	"\361\330X:\231z\3764\021\023f4>6\036K\307'\376\341\307\t\352"
 188      997A FE34 
 188      1113 6634 
 188      3E36 1E4B 
 188      C727 FEE1 
 189 01b1 1094 488D 		.ascii	"\020\224H\215$\377\002\334\203\243Z"
 189      24FF 02DC 
 189      83A3 5A
 190               		.text
 191               		.section	.gnu.lto_keymaps.d5c925c523e07765,"",@progbits
 192 0000 789C BD57 		.ascii	"x\234\275WYW\233\327\025\225>y\210G\232\016I\007wH\347\246c\234"
 192      5957 9BD7 
 192      1595 3E79 
 192      8847 9A0E 
 192      4907 7748 
 193 0018 0E5E 1D5F 		.ascii	"\016^\035_\323\227\256\376\204\256\225\376\204>\267\002\004\006"
 193      D397 AEFE 
 193      84AE 95FE 
 193      843E B702 
 193      0406 
 194 002a 8C6D 190B 		.ascii	"\214m\031\013c\033\260A\b$&I \241\031!\346\301\0301\031\003B"
 194      631B B041 
 194      0824 2649 
 194      20A1 1921 
 194      E6C1 1831 
 195 0041 1830 1133 		.ascii	"\0300\0213\306b\006\331\364\236\357l\262,-p\234&5/w\355\373q"
 195      C662 06D9 
 195      F49E EF6C 
 195      B22C 2D70 
 195      9C26 352F 
 196 0059 75F6 D977 		.ascii	"u\366\331w\237s\357=\246P(\262\336R(\224\n\376\323\251\224\366"
 196      9F73 EF3D 
 196      A650 28B2 
 196      DE52 2894 
 196      0AFE D3A9 
 197 006f 96F6 F437 		.ascii	"\226\366\3647.\251\nT\n\245R\300\207#\032\267\222\240RyJ\300"
 197      2EA9 0A54 
 197      0AA5 52C0 
 197      8723 1AB7 
 197      92A0 5279 
 198 0085 672B BDCF 		.ascii	"g+\275\317N3<)`\245\243\324\203\257'\004\\\313J\333T1<.\340\364"
 198      4E33 3C29 
 198      60A5 A3D4 
 198      83AF 2704 
 198      5CCB 4ADB 
 199 009f 6EB5 E72C 		.ascii	"n\265\347,\303c\002v\032<1\254=*`\237\306Z\200\177>\"`S\324j"
 199      C363 0276 
 199      1A3C 31AC 
 199      3D2A 609F 
 199      C65A 807F 
 200 00b9 C457 9580 		.ascii	"\304W\225\200\255{\233\201$\206\222\200\311\276k\2263\027\034"
 200      AD7B 9B81 
 200      2486 9280 
 200      C9BE 6B96 
 200      3317 1C
 201 00cc EA8C 2275 		.ascii	"\352\214\"u@LJ\312\367\316)m\312s\312\363<\370\224<z1z0\2721"
 201      404C 4ACA 
 201      F7CE 296D 
 201      CA73 CAF3 
 201      3CF8 943C 
 202 00e6 BA30 3A31 		.ascii	"\2720:1\276\317\203\003\260\016\243\235G\222\301\355\330\230"
 202      BECF 8303 
 202      B00E A39D 
 202      4792 C1ED 
 202      D898 
 203 00f8 3ECB 3254 		.ascii	">\3132T\273H\bO\325T\b\272T\311\023\205\331\013"
 203      BB48 084F 
 203      D554 08BA 
 203      54C9 1385 
 203      D90B 
 204 010a 1F32 36CA 		.string	"\03726\3128\020\356\331=\316\023e\362\204v\321\340?\306\023\025\370\tW\376I\236\250\224'R
 204      3810 EED9 
 204      3DCE 1365 
 204      F284 76D1 
 204      E03F C613 
 205 020b E1A9 D41C 		.string	"\341\251\324\0345\276\377\205\376]\353_\307\317\375Y\300\364\362\261\016x\371O\002^M\035\
 205      35BE FF85 
 205      FE5D EB5F 
 205      C7CF FD59 
 205      C0F4 F2B1 
 206 025d 4A0D 42A9 		.ascii	"J\rB\251\001Vj4\264\332\211\200\177/P\251(\336#\345\005\212\327"
 206      0156 6A34 
 206      B4DA 8980 
 206      7F2F 50A9 
 206      28DE 23E5 
 207 0274 2F06 8A77 		.ascii	"/\006\212w_\214\024\257E\214\024\257^y\201\026v\325\f5\242\242"
 207      5F8C 14AF 
 207      458C 14AF 
 207      5E79 8116 
 207      76D5 0C35 
 208 028a CDB4 C791 		.ascii	"\315\264\307\221\233a\007\312\263\202\360P\244\244\ryV\022\256"
 208      9B61 07CA 
 208      B382 F050 
 208      A4A4 0D79 
 208      5612 AE
 209 029d 8C4C 171D 		.ascii	"\214L\027\035\342\201\317\330\203\036#\263)d6\311\231y2\235Y"
 209      E281 CFD8 
 209      831E 23B3 
 209      2964 36C9 
 209      9979 329D 
 210 02b2 50B6 9C08 		.ascii	"P\266\234\bl\225\244\350\341J'\265L{l\305\216Zu\020\256\213d"
 210      6C95 A4E8 
 210      E14A 27B5 
 210      4C7B 6CC5 
 210      8E5A 7510 
 211 02c9 AAB1 C7E7 		.ascii	"\252\261\307\347\311\344\306k\311\322\301|\207\301\367!\370\016"
 211      C9E4 C66B 
 211      C9D2 C17C 
 211      87C1 F721 
 211      F80E 
 212 02db 81EF 03F0 		.ascii	"\201\357\003\360\035\004\337\001\360\235e\2763\340\033\001\337"
 212      1D04 DF01 
 212      F09D 65BE 
 212      33E0 1B01 
 212      DF
 213 02ec 8FE2 AB4C 		.ascii	"\217\342\253L\337\320\363\037\016\377\236@^\247\257\rE\365+\001"
 213      DFD0 F31F 
 213      0EFF 9E40 
 213      5EA7 AF0D 
 213      45F5 2B01 
 214 0300 3B42 97F7 		.ascii	";B\227\367\273\341/\251\005L\204\223\001\177!\340\352\214s\t"
 214      BBE1 2FA9 
 214      054C 8493 
 214      017F 21E0 
 214      EA8C 7309 
 215 0314 05FA 733A 		.ascii	"\005\372s:\f\352\227\003\307\022\250\3670\365qP\017\203\372\030"
 215      0CEA 9703 
 215      C712 A8F7 
 215      30F5 7150 
 215      0F83 FA18 
 216 0328 A887 407D 		.ascii	"\250\207@}\024\324G@}\231\251/\201\372\"\250/\200\372<\2446t"
 216      14D4 4740 
 216      7D99 A92F 
 216      81FA 22A8 
 216      2F80 FA3C 
 217 033f 2CC0 FF56 		.ascii	",\300\377V\222\322\347\2718\004l!<\036\350\031\006\335\037\320"
 217      92D2 E7B9 
 217      3804 6C21 
 217      3C1E E819 
 217      06DD 1FD0 
 218 0353 4EF8 FAF4 		.ascii	"N\370\372\364\250\266\357S1Y7\306\300\376{\002\346\\q\346\340"
 218      A8B6 EF53 
 218      3159 37C6 
 218      C0FE 7B02 
 218      E65C 71E6 
 219 0368 EB77 05CC 		.ascii	"\353w\005\314\b-\256\241\324\336\021\360\351\375\333\217a\253"
 219      082D AEA1 
 219      D4DE 11F0 
 219      E9FD DB8F 
 219      61AB 
 220 037a EF08 78DD 		.ascii	"\357\bx\335`vc\323\276MDR+\255\200\337\022\360\321\340L\001~"
 220      6076 63D3 
 220      BE4D 4452 
 220      2BAD 80DF 
 220      12F0 D1E0 
 221 0391 F937 02A6 		.ascii	"\3717\002\246\364\357^M\334\322\035\326e\033\272lA\227M\350\262"
 221      F4EF 5E4D 
 221      DCD2 1DD6 
 221      651B BA6C 
 221      4197 4DE8 
 222 03a6 015D D6A1 		.ascii	"\001]\326\241\313\032tYe]\242\320\345)tY\211oC\306>\335%\350"
 222      CB1A 7459 
 222      655D A2D0 
 222      E529 7459 
 222      896F 43C6 
 223 03be F0AE 8073 		.ascii	"\360\256\200s\335\013Qp7\3122Ut\354\202m\031\341\214\251\261"
 223      DD0B 5170 
 223      37CA 3255 
 223      74EC 826D 
 223      19E1 8CA9 
 224 03d3 3D94 909E 		.ascii	"=\224\220\236\360\216\303\021Il\364\257\310w\357\345|\237\203"
 224      F08E C311 
 224      496C F4AF 
 224      C877 EFE5 
 224      7C9F 83
 225 03e6 EF33 F08D 		.ascii	"\3573\360\2151\337\271N\2337)\276\031\250%\271\031\354\242\031"
 225      31DF B94E 
 225      9B37 29BE 
 225      19A8 25B9 
 225      19EC A219 
 226 03fa 3C41 3398 		.ascii	"<A3\230C3\230\346f\360\332\213{~+\373MV\252\226\224\352_\272"
 226      4333 98E6 
 226      66F0 DA8B 
 226      7B7E 2BFB 
 226      4D56 AA96 
 227 0412 3778 C891 		.ascii	"7x\310\221\370i\2135Uz\225b\335\260\265,\342\330\256!\002\221"
 227      F869 8B35 
 227      557A 9562 
 227      DDB0 B52C 
 227      E2D8 AE21 
 228 0428 949B 3770 		.ascii	"\224\2337p\300\230eBi\215\223\330\312jy"
 228      C098 6542 
 228      698D 93D8 
 228      CA6A 79
 229 0437 6BD5 06A3 		.string	"k\325\006\243\362\363)\311\213L0]:\270$\323$\231`\321\206\311\017B\245D\340\236\331\3606C
 229      F2F3 29C9 
 229      8B4C 305D 
 229      3AB8 24D3 
 229      2499 60D1 
 230 0538 CAE6 43D9 		.string	"\312\346C\331\333P\366\226\304\312\336\202\2627Y\331<({Cbes%VV\307\316\315_\r\317\301\271
 230      DB50 F696 
 230      C4CA DE82 
 230      B237 59D9 
 230      3C28 7B43 
 231 05ed 99BE 49F7 		.string	"\231\276I\367\203\274\264LT\367\333/\276J\025\362\253\364\343w\247B~w\356\316\352F\360\36
 231      83BC B44C 
 231      54F7 DB2F 
 231      BE4A 15F2 
 231      ABF4 E377 
 232 0665 BFA2 7BE1 		.string	"\277\242{\341\201\255\220\037\330\037?\316\025\361\217s\205\3748w\325/\235gt\216$s\247\35
 232      81AD 901F 
 232      D81F 3FCE 
 232      15F1 8F73 
 232      85FC 3877 
 233 06bc 4DFC D0A4 		.ascii	"M\374\320\244\2365\361A\023/4\361Hq\235\262\3249\362W\016\377"
 233      9E35 F141 
 233      132F 34F1 
 233      4871 9DB2 
 233      D439 F257 
 234 06d2 233A C7B4 		.ascii	"#:\307\264\311\227\261a?$\227\307\232\233\376\307\033\307'\334"
 234      C997 B161 
 234      3F24 97C7 
 234      9A9B FEC7 
 234      1BC7 27DC 
 235 06e6 90DA C1A6 		.ascii	"\220\332\301\246M\212k\243v\333\266\367h|\033\355\3406\332\212"
 235      4D8A 6BA3 
 235      76DB B6F7 
 235      687C 1BED 
 235      E036 DA8A 
 236 06fa 36EA 461B 		.ascii	"6\352F\033\255B\033\275\313m\364\265\267\245\360z\363\\\342\313"
 236      AD42 1BBD 
 236      CB6D F4B5 
 236      B7A5 F07A 
 236      F35C E2CB 
 237 070e 0C15 5E8C 		.ascii	"\f\025^\214\200e\b\350C@=\002\226\"\2401\276\302\233\020\260"
 237      8065 08E8 
 237      4340 3D02 
 237      9622 A031 
 237      BEC2 9B10 
 238 0723 1101 ABE3 		.ascii	"\021\001\253\343+\334\330?`K\274\305'T\213\027\001\315\bhE\300"
 238      2BDC D83F 
 238      604B BCC5 
 238      2754 8B17 
 238      01CD 0868 
 239 0739 5A04 AC41 		.ascii	"Z\004\254A@\013\007\254C@\033\002:\020\260\231\003\352\353\335"
 239      400B 07AC 
 239      4340 1B02 
 239      3A10 B099 
 239      03EA EBDD 
 240 074d BEC4 CD87 		.ascii	"\276\304\315\207\025\313\021\260\004\001\375\tV\254G@\023\002"
 240      15CB 11B0 
 240      0401 FD09 
 240      56AC 4740 
 240      1302 
 241 075f 7A38 A01D 		.ascii	"z8\240\035\001\033\020\260\"\336\212\257\335m\273\303\241\215"
 241      011B 10B0 
 241      22DE 8AAF 
 241      DD6D BBC3 
 241      A18D 
 242 0771 E3F1 6EEB 		.ascii	"\343\361n\353a\267\335\207\333\272\341\266{p[\027\273\255^\255"
 242      61B7 DD87 
 242      DBBA E1B6 
 242      7B70 5B17 
 242      BBAD 5EAD 
 243 0785 2953 7DAE 		.ascii	")S}\256n\253\2064y`z#\336m\255e\276\330\211\317\3466\313\313"
 243      6EAB 8634 
 243      7960 7A23 
 243      DE6D AD65 
 243      BED8 89CF 
 244 079d DDB6 6F6F 		.ascii	"\335\266oo\270m\323\257[\376\204\336lF\300Z\004\364'l\376\276"
 244      B86D D3AF 
 244      5BFE 84DE 
 244      6C46 C05A 
 244      04F4 276C 
 245 07b3 DB4C 1CD0 		.ascii	"\333L\034\320\210\200\236\204\315\207\333B\331\033m\211\031\036"
 245      8880 9E84 
 245      CD87 DB42 
 245      D91B 6D89 
 245      191E 
 246 07c5 E2B6 FDC3 		.ascii	"\342\266\375\303\300\213\200V\004l@"
 246      C08B 8056 
 246      046C 40
 247 07d0 403B 07B4 		.string	"@;\007\264!\240\003\001\003R\334#\365\265\273m\316\244M?\025\357\266Av\333"
 247      21A0 0301 
 247      0352 DC23 
 247      F5B5 BB6D 
 247      CEA4 4D3F 
 248 07eb DCD6 0FB7 		.ascii	"\334\326\017\267\365\301m\275\354\266;\001\3550\230\376\243@"
 248      F5C1 6DBD 
 248      ECB6 3B01 
 248      ED30 98FE 
 248      A340 
 249 07fd 7584 163E 		.ascii	"u\204\026>\340\205A,\354\304\302\353X\230,F\":!\236c\312!\361"
 249      E085 412C 
 249      ECC4 C2EB 
 249      5898 2C46 
 249      223A 219E 
 250 0815 2BFF 050D 		.ascii	"+\377\005\r5=\254"
 250      353D AC
 251               		.text
 252               		.section	.gnu.lto_.symbol_nodes.d5c925c523e07765,"",@progbits
 253 0000 789C 55CD 		.string	"x\234U\315KJ\304@\020\306\361\257\273\363\3605\223y&\343;\216o]x\005=YEh\020\034\020\017\
 253      4B4A C440 
 253      10C6 F1AF 
 253      BBF3 F035 
 253      9379 26E3 
 254 007d 4571 CB7D 		.ascii	"Eq\313}L\221\350)\305\242sZ\023}D\353\242\017iC\364\001m\212"
 254      4C91 E829 
 254      C5A2 735A 
 254      137D 44EB 
 254      A20F 6943 
 255 0095 BEA6 2DD1 		.ascii	"\276\246-\321W\324\021}A]\321\227\224\210>\247\336\3776\030\302"
 255      57D4 117D 
 255      415D D197 
 255      9488 3EA7 
 255      DEFF 3618 
 256 00aa FD6A CFFB 		.ascii	"\375j\317\373\215g\316\f\340>\346\312\240\207\322\333G\275j\273"
 256      8D67 CE0C 
 256      E03E E6CA 
 256      A087 D2DB 
 256      47BD 6ABB 
 257 00be 681C C056 		.ascii	"h\034\300Vm\273\252\235\227\253\256\275\t\352e\311va?\033;\260"
 257      6DBB AA9D 
 257      97AB AEBD 
 257      09EA 65C9 
 257      7661 3F1B 
 258 00d4 5F95 322A 		.ascii	"_\2252*\201\233}\033\243:(\275|o\266\f\232\266Ol\304{_R\023\365"
 258      819B 7D1B 
 258      A33A 28BD 
 258      7C6F B60C 
 258      9AB6 4F6C 
 259 00ee E198 7882 		.ascii	"\341\230x\202\362-3q\212\372\241V&\316`\037\033S8\357\030\245"
 259      F22D 3371 
 259      8AFA A156 
 259      26CE 601F 
 259      1B53 38EF 
 260 0104 77C4 3FFD 		.ascii	"w\304?\375\321\370\003\310\356yc"
 260      D1F8 03C8 
 260      EE79 63
 261               		.text
 262               		.section	.gnu.lto_.refs.d5c925c523e07765,"",@progbits
 263 0000 789C 15CA 		.ascii	"x\234\025\312\311\r\2000\f\004\300]\037\211c\016\201\202\020"
 263      C90D 8030 
 263      0C04 C05D 
 263      1F89 630E 
 263      8182 10
 264 0013 4894 44FF 		.ascii	"H\224D\377\365\020\036\363\233\002\340\035\222\020B\025Vi\r\226"
 264      F510 1EF3 
 264      9B02 E01D 
 264      9210 4215 
 264      5669 0D96 
 265 0027 B419 BED2 		.ascii	"\264\031\276\3227\370N\357R(AiS\375_(\232\217\204\\\230\035q"
 265      37F8 4EEF 
 265      5228 4169 
 265      53FD 5F28 
 265      9A8F 845C 
 266 003e C04F C685 		.ascii	"\300O\306\205\270\031\017>R\244\002%"
 266      B819 0F3E 
 266      52A4 0225 
 267               		.text
 268               		.section	.gnu.lto_.decls.d5c925c523e07765,"",@progbits
 269 0000 789C 8D59 		.string	"x\234\215YiTTI\226\316\310\200\004\022HlP\323\266\350\321\261\250\222YJ\324\256\032\255\2
 269      6954 5449 
 269      96CE C880 
 269      0412 486C 
 269      50D3 B6E8 
 270 0083 EC01 E580 		.string	"\354\001\345\200\267\200\353\200Z\300\037\024\354\3633\200\035R(\234"
 270      B780 EB80 
 270      5AC0 1F14 
 270      ECF3 3380 
 270      1D52 289C 
 271 0098 CE00      		.string	"\316"
 272 009a 0DC0 1DB0 		.string	"\r\300\035\260\032\260\006\260\026\260\036\260\001\340\005\370\030\340\r\370\004\260\005\
 272      1AB0 06B0 
 272      16B0 1EB0 
 272      01E0 05F8 
 272      18E0 0DF8 
 273 00dc 7800      		.string	"x"
 274 00de B882 98EE 		.string	"\270\202\230\356Up-\004\254\003\024\001\\\001%\200b"
 274      5570 2D04 
 274      AC03 1401 
 274      5C01 2580 
 274      6200 
 275 00f0 9853 CC02 		.string	"\230S\314\002\272\025L\213\035\327\352%\323\277\226\217\211\214\215\304\246\024\256e\200r
 275      BA15 4C8B 
 275      1DD7 EA25 
 275      D3BF 968F 
 275      898C 8DC4 
 276 0124 FE1D 5003 		.string	"\376\035P\003\250El,D\367*n\013+X\214\327r\377v\357\211\227\374\243\005\237\252%>E{\3252\
 276      A845 6C2C 
 276      44F7 2A6E 
 276      0B2B 588C 
 276      D772 FF76 
 277 01bb 9796 F0E4 		.ascii	"\227\226\360\344\237\024\214\316\314\315O\3408\214v\252\321\342"
 277      9F14 8CCE 
 277      CCCD 4FE0 
 277      388C 76AA 
 277      D1E2 
 278 01cd 2286 8A8B 		.ascii	"\"\206\212\213/\312^\273\262\n\322\376\342D\343=\007\254\244"
 278      2FCA 5EBB 
 278      B20A D2FE 
 278      E244 E33D 
 278      07AC A4
 279 01e0 DFAF 4FA5 		.ascii	"\337\257O\245\324\333o\312\023\330\307q\247\002\025!,\032\272"
 279      D4DB 6FCA 
 279      13D8 C771 
 279      A702 1521 
 279      2C1A BA
 280 01f3 7AA0 7748 		.ascii	"z\240wH\215\267Rb\303\342\214\305\rl\270\253\221\022\212\235"
 280      8DB7 5262 
 280      C3E2 8CC5 
 280      0D6C B8AB 
 280      9112 8A9D 
 281 0207 13D7 8F3B 		.ascii	"\023\327\217;Cq\245\032\255H\301\312\206\"s\202\023R{G\013B\270"
 281      4371 A51A 
 281      AD48 C1CA 
 281      8622 7382 
 281      1352 7B47 
 282 021e D021 08F6 		.ascii	"\320!\b\366k\024\250\fy\242R\344\251@\025\310\233\270.F\233\024"
 282      6B14 A80C 
 282      79A2 52E4 
 282      A940 15C8 
 282      9BB8 2E46 
 283 0234 A810 2AAF 		.ascii	"\250\020*\257@\345Y\342\316\322\227\272a J\020\224\250"
 283      40E5 59E2 
 283      CED2 97BA 
 283      6120 4A10 
 283      94A8 
 284 0246 1CA9 5109 		.string	"\034\251Q\t\302\224\003q\331\251&\377\241\022<\265\234.\177\343\302\034\333C1m\352\301S'\
 284      C294 0371 
 284      D9A9 26FF 
 284      A112 3CB5 
 284      9C2E 7FE3 
 285 0347 05DA 4256 		.string	"\005\332BV\332\001\242\246C0\013`\305:\311\n\312\005w\250\003<\337D^\250\035y\321h0\361c\
 285      DA01 A2A6 
 285      4330 0B60 
 285      C53A C90A 
 285      CA05 77A8 
 286 03e0 E512 518D 		.string	"\345\022Q\215K\271R \230\376\207)4\240\367l\003J\243\221\304\243Q\005}+\251\213{<\024=\02
 286      4BB9 5220 
 286      98FE 8729 
 286      34A0 F76C 
 286      034A A391 
 287 04c5 D394 790C 		.string	"\323\224y\f\241\234\204\030m\025s\234\326\216B\224\006\220\224\f\323+#\205h7\262\302)\371
 287      A19C 8418 
 287      6D15 739C 
 287      D68E 4294 
 287      0690 940C 
 288 0504 09FD 1192 		.ascii	"\t\375\021\222\370\235\204O\354\f-k}\253\224\226\215,-'\337\223"
 288      F89D 844F 
 288      EC0C 2D6B 
 288      7DAB 9496 
 288      8D2C 2D27 
 289 051a 9616 9E2A 		.ascii	"\226\026\236*b0'y\226\274\204,\031\003+\023\200)\300\013\300"
 289      6230 2779 
 289      96BC 842C 
 289      1903 2B13 
 289      8029 C00B 
 290 052f 38CF 1626 		.ascii	"8\317\026&\341\241l\214O\226U1\210\3706\221\\x\363\251\033\316"
 290      E1A1 6C8C 
 290      4F96 5531 
 290      88F8 3691 
 290      5C78 F3A9 
 291 0545 A007 9CB2 		.ascii	"\240\007\234\262\263\324\234\250\266\246\3634M\347i\350\377J"
 291      B3D4 9CA8 
 291      B6A6 F334 
 291      4DE7 69E8 
 291      FF4A 
 292 0557 4AE7 4929 		.ascii	"J\347I)\235m5\242\037@\332O\221\t\233i\341\365\342V\204<`\316"
 292      9D6D 35A2 
 292      1F40 DA4F 
 292      9109 9B69 
 292      E1F5 E256 
 293 056f 6DD6 451F 		.ascii	"m\326E\037\004\367!]\2033\334\316\034\330\231\205\276\257\245"
 293      04F7 215D 
 293      8333 DCCE 
 293      1CD8 9985 
 293      BEAF A5
 294 0582 2182 DFEE 		.ascii	"!\202\337\356({3\335R\310R\273\n\332\b\335\272\250|\226\354\023"
 294      287B 33DD 
 294      52C8 52BB 
 294      0ADA 08DD 
 294      BAA8 7C96 
 295 0598 4345 7C03 		.ascii	"CE|\003\"#\351\347l\256\271\022-\331)\332\017\321)\231\261\235"
 295      2223 E9E7 
 295      6CAE B912 
 295      2DD9 29DA 
 295      0FD1 2999 
 296 05ae 1272 760E 		.ascii	"\022rv\016\035\314w\301\247Y\234^\264\226\364H\313~\3723\322"
 296      1DCC 77C1 
 296      A759 9C5E 
 296      B496 F448 
 296      CB7E FA33 
 297 05c3 6501 ACCE 		.ascii	"e\001\254\316Kq\232yw\331\213\303Co`T\313\215\020\\]\316hy\343"
 297      4B71 9A79 
 297      77D9 8BC3 
 297      436F 6054 
 297      CB8D 105C 
 298 05dc EA12 6BBD 		.ascii	"\352\022k\275;\240\246\245\263\343-r\241\367Cp\005rq\353\334"
 298      3BA0 A6A5 
 298      B3E3 2D72 
 298      A1F7 4370 
 298      0572 71EB 
 299 05f1 B473 1F44 		.ascii	"\264s\037D\002\224\361;\035\204\370\005Q\2602\242E\2702\236X"
 299      0294 F13B 
 299      1D84 F805 
 299      51B0 32A2 
 299      45B8 329E 
 300 0606 8538 4D21 		.ascii	"\2058M!~\347,V\257\024\315\321?\244\340\326\026\305\017\263\314"
 300      7EE7 2C56 
 300      AF14 CDD1 
 300      3FA4 E0D6 
 300      16C5 0FB3 
 301 061b 2992 3952 		.ascii	")\2229R\247\024\017xf\235\323\240\236re\026\230]\231{\271y\346"
 301      A714 0F78 
 301      669D D3A0 
 301      9E72 6516 
 301      985D 997B 
 302 0632 DBA6 593E 		.ascii	"\333\246Y>H\304#\226\277\220\177\316\031\027\260\273\264\342"
 302      48C4 2396 
 302      BF90 7FCE 
 302      1917 B0BB 
 302      B4E2 
 303 0644 8197 B7B1 		.ascii	"\201\227\267\261\235\222E\b\005\333\221\272\302\360\322qD"
 303      9D92 4508 
 303      05DB 91BA 
 303      C2F0 D271 
 303      44
 304 0655 EBC8 D962 		.string	"\353\310\331bV\322\312\351\254\263OUk\016\263T\206\033\025\2728\304\005\027\241\\\003\377
 304      56D2 CAE9 
 304      ACB3 4F55 
 304      6B0E B354 
 304      861B 15BA 
 305 0756 1505 64D4 		.string	"\025\005d\324_[U"
 305      5F5B 5500 
 306 075e 0BED 9754 		.ascii	"\013\355\227T\354\227\253H\246*n\304L\274\306\270\224\251\030"
 306      EC97 AB48 
 306      A62A 6EC4 
 306      4CBC C6B8 
 306      94A9 18
 307 0771 CEBF DDE9 		.ascii	"\316\277\335\351j\235A\246b6\342\315a\274L$\016Q\021)\242\210"
 307      6A9D 41A6 
 307      6236 E2CD 
 307      61BC 4C24 
 307      0E51 1129 
 308 0787 EAE4 EE18 		.ascii	"\352\344\356\0307\020\321\017\324\307\315^i\261B$&\034tP\222"
 308      3710 D10F 
 308      D4C7 CD5E 
 308      69B1 4224 
 308      261C 7450 
 309 079c 7050 C9EE 		.ascii	"pP\311\356\231\321a\352>1\267z\300\01673\367\215q\275\265\032"
 309      99D1 61EA 
 309      3E31 B77A 
 309      C00E 3733 
 309      F78D 71BD 
 310 07b2 DE7F 716E 		.ascii	"\336\177qn\373\241,\263e3\r7J\225\f\244\212\006\216P\0037\027"
 310      FBA1 2CB3 
 310      6533 0D37 
 310      4A95 0CA4 
 310      8A06 8E50 
 311 07c9 2BAB 95F8 		.ascii	"+\253\225\370\0253\020"
 311      1533 10
 312 07d0 FED2 FC05 		.ascii	"\376\322\374\005\357?\334\274>-\217\366'\002\216J\375\217\212"
 312      EF3F DCBC 
 312      3E2D 8FF6 
 312      2702 8E4A 
 312      FD8F 8A
 313 07e3 FD8F D1FE 		.ascii	"\375\217\321\376\025{\217t\270\342p\273e\307\177p \342\276\312"
 313      157B 8F74 
 313      B8E2 70BB 
 313      65C7 7F70 
 313      20E2 BECA 
 314 07f7 5A97 CEB2 		.ascii	"Z\227\316\262\372\330\341\336~\007k\345qV\231\374CB\271\3432"
 314      FAD8 E1DE 
 314      7E07 6BE5 
 314      7156 99FC 
 314      4342 B9E3 
 315 080c 913A 4123 		.ascii	"\221:A#\225!Fj\256n\274\013q\245}\261\270|\270)\\\360\245,\224"
 315      9521 466A 
 315      AE6E BC0B 
 315      71A5 7DB1 
 315      B87C B829 
 316 0825 2649 4D13 		.ascii	"&IM\023\245\236\244R\303\333\257\276P\342\263Lj\363\263\263\017"
 316      A59E A452 
 316      C3DB AFBE 
 316      50E2 B34C 
 316      6AF3 B3B3 
 317 083a ECB8 85A6 		.ascii	"\354\270\205\246D\234XwH\210V\261\301\236\222,\234\022-dR\013"
 317      449C 5877 
 317      4888 56B1 
 317      C19E 922C 
 317      9C12 2D64 
 318 0850 1D89 8D37 		.ascii	"\035\211\2157\355p\007\263p\264\272\346\224\013\267\360lM\224"
 318      ED70 07B3 
 318      70B4 BAE6 
 318      940B B7F0 
 318      6C4D 94
 319 0863 508B 68EF 		.ascii	"P\213h\357,\251w\226\330\3734\355}\350rv\206#\356a\275\357U\017"
 319      2CA9 7796 
 319      D8FB 34ED 
 319      7DE8 7276 
 319      8623 EE61 
 320 087b 168B FE7B 		.ascii	"\026\213\376{cqU\2665\326g$\003gD\003g\251\201\234\366\314\027"
 320      6371 55B6 
 320      35D6 6724 
 320      0367 4403 
 320      67A9 819C 
 321 0892 8E78 8119 		.ascii	"\216x\201\031x|\341m\256JL\226\034\\)Mv\266d [4p\216\032\310"
 321      787C E16D 
 321      AE4A 4C96 
 321      1C5C 294D 
 321      76B6 6420 
 322 08ac EDBD 3F86 		.ascii	"\355\275?\206q\226=5p!o\276@M\347\340\017\342\\=\312~\022Fk\276"
 322      7196 3D35 
 322      7021 6FBE 
 322      404D E7E0 
 322      0FE2 5C3D 
 323 08c6 7646 E7D9 		.ascii	"vF\347\331\244\244\266$u\243e&%\217NJ\2568)\343yO\252\235\271"
 323      A4A4 B624 
 323      75A3 6526 
 323      258F 4E4A 
 323      AE38 29E3 
 324 08df A2CE 0F68 		.ascii	"\242\316\017h@\200\201r$99\242\234|*'#*-E\203\363\355\177\372"
 324      4080 8172 
 324      2439 39A2 
 324      9C7C 2A27 
 324      232A 2D45 
 325 08f8 DA01 5DA2 		.ascii	"\332\001]\242\363\002\352\374\242\350\374yFT\215\270v\232\312"
 325      F302 EAFC 
 325      A2E8 FC79 
 325      4654 8DB8 
 325      769A CA
 326 090b F02B BA76 		.ascii	"\360+\272v\200\203.H\356/\210\356/Q\367\023\203\203\245\032"
 326      8083 2E48 
 326      EE2F 88EE 
 326      2F51 F713 
 326      8383 A51A 
 327 091f FC72 6934 		.string	"\374ri4\300\007\363\3762\367R\370r{X!\365~E\364\336\036\2370,\346\343p\016\256\340\331\00
 327      C007 F3FE 
 327      32F7 52F8 
 327      727B 5821 
 327      F57E 45F4 
 328 0a20 1F75 920F 		.ascii	"\037u\222\017p\271\234\223\372\367;yt2FP\223h\206\323\275(\256"
 328      70B9 9C93 
 328      FAF7 3B79 
 328      7432 4650 
 328      9368 86D3 
 329 0a37 EE5A 84F0 		.ascii	"\356Z\204\360\b\304\023\303\025<\240\242\r\005\251\201\377\215"
 329      08C4 13C3 
 329      153C A0A2 
 329      0D05 A981 
 329      FF8D 
 330 0a49 349E FBAF 		.ascii	"4\236\373\257T\315\252 \"d\252\033\211\251\232\342\346\0067|"
 330      54CD AA20 
 330      2264 AA1B 
 330      89A9 9AE2 
 330      E606 377C 
 331 0a5d 8305 7862 		.ascii	"\203\005xb8\242\302\311:K^U\227\223\004AE\271\315K\246\211\224"
 331      38A2 C2C9 
 331      3A4B 5E55 
 331      9793 0441 
 331      45B9 CD4B 
 332 0a74 9B88 C216 		.ascii	"\233\210\302\026j\366\207\304'\373\310T\220\223p+y\357Tp\355"
 332      6AF6 87C4 
 332      27FB C854 
 332      9093 702B 
 332      79EF 5470 
 333 0a89 9A1B EE65 		.ascii	"\232\033\356eV\257w\317\324k\270\325\356\252\2257\005a\r%^\343"
 333      56AF 77CF 
 333      D46B B8D5 
 333      EEAA 9537 
 333      0561 0D25 
 334 0a9f 36A5 1B4C 		.ascii	"6\245\033LR\323J\254^\247V#\273\306\307\324\334*1\364\244(\322"
 334      52D3 4AAC 
 334      5EA7 5623 
 334      BBC6 C7D4 
 334      DC2A 31F4 
 335 0ab6 ACC1 43CC 		.ascii	"\254\301C\314jo|\335\214\212[\255%\267\036\210\362\332\3371J"
 335      6A6F 7CDD 
 335      8C8A 5BAD 
 335      25B7 1E88 
 335      F2DA DF31 
 336 0acb 6ADA 88D1 		.ascii	"j\332\210\321\033\324\350\336\033\207\236\022\251Z5\372g\262"
 336      1BD4 E8DE 
 336      1B87 9E12 
 336      A95A 35FA 
 336      67B2 
 337 0add 2212 4B92 		.ascii	"\"\022K\222\225,\211H\322\336m\030\311R\262\326\317\241\030\335"
 337      952C 8948 
 337      D2DE 6D18 
 337      C952 B2D6 
 337      CFA1 18DD 
 338 0af1 FBE2 157F 		.ascii	"\373\342\025\177\222\375[\362`\333[\025m\317Z\267A\261\357\326"
 338      92FD 5BF2 
 338      60DB 5B15 
 338      6DCF 5AB7 
 338      41B1 EFD6 
 339 0b05 30CD 4728 		.ascii	"0\315G(~F\216\235\323\027\312\\\031y\0359\337;\006~\313\032?"
 339      7E46 8E9D 
 339      D317 CA5C 
 339      1979 1D39 
 339      DF3B 067E 
 340 0b1c 8552 7944 		.ascii	"\205RyDn\001o\374\033r36\024#\270\262V\022\257\314\221\266\026"
 340      6E01 6FFC 
 340      1B72 3336 
 340      1423 B8B2 
 340      5612 AFCC 
 341 0b33 FE70 FD0B 		.ascii	"\376p\375\013\331\263\266\226=k\227V\215ne\215\236d\331\366&"
 341      D9B3 B696 
 341      3D6B 9756 
 341      8D6E 658D 
 341      9E64 D9F6 
 342 0b48 5C55 B146 		.ascii	"\\U\261F\037(\236k\250-A\254\365\003(N\r\227\214rM\237\220-n"
 342      1F28 9E6B 
 342      A82D 41AC 
 342      F503 284E 
 342      0D97 8C72 
 343 0b61 F854 0A1F 		.ascii	"\370T\n\037\300Z(6M\215t9\261\326\177\200\342\253\324\353=\374"
 343      C05A 2836 
 343      4D8D 7439 
 343      B1D6 7F80 
 343      E2AB D4EB 
 344 0b77 61FC E7E4 		.ascii	"a\374\347\344\210+{\220i\307Z\377\016\212c\221O\372\371\313\303"
 344      882B 7B90 
 344      69C7 5AFF 
 344      0E8A 6391 
 344      4FFA F9CB 
 345 0b8c 35B2 577A 		.ascii	"5\262WzZ\366Jo*5*\306\221\265j\311-m\2229\201\373\375\230$\304"
 345      5AF6 4A6F 
 345      2A35 2AC6 
 345      91B5 6AC9 
 345      2D6D 9239 
 346 0ba6 EBD8 31FE 		.ascii	"\353\3301\376\376o5\331U+of\362\260z\221\203$\373m\252\212\265"
 346      FE6F 35D9 
 346      552B 6F66 
 346      F2B0 7A91 
 346      8324 FB6D 
 347 0bbd AE82 E240 		.ascii	"\256\202\342@\301\364}\336\367C\262\256\337\034/\341}W\312\346"
 347      C1F4 7DDE 
 347      F743 B2AE 
 347      DF1C 2FE1 
 347      7D57 CAE6 
 348 0bd1 40CB E6E0 		.ascii	"@\313\346\340U\331\3369\276\352=dA\327\262\240_\352\177Si\307"
 348      55D9 DE39 
 348      BEEA 3D64 
 348      41D7 B2A0 
 348      5FEA 7F53 
 349 0be7 5ADD 6571 		.ascii	"Z\335eq\325\262\270F7=\274\315c\3653)\256Z\026W1TZ\026\252\013"
 349      D5B2 B846 
 349      373D BCCD 
 349      63F5 3329 
 349      AE5A 1657 
 350 0c01 93AF 2E70 		.ascii	"\223\257.p\215n\262`hY0\026\356\233\337\362\264\321\310\202\241"
 350      8D6E B260 
 350      6859 3016 
 350      EE9B DFF2 
 350      B4D1 C882 
 351 0c16 65C1 C87A 		.ascii	"e\301\310zVV\307\247\323U6\\-\033\356\374HJ\017W\341\"\033\220"
 351      5656 C7A7 
 351      D355 365C 
 351      2D1B EEFC 
 351      484A 0F57 
 352 0c2e 960D E84E 		.ascii	"\226\r\350NOd\031ou\226I\3262\311\013\023\035\013"
 352      4F64 196F 
 352      7596 49D6 
 352      32C9 0B13 
 352      1D0B 
 353 0c40 7C3E C95B 		.string	"|>\311[W\361\375\256\226\276\337E\271\305g\312y_'\231H-\023)\372\325r\277\261Q3\374\245\2
 353      57F1 FDAE 
 353      96BE DF45 
 353      B9C5 67CA 
 353      795F 2799 
 354 0d41 D758 B892 		.string	"\327X\270\222\027D1p\215\006\354\003\354\005D\001\"\001\021"
 354      1744 3170 
 354      8D06 EC03 
 354      EC05 4401 
 354      2201 1100 
 355 0d55 9016 0E17 		.string	"\220\026\016\0273@"
 355      3340 00
 356 0d5c 2CC2 F9F0 		.string	",\302\371\360\026\260"
 356      16B0 00
 357 0d63 7803 9807 		.string	"x\003\230\007\314\001^\003f\0013\200i\300\017\200W"
 357      CC01 5E03 
 357      6601 3380 
 357      69C0 0F80 
 357      5700 
 358 0d75 12F5 29B8 		.string	"\022\365)\270N\002^\002&"
 358      4E02 5E02 
 358      2600 
 359 0d7f E380 31C0 		.string	"\343\2001\300(\340\005\3409\340\031\340)`\0040\f\030\002<\001\f\002\036\003\006"
 359      28E0 05E0 
 359      39E0 19E0 
 359      2960 0430 
 359      0C18 023C 
 360 0d9a 8F00      		.string	"\217"
 361 0d9c FD80 3EC0 		.ascii	"\375\200>\300C\300\003\300}@/\340\036\240\007p\027p\007\320\r"
 361      43C0 03C0 
 361      7D40 2FE0 
 361      1EA0 0770 
 361      1770 07D0 
 362 0db1 B80D 20E7 		.ascii	"\270\r \347\331-@\027\240\023p\023\320\301\216\303\204\241\324"
 362      D92D 4017 
 362      A013 7013 
 362      D0C1 8EC3 
 362      84A1 D4
 363 0dc4 DB6E 788E 		.ascii	"\333nx\216\235\013\226\306\273\327\\\341\\\350\200{\032\363\271"
 363      9D0B 96C6 
 363      BBD7 5CE1 
 363      5CE8 807B 
 363      1AF3 B9
 364 0dd7 1D66 B8B1 		.ascii	"\035f\270\261!\261;\212\261B\026k(\242#x;<R`z,F\f\024\253\371"
 364      21B1 3B8A 
 364      B142 166B 
 364      28A2 2378 
 364      3B3C 5260 
 365 0df2 B148 5F84 		.ascii	"\261H_\204tftk\260\340@\013\267\022\333\306\245{\227/*\245S1"
 365      7466 746B 
 365      B0E0 400B 
 365      B712 DBC6 
 365      A57B 972F 
 366 0e0a 1DDB 9E8A 		.ascii	"\035\333\236\212\244\234\006\366\321qj\365vDx\236=\336\317\254"
 366      A49C 06F6 
 366      D171 6AF5 
 366      7644 789E 
 366      3DDE CFAC 
 367 0e1e 744E 56CF 		.ascii	"tNV\317b\234\312\n}\367_\f\221\267\002\350\004\306l\266\313\363"
 367      629C CA0A 
 367      7DF7 5F0C 
 367      91B7 02E8 
 367      04C6 6CB6 
 368 0e34 D327 114B 		.ascii	"\323'\021K\335\016\262hj\207\"*\371\326,\220\215<?\"\276G\263"
 368      DD0E B268 
 368      6A87 222A 
 368      F9D6 2C90 
 368      8D3C 3F22 
 369 0e4b EC42 C812 		.ascii	"\354B\310\022\027B%\373\001!y>j\312mY\366i+\233\305/\372\321"
 369      1742 25FB 
 369      0121 793E 
 369      6ACA 6D59 
 369      F669 2B9B 
 370 0e63 BE2E 35F3 		.ascii	"\276.5\363=K\312\271Y\3633|\373\262\310\267\006w\2665\324\366"
 370      3D4B CAB9 
 370      59F3 337C 
 370      FBB2 C8B7 
 370      0677 B635 
 371 0e79 3D39 E7BC 		.ascii	"=9\347\274\254\361s\242\361l\226\363\342\306\351\3166\316\202"
 371      ACF1 73A2 
 371      F16C 96F3 
 371      E2C6 E9CE 
 371      36CE 82
 372 0e8c CAC8 51BE 		.ascii	"\312\310Q\276\257X\310\017+\373n\247\024\271\311\327\0049\304"
 372      AF58 C80F 
 372      2BFB 6EA7 
 372      14B9 C9D7 
 372      0439 C4
 373 0e9f CFC3 3CE5 		.ascii	"\317\303<\345\320y\312\245k\342\234\270&\346\247\362O9\311\331"
 373      D079 CAA5 
 373      6BE2 9CB8 
 373      26E6 A7F2 
 373      4F39 C9D9 
 374 0eb3 D08E CE02 		.ascii	"\320\216\316\002\373\fe\347Q\366i\221\335\225Y\321\255\222\263"
 374      FB0C 65E7 
 374      51F6 6991 
 374      DD95 59D1 
 374      AD92 B3
 375 0ec6 A11D 6502 		.ascii	"\241\035e\002\373\024e\347Sv\226\310n?~#H\315\177\031\213\376"
 375      FB14 65E7 
 375      5376 96C8 
 375      6E3F 7E23 
 375      48CD 7F19 
 376 0edc ABBF 8C91 		.ascii	"\253\277\214\221\343\343\352\215X\215\334\374\005\374#\322[."
 376      E3E3 EA8D 
 376      588D DCFC 
 376      05FC 23D2 
 376      5B2E 
 377 0eee 5D8E 4572 		.ascii	"]\216Er\366\305\037\223\276\367HF\257R\316.\3701\351u\373\"\252"
 377      F6C5 1F93 
 377      BEF7 4846 
 377      AF52 CE2E 
 377      F831 E975 
 378 0f05 C97D 5B81 		.ascii	"\311}[\201E\260LG:\230\311\315\320%\350\220\301\363\223wD'\261"
 378      45B0 4C47 
 378      3A98 C9CD 
 378      D025 E890 
 378      C1F3 9377 
 379 0f1c 9D82 56FE 		.ascii	"\235\202V\376/\244\336e\232\243\243\231\243\023X\376\312\217"
 379      2FA4 DE65 
 379      9AA3 A399 
 379      A313 58FE 
 379      CA8F 
 380 0f2e 3C0F 4AB3 		.ascii	"<\017J\263y\005\263W~p%OO\355\007\242Tr\362\t\033r!'\027R\362"
 380      7905 B357 
 380      7E70 254F 
 380      4FED 07A2 
 380      5472 F209 
 381 0f49 BDD1 3349 		.ascii	"\275\3213I.rr\202\r\271\210\223\213(y>\262-\327\236D?\342\247"
 381      2E72 7282 
 381      0DB9 8893 
 381      8B28 793E 
 381      B22D D79E 
 382 0f61 FD42 3699 		.ascii	"\375B6\231\272\220\356,7^\214\345IX\302\215\227P\343q\247\316"
 382      BA90 EE2C 
 382      375E 8CE5 
 382      4958 C28D 
 382      9750 E371 
 383 0f77 E73A 7F78 		.ascii	"\347:\177x\212\375\020x\316Q\001OU\364\r\031\177Z\301\344\254"
 383      8AFD 1078 
 383      CE51 014F 
 383      55F4 0D19 
 383      7F5A C1E4 
 384 0f8c 9859 9848 		.ascii	"\230Y\230H\263g\034\313\303|w\263\020\205lie\22468"
 384      B367 1CCB 
 384      C37C 77B3 
 384      1085 6C69 
 384      6594 3638 
 385 0fa0 3A72 4CA4 		.ascii	":rL\244\265n\002c\266\244rJ\352\2159\225\354\306Is\357\222*("
 385      B56E 0263 
 385      B6A4 724A 
 385      EA8D 3995 
 385      ECC6 4973 
 386 0fb8 A935 3F26 		.ascii	"\2515?&]\303I\317|\336!UR\322\336{{\233\225\242\245\355\357\220"
 386      5DC3 49CF 
 386      7CDE 2155 
 386      52D2 DE7B 
 386      7B9B 95A2 
 387 0fd0 AA28 A9B0 		.ascii	"\252(\251\260\362\345];Q\323\257\336!]\245\244\304\316W=6\257"
 387      F2E5 5D3B 
 387      51D3 AFDE 
 387      215D A5A4 
 387      C4CE 573D 
 388 0fe6 76E9 C397 		.ascii	"v\351\303\2275`\325<`\3254`-\211m\3256d\362`!\221-\234l\241"
 388      3560 D53C 
 388      60D5 3460 
 388      2D89 6DD5 
 388      3664 F260 
 389 1000 E4E2 9C89 		.ascii	"\344\342\234\211t\0332\331\031%r\r'\327PrtO\263\031\311\311\345"
 389      741B 32D9 
 389      1925 720D 
 389      27D7 5072 
 389      744F B319 
 390 1017 36E4 5A4E 		.ascii	"6\344ZN\256\245\344"
 390      AEA5 E4
 391 101e A413 694D 		.string	"\244\023iM\312\245\363\026'\216\253\216\216+5\243#\317\205\017\276\366+q\360VR=%\265\245\
 391      CAA5 F316 
 391      278E AB8E 
 391      8E2B 35A3 
 391      23CF 850F 
 392 111f CE42 43F5 		.ascii	"\316BC\365\376\366\272_\033\f\201\030\334`?C\240\0031\276]g\302"
 392      FEF6 BA5F 
 392      1B0C 8118 
 392      DC60 3F43 
 392      A003 31BE 
 393 1136 46C3 9F3F 		.ascii	"F\303\237?0\005\355\321\371\031\214z\037?CP\220!\330G\024\n6"
 393      3005 EDD1 
 393      F919 8C7A 
 393      1F3F 4350 
 393      9021 D847 
 394 114d 1CE1 7B88 		.ascii	"\034\341{\210!Tg\2623\005\004"
 394      2154 67B2 
 394      3305 04
 395 1158 E9D5 50A2 		.string	"\351\325P\242F\241\243\3117\304\t,\353\215\337\351\3757[\277m\261~\333\352\f\036\364FcX\2
 395      46A1 A3C9 
 395      37C4 092C 
 395      EB8D DFE9 
 395      FD37 5BBF 
 396 1259 03FB 4F9C 		.string	"\003\373O\234\207"
 396      8700 
 397 125f 9932 D682 		.ascii	"\2312\326\202\317\2200\320\272\313\250\377\223n\227\301\250\013"
 397      CF90 30D0 
 397      BACB A8FF 
 397      936E 97C1 
 397      A80B 
 398 1271 0AF0 0FA0 		.ascii	"\n\360\017\240M\336b_q~ \352dt\326\262\325\032\365I\272\254\200"
 398      4DDE 625F 
 398      717E 20EA 
 398      6474 D6B2 
 398      D51A F549 
 399 1288 90EA 757E 		.ascii	"\220\352u~\220\300{t!a\201\241\372U\266\376I3\351@iA`\313\231"
 399      90C0 7B74 
 399      2161 81A1 
 399      FA55 B6FE 
 399      4933 E940 
 400 12a1 8D2D D404 		.ascii	"\215-\324\004\341\242\253\340\227[u&WY%\244\n%C\234`\364j\372"
 400      E1A2 ABE0 
 400      975B 7526 
 400      5759 25A4 
 400      0A25 439C 
 401 12b9 DDA4 0F0A 		.ascii	"\335\244\017\n1\2700W$\331\364F\025Kq\373\277\337\364\373/7k"
 401      31B8 3057 
 401      24D9 F446 
 401      154B 71FB 
 401      BFDF F4FB 
 402 12d0 027D 434D 		.ascii	"\002}CM:\332L49\360\304q\326\351@\370\356 }\220N\367\377\316"
 402      3ADA 4C34 
 402      39F0 C471 
 402      D6E9 40F8 
 402      EE20 7D90 
 403 12e8 36C2 9C   		.ascii	"6\302\234"
 404               		.text
 405               		.section	.gnu.lto_.symtab.d5c925c523e07765,"",@progbits
 406 0000 7072 6F63 		.string	"process_record_user"
 406      6573 735F 
 406      7265 636F 
 406      7264 5F75 
 406      7365 7200 
 407 0014 00        		.string	""
 408 0015 00        		.string	""
 409 0016 00        		.string	""
 410 0017 00        		.string	""
 411 0018 00        		.string	""
 412 0019 00        		.string	""
 413 001a 00        		.string	""
 414 001b 00        		.string	""
 415 001c 00        		.string	""
 416 001d 00        		.string	""
 417 001e 00        		.string	""
 418 001f 0401 00   		.string	"\004\001"
 419 0022 00        		.string	""
 420 0023 656E 636F 		.string	"encoder_update_user"
 420      6465 725F 
 420      7570 6461 
 420      7465 5F75 
 420      7365 7200 
 421 0037 00        		.string	""
 422 0038 00        		.string	""
 423 0039 00        		.string	""
 424 003a 00        		.string	""
 425 003b 00        		.string	""
 426 003c 00        		.string	""
 427 003d 00        		.string	""
 428 003e 00        		.string	""
 429 003f 00        		.string	""
 430 0040 00        		.string	""
 431 0041 00        		.string	""
 432 0042 0901 00   		.string	"\t\001"
 433 0045 00        		.string	""
 434 0046 6D75 7365 		.string	"muse_mode"
 434      5F6D 6F64 
 434      6500 
 435 0050 00        		.string	""
 436 0051 00        		.string	""
 437 0052 00        		.string	""
 438 0053 00        		.string	""
 439 0054 00        		.string	""
 440 0055 00        		.string	""
 441 0056 00        		.string	""
 442 0057 00        		.string	""
 443 0058 00        		.string	""
 444 0059 00        		.string	""
 445 005a 00        		.string	""
 446 005b 3A01 00   		.string	":\001"
 447 005e 00        		.string	""
 448 005f 6D75 7365 		.string	"muse_offset"
 448      5F6F 6666 
 448      7365 7400 
 449 006b 00        		.string	""
 450 006c 00        		.string	""
 451 006d 00        		.string	""
 452 006e 00        		.string	""
 453 006f 00        		.string	""
 454 0070 00        		.string	""
 455 0071 00        		.string	""
 456 0072 00        		.string	""
 457 0073 00        		.string	""
 458 0074 00        		.string	""
 459 0075 00        		.string	""
 460 0076 4901 00   		.string	"I\001"
 461 0079 00        		.string	""
 462 007a 6D75 7365 		.string	"muse_tempo"
 462      5F74 656D 
 462      706F 00
 463 0085 00        		.string	""
 464 0086 00        		.string	""
 465 0087 00        		.string	""
 466 0088 00        		.string	""
 467 0089 00        		.string	""
 468 008a 00        		.string	""
 469 008b 00        		.string	""
 470 008c 00        		.string	""
 471 008d 00        		.string	""
 472 008e 00        		.string	""
 473 008f 00        		.string	""
 474 0090 4C01 00   		.string	"L\001"
 475 0093 00        		.string	""
 476 0094 6469 705F 		.string	"dip_switch_update_user"
 476      7377 6974 
 476      6368 5F75 
 476      7064 6174 
 476      655F 7573 
 477 00ab 00        		.string	""
 478 00ac 00        		.string	""
 479 00ad 00        		.string	""
 480 00ae 00        		.string	""
 481 00af 00        		.string	""
 482 00b0 00        		.string	""
 483 00b1 00        		.string	""
 484 00b2 00        		.string	""
 485 00b3 00        		.string	""
 486 00b4 00        		.string	""
 487 00b5 00        		.string	""
 488 00b6 0B01 00   		.string	"\013\001"
 489 00b9 00        		.string	""
 490 00ba 6D61 7472 		.string	"matrix_scan_user"
 490      6978 5F73 
 490      6361 6E5F 
 490      7573 6572 
 490      00
 491 00cb 00        		.string	""
 492 00cc 00        		.string	""
 493 00cd 00        		.string	""
 494 00ce 00        		.string	""
 495 00cf 00        		.string	""
 496 00d0 00        		.string	""
 497 00d1 00        		.string	""
 498 00d2 00        		.string	""
 499 00d3 00        		.string	""
 500 00d4 00        		.string	""
 501 00d5 00        		.string	""
 502 00d6 0E01 00   		.string	"\016\001"
 503 00d9 00        		.string	""
 504 00da 6D75 7365 		.string	"muse_counter"
 504      5F63 6F75 
 504      6E74 6572 
 504      00
 505 00e7 00        		.string	""
 506 00e8 00        		.string	""
 507 00e9 00        		.string	""
 508 00ea 00        		.string	""
 509 00eb 00        		.string	""
 510 00ec 00        		.string	""
 511 00ed 00        		.string	""
 512 00ee 00        		.string	""
 513 00ef 00        		.string	""
 514 00f0 00        		.string	""
 515 00f1 00        		.string	""
 516 00f2 4F01 00   		.string	"O\001"
 517 00f5 00        		.string	""
 518 00f6 6C61 7374 		.string	"last_muse_note"
 518      5F6D 7573 
 518      655F 6E6F 
 518      7465 00
 519 0105 00        		.string	""
 520 0106 00        		.string	""
 521 0107 00        		.string	""
 522 0108 00        		.string	""
 523 0109 00        		.string	""
 524 010a 00        		.string	""
 525 010b 00        		.string	""
 526 010c 00        		.string	""
 527 010d 00        		.string	""
 528 010e 00        		.string	""
 529 010f 00        		.string	""
 530 0110 9D01 00   		.string	"\235\001"
 531 0113 00        		.string	""
 532 0114 6D75 7369 		.string	"music_mask_user"
 532      635F 6D61 
 532      736B 5F75 
 532      7365 7200 
 533 0124 00        		.string	""
 534 0125 00        		.string	""
 535 0126 00        		.string	""
 536 0127 00        		.string	""
 537 0128 00        		.string	""
 538 0129 00        		.string	""
 539 012a 00        		.string	""
 540 012b 00        		.string	""
 541 012c 00        		.string	""
 542 012d 00        		.string	""
 543 012e 00        		.string	""
 544 012f 1201 00   		.string	"\022\001"
 545 0132 00        		.string	""
 546 0133 6B65 796D 		.string	"keymaps"
 546      6170 7300 
 547 013b 00        		.string	""
 548 013c 00        		.string	""
 549 013d 00        		.string	""
 550 013e 00        		.string	""
 551 013f 00        		.string	""
 552 0140 00        		.string	""
 553 0141 00        		.string	""
 554 0142 00        		.string	""
 555 0143 00        		.string	""
 556 0144 00        		.string	""
 557 0145 00        		.string	""
 558 0146 B201 00   		.string	"\262\001"
 559 0149 00        		.string	""
 560 014a 6C61 7965 		.string	"layer_state"
 560      725F 7374 
 560      6174 6500 
 561 0156 00        		.string	""
 562 0157 02        		.ascii	"\002"
 563 0158 00        		.string	""
 564 0159 00        		.string	""
 565 015a 00        		.string	""
 566 015b 00        		.string	""
 567 015c 00        		.string	""
 568 015d 00        		.string	""
 569 015e 00        		.string	""
 570 015f 00        		.string	""
 571 0160 00        		.string	""
 572 0161 4601 00   		.string	"F\001"
 573 0164 00        		.string	""
 574 0165 756E 7265 		.string	"unregister_code"
 574      6769 7374 
 574      6572 5F63 
 574      6F64 6500 
 575 0175 00        		.string	""
 576 0176 02        		.ascii	"\002"
 577 0177 00        		.string	""
 578 0178 00        		.string	""
 579 0179 00        		.string	""
 580 017a 00        		.string	""
 581 017b 00        		.string	""
 582 017c 00        		.string	""
 583 017d 00        		.string	""
 584 017e 00        		.string	""
 585 017f 00        		.string	""
 586 0180 1601 00   		.string	"\026\001"
 587 0183 00        		.string	""
 588 0184 6261 636B 		.string	"backlight_step"
 588      6C69 6768 
 588      745F 7374 
 588      6570 00
 589 0193 00        		.string	""
 590 0194 02        		.ascii	"\002"
 591 0195 00        		.string	""
 592 0196 00        		.string	""
 593 0197 00        		.string	""
 594 0198 00        		.string	""
 595 0199 00        		.string	""
 596 019a 00        		.string	""
 597 019b 00        		.string	""
 598 019c 00        		.string	""
 599 019d 00        		.string	""
 600 019e 1801 00   		.string	"\030\001"
 601 01a1 00        		.string	""
 602 01a2 7265 6769 		.string	"register_code"
 602      7374 6572 
 602      5F63 6F64 
 602      6500 
 603 01b0 00        		.string	""
 604 01b1 02        		.ascii	"\002"
 605 01b2 00        		.string	""
 606 01b3 00        		.string	""
 607 01b4 00        		.string	""
 608 01b5 00        		.string	""
 609 01b6 00        		.string	""
 610 01b7 00        		.string	""
 611 01b8 00        		.string	""
 612 01b9 00        		.string	""
 613 01ba 00        		.string	""
 614 01bb 1A01 00   		.string	"\032\001"
 615 01be 00        		.string	""
 616 01bf 7570 6461 		.string	"update_tri_layer"
 616      7465 5F74 
 616      7269 5F6C 
 616      6179 6572 
 616      00
 617 01d0 00        		.string	""
 618 01d1 02        		.ascii	"\002"
 619 01d2 00        		.string	""
 620 01d3 00        		.string	""
 621 01d4 00        		.string	""
 622 01d5 00        		.string	""
 623 01d6 00        		.string	""
 624 01d7 00        		.string	""
 625 01d8 00        		.string	""
 626 01d9 00        		.string	""
 627 01da 00        		.string	""
 628 01db 2001 00   		.string	" \001"
 629 01de 00        		.string	""
 630 01df 6C61 7965 		.string	"layer_off"
 630      725F 6F66 
 630      6600 
 631 01e9 00        		.string	""
 632 01ea 02        		.ascii	"\002"
 633 01eb 00        		.string	""
 634 01ec 00        		.string	""
 635 01ed 00        		.string	""
 636 01ee 00        		.string	""
 637 01ef 00        		.string	""
 638 01f0 00        		.string	""
 639 01f1 00        		.string	""
 640 01f2 00        		.string	""
 641 01f3 00        		.string	""
 642 01f4 2201 00   		.string	"\"\001"
 643 01f7 00        		.string	""
 644 01f8 6C61 7965 		.string	"layer_on"
 644      725F 6F6E 
 644      00
 645 0201 00        		.string	""
 646 0202 02        		.ascii	"\002"
 647 0203 00        		.string	""
 648 0204 00        		.string	""
 649 0205 00        		.string	""
 650 0206 00        		.string	""
 651 0207 00        		.string	""
 652 0208 00        		.string	""
 653 0209 00        		.string	""
 654 020a 00        		.string	""
 655 020b 00        		.string	""
 656 020c 2401 00   		.string	"$\001"
 657 020f 00        		.string	""
 658 0210 7365 745F 		.string	"set_single_persistent_default_layer"
 658      7369 6E67 
 658      6C65 5F70 
 658      6572 7369 
 658      7374 656E 
 659 0234 00        		.string	""
 660 0235 02        		.ascii	"\002"
 661 0236 00        		.string	""
 662 0237 00        		.string	""
 663 0238 00        		.string	""
 664 0239 00        		.string	""
 665 023a 00        		.string	""
 666 023b 00        		.string	""
 667 023c 00        		.string	""
 668 023d 00        		.string	""
 669 023e 00        		.string	""
 670 023f 2601 00   		.string	"&\001"
 671 0242 00        		.string	""
 672 0243 7374 6F70 		.string	"stop_all_notes"
 672      5F61 6C6C 
 672      5F6E 6F74 
 672      6573 00
 673 0252 00        		.string	""
 674 0253 02        		.ascii	"\002"
 675 0254 00        		.string	""
 676 0255 00        		.string	""
 677 0256 00        		.string	""
 678 0257 00        		.string	""
 679 0258 00        		.string	""
 680 0259 00        		.string	""
 681 025a 00        		.string	""
 682 025b 00        		.string	""
 683 025c 00        		.string	""
 684 025d 2801 00   		.string	"(\001"
 685 0260 00        		.string	""
 686 0261 706C 6179 		.string	"play_note"
 686      5F6E 6F74 
 686      6500 
 687 026b 00        		.string	""
 688 026c 02        		.ascii	"\002"
 689 026d 00        		.string	""
 690 026e 00        		.string	""
 691 026f 00        		.string	""
 692 0270 00        		.string	""
 693 0271 00        		.string	""
 694 0272 00        		.string	""
 695 0273 00        		.string	""
 696 0274 00        		.string	""
 697 0275 00        		.string	""
 698 0276 2D01 00   		.string	"-\001"
 699 0279 00        		.string	""
 700 027a 636F 6D70 		.string	"compute_freq_for_midi_note"
 700      7574 655F 
 700      6672 6571 
 700      5F66 6F72 
 700      5F6D 6964 
 701 0295 00        		.string	""
 702 0296 02        		.ascii	"\002"
 703 0297 00        		.string	""
 704 0298 00        		.string	""
 705 0299 00        		.string	""
 706 029a 00        		.string	""
 707 029b 00        		.string	""
 708 029c 00        		.string	""
 709 029d 00        		.string	""
 710 029e 00        		.string	""
 711 029f 00        		.string	""
 712 02a0 3101 00   		.string	"1\001"
 713 02a3 00        		.string	""
 714 02a4 7374 6F70 		.string	"stop_note"
 714      5F6E 6F74 
 714      6500 
 715 02ae 00        		.string	""
 716 02af 02        		.ascii	"\002"
 717 02b0 00        		.string	""
 718 02b1 00        		.string	""
 719 02b2 00        		.string	""
 720 02b3 00        		.string	""
 721 02b4 00        		.string	""
 722 02b5 00        		.string	""
 723 02b6 00        		.string	""
 724 02b7 00        		.string	""
 725 02b8 00        		.string	""
 726 02b9 3501 00   		.string	"5\001"
 727 02bc 00        		.string	""
 728 02bd 6D75 7365 		.string	"muse_clock_pulse"
 728      5F63 6C6F 
 728      636B 5F70 
 728      756C 7365 
 728      00
 729 02ce 00        		.string	""
 730 02cf 02        		.ascii	"\002"
 731 02d0 00        		.string	""
 732 02d1 00        		.string	""
 733 02d2 00        		.string	""
 734 02d3 00        		.string	""
 735 02d4 00        		.string	""
 736 02d5 00        		.string	""
 737 02d6 00        		.string	""
 738 02d7 00        		.string	""
 739 02d8 00        		.string	""
 740 02d9 3801 00   		.string	"8\001"
 741 02dc 00        		.string	""
 742               		.text
 743               		.section	.gnu.lto_.opts,"",@progbits
 744 0000 272D 666D 		.ascii	"'-fmath-errno' '-fsigned-zeros' '-ftrapping-m"
 744      6174 682D 
 744      6572 726E 
 744      6F27 2027 
 744      2D66 7369 
 745 002d 6174 6827 		.string	"ath' '-fno-trapv' '-fno-openmp' '-fno-openacc' '-mn-flash=1' '-mno-skip-bug' '-mmcu=avr5'
 745      2027 2D66 
 745      6E6F 2D74 
 745      7261 7076 
 745      2720 272D 
 746               		.text
 747               		.comm	__gnu_lto_v1,1,1
 748               		.comm	__gnu_lto_slim,1,1
 749               		.ident	"GCC: (GNU) 7.4.0"
DEFINED SYMBOLS
                            *ABS*:0000000000000000 keymap.c
/var/tmp//ccBCTFax.s:2      *ABS*:000000000000003e __SP_H__
/var/tmp//ccBCTFax.s:3      *ABS*:000000000000003d __SP_L__
/var/tmp//ccBCTFax.s:4      *ABS*:000000000000003f __SREG__
/var/tmp//ccBCTFax.s:5      *ABS*:0000000000000000 __tmp_reg__
/var/tmp//ccBCTFax.s:6      *ABS*:0000000000000001 __zero_reg__
                            *COM*:0000000000000001 __gnu_lto_v1
                            *COM*:0000000000000001 __gnu_lto_slim

NO UNDEFINED SYMBOLS
