   1              		.cpu cortex-m4
   2              		.eabi_attribute 20, 1
   3              		.eabi_attribute 21, 1
   4              		.eabi_attribute 23, 3
   5              		.eabi_attribute 24, 1
   6              		.eabi_attribute 25, 1
   7              		.eabi_attribute 26, 1
   8              		.eabi_attribute 30, 4
   9              		.eabi_attribute 34, 1
  10              		.eabi_attribute 18, 2
  11              		.file	"keymap.c"
  12              		.text
  13              	.Ltext0:
  14              		.cfi_sections	.debug_frame
  15              		.section	.text.process_record_user,"ax",%progbits
  16              		.align	1
  17              		.global	process_record_user
  18              		.syntax unified
  19              		.thumb
  20              		.thumb_func
  21              		.fpu softvfp
  23              	process_record_user:
  24              	.LFB287:
  25              		.file 1 "keyboards/preonic/keymaps/ray/keymap.c"
   1:keyboards/preonic/keymaps/ray/keymap.c **** /* Copyright 2015-2017 Jack Humbert
   2:keyboards/preonic/keymaps/ray/keymap.c ****  *
   3:keyboards/preonic/keymaps/ray/keymap.c ****  * This program is free software: you can redistribute it and/or modify
   4:keyboards/preonic/keymaps/ray/keymap.c ****  * it under the terms of the GNU General Public License as published by
   5:keyboards/preonic/keymaps/ray/keymap.c ****  * the Free Software Foundation, either version 2 of the License, or
   6:keyboards/preonic/keymaps/ray/keymap.c ****  * (at your option) any later version.
   7:keyboards/preonic/keymaps/ray/keymap.c ****  *
   8:keyboards/preonic/keymaps/ray/keymap.c ****  * This program is distributed in the hope that it will be useful,
   9:keyboards/preonic/keymaps/ray/keymap.c ****  * but WITHOUT ANY WARRANTY; without even the implied warranty of
  10:keyboards/preonic/keymaps/ray/keymap.c ****  * MERCHANTABILITY or FITNESS FOR A PARTICULAR PURPOSE.  See the
  11:keyboards/preonic/keymaps/ray/keymap.c ****  * GNU General Public License for more details.
  12:keyboards/preonic/keymaps/ray/keymap.c ****  *
  13:keyboards/preonic/keymaps/ray/keymap.c ****  * You should have received a copy of the GNU General Public License
  14:keyboards/preonic/keymaps/ray/keymap.c ****  * along with this program.  If not, see <http://www.gnu.org/licenses/>.
  15:keyboards/preonic/keymaps/ray/keymap.c ****  */
  16:keyboards/preonic/keymaps/ray/keymap.c **** 
  17:keyboards/preonic/keymaps/ray/keymap.c **** #include QMK_KEYBOARD_H
  18:keyboards/preonic/keymaps/ray/keymap.c **** #include "muse.h"
  19:keyboards/preonic/keymaps/ray/keymap.c **** 
  20:keyboards/preonic/keymaps/ray/keymap.c **** enum preonic_layers { _QWERTY, _COLEMAK, _DVORAK, _LOWER, _RAISE, _ADJUST };
  21:keyboards/preonic/keymaps/ray/keymap.c **** 
  22:keyboards/preonic/keymaps/ray/keymap.c **** enum preonic_keycodes { QWERTY = SAFE_RANGE, COLEMAK, DVORAK, LOWER, RAISE, BACKLIT };
  23:keyboards/preonic/keymaps/ray/keymap.c **** 
  24:keyboards/preonic/keymaps/ray/keymap.c **** const uint16_t PROGMEM keymaps[][MATRIX_ROWS][MATRIX_COLS] = {
  25:keyboards/preonic/keymaps/ray/keymap.c **** 
  26:keyboards/preonic/keymaps/ray/keymap.c ****     /* Qwerty
  27:keyboards/preonic/keymaps/ray/keymap.c ****      * ,-----------------------------------------------------------------------------------.
  28:keyboards/preonic/keymaps/ray/keymap.c ****      * |   `  |   1  |   2  |   3  |   4  |   5  |   6  |   7  |   8  |   9  |   0  | Bksp |
  29:keyboards/preonic/keymaps/ray/keymap.c ****      * |------+------+------+------+------+------+------+------+------+------+------+------|
  30:keyboards/preonic/keymaps/ray/keymap.c ****      * | Tab  |   Q  |   W  |   E  |   R  |   T  |   Y  |   U  |   I  |   O  |   P  |  \   |
  31:keyboards/preonic/keymaps/ray/keymap.c ****      * |------+------+------+------+------+-------------+------+------+------+------+------|
  32:keyboards/preonic/keymaps/ray/keymap.c ****      * | Esc  |   A  |   S  |   D  |   F  |   G  |   H  |   J  |   K  |   L  |   ;  |  "   |
  33:keyboards/preonic/keymaps/ray/keymap.c ****      * |------+------+------+------+------+------|------+------+------+------+------+------|
  34:keyboards/preonic/keymaps/ray/keymap.c ****      * | Shift|   Z  |   X  |   C  |   V  |   B  |   N  |   M  |   ,  |   .  |  Up  |Enter |
  35:keyboards/preonic/keymaps/ray/keymap.c ****      * |------+------+------+------+------+------+------+------+------+------+------+------|
  36:keyboards/preonic/keymaps/ray/keymap.c ****      * | Brite| Ctrl | Alt  | GUI  |Lower |    Space    |Raise |   /  | Left | Down |Right |
  37:keyboards/preonic/keymaps/ray/keymap.c ****      * `-----------------------------------------------------------------------------------'
  38:keyboards/preonic/keymaps/ray/keymap.c ****      */
  39:keyboards/preonic/keymaps/ray/keymap.c ****     [_QWERTY] = LAYOUT_preonic_grid(KC_GRV, KC_1, KC_2, KC_3, KC_4, KC_5, KC_6, KC_7, KC_8, KC_9, K
  40:keyboards/preonic/keymaps/ray/keymap.c **** 
  41:keyboards/preonic/keymaps/ray/keymap.c ****     /* Colemak
  42:keyboards/preonic/keymaps/ray/keymap.c ****      * ,-----------------------------------------------------------------------------------.
  43:keyboards/preonic/keymaps/ray/keymap.c ****      * |   `  |   1  |   2  |   3  |   4  |   5  |   6  |   7  |   8  |   9  |   0  | Bksp |
  44:keyboards/preonic/keymaps/ray/keymap.c ****      * |------+------+------+------+------+------+------+------+------+------+------+------|
  45:keyboards/preonic/keymaps/ray/keymap.c ****      * | Tab  |   Q  |   W  |   F  |   P  |   G  |   J  |   L  |   U  |   Y  |   ;  | Del  |
  46:keyboards/preonic/keymaps/ray/keymap.c ****      * |------+------+------+------+------+-------------+------+------+------+------+------|
  47:keyboards/preonic/keymaps/ray/keymap.c ****      * | Esc  |   A  |   R  |   S  |   T  |   D  |   H  |   N  |   E  |   I  |   O  |  "   |
  48:keyboards/preonic/keymaps/ray/keymap.c ****      * |------+------+------+------+------+------|------+------+------+------+------+------|
  49:keyboards/preonic/keymaps/ray/keymap.c ****      * | Shift|   Z  |   X  |   C  |   V  |   B  |   K  |   M  |   ,  |   .  |   /  |Enter |
  50:keyboards/preonic/keymaps/ray/keymap.c ****      * |------+------+------+------+------+------+------+------+------+------+------+------|
  51:keyboards/preonic/keymaps/ray/keymap.c ****      * | Brite| Ctrl | Alt  | GUI  |Lower |    Space    |Raise | Left | Down |  Up  |Right |
  52:keyboards/preonic/keymaps/ray/keymap.c ****      * `-----------------------------------------------------------------------------------'
  53:keyboards/preonic/keymaps/ray/keymap.c ****      */
  54:keyboards/preonic/keymaps/ray/keymap.c ****     [_COLEMAK] = LAYOUT_preonic_grid(KC_GRV, KC_1, KC_2, KC_3, KC_4, KC_5, KC_6, KC_7, KC_8, KC_9, 
  55:keyboards/preonic/keymaps/ray/keymap.c **** 
  56:keyboards/preonic/keymaps/ray/keymap.c ****     /* Dvorak
  57:keyboards/preonic/keymaps/ray/keymap.c ****      * ,-----------------------------------------------------------------------------------.
  58:keyboards/preonic/keymaps/ray/keymap.c ****      * |   `  |   1  |   2  |   3  |   4  |   5  |   6  |   7  |   8  |   9  |   0  | Bksp |
  59:keyboards/preonic/keymaps/ray/keymap.c ****      * |------+------+------+------+------+------+------+------+------+------+------+------|
  60:keyboards/preonic/keymaps/ray/keymap.c ****      * | Tab  |   "  |   ,  |   .  |   P  |   Y  |   F  |   G  |   C  |   R  |   L  | Del  |
  61:keyboards/preonic/keymaps/ray/keymap.c ****      * |------+------+------+------+------+-------------+------+------+------+------+------|
  62:keyboards/preonic/keymaps/ray/keymap.c ****      * | Esc  |   A  |   O  |   E  |   U  |   I  |   D  |   H  |   T  |   N  |   S  |  /   |
  63:keyboards/preonic/keymaps/ray/keymap.c ****      * |------+------+------+------+------+------|------+------+------+------+------+------|
  64:keyboards/preonic/keymaps/ray/keymap.c ****      * | Shift|   ;  |   Q  |   J  |   K  |   X  |   B  |   M  |   W  |   V  |   Z  |Enter |
  65:keyboards/preonic/keymaps/ray/keymap.c ****      * |------+------+------+------+------+------+------+------+------+------+------+------|
  66:keyboards/preonic/keymaps/ray/keymap.c ****      * | Brite| Ctrl | Alt  | GUI  |Lower |    Space    |Raise | Left | Down |  Up  |Right |
  67:keyboards/preonic/keymaps/ray/keymap.c ****      * `-----------------------------------------------------------------------------------'
  68:keyboards/preonic/keymaps/ray/keymap.c ****      */
  69:keyboards/preonic/keymaps/ray/keymap.c ****     [_DVORAK] = LAYOUT_preonic_grid(KC_GRV, KC_1, KC_2, KC_3, KC_4, KC_5, KC_6, KC_7, KC_8, KC_9, K
  70:keyboards/preonic/keymaps/ray/keymap.c **** 
  71:keyboards/preonic/keymaps/ray/keymap.c ****     /* Lower
  72:keyboards/preonic/keymaps/ray/keymap.c ****      * ,-----------------------------------------------------------------------------------.
  73:keyboards/preonic/keymaps/ray/keymap.c ****      * |   ~  |   !  |   @  |   #  |   $  |   %  |   ^  |   &  |   *  |   (  |   )  | Bksp |
  74:keyboards/preonic/keymaps/ray/keymap.c ****      * |------+------+------+------+------+-------------+------+------+------+------+------|
  75:keyboards/preonic/keymaps/ray/keymap.c ****      * |   ~  |   !  |   @  |   #  |   $  |      |      |   7  |   8  |   9  |   }  | Del  |
  76:keyboards/preonic/keymaps/ray/keymap.c ****      * |------+------+------+------+------+-------------+------+------+------+------+------|
  77:keyboards/preonic/keymaps/ray/keymap.c ****      * | Del  |  F1  |  F2  |  F3  |   -  |      |      |   4  |   5  |   6  |   ]  |   |  |
  78:keyboards/preonic/keymaps/ray/keymap.c ****      * |------+------+------+------+------+------|------+------+------+------+------+------|
  79:keyboards/preonic/keymaps/ray/keymap.c ****      * |      |  F7  |  F8  |  F9  |   .  |      |      |   1  |   2  |   3  | Vol+ |      |
  80:keyboards/preonic/keymaps/ray/keymap.c ****      * |------+------+------+------+------+------+------+------+------+------+------+------|
  81:keyboards/preonic/keymaps/ray/keymap.c ****      * |      |      |      |      |      |    Space    |      |   0  | Next | Vol- | Play |
  82:keyboards/preonic/keymaps/ray/keymap.c ****      * `-----------------------------------------------------------------------------------'
  83:keyboards/preonic/keymaps/ray/keymap.c ****      */
  84:keyboards/preonic/keymaps/ray/keymap.c ****     [_LOWER] = LAYOUT_preonic_grid(KC_TILD, KC_EXLM, KC_AT, KC_HASH, KC_DLR, KC_PERC, KC_CIRC, KC_A
  85:keyboards/preonic/keymaps/ray/keymap.c **** 
  86:keyboards/preonic/keymaps/ray/keymap.c ****     /* Raise
  87:keyboards/preonic/keymaps/ray/keymap.c ****      * ,-----------------------------------------------------------------------------------.
  88:keyboards/preonic/keymaps/ray/keymap.c ****      * |   `  |   1  |   2  |   3  |   4  |   %  |   6  |   7  |   8  |   (  |   )  | Bksp |
  89:keyboards/preonic/keymaps/ray/keymap.c ****      * |------+------+------+------+------+------+------+------+------+------+------+------|
  90:keyboards/preonic/keymaps/ray/keymap.c ****      * |   `  |   1  |   2  |   3  |   4  |   5  |   6  |   7  |   8  |   {  |   }  | Del  |
  91:keyboards/preonic/keymaps/ray/keymap.c ****      * |------+------+------+------+------+-------------+------+------+------+------+------|
  92:keyboards/preonic/keymaps/ray/keymap.c ****      * | Del  |  F1  |  F2  |  F3  |  F4  |  F5  |  F6  |   -  |   =  |   [  |   ]  |  \   |
  93:keyboards/preonic/keymaps/ray/keymap.c ****      * |------+------+------+------+------+------|------+------+------+------+------+------|
  94:keyboards/preonic/keymaps/ray/keymap.c ****      * |      |  F7  |  F8  |  F9  |  F10 |  F11 |  F12 |ISO # |  <   |   >  | Vol+ |      |
  95:keyboards/preonic/keymaps/ray/keymap.c ****      * |------+------+------+------+------+------+------+------+------+------+------+------|
  96:keyboards/preonic/keymaps/ray/keymap.c ****      * |      |      |      |      |      |             |      |      | Next | Vol- | Play |
  97:keyboards/preonic/keymaps/ray/keymap.c ****      * `-----------------------------------------------------------------------------------'
  98:keyboards/preonic/keymaps/ray/keymap.c ****      */
  99:keyboards/preonic/keymaps/ray/keymap.c ****     [_RAISE] = LAYOUT_preonic_grid(KC_GRV, KC_1, KC_2, KC_3, KC_4, KC_PERC, KC_6, KC_7, KC_8, KC_LP
 100:keyboards/preonic/keymaps/ray/keymap.c **** 
 101:keyboards/preonic/keymaps/ray/keymap.c ****     /* Adjust (Lower + Raise)
 102:keyboards/preonic/keymaps/ray/keymap.c ****      * ,-----------------------------------------------------------------------------------.
 103:keyboards/preonic/keymaps/ray/keymap.c ****      * |  F1  |  F2  |  F3  |  F4  |  F5  |  F6  |  F7  |  F8  |  F9  |  F10 |  F11 |  F12 |
 104:keyboards/preonic/keymaps/ray/keymap.c ****      * |------+------+------+------+------+------+------+------+------+------+------+------|
 105:keyboards/preonic/keymaps/ray/keymap.c ****      * |      | Reset|      |      |      |      |      |      |      |      |      |  Del |
 106:keyboards/preonic/keymaps/ray/keymap.c ****      * |------+------+------+------+------+-------------+------+------+------+------+------|
 107:keyboards/preonic/keymaps/ray/keymap.c ****      * |      |      |      |Aud on|AudOff|AGnorm|AGswap|Qwerty|Colemk|Dvorak|      |      |
 108:keyboards/preonic/keymaps/ray/keymap.c ****      * |------+------+------+------+------+------|------+------+------+------+------+------|
 109:keyboards/preonic/keymaps/ray/keymap.c ****      * |      |Voice-|Voice+|Mus on|MusOff|MidiOn|MidOff|      |      |      |      |      |
 110:keyboards/preonic/keymaps/ray/keymap.c ****      * |------+------+------+------+------+------+------+------+------+------+------+------|
 111:keyboards/preonic/keymaps/ray/keymap.c ****      * |      |      |      |      |      |             |      |      |      |      |      |
 112:keyboards/preonic/keymaps/ray/keymap.c ****      * `-----------------------------------------------------------------------------------'
 113:keyboards/preonic/keymaps/ray/keymap.c ****      */
 114:keyboards/preonic/keymaps/ray/keymap.c ****     [_ADJUST] = LAYOUT_preonic_grid(KC_F1, KC_F2, KC_F3, KC_F4, KC_F5, KC_F6, KC_F7, KC_F8, KC_F9, 
 115:keyboards/preonic/keymaps/ray/keymap.c **** 
 116:keyboards/preonic/keymaps/ray/keymap.c **** };
 117:keyboards/preonic/keymaps/ray/keymap.c **** 
 118:keyboards/preonic/keymaps/ray/keymap.c **** bool process_record_user(uint16_t keycode, keyrecord_t *record) {
  26              		.loc 1 118 0
  27              		.cfi_startproc
  28              		@ args = 0, pretend = 0, frame = 0
  29              		@ frame_needed = 0, uses_anonymous_args = 0
  30              	.LVL0:
 119:keyboards/preonic/keymaps/ray/keymap.c ****     switch (keycode) {
  31              		.loc 1 119 0
  32 0000 A0F5BA40 		sub	r0, r0, #23808
  33              	.LVL1:
  34 0004 0138     		subs	r0, r0, #1
 118:keyboards/preonic/keymaps/ray/keymap.c ****     switch (keycode) {
  35              		.loc 1 118 0
  36 0006 10B5     		push	{r4, lr}
  37              		.cfi_def_cfa_offset 8
  38              		.cfi_offset 4, -8
  39              		.cfi_offset 14, -4
  40              		.loc 1 119 0
  41 0008 0528     		cmp	r0, #5
  42 000a 33D8     		bhi	.L13
  43 000c DFE800F0 		tbb	[pc, r0]
  44              	.L4:
  45 0010 03       		.byte	(.L3-.L4)/2
  46 0011 0A       		.byte	(.L5-.L4)/2
  47 0012 0E       		.byte	(.L6-.L4)/2
  48 0013 12       		.byte	(.L7-.L4)/2
  49 0014 1D       		.byte	(.L8-.L4)/2
  50 0015 29       		.byte	(.L9-.L4)/2
  51              		.p2align 1
  52              	.L3:
 120:keyboards/preonic/keymaps/ray/keymap.c ****         case QWERTY:
 121:keyboards/preonic/keymaps/ray/keymap.c ****             if (record->event.pressed) {
  53              		.loc 1 121 0
  54 0016 8C78     		ldrb	r4, [r1, #2]	@ zero_extendqisi2
  55 0018 0CB3     		cbz	r4, .L2
 122:keyboards/preonic/keymaps/ray/keymap.c ****                 set_single_persistent_default_layer(_QWERTY);
  56              		.loc 1 122 0
  57 001a 0020     		movs	r0, #0
  58              	.L24:
 123:keyboards/preonic/keymaps/ray/keymap.c ****             }
 124:keyboards/preonic/keymaps/ray/keymap.c ****             return false;
 125:keyboards/preonic/keymaps/ray/keymap.c ****             break;
 126:keyboards/preonic/keymaps/ray/keymap.c ****         case COLEMAK:
 127:keyboards/preonic/keymaps/ray/keymap.c ****             if (record->event.pressed) {
 128:keyboards/preonic/keymaps/ray/keymap.c ****                 set_single_persistent_default_layer(_COLEMAK);
  59              		.loc 1 128 0
  60 001c FFF7FEFF 		bl	set_single_persistent_default_layer
  61              	.LVL2:
  62              	.L23:
 129:keyboards/preonic/keymaps/ray/keymap.c ****             }
 130:keyboards/preonic/keymaps/ray/keymap.c ****             return false;
 131:keyboards/preonic/keymaps/ray/keymap.c ****             break;
 132:keyboards/preonic/keymaps/ray/keymap.c ****         case DVORAK:
 133:keyboards/preonic/keymaps/ray/keymap.c ****             if (record->event.pressed) {
 134:keyboards/preonic/keymaps/ray/keymap.c ****                 set_single_persistent_default_layer(_DVORAK);
 135:keyboards/preonic/keymaps/ray/keymap.c ****             }
 136:keyboards/preonic/keymaps/ray/keymap.c ****             return false;
 137:keyboards/preonic/keymaps/ray/keymap.c ****             break;
 138:keyboards/preonic/keymaps/ray/keymap.c ****         case LOWER:
 139:keyboards/preonic/keymaps/ray/keymap.c ****             if (record->event.pressed) {
 140:keyboards/preonic/keymaps/ray/keymap.c ****                 layer_on(_LOWER);
 141:keyboards/preonic/keymaps/ray/keymap.c ****                 update_tri_layer(_LOWER, _RAISE, _ADJUST);
 142:keyboards/preonic/keymaps/ray/keymap.c ****             } else {
 143:keyboards/preonic/keymaps/ray/keymap.c ****                 layer_off(_LOWER);
 144:keyboards/preonic/keymaps/ray/keymap.c ****                 update_tri_layer(_LOWER, _RAISE, _ADJUST);
 145:keyboards/preonic/keymaps/ray/keymap.c ****             }
 146:keyboards/preonic/keymaps/ray/keymap.c ****             return false;
 147:keyboards/preonic/keymaps/ray/keymap.c ****             break;
 148:keyboards/preonic/keymaps/ray/keymap.c ****         case RAISE:
 149:keyboards/preonic/keymaps/ray/keymap.c ****             if (record->event.pressed) {
 150:keyboards/preonic/keymaps/ray/keymap.c ****                 layer_on(_RAISE);
 151:keyboards/preonic/keymaps/ray/keymap.c ****                 update_tri_layer(_LOWER, _RAISE, _ADJUST);
 152:keyboards/preonic/keymaps/ray/keymap.c ****             } else {
 153:keyboards/preonic/keymaps/ray/keymap.c ****                 layer_off(_RAISE);
 154:keyboards/preonic/keymaps/ray/keymap.c ****                 update_tri_layer(_LOWER, _RAISE, _ADJUST);
 155:keyboards/preonic/keymaps/ray/keymap.c ****             }
 156:keyboards/preonic/keymaps/ray/keymap.c ****             return false;
 157:keyboards/preonic/keymaps/ray/keymap.c ****             break;
 158:keyboards/preonic/keymaps/ray/keymap.c ****         case BACKLIT:
 159:keyboards/preonic/keymaps/ray/keymap.c ****             if (record->event.pressed) {
 160:keyboards/preonic/keymaps/ray/keymap.c ****                 register_code(KC_RSFT);
 161:keyboards/preonic/keymaps/ray/keymap.c **** #ifdef BACKLIGHT_ENABLE
 162:keyboards/preonic/keymaps/ray/keymap.c ****                 backlight_step();
 163:keyboards/preonic/keymaps/ray/keymap.c **** #endif
 164:keyboards/preonic/keymaps/ray/keymap.c **** #ifdef __AVR__
 165:keyboards/preonic/keymaps/ray/keymap.c ****                 PORTE &= ~(1 << 6);
 166:keyboards/preonic/keymaps/ray/keymap.c **** #endif
 167:keyboards/preonic/keymaps/ray/keymap.c ****             } else {
 168:keyboards/preonic/keymaps/ray/keymap.c ****                 unregister_code(KC_RSFT);
 169:keyboards/preonic/keymaps/ray/keymap.c **** #ifdef __AVR__
 170:keyboards/preonic/keymaps/ray/keymap.c ****                 PORTE |= (1 << 6);
 171:keyboards/preonic/keymaps/ray/keymap.c **** #endif
 172:keyboards/preonic/keymaps/ray/keymap.c ****             }
 173:keyboards/preonic/keymaps/ray/keymap.c ****             return false;
  63              		.loc 1 173 0
  64 0020 0024     		movs	r4, #0
  65 0022 1CE0     		b	.L2
  66              	.LVL3:
  67              	.L5:
 127:keyboards/preonic/keymaps/ray/keymap.c ****                 set_single_persistent_default_layer(_COLEMAK);
  68              		.loc 1 127 0
  69 0024 8C78     		ldrb	r4, [r1, #2]	@ zero_extendqisi2
  70 0026 D4B1     		cbz	r4, .L2
 128:keyboards/preonic/keymaps/ray/keymap.c ****             }
  71              		.loc 1 128 0
  72 0028 0120     		movs	r0, #1
  73 002a F7E7     		b	.L24
  74              	.L6:
 133:keyboards/preonic/keymaps/ray/keymap.c ****                 set_single_persistent_default_layer(_DVORAK);
  75              		.loc 1 133 0
  76 002c 8C78     		ldrb	r4, [r1, #2]	@ zero_extendqisi2
  77 002e B4B1     		cbz	r4, .L2
 134:keyboards/preonic/keymaps/ray/keymap.c ****             }
  78              		.loc 1 134 0
  79 0030 0220     		movs	r0, #2
  80 0032 F3E7     		b	.L24
  81              	.L7:
 139:keyboards/preonic/keymaps/ray/keymap.c ****                 layer_on(_LOWER);
  82              		.loc 1 139 0
  83 0034 8C78     		ldrb	r4, [r1, #2]	@ zero_extendqisi2
 140:keyboards/preonic/keymaps/ray/keymap.c ****                 update_tri_layer(_LOWER, _RAISE, _ADJUST);
  84              		.loc 1 140 0
  85 0036 0320     		movs	r0, #3
  86              	.L27:
 149:keyboards/preonic/keymaps/ray/keymap.c ****                 layer_on(_RAISE);
  87              		.loc 1 149 0
  88 0038 54B1     		cbz	r4, .L11
 150:keyboards/preonic/keymaps/ray/keymap.c ****                 update_tri_layer(_LOWER, _RAISE, _ADJUST);
  89              		.loc 1 150 0
  90 003a FFF7FEFF 		bl	layer_on
  91              	.LVL4:
 151:keyboards/preonic/keymaps/ray/keymap.c ****             } else {
  92              		.loc 1 151 0
  93 003e 0522     		movs	r2, #5
  94 0040 0421     		movs	r1, #4
  95 0042 0320     		movs	r0, #3
  96 0044 FFF7FEFF 		bl	update_tri_layer
  97              	.LVL5:
  98 0048 EAE7     		b	.L23
  99              	.LVL6:
 100              	.L8:
 149:keyboards/preonic/keymaps/ray/keymap.c ****                 layer_on(_RAISE);
 101              		.loc 1 149 0
 102 004a 8C78     		ldrb	r4, [r1, #2]	@ zero_extendqisi2
 150:keyboards/preonic/keymaps/ray/keymap.c ****                 update_tri_layer(_LOWER, _RAISE, _ADJUST);
 103              		.loc 1 150 0
 104 004c 0420     		movs	r0, #4
 105 004e F3E7     		b	.L27
 106              	.L11:
 153:keyboards/preonic/keymaps/ray/keymap.c ****                 update_tri_layer(_LOWER, _RAISE, _ADJUST);
 107              		.loc 1 153 0
 108 0050 FFF7FEFF 		bl	layer_off
 109              	.LVL7:
 154:keyboards/preonic/keymaps/ray/keymap.c ****             }
 110              		.loc 1 154 0
 111 0054 0522     		movs	r2, #5
 112 0056 0421     		movs	r1, #4
 113 0058 0320     		movs	r0, #3
 114 005a FFF7FEFF 		bl	update_tri_layer
 115              	.LVL8:
 116              	.L2:
 174:keyboards/preonic/keymaps/ray/keymap.c ****             break;
 175:keyboards/preonic/keymaps/ray/keymap.c ****     }
 176:keyboards/preonic/keymaps/ray/keymap.c ****     return true;
 177:keyboards/preonic/keymaps/ray/keymap.c **** };
 117              		.loc 1 177 0
 118 005e 2046     		mov	r0, r4
 119 0060 10BD     		pop	{r4, pc}
 120              	.LVL9:
 121              	.L9:
 159:keyboards/preonic/keymaps/ray/keymap.c ****                 register_code(KC_RSFT);
 122              		.loc 1 159 0
 123 0062 8C78     		ldrb	r4, [r1, #2]	@ zero_extendqisi2
 160:keyboards/preonic/keymaps/ray/keymap.c **** #ifdef BACKLIGHT_ENABLE
 124              		.loc 1 160 0
 125 0064 E520     		movs	r0, #229
 159:keyboards/preonic/keymaps/ray/keymap.c ****                 register_code(KC_RSFT);
 126              		.loc 1 159 0
 127 0066 14B1     		cbz	r4, .L12
 160:keyboards/preonic/keymaps/ray/keymap.c **** #ifdef BACKLIGHT_ENABLE
 128              		.loc 1 160 0
 129 0068 FFF7FEFF 		bl	register_code
 130              	.LVL10:
 131 006c D8E7     		b	.L23
 132              	.LVL11:
 133              	.L12:
 168:keyboards/preonic/keymaps/ray/keymap.c **** #ifdef __AVR__
 134              		.loc 1 168 0
 135 006e FFF7FEFF 		bl	unregister_code
 136              	.LVL12:
 137 0072 F4E7     		b	.L2
 138              	.LVL13:
 139              	.L13:
 176:keyboards/preonic/keymaps/ray/keymap.c **** };
 140              		.loc 1 176 0
 141 0074 0124     		movs	r4, #1
 142 0076 F2E7     		b	.L2
 143              		.cfi_endproc
 144              	.LFE287:
 146              		.section	.text.encoder_update_user,"ax",%progbits
 147              		.align	1
 148              		.global	encoder_update_user
 149              		.syntax unified
 150              		.thumb
 151              		.thumb_func
 152              		.fpu softvfp
 154              	encoder_update_user:
 155              	.LFB288:
 178:keyboards/preonic/keymaps/ray/keymap.c **** 
 179:keyboards/preonic/keymaps/ray/keymap.c **** bool     muse_mode      = false;
 180:keyboards/preonic/keymaps/ray/keymap.c **** uint8_t  last_muse_note = 0;
 181:keyboards/preonic/keymaps/ray/keymap.c **** uint16_t muse_counter   = 0;
 182:keyboards/preonic/keymaps/ray/keymap.c **** uint8_t  muse_offset    = 70;
 183:keyboards/preonic/keymaps/ray/keymap.c **** uint16_t muse_tempo     = 50;
 184:keyboards/preonic/keymaps/ray/keymap.c **** 
 185:keyboards/preonic/keymaps/ray/keymap.c **** void encoder_update_user(uint8_t index, bool clockwise) {
 156              		.loc 1 185 0
 157              		.cfi_startproc
 158              		@ args = 0, pretend = 0, frame = 0
 159              		@ frame_needed = 0, uses_anonymous_args = 0
 160              	.LVL14:
 161 0000 08B5     		push	{r3, lr}
 162              		.cfi_def_cfa_offset 8
 163              		.cfi_offset 3, -8
 164              		.cfi_offset 14, -4
 186:keyboards/preonic/keymaps/ray/keymap.c ****     if (muse_mode) {
 165              		.loc 1 186 0
 166 0002 124B     		ldr	r3, .L38
 167 0004 1B78     		ldrb	r3, [r3]	@ zero_extendqisi2
 168 0006 9BB1     		cbz	r3, .L29
 187:keyboards/preonic/keymaps/ray/keymap.c ****         if (IS_LAYER_ON(_RAISE)) {
 169              		.loc 1 187 0
 170 0008 114B     		ldr	r3, .L38+4
 171 000a 1B68     		ldr	r3, [r3]
 172 000c DB06     		lsls	r3, r3, #27
 173 000e 07D5     		bpl	.L30
 174 0010 104A     		ldr	r2, .L38+8
 175 0012 1378     		ldrb	r3, [r2]	@ zero_extendqisi2
 188:keyboards/preonic/keymaps/ray/keymap.c ****             if (clockwise) {
 176              		.loc 1 188 0
 177 0014 11B1     		cbz	r1, .L31
 189:keyboards/preonic/keymaps/ray/keymap.c ****                 muse_offset++;
 178              		.loc 1 189 0
 179 0016 0133     		adds	r3, r3, #1
 180              	.L36:
 190:keyboards/preonic/keymaps/ray/keymap.c ****             } else {
 191:keyboards/preonic/keymaps/ray/keymap.c ****                 muse_offset--;
 181              		.loc 1 191 0
 182 0018 1370     		strb	r3, [r2]
 183              	.L28:
 192:keyboards/preonic/keymaps/ray/keymap.c ****             }
 193:keyboards/preonic/keymaps/ray/keymap.c ****         } else {
 194:keyboards/preonic/keymaps/ray/keymap.c ****             if (clockwise) {
 195:keyboards/preonic/keymaps/ray/keymap.c ****                 muse_tempo += 1;
 196:keyboards/preonic/keymaps/ray/keymap.c ****             } else {
 197:keyboards/preonic/keymaps/ray/keymap.c ****                 muse_tempo -= 1;
 198:keyboards/preonic/keymaps/ray/keymap.c ****             }
 199:keyboards/preonic/keymaps/ray/keymap.c ****         }
 200:keyboards/preonic/keymaps/ray/keymap.c ****     } else {
 201:keyboards/preonic/keymaps/ray/keymap.c ****         if (clockwise) {
 202:keyboards/preonic/keymaps/ray/keymap.c ****             register_code(KC_PGDN);
 203:keyboards/preonic/keymaps/ray/keymap.c ****             unregister_code(KC_PGDN);
 204:keyboards/preonic/keymaps/ray/keymap.c ****         } else {
 205:keyboards/preonic/keymaps/ray/keymap.c ****             register_code(KC_PGUP);
 206:keyboards/preonic/keymaps/ray/keymap.c ****             unregister_code(KC_PGUP);
 207:keyboards/preonic/keymaps/ray/keymap.c ****         }
 208:keyboards/preonic/keymaps/ray/keymap.c ****     }
 209:keyboards/preonic/keymaps/ray/keymap.c **** }
 184              		.loc 1 209 0
 185 001a 08BD     		pop	{r3, pc}
 186              	.L31:
 191:keyboards/preonic/keymaps/ray/keymap.c ****             }
 187              		.loc 1 191 0
 188 001c 013B     		subs	r3, r3, #1
 189 001e FBE7     		b	.L36
 190              	.L30:
 191 0020 0D4A     		ldr	r2, .L38+12
 192 0022 1388     		ldrh	r3, [r2]
 194:keyboards/preonic/keymaps/ray/keymap.c ****                 muse_tempo += 1;
 193              		.loc 1 194 0
 194 0024 11B1     		cbz	r1, .L33
 195:keyboards/preonic/keymaps/ray/keymap.c ****             } else {
 195              		.loc 1 195 0
 196 0026 0133     		adds	r3, r3, #1
 197              	.L35:
 197:keyboards/preonic/keymaps/ray/keymap.c ****             }
 198              		.loc 1 197 0
 199 0028 1380     		strh	r3, [r2]	@ movhi
 200 002a F6E7     		b	.L28
 201              	.L33:
 202 002c 013B     		subs	r3, r3, #1
 203 002e FBE7     		b	.L35
 204              	.L29:
 201:keyboards/preonic/keymaps/ray/keymap.c ****             register_code(KC_PGDN);
 205              		.loc 1 201 0
 206 0030 39B1     		cbz	r1, .L34
 202:keyboards/preonic/keymaps/ray/keymap.c ****             unregister_code(KC_PGDN);
 207              		.loc 1 202 0
 208 0032 4E20     		movs	r0, #78
 209              	.LVL15:
 210 0034 FFF7FEFF 		bl	register_code
 211              	.LVL16:
 203:keyboards/preonic/keymaps/ray/keymap.c ****         } else {
 212              		.loc 1 203 0
 213 0038 4E20     		movs	r0, #78
 214              	.L37:
 215              		.loc 1 209 0
 216 003a BDE80840 		pop	{r3, lr}
 217              		.cfi_remember_state
 218              		.cfi_restore 14
 219              		.cfi_restore 3
 220              		.cfi_def_cfa_offset 0
 206:keyboards/preonic/keymaps/ray/keymap.c ****         }
 221              		.loc 1 206 0
 222 003e FFF7FEBF 		b	unregister_code
 223              	.LVL17:
 224              	.L34:
 225              		.cfi_restore_state
 205:keyboards/preonic/keymaps/ray/keymap.c ****             unregister_code(KC_PGUP);
 226              		.loc 1 205 0
 227 0042 4B20     		movs	r0, #75
 228              	.LVL18:
 229 0044 FFF7FEFF 		bl	register_code
 230              	.LVL19:
 206:keyboards/preonic/keymaps/ray/keymap.c ****         }
 231              		.loc 1 206 0
 232 0048 4B20     		movs	r0, #75
 233 004a F6E7     		b	.L37
 234              	.L39:
 235              		.align	2
 236              	.L38:
 237 004c 00000000 		.word	.LANCHOR0
 238 0050 00000000 		.word	layer_state
 239 0054 00000000 		.word	.LANCHOR1
 240 0058 00000000 		.word	.LANCHOR2
 241              		.cfi_endproc
 242              	.LFE288:
 244              		.section	.text.dip_switch_update_user,"ax",%progbits
 245              		.align	1
 246              		.global	dip_switch_update_user
 247              		.syntax unified
 248              		.thumb
 249              		.thumb_func
 250              		.fpu softvfp
 252              	dip_switch_update_user:
 253              	.LFB289:
 210:keyboards/preonic/keymaps/ray/keymap.c **** 
 211:keyboards/preonic/keymaps/ray/keymap.c **** void dip_switch_update_user(uint8_t index, bool active) {
 254              		.loc 1 211 0
 255              		.cfi_startproc
 256              		@ args = 0, pretend = 0, frame = 0
 257              		@ frame_needed = 0, uses_anonymous_args = 0
 258              		@ link register save eliminated.
 259              	.LVL20:
 212:keyboards/preonic/keymaps/ray/keymap.c ****     switch (index) {
 260              		.loc 1 212 0
 261 0000 10B1     		cbz	r0, .L42
 262 0002 0128     		cmp	r0, #1
 263 0004 06D0     		beq	.L43
 264 0006 7047     		bx	lr
 265              	.L42:
 213:keyboards/preonic/keymaps/ray/keymap.c ****         case 0:
 214:keyboards/preonic/keymaps/ray/keymap.c ****             if (active) {
 215:keyboards/preonic/keymaps/ray/keymap.c ****                 layer_on(_ADJUST);
 266              		.loc 1 215 0
 267 0008 0520     		movs	r0, #5
 268              	.LVL21:
 214:keyboards/preonic/keymaps/ray/keymap.c ****                 layer_on(_ADJUST);
 269              		.loc 1 214 0
 270 000a 09B1     		cbz	r1, .L44
 271              		.loc 1 215 0
 272 000c FFF7FEBF 		b	layer_on
 273              	.LVL22:
 274              	.L44:
 216:keyboards/preonic/keymaps/ray/keymap.c ****             } else {
 217:keyboards/preonic/keymaps/ray/keymap.c ****                 layer_off(_ADJUST);
 275              		.loc 1 217 0
 276 0010 FFF7FEBF 		b	layer_off
 277              	.LVL23:
 278              	.L43:
 218:keyboards/preonic/keymaps/ray/keymap.c ****             }
 219:keyboards/preonic/keymaps/ray/keymap.c ****             break;
 220:keyboards/preonic/keymaps/ray/keymap.c ****         case 1:
 221:keyboards/preonic/keymaps/ray/keymap.c ****             if (active) {
 279              		.loc 1 221 0
 280 0014 0029     		cmp	r1, #0
 222:keyboards/preonic/keymaps/ray/keymap.c ****                 muse_mode = true;
 281              		.loc 1 222 0
 282 0016 024B     		ldr	r3, .L46
 283 0018 18BF     		it	ne
 284 001a 0146     		movne	r1, r0
 285              	.LVL24:
 286 001c 1970     		strb	r1, [r3]
 223:keyboards/preonic/keymaps/ray/keymap.c ****             } else {
 224:keyboards/preonic/keymaps/ray/keymap.c ****                 muse_mode = false;
 225:keyboards/preonic/keymaps/ray/keymap.c ****             }
 226:keyboards/preonic/keymaps/ray/keymap.c ****     }
 227:keyboards/preonic/keymaps/ray/keymap.c **** }
 287              		.loc 1 227 0
 288 001e 7047     		bx	lr
 289              	.L47:
 290              		.align	2
 291              	.L46:
 292 0020 00000000 		.word	.LANCHOR0
 293              		.cfi_endproc
 294              	.LFE289:
 296              		.section	.text.matrix_scan_user,"ax",%progbits
 297              		.align	1
 298              		.global	matrix_scan_user
 299              		.syntax unified
 300              		.thumb
 301              		.thumb_func
 302              		.fpu softvfp
 304              	matrix_scan_user:
 305              	.LFB290:
 228:keyboards/preonic/keymaps/ray/keymap.c **** 
 229:keyboards/preonic/keymaps/ray/keymap.c **** void matrix_scan_user(void) {
 306              		.loc 1 229 0
 307              		.cfi_startproc
 308              		@ args = 0, pretend = 0, frame = 40
 309              		@ frame_needed = 0, uses_anonymous_args = 0
 310 0000 70B5     		push	{r4, r5, r6, lr}
 311              		.cfi_def_cfa_offset 16
 312              		.cfi_offset 4, -16
 313              		.cfi_offset 5, -12
 314              		.cfi_offset 6, -8
 315              		.cfi_offset 14, -4
 230:keyboards/preonic/keymaps/ray/keymap.c **** #ifdef AUDIO_ENABLE
 231:keyboards/preonic/keymaps/ray/keymap.c ****     if (muse_mode) {
 316              		.loc 1 231 0
 317 0002 214A     		ldr	r2, .L59
 318 0004 214C     		ldr	r4, .L59+4
 319 0006 1678     		ldrb	r6, [r2]	@ zero_extendqisi2
 320 0008 2388     		ldrh	r3, [r4]
 229:keyboards/preonic/keymaps/ray/keymap.c **** #ifdef AUDIO_ENABLE
 321              		.loc 1 229 0
 322 000a 8AB0     		sub	sp, sp, #40
 323              		.cfi_def_cfa_offset 56
 324 000c 2546     		mov	r5, r4
 325              		.loc 1 231 0
 326 000e 002E     		cmp	r6, #0
 327 0010 34D0     		beq	.L49
 232:keyboards/preonic/keymaps/ray/keymap.c ****         if (muse_counter == 0) {
 328              		.loc 1 232 0
 329 0012 43BB     		cbnz	r3, .L51
 330              	.LBB2:
 233:keyboards/preonic/keymaps/ray/keymap.c ****             uint8_t muse_note = muse_offset + SCALE[muse_clock_pulse()];
 331              		.loc 1 233 0
 332 0014 1E4B     		ldr	r3, .L59+8
 333 0016 01AA     		add	r2, sp, #4
 334 0018 03F12006 		add	r6, r3, #32
 335              	.L52:
 336 001c 1868     		ldr	r0, [r3]	@ unaligned
 337 001e 5968     		ldr	r1, [r3, #4]	@ unaligned
 338 0020 1446     		mov	r4, r2
 339 0022 03C4     		stmia	r4!, {r0, r1}
 340 0024 0833     		adds	r3, r3, #8
 341 0026 B342     		cmp	r3, r6
 342 0028 2246     		mov	r2, r4
 343 002a F7D1     		bne	.L52
 344 002c 1988     		ldrh	r1, [r3]	@ unaligned
 345 002e 9B78     		ldrb	r3, [r3, #2]	@ zero_extendqisi2
 346 0030 A370     		strb	r3, [r4, #2]
 347 0032 2180     		strh	r1, [r4]	@ unaligned
 348 0034 FFF7FEFF 		bl	muse_clock_pulse
 349              	.LVL25:
 350 0038 0AAB     		add	r3, sp, #40
 351 003a 1844     		add	r0, r0, r3
 352 003c 154B     		ldr	r3, .L59+12
 353 003e 10F8244C 		ldrb	r4, [r0, #-36]	@ zero_extendqisi2
 354 0042 1B78     		ldrb	r3, [r3]	@ zero_extendqisi2
 234:keyboards/preonic/keymaps/ray/keymap.c ****             if (muse_note != last_muse_note) {
 355              		.loc 1 234 0
 356 0044 144E     		ldr	r6, .L59+16
 233:keyboards/preonic/keymaps/ray/keymap.c ****             uint8_t muse_note = muse_offset + SCALE[muse_clock_pulse()];
 357              		.loc 1 233 0
 358 0046 1C44     		add	r4, r4, r3
 359              		.loc 1 234 0
 360 0048 3078     		ldrb	r0, [r6]	@ zero_extendqisi2
 233:keyboards/preonic/keymaps/ray/keymap.c ****             uint8_t muse_note = muse_offset + SCALE[muse_clock_pulse()];
 361              		.loc 1 233 0
 362 004a E4B2     		uxtb	r4, r4
 363              	.LVL26:
 364              		.loc 1 234 0
 365 004c A042     		cmp	r0, r4
 366 004e 0AD0     		beq	.L51
 235:keyboards/preonic/keymaps/ray/keymap.c ****                 stop_note(compute_freq_for_midi_note(last_muse_note));
 367              		.loc 1 235 0
 368 0050 FFF7FEFF 		bl	compute_freq_for_midi_note
 369              	.LVL27:
 370 0054 FFF7FEFF 		bl	stop_note
 371              	.LVL28:
 236:keyboards/preonic/keymaps/ray/keymap.c ****                 play_note(compute_freq_for_midi_note(muse_note), 0xF);
 372              		.loc 1 236 0
 373 0058 2046     		mov	r0, r4
 374 005a FFF7FEFF 		bl	compute_freq_for_midi_note
 375              	.LVL29:
 376 005e 0F21     		movs	r1, #15
 377 0060 FFF7FEFF 		bl	play_note
 378              	.LVL30:
 237:keyboards/preonic/keymaps/ray/keymap.c ****                 last_muse_note = muse_note;
 379              		.loc 1 237 0
 380 0064 3470     		strb	r4, [r6]
 381              	.LVL31:
 382              	.L51:
 383              	.LBE2:
 238:keyboards/preonic/keymaps/ray/keymap.c ****             }
 239:keyboards/preonic/keymaps/ray/keymap.c ****         }
 240:keyboards/preonic/keymaps/ray/keymap.c ****         muse_counter = (muse_counter + 1) % muse_tempo;
 384              		.loc 1 240 0
 385 0066 0D4A     		ldr	r2, .L59+20
 386 0068 2B88     		ldrh	r3, [r5]
 387 006a 1188     		ldrh	r1, [r2]
 388 006c 0133     		adds	r3, r3, #1
 389 006e 93FBF1F2 		sdiv	r2, r3, r1
 390 0072 01FB1233 		mls	r3, r1, r2, r3
 391 0076 2B80     		strh	r3, [r5]	@ movhi
 392              	.L48:
 241:keyboards/preonic/keymaps/ray/keymap.c ****     } else {
 242:keyboards/preonic/keymaps/ray/keymap.c ****         if (muse_counter) {
 243:keyboards/preonic/keymaps/ray/keymap.c ****             stop_all_notes();
 244:keyboards/preonic/keymaps/ray/keymap.c ****             muse_counter = 0;
 245:keyboards/preonic/keymaps/ray/keymap.c ****         }
 246:keyboards/preonic/keymaps/ray/keymap.c ****     }
 247:keyboards/preonic/keymaps/ray/keymap.c **** #endif
 248:keyboards/preonic/keymaps/ray/keymap.c **** }
 393              		.loc 1 248 0
 394 0078 0AB0     		add	sp, sp, #40
 395              		.cfi_remember_state
 396              		.cfi_def_cfa_offset 16
 397              		@ sp needed
 398 007a 70BD     		pop	{r4, r5, r6, pc}
 399              	.L49:
 400              		.cfi_restore_state
 242:keyboards/preonic/keymaps/ray/keymap.c ****             stop_all_notes();
 401              		.loc 1 242 0
 402 007c 002B     		cmp	r3, #0
 403 007e FBD0     		beq	.L48
 243:keyboards/preonic/keymaps/ray/keymap.c ****             muse_counter = 0;
 404              		.loc 1 243 0
 405 0080 FFF7FEFF 		bl	stop_all_notes
 406              	.LVL32:
 244:keyboards/preonic/keymaps/ray/keymap.c ****         }
 407              		.loc 1 244 0
 408 0084 2680     		strh	r6, [r4]	@ movhi
 409              		.loc 1 248 0
 410 0086 F7E7     		b	.L48
 411              	.L60:
 412              		.align	2
 413              	.L59:
 414 0088 00000000 		.word	.LANCHOR0
 415 008c 00000000 		.word	.LANCHOR3
 416 0090 00000000 		.word	.LANCHOR4
 417 0094 00000000 		.word	.LANCHOR1
 418 0098 00000000 		.word	.LANCHOR5
 419 009c 00000000 		.word	.LANCHOR2
 420              		.cfi_endproc
 421              	.LFE290:
 423              		.section	.text.music_mask_user,"ax",%progbits
 424              		.align	1
 425              		.global	music_mask_user
 426              		.syntax unified
 427              		.thumb
 428              		.thumb_func
 429              		.fpu softvfp
 431              	music_mask_user:
 432              	.LFB291:
 249:keyboards/preonic/keymaps/ray/keymap.c **** 
 250:keyboards/preonic/keymaps/ray/keymap.c **** bool music_mask_user(uint16_t keycode) {
 433              		.loc 1 250 0
 434              		.cfi_startproc
 435              		@ args = 0, pretend = 0, frame = 0
 436              		@ frame_needed = 0, uses_anonymous_args = 0
 437              		@ link register save eliminated.
 438              	.LVL33:
 251:keyboards/preonic/keymaps/ray/keymap.c ****     switch (keycode) {
 439              		.loc 1 251 0
 440 0000 A0F5BA40 		sub	r0, r0, #23808
 441              	.LVL34:
 442 0004 0438     		subs	r0, r0, #4
 252:keyboards/preonic/keymaps/ray/keymap.c ****         case RAISE:
 253:keyboards/preonic/keymaps/ray/keymap.c ****         case LOWER:
 254:keyboards/preonic/keymaps/ray/keymap.c ****             return false;
 255:keyboards/preonic/keymaps/ray/keymap.c ****         default:
 256:keyboards/preonic/keymaps/ray/keymap.c ****             return true;
 257:keyboards/preonic/keymaps/ray/keymap.c ****     }
 258:keyboards/preonic/keymaps/ray/keymap.c **** }
 443              		.loc 1 258 0
 444 0006 0128     		cmp	r0, #1
 445 0008 94BF     		ite	ls
 446 000a 0020     		movls	r0, #0
 447 000c 0120     		movhi	r0, #1
 448 000e 7047     		bx	lr
 449              		.cfi_endproc
 450              	.LFE291:
 452              		.global	muse_tempo
 453              		.global	muse_offset
 454              		.global	muse_counter
 455              		.global	last_muse_note
 456              		.global	muse_mode
 457              		.global	keymaps
 458              		.section	.rodata
 459              		.set	.LANCHOR4,. + 0
 460              	.LC0:
 461 0000 00       		.byte	0
 462 0001 02       		.byte	2
 463 0002 04       		.byte	4
 464 0003 05       		.byte	5
 465 0004 07       		.byte	7
 466 0005 09       		.byte	9
 467 0006 0B       		.byte	11
 468 0007 0C       		.byte	12
 469 0008 0E       		.byte	14
 470 0009 10       		.byte	16
 471 000a 11       		.byte	17
 472 000b 13       		.byte	19
 473 000c 15       		.byte	21
 474 000d 17       		.byte	23
 475 000e 18       		.byte	24
 476 000f 1A       		.byte	26
 477 0010 1C       		.byte	28
 478 0011 1D       		.byte	29
 479 0012 1F       		.byte	31
 480 0013 21       		.byte	33
 481 0014 23       		.byte	35
 482 0015 24       		.byte	36
 483 0016 26       		.byte	38
 484 0017 28       		.byte	40
 485 0018 29       		.byte	41
 486 0019 2B       		.byte	43
 487 001a 2D       		.byte	45
 488 001b 2F       		.byte	47
 489 001c 30       		.byte	48
 490 001d 32       		.byte	50
 491 001e 34       		.byte	52
 492 001f 35       		.byte	53
 493 0020 37       		.byte	55
 494 0021 39       		.byte	57
 495 0022 3B       		.byte	59
 496              		.section	.bss.last_muse_note,"aw",%nobits
 497              		.set	.LANCHOR5,. + 0
 500              	last_muse_note:
 501 0000 00       		.space	1
 502              		.section	.bss.muse_counter,"aw",%nobits
 503              		.align	1
 504              		.set	.LANCHOR3,. + 0
 507              	muse_counter:
 508 0000 0000     		.space	2
 509              		.section	.bss.muse_mode,"aw",%nobits
 510              		.set	.LANCHOR0,. + 0
 513              	muse_mode:
 514 0000 00       		.space	1
 515              		.section	.data.muse_offset,"aw",%progbits
 516              		.set	.LANCHOR1,. + 0
 519              	muse_offset:
 520 0000 46       		.byte	70
 521              		.section	.data.muse_tempo,"aw",%progbits
 522              		.align	1
 523              		.set	.LANCHOR2,. + 0
 526              	muse_tempo:
 527 0000 3200     		.short	50
 528              		.section	.rodata.keymaps,"a",%progbits
 529              		.align	1
 532              	keymaps:
 533 0000 3500     		.short	53
 534 0002 1E00     		.short	30
 535 0004 1F00     		.short	31
 536 0006 2000     		.short	32
 537 0008 2100     		.short	33
 538 000a 2200     		.short	34
 539 000c 2B00     		.short	43
 540 000e 1400     		.short	20
 541 0010 1A00     		.short	26
 542 0012 0800     		.short	8
 543 0014 1500     		.short	21
 544 0016 1700     		.short	23
 545 0018 2900     		.short	41
 546 001a 0400     		.short	4
 547 001c 1600     		.short	22
 548 001e 0700     		.short	7
 549 0020 0900     		.short	9
 550 0022 0A00     		.short	10
 551 0024 E100     		.short	225
 552 0026 1D00     		.short	29
 553 0028 1B00     		.short	27
 554 002a 0600     		.short	6
 555 002c 1900     		.short	25
 556 002e 0500     		.short	5
 557 0030 2300     		.short	35
 558 0032 2400     		.short	36
 559 0034 2500     		.short	37
 560 0036 2600     		.short	38
 561 0038 2700     		.short	39
 562 003a 2A00     		.short	42
 563 003c 1C00     		.short	28
 564 003e 1800     		.short	24
 565 0040 0C00     		.short	12
 566 0042 1200     		.short	18
 567 0044 1300     		.short	19
 568 0046 3100     		.short	49
 569 0048 0B00     		.short	11
 570 004a 0D00     		.short	13
 571 004c 0E00     		.short	14
 572 004e 0F00     		.short	15
 573 0050 3300     		.short	51
 574 0052 3400     		.short	52
 575 0054 1100     		.short	17
 576 0056 1000     		.short	16
 577 0058 3600     		.short	54
 578 005a 3700     		.short	55
 579 005c 5200     		.short	82
 580 005e 2800     		.short	40
 581 0060 065D     		.short	23814
 582 0062 E000     		.short	224
 583 0064 E200     		.short	226
 584 0066 5000     		.short	80
 585 0068 5100     		.short	81
 586 006a 4F00     		.short	79
 587 006c 2C62     		.short	25132
 588 006e 055D     		.short	23813
 589 0070 3800     		.short	56
 590 0072 E300     		.short	227
 591 0074 045D     		.short	23812
 592 0076 2C62     		.short	25132
 593 0078 3500     		.short	53
 594 007a 1E00     		.short	30
 595 007c 1F00     		.short	31
 596 007e 2000     		.short	32
 597 0080 2100     		.short	33
 598 0082 2200     		.short	34
 599 0084 2B00     		.short	43
 600 0086 1400     		.short	20
 601 0088 1A00     		.short	26
 602 008a 0900     		.short	9
 603 008c 1300     		.short	19
 604 008e 0A00     		.short	10
 605 0090 2900     		.short	41
 606 0092 0400     		.short	4
 607 0094 1500     		.short	21
 608 0096 1600     		.short	22
 609 0098 1700     		.short	23
 610 009a 0700     		.short	7
 611 009c E100     		.short	225
 612 009e 1D00     		.short	29
 613 00a0 1B00     		.short	27
 614 00a2 0600     		.short	6
 615 00a4 1900     		.short	25
 616 00a6 0500     		.short	5
 617 00a8 2300     		.short	35
 618 00aa 2400     		.short	36
 619 00ac 2500     		.short	37
 620 00ae 2600     		.short	38
 621 00b0 2700     		.short	39
 622 00b2 2A00     		.short	42
 623 00b4 0D00     		.short	13
 624 00b6 0F00     		.short	15
 625 00b8 1800     		.short	24
 626 00ba 1C00     		.short	28
 627 00bc 3300     		.short	51
 628 00be 4C00     		.short	76
 629 00c0 0B00     		.short	11
 630 00c2 1100     		.short	17
 631 00c4 0800     		.short	8
 632 00c6 0C00     		.short	12
 633 00c8 1200     		.short	18
 634 00ca 3400     		.short	52
 635 00cc 0E00     		.short	14
 636 00ce 1000     		.short	16
 637 00d0 3600     		.short	54
 638 00d2 3700     		.short	55
 639 00d4 3800     		.short	56
 640 00d6 2800     		.short	40
 641 00d8 065D     		.short	23814
 642 00da E000     		.short	224
 643 00dc E200     		.short	226
 644 00de 5100     		.short	81
 645 00e0 5200     		.short	82
 646 00e2 4F00     		.short	79
 647 00e4 2C00     		.short	44
 648 00e6 055D     		.short	23813
 649 00e8 5000     		.short	80
 650 00ea E300     		.short	227
 651 00ec 045D     		.short	23812
 652 00ee 2C00     		.short	44
 653 00f0 3500     		.short	53
 654 00f2 1E00     		.short	30
 655 00f4 1F00     		.short	31
 656 00f6 2000     		.short	32
 657 00f8 2100     		.short	33
 658 00fa 2200     		.short	34
 659 00fc 2B00     		.short	43
 660 00fe 3400     		.short	52
 661 0100 3600     		.short	54
 662 0102 3700     		.short	55
 663 0104 1300     		.short	19
 664 0106 1C00     		.short	28
 665 0108 2900     		.short	41
 666 010a 0400     		.short	4
 667 010c 1200     		.short	18
 668 010e 0800     		.short	8
 669 0110 1800     		.short	24
 670 0112 0C00     		.short	12
 671 0114 E100     		.short	225
 672 0116 3300     		.short	51
 673 0118 1400     		.short	20
 674 011a 0D00     		.short	13
 675 011c 0E00     		.short	14
 676 011e 1B00     		.short	27
 677 0120 2300     		.short	35
 678 0122 2400     		.short	36
 679 0124 2500     		.short	37
 680 0126 2600     		.short	38
 681 0128 2700     		.short	39
 682 012a 2A00     		.short	42
 683 012c 0900     		.short	9
 684 012e 0A00     		.short	10
 685 0130 0600     		.short	6
 686 0132 1500     		.short	21
 687 0134 0F00     		.short	15
 688 0136 4C00     		.short	76
 689 0138 0700     		.short	7
 690 013a 0B00     		.short	11
 691 013c 1700     		.short	23
 692 013e 1100     		.short	17
 693 0140 1600     		.short	22
 694 0142 3800     		.short	56
 695 0144 0500     		.short	5
 696 0146 1000     		.short	16
 697 0148 1A00     		.short	26
 698 014a 1900     		.short	25
 699 014c 1D00     		.short	29
 700 014e 2800     		.short	40
 701 0150 065D     		.short	23814
 702 0152 E000     		.short	224
 703 0154 E200     		.short	226
 704 0156 5100     		.short	81
 705 0158 5200     		.short	82
 706 015a 4F00     		.short	79
 707 015c 2C00     		.short	44
 708 015e 055D     		.short	23813
 709 0160 5000     		.short	80
 710 0162 E300     		.short	227
 711 0164 045D     		.short	23812
 712 0166 2C00     		.short	44
 713 0168 3502     		.short	565
 714 016a 1E02     		.short	542
 715 016c 1F02     		.short	543
 716 016e 2002     		.short	544
 717 0170 2102     		.short	545
 718 0172 2202     		.short	546
 719 0174 3502     		.short	565
 720 0176 1E02     		.short	542
 721 0178 1F02     		.short	543
 722 017a 2002     		.short	544
 723 017c 2102     		.short	545
 724 017e 0100     		.short	1
 725 0180 4C00     		.short	76
 726 0182 3A00     		.short	58
 727 0184 3B00     		.short	59
 728 0186 3C00     		.short	60
 729 0188 2D00     		.short	45
 730 018a 0100     		.short	1
 731 018c 0100     		.short	1
 732 018e 4000     		.short	64
 733 0190 4100     		.short	65
 734 0192 4200     		.short	66
 735 0194 3700     		.short	55
 736 0196 0100     		.short	1
 737 0198 2302     		.short	547
 738 019a 2402     		.short	548
 739 019c 2502     		.short	549
 740 019e 2602     		.short	550
 741 01a0 2702     		.short	551
 742 01a2 2A00     		.short	42
 743 01a4 0100     		.short	1
 744 01a6 2400     		.short	36
 745 01a8 2500     		.short	37
 746 01aa 2600     		.short	38
 747 01ac 3002     		.short	560
 748 01ae 4C00     		.short	76
 749 01b0 0100     		.short	1
 750 01b2 2100     		.short	33
 751 01b4 2200     		.short	34
 752 01b6 2300     		.short	35
 753 01b8 3000     		.short	48
 754 01ba 3102     		.short	561
 755 01bc 0100     		.short	1
 756 01be 1E00     		.short	30
 757 01c0 1F00     		.short	31
 758 01c2 2000     		.short	32
 759 01c4 A900     		.short	169
 760 01c6 0100     		.short	1
 761 01c8 0100     		.short	1
 762 01ca 0100     		.short	1
 763 01cc 0100     		.short	1
 764 01ce AB00     		.short	171
 765 01d0 AA00     		.short	170
 766 01d2 AE00     		.short	174
 767 01d4 2C00     		.short	44
 768 01d6 0100     		.short	1
 769 01d8 2700     		.short	39
 770 01da 0100     		.short	1
 771 01dc 0100     		.short	1
 772 01de 2C00     		.short	44
 773 01e0 3500     		.short	53
 774 01e2 1E00     		.short	30
 775 01e4 1F00     		.short	31
 776 01e6 2000     		.short	32
 777 01e8 2100     		.short	33
 778 01ea 2202     		.short	546
 779 01ec 3500     		.short	53
 780 01ee 1E00     		.short	30
 781 01f0 1F00     		.short	31
 782 01f2 2000     		.short	32
 783 01f4 2100     		.short	33
 784 01f6 2200     		.short	34
 785 01f8 4C00     		.short	76
 786 01fa 3A00     		.short	58
 787 01fc 3B00     		.short	59
 788 01fe 3C00     		.short	60
 789 0200 3D00     		.short	61
 790 0202 3E00     		.short	62
 791 0204 0100     		.short	1
 792 0206 4000     		.short	64
 793 0208 4100     		.short	65
 794 020a 4200     		.short	66
 795 020c 4300     		.short	67
 796 020e 4400     		.short	68
 797 0210 2300     		.short	35
 798 0212 2400     		.short	36
 799 0214 2500     		.short	37
 800 0216 2602     		.short	550
 801 0218 2702     		.short	551
 802 021a 2A00     		.short	42
 803 021c 2300     		.short	35
 804 021e 2400     		.short	36
 805 0220 2500     		.short	37
 806 0222 2F02     		.short	559
 807 0224 3002     		.short	560
 808 0226 4C00     		.short	76
 809 0228 3F00     		.short	63
 810 022a 2D00     		.short	45
 811 022c 2E00     		.short	46
 812 022e 2F00     		.short	47
 813 0230 3000     		.short	48
 814 0232 3100     		.short	49
 815 0234 4500     		.short	69
 816 0236 3200     		.short	50
 817 0238 3602     		.short	566
 818 023a 3702     		.short	567
 819 023c A900     		.short	169
 820 023e 0100     		.short	1
 821 0240 0100     		.short	1
 822 0242 0100     		.short	1
 823 0244 0100     		.short	1
 824 0246 AB00     		.short	171
 825 0248 AA00     		.short	170
 826 024a AE00     		.short	174
 827 024c 0100     		.short	1
 828 024e 0100     		.short	1
 829 0250 0100     		.short	1
 830 0252 0100     		.short	1
 831 0254 0100     		.short	1
 832 0256 0100     		.short	1
 833 0258 3A00     		.short	58
 834 025a 3B00     		.short	59
 835 025c 3C00     		.short	60
 836 025e 3D00     		.short	61
 837 0260 3E00     		.short	62
 838 0262 3F00     		.short	63
 839 0264 0100     		.short	1
 840 0266 005C     		.short	23552
 841 0268 015C     		.short	23553
 842 026a 0100     		.short	1
 843 026c 0100     		.short	1
 844 026e 0100     		.short	1
 845 0270 0100     		.short	1
 846 0272 0100     		.short	1
 847 0274 295C     		.short	23593
 848 0276 1D5C     		.short	23581
 849 0278 1E5C     		.short	23582
 850 027a 135C     		.short	23571
 851 027c 0100     		.short	1
 852 027e 2B5C     		.short	23595
 853 0280 2A5C     		.short	23594
 854 0282 265C     		.short	23590
 855 0284 275C     		.short	23591
 856 0286 2C5C     		.short	23596
 857 0288 4000     		.short	64
 858 028a 4100     		.short	65
 859 028c 4200     		.short	66
 860 028e 4300     		.short	67
 861 0290 4400     		.short	68
 862 0292 4500     		.short	69
 863 0294 0100     		.short	1
 864 0296 0000     		.short	0
 865 0298 0000     		.short	0
 866 029a 0100     		.short	1
 867 029c 0100     		.short	1
 868 029e 4C00     		.short	76
 869 02a0 0A5C     		.short	23562
 870 02a2 015D     		.short	23809
 871 02a4 025D     		.short	23810
 872 02a6 035D     		.short	23811
 873 02a8 0100     		.short	1
 874 02aa 0100     		.short	1
 875 02ac 2D5C     		.short	23597
 876 02ae 0100     		.short	1
 877 02b0 0100     		.short	1
 878 02b2 0100     		.short	1
 879 02b4 0100     		.short	1
 880 02b6 0100     		.short	1
 881 02b8 0100     		.short	1
 882 02ba 0100     		.short	1
 883 02bc 0100     		.short	1
 884 02be 0100     		.short	1
 885 02c0 0100     		.short	1
 886 02c2 0100     		.short	1
 887 02c4 0100     		.short	1
 888 02c6 0100     		.short	1
 889 02c8 0100     		.short	1
 890 02ca 0100     		.short	1
 891 02cc 0100     		.short	1
 892 02ce 0100     		.short	1
 893              		.text
 894              	.Letext0:
 895              		.file 2 "/usr/local/Cellar/gcc-arm-none-eabi/20180627/lib/gcc/arm-none-eabi/7.3.1/include/stddef.h
 896              		.file 3 "/usr/local/Cellar/gcc-arm-none-eabi/20180627/arm-none-eabi/include/machine/_default_types
 897              		.file 4 "/usr/local/Cellar/gcc-arm-none-eabi/20180627/arm-none-eabi/include/sys/_stdint.h"
 898              		.file 5 "./lib/chibios/os/common/ports/ARMCMx/compilers/GCC/chtypes.h"
 899              		.file 6 "./lib/chibios/os/rt/include/chsystypes.h"
 900              		.file 7 "./lib/chibios/os/rt/include/chschd.h"
 901              		.file 8 "./lib/chibios/os/common/ext/CMSIS/include/core_cm4.h"
 902              		.file 9 "./lib/chibios/os/common/ext/CMSIS/ST/STM32F3xx/system_stm32f3xx.h"
 903              		.file 10 "./lib/chibios/os/common/ext/CMSIS/ST/STM32F3xx/stm32f303xc.h"
 904              		.file 11 "./lib/chibios/os/common/ports/ARMCMx/chcore.h"
 905              		.file 12 "./lib/chibios/os/common/ports/ARMCMx/chcore_v7m.h"
 906              		.file 13 "./lib/chibios/os/hal/ports/STM32/LLD/TIMv1/stm32_tim.h"
 907              		.file 14 "./lib/chibios/os/rt/include/chtm.h"
 908              		.file 15 "./lib/chibios/os/rt/include/chsem.h"
 909              		.file 16 "./lib/chibios/os/rt/include/chmtx.h"
 910              		.file 17 "./lib/chibios/os/rt/include/chsys.h"
 911              		.file 18 "./lib/chibios/os/rt/include/chregistry.h"
 912              		.file 19 "./lib/chibios/os/common/oslib/include/chmemcore.h"
 913              		.file 20 "./lib/chibios/os/hal/ports/STM32/LLD/DMAv1/stm32_dma.h"
 914              		.file 21 "./lib/chibios/os/hal/ports/STM32/LLD/GPIOv2/hal_pal_lld.h"
 915              		.file 22 "./lib/chibios/os/hal/include/hal_dac.h"
 916              		.file 23 "./lib/chibios/os/hal/ports/STM32/LLD/DACv1/hal_dac_lld.h"
 917              		.file 24 "./lib/chibios/os/hal/include/hal_gpt.h"
 918              		.file 25 "./lib/chibios/os/hal/ports/STM32/LLD/TIMv1/hal_gpt_lld.h"
 919              		.file 26 "./lib/chibios/os/hal/include/hal_i2c.h"
 920              		.file 27 "./lib/chibios/os/hal/ports/STM32/LLD/I2Cv2/hal_i2c_lld.h"
 921              		.file 28 "./lib/chibios/os/hal/include/hal_pwm.h"
 922              		.file 29 "./lib/chibios/os/hal/ports/STM32/LLD/TIMv1/hal_pwm_lld.h"
 923              		.file 30 "./lib/chibios/os/hal/include/hal_usb.h"
 924              		.file 31 "./lib/chibios/os/hal/ports/STM32/LLD/USBv1/hal_usb_lld.h"
 925              		.file 32 "tmk_core/common/keyboard.h"
 926              		.file 33 "tmk_core/common/keycode.h"
 927              		.file 34 "tmk_core/common/action_code.h"
 928              		.file 35 "tmk_core/common/action.h"
 929              		.file 36 "tmk_core/common/report.h"
 930              		.file 37 "tmk_core/common/host.h"
 931              		.file 38 "tmk_core/common/debug.h"
 932              		.file 39 "quantum/keycode_config.h"
 933              		.file 40 "quantum/quantum_keycodes.h"
 934              		.file 41 "quantum/keymap.h"
 935              		.file 42 "tmk_core/common/action_layer.h"
 936              		.file 43 "tmk_core/common/timer.h"
 937              		.file 44 "tmk_core/common/action_util.h"
 938              		.file 45 "/usr/local/Cellar/gcc-arm-none-eabi/20180627/arm-none-eabi/include/sys/lock.h"
 939              		.file 46 "/usr/local/Cellar/gcc-arm-none-eabi/20180627/arm-none-eabi/include/sys/_types.h"
 940              		.file 47 "/usr/local/Cellar/gcc-arm-none-eabi/20180627/arm-none-eabi/include/sys/reent.h"
 941              		.file 48 "/usr/local/Cellar/gcc-arm-none-eabi/20180627/arm-none-eabi/include/stdlib.h"
 942              		.file 49 "quantum/audio/luts.h"
 943              		.file 50 "/usr/local/Cellar/gcc-arm-none-eabi/20180627/arm-none-eabi/include/math.h"
 944              		.file 51 "quantum/process_keycode/process_music.h"
 945              		.file 52 "quantum/quantum.h"
 946              		.file 53 "quantum/audio/muse.h"
 947              		.file 54 "quantum/process_keycode/process_audio.h"
 948              		.file 55 "quantum/audio/audio.h"
DEFINED SYMBOLS
                            *ABS*:0000000000000000 keymap.c
/var/folders/qs/3p__ddh573j_6k2216pg8mv40000gn/T//ccRx7Z72.s:16     .text.process_record_user:0000000000000000 $t
/var/folders/qs/3p__ddh573j_6k2216pg8mv40000gn/T//ccRx7Z72.s:23     .text.process_record_user:0000000000000000 process_record_user
/var/folders/qs/3p__ddh573j_6k2216pg8mv40000gn/T//ccRx7Z72.s:45     .text.process_record_user:0000000000000010 $d
/var/folders/qs/3p__ddh573j_6k2216pg8mv40000gn/T//ccRx7Z72.s:51     .text.process_record_user:0000000000000016 $t
/var/folders/qs/3p__ddh573j_6k2216pg8mv40000gn/T//ccRx7Z72.s:147    .text.encoder_update_user:0000000000000000 $t
/var/folders/qs/3p__ddh573j_6k2216pg8mv40000gn/T//ccRx7Z72.s:154    .text.encoder_update_user:0000000000000000 encoder_update_user
/var/folders/qs/3p__ddh573j_6k2216pg8mv40000gn/T//ccRx7Z72.s:237    .text.encoder_update_user:000000000000004c $d
/var/folders/qs/3p__ddh573j_6k2216pg8mv40000gn/T//ccRx7Z72.s:245    .text.dip_switch_update_user:0000000000000000 $t
/var/folders/qs/3p__ddh573j_6k2216pg8mv40000gn/T//ccRx7Z72.s:252    .text.dip_switch_update_user:0000000000000000 dip_switch_update_user
/var/folders/qs/3p__ddh573j_6k2216pg8mv40000gn/T//ccRx7Z72.s:292    .text.dip_switch_update_user:0000000000000020 $d
/var/folders/qs/3p__ddh573j_6k2216pg8mv40000gn/T//ccRx7Z72.s:297    .text.matrix_scan_user:0000000000000000 $t
/var/folders/qs/3p__ddh573j_6k2216pg8mv40000gn/T//ccRx7Z72.s:304    .text.matrix_scan_user:0000000000000000 matrix_scan_user
/var/folders/qs/3p__ddh573j_6k2216pg8mv40000gn/T//ccRx7Z72.s:414    .text.matrix_scan_user:0000000000000088 $d
/var/folders/qs/3p__ddh573j_6k2216pg8mv40000gn/T//ccRx7Z72.s:424    .text.music_mask_user:0000000000000000 $t
/var/folders/qs/3p__ddh573j_6k2216pg8mv40000gn/T//ccRx7Z72.s:431    .text.music_mask_user:0000000000000000 music_mask_user
/var/folders/qs/3p__ddh573j_6k2216pg8mv40000gn/T//ccRx7Z72.s:526    .data.muse_tempo:0000000000000000 muse_tempo
/var/folders/qs/3p__ddh573j_6k2216pg8mv40000gn/T//ccRx7Z72.s:519    .data.muse_offset:0000000000000000 muse_offset
/var/folders/qs/3p__ddh573j_6k2216pg8mv40000gn/T//ccRx7Z72.s:507    .bss.muse_counter:0000000000000000 muse_counter
/var/folders/qs/3p__ddh573j_6k2216pg8mv40000gn/T//ccRx7Z72.s:500    .bss.last_muse_note:0000000000000000 last_muse_note
/var/folders/qs/3p__ddh573j_6k2216pg8mv40000gn/T//ccRx7Z72.s:513    .bss.muse_mode:0000000000000000 muse_mode
/var/folders/qs/3p__ddh573j_6k2216pg8mv40000gn/T//ccRx7Z72.s:532    .rodata.keymaps:0000000000000000 keymaps
/var/folders/qs/3p__ddh573j_6k2216pg8mv40000gn/T//ccRx7Z72.s:501    .bss.last_muse_note:0000000000000000 $d
/var/folders/qs/3p__ddh573j_6k2216pg8mv40000gn/T//ccRx7Z72.s:503    .bss.muse_counter:0000000000000000 $d
/var/folders/qs/3p__ddh573j_6k2216pg8mv40000gn/T//ccRx7Z72.s:514    .bss.muse_mode:0000000000000000 $d
/var/folders/qs/3p__ddh573j_6k2216pg8mv40000gn/T//ccRx7Z72.s:522    .data.muse_tempo:0000000000000000 $d
/var/folders/qs/3p__ddh573j_6k2216pg8mv40000gn/T//ccRx7Z72.s:529    .rodata.keymaps:0000000000000000 $d

UNDEFINED SYMBOLS
set_single_persistent_default_layer
layer_on
update_tri_layer
layer_off
register_code
unregister_code
layer_state
muse_clock_pulse
compute_freq_for_midi_note
stop_note
play_note
stop_all_notes
