   1              		.cpu cortex-m4
   2              		.eabi_attribute 20, 1
   3              		.eabi_attribute 21, 1
   4              		.eabi_attribute 23, 3
   5              		.eabi_attribute 24, 1
   6              		.eabi_attribute 25, 1
   7              		.eabi_attribute 26, 1
   8              		.eabi_attribute 30, 4
   9              		.eabi_attribute 34, 1
  10              		.eabi_attribute 18, 2
  11              		.file	"chcore.c"
  12              		.text
  13              	.Ltext0:
  14              		.cfi_sections	.debug_frame
  15              	.Letext0:
  16              		.file 1 "/usr/local/Cellar/gcc-arm-none-eabi/20180627/arm-none-eabi/include/machine/_default_types
  17              		.file 2 "/usr/local/Cellar/gcc-arm-none-eabi/20180627/arm-none-eabi/include/sys/_stdint.h"
  18              		.file 3 "./lib/chibios/os/common/ports/ARMCMx/compilers/GCC/chtypes.h"
  19              		.file 4 "./lib/chibios/os/rt/include/chsystypes.h"
  20              		.file 5 "./lib/chibios/os/rt/include/chschd.h"
  21              		.file 6 "./lib/chibios/os/common/ext/CMSIS/include/core_cm4.h"
  22              		.file 7 "./lib/chibios/os/common/ext/CMSIS/ST/STM32F3xx/system_stm32f3xx.h"
  23              		.file 8 "./lib/chibios/os/common/ports/ARMCMx/chcore.h"
  24              		.file 9 "./lib/chibios/os/common/ports/ARMCMx/chcore_v7m.h"
  25              		.file 10 "./lib/chibios/os/rt/include/chtm.h"
  26              		.file 11 "./lib/chibios/os/rt/include/chsem.h"
  27              		.file 12 "./lib/chibios/os/rt/include/chmtx.h"
  28              		.file 13 "./lib/chibios/os/rt/include/chsys.h"
  29              		.file 14 "./lib/chibios/os/rt/include/chregistry.h"
  30              		.file 15 "./lib/chibios/os/common/oslib/include/chmemcore.h"
DEFINED SYMBOLS
                            *ABS*:0000000000000000 chcore.c

NO UNDEFINED SYMBOLS
