   1              		.cpu cortex-m4
   2              		.eabi_attribute 20, 1
   3              		.eabi_attribute 21, 1
   4              		.eabi_attribute 23, 3
   5              		.eabi_attribute 24, 1
   6              		.eabi_attribute 25, 1
   7              		.eabi_attribute 26, 1
   8              		.eabi_attribute 30, 4
   9              		.eabi_attribute 34, 1
  10              		.eabi_attribute 18, 2
  11              		.file	"chprintf.c"
  12              		.text
  13              	.Ltext0:
  14              		.cfi_sections	.debug_frame
  15              		.section	.text.ch_ltoa,"ax",%progbits
  16              		.align	1
  17              		.syntax unified
  18              		.thumb
  19              		.thumb_func
  20              		.fpu softvfp
  22              	ch_ltoa:
  23              	.LFB280:
  24              		.file 1 "lib/chibios/os/hal/lib/streams/chprintf.c"
   1:lib/chibios/os/hal/lib/streams/chprintf.c **** /*
   2:lib/chibios/os/hal/lib/streams/chprintf.c ****     ChibiOS - Copyright (C) 2006..2016 Giovanni Di Sirio
   3:lib/chibios/os/hal/lib/streams/chprintf.c **** 
   4:lib/chibios/os/hal/lib/streams/chprintf.c ****     Licensed under the Apache License, Version 2.0 (the "License");
   5:lib/chibios/os/hal/lib/streams/chprintf.c ****     you may not use this file except in compliance with the License.
   6:lib/chibios/os/hal/lib/streams/chprintf.c ****     You may obtain a copy of the License at
   7:lib/chibios/os/hal/lib/streams/chprintf.c **** 
   8:lib/chibios/os/hal/lib/streams/chprintf.c ****         http://www.apache.org/licenses/LICENSE-2.0
   9:lib/chibios/os/hal/lib/streams/chprintf.c **** 
  10:lib/chibios/os/hal/lib/streams/chprintf.c ****     Unless required by applicable law or agreed to in writing, software
  11:lib/chibios/os/hal/lib/streams/chprintf.c ****     distributed under the License is distributed on an "AS IS" BASIS,
  12:lib/chibios/os/hal/lib/streams/chprintf.c ****     WITHOUT WARRANTIES OR CONDITIONS OF ANY KIND, either express or implied.
  13:lib/chibios/os/hal/lib/streams/chprintf.c ****     See the License for the specific language governing permissions and
  14:lib/chibios/os/hal/lib/streams/chprintf.c ****     limitations under the License.
  15:lib/chibios/os/hal/lib/streams/chprintf.c **** */
  16:lib/chibios/os/hal/lib/streams/chprintf.c **** 
  17:lib/chibios/os/hal/lib/streams/chprintf.c **** /*
  18:lib/chibios/os/hal/lib/streams/chprintf.c ****    Concepts and parts of this file have been contributed by Fabio Utzig,
  19:lib/chibios/os/hal/lib/streams/chprintf.c ****    chvprintf() added by Brent Roman.
  20:lib/chibios/os/hal/lib/streams/chprintf.c ****  */
  21:lib/chibios/os/hal/lib/streams/chprintf.c **** 
  22:lib/chibios/os/hal/lib/streams/chprintf.c **** /**
  23:lib/chibios/os/hal/lib/streams/chprintf.c ****  * @file    chprintf.c
  24:lib/chibios/os/hal/lib/streams/chprintf.c ****  * @brief   Mini printf-like functionality.
  25:lib/chibios/os/hal/lib/streams/chprintf.c ****  *
  26:lib/chibios/os/hal/lib/streams/chprintf.c ****  * @addtogroup chprintf
  27:lib/chibios/os/hal/lib/streams/chprintf.c ****  * @{
  28:lib/chibios/os/hal/lib/streams/chprintf.c ****  */
  29:lib/chibios/os/hal/lib/streams/chprintf.c **** 
  30:lib/chibios/os/hal/lib/streams/chprintf.c **** #include "hal.h"
  31:lib/chibios/os/hal/lib/streams/chprintf.c **** #include "chprintf.h"
  32:lib/chibios/os/hal/lib/streams/chprintf.c **** #include "memstreams.h"
  33:lib/chibios/os/hal/lib/streams/chprintf.c **** 
  34:lib/chibios/os/hal/lib/streams/chprintf.c **** #define MAX_FILLER 11
  35:lib/chibios/os/hal/lib/streams/chprintf.c **** #define FLOAT_PRECISION 9
  36:lib/chibios/os/hal/lib/streams/chprintf.c **** 
  37:lib/chibios/os/hal/lib/streams/chprintf.c **** static char *long_to_string_with_divisor(char *p,
  38:lib/chibios/os/hal/lib/streams/chprintf.c ****                                          long num,
  39:lib/chibios/os/hal/lib/streams/chprintf.c ****                                          unsigned radix,
  40:lib/chibios/os/hal/lib/streams/chprintf.c ****                                          long divisor) {
  41:lib/chibios/os/hal/lib/streams/chprintf.c ****   int i;
  42:lib/chibios/os/hal/lib/streams/chprintf.c ****   char *q;
  43:lib/chibios/os/hal/lib/streams/chprintf.c ****   long l, ll;
  44:lib/chibios/os/hal/lib/streams/chprintf.c **** 
  45:lib/chibios/os/hal/lib/streams/chprintf.c ****   l = num;
  46:lib/chibios/os/hal/lib/streams/chprintf.c ****   if (divisor == 0) {
  47:lib/chibios/os/hal/lib/streams/chprintf.c ****     ll = num;
  48:lib/chibios/os/hal/lib/streams/chprintf.c ****   } else {
  49:lib/chibios/os/hal/lib/streams/chprintf.c ****     ll = divisor;
  50:lib/chibios/os/hal/lib/streams/chprintf.c ****   }
  51:lib/chibios/os/hal/lib/streams/chprintf.c **** 
  52:lib/chibios/os/hal/lib/streams/chprintf.c ****   q = p + MAX_FILLER;
  53:lib/chibios/os/hal/lib/streams/chprintf.c ****   do {
  54:lib/chibios/os/hal/lib/streams/chprintf.c ****     i = (int)(l % radix);
  55:lib/chibios/os/hal/lib/streams/chprintf.c ****     i += '0';
  56:lib/chibios/os/hal/lib/streams/chprintf.c ****     if (i > '9')
  57:lib/chibios/os/hal/lib/streams/chprintf.c ****       i += 'A' - '0' - 10;
  58:lib/chibios/os/hal/lib/streams/chprintf.c ****     *--q = i;
  59:lib/chibios/os/hal/lib/streams/chprintf.c ****     l /= radix;
  60:lib/chibios/os/hal/lib/streams/chprintf.c ****   } while ((ll /= radix) != 0);
  61:lib/chibios/os/hal/lib/streams/chprintf.c **** 
  62:lib/chibios/os/hal/lib/streams/chprintf.c ****   i = (int)(p + MAX_FILLER - q);
  63:lib/chibios/os/hal/lib/streams/chprintf.c ****   do
  64:lib/chibios/os/hal/lib/streams/chprintf.c ****     *p++ = *q++;
  65:lib/chibios/os/hal/lib/streams/chprintf.c ****   while (--i);
  66:lib/chibios/os/hal/lib/streams/chprintf.c **** 
  67:lib/chibios/os/hal/lib/streams/chprintf.c ****   return p;
  68:lib/chibios/os/hal/lib/streams/chprintf.c **** }
  69:lib/chibios/os/hal/lib/streams/chprintf.c **** 
  70:lib/chibios/os/hal/lib/streams/chprintf.c **** static char *ch_ltoa(char *p, long num, unsigned radix) {
  25              		.loc 1 70 0
  26              		.cfi_startproc
  27              		@ args = 0, pretend = 0, frame = 0
  28              		@ frame_needed = 0, uses_anonymous_args = 0
  29              	.LVL0:
  30 0000 70B5     		push	{r4, r5, r6, lr}
  31              		.cfi_def_cfa_offset 16
  32              		.cfi_offset 4, -16
  33              		.cfi_offset 5, -12
  34              		.cfi_offset 6, -8
  35              		.cfi_offset 14, -4
  36              	.LBB4:
  37              	.LBB5:
  52:lib/chibios/os/hal/lib/streams/chprintf.c ****   do {
  38              		.loc 1 52 0
  39 0002 00F10B04 		add	r4, r0, #11
  40              	.LVL1:
  41 0006 2346     		mov	r3, r4
  42              	.LVL2:
  43              	.L3:
  54:lib/chibios/os/hal/lib/streams/chprintf.c ****     i += '0';
  44              		.loc 1 54 0
  45 0008 B1FBF2F6 		udiv	r6, r1, r2
  46 000c 02FB1611 		mls	r1, r2, r6, r1
  47              	.LVL3:
  55:lib/chibios/os/hal/lib/streams/chprintf.c ****     if (i > '9')
  48              		.loc 1 55 0
  49 0010 01F13005 		add	r5, r1, #48
  50              	.LVL4:
  56:lib/chibios/os/hal/lib/streams/chprintf.c ****       i += 'A' - '0' - 10;
  51              		.loc 1 56 0
  52 0014 392D     		cmp	r5, #57
  57:lib/chibios/os/hal/lib/streams/chprintf.c ****     *--q = i;
  53              		.loc 1 57 0
  54 0016 C8BF     		it	gt
  55 0018 01F13705 		addgt	r5, r1, #55
  56              	.LVL5:
  58:lib/chibios/os/hal/lib/streams/chprintf.c ****     l /= radix;
  57              		.loc 1 58 0
  58 001c 03F8015D 		strb	r5, [r3, #-1]!
  59              	.LVL6:
  59:lib/chibios/os/hal/lib/streams/chprintf.c ****   } while ((ll /= radix) != 0);
  60              		.loc 1 59 0
  61 0020 3146     		mov	r1, r6
  62              	.LVL7:
  60:lib/chibios/os/hal/lib/streams/chprintf.c **** 
  63              		.loc 1 60 0
  64 0022 002E     		cmp	r6, #0
  65 0024 F0D1     		bne	.L3
  66              	.LVL8:
  62:lib/chibios/os/hal/lib/streams/chprintf.c ****   do
  67              		.loc 1 62 0
  68 0026 E21A     		subs	r2, r4, r3
  69              	.LVL9:
  70 0028 411E     		subs	r1, r0, #1
  71              	.LVL10:
  72 002a 9C18     		adds	r4, r3, r2
  73              	.LVL11:
  74              	.L4:
  64:lib/chibios/os/hal/lib/streams/chprintf.c ****   while (--i);
  75              		.loc 1 64 0
  76 002c 13F8015B 		ldrb	r5, [r3], #1	@ zero_extendqisi2
  77              	.LVL12:
  78 0030 01F8015F 		strb	r5, [r1, #1]!
  65:lib/chibios/os/hal/lib/streams/chprintf.c **** 
  79              		.loc 1 65 0
  80 0034 9C42     		cmp	r4, r3
  81 0036 F9D1     		bne	.L4
  82              	.LVL13:
  83              	.LBE5:
  84              	.LBE4:
  71:lib/chibios/os/hal/lib/streams/chprintf.c **** 
  72:lib/chibios/os/hal/lib/streams/chprintf.c ****   return long_to_string_with_divisor(p, num, radix, 0);
  73:lib/chibios/os/hal/lib/streams/chprintf.c **** }
  85              		.loc 1 73 0
  86 0038 1044     		add	r0, r0, r2
  87              	.LVL14:
  88 003a 70BD     		pop	{r4, r5, r6, pc}
  89              		.cfi_endproc
  90              	.LFE280:
  92              		.section	.text.chvprintf,"ax",%progbits
  93              		.align	1
  94              		.global	chvprintf
  95              		.syntax unified
  96              		.thumb
  97              		.thumb_func
  98              		.fpu softvfp
 100              	chvprintf:
 101              	.LFB281:
  74:lib/chibios/os/hal/lib/streams/chprintf.c **** 
  75:lib/chibios/os/hal/lib/streams/chprintf.c **** #if CHPRINTF_USE_FLOAT
  76:lib/chibios/os/hal/lib/streams/chprintf.c **** static const long pow10[FLOAT_PRECISION] = {
  77:lib/chibios/os/hal/lib/streams/chprintf.c ****     10, 100, 1000, 10000, 100000, 1000000, 10000000, 100000000, 1000000000
  78:lib/chibios/os/hal/lib/streams/chprintf.c **** };
  79:lib/chibios/os/hal/lib/streams/chprintf.c **** 
  80:lib/chibios/os/hal/lib/streams/chprintf.c **** static char *ftoa(char *p, double num, unsigned long precision) {
  81:lib/chibios/os/hal/lib/streams/chprintf.c ****   long l;
  82:lib/chibios/os/hal/lib/streams/chprintf.c **** 
  83:lib/chibios/os/hal/lib/streams/chprintf.c ****   if ((precision == 0) || (precision > FLOAT_PRECISION))
  84:lib/chibios/os/hal/lib/streams/chprintf.c ****     precision = FLOAT_PRECISION;
  85:lib/chibios/os/hal/lib/streams/chprintf.c ****   precision = pow10[precision - 1];
  86:lib/chibios/os/hal/lib/streams/chprintf.c **** 
  87:lib/chibios/os/hal/lib/streams/chprintf.c ****   l = (long)num;
  88:lib/chibios/os/hal/lib/streams/chprintf.c ****   p = long_to_string_with_divisor(p, l, 10, 0);
  89:lib/chibios/os/hal/lib/streams/chprintf.c ****   *p++ = '.';
  90:lib/chibios/os/hal/lib/streams/chprintf.c ****   l = (long)((num - l) * precision);
  91:lib/chibios/os/hal/lib/streams/chprintf.c ****   return long_to_string_with_divisor(p, l, 10, precision / 10);
  92:lib/chibios/os/hal/lib/streams/chprintf.c **** }
  93:lib/chibios/os/hal/lib/streams/chprintf.c **** #endif
  94:lib/chibios/os/hal/lib/streams/chprintf.c **** 
  95:lib/chibios/os/hal/lib/streams/chprintf.c **** /**
  96:lib/chibios/os/hal/lib/streams/chprintf.c ****  * @brief   System formatted output function.
  97:lib/chibios/os/hal/lib/streams/chprintf.c ****  * @details This function implements a minimal @p vprintf()-like functionality
  98:lib/chibios/os/hal/lib/streams/chprintf.c ****  *          with output on a @p BaseSequentialStream.
  99:lib/chibios/os/hal/lib/streams/chprintf.c ****  *          The general parameters format is: %[-][width|*][.precision|*][l|L]p.
 100:lib/chibios/os/hal/lib/streams/chprintf.c ****  *          The following parameter types (p) are supported:
 101:lib/chibios/os/hal/lib/streams/chprintf.c ****  *          - <b>x</b> hexadecimal integer.
 102:lib/chibios/os/hal/lib/streams/chprintf.c ****  *          - <b>X</b> hexadecimal long.
 103:lib/chibios/os/hal/lib/streams/chprintf.c ****  *          - <b>o</b> octal integer.
 104:lib/chibios/os/hal/lib/streams/chprintf.c ****  *          - <b>O</b> octal long.
 105:lib/chibios/os/hal/lib/streams/chprintf.c ****  *          - <b>d</b> decimal signed integer.
 106:lib/chibios/os/hal/lib/streams/chprintf.c ****  *          - <b>D</b> decimal signed long.
 107:lib/chibios/os/hal/lib/streams/chprintf.c ****  *          - <b>u</b> decimal unsigned integer.
 108:lib/chibios/os/hal/lib/streams/chprintf.c ****  *          - <b>U</b> decimal unsigned long.
 109:lib/chibios/os/hal/lib/streams/chprintf.c ****  *          - <b>c</b> character.
 110:lib/chibios/os/hal/lib/streams/chprintf.c ****  *          - <b>s</b> string.
 111:lib/chibios/os/hal/lib/streams/chprintf.c ****  *          .
 112:lib/chibios/os/hal/lib/streams/chprintf.c ****  *
 113:lib/chibios/os/hal/lib/streams/chprintf.c ****  * @param[in] chp       pointer to a @p BaseSequentialStream implementing object
 114:lib/chibios/os/hal/lib/streams/chprintf.c ****  * @param[in] fmt       formatting string
 115:lib/chibios/os/hal/lib/streams/chprintf.c ****  * @param[in] ap        list of parameters
 116:lib/chibios/os/hal/lib/streams/chprintf.c ****  * @return              The number of bytes that would have been
 117:lib/chibios/os/hal/lib/streams/chprintf.c ****  *                      written to @p chp if no stream error occurs
 118:lib/chibios/os/hal/lib/streams/chprintf.c ****  *
 119:lib/chibios/os/hal/lib/streams/chprintf.c ****  * @api
 120:lib/chibios/os/hal/lib/streams/chprintf.c ****  */
 121:lib/chibios/os/hal/lib/streams/chprintf.c **** int chvprintf(BaseSequentialStream *chp, const char *fmt, va_list ap) {
 102              		.loc 1 121 0
 103              		.cfi_startproc
 104              		@ args = 0, pretend = 0, frame = 24
 105              		@ frame_needed = 0, uses_anonymous_args = 0
 106              	.LVL15:
 107 0000 2DE9F04F 		push	{r4, r5, r6, r7, r8, r9, r10, fp, lr}
 108              		.cfi_def_cfa_offset 36
 109              		.cfi_offset 4, -36
 110              		.cfi_offset 5, -32
 111              		.cfi_offset 6, -28
 112              		.cfi_offset 7, -24
 113              		.cfi_offset 8, -20
 114              		.cfi_offset 9, -16
 115              		.cfi_offset 10, -12
 116              		.cfi_offset 11, -8
 117              		.cfi_offset 14, -4
 118 0004 0B46     		mov	r3, r1
 119 0006 87B0     		sub	sp, sp, #28
 120              		.cfi_def_cfa_offset 64
 121              		.loc 1 121 0
 122 0008 8046     		mov	r8, r0
 123 000a 1546     		mov	r5, r2
 124              	.LVL16:
 122:lib/chibios/os/hal/lib/streams/chprintf.c ****   char *p, *s, c, filler;
 123:lib/chibios/os/hal/lib/streams/chprintf.c ****   int i, precision, width;
 124:lib/chibios/os/hal/lib/streams/chprintf.c ****   int n = 0;
 125              		.loc 1 124 0
 126 000c 4FF00009 		mov	r9, #0
 127              	.LVL17:
 128              	.L8:
 125:lib/chibios/os/hal/lib/streams/chprintf.c ****   bool is_long, left_align;
 126:lib/chibios/os/hal/lib/streams/chprintf.c ****   long l;
 127:lib/chibios/os/hal/lib/streams/chprintf.c **** #if CHPRINTF_USE_FLOAT
 128:lib/chibios/os/hal/lib/streams/chprintf.c ****   float f;
 129:lib/chibios/os/hal/lib/streams/chprintf.c ****   char tmpbuf[2*MAX_FILLER + 1];
 130:lib/chibios/os/hal/lib/streams/chprintf.c **** #else
 131:lib/chibios/os/hal/lib/streams/chprintf.c ****   char tmpbuf[MAX_FILLER + 1];
 132:lib/chibios/os/hal/lib/streams/chprintf.c **** #endif
 133:lib/chibios/os/hal/lib/streams/chprintf.c **** 
 134:lib/chibios/os/hal/lib/streams/chprintf.c ****   while (true) {
 135:lib/chibios/os/hal/lib/streams/chprintf.c ****     c = *fmt++;
 129              		.loc 1 135 0
 130 0010 1978     		ldrb	r1, [r3]	@ zero_extendqisi2
 131 0012 5E1C     		adds	r6, r3, #1
 132              	.LVL18:
 136:lib/chibios/os/hal/lib/streams/chprintf.c ****     if (c == 0)
 133              		.loc 1 136 0
 134 0014 0029     		cmp	r1, #0
 135 0016 00F00781 		beq	.L138
 137:lib/chibios/os/hal/lib/streams/chprintf.c ****       return n;
 138:lib/chibios/os/hal/lib/streams/chprintf.c ****     if (c != '%') {
 136              		.loc 1 138 0
 137 001a 2529     		cmp	r1, #37
 138 001c 07D0     		beq	.L10
 139:lib/chibios/os/hal/lib/streams/chprintf.c ****       streamPut(chp, (uint8_t)c);
 139              		.loc 1 139 0
 140 001e D8F80030 		ldr	r3, [r8]
 141 0022 4046     		mov	r0, r8
 142 0024 9B68     		ldr	r3, [r3, #8]
 143 0026 9847     		blx	r3
 144              	.LVL19:
 140:lib/chibios/os/hal/lib/streams/chprintf.c ****       n++;
 145              		.loc 1 140 0
 146 0028 09F10109 		add	r9, r9, #1
 147              	.LVL20:
 141:lib/chibios/os/hal/lib/streams/chprintf.c ****       continue;
 148              		.loc 1 141 0
 149 002c C4E0     		b	.L11
 150              	.LVL21:
 151              	.L10:
 142:lib/chibios/os/hal/lib/streams/chprintf.c ****     }
 143:lib/chibios/os/hal/lib/streams/chprintf.c ****     p = tmpbuf;
 144:lib/chibios/os/hal/lib/streams/chprintf.c ****     s = tmpbuf;
 145:lib/chibios/os/hal/lib/streams/chprintf.c ****     left_align = FALSE;
 146:lib/chibios/os/hal/lib/streams/chprintf.c ****     if (*fmt == '-') {
 152              		.loc 1 146 0
 153 002e 5A78     		ldrb	r2, [r3, #1]	@ zero_extendqisi2
 154              	.LVL22:
 155 0030 2D2A     		cmp	r2, #45
 147:lib/chibios/os/hal/lib/streams/chprintf.c ****       fmt++;
 156              		.loc 1 147 0
 157 0032 0CBF     		ite	eq
 158 0034 9E1C     		addeq	r6, r3, #2
 159              	.LVL23:
 145:lib/chibios/os/hal/lib/streams/chprintf.c ****     if (*fmt == '-') {
 160              		.loc 1 145 0
 161 0036 0023     		movne	r3, #0
 148:lib/chibios/os/hal/lib/streams/chprintf.c ****       left_align = TRUE;
 149:lib/chibios/os/hal/lib/streams/chprintf.c ****     }
 150:lib/chibios/os/hal/lib/streams/chprintf.c ****     filler = ' ';
 151:lib/chibios/os/hal/lib/streams/chprintf.c ****     if (*fmt == '0') {
 162              		.loc 1 151 0
 163 0038 3778     		ldrb	r7, [r6]	@ zero_extendqisi2
 148:lib/chibios/os/hal/lib/streams/chprintf.c ****       left_align = TRUE;
 164              		.loc 1 148 0
 165 003a 08BF     		it	eq
 166 003c 0123     		moveq	r3, #1
 167              		.loc 1 151 0
 168 003e 302F     		cmp	r7, #48
 145:lib/chibios/os/hal/lib/streams/chprintf.c ****     if (*fmt == '-') {
 169              		.loc 1 145 0
 170 0040 0193     		str	r3, [sp, #4]
 171              	.LVL24:
 172 0042 0CBF     		ite	eq
 173 0044 0136     		addeq	r6, r6, #1
 174              	.LVL25:
 150:lib/chibios/os/hal/lib/streams/chprintf.c ****     if (*fmt == '0') {
 175              		.loc 1 150 0
 176 0046 2027     		movne	r7, #32
 177              	.LVL26:
 152:lib/chibios/os/hal/lib/streams/chprintf.c ****       fmt++;
 153:lib/chibios/os/hal/lib/streams/chprintf.c ****       filler = '0';
 154:lib/chibios/os/hal/lib/streams/chprintf.c ****     }
 155:lib/chibios/os/hal/lib/streams/chprintf.c ****     width = 0;
 178              		.loc 1 155 0
 179 0048 4FF0000B 		mov	fp, #0
 180              	.LVL27:
 181              	.L16:
 156:lib/chibios/os/hal/lib/streams/chprintf.c ****     while (TRUE) {
 157:lib/chibios/os/hal/lib/streams/chprintf.c ****       c = *fmt++;
 182              		.loc 1 157 0
 183 004c 16F8012B 		ldrb	r2, [r6], #1	@ zero_extendqisi2
 184              	.LVL28:
 158:lib/chibios/os/hal/lib/streams/chprintf.c ****       if (c >= '0' && c <= '9')
 185              		.loc 1 158 0
 186 0050 A2F13001 		sub	r1, r2, #48
 187 0054 C9B2     		uxtb	r1, r1
 188 0056 0929     		cmp	r1, #9
 189 0058 03D9     		bls	.L14
 159:lib/chibios/os/hal/lib/streams/chprintf.c ****         c -= '0';
 160:lib/chibios/os/hal/lib/streams/chprintf.c ****       else if (c == '*')
 190              		.loc 1 160 0
 191 005a 2A2A     		cmp	r2, #42
 192 005c 05D1     		bne	.L15
 193              	.LVL29:
 161:lib/chibios/os/hal/lib/streams/chprintf.c ****         c = va_arg(ap, int);
 194              		.loc 1 161 0
 195 005e 2978     		ldrb	r1, [r5]	@ zero_extendqisi2
 196              	.LVL30:
 197 0060 0435     		adds	r5, r5, #4
 198              	.LVL31:
 199              	.L14:
 162:lib/chibios/os/hal/lib/streams/chprintf.c ****       else
 163:lib/chibios/os/hal/lib/streams/chprintf.c ****         break;
 164:lib/chibios/os/hal/lib/streams/chprintf.c ****       width = width * 10 + c;
 200              		.loc 1 164 0
 201 0062 0A23     		movs	r3, #10
 202 0064 03FB0B1B 		mla	fp, r3, fp, r1
 203              	.LVL32:
 157:lib/chibios/os/hal/lib/streams/chprintf.c ****       if (c >= '0' && c <= '9')
 204              		.loc 1 157 0
 205 0068 F0E7     		b	.L16
 206              	.LVL33:
 207              	.L15:
 165:lib/chibios/os/hal/lib/streams/chprintf.c ****     }
 166:lib/chibios/os/hal/lib/streams/chprintf.c ****     precision = 0;
 167:lib/chibios/os/hal/lib/streams/chprintf.c ****     if (c == '.') {
 208              		.loc 1 167 0
 209 006a 2E2A     		cmp	r2, #46
 166:lib/chibios/os/hal/lib/streams/chprintf.c ****     if (c == '.') {
 210              		.loc 1 166 0
 211 006c 4FF00001 		mov	r1, #0
 212              		.loc 1 167 0
 213 0070 0ED1     		bne	.L17
 214              	.LVL34:
 215              	.L19:
 168:lib/chibios/os/hal/lib/streams/chprintf.c ****       while (TRUE) {
 169:lib/chibios/os/hal/lib/streams/chprintf.c ****         c = *fmt++;
 216              		.loc 1 169 0
 217 0072 16F8012B 		ldrb	r2, [r6], #1	@ zero_extendqisi2
 218              	.LVL35:
 170:lib/chibios/os/hal/lib/streams/chprintf.c ****         if (c >= '0' && c <= '9')
 219              		.loc 1 170 0
 220 0076 A2F13000 		sub	r0, r2, #48
 221 007a C0B2     		uxtb	r0, r0
 222 007c 0928     		cmp	r0, #9
 223 007e 03D9     		bls	.L18
 171:lib/chibios/os/hal/lib/streams/chprintf.c ****           c -= '0';
 172:lib/chibios/os/hal/lib/streams/chprintf.c ****         else if (c == '*')
 224              		.loc 1 172 0
 225 0080 2A2A     		cmp	r2, #42
 226 0082 05D1     		bne	.L17
 227              	.LVL36:
 173:lib/chibios/os/hal/lib/streams/chprintf.c ****           c = va_arg(ap, int);
 228              		.loc 1 173 0
 229 0084 2878     		ldrb	r0, [r5]	@ zero_extendqisi2
 230              	.LVL37:
 231 0086 0435     		adds	r5, r5, #4
 232              	.LVL38:
 233              	.L18:
 174:lib/chibios/os/hal/lib/streams/chprintf.c ****         else
 175:lib/chibios/os/hal/lib/streams/chprintf.c ****           break;
 176:lib/chibios/os/hal/lib/streams/chprintf.c ****         precision *= 10;
 177:lib/chibios/os/hal/lib/streams/chprintf.c ****         precision += c;
 234              		.loc 1 177 0
 235 0088 0A23     		movs	r3, #10
 236 008a 03FB0101 		mla	r1, r3, r1, r0
 237              	.LVL39:
 169:lib/chibios/os/hal/lib/streams/chprintf.c ****         if (c >= '0' && c <= '9')
 238              		.loc 1 169 0
 239 008e F0E7     		b	.L19
 240              	.LVL40:
 241              	.L17:
 178:lib/chibios/os/hal/lib/streams/chprintf.c ****       }
 179:lib/chibios/os/hal/lib/streams/chprintf.c ****     }
 180:lib/chibios/os/hal/lib/streams/chprintf.c ****     /* Long modifier.*/
 181:lib/chibios/os/hal/lib/streams/chprintf.c ****     if (c == 'l' || c == 'L') {
 242              		.loc 1 181 0
 243 0090 02F0DF00 		and	r0, r2, #223
 244 0094 4C28     		cmp	r0, #76
 245 0096 10D1     		bne	.L20
 246              	.LVL41:
 182:lib/chibios/os/hal/lib/streams/chprintf.c ****       is_long = TRUE;
 183:lib/chibios/os/hal/lib/streams/chprintf.c ****       if (*fmt)
 247              		.loc 1 183 0
 248 0098 3078     		ldrb	r0, [r6]	@ zero_extendqisi2
 249 009a 08B1     		cbz	r0, .L21
 250 009c 0136     		adds	r6, r6, #1
 251              	.LVL42:
 252 009e 0246     		mov	r2, r0
 253              	.LVL43:
 254              	.L21:
 184:lib/chibios/os/hal/lib/streams/chprintf.c ****         c = *fmt++;
 185:lib/chibios/os/hal/lib/streams/chprintf.c ****     }
 186:lib/chibios/os/hal/lib/streams/chprintf.c ****     else
 187:lib/chibios/os/hal/lib/streams/chprintf.c ****       is_long = (c >= 'A') && (c <= 'Z');
 188:lib/chibios/os/hal/lib/streams/chprintf.c **** 
 189:lib/chibios/os/hal/lib/streams/chprintf.c ****     /* Command decoding.*/
 190:lib/chibios/os/hal/lib/streams/chprintf.c ****     switch (c) {
 255              		.loc 1 190 0
 256 00a0 632A     		cmp	r2, #99
 257 00a2 25D0     		beq	.L23
 258 00a4 00F29B80 		bhi	.L48
 259 00a8 4F2A     		cmp	r2, #79
 260 00aa 71D0     		beq	.L25
 261 00ac 00F29080 		bhi	.L49
 262 00b0 442A     		cmp	r2, #68
 263 00b2 2CD0     		beq	.L37
 264 00b4 492A     		cmp	r2, #73
 265              	.L145:
 266 00b6 0ED1     		bne	.L22
 267 00b8 29E0     		b	.L37
 268              	.LVL44:
 269              	.L20:
 187:lib/chibios/os/hal/lib/streams/chprintf.c **** 
 270              		.loc 1 187 0
 271 00ba A2F14100 		sub	r0, r2, #65
 272              		.loc 1 190 0
 273 00be 632A     		cmp	r2, #99
 187:lib/chibios/os/hal/lib/streams/chprintf.c **** 
 274              		.loc 1 187 0
 275 00c0 C0B2     		uxtb	r0, r0
 276              	.LVL45:
 277              		.loc 1 190 0
 278 00c2 15D0     		beq	.L23
 279 00c4 0CD8     		bhi	.L24
 280 00c6 4F2A     		cmp	r2, #79
 281 00c8 62D0     		beq	.L25
 282 00ca 00F28180 		bhi	.L49
 283 00ce 442A     		cmp	r2, #68
 284 00d0 18D0     		beq	.L27
 285 00d2 492A     		cmp	r2, #73
 286              	.L143:
 287 00d4 16D0     		beq	.L27
 288              	.LVL46:
 289              	.L22:
 191:lib/chibios/os/hal/lib/streams/chprintf.c ****     case 'c':
 192:lib/chibios/os/hal/lib/streams/chprintf.c ****       filler = ' ';
 193:lib/chibios/os/hal/lib/streams/chprintf.c ****       *p++ = va_arg(ap, int);
 194:lib/chibios/os/hal/lib/streams/chprintf.c ****       break;
 195:lib/chibios/os/hal/lib/streams/chprintf.c ****     case 's':
 196:lib/chibios/os/hal/lib/streams/chprintf.c ****       filler = ' ';
 197:lib/chibios/os/hal/lib/streams/chprintf.c ****       if ((s = va_arg(ap, char *)) == 0)
 198:lib/chibios/os/hal/lib/streams/chprintf.c ****         s = "(null)";
 199:lib/chibios/os/hal/lib/streams/chprintf.c ****       if (precision == 0)
 200:lib/chibios/os/hal/lib/streams/chprintf.c ****         precision = 32767;
 201:lib/chibios/os/hal/lib/streams/chprintf.c ****       for (p = s; *p && (--precision >= 0); p++)
 202:lib/chibios/os/hal/lib/streams/chprintf.c ****         ;
 203:lib/chibios/os/hal/lib/streams/chprintf.c ****       break;
 204:lib/chibios/os/hal/lib/streams/chprintf.c ****     case 'D':
 205:lib/chibios/os/hal/lib/streams/chprintf.c ****     case 'd':
 206:lib/chibios/os/hal/lib/streams/chprintf.c ****     case 'I':
 207:lib/chibios/os/hal/lib/streams/chprintf.c ****     case 'i':
 208:lib/chibios/os/hal/lib/streams/chprintf.c ****       if (is_long)
 209:lib/chibios/os/hal/lib/streams/chprintf.c ****         l = va_arg(ap, long);
 210:lib/chibios/os/hal/lib/streams/chprintf.c ****       else
 211:lib/chibios/os/hal/lib/streams/chprintf.c ****         l = va_arg(ap, int);
 212:lib/chibios/os/hal/lib/streams/chprintf.c ****       if (l < 0) {
 213:lib/chibios/os/hal/lib/streams/chprintf.c ****         *p++ = '-';
 214:lib/chibios/os/hal/lib/streams/chprintf.c ****         l = -l;
 215:lib/chibios/os/hal/lib/streams/chprintf.c ****       }
 216:lib/chibios/os/hal/lib/streams/chprintf.c ****       p = ch_ltoa(p, l, 10);
 217:lib/chibios/os/hal/lib/streams/chprintf.c ****       break;
 218:lib/chibios/os/hal/lib/streams/chprintf.c **** #if CHPRINTF_USE_FLOAT
 219:lib/chibios/os/hal/lib/streams/chprintf.c ****     case 'f':
 220:lib/chibios/os/hal/lib/streams/chprintf.c ****       f = (float) va_arg(ap, double);
 221:lib/chibios/os/hal/lib/streams/chprintf.c ****       if (f < 0) {
 222:lib/chibios/os/hal/lib/streams/chprintf.c ****         *p++ = '-';
 223:lib/chibios/os/hal/lib/streams/chprintf.c ****         f = -f;
 224:lib/chibios/os/hal/lib/streams/chprintf.c ****       }
 225:lib/chibios/os/hal/lib/streams/chprintf.c ****       p = ftoa(p, f, precision);
 226:lib/chibios/os/hal/lib/streams/chprintf.c ****       break;
 227:lib/chibios/os/hal/lib/streams/chprintf.c **** #endif
 228:lib/chibios/os/hal/lib/streams/chprintf.c ****     case 'X':
 229:lib/chibios/os/hal/lib/streams/chprintf.c ****     case 'x':
 230:lib/chibios/os/hal/lib/streams/chprintf.c ****       c = 16;
 231:lib/chibios/os/hal/lib/streams/chprintf.c ****       goto unsigned_common;
 232:lib/chibios/os/hal/lib/streams/chprintf.c ****     case 'U':
 233:lib/chibios/os/hal/lib/streams/chprintf.c ****     case 'u':
 234:lib/chibios/os/hal/lib/streams/chprintf.c ****       c = 10;
 235:lib/chibios/os/hal/lib/streams/chprintf.c ****       goto unsigned_common;
 236:lib/chibios/os/hal/lib/streams/chprintf.c ****     case 'O':
 237:lib/chibios/os/hal/lib/streams/chprintf.c ****     case 'o':
 238:lib/chibios/os/hal/lib/streams/chprintf.c ****       c = 8;
 239:lib/chibios/os/hal/lib/streams/chprintf.c **** unsigned_common:
 240:lib/chibios/os/hal/lib/streams/chprintf.c ****       if (is_long)
 241:lib/chibios/os/hal/lib/streams/chprintf.c ****         l = va_arg(ap, unsigned long);
 242:lib/chibios/os/hal/lib/streams/chprintf.c ****       else
 243:lib/chibios/os/hal/lib/streams/chprintf.c ****         l = va_arg(ap, unsigned int);
 244:lib/chibios/os/hal/lib/streams/chprintf.c ****       p = ch_ltoa(p, l, c);
 245:lib/chibios/os/hal/lib/streams/chprintf.c ****       break;
 246:lib/chibios/os/hal/lib/streams/chprintf.c ****     default:
 247:lib/chibios/os/hal/lib/streams/chprintf.c ****       *p++ = c;
 290              		.loc 1 247 0
 291 00d6 06AC     		add	r4, sp, #24
 248:lib/chibios/os/hal/lib/streams/chprintf.c ****       break;
 292              		.loc 1 248 0
 293 00d8 AA46     		mov	r10, r5
 247:lib/chibios/os/hal/lib/streams/chprintf.c ****       break;
 294              		.loc 1 247 0
 295 00da 04F80C2D 		strb	r2, [r4, #-12]!
 296 00de 0EE0     		b	.L147
 297              	.LVL47:
 298              	.L24:
 190:lib/chibios/os/hal/lib/streams/chprintf.c ****     case 'c':
 299              		.loc 1 190 0
 300 00e0 6F2A     		cmp	r2, #111
 301 00e2 55D0     		beq	.L25
 302 00e4 00F28280 		bhi	.L50
 303 00e8 642A     		cmp	r2, #100
 304 00ea 0BD0     		beq	.L27
 305 00ec 692A     		cmp	r2, #105
 306 00ee F1E7     		b	.L143
 307              	.LVL48:
 308              	.L23:
 193:lib/chibios/os/hal/lib/streams/chprintf.c ****       break;
 309              		.loc 1 193 0
 310 00f0 06AC     		add	r4, sp, #24
 311 00f2 2A68     		ldr	r2, [r5]
 312              	.LVL49:
 313 00f4 04F80C2D 		strb	r2, [r4, #-12]!
 314 00f8 05F1040A 		add	r10, r5, #4
 315              	.LVL50:
 192:lib/chibios/os/hal/lib/streams/chprintf.c ****       *p++ = va_arg(ap, int);
 316              		.loc 1 192 0
 317 00fc 2027     		movs	r7, #32
 318              	.LVL51:
 319              	.L147:
 247:lib/chibios/os/hal/lib/streams/chprintf.c ****       break;
 320              		.loc 1 247 0
 321 00fe 0DF10D00 		add	r0, sp, #13
 322              	.LVL52:
 323              		.loc 1 248 0
 324 0102 15E0     		b	.L32
 325              	.LVL53:
 326              	.L27:
 327 0104 AA46     		mov	r10, r5
 208:lib/chibios/os/hal/lib/streams/chprintf.c ****         l = va_arg(ap, long);
 328              		.loc 1 208 0
 329 0106 1928     		cmp	r0, #25
 330 0108 5AF8041B 		ldr	r1, [r10], #4
 331              	.LVL54:
 332 010c 02D8     		bhi	.L36
 333              	.LVL55:
 334              	.L37:
 209:lib/chibios/os/hal/lib/streams/chprintf.c ****       else
 335              		.loc 1 209 0
 336 010e 2968     		ldr	r1, [r5]
 337 0110 05F1040A 		add	r10, r5, #4
 338              	.LVL56:
 339              	.L36:
 212:lib/chibios/os/hal/lib/streams/chprintf.c ****         *p++ = '-';
 340              		.loc 1 212 0
 341 0114 0029     		cmp	r1, #0
 213:lib/chibios/os/hal/lib/streams/chprintf.c ****         l = -l;
 342              		.loc 1 213 0
 343 0116 BFBF     		itttt	lt
 344 0118 2D22     		movlt	r2, #45
 345              	.LVL57:
 346 011a 8DF80C20 		strblt	r2, [sp, #12]
 214:lib/chibios/os/hal/lib/streams/chprintf.c ****       }
 347              		.loc 1 214 0
 348 011e 4942     		rsblt	r1, r1, #0
 349              	.LVL58:
 213:lib/chibios/os/hal/lib/streams/chprintf.c ****         l = -l;
 350              		.loc 1 213 0
 351 0120 0DF10D00 		addlt	r0, sp, #13
 143:lib/chibios/os/hal/lib/streams/chprintf.c ****     s = tmpbuf;
 352              		.loc 1 143 0
 353 0124 A8BF     		it	ge
 354 0126 03A8     		addge	r0, sp, #12
 355              	.LVL59:
 216:lib/chibios/os/hal/lib/streams/chprintf.c ****       break;
 356              		.loc 1 216 0
 357 0128 0A22     		movs	r2, #10
 358              	.L146:
 244:lib/chibios/os/hal/lib/streams/chprintf.c ****       break;
 359              		.loc 1 244 0
 360 012a FFF7FEFF 		bl	ch_ltoa
 361              	.LVL60:
 144:lib/chibios/os/hal/lib/streams/chprintf.c ****     left_align = FALSE;
 362              		.loc 1 144 0
 363 012e 03AC     		add	r4, sp, #12
 364              	.LVL61:
 365              	.L32:
 249:lib/chibios/os/hal/lib/streams/chprintf.c ****     }
 250:lib/chibios/os/hal/lib/streams/chprintf.c ****     i = (int)(p - s);
 366              		.loc 1 250 0
 367 0130 051B     		subs	r5, r0, r4
 368              	.LVL62:
 251:lib/chibios/os/hal/lib/streams/chprintf.c ****     if ((width -= i) < 0)
 252:lib/chibios/os/hal/lib/streams/chprintf.c ****       width = 0;
 253:lib/chibios/os/hal/lib/streams/chprintf.c ****     if (left_align == FALSE)
 369              		.loc 1 253 0
 370 0132 0199     		ldr	r1, [sp, #4]
 251:lib/chibios/os/hal/lib/streams/chprintf.c ****     if ((width -= i) < 0)
 371              		.loc 1 251 0
 372 0134 ABEB0503 		sub	r3, fp, r5
 373              	.LVL63:
 374 0138 23EAE372 		bic	r2, r3, r3, asr #31
 375              	.LVL64:
 376              		.loc 1 253 0
 377 013c 0029     		cmp	r1, #0
 378 013e 3DD1     		bne	.L59
 254:lib/chibios/os/hal/lib/streams/chprintf.c ****       width = -width;
 255:lib/chibios/os/hal/lib/streams/chprintf.c ****     if (width < 0) {
 379              		.loc 1 255 0
 380 0140 002B     		cmp	r3, #0
 254:lib/chibios/os/hal/lib/streams/chprintf.c ****       width = -width;
 381              		.loc 1 254 0
 382 0142 C2F1000B 		rsb	fp, r2, #0
 383              	.LVL65:
 384              		.loc 1 255 0
 385 0146 1BDD     		ble	.L39
 256:lib/chibios/os/hal/lib/streams/chprintf.c ****       if (*s == '-' && filler == '0') {
 386              		.loc 1 256 0
 387 0148 2178     		ldrb	r1, [r4]	@ zero_extendqisi2
 388 014a 2D29     		cmp	r1, #45
 389 014c 0CD1     		bne	.L41
 390              		.loc 1 256 0 is_stmt 0 discriminator 1
 391 014e 302F     		cmp	r7, #48
 392 0150 0AD1     		bne	.L41
 257:lib/chibios/os/hal/lib/streams/chprintf.c ****         streamPut(chp, (uint8_t)*s++);
 393              		.loc 1 257 0 is_stmt 1
 394 0152 D8F80030 		ldr	r3, [r8]
 395 0156 0192     		str	r2, [sp, #4]
 396              	.LVL66:
 397 0158 9B68     		ldr	r3, [r3, #8]
 398 015a 4046     		mov	r0, r8
 399              	.LVL67:
 400 015c 9847     		blx	r3
 401              	.LVL68:
 402 015e 019A     		ldr	r2, [sp, #4]
 403 0160 013D     		subs	r5, r5, #1
 404              	.LVL69:
 405 0162 09F10109 		add	r9, r9, #1
 406              	.LVL70:
 407 0166 0134     		adds	r4, r4, #1
 408              	.LVL71:
 409              	.L41:
 258:lib/chibios/os/hal/lib/streams/chprintf.c ****         n++;
 259:lib/chibios/os/hal/lib/streams/chprintf.c ****         i--;
 260:lib/chibios/os/hal/lib/streams/chprintf.c ****       }
 261:lib/chibios/os/hal/lib/streams/chprintf.c ****       do {
 262:lib/chibios/os/hal/lib/streams/chprintf.c ****         streamPut(chp, (uint8_t)filler);
 410              		.loc 1 262 0 discriminator 1
 411 0168 D8F80030 		ldr	r3, [r8]
 412 016c 0192     		str	r2, [sp, #4]
 413 016e 9B68     		ldr	r3, [r3, #8]
 414 0170 3946     		mov	r1, r7
 415 0172 4046     		mov	r0, r8
 416 0174 9847     		blx	r3
 417              	.LVL72:
 263:lib/chibios/os/hal/lib/streams/chprintf.c ****         n++;
 264:lib/chibios/os/hal/lib/streams/chprintf.c ****       } while (++width != 0);
 418              		.loc 1 264 0 discriminator 1
 419 0176 1BF1010B 		adds	fp, fp, #1
 420              	.LVL73:
 421 017a 019A     		ldr	r2, [sp, #4]
 422 017c F4D1     		bne	.L41
 423 017e 9144     		add	r9, r9, r2
 424              	.L39:
 425 0180 2B46     		mov	r3, r5
 426 0182 10E0     		b	.L43
 427              	.LVL74:
 428              	.L28:
 234:lib/chibios/os/hal/lib/streams/chprintf.c ****       goto unsigned_common;
 429              		.loc 1 234 0
 430 0184 0A22     		movs	r2, #10
 431              	.LVL75:
 432              	.L29:
 433 0186 05F1040A 		add	r10, r5, #4
 434              	.LVL76:
 244:lib/chibios/os/hal/lib/streams/chprintf.c ****       break;
 435              		.loc 1 244 0
 436 018a 2968     		ldr	r1, [r5]
 437              	.LVL77:
 438 018c 03A8     		add	r0, sp, #12
 439              	.LVL78:
 440 018e CCE7     		b	.L146
 441              	.LVL79:
 442              	.L25:
 238:lib/chibios/os/hal/lib/streams/chprintf.c **** unsigned_common:
 443              		.loc 1 238 0
 444 0190 0822     		movs	r2, #8
 445 0192 F8E7     		b	.L29
 446              	.LVL80:
 447              	.L44:
 265:lib/chibios/os/hal/lib/streams/chprintf.c ****     }
 266:lib/chibios/os/hal/lib/streams/chprintf.c ****     while (--i >= 0) {
 267:lib/chibios/os/hal/lib/streams/chprintf.c ****       streamPut(chp, (uint8_t)*s++);
 448              		.loc 1 267 0
 449 0194 D8F80020 		ldr	r2, [r8]
 450 0198 14F8011B 		ldrb	r1, [r4], #1	@ zero_extendqisi2
 451              	.LVL81:
 452 019c 9268     		ldr	r2, [r2, #8]
 453 019e 0193     		str	r3, [sp, #4]
 454              	.LVL82:
 455 01a0 4046     		mov	r0, r8
 456 01a2 9047     		blx	r2
 457              	.LVL83:
 458 01a4 019B     		ldr	r3, [sp, #4]
 459              	.LVL84:
 460              	.L43:
 266:lib/chibios/os/hal/lib/streams/chprintf.c ****       streamPut(chp, (uint8_t)*s++);
 461              		.loc 1 266 0
 462 01a6 013B     		subs	r3, r3, #1
 463              	.LVL85:
 464 01a8 F4D5     		bpl	.L44
 465 01aa 002D     		cmp	r5, #0
 466 01ac A8BF     		it	ge
 467 01ae A944     		addge	r9, r9, r5
 468 01b0 5C46     		mov	r4, fp
 469              	.LVL86:
 470              	.L45:
 268:lib/chibios/os/hal/lib/streams/chprintf.c ****       n++;
 269:lib/chibios/os/hal/lib/streams/chprintf.c ****     }
 270:lib/chibios/os/hal/lib/streams/chprintf.c **** 
 271:lib/chibios/os/hal/lib/streams/chprintf.c ****     while (width) {
 471              		.loc 1 271 0
 472 01b2 2CB9     		cbnz	r4, .L46
 473 01b4 D944     		add	r9, r9, fp
 474 01b6 5546     		mov	r5, r10
 475              	.LVL87:
 476              	.L11:
 477 01b8 3346     		mov	r3, r6
 478 01ba 29E7     		b	.L8
 479              	.LVL88:
 480              	.L59:
 481 01bc 9346     		mov	fp, r2
 482 01be DFE7     		b	.L39
 483              	.LVL89:
 484              	.L46:
 272:lib/chibios/os/hal/lib/streams/chprintf.c ****       streamPut(chp, (uint8_t)filler);
 485              		.loc 1 272 0
 486 01c0 D8F80030 		ldr	r3, [r8]
 487 01c4 3946     		mov	r1, r7
 488 01c6 9B68     		ldr	r3, [r3, #8]
 489 01c8 4046     		mov	r0, r8
 490 01ca 9847     		blx	r3
 491              	.LVL90:
 273:lib/chibios/os/hal/lib/streams/chprintf.c ****       n++;
 274:lib/chibios/os/hal/lib/streams/chprintf.c ****       width--;
 492              		.loc 1 274 0
 493 01cc 013C     		subs	r4, r4, #1
 494              	.LVL91:
 495 01ce F0E7     		b	.L45
 496              	.LVL92:
 497              	.L49:
 190:lib/chibios/os/hal/lib/streams/chprintf.c ****     case 'c':
 498              		.loc 1 190 0
 499 01d0 552A     		cmp	r2, #85
 500 01d2 D7D0     		beq	.L28
 501 01d4 582A     		cmp	r2, #88
 502 01d6 7FF47EAF 		bne	.L22
 503              	.L60:
 230:lib/chibios/os/hal/lib/streams/chprintf.c ****       goto unsigned_common;
 504              		.loc 1 230 0
 505 01da 1022     		movs	r2, #16
 506              	.LVL93:
 507 01dc D3E7     		b	.L29
 508              	.LVL94:
 509              	.L48:
 190:lib/chibios/os/hal/lib/streams/chprintf.c ****     case 'c':
 510              		.loc 1 190 0
 511 01de 6F2A     		cmp	r2, #111
 512 01e0 D6D0     		beq	.L25
 513 01e2 03D8     		bhi	.L50
 514 01e4 642A     		cmp	r2, #100
 515 01e6 92D0     		beq	.L37
 516 01e8 692A     		cmp	r2, #105
 517 01ea 64E7     		b	.L145
 518              	.LVL95:
 519              	.L50:
 520 01ec 752A     		cmp	r2, #117
 521 01ee C9D0     		beq	.L28
 522 01f0 782A     		cmp	r2, #120
 523 01f2 F2D0     		beq	.L60
 524 01f4 732A     		cmp	r2, #115
 525 01f6 7FF46EAF 		bne	.L22
 526              	.LVL96:
 197:lib/chibios/os/hal/lib/streams/chprintf.c ****         s = "(null)";
 527              		.loc 1 197 0
 528 01fa 2C68     		ldr	r4, [r5]
 198:lib/chibios/os/hal/lib/streams/chprintf.c ****       if (precision == 0)
 529              		.loc 1 198 0
 530 01fc 0C4B     		ldr	r3, .L152
 200:lib/chibios/os/hal/lib/streams/chprintf.c ****       for (p = s; *p && (--precision >= 0); p++)
 531              		.loc 1 200 0
 532 01fe 47F6FF72 		movw	r2, #32767
 533              	.LVL97:
 198:lib/chibios/os/hal/lib/streams/chprintf.c ****       if (precision == 0)
 534              		.loc 1 198 0
 535 0202 002C     		cmp	r4, #0
 536 0204 08BF     		it	eq
 537 0206 1C46     		moveq	r4, r3
 200:lib/chibios/os/hal/lib/streams/chprintf.c ****       for (p = s; *p && (--precision >= 0); p++)
 538              		.loc 1 200 0
 539 0208 0029     		cmp	r1, #0
 540 020a 08BF     		it	eq
 541 020c 1146     		moveq	r1, r2
 542              	.LVL98:
 197:lib/chibios/os/hal/lib/streams/chprintf.c ****         s = "(null)";
 543              		.loc 1 197 0
 544 020e 05F1040A 		add	r10, r5, #4
 545              	.LVL99:
 200:lib/chibios/os/hal/lib/streams/chprintf.c ****       for (p = s; *p && (--precision >= 0); p++)
 546              		.loc 1 200 0
 547 0212 2246     		mov	r2, r4
 548 0214 2144     		add	r1, r1, r4
 549              	.LVL100:
 550              	.L35:
 551 0216 1046     		mov	r0, r2
 552              	.LVL101:
 553 0218 0132     		adds	r2, r2, #1
 201:lib/chibios/os/hal/lib/streams/chprintf.c ****         ;
 554              		.loc 1 201 0 discriminator 1
 555 021a 0578     		ldrb	r5, [r0]	@ zero_extendqisi2
 556 021c 15B1     		cbz	r5, .L57
 557 021e 8D1A     		subs	r5, r1, r2
 201:lib/chibios/os/hal/lib/streams/chprintf.c ****         ;
 558              		.loc 1 201 0 is_stmt 0 discriminator 3
 559 0220 002D     		cmp	r5, #0
 560 0222 F8DA     		bge	.L35
 561              	.L57:
 196:lib/chibios/os/hal/lib/streams/chprintf.c ****       if ((s = va_arg(ap, char *)) == 0)
 562              		.loc 1 196 0 is_stmt 1
 563 0224 2027     		movs	r7, #32
 564 0226 83E7     		b	.L32
 565              	.LVL102:
 566              	.L138:
 275:lib/chibios/os/hal/lib/streams/chprintf.c ****     }
 276:lib/chibios/os/hal/lib/streams/chprintf.c ****   }
 277:lib/chibios/os/hal/lib/streams/chprintf.c **** }
 567              		.loc 1 277 0
 568 0228 4846     		mov	r0, r9
 569 022a 07B0     		add	sp, sp, #28
 570              		.cfi_def_cfa_offset 36
 571              		@ sp needed
 572 022c BDE8F08F 		pop	{r4, r5, r6, r7, r8, r9, r10, fp, pc}
 573              	.LVL103:
 574              	.L153:
 575              		.align	2
 576              	.L152:
 577 0230 00000000 		.word	.LC0
 578              		.cfi_endproc
 579              	.LFE281:
 581              		.section	.text.chprintf,"ax",%progbits
 582              		.align	1
 583              		.global	chprintf
 584              		.syntax unified
 585              		.thumb
 586              		.thumb_func
 587              		.fpu softvfp
 589              	chprintf:
 590              	.LFB282:
 278:lib/chibios/os/hal/lib/streams/chprintf.c **** 
 279:lib/chibios/os/hal/lib/streams/chprintf.c **** /**
 280:lib/chibios/os/hal/lib/streams/chprintf.c ****  * @brief   System formatted output function.
 281:lib/chibios/os/hal/lib/streams/chprintf.c ****  * @details This function implements a minimal @p printf() like functionality
 282:lib/chibios/os/hal/lib/streams/chprintf.c ****  *          with output on a @p BaseSequentialStream.
 283:lib/chibios/os/hal/lib/streams/chprintf.c ****  *          The general parameters format is: %[-][width|*][.precision|*][l|L]p.
 284:lib/chibios/os/hal/lib/streams/chprintf.c ****  *          The following parameter types (p) are supported:
 285:lib/chibios/os/hal/lib/streams/chprintf.c ****  *          - <b>x</b> hexadecimal integer.
 286:lib/chibios/os/hal/lib/streams/chprintf.c ****  *          - <b>X</b> hexadecimal long.
 287:lib/chibios/os/hal/lib/streams/chprintf.c ****  *          - <b>o</b> octal integer.
 288:lib/chibios/os/hal/lib/streams/chprintf.c ****  *          - <b>O</b> octal long.
 289:lib/chibios/os/hal/lib/streams/chprintf.c ****  *          - <b>d</b> decimal signed integer.
 290:lib/chibios/os/hal/lib/streams/chprintf.c ****  *          - <b>D</b> decimal signed long.
 291:lib/chibios/os/hal/lib/streams/chprintf.c ****  *          - <b>u</b> decimal unsigned integer.
 292:lib/chibios/os/hal/lib/streams/chprintf.c ****  *          - <b>U</b> decimal unsigned long.
 293:lib/chibios/os/hal/lib/streams/chprintf.c ****  *          - <b>c</b> character.
 294:lib/chibios/os/hal/lib/streams/chprintf.c ****  *          - <b>s</b> string.
 295:lib/chibios/os/hal/lib/streams/chprintf.c ****  *          .
 296:lib/chibios/os/hal/lib/streams/chprintf.c ****  *
 297:lib/chibios/os/hal/lib/streams/chprintf.c ****  * @param[in] chp       pointer to a @p BaseSequentialStream implementing object
 298:lib/chibios/os/hal/lib/streams/chprintf.c ****  * @param[in] fmt       formatting string
 299:lib/chibios/os/hal/lib/streams/chprintf.c ****  *
 300:lib/chibios/os/hal/lib/streams/chprintf.c ****  * @api
 301:lib/chibios/os/hal/lib/streams/chprintf.c ****  */
 302:lib/chibios/os/hal/lib/streams/chprintf.c **** int chprintf(BaseSequentialStream *chp, const char *fmt, ...) {
 591              		.loc 1 302 0
 592              		.cfi_startproc
 593              		@ args = 4, pretend = 12, frame = 8
 594              		@ frame_needed = 0, uses_anonymous_args = 1
 595              	.LVL104:
 596 0000 0EB4     		push	{r1, r2, r3}
 597              		.cfi_def_cfa_offset 12
 598              		.cfi_offset 1, -12
 599              		.cfi_offset 2, -8
 600              		.cfi_offset 3, -4
 601 0002 03B5     		push	{r0, r1, lr}
 602              		.cfi_def_cfa_offset 24
 603              		.cfi_offset 14, -16
 604              		.loc 1 302 0
 605 0004 03AA     		add	r2, sp, #12
 606 0006 52F8041B 		ldr	r1, [r2], #4
 303:lib/chibios/os/hal/lib/streams/chprintf.c ****   va_list ap;
 304:lib/chibios/os/hal/lib/streams/chprintf.c ****   int formatted_bytes;
 305:lib/chibios/os/hal/lib/streams/chprintf.c **** 
 306:lib/chibios/os/hal/lib/streams/chprintf.c ****   va_start(ap, fmt);
 607              		.loc 1 306 0
 608 000a 0192     		str	r2, [sp, #4]
 307:lib/chibios/os/hal/lib/streams/chprintf.c ****   formatted_bytes = chvprintf(chp, fmt, ap);
 609              		.loc 1 307 0
 610 000c FFF7FEFF 		bl	chvprintf
 611              	.LVL105:
 308:lib/chibios/os/hal/lib/streams/chprintf.c ****   va_end(ap);
 309:lib/chibios/os/hal/lib/streams/chprintf.c **** 
 310:lib/chibios/os/hal/lib/streams/chprintf.c ****   return formatted_bytes;
 311:lib/chibios/os/hal/lib/streams/chprintf.c **** }
 612              		.loc 1 311 0
 613 0010 02B0     		add	sp, sp, #8
 614              		.cfi_def_cfa_offset 16
 615              		@ sp needed
 616 0012 5DF804EB 		ldr	lr, [sp], #4
 617              		.cfi_restore 14
 618              		.cfi_def_cfa_offset 12
 619 0016 03B0     		add	sp, sp, #12
 620              		.cfi_restore 3
 621              		.cfi_restore 2
 622              		.cfi_restore 1
 623              		.cfi_def_cfa_offset 0
 624 0018 7047     		bx	lr
 625              		.cfi_endproc
 626              	.LFE282:
 628              		.section	.text.chsnprintf,"ax",%progbits
 629              		.align	1
 630              		.global	chsnprintf
 631              		.syntax unified
 632              		.thumb
 633              		.thumb_func
 634              		.fpu softvfp
 636              	chsnprintf:
 637              	.LFB283:
 312:lib/chibios/os/hal/lib/streams/chprintf.c **** 
 313:lib/chibios/os/hal/lib/streams/chprintf.c **** /**
 314:lib/chibios/os/hal/lib/streams/chprintf.c ****  * @brief   System formatted output function.
 315:lib/chibios/os/hal/lib/streams/chprintf.c ****  * @details This function implements a minimal @p snprintf()-like functionality.
 316:lib/chibios/os/hal/lib/streams/chprintf.c ****  *          The general parameters format is: %[-][width|*][.precision|*][l|L]p.
 317:lib/chibios/os/hal/lib/streams/chprintf.c ****  *          The following parameter types (p) are supported:
 318:lib/chibios/os/hal/lib/streams/chprintf.c ****  *          - <b>x</b> hexadecimal integer.
 319:lib/chibios/os/hal/lib/streams/chprintf.c ****  *          - <b>X</b> hexadecimal long.
 320:lib/chibios/os/hal/lib/streams/chprintf.c ****  *          - <b>o</b> octal integer.
 321:lib/chibios/os/hal/lib/streams/chprintf.c ****  *          - <b>O</b> octal long.
 322:lib/chibios/os/hal/lib/streams/chprintf.c ****  *          - <b>d</b> decimal signed integer.
 323:lib/chibios/os/hal/lib/streams/chprintf.c ****  *          - <b>D</b> decimal signed long.
 324:lib/chibios/os/hal/lib/streams/chprintf.c ****  *          - <b>u</b> decimal unsigned integer.
 325:lib/chibios/os/hal/lib/streams/chprintf.c ****  *          - <b>U</b> decimal unsigned long.
 326:lib/chibios/os/hal/lib/streams/chprintf.c ****  *          - <b>c</b> character.
 327:lib/chibios/os/hal/lib/streams/chprintf.c ****  *          - <b>s</b> string.
 328:lib/chibios/os/hal/lib/streams/chprintf.c ****  *          .
 329:lib/chibios/os/hal/lib/streams/chprintf.c ****  * @post    @p str is NUL-terminated, unless @p size is 0.
 330:lib/chibios/os/hal/lib/streams/chprintf.c ****  *
 331:lib/chibios/os/hal/lib/streams/chprintf.c ****  * @param[in] str       pointer to a buffer
 332:lib/chibios/os/hal/lib/streams/chprintf.c ****  * @param[in] size      maximum size of the buffer
 333:lib/chibios/os/hal/lib/streams/chprintf.c ****  * @param[in] fmt       formatting string
 334:lib/chibios/os/hal/lib/streams/chprintf.c ****  * @return              The number of characters (excluding the
 335:lib/chibios/os/hal/lib/streams/chprintf.c ****  *                      terminating NUL byte) that would have been
 336:lib/chibios/os/hal/lib/streams/chprintf.c ****  *                      stored in @p str if there was room.
 337:lib/chibios/os/hal/lib/streams/chprintf.c ****  *
 338:lib/chibios/os/hal/lib/streams/chprintf.c ****  * @api
 339:lib/chibios/os/hal/lib/streams/chprintf.c ****  */
 340:lib/chibios/os/hal/lib/streams/chprintf.c **** int chsnprintf(char *str, size_t size, const char *fmt, ...) {
 638              		.loc 1 340 0
 639              		.cfi_startproc
 640              		@ args = 4, pretend = 8, frame = 24
 641              		@ frame_needed = 0, uses_anonymous_args = 1
 642              	.LVL106:
 643 0000 0CB4     		push	{r2, r3}
 644              		.cfi_def_cfa_offset 8
 645              		.cfi_offset 2, -8
 646              		.cfi_offset 3, -4
 647 0002 30B5     		push	{r4, r5, lr}
 648              		.cfi_def_cfa_offset 20
 649              		.cfi_offset 4, -20
 650              		.cfi_offset 5, -16
 651              		.cfi_offset 14, -12
 652 0004 0546     		mov	r5, r0
 653 0006 87B0     		sub	sp, sp, #28
 654              		.cfi_def_cfa_offset 48
 341:lib/chibios/os/hal/lib/streams/chprintf.c ****   va_list ap;
 342:lib/chibios/os/hal/lib/streams/chprintf.c ****   MemoryStream ms;
 343:lib/chibios/os/hal/lib/streams/chprintf.c ****   BaseSequentialStream *chp;
 344:lib/chibios/os/hal/lib/streams/chprintf.c ****   size_t size_wo_nul;
 345:lib/chibios/os/hal/lib/streams/chprintf.c ****   int retval;
 346:lib/chibios/os/hal/lib/streams/chprintf.c **** 
 347:lib/chibios/os/hal/lib/streams/chprintf.c ****   if (size > 0)
 655              		.loc 1 347 0
 656 0008 0C46     		mov	r4, r1
 657 000a A9B1     		cbz	r1, .L158
 348:lib/chibios/os/hal/lib/streams/chprintf.c ****     size_wo_nul = size - 1;
 658              		.loc 1 348 0
 659 000c 4A1E     		subs	r2, r1, #1
 660              	.LVL107:
 661              	.L156:
 349:lib/chibios/os/hal/lib/streams/chprintf.c ****   else
 350:lib/chibios/os/hal/lib/streams/chprintf.c ****     size_wo_nul = 0;
 351:lib/chibios/os/hal/lib/streams/chprintf.c **** 
 352:lib/chibios/os/hal/lib/streams/chprintf.c ****   /* Memory stream object to be used as a string writer, reserving one
 353:lib/chibios/os/hal/lib/streams/chprintf.c ****      byte for the final zero.*/
 354:lib/chibios/os/hal/lib/streams/chprintf.c ****   msObjectInit(&ms, (uint8_t *)str, size_wo_nul, 0);
 662              		.loc 1 354 0
 663 000e 0023     		movs	r3, #0
 664 0010 2946     		mov	r1, r5
 665              	.LVL108:
 666 0012 01A8     		add	r0, sp, #4
 667              	.LVL109:
 668 0014 FFF7FEFF 		bl	msObjectInit
 669              	.LVL110:
 355:lib/chibios/os/hal/lib/streams/chprintf.c **** 
 356:lib/chibios/os/hal/lib/streams/chprintf.c ****   /* Performing the print operation using the common code.*/
 357:lib/chibios/os/hal/lib/streams/chprintf.c ****   chp = (BaseSequentialStream *)(void *)&ms;
 358:lib/chibios/os/hal/lib/streams/chprintf.c ****   va_start(ap, fmt);
 670              		.loc 1 358 0
 671 0018 0BAA     		add	r2, sp, #44
 359:lib/chibios/os/hal/lib/streams/chprintf.c ****   retval = chvprintf(chp, fmt, ap);
 672              		.loc 1 359 0
 673 001a 0A99     		ldr	r1, [sp, #40]
 358:lib/chibios/os/hal/lib/streams/chprintf.c ****   retval = chvprintf(chp, fmt, ap);
 674              		.loc 1 358 0
 675 001c 0092     		str	r2, [sp]
 676              		.loc 1 359 0
 677 001e 01A8     		add	r0, sp, #4
 678              	.LVL111:
 679 0020 FFF7FEFF 		bl	chvprintf
 680              	.LVL112:
 360:lib/chibios/os/hal/lib/streams/chprintf.c ****   va_end(ap);
 361:lib/chibios/os/hal/lib/streams/chprintf.c **** 
 362:lib/chibios/os/hal/lib/streams/chprintf.c ****   /* Terminate with a zero, unless size==0.*/
 363:lib/chibios/os/hal/lib/streams/chprintf.c ****   if (ms.eos < size)
 681              		.loc 1 363 0
 682 0024 049B     		ldr	r3, [sp, #16]
 683 0026 A342     		cmp	r3, r4
 364:lib/chibios/os/hal/lib/streams/chprintf.c ****       str[ms.eos] = 0;
 684              		.loc 1 364 0
 685 0028 3CBF     		itt	cc
 686 002a 0022     		movcc	r2, #0
 687 002c EA54     		strbcc	r2, [r5, r3]
 365:lib/chibios/os/hal/lib/streams/chprintf.c **** 
 366:lib/chibios/os/hal/lib/streams/chprintf.c ****   /* Return number of bytes that would have been written.*/
 367:lib/chibios/os/hal/lib/streams/chprintf.c ****   return retval;
 368:lib/chibios/os/hal/lib/streams/chprintf.c **** }
 688              		.loc 1 368 0
 689 002e 07B0     		add	sp, sp, #28
 690              		.cfi_remember_state
 691              		.cfi_def_cfa_offset 20
 692              		@ sp needed
 693 0030 BDE83040 		pop	{r4, r5, lr}
 694              		.cfi_restore 14
 695              		.cfi_restore 5
 696              		.cfi_restore 4
 697              		.cfi_def_cfa_offset 8
 698              	.LVL113:
 699 0034 02B0     		add	sp, sp, #8
 700              		.cfi_restore 3
 701              		.cfi_restore 2
 702              		.cfi_def_cfa_offset 0
 703 0036 7047     		bx	lr
 704              	.LVL114:
 705              	.L158:
 706              		.cfi_restore_state
 350:lib/chibios/os/hal/lib/streams/chprintf.c **** 
 707              		.loc 1 350 0
 708 0038 0A46     		mov	r2, r1
 709 003a E8E7     		b	.L156
 710              		.cfi_endproc
 711              	.LFE283:
 713              		.section	.rodata.chvprintf.str1.1,"aMS",%progbits,1
 714              	.LC0:
 715 0000 286E756C 		.ascii	"(null)\000"
 715      6C2900
 716              		.text
 717              	.Letext0:
 718              		.file 2 "/usr/local/Cellar/gcc-arm-none-eabi/20180627/lib/gcc/arm-none-eabi/7.3.1/include/stddef.h
 719              		.file 3 "/usr/local/Cellar/gcc-arm-none-eabi/20180627/arm-none-eabi/include/machine/_default_types
 720              		.file 4 "/usr/local/Cellar/gcc-arm-none-eabi/20180627/arm-none-eabi/include/sys/_stdint.h"
 721              		.file 5 "./lib/chibios/os/common/ports/ARMCMx/compilers/GCC/chtypes.h"
 722              		.file 6 "./lib/chibios/os/rt/include/chsystypes.h"
 723              		.file 7 "./lib/chibios/os/rt/include/chschd.h"
 724              		.file 8 "./lib/chibios/os/common/ext/CMSIS/include/core_cm4.h"
 725              		.file 9 "./lib/chibios/os/common/ext/CMSIS/ST/STM32F3xx/system_stm32f3xx.h"
 726              		.file 10 "./lib/chibios/os/common/ext/CMSIS/ST/STM32F3xx/stm32f303xc.h"
 727              		.file 11 "./lib/chibios/os/common/ports/ARMCMx/chcore.h"
 728              		.file 12 "./lib/chibios/os/common/ports/ARMCMx/chcore_v7m.h"
 729              		.file 13 "./lib/chibios/os/hal/ports/STM32/LLD/TIMv1/stm32_tim.h"
 730              		.file 14 "./lib/chibios/os/rt/include/chtm.h"
 731              		.file 15 "./lib/chibios/os/rt/include/chsem.h"
 732              		.file 16 "./lib/chibios/os/rt/include/chmtx.h"
 733              		.file 17 "./lib/chibios/os/rt/include/chsys.h"
 734              		.file 18 "./lib/chibios/os/rt/include/chregistry.h"
 735              		.file 19 "./lib/chibios/os/common/oslib/include/chmemcore.h"
 736              		.file 20 "./lib/chibios/os/hal/ports/STM32/LLD/DMAv1/stm32_dma.h"
 737              		.file 21 "./lib/chibios/os/hal/include/hal_streams.h"
 738              		.file 22 "./lib/chibios/os/hal/ports/STM32/LLD/GPIOv2/hal_pal_lld.h"
 739              		.file 23 "./lib/chibios/os/hal/include/hal_dac.h"
 740              		.file 24 "./lib/chibios/os/hal/ports/STM32/LLD/DACv1/hal_dac_lld.h"
 741              		.file 25 "./lib/chibios/os/hal/include/hal_gpt.h"
 742              		.file 26 "./lib/chibios/os/hal/ports/STM32/LLD/TIMv1/hal_gpt_lld.h"
 743              		.file 27 "./lib/chibios/os/hal/include/hal_i2c.h"
 744              		.file 28 "./lib/chibios/os/hal/ports/STM32/LLD/I2Cv2/hal_i2c_lld.h"
 745              		.file 29 "./lib/chibios/os/hal/include/hal_pwm.h"
 746              		.file 30 "./lib/chibios/os/hal/ports/STM32/LLD/TIMv1/hal_pwm_lld.h"
 747              		.file 31 "./lib/chibios/os/hal/include/hal_usb.h"
 748              		.file 32 "./lib/chibios/os/hal/ports/STM32/LLD/USBv1/hal_usb_lld.h"
 749              		.file 33 "/usr/local/Cellar/gcc-arm-none-eabi/20180627/lib/gcc/arm-none-eabi/7.3.1/include/stdarg.
 750              		.file 34 "<built-in>"
 751              		.file 35 "lib/chibios/os/hal/lib/streams/memstreams.h"
DEFINED SYMBOLS
                            *ABS*:0000000000000000 chprintf.c
/var/folders/qs/3p__ddh573j_6k2216pg8mv40000gn/T//ccdMMGLS.s:16     .text.ch_ltoa:0000000000000000 $t
/var/folders/qs/3p__ddh573j_6k2216pg8mv40000gn/T//ccdMMGLS.s:22     .text.ch_ltoa:0000000000000000 ch_ltoa
/var/folders/qs/3p__ddh573j_6k2216pg8mv40000gn/T//ccdMMGLS.s:93     .text.chvprintf:0000000000000000 $t
/var/folders/qs/3p__ddh573j_6k2216pg8mv40000gn/T//ccdMMGLS.s:100    .text.chvprintf:0000000000000000 chvprintf
/var/folders/qs/3p__ddh573j_6k2216pg8mv40000gn/T//ccdMMGLS.s:577    .text.chvprintf:0000000000000230 $d
/var/folders/qs/3p__ddh573j_6k2216pg8mv40000gn/T//ccdMMGLS.s:582    .text.chprintf:0000000000000000 $t
/var/folders/qs/3p__ddh573j_6k2216pg8mv40000gn/T//ccdMMGLS.s:589    .text.chprintf:0000000000000000 chprintf
/var/folders/qs/3p__ddh573j_6k2216pg8mv40000gn/T//ccdMMGLS.s:629    .text.chsnprintf:0000000000000000 $t
/var/folders/qs/3p__ddh573j_6k2216pg8mv40000gn/T//ccdMMGLS.s:636    .text.chsnprintf:0000000000000000 chsnprintf

UNDEFINED SYMBOLS
msObjectInit
