   1              		.cpu cortex-m4
   2              		.eabi_attribute 20, 1
   3              		.eabi_attribute 21, 1
   4              		.eabi_attribute 23, 3
   5              		.eabi_attribute 24, 1
   6              		.eabi_attribute 25, 1
   7              		.eabi_attribute 26, 1
   8              		.eabi_attribute 30, 4
   9              		.eabi_attribute 34, 1
  10              		.eabi_attribute 18, 2
  11              		.file	"vectors.c"
  12              		.text
  13              	.Ltext0:
  14              		.cfi_sections	.debug_frame
  15              		.section	.text._unhandled_exception,"ax",%progbits
  16              		.align	1
  17              		.weak	_unhandled_exception
  18              		.syntax unified
  19              		.thumb
  20              		.thumb_func
  21              		.fpu softvfp
  23              	_unhandled_exception:
  24              	.LFB123:
  25              		.file 1 "lib/chibios/os/common/startup/ARMCMx/compilers/GCC/vectors.c"
   1:lib/chibios/os/common/startup/ARMCMx/compilers/GCC/vectors.c **** /*
   2:lib/chibios/os/common/startup/ARMCMx/compilers/GCC/vectors.c ****     ChibiOS - Copyright (C) 2006..2016 Giovanni Di Sirio
   3:lib/chibios/os/common/startup/ARMCMx/compilers/GCC/vectors.c **** 
   4:lib/chibios/os/common/startup/ARMCMx/compilers/GCC/vectors.c ****     Licensed under the Apache License, Version 2.0 (the "License");
   5:lib/chibios/os/common/startup/ARMCMx/compilers/GCC/vectors.c ****     you may not use this file except in compliance with the License.
   6:lib/chibios/os/common/startup/ARMCMx/compilers/GCC/vectors.c ****     You may obtain a copy of the License at
   7:lib/chibios/os/common/startup/ARMCMx/compilers/GCC/vectors.c **** 
   8:lib/chibios/os/common/startup/ARMCMx/compilers/GCC/vectors.c ****         http://www.apache.org/licenses/LICENSE-2.0
   9:lib/chibios/os/common/startup/ARMCMx/compilers/GCC/vectors.c **** 
  10:lib/chibios/os/common/startup/ARMCMx/compilers/GCC/vectors.c ****     Unless required by applicable law or agreed to in writing, software
  11:lib/chibios/os/common/startup/ARMCMx/compilers/GCC/vectors.c ****     distributed under the License is distributed on an "AS IS" BASIS,
  12:lib/chibios/os/common/startup/ARMCMx/compilers/GCC/vectors.c ****     WITHOUT WARRANTIES OR CONDITIONS OF ANY KIND, either express or implied.
  13:lib/chibios/os/common/startup/ARMCMx/compilers/GCC/vectors.c ****     See the License for the specific language governing permissions and
  14:lib/chibios/os/common/startup/ARMCMx/compilers/GCC/vectors.c ****     limitations under the License.
  15:lib/chibios/os/common/startup/ARMCMx/compilers/GCC/vectors.c **** */
  16:lib/chibios/os/common/startup/ARMCMx/compilers/GCC/vectors.c **** 
  17:lib/chibios/os/common/startup/ARMCMx/compilers/GCC/vectors.c **** /**
  18:lib/chibios/os/common/startup/ARMCMx/compilers/GCC/vectors.c ****  * @file    ARMCMx/compilers/GCC/vectors.c
  19:lib/chibios/os/common/startup/ARMCMx/compilers/GCC/vectors.c ****  * @brief   Interrupt vectors for Cortex-Mx devices.
  20:lib/chibios/os/common/startup/ARMCMx/compilers/GCC/vectors.c ****  *
  21:lib/chibios/os/common/startup/ARMCMx/compilers/GCC/vectors.c ****  * @defgroup ARMCMx_VECTORS Cortex-Mx Interrupt Vectors
  22:lib/chibios/os/common/startup/ARMCMx/compilers/GCC/vectors.c ****  * @{
  23:lib/chibios/os/common/startup/ARMCMx/compilers/GCC/vectors.c ****  */
  24:lib/chibios/os/common/startup/ARMCMx/compilers/GCC/vectors.c **** 
  25:lib/chibios/os/common/startup/ARMCMx/compilers/GCC/vectors.c **** #include <stdbool.h>
  26:lib/chibios/os/common/startup/ARMCMx/compilers/GCC/vectors.c **** #include <stdint.h>
  27:lib/chibios/os/common/startup/ARMCMx/compilers/GCC/vectors.c **** 
  28:lib/chibios/os/common/startup/ARMCMx/compilers/GCC/vectors.c **** #include "vectors.h"
  29:lib/chibios/os/common/startup/ARMCMx/compilers/GCC/vectors.c **** 
  30:lib/chibios/os/common/startup/ARMCMx/compilers/GCC/vectors.c **** #if (CORTEX_NUM_VECTORS % 8) != 0
  31:lib/chibios/os/common/startup/ARMCMx/compilers/GCC/vectors.c **** #error "the constant CORTEX_NUM_VECTORS must be a multiple of 8"
  32:lib/chibios/os/common/startup/ARMCMx/compilers/GCC/vectors.c **** #endif
  33:lib/chibios/os/common/startup/ARMCMx/compilers/GCC/vectors.c **** 
  34:lib/chibios/os/common/startup/ARMCMx/compilers/GCC/vectors.c **** #if (CORTEX_NUM_VECTORS < 8) || (CORTEX_NUM_VECTORS > 240)
  35:lib/chibios/os/common/startup/ARMCMx/compilers/GCC/vectors.c **** #error "the constant CORTEX_NUM_VECTORS must be between 8 and 240 inclusive"
  36:lib/chibios/os/common/startup/ARMCMx/compilers/GCC/vectors.c **** #endif
  37:lib/chibios/os/common/startup/ARMCMx/compilers/GCC/vectors.c **** 
  38:lib/chibios/os/common/startup/ARMCMx/compilers/GCC/vectors.c **** /**
  39:lib/chibios/os/common/startup/ARMCMx/compilers/GCC/vectors.c ****  * @brief   Unhandled exceptions handler.
  40:lib/chibios/os/common/startup/ARMCMx/compilers/GCC/vectors.c ****  * @details Any undefined exception vector points to this function by default.
  41:lib/chibios/os/common/startup/ARMCMx/compilers/GCC/vectors.c ****  *          This function simply stops the system into an infinite loop.
  42:lib/chibios/os/common/startup/ARMCMx/compilers/GCC/vectors.c ****  *
  43:lib/chibios/os/common/startup/ARMCMx/compilers/GCC/vectors.c ****  * @notapi
  44:lib/chibios/os/common/startup/ARMCMx/compilers/GCC/vectors.c ****  */
  45:lib/chibios/os/common/startup/ARMCMx/compilers/GCC/vectors.c **** /*lint -save -e9075 [8.4] All symbols are invoked from asm context.*/
  46:lib/chibios/os/common/startup/ARMCMx/compilers/GCC/vectors.c **** __attribute__((weak))
  47:lib/chibios/os/common/startup/ARMCMx/compilers/GCC/vectors.c **** void _unhandled_exception(void) {
  26              		.loc 1 47 0
  27              		.cfi_startproc
  28              		@ Volatile: function does not return.
  29              		@ args = 0, pretend = 0, frame = 0
  30              		@ frame_needed = 0, uses_anonymous_args = 0
  31              		@ link register save eliminated.
  32              	.L2:
  33 0000 FEE7     		b	.L2
  34              		.cfi_endproc
  35              	.LFE123:
  37              		.weak	Vector19C
  38              		.thumb_set Vector19C,_unhandled_exception
  39              		.weak	Vector198
  40              		.thumb_set Vector198,_unhandled_exception
  41              		.weak	Vector194
  42              		.thumb_set Vector194,_unhandled_exception
  43              		.weak	Vector190
  44              		.thumb_set Vector190,_unhandled_exception
  45              		.weak	Vector18C
  46              		.thumb_set Vector18C,_unhandled_exception
  47              		.weak	Vector188
  48              		.thumb_set Vector188,_unhandled_exception
  49              		.weak	Vector184
  50              		.thumb_set Vector184,_unhandled_exception
  51              		.weak	Vector180
  52              		.thumb_set Vector180,_unhandled_exception
  53              		.weak	Vector17C
  54              		.thumb_set Vector17C,_unhandled_exception
  55              		.weak	Vector178
  56              		.thumb_set Vector178,_unhandled_exception
  57              		.weak	Vector174
  58              		.thumb_set Vector174,_unhandled_exception
  59              		.weak	Vector170
  60              		.thumb_set Vector170,_unhandled_exception
  61              		.weak	Vector16C
  62              		.thumb_set Vector16C,_unhandled_exception
  63              		.weak	Vector168
  64              		.thumb_set Vector168,_unhandled_exception
  65              		.weak	Vector164
  66              		.thumb_set Vector164,_unhandled_exception
  67              		.weak	Vector160
  68              		.thumb_set Vector160,_unhandled_exception
  69              		.weak	Vector15C
  70              		.thumb_set Vector15C,_unhandled_exception
  71              		.weak	Vector158
  72              		.thumb_set Vector158,_unhandled_exception
  73              		.weak	Vector154
  74              		.thumb_set Vector154,_unhandled_exception
  75              		.weak	Vector150
  76              		.thumb_set Vector150,_unhandled_exception
  77              		.weak	Vector14C
  78              		.thumb_set Vector14C,_unhandled_exception
  79              		.weak	Vector148
  80              		.thumb_set Vector148,_unhandled_exception
  81              		.weak	Vector144
  82              		.thumb_set Vector144,_unhandled_exception
  83              		.weak	Vector140
  84              		.thumb_set Vector140,_unhandled_exception
  85              		.weak	Vector13C
  86              		.thumb_set Vector13C,_unhandled_exception
  87              		.weak	Vector138
  88              		.thumb_set Vector138,_unhandled_exception
  89              		.weak	Vector134
  90              		.thumb_set Vector134,_unhandled_exception
  91              		.weak	Vector130
  92              		.thumb_set Vector130,_unhandled_exception
  93              		.weak	Vector12C
  94              		.thumb_set Vector12C,_unhandled_exception
  95              		.weak	Vector128
  96              		.thumb_set Vector128,_unhandled_exception
  97              		.weak	Vector124
  98              		.thumb_set Vector124,_unhandled_exception
  99              		.weak	Vector120
 100              		.thumb_set Vector120,_unhandled_exception
 101              		.weak	Vector11C
 102              		.thumb_set Vector11C,_unhandled_exception
 103              		.weak	Vector118
 104              		.thumb_set Vector118,_unhandled_exception
 105              		.weak	Vector114
 106              		.thumb_set Vector114,_unhandled_exception
 107              		.weak	Vector110
 108              		.thumb_set Vector110,_unhandled_exception
 109              		.weak	Vector10C
 110              		.thumb_set Vector10C,_unhandled_exception
 111              		.weak	Vector108
 112              		.thumb_set Vector108,_unhandled_exception
 113              		.weak	Vector104
 114              		.thumb_set Vector104,_unhandled_exception
 115              		.weak	Vector100
 116              		.thumb_set Vector100,_unhandled_exception
 117              		.weak	VectorFC
 118              		.thumb_set VectorFC,_unhandled_exception
 119              		.weak	VectorF8
 120              		.thumb_set VectorF8,_unhandled_exception
 121              		.weak	VectorF4
 122              		.thumb_set VectorF4,_unhandled_exception
 123              		.weak	VectorF0
 124              		.thumb_set VectorF0,_unhandled_exception
 125              		.weak	VectorEC
 126              		.thumb_set VectorEC,_unhandled_exception
 127              		.weak	VectorE8
 128              		.thumb_set VectorE8,_unhandled_exception
 129              		.weak	VectorE4
 130              		.thumb_set VectorE4,_unhandled_exception
 131              		.weak	VectorE0
 132              		.thumb_set VectorE0,_unhandled_exception
 133              		.weak	VectorDC
 134              		.thumb_set VectorDC,_unhandled_exception
 135              		.weak	VectorD8
 136              		.thumb_set VectorD8,_unhandled_exception
 137              		.weak	VectorD4
 138              		.thumb_set VectorD4,_unhandled_exception
 139              		.weak	VectorD0
 140              		.thumb_set VectorD0,_unhandled_exception
 141              		.weak	VectorCC
 142              		.thumb_set VectorCC,_unhandled_exception
 143              		.weak	VectorC8
 144              		.thumb_set VectorC8,_unhandled_exception
 145              		.weak	VectorC4
 146              		.thumb_set VectorC4,_unhandled_exception
 147              		.weak	VectorC0
 148              		.thumb_set VectorC0,_unhandled_exception
 149              		.weak	VectorBC
 150              		.thumb_set VectorBC,_unhandled_exception
 151              		.weak	VectorB8
 152              		.thumb_set VectorB8,_unhandled_exception
 153              		.weak	VectorB4
 154              		.thumb_set VectorB4,_unhandled_exception
 155              		.weak	VectorB0
 156              		.thumb_set VectorB0,_unhandled_exception
 157              		.weak	VectorAC
 158              		.thumb_set VectorAC,_unhandled_exception
 159              		.weak	VectorA8
 160              		.thumb_set VectorA8,_unhandled_exception
 161              		.weak	VectorA4
 162              		.thumb_set VectorA4,_unhandled_exception
 163              		.weak	VectorA0
 164              		.thumb_set VectorA0,_unhandled_exception
 165              		.weak	Vector9C
 166              		.thumb_set Vector9C,_unhandled_exception
 167              		.weak	Vector98
 168              		.thumb_set Vector98,_unhandled_exception
 169              		.weak	Vector94
 170              		.thumb_set Vector94,_unhandled_exception
 171              		.weak	Vector90
 172              		.thumb_set Vector90,_unhandled_exception
 173              		.weak	Vector8C
 174              		.thumb_set Vector8C,_unhandled_exception
 175              		.weak	Vector88
 176              		.thumb_set Vector88,_unhandled_exception
 177              		.weak	Vector84
 178              		.thumb_set Vector84,_unhandled_exception
 179              		.weak	Vector80
 180              		.thumb_set Vector80,_unhandled_exception
 181              		.weak	Vector7C
 182              		.thumb_set Vector7C,_unhandled_exception
 183              		.weak	Vector78
 184              		.thumb_set Vector78,_unhandled_exception
 185              		.weak	Vector74
 186              		.thumb_set Vector74,_unhandled_exception
 187              		.weak	Vector70
 188              		.thumb_set Vector70,_unhandled_exception
 189              		.weak	Vector6C
 190              		.thumb_set Vector6C,_unhandled_exception
 191              		.weak	Vector68
 192              		.thumb_set Vector68,_unhandled_exception
 193              		.weak	Vector64
 194              		.thumb_set Vector64,_unhandled_exception
 195              		.weak	Vector60
 196              		.thumb_set Vector60,_unhandled_exception
 197              		.weak	Vector5C
 198              		.thumb_set Vector5C,_unhandled_exception
 199              		.weak	Vector58
 200              		.thumb_set Vector58,_unhandled_exception
 201              		.weak	Vector54
 202              		.thumb_set Vector54,_unhandled_exception
 203              		.weak	Vector50
 204              		.thumb_set Vector50,_unhandled_exception
 205              		.weak	Vector4C
 206              		.thumb_set Vector4C,_unhandled_exception
 207              		.weak	Vector48
 208              		.thumb_set Vector48,_unhandled_exception
 209              		.weak	Vector44
 210              		.thumb_set Vector44,_unhandled_exception
 211              		.weak	Vector40
 212              		.thumb_set Vector40,_unhandled_exception
 213              		.weak	SysTick_Handler
 214              		.thumb_set SysTick_Handler,_unhandled_exception
 215              		.weak	PendSV_Handler
 216              		.thumb_set PendSV_Handler,_unhandled_exception
 217              		.weak	Vector34
 218              		.thumb_set Vector34,_unhandled_exception
 219              		.weak	DebugMon_Handler
 220              		.thumb_set DebugMon_Handler,_unhandled_exception
 221              		.weak	SVC_Handler
 222              		.thumb_set SVC_Handler,_unhandled_exception
 223              		.weak	Vector28
 224              		.thumb_set Vector28,_unhandled_exception
 225              		.weak	Vector24
 226              		.thumb_set Vector24,_unhandled_exception
 227              		.weak	Vector20
 228              		.thumb_set Vector20,_unhandled_exception
 229              		.weak	Vector1C
 230              		.thumb_set Vector1C,_unhandled_exception
 231              		.weak	UsageFault_Handler
 232              		.thumb_set UsageFault_Handler,_unhandled_exception
 233              		.weak	BusFault_Handler
 234              		.thumb_set BusFault_Handler,_unhandled_exception
 235              		.weak	MemManage_Handler
 236              		.thumb_set MemManage_Handler,_unhandled_exception
 237              		.weak	HardFault_Handler
 238              		.thumb_set HardFault_Handler,_unhandled_exception
 239              		.weak	NMI_Handler
 240              		.thumb_set NMI_Handler,_unhandled_exception
 241              		.global	_vectors
 242              		.section	.vectors,"aw",%progbits
 243              		.align	7
 246              	_vectors:
 247 0000 00000000 		.word	__main_stack_end__
 248 0004 00000000 		.word	Reset_Handler
 249 0008 00000000 		.word	NMI_Handler
 250 000c 00000000 		.word	HardFault_Handler
 251 0010 00000000 		.word	MemManage_Handler
 252 0014 00000000 		.word	BusFault_Handler
 253 0018 00000000 		.word	UsageFault_Handler
 254 001c 00000000 		.word	Vector1C
 255 0020 00000000 		.word	Vector20
 256 0024 00000000 		.word	Vector24
 257 0028 00000000 		.word	Vector28
 258 002c 00000000 		.word	SVC_Handler
 259 0030 00000000 		.word	DebugMon_Handler
 260 0034 00000000 		.word	Vector34
 261 0038 00000000 		.word	PendSV_Handler
 262 003c 00000000 		.word	SysTick_Handler
 263 0040 00000000 		.word	Vector40
 264 0044 00000000 		.word	Vector44
 265 0048 00000000 		.word	Vector48
 266 004c 00000000 		.word	Vector4C
 267 0050 00000000 		.word	Vector50
 268 0054 00000000 		.word	Vector54
 269 0058 00000000 		.word	Vector58
 270 005c 00000000 		.word	Vector5C
 271 0060 00000000 		.word	Vector60
 272 0064 00000000 		.word	Vector64
 273 0068 00000000 		.word	Vector68
 274 006c 00000000 		.word	Vector6C
 275 0070 00000000 		.word	Vector70
 276 0074 00000000 		.word	Vector74
 277 0078 00000000 		.word	Vector78
 278 007c 00000000 		.word	Vector7C
 279 0080 00000000 		.word	Vector80
 280 0084 00000000 		.word	Vector84
 281 0088 00000000 		.word	Vector88
 282 008c 00000000 		.word	Vector8C
 283 0090 00000000 		.word	Vector90
 284 0094 00000000 		.word	Vector94
 285 0098 00000000 		.word	Vector98
 286 009c 00000000 		.word	Vector9C
 287 00a0 00000000 		.word	VectorA0
 288 00a4 00000000 		.word	VectorA4
 289 00a8 00000000 		.word	VectorA8
 290 00ac 00000000 		.word	VectorAC
 291 00b0 00000000 		.word	VectorB0
 292 00b4 00000000 		.word	VectorB4
 293 00b8 00000000 		.word	VectorB8
 294 00bc 00000000 		.word	VectorBC
 295 00c0 00000000 		.word	VectorC0
 296 00c4 00000000 		.word	VectorC4
 297 00c8 00000000 		.word	VectorC8
 298 00cc 00000000 		.word	VectorCC
 299 00d0 00000000 		.word	VectorD0
 300 00d4 00000000 		.word	VectorD4
 301 00d8 00000000 		.word	VectorD8
 302 00dc 00000000 		.word	VectorDC
 303 00e0 00000000 		.word	VectorE0
 304 00e4 00000000 		.word	VectorE4
 305 00e8 00000000 		.word	VectorE8
 306 00ec 00000000 		.word	VectorEC
 307 00f0 00000000 		.word	VectorF0
 308 00f4 00000000 		.word	VectorF4
 309 00f8 00000000 		.word	VectorF8
 310 00fc 00000000 		.word	VectorFC
 311 0100 00000000 		.word	Vector100
 312 0104 00000000 		.word	Vector104
 313 0108 00000000 		.word	Vector108
 314 010c 00000000 		.word	Vector10C
 315 0110 00000000 		.word	Vector110
 316 0114 00000000 		.word	Vector114
 317 0118 00000000 		.word	Vector118
 318 011c 00000000 		.word	Vector11C
 319 0120 00000000 		.word	Vector120
 320 0124 00000000 		.word	Vector124
 321 0128 00000000 		.word	Vector128
 322 012c 00000000 		.word	Vector12C
 323 0130 00000000 		.word	Vector130
 324 0134 00000000 		.word	Vector134
 325 0138 00000000 		.word	Vector138
 326 013c 00000000 		.word	Vector13C
 327 0140 00000000 		.word	Vector140
 328 0144 00000000 		.word	Vector144
 329 0148 00000000 		.word	Vector148
 330 014c 00000000 		.word	Vector14C
 331 0150 00000000 		.word	Vector150
 332 0154 00000000 		.word	Vector154
 333 0158 00000000 		.word	Vector158
 334 015c 00000000 		.word	Vector15C
 335 0160 00000000 		.word	Vector160
 336 0164 00000000 		.word	Vector164
 337 0168 00000000 		.word	Vector168
 338 016c 00000000 		.word	Vector16C
 339 0170 00000000 		.word	Vector170
 340 0174 00000000 		.word	Vector174
 341 0178 00000000 		.word	Vector178
 342 017c 00000000 		.word	Vector17C
 343 0180 00000000 		.word	Vector180
 344 0184 00000000 		.word	Vector184
 345 0188 00000000 		.word	Vector188
 346 018c 00000000 		.word	Vector18C
 347 0190 00000000 		.word	Vector190
 348 0194 00000000 		.word	Vector194
 349 0198 00000000 		.word	Vector198
 350 019c 00000000 		.word	Vector19C
 351              		.text
 352              	.Letext0:
 353              		.file 2 "/usr/local/Cellar/gcc-arm-none-eabi/20180627/arm-none-eabi/include/machine/_default_types
 354              		.file 3 "/usr/local/Cellar/gcc-arm-none-eabi/20180627/arm-none-eabi/include/sys/_stdint.h"
 355              		.file 4 "./lib/chibios/os/common/ext/CMSIS/include/core_cm4.h"
 356              		.file 5 "./lib/chibios/os/common/ext/CMSIS/ST/STM32F3xx/system_stm32f3xx.h"
 357              		.file 6 "lib/chibios/os/common/startup/ARMCMx/compilers/GCC/vectors.h"
DEFINED SYMBOLS
                            *ABS*:0000000000000000 vectors.c
/var/tmp//cc8ZoK5U.s:16     .text._unhandled_exception:0000000000000000 $t
/var/tmp//cc8ZoK5U.s:23     .text._unhandled_exception:0000000000000000 _unhandled_exception
/var/tmp//cc8ZoK5U.s:23     .text._unhandled_exception:0000000000000000 Vector19C
/var/tmp//cc8ZoK5U.s:23     .text._unhandled_exception:0000000000000000 Vector198
/var/tmp//cc8ZoK5U.s:23     .text._unhandled_exception:0000000000000000 Vector194
/var/tmp//cc8ZoK5U.s:23     .text._unhandled_exception:0000000000000000 Vector190
/var/tmp//cc8ZoK5U.s:23     .text._unhandled_exception:0000000000000000 Vector18C
/var/tmp//cc8ZoK5U.s:23     .text._unhandled_exception:0000000000000000 Vector188
/var/tmp//cc8ZoK5U.s:23     .text._unhandled_exception:0000000000000000 Vector184
/var/tmp//cc8ZoK5U.s:23     .text._unhandled_exception:0000000000000000 Vector180
/var/tmp//cc8ZoK5U.s:23     .text._unhandled_exception:0000000000000000 Vector17C
/var/tmp//cc8ZoK5U.s:23     .text._unhandled_exception:0000000000000000 Vector178
/var/tmp//cc8ZoK5U.s:23     .text._unhandled_exception:0000000000000000 Vector174
/var/tmp//cc8ZoK5U.s:23     .text._unhandled_exception:0000000000000000 Vector170
/var/tmp//cc8ZoK5U.s:23     .text._unhandled_exception:0000000000000000 Vector16C
/var/tmp//cc8ZoK5U.s:23     .text._unhandled_exception:0000000000000000 Vector168
/var/tmp//cc8ZoK5U.s:23     .text._unhandled_exception:0000000000000000 Vector164
/var/tmp//cc8ZoK5U.s:23     .text._unhandled_exception:0000000000000000 Vector160
/var/tmp//cc8ZoK5U.s:23     .text._unhandled_exception:0000000000000000 Vector15C
/var/tmp//cc8ZoK5U.s:23     .text._unhandled_exception:0000000000000000 Vector158
/var/tmp//cc8ZoK5U.s:23     .text._unhandled_exception:0000000000000000 Vector154
/var/tmp//cc8ZoK5U.s:23     .text._unhandled_exception:0000000000000000 Vector150
/var/tmp//cc8ZoK5U.s:23     .text._unhandled_exception:0000000000000000 Vector14C
/var/tmp//cc8ZoK5U.s:23     .text._unhandled_exception:0000000000000000 Vector148
/var/tmp//cc8ZoK5U.s:23     .text._unhandled_exception:0000000000000000 Vector144
/var/tmp//cc8ZoK5U.s:23     .text._unhandled_exception:0000000000000000 Vector140
/var/tmp//cc8ZoK5U.s:23     .text._unhandled_exception:0000000000000000 Vector13C
/var/tmp//cc8ZoK5U.s:23     .text._unhandled_exception:0000000000000000 Vector138
/var/tmp//cc8ZoK5U.s:23     .text._unhandled_exception:0000000000000000 Vector134
/var/tmp//cc8ZoK5U.s:23     .text._unhandled_exception:0000000000000000 Vector130
/var/tmp//cc8ZoK5U.s:23     .text._unhandled_exception:0000000000000000 Vector12C
/var/tmp//cc8ZoK5U.s:23     .text._unhandled_exception:0000000000000000 Vector128
/var/tmp//cc8ZoK5U.s:23     .text._unhandled_exception:0000000000000000 Vector124
/var/tmp//cc8ZoK5U.s:23     .text._unhandled_exception:0000000000000000 Vector120
/var/tmp//cc8ZoK5U.s:23     .text._unhandled_exception:0000000000000000 Vector11C
/var/tmp//cc8ZoK5U.s:23     .text._unhandled_exception:0000000000000000 Vector118
/var/tmp//cc8ZoK5U.s:23     .text._unhandled_exception:0000000000000000 Vector114
/var/tmp//cc8ZoK5U.s:23     .text._unhandled_exception:0000000000000000 Vector110
/var/tmp//cc8ZoK5U.s:23     .text._unhandled_exception:0000000000000000 Vector10C
/var/tmp//cc8ZoK5U.s:23     .text._unhandled_exception:0000000000000000 Vector108
/var/tmp//cc8ZoK5U.s:23     .text._unhandled_exception:0000000000000000 Vector104
/var/tmp//cc8ZoK5U.s:23     .text._unhandled_exception:0000000000000000 Vector100
/var/tmp//cc8ZoK5U.s:23     .text._unhandled_exception:0000000000000000 VectorFC
/var/tmp//cc8ZoK5U.s:23     .text._unhandled_exception:0000000000000000 VectorF8
/var/tmp//cc8ZoK5U.s:23     .text._unhandled_exception:0000000000000000 VectorF4
/var/tmp//cc8ZoK5U.s:23     .text._unhandled_exception:0000000000000000 VectorF0
/var/tmp//cc8ZoK5U.s:23     .text._unhandled_exception:0000000000000000 VectorEC
/var/tmp//cc8ZoK5U.s:23     .text._unhandled_exception:0000000000000000 VectorE8
/var/tmp//cc8ZoK5U.s:23     .text._unhandled_exception:0000000000000000 VectorE4
/var/tmp//cc8ZoK5U.s:23     .text._unhandled_exception:0000000000000000 VectorE0
/var/tmp//cc8ZoK5U.s:23     .text._unhandled_exception:0000000000000000 VectorDC
/var/tmp//cc8ZoK5U.s:23     .text._unhandled_exception:0000000000000000 VectorD8
/var/tmp//cc8ZoK5U.s:23     .text._unhandled_exception:0000000000000000 VectorD4
/var/tmp//cc8ZoK5U.s:23     .text._unhandled_exception:0000000000000000 VectorD0
/var/tmp//cc8ZoK5U.s:23     .text._unhandled_exception:0000000000000000 VectorCC
/var/tmp//cc8ZoK5U.s:23     .text._unhandled_exception:0000000000000000 VectorC8
/var/tmp//cc8ZoK5U.s:23     .text._unhandled_exception:0000000000000000 VectorC4
/var/tmp//cc8ZoK5U.s:23     .text._unhandled_exception:0000000000000000 VectorC0
/var/tmp//cc8ZoK5U.s:23     .text._unhandled_exception:0000000000000000 VectorBC
/var/tmp//cc8ZoK5U.s:23     .text._unhandled_exception:0000000000000000 VectorB8
/var/tmp//cc8ZoK5U.s:23     .text._unhandled_exception:0000000000000000 VectorB4
/var/tmp//cc8ZoK5U.s:23     .text._unhandled_exception:0000000000000000 VectorB0
/var/tmp//cc8ZoK5U.s:23     .text._unhandled_exception:0000000000000000 VectorAC
/var/tmp//cc8ZoK5U.s:23     .text._unhandled_exception:0000000000000000 VectorA8
/var/tmp//cc8ZoK5U.s:23     .text._unhandled_exception:0000000000000000 VectorA4
/var/tmp//cc8ZoK5U.s:23     .text._unhandled_exception:0000000000000000 VectorA0
/var/tmp//cc8ZoK5U.s:23     .text._unhandled_exception:0000000000000000 Vector9C
/var/tmp//cc8ZoK5U.s:23     .text._unhandled_exception:0000000000000000 Vector98
/var/tmp//cc8ZoK5U.s:23     .text._unhandled_exception:0000000000000000 Vector94
/var/tmp//cc8ZoK5U.s:23     .text._unhandled_exception:0000000000000000 Vector90
/var/tmp//cc8ZoK5U.s:23     .text._unhandled_exception:0000000000000000 Vector8C
/var/tmp//cc8ZoK5U.s:23     .text._unhandled_exception:0000000000000000 Vector88
/var/tmp//cc8ZoK5U.s:23     .text._unhandled_exception:0000000000000000 Vector84
/var/tmp//cc8ZoK5U.s:23     .text._unhandled_exception:0000000000000000 Vector80
/var/tmp//cc8ZoK5U.s:23     .text._unhandled_exception:0000000000000000 Vector7C
/var/tmp//cc8ZoK5U.s:23     .text._unhandled_exception:0000000000000000 Vector78
/var/tmp//cc8ZoK5U.s:23     .text._unhandled_exception:0000000000000000 Vector74
/var/tmp//cc8ZoK5U.s:23     .text._unhandled_exception:0000000000000000 Vector70
/var/tmp//cc8ZoK5U.s:23     .text._unhandled_exception:0000000000000000 Vector6C
/var/tmp//cc8ZoK5U.s:23     .text._unhandled_exception:0000000000000000 Vector68
/var/tmp//cc8ZoK5U.s:23     .text._unhandled_exception:0000000000000000 Vector64
/var/tmp//cc8ZoK5U.s:23     .text._unhandled_exception:0000000000000000 Vector60
/var/tmp//cc8ZoK5U.s:23     .text._unhandled_exception:0000000000000000 Vector5C
/var/tmp//cc8ZoK5U.s:23     .text._unhandled_exception:0000000000000000 Vector58
/var/tmp//cc8ZoK5U.s:23     .text._unhandled_exception:0000000000000000 Vector54
/var/tmp//cc8ZoK5U.s:23     .text._unhandled_exception:0000000000000000 Vector50
/var/tmp//cc8ZoK5U.s:23     .text._unhandled_exception:0000000000000000 Vector4C
/var/tmp//cc8ZoK5U.s:23     .text._unhandled_exception:0000000000000000 Vector48
/var/tmp//cc8ZoK5U.s:23     .text._unhandled_exception:0000000000000000 Vector44
/var/tmp//cc8ZoK5U.s:23     .text._unhandled_exception:0000000000000000 Vector40
/var/tmp//cc8ZoK5U.s:23     .text._unhandled_exception:0000000000000000 SysTick_Handler
/var/tmp//cc8ZoK5U.s:23     .text._unhandled_exception:0000000000000000 PendSV_Handler
/var/tmp//cc8ZoK5U.s:23     .text._unhandled_exception:0000000000000000 Vector34
/var/tmp//cc8ZoK5U.s:23     .text._unhandled_exception:0000000000000000 DebugMon_Handler
/var/tmp//cc8ZoK5U.s:23     .text._unhandled_exception:0000000000000000 SVC_Handler
/var/tmp//cc8ZoK5U.s:23     .text._unhandled_exception:0000000000000000 Vector28
/var/tmp//cc8ZoK5U.s:23     .text._unhandled_exception:0000000000000000 Vector24
/var/tmp//cc8ZoK5U.s:23     .text._unhandled_exception:0000000000000000 Vector20
/var/tmp//cc8ZoK5U.s:23     .text._unhandled_exception:0000000000000000 Vector1C
/var/tmp//cc8ZoK5U.s:23     .text._unhandled_exception:0000000000000000 UsageFault_Handler
/var/tmp//cc8ZoK5U.s:23     .text._unhandled_exception:0000000000000000 BusFault_Handler
/var/tmp//cc8ZoK5U.s:23     .text._unhandled_exception:0000000000000000 MemManage_Handler
/var/tmp//cc8ZoK5U.s:23     .text._unhandled_exception:0000000000000000 HardFault_Handler
/var/tmp//cc8ZoK5U.s:23     .text._unhandled_exception:0000000000000000 NMI_Handler
/var/tmp//cc8ZoK5U.s:246    .vectors:0000000000000000 _vectors
/var/tmp//cc8ZoK5U.s:243    .vectors:0000000000000000 $d

UNDEFINED SYMBOLS
__main_stack_end__
Reset_Handler
