   1              		.cpu cortex-m4
   2              		.eabi_attribute 20, 1
   3              		.eabi_attribute 21, 1
   4              		.eabi_attribute 23, 3
   5              		.eabi_attribute 24, 1
   6              		.eabi_attribute 25, 1
   7              		.eabi_attribute 26, 1
   8              		.eabi_attribute 30, 4
   9              		.eabi_attribute 34, 1
  10              		.eabi_attribute 18, 2
  11              		.file	"timer.c"
  12              		.text
  13              	.Ltext0:
  14              		.cfi_sections	.debug_frame
  15              		.section	.text.timer_clear,"ax",%progbits
  16              		.align	1
  17              		.global	timer_clear
  18              		.syntax unified
  19              		.thumb
  20              		.thumb_func
  21              		.fpu softvfp
  23              	timer_clear:
  24              	.LFB251:
  25              		.file 1 "tmk_core/common/chibios/timer.c"
   1:tmk_core/common/chibios/timer.c **** #include "ch.h"
   2:tmk_core/common/chibios/timer.c **** 
   3:tmk_core/common/chibios/timer.c **** #include "timer.h"
   4:tmk_core/common/chibios/timer.c **** 
   5:tmk_core/common/chibios/timer.c **** static systime_t last_systime    = 0;
   6:tmk_core/common/chibios/timer.c **** static systime_t overflow        = 0;
   7:tmk_core/common/chibios/timer.c **** static uint32_t  current_time_ms = 0;
   8:tmk_core/common/chibios/timer.c **** 
   9:tmk_core/common/chibios/timer.c **** void timer_init(void) { timer_clear(); }
  10:tmk_core/common/chibios/timer.c **** 
  11:tmk_core/common/chibios/timer.c **** void timer_clear(void) {
  26              		.loc 1 11 0
  27              		.cfi_startproc
  28              		@ args = 0, pretend = 0, frame = 0
  29              		@ frame_needed = 0, uses_anonymous_args = 0
  30              		@ link register save eliminated.
  31              	.LVL0:
  32              	.LBB52:
  33              	.LBB53:
  34              	.LBB54:
  35              	.LBB55:
  36              	.LBB56:
  37              	.LBB57:
  38              		.file 2 "./lib/chibios/os/common/ext/CMSIS/include/cmsis_gcc.h"
   1:./lib/chibios/os/common/ext/CMSIS/include/cmsis_gcc.h **** /**************************************************************************//**
   2:./lib/chibios/os/common/ext/CMSIS/include/cmsis_gcc.h ****  * @file     cmsis_gcc.h
   3:./lib/chibios/os/common/ext/CMSIS/include/cmsis_gcc.h ****  * @brief    CMSIS Cortex-M Core Function/Instruction Header File
   4:./lib/chibios/os/common/ext/CMSIS/include/cmsis_gcc.h ****  * @version  V4.30
   5:./lib/chibios/os/common/ext/CMSIS/include/cmsis_gcc.h ****  * @date     20. October 2015
   6:./lib/chibios/os/common/ext/CMSIS/include/cmsis_gcc.h ****  ******************************************************************************/
   7:./lib/chibios/os/common/ext/CMSIS/include/cmsis_gcc.h **** /* Copyright (c) 2009 - 2015 ARM LIMITED
   8:./lib/chibios/os/common/ext/CMSIS/include/cmsis_gcc.h **** 
   9:./lib/chibios/os/common/ext/CMSIS/include/cmsis_gcc.h ****    All rights reserved.
  10:./lib/chibios/os/common/ext/CMSIS/include/cmsis_gcc.h ****    Redistribution and use in source and binary forms, with or without
  11:./lib/chibios/os/common/ext/CMSIS/include/cmsis_gcc.h ****    modification, are permitted provided that the following conditions are met:
  12:./lib/chibios/os/common/ext/CMSIS/include/cmsis_gcc.h ****    - Redistributions of source code must retain the above copyright
  13:./lib/chibios/os/common/ext/CMSIS/include/cmsis_gcc.h ****      notice, this list of conditions and the following disclaimer.
  14:./lib/chibios/os/common/ext/CMSIS/include/cmsis_gcc.h ****    - Redistributions in binary form must reproduce the above copyright
  15:./lib/chibios/os/common/ext/CMSIS/include/cmsis_gcc.h ****      notice, this list of conditions and the following disclaimer in the
  16:./lib/chibios/os/common/ext/CMSIS/include/cmsis_gcc.h ****      documentation and/or other materials provided with the distribution.
  17:./lib/chibios/os/common/ext/CMSIS/include/cmsis_gcc.h ****    - Neither the name of ARM nor the names of its contributors may be used
  18:./lib/chibios/os/common/ext/CMSIS/include/cmsis_gcc.h ****      to endorse or promote products derived from this software without
  19:./lib/chibios/os/common/ext/CMSIS/include/cmsis_gcc.h ****      specific prior written permission.
  20:./lib/chibios/os/common/ext/CMSIS/include/cmsis_gcc.h ****    *
  21:./lib/chibios/os/common/ext/CMSIS/include/cmsis_gcc.h ****    THIS SOFTWARE IS PROVIDED BY THE COPYRIGHT HOLDERS AND CONTRIBUTORS "AS IS"
  22:./lib/chibios/os/common/ext/CMSIS/include/cmsis_gcc.h ****    AND ANY EXPRESS OR IMPLIED WARRANTIES, INCLUDING, BUT NOT LIMITED TO, THE
  23:./lib/chibios/os/common/ext/CMSIS/include/cmsis_gcc.h ****    IMPLIED WARRANTIES OF MERCHANTABILITY AND FITNESS FOR A PARTICULAR PURPOSE
  24:./lib/chibios/os/common/ext/CMSIS/include/cmsis_gcc.h ****    ARE DISCLAIMED. IN NO EVENT SHALL COPYRIGHT HOLDERS AND CONTRIBUTORS BE
  25:./lib/chibios/os/common/ext/CMSIS/include/cmsis_gcc.h ****    LIABLE FOR ANY DIRECT, INDIRECT, INCIDENTAL, SPECIAL, EXEMPLARY, OR
  26:./lib/chibios/os/common/ext/CMSIS/include/cmsis_gcc.h ****    CONSEQUENTIAL DAMAGES (INCLUDING, BUT NOT LIMITED TO, PROCUREMENT OF
  27:./lib/chibios/os/common/ext/CMSIS/include/cmsis_gcc.h ****    SUBSTITUTE GOODS OR SERVICES; LOSS OF USE, DATA, OR PROFITS; OR BUSINESS
  28:./lib/chibios/os/common/ext/CMSIS/include/cmsis_gcc.h ****    INTERRUPTION) HOWEVER CAUSED AND ON ANY THEORY OF LIABILITY, WHETHER IN
  29:./lib/chibios/os/common/ext/CMSIS/include/cmsis_gcc.h ****    CONTRACT, STRICT LIABILITY, OR TORT (INCLUDING NEGLIGENCE OR OTHERWISE)
  30:./lib/chibios/os/common/ext/CMSIS/include/cmsis_gcc.h ****    ARISING IN ANY WAY OUT OF THE USE OF THIS SOFTWARE, EVEN IF ADVISED OF THE
  31:./lib/chibios/os/common/ext/CMSIS/include/cmsis_gcc.h ****    POSSIBILITY OF SUCH DAMAGE.
  32:./lib/chibios/os/common/ext/CMSIS/include/cmsis_gcc.h ****    ---------------------------------------------------------------------------*/
  33:./lib/chibios/os/common/ext/CMSIS/include/cmsis_gcc.h **** 
  34:./lib/chibios/os/common/ext/CMSIS/include/cmsis_gcc.h **** 
  35:./lib/chibios/os/common/ext/CMSIS/include/cmsis_gcc.h **** #ifndef __CMSIS_GCC_H
  36:./lib/chibios/os/common/ext/CMSIS/include/cmsis_gcc.h **** #define __CMSIS_GCC_H
  37:./lib/chibios/os/common/ext/CMSIS/include/cmsis_gcc.h **** 
  38:./lib/chibios/os/common/ext/CMSIS/include/cmsis_gcc.h **** /* ignore some GCC warnings */
  39:./lib/chibios/os/common/ext/CMSIS/include/cmsis_gcc.h **** #if defined ( __GNUC__ )
  40:./lib/chibios/os/common/ext/CMSIS/include/cmsis_gcc.h **** #pragma GCC diagnostic push
  41:./lib/chibios/os/common/ext/CMSIS/include/cmsis_gcc.h **** #pragma GCC diagnostic ignored "-Wsign-conversion"
  42:./lib/chibios/os/common/ext/CMSIS/include/cmsis_gcc.h **** #pragma GCC diagnostic ignored "-Wconversion"
  43:./lib/chibios/os/common/ext/CMSIS/include/cmsis_gcc.h **** #pragma GCC diagnostic ignored "-Wunused-parameter"
  44:./lib/chibios/os/common/ext/CMSIS/include/cmsis_gcc.h **** #endif
  45:./lib/chibios/os/common/ext/CMSIS/include/cmsis_gcc.h **** 
  46:./lib/chibios/os/common/ext/CMSIS/include/cmsis_gcc.h **** 
  47:./lib/chibios/os/common/ext/CMSIS/include/cmsis_gcc.h **** /* ###########################  Core Function Access  ########################### */
  48:./lib/chibios/os/common/ext/CMSIS/include/cmsis_gcc.h **** /** \ingroup  CMSIS_Core_FunctionInterface
  49:./lib/chibios/os/common/ext/CMSIS/include/cmsis_gcc.h ****     \defgroup CMSIS_Core_RegAccFunctions CMSIS Core Register Access Functions
  50:./lib/chibios/os/common/ext/CMSIS/include/cmsis_gcc.h ****   @{
  51:./lib/chibios/os/common/ext/CMSIS/include/cmsis_gcc.h ****  */
  52:./lib/chibios/os/common/ext/CMSIS/include/cmsis_gcc.h **** 
  53:./lib/chibios/os/common/ext/CMSIS/include/cmsis_gcc.h **** /**
  54:./lib/chibios/os/common/ext/CMSIS/include/cmsis_gcc.h ****   \brief   Enable IRQ Interrupts
  55:./lib/chibios/os/common/ext/CMSIS/include/cmsis_gcc.h ****   \details Enables IRQ interrupts by clearing the I-bit in the CPSR.
  56:./lib/chibios/os/common/ext/CMSIS/include/cmsis_gcc.h ****            Can only be executed in Privileged modes.
  57:./lib/chibios/os/common/ext/CMSIS/include/cmsis_gcc.h ****  */
  58:./lib/chibios/os/common/ext/CMSIS/include/cmsis_gcc.h **** __attribute__( ( always_inline ) ) __STATIC_INLINE void __enable_irq(void)
  59:./lib/chibios/os/common/ext/CMSIS/include/cmsis_gcc.h **** {
  60:./lib/chibios/os/common/ext/CMSIS/include/cmsis_gcc.h ****   __ASM volatile ("cpsie i" : : : "memory");
  61:./lib/chibios/os/common/ext/CMSIS/include/cmsis_gcc.h **** }
  62:./lib/chibios/os/common/ext/CMSIS/include/cmsis_gcc.h **** 
  63:./lib/chibios/os/common/ext/CMSIS/include/cmsis_gcc.h **** 
  64:./lib/chibios/os/common/ext/CMSIS/include/cmsis_gcc.h **** /**
  65:./lib/chibios/os/common/ext/CMSIS/include/cmsis_gcc.h ****   \brief   Disable IRQ Interrupts
  66:./lib/chibios/os/common/ext/CMSIS/include/cmsis_gcc.h ****   \details Disables IRQ interrupts by setting the I-bit in the CPSR.
  67:./lib/chibios/os/common/ext/CMSIS/include/cmsis_gcc.h ****   Can only be executed in Privileged modes.
  68:./lib/chibios/os/common/ext/CMSIS/include/cmsis_gcc.h ****  */
  69:./lib/chibios/os/common/ext/CMSIS/include/cmsis_gcc.h **** __attribute__( ( always_inline ) ) __STATIC_INLINE void __disable_irq(void)
  70:./lib/chibios/os/common/ext/CMSIS/include/cmsis_gcc.h **** {
  71:./lib/chibios/os/common/ext/CMSIS/include/cmsis_gcc.h ****   __ASM volatile ("cpsid i" : : : "memory");
  72:./lib/chibios/os/common/ext/CMSIS/include/cmsis_gcc.h **** }
  73:./lib/chibios/os/common/ext/CMSIS/include/cmsis_gcc.h **** 
  74:./lib/chibios/os/common/ext/CMSIS/include/cmsis_gcc.h **** 
  75:./lib/chibios/os/common/ext/CMSIS/include/cmsis_gcc.h **** /**
  76:./lib/chibios/os/common/ext/CMSIS/include/cmsis_gcc.h ****   \brief   Get Control Register
  77:./lib/chibios/os/common/ext/CMSIS/include/cmsis_gcc.h ****   \details Returns the content of the Control Register.
  78:./lib/chibios/os/common/ext/CMSIS/include/cmsis_gcc.h ****   \return               Control Register value
  79:./lib/chibios/os/common/ext/CMSIS/include/cmsis_gcc.h ****  */
  80:./lib/chibios/os/common/ext/CMSIS/include/cmsis_gcc.h **** __attribute__( ( always_inline ) ) __STATIC_INLINE uint32_t __get_CONTROL(void)
  81:./lib/chibios/os/common/ext/CMSIS/include/cmsis_gcc.h **** {
  82:./lib/chibios/os/common/ext/CMSIS/include/cmsis_gcc.h ****   uint32_t result;
  83:./lib/chibios/os/common/ext/CMSIS/include/cmsis_gcc.h **** 
  84:./lib/chibios/os/common/ext/CMSIS/include/cmsis_gcc.h ****   __ASM volatile ("MRS %0, control" : "=r" (result) );
  85:./lib/chibios/os/common/ext/CMSIS/include/cmsis_gcc.h ****   return(result);
  86:./lib/chibios/os/common/ext/CMSIS/include/cmsis_gcc.h **** }
  87:./lib/chibios/os/common/ext/CMSIS/include/cmsis_gcc.h **** 
  88:./lib/chibios/os/common/ext/CMSIS/include/cmsis_gcc.h **** 
  89:./lib/chibios/os/common/ext/CMSIS/include/cmsis_gcc.h **** /**
  90:./lib/chibios/os/common/ext/CMSIS/include/cmsis_gcc.h ****   \brief   Set Control Register
  91:./lib/chibios/os/common/ext/CMSIS/include/cmsis_gcc.h ****   \details Writes the given value to the Control Register.
  92:./lib/chibios/os/common/ext/CMSIS/include/cmsis_gcc.h ****   \param [in]    control  Control Register value to set
  93:./lib/chibios/os/common/ext/CMSIS/include/cmsis_gcc.h ****  */
  94:./lib/chibios/os/common/ext/CMSIS/include/cmsis_gcc.h **** __attribute__( ( always_inline ) ) __STATIC_INLINE void __set_CONTROL(uint32_t control)
  95:./lib/chibios/os/common/ext/CMSIS/include/cmsis_gcc.h **** {
  96:./lib/chibios/os/common/ext/CMSIS/include/cmsis_gcc.h ****   __ASM volatile ("MSR control, %0" : : "r" (control) : "memory");
  97:./lib/chibios/os/common/ext/CMSIS/include/cmsis_gcc.h **** }
  98:./lib/chibios/os/common/ext/CMSIS/include/cmsis_gcc.h **** 
  99:./lib/chibios/os/common/ext/CMSIS/include/cmsis_gcc.h **** 
 100:./lib/chibios/os/common/ext/CMSIS/include/cmsis_gcc.h **** /**
 101:./lib/chibios/os/common/ext/CMSIS/include/cmsis_gcc.h ****   \brief   Get IPSR Register
 102:./lib/chibios/os/common/ext/CMSIS/include/cmsis_gcc.h ****   \details Returns the content of the IPSR Register.
 103:./lib/chibios/os/common/ext/CMSIS/include/cmsis_gcc.h ****   \return               IPSR Register value
 104:./lib/chibios/os/common/ext/CMSIS/include/cmsis_gcc.h ****  */
 105:./lib/chibios/os/common/ext/CMSIS/include/cmsis_gcc.h **** __attribute__( ( always_inline ) ) __STATIC_INLINE uint32_t __get_IPSR(void)
 106:./lib/chibios/os/common/ext/CMSIS/include/cmsis_gcc.h **** {
 107:./lib/chibios/os/common/ext/CMSIS/include/cmsis_gcc.h ****   uint32_t result;
 108:./lib/chibios/os/common/ext/CMSIS/include/cmsis_gcc.h **** 
 109:./lib/chibios/os/common/ext/CMSIS/include/cmsis_gcc.h ****   __ASM volatile ("MRS %0, ipsr" : "=r" (result) );
 110:./lib/chibios/os/common/ext/CMSIS/include/cmsis_gcc.h ****   return(result);
 111:./lib/chibios/os/common/ext/CMSIS/include/cmsis_gcc.h **** }
 112:./lib/chibios/os/common/ext/CMSIS/include/cmsis_gcc.h **** 
 113:./lib/chibios/os/common/ext/CMSIS/include/cmsis_gcc.h **** 
 114:./lib/chibios/os/common/ext/CMSIS/include/cmsis_gcc.h **** /**
 115:./lib/chibios/os/common/ext/CMSIS/include/cmsis_gcc.h ****   \brief   Get APSR Register
 116:./lib/chibios/os/common/ext/CMSIS/include/cmsis_gcc.h ****   \details Returns the content of the APSR Register.
 117:./lib/chibios/os/common/ext/CMSIS/include/cmsis_gcc.h ****   \return               APSR Register value
 118:./lib/chibios/os/common/ext/CMSIS/include/cmsis_gcc.h ****  */
 119:./lib/chibios/os/common/ext/CMSIS/include/cmsis_gcc.h **** __attribute__( ( always_inline ) ) __STATIC_INLINE uint32_t __get_APSR(void)
 120:./lib/chibios/os/common/ext/CMSIS/include/cmsis_gcc.h **** {
 121:./lib/chibios/os/common/ext/CMSIS/include/cmsis_gcc.h ****   uint32_t result;
 122:./lib/chibios/os/common/ext/CMSIS/include/cmsis_gcc.h **** 
 123:./lib/chibios/os/common/ext/CMSIS/include/cmsis_gcc.h ****   __ASM volatile ("MRS %0, apsr" : "=r" (result) );
 124:./lib/chibios/os/common/ext/CMSIS/include/cmsis_gcc.h ****   return(result);
 125:./lib/chibios/os/common/ext/CMSIS/include/cmsis_gcc.h **** }
 126:./lib/chibios/os/common/ext/CMSIS/include/cmsis_gcc.h **** 
 127:./lib/chibios/os/common/ext/CMSIS/include/cmsis_gcc.h **** 
 128:./lib/chibios/os/common/ext/CMSIS/include/cmsis_gcc.h **** /**
 129:./lib/chibios/os/common/ext/CMSIS/include/cmsis_gcc.h ****   \brief   Get xPSR Register
 130:./lib/chibios/os/common/ext/CMSIS/include/cmsis_gcc.h ****   \details Returns the content of the xPSR Register.
 131:./lib/chibios/os/common/ext/CMSIS/include/cmsis_gcc.h **** 
 132:./lib/chibios/os/common/ext/CMSIS/include/cmsis_gcc.h ****     \return               xPSR Register value
 133:./lib/chibios/os/common/ext/CMSIS/include/cmsis_gcc.h ****  */
 134:./lib/chibios/os/common/ext/CMSIS/include/cmsis_gcc.h **** __attribute__( ( always_inline ) ) __STATIC_INLINE uint32_t __get_xPSR(void)
 135:./lib/chibios/os/common/ext/CMSIS/include/cmsis_gcc.h **** {
 136:./lib/chibios/os/common/ext/CMSIS/include/cmsis_gcc.h ****   uint32_t result;
 137:./lib/chibios/os/common/ext/CMSIS/include/cmsis_gcc.h **** 
 138:./lib/chibios/os/common/ext/CMSIS/include/cmsis_gcc.h ****   __ASM volatile ("MRS %0, xpsr" : "=r" (result) );
 139:./lib/chibios/os/common/ext/CMSIS/include/cmsis_gcc.h ****   return(result);
 140:./lib/chibios/os/common/ext/CMSIS/include/cmsis_gcc.h **** }
 141:./lib/chibios/os/common/ext/CMSIS/include/cmsis_gcc.h **** 
 142:./lib/chibios/os/common/ext/CMSIS/include/cmsis_gcc.h **** 
 143:./lib/chibios/os/common/ext/CMSIS/include/cmsis_gcc.h **** /**
 144:./lib/chibios/os/common/ext/CMSIS/include/cmsis_gcc.h ****   \brief   Get Process Stack Pointer
 145:./lib/chibios/os/common/ext/CMSIS/include/cmsis_gcc.h ****   \details Returns the current value of the Process Stack Pointer (PSP).
 146:./lib/chibios/os/common/ext/CMSIS/include/cmsis_gcc.h ****   \return               PSP Register value
 147:./lib/chibios/os/common/ext/CMSIS/include/cmsis_gcc.h ****  */
 148:./lib/chibios/os/common/ext/CMSIS/include/cmsis_gcc.h **** __attribute__( ( always_inline ) ) __STATIC_INLINE uint32_t __get_PSP(void)
 149:./lib/chibios/os/common/ext/CMSIS/include/cmsis_gcc.h **** {
 150:./lib/chibios/os/common/ext/CMSIS/include/cmsis_gcc.h ****   register uint32_t result;
 151:./lib/chibios/os/common/ext/CMSIS/include/cmsis_gcc.h **** 
 152:./lib/chibios/os/common/ext/CMSIS/include/cmsis_gcc.h ****   __ASM volatile ("MRS %0, psp\n"  : "=r" (result) );
 153:./lib/chibios/os/common/ext/CMSIS/include/cmsis_gcc.h ****   return(result);
 154:./lib/chibios/os/common/ext/CMSIS/include/cmsis_gcc.h **** }
 155:./lib/chibios/os/common/ext/CMSIS/include/cmsis_gcc.h **** 
 156:./lib/chibios/os/common/ext/CMSIS/include/cmsis_gcc.h **** 
 157:./lib/chibios/os/common/ext/CMSIS/include/cmsis_gcc.h **** /**
 158:./lib/chibios/os/common/ext/CMSIS/include/cmsis_gcc.h ****   \brief   Set Process Stack Pointer
 159:./lib/chibios/os/common/ext/CMSIS/include/cmsis_gcc.h ****   \details Assigns the given value to the Process Stack Pointer (PSP).
 160:./lib/chibios/os/common/ext/CMSIS/include/cmsis_gcc.h ****   \param [in]    topOfProcStack  Process Stack Pointer value to set
 161:./lib/chibios/os/common/ext/CMSIS/include/cmsis_gcc.h ****  */
 162:./lib/chibios/os/common/ext/CMSIS/include/cmsis_gcc.h **** __attribute__( ( always_inline ) ) __STATIC_INLINE void __set_PSP(uint32_t topOfProcStack)
 163:./lib/chibios/os/common/ext/CMSIS/include/cmsis_gcc.h **** {
 164:./lib/chibios/os/common/ext/CMSIS/include/cmsis_gcc.h ****   __ASM volatile ("MSR psp, %0\n" : : "r" (topOfProcStack) : "sp");
 165:./lib/chibios/os/common/ext/CMSIS/include/cmsis_gcc.h **** }
 166:./lib/chibios/os/common/ext/CMSIS/include/cmsis_gcc.h **** 
 167:./lib/chibios/os/common/ext/CMSIS/include/cmsis_gcc.h **** 
 168:./lib/chibios/os/common/ext/CMSIS/include/cmsis_gcc.h **** /**
 169:./lib/chibios/os/common/ext/CMSIS/include/cmsis_gcc.h ****   \brief   Get Main Stack Pointer
 170:./lib/chibios/os/common/ext/CMSIS/include/cmsis_gcc.h ****   \details Returns the current value of the Main Stack Pointer (MSP).
 171:./lib/chibios/os/common/ext/CMSIS/include/cmsis_gcc.h ****   \return               MSP Register value
 172:./lib/chibios/os/common/ext/CMSIS/include/cmsis_gcc.h ****  */
 173:./lib/chibios/os/common/ext/CMSIS/include/cmsis_gcc.h **** __attribute__( ( always_inline ) ) __STATIC_INLINE uint32_t __get_MSP(void)
 174:./lib/chibios/os/common/ext/CMSIS/include/cmsis_gcc.h **** {
 175:./lib/chibios/os/common/ext/CMSIS/include/cmsis_gcc.h ****   register uint32_t result;
 176:./lib/chibios/os/common/ext/CMSIS/include/cmsis_gcc.h **** 
 177:./lib/chibios/os/common/ext/CMSIS/include/cmsis_gcc.h ****   __ASM volatile ("MRS %0, msp\n" : "=r" (result) );
 178:./lib/chibios/os/common/ext/CMSIS/include/cmsis_gcc.h ****   return(result);
 179:./lib/chibios/os/common/ext/CMSIS/include/cmsis_gcc.h **** }
 180:./lib/chibios/os/common/ext/CMSIS/include/cmsis_gcc.h **** 
 181:./lib/chibios/os/common/ext/CMSIS/include/cmsis_gcc.h **** 
 182:./lib/chibios/os/common/ext/CMSIS/include/cmsis_gcc.h **** /**
 183:./lib/chibios/os/common/ext/CMSIS/include/cmsis_gcc.h ****   \brief   Set Main Stack Pointer
 184:./lib/chibios/os/common/ext/CMSIS/include/cmsis_gcc.h ****   \details Assigns the given value to the Main Stack Pointer (MSP).
 185:./lib/chibios/os/common/ext/CMSIS/include/cmsis_gcc.h **** 
 186:./lib/chibios/os/common/ext/CMSIS/include/cmsis_gcc.h ****     \param [in]    topOfMainStack  Main Stack Pointer value to set
 187:./lib/chibios/os/common/ext/CMSIS/include/cmsis_gcc.h ****  */
 188:./lib/chibios/os/common/ext/CMSIS/include/cmsis_gcc.h **** __attribute__( ( always_inline ) ) __STATIC_INLINE void __set_MSP(uint32_t topOfMainStack)
 189:./lib/chibios/os/common/ext/CMSIS/include/cmsis_gcc.h **** {
 190:./lib/chibios/os/common/ext/CMSIS/include/cmsis_gcc.h ****   __ASM volatile ("MSR msp, %0\n" : : "r" (topOfMainStack) : "sp");
 191:./lib/chibios/os/common/ext/CMSIS/include/cmsis_gcc.h **** }
 192:./lib/chibios/os/common/ext/CMSIS/include/cmsis_gcc.h **** 
 193:./lib/chibios/os/common/ext/CMSIS/include/cmsis_gcc.h **** 
 194:./lib/chibios/os/common/ext/CMSIS/include/cmsis_gcc.h **** /**
 195:./lib/chibios/os/common/ext/CMSIS/include/cmsis_gcc.h ****   \brief   Get Priority Mask
 196:./lib/chibios/os/common/ext/CMSIS/include/cmsis_gcc.h ****   \details Returns the current state of the priority mask bit from the Priority Mask Register.
 197:./lib/chibios/os/common/ext/CMSIS/include/cmsis_gcc.h ****   \return               Priority Mask value
 198:./lib/chibios/os/common/ext/CMSIS/include/cmsis_gcc.h ****  */
 199:./lib/chibios/os/common/ext/CMSIS/include/cmsis_gcc.h **** __attribute__( ( always_inline ) ) __STATIC_INLINE uint32_t __get_PRIMASK(void)
 200:./lib/chibios/os/common/ext/CMSIS/include/cmsis_gcc.h **** {
 201:./lib/chibios/os/common/ext/CMSIS/include/cmsis_gcc.h ****   uint32_t result;
 202:./lib/chibios/os/common/ext/CMSIS/include/cmsis_gcc.h **** 
 203:./lib/chibios/os/common/ext/CMSIS/include/cmsis_gcc.h ****   __ASM volatile ("MRS %0, primask" : "=r" (result) );
 204:./lib/chibios/os/common/ext/CMSIS/include/cmsis_gcc.h ****   return(result);
 205:./lib/chibios/os/common/ext/CMSIS/include/cmsis_gcc.h **** }
 206:./lib/chibios/os/common/ext/CMSIS/include/cmsis_gcc.h **** 
 207:./lib/chibios/os/common/ext/CMSIS/include/cmsis_gcc.h **** 
 208:./lib/chibios/os/common/ext/CMSIS/include/cmsis_gcc.h **** /**
 209:./lib/chibios/os/common/ext/CMSIS/include/cmsis_gcc.h ****   \brief   Set Priority Mask
 210:./lib/chibios/os/common/ext/CMSIS/include/cmsis_gcc.h ****   \details Assigns the given value to the Priority Mask Register.
 211:./lib/chibios/os/common/ext/CMSIS/include/cmsis_gcc.h ****   \param [in]    priMask  Priority Mask
 212:./lib/chibios/os/common/ext/CMSIS/include/cmsis_gcc.h ****  */
 213:./lib/chibios/os/common/ext/CMSIS/include/cmsis_gcc.h **** __attribute__( ( always_inline ) ) __STATIC_INLINE void __set_PRIMASK(uint32_t priMask)
 214:./lib/chibios/os/common/ext/CMSIS/include/cmsis_gcc.h **** {
 215:./lib/chibios/os/common/ext/CMSIS/include/cmsis_gcc.h ****   __ASM volatile ("MSR primask, %0" : : "r" (priMask) : "memory");
 216:./lib/chibios/os/common/ext/CMSIS/include/cmsis_gcc.h **** }
 217:./lib/chibios/os/common/ext/CMSIS/include/cmsis_gcc.h **** 
 218:./lib/chibios/os/common/ext/CMSIS/include/cmsis_gcc.h **** 
 219:./lib/chibios/os/common/ext/CMSIS/include/cmsis_gcc.h **** #if       (__CORTEX_M >= 0x03U)
 220:./lib/chibios/os/common/ext/CMSIS/include/cmsis_gcc.h **** 
 221:./lib/chibios/os/common/ext/CMSIS/include/cmsis_gcc.h **** /**
 222:./lib/chibios/os/common/ext/CMSIS/include/cmsis_gcc.h ****   \brief   Enable FIQ
 223:./lib/chibios/os/common/ext/CMSIS/include/cmsis_gcc.h ****   \details Enables FIQ interrupts by clearing the F-bit in the CPSR.
 224:./lib/chibios/os/common/ext/CMSIS/include/cmsis_gcc.h ****            Can only be executed in Privileged modes.
 225:./lib/chibios/os/common/ext/CMSIS/include/cmsis_gcc.h ****  */
 226:./lib/chibios/os/common/ext/CMSIS/include/cmsis_gcc.h **** __attribute__( ( always_inline ) ) __STATIC_INLINE void __enable_fault_irq(void)
 227:./lib/chibios/os/common/ext/CMSIS/include/cmsis_gcc.h **** {
 228:./lib/chibios/os/common/ext/CMSIS/include/cmsis_gcc.h ****   __ASM volatile ("cpsie f" : : : "memory");
 229:./lib/chibios/os/common/ext/CMSIS/include/cmsis_gcc.h **** }
 230:./lib/chibios/os/common/ext/CMSIS/include/cmsis_gcc.h **** 
 231:./lib/chibios/os/common/ext/CMSIS/include/cmsis_gcc.h **** 
 232:./lib/chibios/os/common/ext/CMSIS/include/cmsis_gcc.h **** /**
 233:./lib/chibios/os/common/ext/CMSIS/include/cmsis_gcc.h ****   \brief   Disable FIQ
 234:./lib/chibios/os/common/ext/CMSIS/include/cmsis_gcc.h ****   \details Disables FIQ interrupts by setting the F-bit in the CPSR.
 235:./lib/chibios/os/common/ext/CMSIS/include/cmsis_gcc.h ****            Can only be executed in Privileged modes.
 236:./lib/chibios/os/common/ext/CMSIS/include/cmsis_gcc.h ****  */
 237:./lib/chibios/os/common/ext/CMSIS/include/cmsis_gcc.h **** __attribute__( ( always_inline ) ) __STATIC_INLINE void __disable_fault_irq(void)
 238:./lib/chibios/os/common/ext/CMSIS/include/cmsis_gcc.h **** {
 239:./lib/chibios/os/common/ext/CMSIS/include/cmsis_gcc.h ****   __ASM volatile ("cpsid f" : : : "memory");
 240:./lib/chibios/os/common/ext/CMSIS/include/cmsis_gcc.h **** }
 241:./lib/chibios/os/common/ext/CMSIS/include/cmsis_gcc.h **** 
 242:./lib/chibios/os/common/ext/CMSIS/include/cmsis_gcc.h **** 
 243:./lib/chibios/os/common/ext/CMSIS/include/cmsis_gcc.h **** /**
 244:./lib/chibios/os/common/ext/CMSIS/include/cmsis_gcc.h ****   \brief   Get Base Priority
 245:./lib/chibios/os/common/ext/CMSIS/include/cmsis_gcc.h ****   \details Returns the current value of the Base Priority register.
 246:./lib/chibios/os/common/ext/CMSIS/include/cmsis_gcc.h ****   \return               Base Priority register value
 247:./lib/chibios/os/common/ext/CMSIS/include/cmsis_gcc.h ****  */
 248:./lib/chibios/os/common/ext/CMSIS/include/cmsis_gcc.h **** __attribute__( ( always_inline ) ) __STATIC_INLINE uint32_t __get_BASEPRI(void)
 249:./lib/chibios/os/common/ext/CMSIS/include/cmsis_gcc.h **** {
 250:./lib/chibios/os/common/ext/CMSIS/include/cmsis_gcc.h ****   uint32_t result;
 251:./lib/chibios/os/common/ext/CMSIS/include/cmsis_gcc.h **** 
 252:./lib/chibios/os/common/ext/CMSIS/include/cmsis_gcc.h ****   __ASM volatile ("MRS %0, basepri" : "=r" (result) );
 253:./lib/chibios/os/common/ext/CMSIS/include/cmsis_gcc.h ****   return(result);
 254:./lib/chibios/os/common/ext/CMSIS/include/cmsis_gcc.h **** }
 255:./lib/chibios/os/common/ext/CMSIS/include/cmsis_gcc.h **** 
 256:./lib/chibios/os/common/ext/CMSIS/include/cmsis_gcc.h **** 
 257:./lib/chibios/os/common/ext/CMSIS/include/cmsis_gcc.h **** /**
 258:./lib/chibios/os/common/ext/CMSIS/include/cmsis_gcc.h ****   \brief   Set Base Priority
 259:./lib/chibios/os/common/ext/CMSIS/include/cmsis_gcc.h ****   \details Assigns the given value to the Base Priority register.
 260:./lib/chibios/os/common/ext/CMSIS/include/cmsis_gcc.h ****   \param [in]    basePri  Base Priority value to set
 261:./lib/chibios/os/common/ext/CMSIS/include/cmsis_gcc.h ****  */
 262:./lib/chibios/os/common/ext/CMSIS/include/cmsis_gcc.h **** __attribute__( ( always_inline ) ) __STATIC_INLINE void __set_BASEPRI(uint32_t value)
 263:./lib/chibios/os/common/ext/CMSIS/include/cmsis_gcc.h **** {
 264:./lib/chibios/os/common/ext/CMSIS/include/cmsis_gcc.h ****   __ASM volatile ("MSR basepri, %0" : : "r" (value) : "memory");
  39              		.loc 2 264 0
  40 0000 2023     		movs	r3, #32
  41              		.syntax unified
  42              	@ 264 "./lib/chibios/os/common/ext/CMSIS/include/cmsis_gcc.h" 1
  43 0002 83F31188 		MSR basepri, r3
  44              	@ 0 "" 2
  45              	.LVL1:
  46              		.thumb
  47              		.syntax unified
  48              	.LBE57:
  49              	.LBE56:
  50              	.LBE55:
  51              	.LBE54:
  52              	.LBB58:
  53              	.LBB59:
  54              	.LBB60:
  55              	.LBB61:
  56              		.file 3 "./lib/chibios/os/hal/ports/STM32/LLD/TIMv1/hal_st_lld.h"
   1:./lib/chibios/os/hal/ports/STM32/LLD/TIMv1/hal_st_lld.h **** /*
   2:./lib/chibios/os/hal/ports/STM32/LLD/TIMv1/hal_st_lld.h ****     ChibiOS - Copyright (C) 2006..2016 Giovanni Di Sirio
   3:./lib/chibios/os/hal/ports/STM32/LLD/TIMv1/hal_st_lld.h **** 
   4:./lib/chibios/os/hal/ports/STM32/LLD/TIMv1/hal_st_lld.h ****     Licensed under the Apache License, Version 2.0 (the "License");
   5:./lib/chibios/os/hal/ports/STM32/LLD/TIMv1/hal_st_lld.h ****     you may not use this file except in compliance with the License.
   6:./lib/chibios/os/hal/ports/STM32/LLD/TIMv1/hal_st_lld.h ****     You may obtain a copy of the License at
   7:./lib/chibios/os/hal/ports/STM32/LLD/TIMv1/hal_st_lld.h **** 
   8:./lib/chibios/os/hal/ports/STM32/LLD/TIMv1/hal_st_lld.h ****         http://www.apache.org/licenses/LICENSE-2.0
   9:./lib/chibios/os/hal/ports/STM32/LLD/TIMv1/hal_st_lld.h **** 
  10:./lib/chibios/os/hal/ports/STM32/LLD/TIMv1/hal_st_lld.h ****     Unless required by applicable law or agreed to in writing, software
  11:./lib/chibios/os/hal/ports/STM32/LLD/TIMv1/hal_st_lld.h ****     distributed under the License is distributed on an "AS IS" BASIS,
  12:./lib/chibios/os/hal/ports/STM32/LLD/TIMv1/hal_st_lld.h ****     WITHOUT WARRANTIES OR CONDITIONS OF ANY KIND, either express or implied.
  13:./lib/chibios/os/hal/ports/STM32/LLD/TIMv1/hal_st_lld.h ****     See the License for the specific language governing permissions and
  14:./lib/chibios/os/hal/ports/STM32/LLD/TIMv1/hal_st_lld.h ****     limitations under the License.
  15:./lib/chibios/os/hal/ports/STM32/LLD/TIMv1/hal_st_lld.h **** */
  16:./lib/chibios/os/hal/ports/STM32/LLD/TIMv1/hal_st_lld.h **** 
  17:./lib/chibios/os/hal/ports/STM32/LLD/TIMv1/hal_st_lld.h **** /**
  18:./lib/chibios/os/hal/ports/STM32/LLD/TIMv1/hal_st_lld.h ****  * @file    TIMv1/hal_st_lld.h
  19:./lib/chibios/os/hal/ports/STM32/LLD/TIMv1/hal_st_lld.h ****  * @brief   ST Driver subsystem low level driver header.
  20:./lib/chibios/os/hal/ports/STM32/LLD/TIMv1/hal_st_lld.h ****  * @details This header is designed to be include-able without having to
  21:./lib/chibios/os/hal/ports/STM32/LLD/TIMv1/hal_st_lld.h ****  *          include other files from the HAL.
  22:./lib/chibios/os/hal/ports/STM32/LLD/TIMv1/hal_st_lld.h ****  *
  23:./lib/chibios/os/hal/ports/STM32/LLD/TIMv1/hal_st_lld.h ****  * @addtogroup ST
  24:./lib/chibios/os/hal/ports/STM32/LLD/TIMv1/hal_st_lld.h ****  * @{
  25:./lib/chibios/os/hal/ports/STM32/LLD/TIMv1/hal_st_lld.h ****  */
  26:./lib/chibios/os/hal/ports/STM32/LLD/TIMv1/hal_st_lld.h **** 
  27:./lib/chibios/os/hal/ports/STM32/LLD/TIMv1/hal_st_lld.h **** #ifndef HAL_ST_LLD_H
  28:./lib/chibios/os/hal/ports/STM32/LLD/TIMv1/hal_st_lld.h **** #define HAL_ST_LLD_H
  29:./lib/chibios/os/hal/ports/STM32/LLD/TIMv1/hal_st_lld.h **** 
  30:./lib/chibios/os/hal/ports/STM32/LLD/TIMv1/hal_st_lld.h **** #include "mcuconf.h"
  31:./lib/chibios/os/hal/ports/STM32/LLD/TIMv1/hal_st_lld.h **** #include "stm32_registry.h"
  32:./lib/chibios/os/hal/ports/STM32/LLD/TIMv1/hal_st_lld.h **** #include "stm32_tim.h"
  33:./lib/chibios/os/hal/ports/STM32/LLD/TIMv1/hal_st_lld.h **** 
  34:./lib/chibios/os/hal/ports/STM32/LLD/TIMv1/hal_st_lld.h **** /*===========================================================================*/
  35:./lib/chibios/os/hal/ports/STM32/LLD/TIMv1/hal_st_lld.h **** /* Driver constants.                                                         */
  36:./lib/chibios/os/hal/ports/STM32/LLD/TIMv1/hal_st_lld.h **** /*===========================================================================*/
  37:./lib/chibios/os/hal/ports/STM32/LLD/TIMv1/hal_st_lld.h **** 
  38:./lib/chibios/os/hal/ports/STM32/LLD/TIMv1/hal_st_lld.h **** /*===========================================================================*/
  39:./lib/chibios/os/hal/ports/STM32/LLD/TIMv1/hal_st_lld.h **** /* Driver pre-compile time settings.                                         */
  40:./lib/chibios/os/hal/ports/STM32/LLD/TIMv1/hal_st_lld.h **** /*===========================================================================*/
  41:./lib/chibios/os/hal/ports/STM32/LLD/TIMv1/hal_st_lld.h **** 
  42:./lib/chibios/os/hal/ports/STM32/LLD/TIMv1/hal_st_lld.h **** /**
  43:./lib/chibios/os/hal/ports/STM32/LLD/TIMv1/hal_st_lld.h ****  * @name    Configuration options
  44:./lib/chibios/os/hal/ports/STM32/LLD/TIMv1/hal_st_lld.h ****  * @{
  45:./lib/chibios/os/hal/ports/STM32/LLD/TIMv1/hal_st_lld.h ****  */
  46:./lib/chibios/os/hal/ports/STM32/LLD/TIMv1/hal_st_lld.h **** /**
  47:./lib/chibios/os/hal/ports/STM32/LLD/TIMv1/hal_st_lld.h ****  * @brief   SysTick timer IRQ priority.
  48:./lib/chibios/os/hal/ports/STM32/LLD/TIMv1/hal_st_lld.h ****  */
  49:./lib/chibios/os/hal/ports/STM32/LLD/TIMv1/hal_st_lld.h **** #if !defined(STM32_ST_IRQ_PRIORITY) || defined(__DOXYGEN__)
  50:./lib/chibios/os/hal/ports/STM32/LLD/TIMv1/hal_st_lld.h **** #define STM32_ST_IRQ_PRIORITY               8
  51:./lib/chibios/os/hal/ports/STM32/LLD/TIMv1/hal_st_lld.h **** #endif
  52:./lib/chibios/os/hal/ports/STM32/LLD/TIMv1/hal_st_lld.h **** 
  53:./lib/chibios/os/hal/ports/STM32/LLD/TIMv1/hal_st_lld.h **** /**
  54:./lib/chibios/os/hal/ports/STM32/LLD/TIMv1/hal_st_lld.h ****  * @brief   TIMx unit (by number) to be used for free running operations.
  55:./lib/chibios/os/hal/ports/STM32/LLD/TIMv1/hal_st_lld.h ****  * @note    You must select a 32 bits timer if a 32 bits @p systick_t type
  56:./lib/chibios/os/hal/ports/STM32/LLD/TIMv1/hal_st_lld.h ****  *          is required.
  57:./lib/chibios/os/hal/ports/STM32/LLD/TIMv1/hal_st_lld.h ****  * @note    Timers 2, 3, 4 and 5 are supported.
  58:./lib/chibios/os/hal/ports/STM32/LLD/TIMv1/hal_st_lld.h ****  */
  59:./lib/chibios/os/hal/ports/STM32/LLD/TIMv1/hal_st_lld.h **** #if !defined(STM32_ST_USE_TIMER) || defined(__DOXYGEN__)
  60:./lib/chibios/os/hal/ports/STM32/LLD/TIMv1/hal_st_lld.h **** #define STM32_ST_USE_TIMER                  2
  61:./lib/chibios/os/hal/ports/STM32/LLD/TIMv1/hal_st_lld.h **** #endif
  62:./lib/chibios/os/hal/ports/STM32/LLD/TIMv1/hal_st_lld.h **** /** @} */
  63:./lib/chibios/os/hal/ports/STM32/LLD/TIMv1/hal_st_lld.h **** 
  64:./lib/chibios/os/hal/ports/STM32/LLD/TIMv1/hal_st_lld.h **** /*===========================================================================*/
  65:./lib/chibios/os/hal/ports/STM32/LLD/TIMv1/hal_st_lld.h **** /* Derived constants and error checks.                                       */
  66:./lib/chibios/os/hal/ports/STM32/LLD/TIMv1/hal_st_lld.h **** /*===========================================================================*/
  67:./lib/chibios/os/hal/ports/STM32/LLD/TIMv1/hal_st_lld.h **** 
  68:./lib/chibios/os/hal/ports/STM32/LLD/TIMv1/hal_st_lld.h **** #if STM32_ST_USE_TIMER == 2
  69:./lib/chibios/os/hal/ports/STM32/LLD/TIMv1/hal_st_lld.h **** #if !STM32_HAS_TIM2
  70:./lib/chibios/os/hal/ports/STM32/LLD/TIMv1/hal_st_lld.h **** #error "TIM2 not present"
  71:./lib/chibios/os/hal/ports/STM32/LLD/TIMv1/hal_st_lld.h **** #endif
  72:./lib/chibios/os/hal/ports/STM32/LLD/TIMv1/hal_st_lld.h **** #define STM32_ST_TIM                              STM32_TIM2
  73:./lib/chibios/os/hal/ports/STM32/LLD/TIMv1/hal_st_lld.h **** 
  74:./lib/chibios/os/hal/ports/STM32/LLD/TIMv1/hal_st_lld.h **** #elif STM32_ST_USE_TIMER == 3
  75:./lib/chibios/os/hal/ports/STM32/LLD/TIMv1/hal_st_lld.h **** #if !STM32_HAS_TIM3
  76:./lib/chibios/os/hal/ports/STM32/LLD/TIMv1/hal_st_lld.h **** #error "TIM3 not present"
  77:./lib/chibios/os/hal/ports/STM32/LLD/TIMv1/hal_st_lld.h **** #endif
  78:./lib/chibios/os/hal/ports/STM32/LLD/TIMv1/hal_st_lld.h **** #define STM32_ST_TIM                              STM32_TIM3
  79:./lib/chibios/os/hal/ports/STM32/LLD/TIMv1/hal_st_lld.h **** 
  80:./lib/chibios/os/hal/ports/STM32/LLD/TIMv1/hal_st_lld.h **** #elif STM32_ST_USE_TIMER == 4
  81:./lib/chibios/os/hal/ports/STM32/LLD/TIMv1/hal_st_lld.h **** #if !STM32_HAS_TIM4
  82:./lib/chibios/os/hal/ports/STM32/LLD/TIMv1/hal_st_lld.h **** #error "TIM4 not present"
  83:./lib/chibios/os/hal/ports/STM32/LLD/TIMv1/hal_st_lld.h **** #endif
  84:./lib/chibios/os/hal/ports/STM32/LLD/TIMv1/hal_st_lld.h **** #define STM32_ST_TIM                              STM32_TIM4
  85:./lib/chibios/os/hal/ports/STM32/LLD/TIMv1/hal_st_lld.h **** 
  86:./lib/chibios/os/hal/ports/STM32/LLD/TIMv1/hal_st_lld.h **** #elif STM32_ST_USE_TIMER == 5
  87:./lib/chibios/os/hal/ports/STM32/LLD/TIMv1/hal_st_lld.h **** #if !STM32_HAS_TIM5
  88:./lib/chibios/os/hal/ports/STM32/LLD/TIMv1/hal_st_lld.h **** #error "TIM5 not present"
  89:./lib/chibios/os/hal/ports/STM32/LLD/TIMv1/hal_st_lld.h **** #endif
  90:./lib/chibios/os/hal/ports/STM32/LLD/TIMv1/hal_st_lld.h **** #define STM32_ST_TIM                              STM32_TIM5
  91:./lib/chibios/os/hal/ports/STM32/LLD/TIMv1/hal_st_lld.h **** 
  92:./lib/chibios/os/hal/ports/STM32/LLD/TIMv1/hal_st_lld.h **** #elif STM32_ST_USE_TIMER == 21
  93:./lib/chibios/os/hal/ports/STM32/LLD/TIMv1/hal_st_lld.h **** #if !STM32_HAS_TIM21
  94:./lib/chibios/os/hal/ports/STM32/LLD/TIMv1/hal_st_lld.h **** #error "TIM21 not present"
  95:./lib/chibios/os/hal/ports/STM32/LLD/TIMv1/hal_st_lld.h **** #endif
  96:./lib/chibios/os/hal/ports/STM32/LLD/TIMv1/hal_st_lld.h **** #define STM32_ST_TIM                              STM32_TIM21
  97:./lib/chibios/os/hal/ports/STM32/LLD/TIMv1/hal_st_lld.h **** 
  98:./lib/chibios/os/hal/ports/STM32/LLD/TIMv1/hal_st_lld.h **** #elif STM32_ST_USE_TIMER == 22
  99:./lib/chibios/os/hal/ports/STM32/LLD/TIMv1/hal_st_lld.h **** #if !STM32_HAS_TIM22
 100:./lib/chibios/os/hal/ports/STM32/LLD/TIMv1/hal_st_lld.h **** #error "TIM22 not present"
 101:./lib/chibios/os/hal/ports/STM32/LLD/TIMv1/hal_st_lld.h **** #endif
 102:./lib/chibios/os/hal/ports/STM32/LLD/TIMv1/hal_st_lld.h **** #define STM32_ST_TIM                              STM32_TIM22
 103:./lib/chibios/os/hal/ports/STM32/LLD/TIMv1/hal_st_lld.h **** 
 104:./lib/chibios/os/hal/ports/STM32/LLD/TIMv1/hal_st_lld.h **** #else
 105:./lib/chibios/os/hal/ports/STM32/LLD/TIMv1/hal_st_lld.h **** #error "STM32_ST_USE_TIMER specifies an unsupported timer"
 106:./lib/chibios/os/hal/ports/STM32/LLD/TIMv1/hal_st_lld.h **** #endif
 107:./lib/chibios/os/hal/ports/STM32/LLD/TIMv1/hal_st_lld.h **** 
 108:./lib/chibios/os/hal/ports/STM32/LLD/TIMv1/hal_st_lld.h **** /*===========================================================================*/
 109:./lib/chibios/os/hal/ports/STM32/LLD/TIMv1/hal_st_lld.h **** /* Driver data structures and types.                                         */
 110:./lib/chibios/os/hal/ports/STM32/LLD/TIMv1/hal_st_lld.h **** /*===========================================================================*/
 111:./lib/chibios/os/hal/ports/STM32/LLD/TIMv1/hal_st_lld.h **** 
 112:./lib/chibios/os/hal/ports/STM32/LLD/TIMv1/hal_st_lld.h **** /*===========================================================================*/
 113:./lib/chibios/os/hal/ports/STM32/LLD/TIMv1/hal_st_lld.h **** /* Driver macros.                                                            */
 114:./lib/chibios/os/hal/ports/STM32/LLD/TIMv1/hal_st_lld.h **** /*===========================================================================*/
 115:./lib/chibios/os/hal/ports/STM32/LLD/TIMv1/hal_st_lld.h **** 
 116:./lib/chibios/os/hal/ports/STM32/LLD/TIMv1/hal_st_lld.h **** /*===========================================================================*/
 117:./lib/chibios/os/hal/ports/STM32/LLD/TIMv1/hal_st_lld.h **** /* External declarations.                                                    */
 118:./lib/chibios/os/hal/ports/STM32/LLD/TIMv1/hal_st_lld.h **** /*===========================================================================*/
 119:./lib/chibios/os/hal/ports/STM32/LLD/TIMv1/hal_st_lld.h **** 
 120:./lib/chibios/os/hal/ports/STM32/LLD/TIMv1/hal_st_lld.h **** #ifdef __cplusplus
 121:./lib/chibios/os/hal/ports/STM32/LLD/TIMv1/hal_st_lld.h **** extern "C" {
 122:./lib/chibios/os/hal/ports/STM32/LLD/TIMv1/hal_st_lld.h **** #endif
 123:./lib/chibios/os/hal/ports/STM32/LLD/TIMv1/hal_st_lld.h ****   void st_lld_init(void);
 124:./lib/chibios/os/hal/ports/STM32/LLD/TIMv1/hal_st_lld.h **** #ifdef __cplusplus
 125:./lib/chibios/os/hal/ports/STM32/LLD/TIMv1/hal_st_lld.h **** }
 126:./lib/chibios/os/hal/ports/STM32/LLD/TIMv1/hal_st_lld.h **** #endif
 127:./lib/chibios/os/hal/ports/STM32/LLD/TIMv1/hal_st_lld.h **** 
 128:./lib/chibios/os/hal/ports/STM32/LLD/TIMv1/hal_st_lld.h **** /*===========================================================================*/
 129:./lib/chibios/os/hal/ports/STM32/LLD/TIMv1/hal_st_lld.h **** /* Driver inline functions.                                                  */
 130:./lib/chibios/os/hal/ports/STM32/LLD/TIMv1/hal_st_lld.h **** /*===========================================================================*/
 131:./lib/chibios/os/hal/ports/STM32/LLD/TIMv1/hal_st_lld.h **** 
 132:./lib/chibios/os/hal/ports/STM32/LLD/TIMv1/hal_st_lld.h **** /**
 133:./lib/chibios/os/hal/ports/STM32/LLD/TIMv1/hal_st_lld.h ****  * @brief   Returns the time counter value.
 134:./lib/chibios/os/hal/ports/STM32/LLD/TIMv1/hal_st_lld.h ****  *
 135:./lib/chibios/os/hal/ports/STM32/LLD/TIMv1/hal_st_lld.h ****  * @return              The counter value.
 136:./lib/chibios/os/hal/ports/STM32/LLD/TIMv1/hal_st_lld.h ****  *
 137:./lib/chibios/os/hal/ports/STM32/LLD/TIMv1/hal_st_lld.h ****  * @notapi
 138:./lib/chibios/os/hal/ports/STM32/LLD/TIMv1/hal_st_lld.h ****  */
 139:./lib/chibios/os/hal/ports/STM32/LLD/TIMv1/hal_st_lld.h **** static inline systime_t st_lld_get_counter(void) {
 140:./lib/chibios/os/hal/ports/STM32/LLD/TIMv1/hal_st_lld.h **** 
 141:./lib/chibios/os/hal/ports/STM32/LLD/TIMv1/hal_st_lld.h ****   return (systime_t)STM32_ST_TIM->CNT;
  57              		.loc 3 141 0
  58 0006 4FF08043 		mov	r3, #1073741824
  59 000a 596A     		ldr	r1, [r3, #36]
  60              	.LVL2:
  61              	.LBE61:
  62              	.LBE60:
  63              	.LBE59:
  64              	.LBE58:
  65              	.LBB62:
  66              	.LBB63:
  67              	.LBB64:
  68              	.LBB65:
  69              	.LBB66:
  70              		.loc 2 264 0
  71 000c 0023     		movs	r3, #0
  72              		.syntax unified
  73              	@ 264 "./lib/chibios/os/common/ext/CMSIS/include/cmsis_gcc.h" 1
  74 000e 83F31188 		MSR basepri, r3
  75              	@ 0 "" 2
  76              	.LVL3:
  77              		.thumb
  78              		.syntax unified
  79              	.LBE66:
  80              	.LBE65:
  81              	.LBE64:
  82              	.LBE63:
  83              	.LBE62:
  84              	.LBE53:
  85              	.LBE52:
  12:tmk_core/common/chibios/timer.c ****     last_systime    = chVTGetSystemTime();
  86              		.loc 1 12 0
  87 0012 034A     		ldr	r2, .L2
  88 0014 1160     		str	r1, [r2]
  13:tmk_core/common/chibios/timer.c ****     overflow        = 0;
  89              		.loc 1 13 0
  90 0016 034A     		ldr	r2, .L2+4
  91 0018 1360     		str	r3, [r2]
  14:tmk_core/common/chibios/timer.c ****     current_time_ms = 0;
  92              		.loc 1 14 0
  93 001a 034A     		ldr	r2, .L2+8
  94 001c 1360     		str	r3, [r2]
  15:tmk_core/common/chibios/timer.c **** }
  95              		.loc 1 15 0
  96 001e 7047     		bx	lr
  97              	.L3:
  98              		.align	2
  99              	.L2:
 100 0020 00000000 		.word	.LANCHOR0
 101 0024 00000000 		.word	.LANCHOR1
 102 0028 00000000 		.word	.LANCHOR2
 103              		.cfi_endproc
 104              	.LFE251:
 106              		.section	.text.timer_init,"ax",%progbits
 107              		.align	1
 108              		.global	timer_init
 109              		.syntax unified
 110              		.thumb
 111              		.thumb_func
 112              		.fpu softvfp
 114              	timer_init:
 115              	.LFB250:
   9:tmk_core/common/chibios/timer.c **** 
 116              		.loc 1 9 0
 117              		.cfi_startproc
 118              		@ args = 0, pretend = 0, frame = 0
 119              		@ frame_needed = 0, uses_anonymous_args = 0
 120              		@ link register save eliminated.
   9:tmk_core/common/chibios/timer.c **** 
 121              		.loc 1 9 0
 122 0000 FFF7FEBF 		b	timer_clear
 123              	.LVL4:
 124              		.cfi_endproc
 125              	.LFE250:
 127              		.section	.text.timer_read32,"ax",%progbits
 128              		.align	1
 129              		.global	timer_read32
 130              		.syntax unified
 131              		.thumb
 132              		.thumb_func
 133              		.fpu softvfp
 135              	timer_read32:
 136              	.LFB253:
  16:tmk_core/common/chibios/timer.c **** 
  17:tmk_core/common/chibios/timer.c **** uint16_t timer_read(void) { return (uint16_t)timer_read32(); }
  18:tmk_core/common/chibios/timer.c **** 
  19:tmk_core/common/chibios/timer.c **** uint32_t timer_read32(void) {
 137              		.loc 1 19 0
 138              		.cfi_startproc
 139              		@ args = 0, pretend = 0, frame = 0
 140              		@ frame_needed = 0, uses_anonymous_args = 0
 141              	.LVL5:
 142 0000 F0B5     		push	{r4, r5, r6, r7, lr}
 143              		.cfi_def_cfa_offset 20
 144              		.cfi_offset 4, -20
 145              		.cfi_offset 5, -16
 146              		.cfi_offset 6, -12
 147              		.cfi_offset 7, -8
 148              		.cfi_offset 14, -4
 149              	.LBB82:
 150              	.LBB83:
 151              	.LBB84:
 152              	.LBB85:
 153              	.LBB86:
 154              	.LBB87:
 155              		.loc 2 264 0
 156 0002 2023     		movs	r3, #32
 157              		.syntax unified
 158              	@ 264 "./lib/chibios/os/common/ext/CMSIS/include/cmsis_gcc.h" 1
 159 0004 83F31188 		MSR basepri, r3
 160              	@ 0 "" 2
 161              	.LVL6:
 162              		.thumb
 163              		.syntax unified
 164              	.LBE87:
 165              	.LBE86:
 166              	.LBE85:
 167              	.LBE84:
 168              	.LBB88:
 169              	.LBB89:
 170              	.LBB90:
 171              	.LBB91:
 172              		.loc 3 141 0
 173 0008 4FF08043 		mov	r3, #1073741824
 174 000c 5C6A     		ldr	r4, [r3, #36]
 175              	.LVL7:
 176              	.LBE91:
 177              	.LBE90:
 178              	.LBE89:
 179              	.LBE88:
 180              	.LBB92:
 181              	.LBB93:
 182              	.LBB94:
 183              	.LBB95:
 184              	.LBB96:
 185              		.loc 2 264 0
 186 000e 0023     		movs	r3, #0
 187              		.syntax unified
 188              	@ 264 "./lib/chibios/os/common/ext/CMSIS/include/cmsis_gcc.h" 1
 189 0010 83F31188 		MSR basepri, r3
 190              	@ 0 "" 2
 191              	.LVL8:
 192              		.thumb
 193              		.syntax unified
 194              	.LBE96:
 195              	.LBE95:
 196              	.LBE94:
 197              	.LBE93:
 198              	.LBE92:
 199              	.LBE83:
 200              	.LBE82:
  20:tmk_core/common/chibios/timer.c ****     // Note: We assume that the timer update is called at least once betweeen every wrap around of 
  21:tmk_core/common/chibios/timer.c ****     systime_t current_systime = chVTGetSystemTime();
  22:tmk_core/common/chibios/timer.c ****     systime_t elapsed         = current_systime - last_systime + overflow;
 201              		.loc 1 22 0
 202 0014 0F4D     		ldr	r5, .L6
 203 0016 104E     		ldr	r6, .L6+4
 204 0018 2B68     		ldr	r3, [r5]
 205 001a 3268     		ldr	r2, [r6]
  23:tmk_core/common/chibios/timer.c ****     uint32_t  elapsed_ms      = ST2MS(elapsed);
  24:tmk_core/common/chibios/timer.c ****     current_time_ms += elapsed_ms;
 206              		.loc 1 24 0
 207 001c DFF840C0 		ldr	ip, .L6+12
  25:tmk_core/common/chibios/timer.c ****     overflow     = elapsed - MS2ST(elapsed_ms);
  26:tmk_core/common/chibios/timer.c ****     last_systime = current_systime;
 208              		.loc 1 26 0
 209 0020 3460     		str	r4, [r6]
  22:tmk_core/common/chibios/timer.c ****     uint32_t  elapsed_ms      = ST2MS(elapsed);
 210              		.loc 1 22 0
 211 0022 2344     		add	r3, r3, r4
 212 0024 9B1A     		subs	r3, r3, r2
 213              	.LVL9:
  23:tmk_core/common/chibios/timer.c ****     uint32_t  elapsed_ms      = ST2MS(elapsed);
 214              		.loc 1 23 0
 215 0026 4FF47A77 		mov	r7, #1000
 216 002a 07FB03F1 		mul	r1, r7, r3
 217 002e 0B4A     		ldr	r2, .L6+8
  24:tmk_core/common/chibios/timer.c ****     overflow     = elapsed - MS2ST(elapsed_ms);
 218              		.loc 1 24 0
 219 0030 DCF80000 		ldr	r0, [ip]
  23:tmk_core/common/chibios/timer.c ****     current_time_ms += elapsed_ms;
 220              		.loc 1 23 0
 221 0034 01F5C331 		add	r1, r1, #99840
 222 0038 9F31     		adds	r1, r1, #159
 223 003a B1FBF2F1 		udiv	r1, r1, r2
 224              	.LVL10:
  25:tmk_core/common/chibios/timer.c ****     last_systime = current_systime;
 225              		.loc 1 25 0
 226 003e 4A43     		muls	r2, r1, r2
  24:tmk_core/common/chibios/timer.c ****     overflow     = elapsed - MS2ST(elapsed_ms);
 227              		.loc 1 24 0
 228 0040 0844     		add	r0, r0, r1
  25:tmk_core/common/chibios/timer.c ****     last_systime = current_systime;
 229              		.loc 1 25 0
 230 0042 02F2E732 		addw	r2, r2, #999
 231 0046 B2FBF7F2 		udiv	r2, r2, r7
 232 004a 9B1A     		subs	r3, r3, r2
 233              	.LVL11:
  24:tmk_core/common/chibios/timer.c ****     overflow     = elapsed - MS2ST(elapsed_ms);
 234              		.loc 1 24 0
 235 004c CCF80000 		str	r0, [ip]
  25:tmk_core/common/chibios/timer.c ****     last_systime = current_systime;
 236              		.loc 1 25 0
 237 0050 2B60     		str	r3, [r5]
  27:tmk_core/common/chibios/timer.c **** 
  28:tmk_core/common/chibios/timer.c ****     return current_time_ms;
  29:tmk_core/common/chibios/timer.c **** }
 238              		.loc 1 29 0
 239 0052 F0BD     		pop	{r4, r5, r6, r7, pc}
 240              	.L7:
 241              		.align	2
 242              	.L6:
 243 0054 00000000 		.word	.LANCHOR1
 244 0058 00000000 		.word	.LANCHOR0
 245 005c A0860100 		.word	100000
 246 0060 00000000 		.word	.LANCHOR2
 247              		.cfi_endproc
 248              	.LFE253:
 250              		.section	.text.timer_read,"ax",%progbits
 251              		.align	1
 252              		.global	timer_read
 253              		.syntax unified
 254              		.thumb
 255              		.thumb_func
 256              		.fpu softvfp
 258              	timer_read:
 259              	.LFB252:
  17:tmk_core/common/chibios/timer.c **** 
 260              		.loc 1 17 0
 261              		.cfi_startproc
 262              		@ args = 0, pretend = 0, frame = 0
 263              		@ frame_needed = 0, uses_anonymous_args = 0
 264 0000 08B5     		push	{r3, lr}
 265              		.cfi_def_cfa_offset 8
 266              		.cfi_offset 3, -8
 267              		.cfi_offset 14, -4
  17:tmk_core/common/chibios/timer.c **** 
 268              		.loc 1 17 0
 269 0002 FFF7FEFF 		bl	timer_read32
 270              	.LVL12:
 271 0006 80B2     		uxth	r0, r0
 272 0008 08BD     		pop	{r3, pc}
 273              		.cfi_endproc
 274              	.LFE252:
 276              		.section	.text.timer_elapsed,"ax",%progbits
 277              		.align	1
 278              		.global	timer_elapsed
 279              		.syntax unified
 280              		.thumb
 281              		.thumb_func
 282              		.fpu softvfp
 284              	timer_elapsed:
 285              	.LFB254:
  30:tmk_core/common/chibios/timer.c **** 
  31:tmk_core/common/chibios/timer.c **** uint16_t timer_elapsed(uint16_t last) { return timer_read() - last; }
 286              		.loc 1 31 0
 287              		.cfi_startproc
 288              		@ args = 0, pretend = 0, frame = 0
 289              		@ frame_needed = 0, uses_anonymous_args = 0
 290              	.LVL13:
 291 0000 10B5     		push	{r4, lr}
 292              		.cfi_def_cfa_offset 8
 293              		.cfi_offset 4, -8
 294              		.cfi_offset 14, -4
 295              		.loc 1 31 0
 296 0002 0446     		mov	r4, r0
 297              	.LBB97:
 298              	.LBB98:
  17:tmk_core/common/chibios/timer.c **** 
 299              		.loc 1 17 0
 300 0004 FFF7FEFF 		bl	timer_read32
 301              	.LVL14:
 302              	.LBE98:
 303              	.LBE97:
 304              		.loc 1 31 0
 305 0008 001B     		subs	r0, r0, r4
 306 000a 80B2     		uxth	r0, r0
 307 000c 10BD     		pop	{r4, pc}
 308              		.cfi_endproc
 309              	.LFE254:
 311              		.section	.text.timer_elapsed32,"ax",%progbits
 312              		.align	1
 313              		.global	timer_elapsed32
 314              		.syntax unified
 315              		.thumb
 316              		.thumb_func
 317              		.fpu softvfp
 319              	timer_elapsed32:
 320              	.LFB255:
  32:tmk_core/common/chibios/timer.c **** 
  33:tmk_core/common/chibios/timer.c **** uint32_t timer_elapsed32(uint32_t last) { return timer_read32() - last; }
 321              		.loc 1 33 0
 322              		.cfi_startproc
 323              		@ args = 0, pretend = 0, frame = 0
 324              		@ frame_needed = 0, uses_anonymous_args = 0
 325              	.LVL15:
 326 0000 10B5     		push	{r4, lr}
 327              		.cfi_def_cfa_offset 8
 328              		.cfi_offset 4, -8
 329              		.cfi_offset 14, -4
 330              		.loc 1 33 0
 331 0002 0446     		mov	r4, r0
 332 0004 FFF7FEFF 		bl	timer_read32
 333              	.LVL16:
 334 0008 001B     		subs	r0, r0, r4
 335 000a 10BD     		pop	{r4, pc}
 336              		.cfi_endproc
 337              	.LFE255:
 339              		.section	.bss.current_time_ms,"aw",%nobits
 340              		.align	2
 341              		.set	.LANCHOR2,. + 0
 344              	current_time_ms:
 345 0000 00000000 		.space	4
 346              		.section	.bss.last_systime,"aw",%nobits
 347              		.align	2
 348              		.set	.LANCHOR0,. + 0
 351              	last_systime:
 352 0000 00000000 		.space	4
 353              		.section	.bss.overflow,"aw",%nobits
 354              		.align	2
 355              		.set	.LANCHOR1,. + 0
 358              	overflow:
 359 0000 00000000 		.space	4
 360              		.text
 361              	.Letext0:
 362              		.file 4 "/usr/local/Cellar/gcc-arm-none-eabi/20180627/arm-none-eabi/include/machine/_default_types
 363              		.file 5 "/usr/local/Cellar/gcc-arm-none-eabi/20180627/arm-none-eabi/include/sys/_stdint.h"
 364              		.file 6 "./lib/chibios/os/common/ports/ARMCMx/compilers/GCC/chtypes.h"
 365              		.file 7 "./lib/chibios/os/rt/include/chsystypes.h"
 366              		.file 8 "./lib/chibios/os/rt/include/chschd.h"
 367              		.file 9 "./lib/chibios/os/common/ext/CMSIS/include/core_cm4.h"
 368              		.file 10 "./lib/chibios/os/common/ext/CMSIS/ST/STM32F3xx/system_stm32f3xx.h"
 369              		.file 11 "./lib/chibios/os/common/ports/ARMCMx/chcore.h"
 370              		.file 12 "./lib/chibios/os/common/ports/ARMCMx/chcore_v7m.h"
 371              		.file 13 "./lib/chibios/os/hal/ports/STM32/LLD/TIMv1/stm32_tim.h"
 372              		.file 14 "./lib/chibios/os/rt/include/chtm.h"
 373              		.file 15 "./lib/chibios/os/rt/include/chsem.h"
 374              		.file 16 "./lib/chibios/os/rt/include/chmtx.h"
 375              		.file 17 "./lib/chibios/os/rt/include/chsys.h"
 376              		.file 18 "./lib/chibios/os/rt/include/chregistry.h"
 377              		.file 19 "./lib/chibios/os/common/oslib/include/chmemcore.h"
 378              		.file 20 "tmk_core/common/timer.h"
 379              		.file 21 "./lib/chibios/os/rt/include/chvt.h"
 380              		.file 22 "./lib/chibios/os/common/ports/ARMCMx/chcore_timer.h"
DEFINED SYMBOLS
                            *ABS*:0000000000000000 timer.c
/var/folders/qs/3p__ddh573j_6k2216pg8mv40000gn/T//ccDzWVZG.s:16     .text.timer_clear:0000000000000000 $t
/var/folders/qs/3p__ddh573j_6k2216pg8mv40000gn/T//ccDzWVZG.s:23     .text.timer_clear:0000000000000000 timer_clear
/var/folders/qs/3p__ddh573j_6k2216pg8mv40000gn/T//ccDzWVZG.s:100    .text.timer_clear:0000000000000020 $d
/var/folders/qs/3p__ddh573j_6k2216pg8mv40000gn/T//ccDzWVZG.s:107    .text.timer_init:0000000000000000 $t
/var/folders/qs/3p__ddh573j_6k2216pg8mv40000gn/T//ccDzWVZG.s:114    .text.timer_init:0000000000000000 timer_init
/var/folders/qs/3p__ddh573j_6k2216pg8mv40000gn/T//ccDzWVZG.s:128    .text.timer_read32:0000000000000000 $t
/var/folders/qs/3p__ddh573j_6k2216pg8mv40000gn/T//ccDzWVZG.s:135    .text.timer_read32:0000000000000000 timer_read32
/var/folders/qs/3p__ddh573j_6k2216pg8mv40000gn/T//ccDzWVZG.s:243    .text.timer_read32:0000000000000054 $d
/var/folders/qs/3p__ddh573j_6k2216pg8mv40000gn/T//ccDzWVZG.s:251    .text.timer_read:0000000000000000 $t
/var/folders/qs/3p__ddh573j_6k2216pg8mv40000gn/T//ccDzWVZG.s:258    .text.timer_read:0000000000000000 timer_read
/var/folders/qs/3p__ddh573j_6k2216pg8mv40000gn/T//ccDzWVZG.s:277    .text.timer_elapsed:0000000000000000 $t
/var/folders/qs/3p__ddh573j_6k2216pg8mv40000gn/T//ccDzWVZG.s:284    .text.timer_elapsed:0000000000000000 timer_elapsed
/var/folders/qs/3p__ddh573j_6k2216pg8mv40000gn/T//ccDzWVZG.s:312    .text.timer_elapsed32:0000000000000000 $t
/var/folders/qs/3p__ddh573j_6k2216pg8mv40000gn/T//ccDzWVZG.s:319    .text.timer_elapsed32:0000000000000000 timer_elapsed32
/var/folders/qs/3p__ddh573j_6k2216pg8mv40000gn/T//ccDzWVZG.s:340    .bss.current_time_ms:0000000000000000 $d
/var/folders/qs/3p__ddh573j_6k2216pg8mv40000gn/T//ccDzWVZG.s:344    .bss.current_time_ms:0000000000000000 current_time_ms
/var/folders/qs/3p__ddh573j_6k2216pg8mv40000gn/T//ccDzWVZG.s:347    .bss.last_systime:0000000000000000 $d
/var/folders/qs/3p__ddh573j_6k2216pg8mv40000gn/T//ccDzWVZG.s:351    .bss.last_systime:0000000000000000 last_systime
/var/folders/qs/3p__ddh573j_6k2216pg8mv40000gn/T//ccDzWVZG.s:354    .bss.overflow:0000000000000000 $d
/var/folders/qs/3p__ddh573j_6k2216pg8mv40000gn/T//ccDzWVZG.s:358    .bss.overflow:0000000000000000 overflow

NO UNDEFINED SYMBOLS
