   1               		.file	"muse.c"
   2               	__SP_H__ = 0x3e
   3               	__SP_L__ = 0x3d
   4               	__SREG__ = 0x3f
   5               	__tmp_reg__ = 0
   6               	__zero_reg__ = 1
   7               		.section	.gnu.lto_.profile.8c5e83c61099cffa,"",@progbits
   8 0000 789C 6363 		.string	"x\234cc```\005bF\206\315\214\345"
   8      6060 6005 
   8      6246 86CD 
   8      8CE5 00
   9 000f 031F 0138 		.ascii	"\003\037\0018"
  10               		.text
  11               		.section	.gnu.lto_.icf.8c5e83c61099cffa,"",@progbits
  12 0000 789C 6363 		.string	"x\234cc``\260c@"
  12      6060 B063 
  12      4000 
  13 000a 2E86 07DB 		.string	".\206\007\333N\26722\256\371{\343:\033\023\230d\006\223,\333\277^n\346g=yxo\013\023[\367\
  13      4EB7 3232 
  13      AEF9 7BE3 
  13      3A1B 1398 
  13      6406 932C 
  14 0042 F433 1F6C 		.ascii	"\3643\037l"
  15               		.text
  16               		.section	.gnu.lto_.jmpfuncs.8c5e83c61099cffa,"",@progbits
  17 0000 789C 6363 		.string	"x\234cc``\250e@"
  17      6060 A865 
  17      4000 
  18 000a 2606 4646 		.string	"&\006FF\306\3729\314\f\254 6\003\343\001FF\006 \376\317H\007\036\003"
  18      C6FA 39CC 
  18      0CAC 2036 
  18      03E3 0146 
  18      4606 20FE 
  19 0024 3E15 15E4 		.ascii	">\025\025\344"
  20               		.text
  21               		.section	.gnu.lto_.inline.8c5e83c61099cffa,"",@progbits
  22 0000 789C 6363 		.string	"x\234cc``Had\200\003&\006\006\003nF.\006\216\254)\314\214\323Z\017\235g\357f\236\303\314\
  22      6060 4861 
  22      6480 0326 
  22      0606 036E 
  22      462E 068E 
  23 00b6 050A 2BC3 		.string	"\005\n+\303i\206\016FF\006\246\204\rgY F"
  23      6986 0E46 
  23      4606 A684 
  23      0D67 5920 
  23      4600 
  24 00c8 0133 0F03 		.string	"\0013\017\003\003\343\004?\222)\006"
  24      03E3 043F 
  24      9229 0600 
  25 00d4 4307 4E88 		.ascii	"C\007N\210"
  26               		.text
  27               		.section	.gnu.lto_.pureconst.8c5e83c61099cffa,"",@progbits
  28 0000 789C 6363 		.string	"x\234cc```\005b&\006\026V\t"
  28      6060 6005 
  28      6226 0616 
  28      5609 00
  29 000f 00        		.string	""
  30 0010 C000      		.string	"\300"
  31 0012 2F        		.ascii	"/"
  32               		.text
  33               		.section	.gnu.lto_bit_for_value.8c5e83c61099cffa,"",@progbits
  34 0000 789C 8D95 		.string	"x\234\215\225\337SUU\024\307\367:\373\374\276\367\362C~\210r}\315\361%\233\351O\350\271\3
  34      DF53 5555 
  34      14C7 F73A 
  34      FBFC BEF7 
  34      F243 7E88 
  35 00a4 1478 36B0 		.ascii	"\024x6\260:\215\353\206i\331\216\033\211B\035\034\341\237p\370"
  35      3A8D EB86 
  35      69D9 8E1B 
  35      8942 1D1C 
  35      E19F 70F8 
  36 00b8 B8AD 75AE 		.ascii	"\270\255u\256h\337W\236w\310\313t\\\257j\354\311@'g\254\2353"
  36      68DF 579E 
  36      77C8 CB74 
  36      5CAF 6AEC 
  36      C940 2767 
  37 00cf 7831 0E2F 		.ascii	"x1\016/\304im\203\260\0173\177\033ML\003\257\002\206\361\352"
  37      C469 6D83 
  37      B00F 337F 
  37      1B4D 4C03 
  37      AF02 86F1 
  38 00e4 7C4B 9FBB 		.ascii	"|K\237\273\267[P\213/y\321N\0160\004<O\341\003\006\247a/%\337"
  38      B75B 508B 
  38      2F79 D14E 
  38      0E30 043C 
  38      4FE1 0306 
  39 00fd 1FD8 688B 		.ascii	"\037\330h\213\231:\315\211\223\235\001\223\001\006\375SF\306"
  39      993A CD89 
  39      939D 0193 
  39      0106 FD53 
  39      46C6 
  40 010f DBD8 4C78 		.ascii	"\333\330Lx\231\273'\240\313\330\003\310h\032\n\347$:\211Ab\222"
  40      99BB 27A0 
  40      CBD8 03C8 
  40      681A 0AE7 
  40      243A 8941 
  41 0125 5824 36A5 		.ascii	"X$6\2458(\272K\022!\211\242\260\030P\255b\nKHJIv\220\224\221"
  41      3828 BA4B 
  41      1221 89A2 
  41      B018 50AD 
  41      620A 4B48 
  42 013f 9493 5490 		.ascii	"\224\223T\220T\3224;I\252h\270\213\242\335$\325$d\033=\036\306"
  42      54D2 343B 
  42      49AA 68B8 
  42      8BA2 DD24 
  42      D524 641B 
  43 0156 1F6E 9997 		.ascii	"\037n\231\227a\315\\\243\250!\303rp\350\217\304\347\335@\366"
  43      61CD 5CA3 
  43      A821 C372 
  43      70E8 8FC4 
  43      E7DD 40F6 
  44 016a 931C 923C 		.ascii	"\223\034\222<\306\226\3413O\227\343\030\256\262\357f\327*\034"
  44      C696 E133 
  44      4F97 E318 
  44      AEB2 EF66 
  44      D72A 1C
  45 017d 83D6 FA46 		.ascii	"\203\326\372F\317K\r\216\343.\032\214u\320\222\031|\213/0\245"
  45      CF4B 0D8E 
  45      E32E 1A8C 
  45      75D0 9219 
  45      7C8B 2F30 
  46 0192 FD83 0B93 		.ascii	"\375\203\013\223\326\207\2346\213\366\345\316\324\354\260\255"
  46      D687 9C36 
  46      8BF6 E5CE 
  46      D4EC B0AD 
  47 01a2 8893 04C0 		.ascii	"\210\223\004\300w\020G\206\266\007\322\2229\235\2706\340J\206"
  47      7710 4786 
  47      B607 D292 
  47      399D B836 
  47      E04A 86
  48 01b5 8647 D3B7 		.ascii	"\206G\323\267\216:\212\031\020\314\260`4bF$3\332u\344\244\317"
  48      8E3A 8A19 
  48      10CC B060 
  48      3462 4624 
  48      33DA 75E4 
  49 01cb 6838 9CE9 		.ascii	"h8\234\351\233[\214"
  49      9B5B 8C
  50 01d2 2926 2D98 		.string	")&-\230Q\301\210\357qV2\315\235\237\236\362\275Q[\034n\032\335\f\230y\301|/\030\235\230s\
  50      51C1 88EF 
  50      7156 32CD 
  50      9D9F 9EF2 
  50      BD51 5B1C 
  51 02d3 26B0 D48F 		.ascii	"&\260\324\217\242\324$\225\312A\3033\223%y\\\31664v\271I\354"
  51      A2D4 2495 
  51      CA41 C333 
  51      9325 795C 
  51      CE36 3476 
  52 02ea 16B5 E675 		.ascii	"\026\265\346uL\303\367g\022~\271rL\303\234\376G\351'1\231\303"
  52      4CC3 F767 
  52      127E B972 
  52      4CC3 9CFE 
  52      47E9 2731 
  53 0300 E006 4D85 		.ascii	"\340\006M\205v\315\274\335\025e\327\220vG\224]\276\035\177S\201"
  53      76CD BCDD 
  53      1565 D790 
  53      7647 945D 
  53      BE1D 7F53 
  54 0315 BF9B 617F 		.ascii	"\277\233a\177\325\022\277\264\371w\246X\326\326`\272\300_\031"
  54      D512 BFB4 
  54      F977 A658 
  54      D6D6 60BA 
  54      C05F 19
  55 0328 A605 86AC 		.ascii	"\246\005\206\254\274\241ue"
  55      BCA1 7565 
  56 0330 C894 86CE 		.string	"\310\224\206\316*C\372v\f\335\n\f\375\0246\264[\3427\032\277\356\344\322\220\016\267\013\
  56      2A43 FA76 
  56      0CDD 0A0C 
  56      FD14 36B4 
  56      5BE2 371A 
  57 0431 E2DA D396 		.ascii	"\342\332\323\226\312\360e\305pU\017!\316{\261p\205\236C-7\206"
  57      CAF0 65C5 
  57      7055 0F21 
  57      CE7B B170 
  57      859E 432D 
  58 0447 279E C373 		.ascii	"'\236\303sg\346\212\260\331\255^\334\332R;\207Z\342\364b\357"
  58      67E6 8AB0 
  58      D9AD 5EDC 
  58      DA52 3B87 
  58      5AE2 F462 
  59 045c 17BB 39D4 		.ascii	"\027\2739\324\252Ho\031^\277@\325\361\177h\305\333\2655o\276"
  59      AA48 6F19 
  59      5EBF 40D5 
  59      F17F 68C5 
  59      DBB5 356F 
  60 0471 5B7B 707F 		.ascii	"[{p\177M\355k\257\277\265\377`\355;\007\236\177\225\031\357\325"
  60      4DED 6BAF 
  60      BFB5 FF60 
  60      ED3B 079E 
  60      7F95 19EF 
  61 0486 BC51 7BE0 		.ascii	"\274Q{\340?\177\332\303K"
  61      3F7F DAC3 
  61      4B
  62               		.text
  63               		.section	.gnu.lto_muse_clock_pulse.8c5e83c61099cffa,"",@progbits
  64 0000 789C 8D97 		.string	"x\234\215\227kP\224e\024\307\237\263\317^X\366\006*\212\200\202 *\213\202+\202 \037\370D\
  64      6B50 9465 
  64      14C7 9FB3 
  64      CF5E 58F6 
  64      062A 8A80 
  65 009d 35B4 2C10 		.ascii	"5\264,\020\255\026i\265\331\241\025z\344[\022\336\334\262\371"
  65      AD16 69B5 
  65      D9A1 157A 
  65      E45B 12DE 
  65      DCB2 F9
  66 00b0 BCB7 6287 		.ascii	"\274\267b\207\246\265i\341\267?)?\250u\344\007\245\020}R@M\021"
  66      A6B5 69E1 
  66      B73F 293F 
  66      A875 E407 
  66      A510 7D52 
  67 00c7 2C2F A2A4 		.ascii	",/\242\244\237B\205@\327\221\216\216\307d>P\363\237}\273\336"
  67      9F42 8540 
  67      D791 8E8E 
  67      C764 3E50 
  67      F39F 7DBB 
  68 00dc 7395 BFAF 		.ascii	"s\225\277\257\336:\365\241l\327\302\033J\202\022`\017H\343\233"
  68      DE3A F5A1 
  68      6CD7 C21B 
  68      4A82 1260 
  68      0F48 E39B 
  69 00f0 827C 2F7C 		.ascii	"\202|/||\177\213\307n\205\317\240\234\302b\274\275`\027\200\277"
  69      7C7F 8BC7 
  69      6E85 CFA0 
  69      9CC2 62BC 
  69      BD60 1780 
  70 0105 240D 8CDB 		.ascii	"$\r\214\333\302\332\375\007]Z\370h\007|p\321\365\020\210\240"
  70      C2DA FD07 
  70      5D5A F868 
  70      077C 70D1 
  70      F510 88A0 
  71 0119 B458 D080 		.ascii	"\264X\320\200D#\255\364h\243G;=:\310d\221qRG6u\270\350\321M\306"
  71      4423 ADF4 
  71      68A3 473B 
  71      3D3A C864 
  71      9171 5247 
  72 0134 43C6 4B1D 		.ascii	"C\306K\035>\352\310\241\307\\23\310\314$m\026\365\346\221\231"
  72      3EEA C8A1 
  72      C75C 3233 
  72      C8CC 246D 
  72      16F5 E691 
  73 0149 4DDA 1C32 		.ascii	"M\332\0342\371d\346\222V@\255B2Ed\346\2216\237L1=\226\220Y@\246"
  73      F964 E692 
  73      5640 AD42 
  73      3245 64E6 
  73      9136 9F4C 
  74 0164 94B4 3234 		.ascii	"\224\26424\326\205d\312\311,\"\263\230z\227\220\251 \343\247"
  74      D685 64CA 
  74      C92C 22B3 
  74      987A 9790 
  74      A920 E3A7 
  75 0178 9495 E4BC 		.ascii	"\224\225\344\274\224Z\313\250UE\246\232\036\227S+@f\005\231\032"
  75      945A CBA8 
  75      5545 A69A 
  75      1E97 532B 
  75      4066 0599 
  76 018d 322B A9A3 		.ascii	"2+\251\243\226ZudV\221\251'\323@\035\253\251\325H\246I\320\327"
  76      965A 7564 
  76      5691 A927 
  76      D340 1DAB 
  76      A9D5 48A6 
  77 01a4 6B16 3458 		.ascii	"k\0264Xb\023\032\034^-,\272\245\205Z\033\303\342\032\264\355"
  77      6213 1A1C 
  77      5E2D 2CBA 
  77      A585 5A1B 
  77      C3E2 1AB4 
  78 01b9 8F4C 6E07 		.ascii	"\217Ln\007\372\332\333$\340@\364u\f\037s\274&\203\322\246\306"
  78      FADA DB24 
  78      E040 F475 
  78      0C1F 73BC 
  78      2683 D2A6 
  79 01ce 7068 E8FA 		.ascii	"ph\350\372\031G\353\177Z\026\n!\311c\265g\343\3557\274!\330\016"
  79      1947 EB7F 
  79      5A16 0A21 
  79      C963 B567 
  79      E3ED 37BC 
  80 01e5 4169 8741 		.ascii	"Ai\207A\234#\237C\221\3528\337s\365#g`@\303\1778\320\002\206"
  80      9C23 9F43 
  80      91EA 38DF 
  80      73F5 2367 
  80      6040 C37F 
  81 01fd 2004 E057 		.ascii	" \004\340Wc\f\373  \256C{\tg\262$\206v\364I\032\352/\240U`\025"
  81      630C FB20 
  81      20AE 437B 
  81      0967 B224 
  81      8676 F449 
  82 0218 411C 3B2C 		.ascii	"A\034;,,\332\245\227%\321_U:\366\272d\305\232Ie_\246\251\354"
  82      2CDA A597 
  82      25D1 5F55 
  82      3AF6 BA64 
  82      C59A 4965 
  83 0230 2BAA AC92 		.ascii	"+\252\254\222+\333\237P\231-ee\007TeVse\344\217\302\306[\235"
  83      2BDB 9F50 
  83      992D 6565 
  83      0754 6556 
  83      7365 E48F 
  84 0248 630D AC38 		.ascii	"c\r\2548P\244\300(\366u\216\005X\314R\f\016f\230\322\031\234"
  84      50A4 C028 
  84      F675 8E05 
  84      58CC 520C 
  84      0E66 98D2 
  85 025e 98E8 D083 		.ascii	"\230\350\320\203;a\037}l\t\226L\220\016\032\220F\006\016\036"
  85      3B61 1F7D 
  85      6C09 964C 
  85      900E 1A90 
  85      4606 0E1E 
  86 0272 F019 9086 		.ascii	"\360\031\220\206\t)\f\3144\222\300\224\235\222iT19\315L.\364"
  86      0929 0CCC 
  86      3492 C094 
  86      9D92 6954 
  86      3139 CD4C 
  87 0288 67A6 9D8F 		.ascii	"g\246\235\217\262\342FQEVP;\033Y\365(.7C\355\262\261\350\315"
  87      B2E2 4651 
  87      4556 503B 
  87      1B59 F528 
  87      2E37 43ED 
  88 02a0 84E2 509A 		.ascii	"\204\342P\232\201\371\232(\2262\304\341\004\b_J\210o\024\204"
  88      81F9 9A28 
  88      9632 C4E1 
  88      0408 5F4A 
  88      886F 1484 
  89 02b4 D70C 9183 		.ascii	"\327\f\221\203\376\f\321\375$+\271(R`\305\320\3758\2133\024F"
  89      FE0C D1FD 
  89      242B B928 
  89      5260 C5D0 
  89      FD38 8B33 
  90 02ca 2E33 14B0 		.ascii	".3\024\260\326d\\\004N\363\"p\206(m\"Q6|\213Dc:\321;Q\355_7\023"
  90      D664 5C04 
  90      4EF3 2270 
  90      8628 6D22 
  90      5136 7C8B 
  91 02e8 85F6 5968 		.ascii	"\205\366Yh\277\373\016\2310\227b:\202LW\240-\364<%\243\305\211"
  91      BFFB 0E99 
  91      3097 623A 
  91      824C 57A0 
  91      2DF4 3C25 
  92 02ff 0929 7D5F 		.ascii	"\t)}_\344\354\313\234\177\2461\277\313\234\337\025\302\265`\312"
  92      E4EC CB9C 
  92      7FA6 31BF 
  92      CB9C DF15 
  92      C2B5 60CA 
  93 0313 0F70 14F3 		.ascii	"\017p\024\363\177O\371\341\030\346\022\227\241\375\314\310(\244"
  93      7F4F F9E1 
  93      18E6 1297 
  93      A1FD CCC8 
  93      28A4 
  94 0325 8807 20E0 		.ascii	"\210\007 \3408\317\021\334\005\244\330\352\347M\240/2\265M\367"
  94      38CF 11DC 
  94      05A4 D8EA 
  94      E74D A02F 
  94      32B5 4DF7 
  95 0339 9F65 F477 		.ascii	"\237e\364w\233\363\273C\370\226)\277\200q\314\177B\345\377A\317"
  95      9BF3 BB43 
  95      F896 29BF 
  95      8071 CC7F 
  95      42E5 FF41 
  96 034e 3F39 7229 		.ascii	"?9r)U<\334\321\341d<\277U\364\344\305\362\237;\256\373\347%%"
  96      553C DCD1 
  96      E164 3CBF 
  96      55F4 E4C5 
  96      F29F 3BAE 
  97 0366 B426 27FC 		.ascii	"\264&'\3741\236\360\024%4\016\375l\f\301\243\254\013sP\323\227"
  97      319E F014 
  97      2534 0EFD 
  97      6C0C C1A3 
  97      AC0B 7350 
  98 037c E460 E784 		.ascii	"\344`\347\204\207\305|\3241\350\211\366\335A\311\013\320\n?\251"
  98      87C5 7CD4 
  98      31E8 89F6 
  98      DD41 C90B 
  98      D00A 3FA9 
  99 0390 298E      		.ascii	")\216"
 100 0392 9126 1CEC 		.string	"\221&\034\3544\027\375H9\371\252\n\225Ia\247\343\205M\250Q\237\253@m\361\017\035\355\352\
 100      3417 FD48 
 100      39F9 AA0A 
 100      9549 61A7 
 100      E385 4DA8 
 101 0493 3892 0F80 		.string	"8\222\017\200_\323\034"
 101      5FD3 1C00 
 102 049b 11C3 9DE1 		.string	"\021\303\235\341Z\302\001\2604\345\001\360\233:"
 102      5AC2 01B0 
 102      34E5 01F0 
 102      9B3A 00
 103 04aa 2ACD 07C0 		.string	"*\315\007\3002\364\347m\375)\026\2522)\354z\232\302~7\\\031n$\024V\235\262\260\233\252\26
 103      32F4 E76D 
 103      FD29 16AA 
 103      3229 EC7A 
 103      9AC2 7E37 
 104 04e1 E056 ECB4 		.ascii	"\340V\354\264\035\323\207p\205B\n0\322\240~\205\250\311\204\351"
 104      1DD3 8770 
 104      8542 0A30 
 104      D2A0 7E85 
 104      A8C9 84E9 
 105 04f5 769A 3B43 		.ascii	"v\232;C\324xg\370#\001jeJ\250?\025T\215\031\252\026\375\365\343"
 105      D478 67F8 
 105      2301 6A65 
 105      4AA8 3F15 
 105      548D 19AA 
 106 050d B689 953A 		.ascii	"\266\211\225:\024\215\027\034\037X\340\257\030\324D-;\255R\\"
 106      148D 171C 
 106      1F58 E0AF 
 106      18D4 442D 
 106      3BAD 525C 
 107 0521 750C D5AD 		.ascii	"u\f\325\255_!\3523\201\372;\315@\3351\\!\356&05\244d\272\247"
 107      5F21 EA33 
 107      81FA 3BCD 
 107      40DD 315C 
 107      21EE 2630 
 108 053a 98EA CD4C 		.ascii	"\230\352\315L\253\321\237\231\372\237`\245\021E\2140\034\335"
 108      ABD1 9F99 
 108      FA9F 60A5 
 108      1145 8C30 
 108      1CDD 
 109 054c BDC3 CD4C 		.ascii	"\275\303\315L\3707N\214)\242\2037+\254Fq\003\332\364\254\315"
 109      F837 4E8C 
 109      29A2 8337 
 109      2BAC 4671 
 109      03DA F4AC 
 110 0561 425D BE81 		.ascii	"B]\276\201\0260.\250\274\227Z\326\274\260\276em\365\232\226g"
 110      1630 2EA8 
 110      BC97 5AD6 
 110      BCB0 BE65 
 110      6DF5 9A96 
 111 0576 9E5B 57BD 		.ascii	"\236[W\275\266\345\225g\253\236\026r\375\272\027\377\007\312"
 111      B6E5 9567 
 111      AB9E 1672 
 111      FDBA 17FF 
 111      07CA 
 112 0588 BA0C BD   		.ascii	"\272\f\275"
 113               		.text
 114               		.section	.gnu.lto_muse_theme.8c5e83c61099cffa,"",@progbits
 115 0000 789C 6363 		.string	"x\234cc``\350\007bF\006\b\230\302\314\370e\372\231\233\374\335\314s\230\031\030%\201\334C
 115      6060 E807 
 115      6246 0608 
 115      98C2 CCF8 
 115      65FA 999B 
 116 0051 E42E 5DF6 		.string	"\344.]\366t?\267\305\266\206\216\005\r\016s\230\231\030\re\030w0\3120\032\3110n\007R\333\
 116      743F B7C5 
 116      B686 8E05 
 116      0D0E 7398 
 116      9918 0D65 
 117 0082 0700      		.string	"\007"
 118 0084 2C82      		.ascii	",\202"
 119               		.text
 120               		.section	.gnu.lto_number_of_ones_to_bool.8c5e83c61099cffa,"",@progbits
 121 0000 789C 2DCB 		.ascii	"x\234-\313\317J\002Q\024\006\360\373\315mF2\323\027\230\227\260"
 121      CF4A 0251 
 121      1406 F0FB 
 121      CD6D 4632 
 121      D317 9897 
 122 0015 363E 99EB 		.ascii	"6>\231\353\021\034\214\332\212\253Y\fh\264\020\305H\307f*\265"
 122      111C 8CDA 
 122      8AAB 590C 
 122      68B4 10C5 
 122      48C7 662A 
 123 002a 8916 41A0 		.ascii	"\211\026A\240\255B\bW-\304\225\210\340\302\374s\246s.\027>~\347"
 123      AD42 0857 
 123      2DC4 9588 
 123      E0C2 FC73 
 123      A673 2E17 
 124 0041 3BC7 524A 		.ascii	";\307RJ\025\241\024\375\377W\325\350U>\357\3237\332\323\n \266"
 124      15A1 14FD 
 124      FF57 D5E8 
 124      553E EFD3 
 124      37DA D30A 
 125 0057 57EB B695 		.ascii	"W\353\266\225\020\310\021kn<Nq\233,\357~J{\203\333,\261\276\b"
 125      10C8 116B 
 125      6E3C 4E71 
 125      9B2C EF7E 
 125      4A7B 83DB 
 126 006f DF4C E639 		.ascii	"\337L\3469q;\257N\301\314\020\277\247\345Px\226\334.'\273\f3"
 126      713B AF4E 
 126      C1CC 10BF 
 126      A7E5 5078 
 126      96DC 2E27 
 127 0086 4D6C 06B7 		.ascii	"Ml\006\267\221\264\247\304\365\265\273\321\314\024\361w\333\212"
 127      91B4 A7C4 
 127      F5B5 BBD1 
 127      CC14 F177 
 127      DB8A 
 128 0098 B24C 8BF8 		.ascii	"\262L\213\370\321\210\376\344\326$~\225;\236,\237\020\343U\347"
 128      D188 FEE4 
 128      D624 7E95 
 128      3B9E 2C9F 
 128      10E3 55E7 
 129 00ac 4E5A 4D7C 		.ascii	"NZM|?lF9\246At[\376\f\205\300\271\362\035\307\364\264\201\274"
 129      3F6C 4639 
 129      A641 745B 
 129      FE0C 85C0 
 129      B9F2 1DC7 
 130 00c4 8D07 D8B8 		.ascii	"\215\007\330\270\260\321\243x\005\347\b<\036\212\007\342\027"
 130      B0D1 A378 
 130      05E7 083C 
 130      1E8A 07E2 
 130      17
 131 00d5 C967 995F 		.ascii	"\311g\231_r<\3118\222\f\245~\024\367\305\201d\227\347\n1\n\352"
 131      723C C938 
 131      920C A57E 
 131      14F7 C581 
 131      6497 E70A 
 132 00ec 08C5 016B 		.ascii	"\b\305\001k\331"
 132      D9
 133               		.text
 134               		.section	.gnu.lto_muse_interval.8c5e83c61099cffa,"",@progbits
 135 0000 789C 6363 		.string	"x\234cc``\350\007bF\006\b\230\302\314\370c\317\305EL\335\314s\230\031\030U\200\334C\2376,
 135      6060 E807 
 135      6246 0608 
 135      98C2 CCF8 
 135      63CF C545 
 136 0081 FA55 2C60 		.ascii	"\372U,`"
 137               		.text
 138               		.section	.gnu.lto_.symbol_nodes.8c5e83c61099cffa,"",@progbits
 139 0000 789C 6363 		.string	"x\234cc``X\n\304\fL\322\365\f\f\023\31610"
 139      6060 580A 
 139      C40C 4CD2 
 139      F50C 0C13 
 139      CE31 3000 
 140 0014 A95D 0D8E 		.string	"\251]\r\216\f\f\254b\f\215J@\tVIF\b-\316\004\241\245\230\3014\223L=#\252\006Q\026\210\002
 140      0C0C AC62 
 140      0C8D 4A40 
 140      0956 4946 
 140      082D CE04 
 141 006b 00        		.string	""
 142 006c 993F 22F3 		.ascii	"\231?\"\363"
 143               		.text
 144               		.section	.gnu.lto_.refs.8c5e83c61099cffa,"",@progbits
 145 0000 789C 0DC9 		.string	"x\234\r\3111\n\203@\020\206\321\357\237]\307\035\204\244XDB@\020m\264\260I M\356\341y\275
 145      310A 8340 
 145      1086 D1EF 
 145      9F5D C71D 
 145      84A4 5844 
 146 0056 95D3 047E 		.ascii	"\225\323\004~"
 147               		.text
 148               		.section	.gnu.lto_.decls.8c5e83c61099cffa,"",@progbits
 149 0000 789C 9555 		.ascii	"x\234\225U[P\023g\024\336\223\r\020\002\001\206\261\226\316\360"
 149      5B50 1367 
 149      14DE 930D 
 149      1002 0186 
 149      B196 CEF0 
 150 0014 C068 1D7C 		.ascii	"\300h\035|h\211Ug\324\247Z}\350[_:\235N\235i#b\254LC\322B\342"
 150      6889 5567 
 150      D4A7 5A7D 
 150      E85B 5F3A 
 150      9D4E 9D69 
 151 0030 F322 5014 		.ascii	"\363\"P\024\213\242x\227\"TE\030Z\312\264\025K\251\020\203\004"
 151      8BA2 7897 
 151      2254 4518 
 151      5ACA B415 
 151      4BA9 1083 
 152 0045 904B 1550 		.ascii	"\220K\025PDE\271\206;\204\200\334\246Sz\376\313\222\r\301\316"
 152      4445 B986 
 152      3B84 80DC 
 152      A653 7AFE 
 152      CB92 0DC1 
 153 005a 7487 8FDD 		.ascii	"t\207\217\335s\366;\227\357\374\377\277\t\024\004\341x\260 \274"
 153      73F6 3B97 
 153      EFFC FFBF 
 153      0914 04E1 
 153      78B0 20BC 
 154 006e 0382 D083 		.ascii	"\003\202\320\203X\306+\020}w\021h\n\225\002\273T\210Z\204\023"
 154      58C6 2B10 
 154      7D77 1168 
 154      0A95 02BB 
 154      5488 5A84 
 155 0083 A141 3420 		.ascii	"\241A4 \232\020-\210N\304"
 155      9A10 2D88 
 155      4EC4 
 156 008d 0BC4 2062 		.string	"\013\304 b\b1\"\370^\231\230H\213\367j\236o\037\"\032\021\213\330\217\030E\214!\306\021\0
 156      0831 22F8 
 156      5E99 9848 
 156      8BF7 6A9E 
 156      6F1F 221A 
 157 018e C06F 40C1 		.string	"\300o@\301l\240&\336\031Ov\001\247\t\3623g1\277JNG\377@\340\331\226\345\213e\346\024o:\34
 157      6CA0 26DE 
 157      194F 7601 
 157      A709 F233 
 157      6731 BF4A 
 158 022b 4A61 D905 		.ascii	"Ja\331\005p@\024\376\377\023\324\214\353vU\226\007o(\220zz$\373"
 158      7040 14FE 
 158      FF13 D48C 
 158      EB76 5596 
 158      076F 2890 
 159 0243 507E 4C5F 		.ascii	"P~L_\226$\245a\334\333\204\007U\336\255QE+\300\037\360\022;\255"
 159      9624 A561 
 159      DCDB 8407 
 159      55DE AD51 
 159      452B C01F 
 160 025b 850D 187A 		.ascii	"\205\r\030zf,\343\246V\314\002*\273\241.\257!LY\223\250\227k"
 160      662C E3A6 
 160      56CC 022A 
 160      BBA1 2EAF 
 160      214C 5993 
 161 0272 D6D1 9A66 		.ascii	"\326\321\232f^\322s\251u\226\224,\300\222\255\347\304\f\311\236"
 161      5ED2 73A9 
 161      7596 942C 
 161      C092 ADE7 
 161      C40C C99E 
 162 0286 2A91 CD88 		.ascii	"*\221\315\210,\270\347\255xOY\321I+\272:\213?\025\257\260\202"
 162      2CB8 E7AD 
 162      784F 59D1 
 162      492B BA3A 
 162      8B3F 15AF 
 163 029c 55B5 CE26 		.ascii	"U\265\316&\365\246kR\201C\262?.\024\323%;\323Y\3172\254\324&"
 163      F5A6 6B52 
 163      8143 B23F 
 163      2E14 D325 
 163      3BD3 59CF 
 164 02b4 760D D9AF 		.ascii	"v\r\331\257\r\260\t\303N\245\365Uh\3610\221\366H\232\372\263"
 164      0DB0 09C3 
 164      4EA5 F555 
 164      68F1 3091 
 164      F648 9AFA 
 165 02c9 ED67 3462 		.ascii	"\355g4b)\3139\372]~W8\3179\372\201\024JY\367W%$v#I\330D\023\316"
 165      29CB 39FA 
 165      5D7E 5738 
 165      CF39 FA81 
 165      144A 59F7 
 166 02e7 9C28 F958 		.ascii	"\234(\371X\254b\361\235\327\353\233u<\376\251\034\337\274*\276"
 166      AC62 F19D 
 166      D7EB 9B75 
 166      3CFE A91C 
 166      DFBC 2ABE 
 167 02fb 598E 6FA1 		.ascii	"Y\216o\241\361\335\r%\245\"6\024\253\245\2732\\q\340cY\213%\327"
 167      F1DD 0D25 
 167      A522 3614 
 167      ABA5 BB32 
 167      5C71 E063 
 168 0313 4FFF 1028 		.ascii	"O\377\020(6\261\022\017\323\313\363\b=R\013j4\247[.\367\207\241"
 168      36B1 120F 
 168      D3CB F308 
 168      3D52 0B6A 
 168      34A7 5B2E 
 169 032a B94E 0B31 		.ascii	"\271N\0131x\3143\332\263\346\224\307|C\037=\346\035\330\306\003"
 169      78CC 33DA 
 169      B3E6 94C7 
 169      7C43 1F3D 
 169      E61D D8C6 
 170 033f EF64 6357 		.ascii	"\357dcW\216\271[\222\202\361\230\267\341F{HZj\307\275\027\313"
 170      8EB9 5B92 
 170      82F1 98B7 
 170      E146 7B48 
 170      5A6A C7BD 
 171 0355 0FFA 5FE8 		.ascii	"\017\372_\350lE'Vyz\3039\031\210U:\370\320.^\272:\035\"v\260"
 171      6C45 2756 
 171      797A C339 
 171      1988 553A 
 171      F8D0 2E5E 
 172 036f 8E8A 0A5C 		.ascii	"\216\212\n\\\316@.z(\177ga\177\252\264\2052\037s\341rv\201z\036"
 172      CE40 2E7A 
 172      287F 6761 
 172      7FAA B485 
 172      321F 73E1 
 173 0388 913A 9D54 		.ascii	"\221:\235T\272\243\367|F\2208\310\3228<\3457C\2310\021\315\272"
 173      BAA3 F77C 
 173      4690 38C8 
 173      D238 3CE5 
 173      3743 9930 
 174 039f E579 7B38 		.ascii	"\345y{83Uh\266\271\233\277\017a:#\320\\8[\230\253\326\036#*\037"
 174      3355 68B6 
 174      B99B BF0F 
 174      613A 23D0 
 174      5C38 5B98 
 175 03b9 4852 4014 		.ascii	"HR@\024\241=\3032Oi\231\347\200\002A\037\r]\254\375\306\211\013"
 175      A13D C332 
 175      4F69 99E7 
 175      8002 411F 
 175      0D5D ACFD 
 176 03d0 F3AA C81C 		.ascii	"\363\252\310\034\302F\301\273\331\336\364v\325\r\221r\020agO"
 176      C246 C1BB 
 176      D9DE F476 
 176      D50D 9172 
 176      1061 674F 
 177 03e4 CD95 0510 		.ascii	"\315\225\005\020=v\311\356<-f\222\215\205\024x\342'\207x\276"
 177      3D76 C9EE 
 177      3C2D 6692 
 177      8D85 1478 
 177      E227 8778 
 178 03f9 5009 F082 		.ascii	"P\t\360\202\252I\033\376\273\fD7S#\367\033\311\372\255p5:\265"
 178      AA49 1BFE 
 178      BB0C 4437 
 178      5323 F71B 
 178      C9FA AD70 
 179 0410 AC7D 897C 		.ascii	"\254}\211|\322\313<\263e\201\3545Y\360\231\245\3063\257\227\323"
 179      D2CB 3CB3 
 179      6581 EC35 
 179      59F0 99A5 
 179      C633 AF97 
 180 0425 2FCB E963 		.ascii	"/\313\351cr\\\327\206/\005099T\016\331\366\275H\357\241\364\001"
 180      725C D786 
 180      2F05 3039 
 180      3954 0ED9 
 180      F6BD 48EF 
 181 043c 2AA7 5F96 		.ascii	"*\247_\226\3230\377\217C\205rzPN\331z\334\223\370\036\217\024"
 181      D330 FF8F 
 181      4385 727A 
 181      504E D97A 
 181      DC93 F81E 
 182 0452 D3E2 8D7A 		.ascii	"\323\342\215z\311\265\fR-\331\271\355\225\242\230\311~dR3\217"
 182      C9B5 0C52 
 182      2DD9 B9ED 
 182      95A2 98C9 
 182      7E64 5233 
 183 0467 3706 F305 		.ascii	"7\006\363\005v\361\223F&\350Z\265\261]\362\306\036\2429\316w"
 183      76F1 9346 
 183      26E8 5AB5 
 183      B15D F2C6 
 183      1EA2 39CE 
 184 047c 953B 42C4 		.ascii	"\225;B\304\253,\307\271\364\371W!|\250\325o\255\314t\330o\246"
 184      AB2C C7B9 
 184      F4F9 5721 
 184      7CA8 D56F 
 184      ADCC 74D8 
 185 0492 C3BC 8F11 		.ascii	"\303\274\217\021\232\343d\333l\227.4\213lU6\030\"\325;\231Q\b"
 185      9AE3 64DB 
 185      6C97 2E34 
 185      8B6C 5536 
 185      1822 D53B 
 186 04a9 A5DF 62BC 		.ascii	"\245\337b\274\223!\227\270\363|\310\244I/y\214\223\307(y\262"
 186      9321 97B8 
 186      F37C C8A4 
 186      492F 798C 
 186      93C7 2879 
 187 04be AAAE D887 		.ascii	"\252\256\330\207\334\341C\036\347\344qJn\2712\336\037\264\261"
 187      DCE1 431E 
 187      E7E4 714A 
 187      6EB9 32DE 
 187      1FB4 B1
 188 04d1 901E AABE 		.ascii	"\220\036\252\276t\t\366\300\376\365\364+\310~\n&`#\2222\257\337"
 188      7409 F6C0 
 188      FEF5 F42B 
 188      C87E 0A26 
 188      6023 9232 
 189 04e7 BE11 CA48 		.ascii	"\276\021\312H\222T\214\037f\037\316$\3458\263\352K\303\345DG"
 189      9254 8C1F 
 189      661F CE24 
 189      E538 B3EA 
 189      4BC3 E544 
 190 04fc FD12 4D51 		.ascii	"\375\022MQR\215++U\307I\036\177\222\233\222N\345\\8\251\345$"
 190      528D 2B2B 
 190      55C7 491E 
 190      7F92 9B92 
 190      4EE5 5C38 
 191 0513 479A 1F69 		.ascii	"G\232\037i\232\222z\313;\335\"'\265\371\223<\224t'g\311\023*"
 191      9A92 7ACB 
 191      3BDD 2227 
 191      B5F9 933C 
 191      9474 2767 
 192 052a F7E4 4F9A 		.ascii	"\367\344O\232\241\244\221\241\221~\271\234\307\2374KI\035\251"
 192      A1A4 91A1 
 192      917E B99C 
 192      C79F 344B 
 192      491D A9
 193 053d 8305 B23A 		.ascii	"\203\005\262:\207\377\230^Q\322\362\265\347\237\313-\371s\346"
 193      87FF 985E 
 193      51D2 F2B5 
 193      E79F CB2D 
 193      F973 E6
 194 0550 28A7 7C64 		.ascii	"(\247|d\362[Q\2718d\257x\027g\236/\316<]\234\023\247j\362AI&"
 194      F25B 51B9 
 194      3864 AF78 
 194      1767 9E2F 
 194      CE3C 5D9C 
 195 056b BF5C 5EF2 		.ascii	"\277\\^\362\002'/Pr\372\255\352\223>\313>\340\223y\221\223\311"
 195      0227 2F50 
 195      72FA ADEA 
 195      933E CB3E 
 195      E093 7991 
 196 0581 7DDD 37B6 		.ascii	"}\3357\266x\263\325\226\244\217\267\035L\264\350\223l)\306\270"
 196      78B3 D596 
 196      A48F B71D 
 196      4CB4 E893 
 196      6C29 C6B8 
 197 0595 04CD 871F 		.ascii	"\004\315\207\037}\022\263w\327.!\310\226h\266\3564Xw\350m)\311"
 197      7D12 B377 
 197      D72E 21C8 
 197      9668 B6EE 
 197      3458 77E8 
 198 05ac 7A93 2521 		.ascii	"z\223%!\336\244\337k4\231\342\223\365\361G\222\337\3752!a\367"
 198      DEA4 DF6B 
 198      3499 E293 
 198      F5F1 4792 
 198      DFFD 3221 
 199 05c2 0EFD 8EB8 		.ascii	"\016\375\216\270\355q[\210\255O4'\230l\007\215\372\024\353A\214"
 199      ED71 5B88 
 199      AD4F 3427 
 199      986C 078D 
 199      FA14 EB41 
 200 05d7 8B3B 2CE8 		.ascii	"\213;,\350\016$Z\r\207,\311\206#\361&\2331\300\260\307b1\275"
 200      0E24 5A0D 
 200      872C C986 
 200      23F1 269B 
 200      31C0 B0C7 
 201 05ee B156 4521 		.ascii	"\261VE!\202\334\r\tX\342+\303\3276S\2121\234:\254\211I\306d\303"
 201      82DC 0D09 
 201      58E2 2BC3 
 201      D736 538A 
 201      319C 3AAC 
 202 0607 7B98 4669 		.ascii	"{\230Fio_eoE[CZ\335\266\325`\215P\274\330F\"\265\314q\330\230"
 202      6F5F 656F 
 202      455B 435A 
 202      DDB6 D560 
 202      8D50 BCD8 
 203 0622 645C 6FB6 		.ascii	"d\\o\266%\035@\277\345\220\301b6\246\030\254\026\303\001l\351"
 203      251D 40BF 
 203      E590 C162 
 203      36A6 18AC 
 203      16C3 016C 
 204 0637 CD55 B90C 		.ascii	"\315U\271\f\t\026\233\331jL\326Q\177\"yD\001\377\002>\205U\275"
 204      0916 9BD9 
 204      6A4C D651 
 204      7F22 7944 
 204      01FF 023E 
 205               		.text
 206               		.section	.gnu.lto_.symtab.8c5e83c61099cffa,"",@progbits
 207 0000 6269 745F 		.string	"bit_for_value"
 207      666F 725F 
 207      7661 6C75 
 207      6500 
 208 000e 00        		.string	""
 209 000f 00        		.string	""
 210 0010 00        		.string	""
 211 0011 00        		.string	""
 212 0012 00        		.string	""
 213 0013 00        		.string	""
 214 0014 00        		.string	""
 215 0015 00        		.string	""
 216 0016 00        		.string	""
 217 0017 00        		.string	""
 218 0018 00        		.string	""
 219 0019 C300      		.string	"\303"
 220 001b 00        		.string	""
 221 001c 00        		.string	""
 222 001d 6D75 7365 		.string	"muse_timer_1bit"
 222      5F74 696D 
 222      6572 5F31 
 222      6269 7400 
 223 002d 00        		.string	""
 224 002e 00        		.string	""
 225 002f 00        		.string	""
 226 0030 00        		.string	""
 227 0031 00        		.string	""
 228 0032 00        		.string	""
 229 0033 00        		.string	""
 230 0034 00        		.string	""
 231 0035 00        		.string	""
 232 0036 00        		.string	""
 233 0037 00        		.string	""
 234 0038 C800      		.string	"\310"
 235 003a 00        		.string	""
 236 003b 00        		.string	""
 237 003c 6D75 7365 		.string	"muse_timer_4bit"
 237      5F74 696D 
 237      6572 5F34 
 237      6269 7400 
 238 004c 00        		.string	""
 239 004d 00        		.string	""
 240 004e 00        		.string	""
 241 004f 00        		.string	""
 242 0050 00        		.string	""
 243 0051 00        		.string	""
 244 0052 00        		.string	""
 245 0053 00        		.string	""
 246 0054 00        		.string	""
 247 0055 00        		.string	""
 248 0056 00        		.string	""
 249 0057 CB00      		.string	"\313"
 250 0059 00        		.string	""
 251 005a 00        		.string	""
 252 005b 6D75 7365 		.string	"muse_timer_2bit"
 252      5F74 696D 
 252      6572 5F32 
 252      6269 7400 
 253 006b 00        		.string	""
 254 006c 00        		.string	""
 255 006d 00        		.string	""
 256 006e 00        		.string	""
 257 006f 00        		.string	""
 258 0070 00        		.string	""
 259 0071 00        		.string	""
 260 0072 00        		.string	""
 261 0073 00        		.string	""
 262 0074 00        		.string	""
 263 0075 00        		.string	""
 264 0076 CD00      		.string	"\315"
 265 0078 00        		.string	""
 266 0079 00        		.string	""
 267 007a 6D75 7365 		.string	"muse_timer_31bit"
 267      5F74 696D 
 267      6572 5F33 
 267      3162 6974 
 267      00
 268 008b 00        		.string	""
 269 008c 00        		.string	""
 270 008d 00        		.string	""
 271 008e 00        		.string	""
 272 008f 00        		.string	""
 273 0090 00        		.string	""
 274 0091 00        		.string	""
 275 0092 00        		.string	""
 276 0093 00        		.string	""
 277 0094 00        		.string	""
 278 0095 00        		.string	""
 279 0096 D700      		.string	"\327"
 280 0098 00        		.string	""
 281 0099 00        		.string	""
 282 009a 6D75 7365 		.string	"muse_clock_pulse"
 282      5F63 6C6F 
 282      636B 5F70 
 282      756C 7365 
 282      00
 283 00ab 00        		.string	""
 284 00ac 00        		.string	""
 285 00ad 00        		.string	""
 286 00ae 00        		.string	""
 287 00af 00        		.string	""
 288 00b0 00        		.string	""
 289 00b1 00        		.string	""
 290 00b2 00        		.string	""
 291 00b3 00        		.string	""
 292 00b4 00        		.string	""
 293 00b5 00        		.string	""
 294 00b6 C600      		.string	"\306"
 295 00b8 00        		.string	""
 296 00b9 00        		.string	""
 297 00ba 6D75 7365 		.string	"muse_theme"
 297      5F74 6865 
 297      6D65 00
 298 00c5 00        		.string	""
 299 00c6 00        		.string	""
 300 00c7 00        		.string	""
 301 00c8 00        		.string	""
 302 00c9 00        		.string	""
 303 00ca 00        		.string	""
 304 00cb 00        		.string	""
 305 00cc 00        		.string	""
 306 00cd 00        		.string	""
 307 00ce 00        		.string	""
 308 00cf 00        		.string	""
 309 00d0 DE00      		.string	"\336"
 310 00d2 00        		.string	""
 311 00d3 00        		.string	""
 312 00d4 6E75 6D62 		.string	"number_of_ones_to_bool"
 312      6572 5F6F 
 312      665F 6F6E 
 312      6573 5F74 
 312      6F5F 626F 
 313 00eb 00        		.string	""
 314 00ec 00        		.string	""
 315 00ed 00        		.string	""
 316 00ee 00        		.string	""
 317 00ef 00        		.string	""
 318 00f0 00        		.string	""
 319 00f1 00        		.string	""
 320 00f2 00        		.string	""
 321 00f3 00        		.string	""
 322 00f4 00        		.string	""
 323 00f5 00        		.string	""
 324 00f6 E500      		.string	"\345"
 325 00f8 00        		.string	""
 326 00f9 00        		.string	""
 327 00fa 6D75 7365 		.string	"muse_timer_2bit_counter"
 327      5F74 696D 
 327      6572 5F32 
 327      6269 745F 
 327      636F 756E 
 328 0112 00        		.string	""
 329 0113 00        		.string	""
 330 0114 00        		.string	""
 331 0115 00        		.string	""
 332 0116 00        		.string	""
 333 0117 00        		.string	""
 334 0118 00        		.string	""
 335 0119 00        		.string	""
 336 011a 00        		.string	""
 337 011b 00        		.string	""
 338 011c 00        		.string	""
 339 011d E700      		.string	"\347"
 340 011f 00        		.string	""
 341 0120 00        		.string	""
 342 0121 6D75 7365 		.string	"muse_interval"
 342      5F69 6E74 
 342      6572 7661 
 342      6C00 
 343 012f 00        		.string	""
 344 0130 00        		.string	""
 345 0131 00        		.string	""
 346 0132 00        		.string	""
 347 0133 00        		.string	""
 348 0134 00        		.string	""
 349 0135 00        		.string	""
 350 0136 00        		.string	""
 351 0137 00        		.string	""
 352 0138 00        		.string	""
 353 0139 00        		.string	""
 354 013a E900      		.string	"\351"
 355 013c 00        		.string	""
 356 013d 00        		.string	""
 357               		.text
 358               		.section	.gnu.lto_.opts,"",@progbits
 359 0000 272D 666D 		.ascii	"'-fmath-errno' '-fsigned-zeros' '-ftrapping-m"
 359      6174 682D 
 359      6572 726E 
 359      6F27 2027 
 359      2D66 7369 
 360 002d 6174 6827 		.string	"ath' '-fno-trapv' '-fno-openmp' '-fno-openacc' '-mn-flash=1' '-mno-skip-bug' '-mmcu=avr5'
 360      2027 2D66 
 360      6E6F 2D74 
 360      7261 7076 
 360      2720 272D 
 361               		.text
 362               		.comm	__gnu_lto_v1,1,1
 363               		.comm	__gnu_lto_slim,1,1
 364               		.ident	"GCC: (GNU) 7.4.0"
DEFINED SYMBOLS
                            *ABS*:0000000000000000 muse.c
/var/tmp//ccMMuDee.s:2      *ABS*:000000000000003e __SP_H__
/var/tmp//ccMMuDee.s:3      *ABS*:000000000000003d __SP_L__
/var/tmp//ccMMuDee.s:4      *ABS*:000000000000003f __SREG__
/var/tmp//ccMMuDee.s:5      *ABS*:0000000000000000 __tmp_reg__
/var/tmp//ccMMuDee.s:6      *ABS*:0000000000000001 __zero_reg__
                            *COM*:0000000000000001 __gnu_lto_v1
                            *COM*:0000000000000001 __gnu_lto_slim

NO UNDEFINED SYMBOLS
