   1               		.file	"outputselect.c"
   2               	__SP_H__ = 0x3e
   3               	__SP_L__ = 0x3d
   4               	__SREG__ = 0x3f
   5               	__tmp_reg__ = 0
   6               	__zero_reg__ = 1
   7               		.section	.gnu.lto_.profile.a6965c8f7dcd0bbd,"",@progbits
   8 0000 789C 6363 		.string	"x\234cc```\001bF\006U~"
   8      6060 6001 
   8      6246 0655 
   8      7E00 
   9 000e 00        		.string	""
  10 000f D100      		.string	"\321"
  11 0011 40        		.ascii	"@"
  12               		.text
  13               		.section	.gnu.lto_.icf.a6965c8f7dcd0bbd,"",@progbits
  14 0000 789C 6363 		.string	"x\234cc``P`@"
  14      6060 5060 
  14      4000 
  15 000a 5686 7BDF 		.string	"V\206{\337\257\274ad\374\325\361f\002\033\323\232\2777\256\2631\377x\277\364\032\033\353\
  15      AFBC 6164 
  15      FCD5 F166 
  15      021B D39A 
  15      BF37 AEB3 
  16 002d 00        		.string	""
  17 002e 1E81 115A 		.ascii	"\036\201\021Z"
  18               		.text
  19               		.section	.gnu.lto_.jmpfuncs.a6965c8f7dcd0bbd,"",@progbits
  20 0000 789C 6363 		.string	"x\234cc``\320b@"
  20      6060 D062 
  20      4000 
  21 000a 1606 4646 		.string	"\026\006FF\006\2069\314@\212\221\261\036H31U\002\205\031\017"
  21      0686 39CC 
  21      408A 91B1 
  21      1E48 3331 
  21      5502 8519 
  22 0020 8581 F83F 		.string	"\205\201\370?#\0033\003\003+H%"
  22      2303 3303 
  22      032B 4825 
  22      00
  23 002d 70C2 0502 		.ascii	"p\302\005\002"
  24               		.text
  25               		.section	.gnu.lto_.inline.a6965c8f7dcd0bbd,"",@progbits
  26 0000 789C 6363 		.string	"x\234cc``\210d@"
  26      6060 8864 
  26      4000 
  27 000a 1606 0666 		.string	"\026\006\006f&F\006& \223m\201<\210b`d`\343\003\2120]\340\207\0131q\003\205'\37013\260\26
  27      2646 0626 
  27      2093 6D81 
  27      3C88 6260 
  27      6460 E303 
  28 0040 5DF5 07EC 		.ascii	"]\365\007\354"
  29               		.text
  30               		.section	.gnu.lto_.pureconst.a6965c8f7dcd0bbd,"",@progbits
  31 0000 789C 6363 		.string	"x\234cc``\340\004b\026\006\tF\tf)V\t"
  31      6060 E004 
  31      6216 0609 
  31      4609 6629 
  31      5609 00
  32 0013 02B2 00   		.string	"\002\262"
  33 0016 7F        		.ascii	"\177"
  34               		.text
  35               		.section	.gnu.lto_set_output_user.a6965c8f7dcd0bbd,"",@progbits
  36 0000 789C 254E 		.string	"x\234%N=K\003Q\020\234y\317\034\021\264\027La\345q\215\247\370\037\374\033\"\307\331x\362
  36      3D4B 0351 
  36      109C 79CF 
  36      1C11 B417 
  36      4C61 E571 
  37 0097 1F18 57E6 		.ascii	"\037\030W\346\217\273\331\305r\2640\357\343##P\305\355[-\310"
  37      8FBB D9C5 
  37      72B4 30EF 
  37      E323 2350 
  37      C5ED 5B2D 
  38 00ac EC77 A005 		.ascii	"\354w\240\005\2615\300P\257\372\232\004\034\353\250\252\037\360"
  38      B135 C050 
  38      AFFA 9A04 
  38      1CEB A8AA 
  38      1FF0 
  39 00be C5DE DA7F 		.ascii	"\305\336\332\177\240\302P+u\255\326u\177x\260\233\271V\2366["
  39      A0C2 502B 
  39      75AD D675 
  39      7F78 B09B 
  39      B956 9E36 
  40 00d3 CEBB CC15 		.ascii	"\316\273\314\025iQ\356\357\245\256\364\315\322\267\363\"\317"
  40      6951 EEEF 
  40      A5AE F4CD 
  40      D2B7 F322 
  40      CF
  41 00e4 FC46 8668 		.ascii	"\374F\206h>\377\001\300\271K\373"
  41      3EFF 01C0 
  41      B94B FB
  42               		.text
  43               		.section	.gnu.lto_set_output.a6965c8f7dcd0bbd,"",@progbits
  44 0000 789C 5D50 		.ascii	"x\234]P=K\003A"
  44      3D4B 0341 
  45 0008 147C B37B 		.string	"\024|\263{\371\002\265\026Lm\270\306\023\254\254\375\023v\"Gl\214\\\210\227\3726\211\222\
  45      F902 B516 
  45      4C6D B8C6 
  45      13AC ACFD 
  45      1376 2247 
  46 0109 BBD0 6F08 		.ascii	"\273\320o\b\371K.\220f\311K\004`IzC9\370Nu\2555j\354\307\231"
  46      F94B 2E90 
  46      66C9 4B04 
  46      6049 7A43 
  46      39F8 4E75 
  47 0123 04D1 B03B 		.ascii	"\004\321\260;7;e;\205\254\225/8\256c;9+W\234\231\266\234\242"
  47      373B 653B 
  47      85AC 952F 
  47      38AE 633B 
  47      392B 579C 
  48 013b 9B2F BAF3 		.ascii	"\233/\272\363\331\\\326vGl\212\367\356\177\002*v\351"
  48      D95C D676 
  48      476C 8AF7 
  48      EE7F 022A 
  48      76E9 
  49               		.text
  50               		.section	.gnu.lto_auto_detect_output.a6965c8f7dcd0bbd,"",@progbits
  51 0000 789C 4590 		.string	"x\234E\220;KCA\020\205\347\354\334<\210\232\312\302\"\255b\032#h\237\316\277!\022bc\344\2
  51      3B4B 4341 
  51      1085 E7EC 
  51      DC3C 889A 
  51      CAC2 22AD 
  52 0052 88BA E5EC 		.ascii	"\210\272\345\354\227\005\037A\025\316\210\306\203JY\327a\322"
  52      9705 1F41 
  52      15CE 88C6 
  52      834A 59D7 
  52      61D2 
  53 0064 2176 E3A4 		.ascii	"!v\343\244[\031\326\257l\001\246\320APN\261\205\034\346y\221"
  53      5B19 D6AF 
  53      6C01 A6D0 
  53      4150 4EB1 
  53      851C E679 
  54 0079 B1B0 54B8 		.ascii	"\261\260T\270\rG\327\265\236\320\336\362ng]Ou\224\231\250\310"
  54      0D47 D7B5 
  54      9ED0 DEF2 
  54      6E67 5D4F 
  54      7594 99A8 
  55 008e 84BE 087A 		.ascii	"\204\276\bz#\206\275\203(I\353}\365s\251\315o\231;\021w\341'"
  55      2386 BD83 
  55      2849 EB7D 
  55      F573 A9CD 
  55      6F99 3B11 
  56 00a5 0940 5B17 		.ascii	"\t@[\027>O\177~Mk\357r\ro>\013Tf(2\020\232\221M\206j\217fY\231"
  56      3E4F 7F7E 
  56      4D6B EF72 
  56      0D6F 3E0B 
  56      5466 2832 
  57 00c3 2AEF D113 		.ascii	"*\357\321\023\032\305\307f\306\370K\f\301\026\247\032\347\201"
  57      1AC5 C766 
  57      C6F8 4B0C 
  57      C116 A71A 
  57      E781 
  58 00d5 392E B382 		.ascii	"9.\263\202\231\342\272\317\315@\356C\007E\250\030\210h/oW\233"
  58      99E2 BACF 
  58      CD40 EE43 
  58      0745 A818 
  58      8868 2F6F 
  59 00eb 6D15 AC8C 		.ascii	"m\025\254\214k\224\231\261/\341\367 \321p\200\n\350\001\2237"
  59      6B94 99B1 
  59      2FE1 F720 
  59      D170 800A 
  59      E801 9337 
  60 00ff C727 F827 		.ascii	"\307'\370'\326\357\266_[\fQ\036\217C\323\370\223\205\311\215"
  60      D6EF B65F 
  60      5B0C 511E 
  60      8F43 D3F8 
  60      9385 C98D 
  61 0113 E74D 14EB 		.ascii	"\347M\024\353/\312\213\344,I0\242w(\361\035\255\316o\204\214"
  61      2FCA 8BE4 
  61      2C49 30A2 
  61      7728 F11D 
  61      ADCE 6F84 
  62 0128 4FFE 122E 		.ascii	"O\376\022.\"\252\264\334.\362\336\364i\365O\006j\210pm%,8\030"
  62      22AA B4DC 
  62      2EF2 DEF4 
  62      69F5 4F06 
  62      6A88 706D 
  63 0140 8A98 BB9C 		.ascii	"\212\230\273\234\321\221\301\204\235I\306\322\031\333\261\023"
  63      D191 C184 
  63      9D49 C6D2 
  63      19DB B113 
  64 0150 762A 96CA 		.ascii	"v*\226\312\016\017\305\354\254\223\316:c\311T2\341\364$\350\033"
  64      0E0F C5EC 
  64      AC93 CE3A 
  64      63C9 5432 
  64      E1F4 24E8 
  65 0165 8552 7B17 		.ascii	"\205R{\027"
  66               		.text
  67               		.section	.gnu.lto_where_to_send.a6965c8f7dcd0bbd,"",@progbits
  68 0000 789C 6D4F 		.string	"x\234mO=K\003A\020\235\267{\271\004\321\374\202\253%i\214\242\277\301\277`)r\304\306\310\
  68      3D4B 0341 
  68      109D B77B 
  68      B904 D1FC 
  68      82AB 2569 
  69 006c BA51 0990 		.ascii	"\272Q\t\220'\244\001\017U\271!\261^\257\335'\323{J\225T\264Y"
  69      27A4 010F 
  69      55B9 21B1 
  69      5EAF DD27 
  69      D37B 4A95 
  70 0083 33B7 CA1D 		.ascii	"3\267\312\035%\233\222(\220\204q\013\243\226&?B\232\030\373x"
  70      259B 9228 
  70      9084 710B 
  70      A396 263F 
  70      429A 18FB 
  71 0098 D8AB 0F99 		.ascii	"\330\253\017\231\206\376\343a\013&\261\003:\270\211E\252\367"
  71      86FE E361 
  71      0B26 B103 
  71      3AB8 8945 
  71      AAF7 
  72 00aa B5A2 A2EE 		.ascii	"\265\242\242\356.\266'\343\240\246\204\340B\246.De.,\255\"\252"
  72      2EB6 27E3 
  72      A0A6 84E0 
  72      42A6 2E44 
  72      652E 2CAD 
  73 00c0 48A1 3B3F 		.ascii	"H\241;?\242W\224\202\227\212\237\324,\r\t&\017\226\317\257\343"
  73      A257 9482 
  73      978A 9FD4 
  73      2C0D 0926 
  73      0F96 CFAF 
  74 00d5 ABAC 2DA0 		.ascii	"\253\254-\240\265\332\355\356]\334\373T\t\036\204\232\205g-\377"
  74      B5DA EDEE 
  74      5DDC FB54 
  74      091E 849A 
  74      8567 2DFF 
  75 00e9 7D2D 1962 		.ascii	"}-\031b\007L\213\023Np\f\266\207S\204\240g,\335^\\\342\037>6"
  75      074C 8B13 
  75      4E70 0CB6 
  75      8753 84A0 
  75      672C DD5E 
  76 0102 8933 0DE4 		.ascii	"\2113\r\344S\221\222:\026\353w\341\207\373\325T\037n\376\325"
  76      5391 923A 
  76      16EB 77E1 
  76      87FB D554 
  76      1F6E FED5 
  77 0116 9381 E45C 		.ascii	"\223\201\344\\h\303c\377\306\317\226\361k\373\215\20358\004\321"
  77      68C3 63FF 
  77      C6CF 96F1 
  77      6BFB 8D83 
  77      3538 04D1 
  78 012a 0704 2F4A 		.ascii	"\007\004/J.\334<=\200SB\203\370o\330\235\237\233\266\235B6\223"
  78      2EDC 3C3D 
  78      8053 4283 
  78      F86F D89D 
  78      9F9B B69D 
  79 0141 2F38 AE63 		.ascii	"/8\256c;\271L\2568;\223q\212n\276\350.dsY\333\035\261\351\033"
  79      3BB9 4CAE 
  79      383B 9371 
  79      8A6E BEE8 
  79      2E64 7359 
  80 015a 8039 7D6F 		.ascii	"\2009}o"
  81               		.text
  82               		.section	.gnu.lto_.symbol_nodes.a6965c8f7dcd0bbd,"",@progbits
  83 0000 789C 6363 		.string	"x\234cc``\310\002b\006\246\327\f\365\f\f\023\3161\200\250]\r\216@\221W\f\365\214(\"\254/\
  83      6060 C802 
  83      6206 A6D7 
  83      0CF5 0C0C 
  83      13CE 3180 
  84 0033 C9BC 65A8 		.string	"\311\274e\250gF\221afd`X\364\340\037#3+3\303\243\037z\f"
  84      6746 9161 
  84      6664 6058 
  84      F4E0 1F23 
  84      332B 33C3 
  85 004c A987 1AC6 		.ascii	"\251\207\032\306"
  86               		.text
  87               		.section	.gnu.lto_.refs.a6965c8f7dcd0bbd,"",@progbits
  88 0000 789C 6363 		.string	"x\234cc``\020"
  88      6060 1000 
  89 0008 6246 4646 		.string	"bFFF&&Ff\006\026FFV\006&F\006"
  89      2626 4666 
  89      0616 4646 
  89      5606 2646 
  89      0600 
  90 001a 02BE 00   		.string	"\002\276"
  91 001d 30        		.ascii	"0"
  92               		.text
  93               		.section	.gnu.lto_.decls.a6965c8f7dcd0bbd,"",@progbits
  94 0000 789C 8D54 		.ascii	"x\234\215TMl\033E\024\236\267k'\226c7Q\205\220%|(\025A\345\200"
  94      4D6C 1B45 
  94      149E B76B 
  94      2796 6337 
  94      5185 9025 
  95 001a 3708 A4D0 		.ascii	"7\b\244\320\023mS\301\005q)\221\270\271f\275P+\306.\353uz\035"
  95      136D 53C1 
  95      0571 2991 
  95      B8B9 66BD 
  95      502B C62E 
  96 0032 9306 552D 		.ascii	"\223\006U-(-\220r \b\013\n4\244\245U\013\241)?\331\270v\034\222"
  96      282D 9072 
  96      2008 0B0A 
  96      34A4 A555 
  96      0BA1 293F 
  97 004b 98C4 AE68 		.ascii	"\230\304\256h\204\370I@H\024D 4"
  97      84F8 4940 
  97      4814 4420 
  97      34
  98 0058 527F 206D 		.string	"R\177 mx\363\343z\355SGy\336}o\276\367}\337\314\354\244\211\020\362\227\213\220{\201\220\
  98      78F3 E37A 
  98      ED53 4779 
  98      DE7D 6FBE 
  98      F77D DFCC 
  99 0159 0F91 034F 		.string	"\017\221\003O\361)p\325\022H\030\251\276K\224\250+U:\376\007D\262\255W\207`\226\220\032\0
  99      F129 70D5 
  99      1248 18A9 
  99      BE4B 94A8 
  99      2B55 3AFE 
 100 01a3 4F4E 0FAD 		.ascii	"ON\017\255\225=.\205\300\027\374X\260\362\333\311o+~\254\360"
 100      953D 2E85 
 100      C017 FC58 
 100      B0F2 DBC9 
 100      6F2B 7EAC 
 101 01b8 FD83 848B 		.ascii	"\375\203\204\213\325\256\367\255\035U\003G\371\321P\332\006\260"
 101      D5AE F7AD 
 101      1D55 0347 
 101      F9D1 50DA 
 101      06B0 
 102 01ca FB6E B9F3 		.ascii	"\373n\271\363\004\306!\200\277_\201K\264\027/\275\362\273os\226"
 102      04C6 2180 
 102      BF5F 814B 
 102      B417 2FBD 
 102      F2BB 6F73 
 103 01df 2ED9 D4BE 		.ascii	".\331\324\276v\274#\377a\206\236\316R\272\215\003\341\363\352"
 103      76BC 23FF 
 103      6186 9ECE 
 103      52BA 8D03 
 103      E1F3 EA
 104 01f2 51C2 97E0 		.ascii	"Q\302\227\340b\031\363x\036\026\321\265\r\233\261\375p\356\346"
 104      6219 F378 
 104      1E16 D1B5 
 104      0D9B B1FD 
 104      70EE E6
 105 0205 6293 7A52 		.ascii	"b\223zR\230\2735xu\265\t\271\262K\324\376I\357\247v\206\262o"
 105      98BB 3578 
 105      75B5 09B9 
 105      B24B D4FE 
 105      49EF A776 
 106 021c 8211 4DD4 		.ascii	"\202\021M\324\276\211\t'K\216\263\364\r/\277\345Q\317\t\226\251"
 106      BE89 0927 
 106      4B8E B3F4 
 106      0D2F BFE5 
 106      51CF 0996 
 107 0231 C2D0 D406 		.ascii	"\302\320\324\006\247y\266\256\252\373<w\237\220\346\373V\363"
 107      A779 B6AE 
 107      AAFB 3C77 
 107      9F90 E6FB 
 107      56F3 
 108 0243 F730 EFA8 		.ascii	"\3670\357\250wiP\275-\210 \270P\023\274\340\024,p\301WK\337\217"
 108      7769 50BD 
 108      2D88 20B8 
 108      5013 BCE0 
 108      142C 70C1 
 109 025b 7BD5 1921 		.ascii	"{\325\031!8xd\346\214G\332\316\005\352X&k,\223N\226\"g\031\350"
 109      3878 64E6 
 109      8C47 DACE 
 109      05EA 5826 
 109      6B2C 934E 
 110 0274 FB65 D48B 		.ascii	"\373e\324\213\367\210\031dD\377\f\224\337oV\277\023\254\3713"
 110      F788 1964 
 110      44FF 0C94 
 110      DF6F 56BF 
 110      13AC F933 
 111 0288 D783 EDEF 		.ascii	"\327\203\355\357\321l\216\332\177\354\240>\016\372Z\320\335^"
 111      D16C 8EDA 
 111      7FEC A03E 
 111      0EFA 5AD0 
 111      DD5E 
 112 029a 0DCB A7D8 		.ascii	"\r\313\247\330\247?\r\355\330\222\0319\273\340R/\213\376\377"
 112      A73F 0DED 
 112      D892 1939 
 112      BBE0 522F 
 112      8BFE FF
 113 02ad F697 46DC 		.ascii	"\366\227F\334^\274;}wpw\020\277:X\274\245\240\3401\304\027\307"
 113      5EBC 3B7D 
 113      7770 7710 
 113      BF3A 58BC 
 113      A5A0 E031 
 114 02c4 377D B476 		.ascii	"7}\264v\230\036x\271\rfQv\246Av\206-\005J\\\263\260~\315n\305"
 114      981E 78B9 
 114      0D66 5176 
 114      A641 7686 
 114      2D05 4A5C 
 115 02de 356C F482 		.ascii	"5l\364\202\302\376\027\254\314\276\335\202\351]^h\303t\371\335"
 115      C2FE 17AC 
 115      CCBE DD82 
 115      E95D 5E68 
 115      C374 F9DD 
 116 02f2 E515 D577 		.ascii	"\345\025\325w\220]\340yJ\335\001~\226s(\372\r0\242y\360\361O"
 116      905D E079 
 116      4ADD 017E 
 116      9673 28FA 
 116      0D30 A279 
 117 0309 179F ECE6 		.ascii	"\027\237\354\346\016\257\f\371\235`\266\344\032\270,\301e\016"
 117      0EAF 0CF9 
 117      9D60 B6E4 
 117      1AB8 2CC1 
 117      650E 
 118 031b BEF2 E6CD 		.ascii	"\276\362\346\315\241\026'x\266\016\\\221\340\n\007_\236;r\312"
 118      A116 2778 
 118      B60E 5C91 
 118      E00A 075F 
 118      9E3B 72CA 
 119 032f E704 E7EB 		.ascii	"\347\004\347\353l\\\224`\366l\267^\350\t\353I\323\320\366\232"
 119      6C5C 9460 
 119      F66C B75E 
 119      E809 EB49 
 119      D3D0 F69A 
 120 0343 492B A927 		.ascii	"I+\251'\343Z<\375\\DK\246\255\275i+e\304\r\335\n\351\236'\236"
 120      E35A 3CFD 
 120      5C44 4BA6 
 120      ADBD 692B 
 120      65C4 0DDD 
 121 035c EADE D4B5 		.ascii	"\352\336\324\265u+iN\307\022\326\243a\253SK\247L-\236\324#q\255"
 121      752B 694E 
 121      C712 D6A3 
 121      61AB 534B 
 121      A74C 2D9E 
 122 0374 CB88 C723 		.ascii	"\313\210\307#\246\026\3515\037|^\327\267uj\235\241GB\035,\327"
 122      A616 E935 
 122      1F7C 5ED7 
 122      B775 6A9D 
 122      A147 421D 
 123 038a 6209 3D9E 		.ascii	"b\t=\236\216\032Z\312\212b_h\017iM\031VXp\207\323)\303t\3553"
 123      8E1A 5ACA 
 123      8A62 5F68 
 123      0F69 4D19 
 123      5658 7087 
 124 03a4 223D F7DF 		.ascii	"\"=\367\337\221\007\342\255\365n\214\244\255d8jX8#K\376}{\f\323"
 124      9107 E2AD 
 124      F56E 8CA4 
 124      AD64 386A 
 124      5838 234B 
 125 03bd 0863 3965 		.ascii	"\bc9e$\242\033\242F*f\032Q9\331\332\275kGx\247\321\033\323\215"
 125      24A2 1BA2 
 125      462A 661A 
 125      5139 D9DA 
 125      BD6B 4778 
 126 03d6 5D56 C432 		.ascii	"]V\3042\036\210\307\236\025\032Ov?\276]\333i\306z\r3\245!J\353"
 126      1E88 C79E 
 126      151A 4F76 
 126      3FBE 5DDB 
 126      69C6 7A0D 
 127 03ef 623E F0E5 		.ascii	"b>\360\345\351H\252\007\r\377\017SB\321\031"
 127      E948 AA07 
 127      0DFF 0F53 
 127      42D1 19
 128               		.text
 129               		.section	.gnu.lto_.symtab.a6965c8f7dcd0bbd,"",@progbits
 130 0000 7365 745F 		.string	"set_output_user"
 130      6F75 7470 
 130      7574 5F75 
 130      7365 7200 
 131 0010 00        		.string	""
 132 0011 01        		.ascii	"\001"
 133 0012 00        		.string	""
 134 0013 00        		.string	""
 135 0014 00        		.string	""
 136 0015 00        		.string	""
 137 0016 00        		.string	""
 138 0017 00        		.string	""
 139 0018 00        		.string	""
 140 0019 00        		.string	""
 141 001a 00        		.string	""
 142 001b C000      		.string	"\300"
 143 001d 00        		.string	""
 144 001e 00        		.string	""
 145 001f 7365 745F 		.string	"set_output"
 145      6F75 7470 
 145      7574 00
 146 002a 00        		.string	""
 147 002b 00        		.string	""
 148 002c 00        		.string	""
 149 002d 00        		.string	""
 150 002e 00        		.string	""
 151 002f 00        		.string	""
 152 0030 00        		.string	""
 153 0031 00        		.string	""
 154 0032 00        		.string	""
 155 0033 00        		.string	""
 156 0034 00        		.string	""
 157 0035 C200      		.string	"\302"
 158 0037 00        		.string	""
 159 0038 00        		.string	""
 160 0039 6465 7369 		.string	"desired_output"
 160      7265 645F 
 160      6F75 7470 
 160      7574 00
 161 0048 00        		.string	""
 162 0049 00        		.string	""
 163 004a 00        		.string	""
 164 004b 00        		.string	""
 165 004c 00        		.string	""
 166 004d 00        		.string	""
 167 004e 00        		.string	""
 168 004f 00        		.string	""
 169 0050 00        		.string	""
 170 0051 00        		.string	""
 171 0052 00        		.string	""
 172 0053 CA00      		.string	"\312"
 173 0055 00        		.string	""
 174 0056 00        		.string	""
 175 0057 6175 746F 		.string	"auto_detect_output"
 175      5F64 6574 
 175      6563 745F 
 175      6F75 7470 
 175      7574 00
 176 006a 00        		.string	""
 177 006b 00        		.string	""
 178 006c 00        		.string	""
 179 006d 00        		.string	""
 180 006e 00        		.string	""
 181 006f 00        		.string	""
 182 0070 00        		.string	""
 183 0071 00        		.string	""
 184 0072 00        		.string	""
 185 0073 00        		.string	""
 186 0074 00        		.string	""
 187 0075 C500      		.string	"\305"
 188 0077 00        		.string	""
 189 0078 00        		.string	""
 190 0079 7768 6572 		.string	"where_to_send"
 190      655F 746F 
 190      5F73 656E 
 190      6400 
 191 0087 00        		.string	""
 192 0088 00        		.string	""
 193 0089 00        		.string	""
 194 008a 00        		.string	""
 195 008b 00        		.string	""
 196 008c 00        		.string	""
 197 008d 00        		.string	""
 198 008e 00        		.string	""
 199 008f 00        		.string	""
 200 0090 00        		.string	""
 201 0091 00        		.string	""
 202 0092 C700      		.string	"\307"
 203 0094 00        		.string	""
 204 0095 00        		.string	""
 205 0096 5553 425F 		.string	"USB_DeviceState"
 205      4465 7669 
 205      6365 5374 
 205      6174 6500 
 206 00a6 00        		.string	""
 207 00a7 02        		.ascii	"\002"
 208 00a8 00        		.string	""
 209 00a9 00        		.string	""
 210 00aa 00        		.string	""
 211 00ab 00        		.string	""
 212 00ac 00        		.string	""
 213 00ad 00        		.string	""
 214 00ae 00        		.string	""
 215 00af 00        		.string	""
 216 00b0 00        		.string	""
 217 00b1 CD00      		.string	"\315"
 218 00b3 00        		.string	""
 219 00b4 00        		.string	""
 220               		.text
 221               		.section	.gnu.lto_.opts,"",@progbits
 222 0000 272D 666D 		.ascii	"'-fmath-errno' '-fsigned-zeros' '-ftrapping-m"
 222      6174 682D 
 222      6572 726E 
 222      6F27 2027 
 222      2D66 7369 
 223 002d 6174 6827 		.string	"ath' '-fno-trapv' '-fno-openmp' '-fno-openacc' '-mn-flash=1' '-mno-skip-bug' '-mmcu=avr5'
 223      2027 2D66 
 223      6E6F 2D74 
 223      7261 7076 
 223      2720 272D 
 224               		.text
 225               		.comm	__gnu_lto_v1,1,1
 226               		.comm	__gnu_lto_slim,1,1
 227               		.ident	"GCC: (GNU) 7.4.0"
DEFINED SYMBOLS
                            *ABS*:0000000000000000 outputselect.c
/var/tmp//ccA2W5pc.s:2      *ABS*:000000000000003e __SP_H__
/var/tmp//ccA2W5pc.s:3      *ABS*:000000000000003d __SP_L__
/var/tmp//ccA2W5pc.s:4      *ABS*:000000000000003f __SREG__
/var/tmp//ccA2W5pc.s:5      *ABS*:0000000000000000 __tmp_reg__
/var/tmp//ccA2W5pc.s:6      *ABS*:0000000000000001 __zero_reg__
                            *COM*:0000000000000001 __gnu_lto_v1
                            *COM*:0000000000000001 __gnu_lto_slim

NO UNDEFINED SYMBOLS
