   1               		.file	"usb_descriptor.c"
   2               	__SP_H__ = 0x3e
   3               	__SP_L__ = 0x3d
   4               	__SREG__ = 0x3f
   5               	__tmp_reg__ = 0
   6               	__zero_reg__ = 1
   7               		.section	.gnu.lto_.profile.fbe3614c94669946,"",@progbits
   8 0000 789C 6363 		.string	"x\234cc```\001bF\006\031M"
   8      6060 6001 
   8      6246 0619 
   8      4D00 
   9 000e 00        		.string	""
  10 000f D900      		.string	"\331"
  11 0011 51        		.ascii	"Q"
  12               		.text
  13               		.section	.gnu.lto_.icf.fbe3614c94669946,"",@progbits
  14 0000 789C 6363 		.string	"x\234cc``\360g@"
  14      6060 F067 
  14      4000 
  15 000a 5E86 2DFF 		.string	"^\206-\377\227\256\344c|;w\356s\026\246\353\353\327\334\347c\376;\347@\007\023\313\361+\2
  15      97AE E463 
  15      7C3B 77EE 
  15      7316 A6EB 
  15      EBD7 DCE7 
  16 0060 5749 28DA 		.ascii	"WI(\332"
  17               		.text
  18               		.section	.gnu.lto_.jmpfuncs.fbe3614c94669946,"",@progbits
  19 0000 789C 6363 		.string	"x\234cc``\020a@"
  19      6060 1061 
  19      4000 
  20 000a 4606 6646 		.string	"F\006fFFF\366\3729\314\fP\314\310"
  20      4646 F6FA 
  20      39CC 0C50 
  20      CCC8 00
  21 0019 00        		.string	""
  22 001a 209E 0384 		.ascii	" \236\003\204"
  23               		.text
  24               		.section	.gnu.lto_.inline.fbe3614c94669946,"",@progbits
  25 0000 789C 6363 		.string	"x\234cc``\360c@"
  25      6060 F063 
  25      4000 
  26 000a 4606 066D 		.string	"F\006\006m.F\026F\201\214)\314\214G\377\177?\300\337\315<\207\231\211\221\211q3\243\f\003
  26      2E46 1646 
  26      818C 29CC 
  26      8C47 FF7F 
  26      3FC0 DFCD 
  27 0030 AA63 0411 		.string	"\252c\004\021\254\202?\270\031\330;\324\231\030\fz\242\005\03086p)0\260\365\261p"
  27      AC82 3FB8 
  27      19D8 3BD4 
  27      9918 0C7A 
  27      A205 1838 
  28 004d 8D52 6060 		.string	"\215R``"
  28      00
  29 0052 00        		.string	""
  30 0053 5F70 0D34 		.ascii	"_p\r4"
  31               		.text
  32               		.section	.gnu.lto_.pureconst.fbe3614c94669946,"",@progbits
  33 0000 789C 6363 		.string	"x\234cc```\001bF\206]\214"
  33      6060 6001 
  33      6246 865D 
  33      8C00 
  34 000e 01ED 00   		.string	"\001\355"
  35 0011 C7        		.ascii	"\307"
  36               		.text
  37               		.section	.gnu.lto_get_usb_descriptor.fbe3614c94669946,"",@progbits
  38 0000 789C AD58 		.string	"x\234\255XiPT\331\025\276\347\335\327\257W\032h\332\006\227)E\313q&\311\fc%\225\177S\225T
  38      6950 54D9 
  38      15BE E7DD 
  38      D7AF 571A 
  38      68DA 0697 
  39 00d6 7AEB 3660 		.ascii	"z\3536`\371\nW-\232\325fwdx\335\276L\017\344C)_\317!8\366\270"
  39      F90A 572D 
  39      9AD5 6677 
  39      6478 DDBE 
  39      4C0F E443 
  40 00f1 2B75 35AF 		.ascii	"+u5\257\345\030,V\007\036\034\331\340\244*@\032V\277z\334"
  40      E518 2C56 
  40      071E 1CD9 
  40      E0A4 2A40 
  40      1A56 BF7A 
  41 0106 724A 7DBB 		.string	"rJ}\273^\327\227\351]\325\243S\375%\307u\354SX\025\232\357\206)\320\002S(S\255\3606\032\0
  41      5ED7 97E9 
  41      5DD5 A353 
  41      FD25 C775 
  41      EC53 5815 
  42 0207 CC24 0D51 		.ascii	"\314$\rQ\272\036\320T4:}\344X\223\213\347\211\301K*\326\230\321"
  42      BA1E D054 
  42      343A 7DE4 
  42      5893 8BE7 
  42      89C1 4B2A 
  43 021e 5C2F E19D 		.ascii	"\\/\341\235\3052\021V\b&\030\274\257\"\264\335\315\227\n\334"
  43      C532 1156 
  43      0826 18BC 
  43      AF22 B4DD 
  43      CD97 0ADC 
  44 0232 F0C0 9317 		.ascii	"\360\300\223\027\232\001|\253FW)y_'L\201I\351\037H%\204T\210"
  44      9A01 7CAB 
  44      4657 2979 
  44      5F27 4C81 
  44      49E9 1F48 
  45 024a 0572 F927 		.ascii	"\005r\371'h\261\356{W\233\241%\366\376\377{\374\006=\366F<\036"
  45      68B1 EE7B 
  45      579B A125 
  45      F6FE FF7B 
  45      FC06 3DF6 
  46 0261 89F7 38F4 		.ascii	"\211\3678\364\275{<\206\036\217F<\366\305{<[\372}{\354G\217\307"
  46      BD7B 3C86 
  46      1E8F 463C 
  46      F6C5 7B3C 
  46      5BFA 7D7B 
  47 0279 231E 0740 		.ascii	"#\036\007@\003\306\034\246\356f\322\315T\230\004MX\343\200\245"
  47      03C6 1CA6 
  47      EE66 D2CD 
  47      5498 044D 
  47      58E3 80A5 
  48 028d 4B1F 1D5B 		.ascii	"K\037\035[\251w\215\346\017\036\276\367\345\214\351\200k\306"
  48      A977 8DE6 
  48      0F1E BEF7 
  48      E58C E980 
  48      6BC6 
  49 029f A630 02A3 		.ascii	"\2460\002\243S\034F\025O\213h\321\200\326\260\225Ll\242\331N"
  49      531C 4615 
  49      4F8B 68D1 
  49      80D6 B095 
  49      4C6C A2D9 
  50 02b4 4507 3D9C 		.ascii	"E\007=\234@k\324%ZS\204\261\033\233\355\251\324\227&Z\323E\253"
  50      406B D425 
  50      5A53 84B1 
  50      1B9B EDA9 
  50      D497 265A 
  51 02cb 8791 EF0C 		.ascii	"\207\221\357\fF\336\275\242e\002#V>F\2742EK\026#\276\270##\343"
  51      46DE BDA2 
  51      6502 2356 
  51      3E46 BC32 
  51      454B 1623 
  52 02e4 49A2 6532 		.ascii	"I\242e2\243H\2460\212\345\r\3212\025h]g\2132c\3058\275\327\036"
  52      A348 A630 
  52      8AE5 0DD1 
  52      3215 685D 
  52      678B 3263 
  53 02fd 637A 175B 		.ascii	"cz\027[\205\033\026\226\n\273\330-(\034Z\261\246<\364.\245\306"
  53      851B 1696 
  53      0ABB D82D 
  53      281C 5AB1 
  53      A63C F42E 
  54 0313 CFC1 CF49 		.ascii	"\317\301\317I\f\177\307\243^\013\355y\016\260\301\t\314\347u"
  54      0C7F C7A3 
  54      5E0B ED79 
  54      0EB0 C109 
  54      CCE7 75
  55 0326 5816 D809 		.ascii	"X\026\330\tdC\213\206\366\211\333\035\363\227>\325\361\217V\031"
  55      6443 8B86 
  55      F689 DB1D 
  55      F397 3ED5 
  55      F18F 5619 
  56 033a 0245 6AE1 		.ascii	"\002Ej\341$,\025\266u=\322\370PBcM\032\2372"
  56      242C 15B6 
  56      753D D2F8 
  56      5042 634D 
  56      1A9F 32
  57 034d 8CB7 19C6 		.string	"\214\267\031\306\235\302\270\361\316\276\247)\344\333\002\f\376e\370\336a\230\034\020&U\3
  57      9DC2 B8F1 
  57      CEBE A729 
  57      E4DB 020C 
  57      FE65 F8DE 
  58 044e 6C2C 48AB 		.string	"l,H\253\345)p\025\017\324+\264\026\311\372\213\226\345\200\3265H\346 \320\030\327 \200\00
  58      E529 7015 
  58      0FD4 2BB4 
  58      16C9 FA8B 
  58      96E5 80D6 
  59 04d2 EE8A A9BC 		.string	"\356\212\251\274\"P\037\354\347r.\333_9\227\357I\325\303\253\305&\"=U\321t0\305T\275!X\01
  59      2250 1FEC 
  59      E772 2EDB 
  59      5F39 97EF 
  59      49D5 C3AB 
  60 053c 77BD A45E 		.string	"w\275\244^:\374\027\325{\224@\275Q\2401\276\223\352=F\365n\301\262\241\225\301J\215\316U?
  60      3AFC 17D5 
  60      7B94 40BD 
  60      51A0 31BE 
  60      93EA 3D46 
  61 05de 4F10 7799 		.ascii	"O\020w\231\013\333\332T\001\326\025\t~\3367\366\255\223\300\005"
  61      0BDB DA54 
  61      01D6 1509 
  61      7EDE 37F6 
  61      AD93 C005 
  62 05f2 8A4A 1418 		.ascii	"\212J\024\030,S\324\b\261\020\021\233\"sw\306*\347\345\033\324"
  62      2C53 D408 
  62      B110 119B 
  62      2273 77C6 
  62      2AE7 E51B 
  63 0607 222C 8C75 		.ascii	"\",\214u\200MBdkD\344\316`\271E\252l\227K<V\345\330\314\247$"
  63      804D 4264 
  63      6B44 E4CE 
  63      60B9 45AA 
  63      6C97 4B3C 
  64 0621 C87C A192 		.ascii	"\310|\241\222L\326\"E\310\272\\1d\255\254\326\350\362\342\347"
  64      4CD6 2245 
  64      C8BA 5C31 
  64      64AD ACD6 
  64      E8F2 E2E7 
  65 0635 59E3 1A7C 		.ascii	"Y\343\032|\205\362jYW*Id-V^-\353*\205d-Q\fY\221\016\235\321H"
  65      85F2 6A59 
  65      572A 4964 
  65      2D56 5E2D 
  65      EB2A 8564 
  66 0652 49CA 7A64 		.ascii	"I\312zd\274\262\256V\342d-%e&b\317\032\345\265\262\256\215\227"
  66      BCB2 AE56 
  66      E264 2D25 
  66      6526 62CF 
  66      1AE5 B5B2 
  67 0669 F56F 04CE 		.ascii	"\365o\004\316\302\2362SV\"\322K\304&\306\312:\211Zbe\235$d\265"
  67      C29E 3253 
  67      5622 D24B 
  67      C426 C6CA 
  67      3A89 5A62 
  68 0682 4564 1D0E 		.ascii	"Ed\035\016\313\352\220\273a2Y\335\t2_\236T\326\n)\353:S\326k"
  68      CBEA 90BB 
  68      6132 59DD 
  68      0932 5F9E 
  68      54D6 0A29 
  69 069b 286B 1F71 		.ascii	"(k\037q\2330\256\301\327'\221\2652\231\254UId\255\026\262\326"
  69      9B30 AEC1 
  69      D727 91B5 
  69      3299 AC55 
  69      4964 AD16 
  70 06b1 98B2 22   		.ascii	"\230\262\""
  71 06b4 1DBA 8C21 		.string	"\035\272\214!%)k\337xe\375,^V?)\343\303\236\277\277^\326\332xY7\020x\002\366l4e%\"G\211\2
  71      2529 6BDF 
  71      7865 FD2C 
  71      5E56 3F29 
  71      E3C3 9EBF 
  72 07b5 5DBC 1BF6 		.ascii	"]\274\033\366\324\265\033\367-;4)\222\217;\0222^ve\304\226p\304"
  72      D4B5 1BF7 
  72      2D3B 3429 
  72      928F 3B12 
  72      325E 7665 
  73 07cd 8EE8 88   		.ascii	"\216\350\210"
  74 07d0 1D51 11FB 		.ascii	"\035Q\021\373\330\230\305\b#\303\364\221\026\035qz8\342LVd5L"
  74      D898 C508 
  74      23C3 F491 
  74      161D 717A 
  74      38E2 4C56 
  75 07e7 BDE1 885D 		.ascii	"\275\341\210]/\2058!A\210\315\tCl\021!:D\210\273e\210bLwt\026"
  75      2F85 3821 
  75      4188 CD09 
  75      436C 1121 
  75      3A44 88BB 
  76 0802 B3E2 B398 		.ascii	"\263\342\263\230\025\240\r#\316\305D\330\203.Z\343\\\330\241"
  76      15A0 0D23 
  76      CEC5 44D8 
  76      832E 5AE3 
  76      5CD8 A1
  77 0815 2DCA C55E 		.ascii	"-\312\305^\351b\310\212.R"
  77      E962 C88A 
  77      2E52 
  78 081f D14B 3839 		.string	"\321K89)~Zr\030\241\207\225\211oB\031d\246\361\316\242\267L(\303\331&\277z\375\230\\Q\356
  78      297E 5A72 
  78      18A1 8795 
  78      896F 4219 
  78      64A6 F1CE 
  79 0920 1219 379E 		.string	"\022\0317\236\031\213?\376\323\234\271\013\362rs\026\346-X\274`\356\202\3719K\026\375q\31
  79      198B 3FFE 
  79      D39C B90B 
  79      F272 7316 
  79      E62D 58BC 
  80 09a1 07CB CDD8 		.ascii	"\007\313\315\330"
  81               		.text
  82               		.section	.gnu.lto_LanguageString.fbe3614c94669946,"",@progbits
  83 0000 789C 6363 		.string	"x\234cc``\350\003bF\006\b\230\302\314\370\346\315\266\247\\\335\314s\230\031\030;9\200\37
  83      6060 E803 
  83      6246 0608 
  83      98C2 CCF8 
  83      E6CD B6A7 
  84 007f 0900      		.string	"\t"
  85 0081 1B1A 2E6B 		.ascii	"\033\032.k"
  86               		.text
  87               		.section	.gnu.lto_ManufacturerString.fbe3614c94669946,"",@progbits
  88 0000 789C 6363 		.string	"x\234cc``(\003b\036\006\b\230\302\314x\366t\307\035&E\246\371\r3\024\3460\203E\016}\332\2
  88      6060 2803 
  88      621E 0608 
  88      98C2 CC78 
  88      F674 C71D 
  89 0043 3530 4D65 		.string	"50Mef`\334\312(3\025(\273\205Q\006\244\375\336\236\227\337Y\341\n\230\247231nc\264\230\31
  89      6660 DCCA 
  89      2833 1528 
  89      BB85 5106 
  89      A4FD DE9E 
  90 007d BC83 2864 		.ascii	"\274\203(d"
  91               		.text
  92               		.section	.gnu.lto_ProductString.fbe3614c94669946,"",@progbits
  93 0000 789C 6363 		.string	"x\234cc``(\003b!\006\b\230\302\314\270h\347\316M\274\212L\363\033f(\314a\006\213\034\372\
  93      6060 2803 
  93      6221 0608 
  93      98C2 CCB8 
  93      68E7 CE4D 
  94 0044 6A60 9ACA 		.string	"j`\232\312\314\300\270\225Qf*Pv\013\243\fH\373\203\271\363n\363\300\0250Oefb\334\306h1\22
  94      CCC0 B895 
  94      5166 2A50 
  94      760B A30C 
  94      48FB 83B9 
  95 0075 8622 8654 		.string	"\206\"\206T\206|\206<\206L\206d\240;"
  95      867C 863C 
  95      864C 8664 
  95      A03B 00
  96 0084 6825 290C 		.ascii	"h%)\f"
  97               		.text
  98               		.section	.gnu.lto_SerialNumberString.fbe3614c94669946,"",@progbits
  99 0000 789C 6363 		.string	"x\234cc``(\003b6\006\b\230\302\314\330\366\367\367\031nE\246\371\r3\024\3460\203E\016}\33
  99      6060 2803 
  99      6236 0608 
  99      98C2 CCD8 
  99      F6F7 F719 
 100 0075 B41B 00   		.string	"\264\033"
 101 0078 B81D 2740 		.ascii	"\270\035'@"
 102               		.text
 103               		.section	.gnu.lto_CSWTCH.1.fbe3614c94669946,"",@progbits
 104 0000 789C 6363 		.string	"x\234cc``hbd`"
 104      6060 6862 
 104      6460 00
 105 000b 2230 98C2 		.string	"\"0\230\302\3148\255\365\320y\366n\3469\314@A \267\371\327\376\317|\365\177\033$\200\002\
 105      CC38 ADF5 
 105      D079 F66E 
 105      E639 CC40 
 105      4120 B7F9 
 106 00cb 40A6 7CE0 		.ascii	"@\246|\340"
 107               		.text
 108               		.section	.gnu.lto_CSWTCH.2.fbe3614c94669946,"",@progbits
 109 0000 789C 6363 		.string	"x\234cc``\230\001\304\214\f\0200\205\231\261\371\327\376\317|\365\177\033$\34603,`\206\21
 109      6060 9801 
 109      C48C 0C10 
 109      3085 99B1 
 109      F9D7 FECF 
 110 0079 00        		.string	""
 111 007a 4467 3287 		.ascii	"Dg2\207"
 112               		.text
 113               		.section	.gnu.lto_CSWTCH.3.fbe3614c94669946,"",@progbits
 114 0000 789C 6363 		.string	"x\234cc``\350\004bF\006\b\230\302\3148\251o\373$\246n\3469\314\f\214J@\356\236\371=+\271@
 114      6060 E804 
 114      6246 0608 
 114      98C2 CC38 
 114      A96F FB24 
 115 006e F166 4619 		.string	"\361fF\031\006\306\235\214\026\f"
 115      06C6 9D8C 
 115      160C 00
 116 0079 5163 2A4B 		.ascii	"Qc*K"
 117               		.text
 118               		.section	.gnu.lto_DeviceDescriptor.fbe3614c94669946,"",@progbits
 119 0000 789C 4D8D 		.ascii	"x\234M\215\301J\002Q\024\206\357?G\307\261\234\004\327.|\003"
 119      C14A 0251 
 119      1486 EF3F 
 119      47C7 B19C 
 119      04D7 2E7C 
 120 0015 B7F3 78AE 		.ascii	"\267\363x\256J\020D\244\013!.t\025\bi\232i\323\250\210hA\264"
 120      4A10 44A4 
 120      0B21 2E74 
 120      1508 699A 
 120      69D3 A888 
 121 002c F011 6C1B 		.ascii	"\360\021l\033\266\221@\204D\317\231\263\351r\341\343;\367\377"
 121      B691 4084 
 121      44CF 99B3 
 121      E972 E1E3 
 121      3BF7 FF
 122 003f CF75 8D31 		.ascii	"\317u\2151E\030\3037>\267\204\341\362\375\332\253P\223\f\300"
 122      4518 C337 
 122      3EB7 84E1 
 122      F2FD DAAB 
 122      5093 0CC0 
 123 0053 BAD8 3DDE 		.ascii	"\272\330=\336gT\211uu\332\317\263\252\316\177E\254w\343\207\276"
 123      6754 8975 
 123      75DA CFB3 
 123      AACE 7F45 
 123      AC77 E387 
 124 0068 A7FA 3597 		.ascii	"\247\3725\227\366wgV%\035\374\034\245\337\210~?\222\332\367X"
 124      F677 6756 
 124      251D FC1C 
 124      A5DF 887E 
 124      3F92 DAF7 
 125 007d 7BDB F0E0 		.ascii	"{\333\360\340\253\312\337Q{\320\3655^\223}\375\315\337$\241\317"
 125      ABCA DF51 
 125      7BD0 F535 
 125      5E93 7DFD 
 125      CDDF 24A1 
 126 0092 39D6 9B56 		.ascii	"9\326\233V\364\351\006\243R\271U*4\311\261<\236 o9\375\204\274"
 126      F4E9 06A3 
 126      52B9 552A 
 126      34C9 B13C 
 126      9E20 6F39 
 127 00a9 F4EB E15B 		.ascii	"\364\353\341[;\253\2015\267\310\222\203)\002K\274Z\202\t\274"
 127      3BAB 8135 
 127      B7C8 9283 
 127      2902 4BBC 
 127      5A82 09BC 
 128 00bd 0A92 0A57 		.ascii	"\n\222\nW\221B(\360\360\"Hc,\270\300Hp)\233-e\360,\3601\024\\"
 128      9142 28F0 
 128      F022 4863 
 128      2CB8 C048 
 128      7029 9B2D 
 129 00d8 C5DF 6186 		.ascii	"\305\337a\206\300\234\001-0[C"
 129      C09C 012D 
 129      305B 43
 130               		.text
 131               		.section	.gnu.lto_ConfigurationDescriptor.fbe3614c94669946,"",@progbits
 132 0000 789C 8D94 		.string	"x\234\215\224\333N\023Q\024\206g\315\356\th\213\347c\325\202\207G0}\f\037\301G\360\r,\nB\
 132      DB4E 1351 
 132      1486 67CD 
 132      EE09 688B 
 132      E763 D582 
 133 006c C0ED F7E4 		.string	"\300\355\367\344p\336\216\026\300\311\355L)8j\245\257\214\333\205;\312o\325\032\271-\367v
 133      70DE 8E16 
 133      C0C9 ED4C 
 133      2938 6AA5 
 133      AF8C DB85 
 134 0100 D926 6EAB 		.string	"\331&n\253\277\224^\253v\342\031\232\370\te\217\216\004\306\031\025\\\224\231Abfx\212\023
 134      BF94 5EAB 
 134      76E2 199A 
 134      F809 658F 
 134      8E04 C619 
 135 016a 0A9E 55FB 		.ascii	"\n\236U\373\266TS14s[\351\032\272a\"{E\327\346R?\356\216\230"
 135      B654 5331 
 135      3473 5BE9 
 135      1ABA 6122 
 135      7B45 D7E6 
 136 0183 B49B 7B4E 		.ascii	"\264\233{N\233[\254\267\271\005\352Z\227\252)#-\343\274\036\332"
 136      9B5B ACB7 
 136      B905 EA5A 
 136      97AA 2923 
 136      2DE3 BC1E 
 137 0198 C507 5365 		.ascii	"\305\007SeQK\373ec\332Ijn\310s\334\223\332\022w\360\\\"\236!"
 137      514B FB65 
 137      63DA 496A 
 137      6EC8 73DC 
 137      93DA 1277 
 138 01b1 0DCF 5063 		.ascii	"\r\317Pc\236\303\261\362\242z3\013\267\261{\201M\225g\207.\236"
 138      9EC3 B1F2 
 138      A27A 330B 
 138      B7B1 7B81 
 138      4D95 6787 
 139 01c7 FEED C2A0 		.ascii	"\376\355\302\240M\313s\205x\276\326\360LixF\276\370#6J\215\013"
 139      4DCB 7385 
 139      78BE D6F0 
 139      4C69 7846 
 139      BEF8 2336 
 140 01de 7A80 FE89 		.ascii	"z\200\376\211\257v\203\026h\2461\3207:\201\256\371\n\033\206"
 140      AF76 8316 
 140      68A6 31D0 
 140      373A 81AE 
 140      F90A 1B86 
 141 01f2 1D40 DF11 		.ascii	"\035@\337\021\320\351]\200\206\bhH\003t\253\244D\325\177\273"
 141      D0E9 5D80 
 141      8608 6848 
 141      0374 ABA4 
 141      44D5 7FBB 
 142 0206 2A12 ACE5 		.ascii	"*\022\254\345\372\373\315\344\275\350\357\373?\244\201\256\236"
 142      FAFB CDE4 
 142      BDE8 EFFB 
 142      3FA4 81AE 
 142      9E
 143 0217 C5FA 9274 		.ascii	"\305\372\222t+o\251;\\Be\365\251|\231\276_\222\231Ib\007a\035"
 143      2B6F A93B 
 143      5C42 65F5 
 143      A97C 99BE 
 143      5F92 9949 
 144 022f 473B 046B 		.ascii	"G;\004kXv\230\2069BS\034\245A\217\301*\312q\310\322\021\003c"
 144      5876 9886 
 144      3942 531C 
 144      A541 8FC1 
 144      2ACA 71C8 
 145 0247 F982 BAA4 		.ascii	"\371\202\272\244 O6K\314\0019<\344\004\274G9\toQNA\032\305\t"
 145      204F 364B 
 145      CC01 393C 
 145      E404 BC47 
 145      3909 6F51 
 146 0260 CB28 6DF0 		.ascii	"\313(m\360\n\245\035^\240\234\206g(g`\026\345,L\241\234\203I"
 146      0AA5 1D5E 
 146      A09C 8667 
 146      2867 6016 
 146      E52C 4CA1 
 147 0277 7009 B0C1 		.ascii	"p\t\260\301\037\177\001'e\304H"
 147      1F7F 0127 
 147      65C4 48
 148               		.text
 149               		.section	.gnu.lto_KeyboardReport.fbe3614c94669946,"",@progbits
 150 0000 789C 4D94 		.ascii	"x\234M\224\371S[U\034\305\337M\330*\233\373\032\367}\027\252"
 150      F953 5B55 
 150      1CC5 DF4D 
 150      D82A 9BFB 
 150      1AF7 7D17 
 151 0015 15F7 5FF5 		.ascii	"\025\367_\365w\377\036MJ\210\264\235VD\220\031\004\307\322v\220"
 151      77FF 1E4D 
 151      4A88 B49D 
 151      5644 9019 
 151      04C7 D276 
 152 002a E908 D1B6 		.ascii	"\351\b\321\266\244/\004\232\322R\240\262\267\025bH\032\201\222"
 152      A42F 049A 
 152      D252 A0B2 
 152      B715 6248 
 152      1A81 92
 153 003d 4081 B224 		.ascii	"@\201\262$\354\213\347\276\357\221\t3g2"
 153      EC8B E7BE 
 153      EF91 0933 
 153      6732 
 154 004b 1FCE F7DD 		.string	"\037\316\367\335{\276\367{\337\3132\f\303\236m\030\312\220\277*\273\362\006\334\363\005\3
 154      7BBE F77B 
 154      DFCB 320C 
 154      C39E 6D18 
 154      CA90 BF2A 
 155 014c 57E2 BE79 		.ascii	"W\342\276y&~\033\3302gn\344K\261>Gw}\305 \217\346-\275oSK<K\\"
 155      267E 1BD8 
 155      3267 6EE4 
 155      4BB1 3E47 
 155      777D C520 
 156 016a 973E B9EE 		.ascii	"\227>\271\356\225\304\215\003b\277\tl\034\256:\306\201\276\221"
 156      95C4 8D03 
 156      62BF 096C 
 156      1CAE 3AC6 
 156      81BE 91
 157 017d DE82 B25A 		.ascii	"\336\202\262Z\230\332\372\335\317\031e\001\177^\211\314\360\331"
 157      98DA FADD 
 157      CF19 6501 
 157      7F5E 89CC 
 157      F0D9 
 158 018f D780 677C 		.ascii	"\327\200g|\241\257\204^\005\255V\270\2163\325+:U\331T\023/\316"
 158      A1AF 845E 
 158      05AD 56B8 
 158      8E33 D52B 
 158      3A55 D954 
 159 01a6 9EDE 371A 		.ascii	"\236\3367\032\034\030c\017/\247W\033V\365z`\270\201\241_\322"
 159      1C18 630F 
 159      2FA7 571B 
 159      56F5 7A60 
 159      B881 A15F 
 160 01bb 97D0 BB3A 		.ascii	"\227\320\273:\316\265^\004N6\356\326\260\207G\364\024N\370*Y"
 160      CEB5 5E04 
 160      4E36 EED6 
 160      B087 47F4 
 160      144E F82A 
 161 01d0 FC02 B03C 		.ascii	"\374\002\260<<\227\344\264\237\007.\365\327N\362\036=\007\374"
 161      3C97 E4B4 
 161      9F07 2EF5 
 161      D74E F21E 
 161      3D07 FC
 162 01e3 F174 B3C9 		.ascii	"\361t\263\311\031=\013\364\227\236\365\022\237\321c8Z\266\306"
 162      193D 0BF4 
 162      979E F512 
 162      9FD1 6338 
 162      5AB6 C6
 163 01f6 18D9 7A64 		.ascii	"\030\331zd\211\376^\016\351i\340\305\366\371b!\207\276U]\235"
 163      89FE 5E0E 
 163      E969 E0C5 
 163      F6F9 6221 
 163      87BE 555D 
 164 020b 3E25 F814 		.ascii	">%\370\0240\036?Y\305m\237L\037\250\262\006\272\340\276\023\313"
 164      301E 3F59 
 164      C56D 9F4C 
 164      1FA8 B206 
 164      BAE0 BE13 
 165 0220 157C 5C8F 		.ascii	"\025|\\\217\254\246\354H\216\340c\300\324\306\321\005\036\344"
 165      ACA6 EC48 
 165      8EE0 63C0 
 165      D4C6 D105 
 165      1EE4 
 166 0232 A3E9 FD29 		.ascii	"\243\351\375)\253\277\245\355z\037\335\207\365\312\246g\223\r"
 166      ABBF A5ED 
 166      7A1F DD87 
 166      F5CA A667 
 166      930D 
 167 0244 3D04 FC23 		.ascii	"=\004\374#\266\035\340\210\036\324\335wGo1\325\003\300\221\305"
 167      B61D E088 
 167      1ED4 DD77 
 167      476F 31D5 
 167      03C0 91C5 
 168 0258 BE7A EE7B 		.ascii	"\276z\356{?\260y9\331\314\225\013\323\207`XC\330\031w\355\362"
 168      3FB0 7939 
 168      D9CC 950B 
 168      D387 6058 
 168      43D8 1977 
 169 026e 200B 80A7 		.ascii	" \013\200\247f\315+\354>\037\270\225\250\nq\345<\340e\323\025"
 169      66CD 2BEC 
 169      3E1F B895 
 169      A80A 71E5 
 169      3CE0 65D3 
 170 0283 E05D 88EB 		.ascii	"\340]\210\353\201\216\206\334&\355\\\275\326\342\320\016\217"
 170      818E 86DC 
 170      26ED 5CBD 
 170      D6E2 D00E 
 170      8F
 171 0294 E33E 7DCE 		.ascii	"\343>}\316\221\245 \277\f1]}\266\365\214\237\325\007\322\317"
 171      91A5 20BF 
 171      0C31 5D7D 
 171      B6F5 8C9F 
 171      D507 D2CF 
 172 02a8 5D59 E7BE 		.ascii	"]Y\347\276\177\317\224u\317\366\337Ae\275\203C\341\221\026\276"
 172      7FCF 9475 
 172      CFF6 DF41 
 172      65BD 8343 
 172      E191 16BE 
 173 02bc 2B27 F55A 		.ascii	"+'\365Z\303n\357\377olF\372WFY_\231\375\235\fk\247\375O\203\262"
 173      C36E EFFF 
 173      6F6C 46FA 
 173      5746 595F 
 173      99FD 9D0C 
 174 02d6 3E0D A9C3 		.ascii	">\r\251\303\255_\227\264:\313\177u:\213\352\3546U\344P]\312\241"
 174      AD5F 97B4 
 174      3ACB 7F75 
 174      3A8B EAEC 
 174      3655 E450 
 175 02ed 8A1D EA02 		.ascii	"\212\035\352\002~<6\207*\203\334\320(\270\024\277\207!\227M|"
 175      7E3C 3687 
 175      2A83 DCD0 
 175      28B8 14BF 
 175      8721 974D 
 176 0302 A74D CAF7 		.ascii	"\247M\312\367\240i\350\240C\365\341g\027\332\201\266\241^h\013"
 176      A069 E8A0 
 176      43F5 E167 
 176      17DA 81B6 
 176      A15E 680B 
 177 0316 DA84 36A0 		.ascii	"\332\2046\240\030\264\016\rCk\320*\224R\262\\\022\352\200V\240"
 177      18B4 0E0D 
 177      436B D02A 
 177      9452 B25C 
 177      12EA 8056 
 178 032b 0168 196A 		.ascii	"\001h\031j\203\226\350/B7\240{P\020Z`\375<\3759\326\337\345\363"
 178      8396 E82F 
 178      4237 A07B 
 178      5010 5A60 
 178      FD3C FD39 
 179 0343 B3AC 9FA1 		.ascii	"\263\254\237\241\237P\0227\316\270w\224\344\235b\236I\346\235"
 179      9F50 1237 
 179      CEB8 7794 
 179      E49D 629E 
 179      49E6 9D
 180 0356 80C2 D0BF 		.ascii	"\200\302\320\277\314{\233~\024\212@\343\364\377\341\377C\314"
 180      CC7B 9B7E 
 180      148A 40E3 
 180      F4FF E1FF 
 180      43CC 
 181 0368 31A6 E498 		.ascii	"1\246\344\230\376f\216[\314q\2239FX?\304\034\203\364\373\231"
 181      FE66 8E5B 
 181      CC71 9339 
 181      4658 3FC4 
 181      1C83 F4FB 
 182 037d E32F E6BC 		.ascii	"\343/\346\274\316\034=\254\353\346\372\327\310W\271\376\025\326"
 182      CE1C 3DAC 
 182      EBE6 FAD7 
 182      C857 B9FE 
 182      15D6 
 183 038f 7742 3EE8 		.ascii	"wB>\3502\317\345\022\353\333\351\007X\357\207L\350\"\353[\351"
 183      32CF E512 
 183      EBDB E907 
 183      58EF 874C 
 183      E822 EB5B 
 184 03a4 9F87 CE29 		.ascii	"\237\207\316)\207\241\276\263\225\030\377\001\330\210 i"
 184      87A1 BEB3 
 184      9518 FF01 
 184      D888 2069 
 185               		.text
 186               		.section	.gnu.lto_SharedReport.fbe3614c94669946,"",@progbits
 187 0000 789C 4D93 		.string	"x\234M\223\207OSQ\024\306\337\245P\366p\257\272\367\026P\303\237\240\177\2254\026d\004C\0
 187      874F 5351 
 187      14C6 DFA5 
 187      50F6 70AF 
 187      BAF7 1650 
 188 00b9 B6BF B13C 		.ascii	"\266\277\261<&\363\265t[\0073j\265\344\336\0076\377\363\325G"
 188      26F3 B574 
 188      5B07 336A 
 188      B5E4 DE07 
 188      36FF F3D5 
 189 00ce 931D 2013 		.ascii	"\223\035 \023\272\207\365\354\336\003\016}\313\265F\220k\224"
 189      BA87 F5EC 
 189      DE03 0E7D 
 189      CBB5 4690 
 189      6B94 
 190 00e0 9BD7 3CE6 		.ascii	"\233\327<\346\005\016|\027\270\221\251\317\320\220}\rh\310\313"
 190      050E 7C17 
 190      B891 A9CF 
 190      D090 7D0D 
 190      68C8 CB
 191 00f3 EC0C 20F7 		.ascii	"\354\f \367"
 192 00f7 0ED0 BE36 		.string	"\016\320\2766\335\023Jx\033X\334\225\235\036Mx\013\270\276\225\266\030J{\217\003\267-\303
 192      DD13 4A78 
 192      1B58 DC95 
 192      9D1E 4D78 
 192      0BB8 BE95 
 193 01f8 BFBA 776D 		.ascii	"\277\272wm<\337\303\262u\366\221>>\344!\377\333/\324\333_\272"
 193      3CDF C3B2 
 193      75F6 913E 
 193      3EE4 21FF 
 193      DB2F D4DB 
 194 020e EA2D E517 		.ascii	"\352-\345\027E\003\367\206\364\373<\206(\340\307YK#\367&\022"
 194      4503 F786 
 194      F4FB 3C86 
 194      28E0 C759 
 194      4B23 F726 
 195 0223 A877 BC78 		.ascii	"\250w\274x\313_\335s\341\337+\241\366\252\337e\2600\206\313Z"
 195      CB5F DD73 
 195      E1DF 2BA1 
 195      F6AA DF65 
 195      B030 86CB 
 196 0238 CBCE 3D6E 		.ascii	"\313\316=nG\230\177\333\205\332voZ\222\217\257C0pb\347\213\225"
 196      4798 7FDB 
 196      85DA 766F 
 196      5A92 8FAF 
 196      4330 7062 
 197 024f 2369 FD1B 		.ascii	"#i\375\033-\324F\037\\\026\241^\226\312\251\266\2260:G\242\360"
 197      2DD4 461F 
 197      5C16 A15E 
 197      96CA A9B6 
 197      9630 3A47 
 198 0265 6F80 501B 		.ascii	"o\200P\033p\360\241\t\365C[\254\353\314\213J\250LL\371\220\350"
 198      70F0 A109 
 198      F543 5BAC 
 198      EBCC 8B4A 
 198      A84C 4CF9 
 199 027b 8E34 6A02 		.ascii	"\2164j\002D\254N\214\n\235\210\323\211\032\374\355@\203\3206"
 199      44AC 4E8C 
 199      0A9D 88D3 
 199      891A FCED 
 199      4083 D036 
 200 028f B405 6D42 		.ascii	"\264\005mB\003\220O\220\277\001\365A\353\320\f\024\257\023]\370"
 200      0390 4F90 
 200      BF01 F541 
 200      EBD0 0C14 
 200      AF13 5DF8 
 201 02a3 F342 6668 		.ascii	"\363Bfh\r\252\200V!\007\264\002-CK\374|\021j\203\026\270\334"
 201      0DAA 8056 
 201      2107 B402 
 201      2D43 4BFC 
 201      7C11 6A83 
 202 02ba 3C3F 9F83 		.ascii	"<?\237\203\232\241Y.;\315\317=P\0354\305\353'\241jh\002\262@"
 202      9AA1 592E 
 202      3BCD CF3D 
 202      501D 34C5 
 202      EB27 A16A 
 203 02d2 E3FC DE31 		.ascii	"\343\374\3361^\377\027\372\016\271\005\245\032\201\206\241!\216"
 203      5EFF 17FA 
 203      0EB9 05A5 
 203      1A81 86A1 
 203      218E 
 204 02e4 F587 EBB8 		.ascii	"\365\207\353\2708V?\363o\216\325\013\365@\335\202r9\331\357\344"
 204      3856 3FF3 
 204      6F8E D50B 
 204      F540 DD82 
 204      7239 D9EF 
 205 02f9 FA1D 9CAB 		.ascii	"\372\035\234\253\035j\204~A?\240\237\234\253\225\327\333y}\013"
 205      1D6A 847E 
 205      413F A09F 
 205      9CAB 95D7 
 205      DB79 7D0B 
 206 030d E76A E2F5 		.ascii	"\347j\342\365\r\274\276\236s\325\362z\033\347\262r\256*\316U"
 206      0DBC BE9E 
 206      73D5 F27A 
 206      1BE7 B272 
 206      AE2A CE55 
 207 0321 C975 CA29 		.ascii	"\311u\312)\227\"vE\202\362\037F\347\330)"
 207      9722 7645 
 207      82F2 1F46 
 207      E7D8 29
 208               		.text
 209               		.section	.gnu.lto_ConsoleReport.fbe3614c94669946,"",@progbits
 210 0000 789C 4D92 		.ascii	"x\234M\222\357ORQ\034\306\317\341\242A\212\364\273\254\333\257"
 210      EF4F 5251 
 210      1CC6 CFE1 
 210      A241 8AF4 
 210      BBAC DBAF 
 211 0014 37BD D7B6 		.ascii	"7\275\327\266\346\177\227\026:\263\265\331\242\330\03465\232"
 211      E67F 9716 
 211      3AB3 B5D9 
 211      A2D8 1C36 
 211      359A 
 212 0026 3997 5019 		.string	"9\227P\031x\021\323P\"\rL(T\322\314\024\007s\352\314Pg\"\366\034\276\337\027\260}v\367\27
 212      7811 D350 
 212      220D 4C28 
 212      54D2 CC14 
 212      0773 EACC 
 213 0127 4F3E A7B6 		.ascii	"O>\247\266e\264\374\343\253>\013\035\356\363f\271\251I\355\372"
 213      65B4 FCE3 
 213      AB3E 0B1D 
 213      EEF3 66B9 
 213      A949 EDFA 
 214 013b CD72 2164 		.ascii	"\315r!d\246\370\214\372\333\242K)\276\201\323\320\344v\254\223"
 214      A6F8 8CFA 
 214      DBA2 4B29 
 214      BE81 D3D0 
 214      E476 AC93 
 215 014f 777D 0A3A 		.ascii	"w}\n:\260\223\037\340b;\364h\261\251h\"\255\201\276X7\306\371"
 215      B093 1FE0 
 215      623B F468 
 215      B1A9 6822 
 215      AD81 BE58 
 216 0166 E26D D0C3 		.ascii	"\342m\320\303\2343\315KUC\347\322\016\203\265J\315\335\2369\342"
 216      9C33 CD4B 
 216      5543 E7D2 
 216      0E83 B54A 
 216      CDDD 9E39 
 217 017b CB3C 597E 		.ascii	"\313<Y~\006Y:C\276\255y_#=\001\035\234\210\266\360U\253=g\016"
 217      0659 3A43 
 217      BEAD 795F 
 217      233D 011D 
 217      9C88 B6F0 
 218 0194 5F07 F948 		.ascii	"_\007\371H\225\320\231\205\244\227\277\255n\025Oz\202\005^\272"
 218      95D0 9985 
 218      A497 BFAD 
 218      6E15 4F7A 
 218      8205 5EBA 
 219 01a8 429D C17D 		.ascii	"B\235\301}/g\2428\257n/\341\360\271ym34\274\343\353\345\321Z"
 219      2F67 A238 
 219      AF6E 2FE1 
 219      F0B9 796D 
 219      3334 BCE3 
 220 01c0 F987 2A4B 		.ascii	"\371\207*K\037j\317\350\364]\232[W^,J\305\263IOJk\3607\266v5"
 220      1F6A CFE8 
 220      F45D 9A5B 
 220      575E 2C4A 
 220      C5B3 494F 
 221 01db 7659 DD9A 		.ascii	"vY\335\232I\326\3512#uY\257\313U<V\3008\370\rb`\031\374\002K"
 221      49D6 E932 
 221      2375 59AF 
 221      CB55 3C56 
 221      C038 F80D 
 222 01f5 E027 5804 		.ascii	"\340'X\004\013\340\007\347\267u9\214G\032|\006\363\340#\230\003"
 222      0BE0 07E7 
 222      B775 398C 
 222      471A 7C06 
 222      F3E0 2398 
 223 020a 1130 CBCB 		.ascii	"\0210\313\313\245\370\375w0\n\276\201\021\220\2244?\001\f0\003"
 223      A5F8 FD77 
 223      300A BE81 
 223      1190 9434 
 223      3F01 0C30 
 224 021f BE82 69F0 		.ascii	"\276\202i\360\036\304\271\346\013\230\002\223\334\023\345\365"
 224      1EC4 B9E6 
 224      0B98 0293 
 224      DC13 E5F5 
 225 022f 3E71 CF04 		.ascii	">q\317\004\367\204\371\375\030\367|\340\236\020\367\004\271g"
 225      F784 F9FD 
 225      18F7 7CE0 
 225      9E10 F704 
 225      B967 
 226 0241 0804 809F 		.ascii	"\b\004\200\237{\006\301;\251\013\271&\033\304\177\261\013@\364"
 226      7B06 C13B 
 226      A90B B926 
 226      1BC4 7FB1 
 226      0B40 F4
 227               		.text
 228               		.section	.gnu.lto_.symbol_nodes.fbe3614c94669946,"",@progbits
 229 0000 789C 25CA 		.string	"x\234%\312W\021\2000"
 229      5711 8030 
 229      00
 230 0009 83E1 9F42 		.ascii	"\203\341\237B\313r\201\023\224Q\034\240\007\021\250`o\t\214<"
 230      CB72 8113 
 230      9451 1CA0 
 230      0711 A860 
 230      6F09 8C3C 
 231 001d E4F2 DD25 		.ascii	"\344\362\335%\016\360o0\007\0254\035_\265\276\004\273@]\274\223"
 231      0EF0 6F30 
 231      0715 341D 
 231      5FB5 BE04 
 231      BB40 5DBC 
 232 0032 5D09 840D 		.ascii	"]\t\204\r#\354\204\302I\344\177\\X\341\306\t\023\261>3\211\320"
 232      23EC 84C2 
 232      49E4 7F5C 
 232      58E1 C609 
 232      13B1 3E33 
 233 0048 930A 0399 		.ascii	"\223\n\003\2310\222\377\340\001\300\323\030a"
 233      3092 FFE0 
 233      01C0 D318 
 233      61
 234               		.text
 235               		.section	.gnu.lto_.refs.fbe3614c94669946,"",@progbits
 236 0000 789C 15C3 		.ascii	"x\234\025\303;\016\200 \020E\321\307\035\030\304Ocii\311\006"
 236      3B0E 8020 
 236      1045 D1C7 
 236      1D18 C44F 
 236      6369 69C9 
 237 0015 EC5D B926 		.ascii	"\354]\271&,\3141'\307%\335q\023i\207\003;\311]\345\222?R}\305"
 237      2CCC 3127 
 237      C725 DD71 
 237      1369 8703 
 237      3BC9 5DE5 
 238 002e 3444 8B29 		.ascii	"4D\213)\346h\221!+\264\23793\013\253>\024\367\007\302"
 238      E668 9121 
 238      2BB4 9F39 
 238      330B AB3E 
 238      14F7 07C2 
 239               		.text
 240               		.section	.gnu.lto_.decls.fbe3614c94669946,"",@progbits
 241 0000 789C AD5A 		.string	"x\234\255Z\tTTW\232\256\373.U\224E!\0062\211I83\266!\023fzZLw\246\223>3\347$\266Nw<\223\3
 241      0954 5457 
 241      9AAE FB2E 
 241      5594 4521 
 241      0632 8949 
 242 00a0 5C01 BF04 		.string	"\\\001\277\004\354\007\244\003\316\001\362\221F\361\211\201\366\313\360\355\tx\036\220-\3
 242      EC07 A403 
 242      CE01 F291 
 242      46F1 8981 
 242      F6CB F0ED 
 243 00cc 8A00      		.string	"\212"
 244 00ce FB00      		.string	"\373"
 245 00d0 C580 5EE8 		.string	"\305\200^\350\277\b\337\227"
 245      BF08 DF97 
 245      00
 246 00d9 1580 2A40 		.string	"\025\200*@5`\002\372k\340[G\354\202\337\267"
 246      3560 02FA 
 246      6BE0 5B47 
 246      EC82 DFB7 
 246      00
 247 00ea 0D32 1F5E 		.string	"\r2\037^\002\324B\343\n\340*\240\016P\017h\220\331\177\r\320\bh\0024#G\237[\240\357:bB[\0
 247      02D4 42E3 
 247      0AE0 2AA0 
 247      0E50 0F68 
 247      90D9 7F0D 
 248 018b FC23 E017 		.string	"\374#\340\027\200\237\001\376\036\360O\200\277\003\370\002^\005\314\006\274\356D\337\357\
 248      809F 01FE 
 248      1EF0 4F80 
 248      BF03 F802 
 248      5E05 CC06 
 249 01c1 9F02 FE00 		.string	"\237\002\376"
 250 01c5 580C F812 		.string	"X\f\370\022\3609\340\013\300R\300\177\002\202\001\337"
 250      F039 E00B 
 250      C052 C07F 
 250      0282 01DF 
 250      00
 251 01d6 4200      		.string	"B"
 252 01d8 4180 6580 		.string	"A\200e\200\257\001k"
 252      AF01 6B00 
 253 01e0 EB00      		.string	"\353"
 254 01e2 1B01 EB01 		.ascii	"\033\001\353\001Q\200\265\200h@\034 \231\257K<`;_\247m\200\255"
 254      5180 B580 
 254      6840 1C20 
 254      99AF 4B3C 
 254      603B 5FA7 
 255 01f9 88AD 5B12 		.ascii	"\210\255[\022`\227\023\337L\330\036s\262\357\323\246\210y\270"
 255      6097 13DF 
 255      4CD8 1E73 
 255      B2EF D3A6 
 255      8879 B8
 256 020c 8A9B 3505 		.ascii	"\212\2335\005w\225\212k\235\202\033\207\321\301\321'\3758\006"
 256      7795 8A6B 
 256      9D82 1B87 
 256      D1C1 D127 
 256      FD38 06
 257 021f A32F 0D68 		.ascii	"\243/\rhb\002CGZ\357\271\021w\326A\306\327\016\236;\340\216\005"
 257      6202 4347 
 257      5AEF B911 
 257      77D6 41C6 
 257      D70E 9E3B 
 258 0236 FAFB 49C9 		.ascii	"\372\373I\311\370A4\347\230\310>\372\0174(\003aI\320\205\330"
 258      F841 34E7 
 258      98C8 3EFA 
 258      0F34 2803 
 258      6149 D085 
 259 024b E62E 039E 		.ascii	"\346.\003\236C\211\305\023\303V\017\220\341i@\0024k\373/'\273"
 259      4389 C513 
 259      C356 0F90 
 259      E169 4002 
 259      346B FB2F 
 260 0261 41F3 7903 		.ascii	"A\363y\003\232\021\207\205\342\214\310\215\323\220\3017J\024"
 260      9A11 8785 
 260      E28C C88D 
 260      D390 C137 
 260      4A14 
 261 0273 578A D5A2 		.ascii	"W\212\325\242\250\235\251A\347\2207\312B\336\032\224\203|\211"
 261      A89D A941 
 261      E790 37CA 
 261      42DE 1A94 
 261      837C 89
 262 0286 EAB3 688E 		.ascii	"\352\263h\216\006\235\201\316\323\320y\210\250\263Nl\233\335"
 262      069D 81CE 
 262      D3D0 7988 
 262      A8B3 4E6C 
 262      9BDD 
 263 0298 B146 1405 		.ascii	"\261F\024\005\224\215\f(\023a\312\201\375\360\245\201\031P\231"
 263      948D 0C28 
 263      1361 CA81 
 263      FDF0 A581 
 263      1950 99
 264 02ab 5CB5 DCC0 		.ascii	"\\\265\334\300eF=S&\312E\006\2304\2211\260\322\335\270\336f\t"
 264      6546 3D53 
 264      26CA 4506 
 264      9834 9131 
 264      B0D2 DDB8 
 265 02c2 3219 6DF3 		.ascii	"2\031m\3634\350<2r\357\2564\365\027\031%^\224\023\036\272\200"
 265      34E8 3C32 
 265      72EF AE34 
 265      F517 1925 
 265      5E94 131E 
 266 02d8 8CC0 3D5B 		.ascii	"\214\300=[6:\344v\003]G\0205i\323\"\376\205(X\033\321&\251\002"
 266      363A E476 
 266      035D 4710 
 266      3569 D322 
 266      FE85 2858 
 267 02f1 EC8B 7721 		.ascii	"\354\213w!N\323H\2779\213\365\013\2228\372\017i\270\264\t\351"
 267      4ED3 48BF 
 267      398B F50B 
 267      9238 FA0F 
 267      69B8 B409 
 268 0306 8378 0966 		.ascii	"\203x\tf\3756q\244O\220\226\235I\3474\350\247\\\231\004&W\246"
 268      FD36 71A4 
 268      4F90 969D 
 268      49E7 34E8 
 268      A75C 9904 
 269 031d 5E2E 9EE9 		.ascii	"^.\236\351V\f\313\235D<`y\233\267\346\351q(M\207\302\003-\rZ"
 269      560C CB9D 
 269      443C 6079 
 269      9BB7 E6E9 
 269      7128 4D87 
 270 0336 1781 050A 		.ascii	"\027\201\005\n\205\270\220\276=%\267:\247\323>\262\234\371\210"
 270      85B8 90BE 
 270      3D25 B73A 
 270      A7D3 3EB2 
 270      9CF9 88
 271 0349 760E F536 		.ascii	"v\016\3656\265\353m\235\005\254\363\301\341\261h\343\314m4\007"
 271      B5EB 6D9D 
 271      05AC F3C1 
 271      E1B1 68E3 
 271      CC6D 3407 
 272 035d 4471 06A2 		.ascii	"Dq\006\242c\277\362FsI\344\213\320L\370[\210\\\230\326\254\312"
 272      63BF F246 
 272      7349 E48B 
 272      D04C F85B 
 272      885C 98D6 
 273 0373 93F9 FAD9 		.ascii	"\223\371\372\331{\304=m\242\265!\345_'\316\304\211\242\316\205"
 273      7BC4 3D6D 
 273      A2B5 21E5 
 273      5F27 CEC4 
 273      89A2 CE85 
 274 0387 B090 D59E 		.ascii	"\260\220\325\2361V\232\265(\017\3015\n\025\243\3310q`\233\265"
 274      3156 9AB5 
 274      280F C135 
 274      0A15 A3D9 
 274      3071 609B 
 275 039c C81D 1F42 		.ascii	"\310\035\037B\324\336\332\301\274\307\030g\260\306\215\226\336"
 275      D4DE DAC1 
 275      BCC7 1867 
 275      B0C6 8D96 
 275      DE
 276 03ad 2E04 36A1 		.ascii	".\0046\241Kt\026\364\324\254NO\302,\273]\310\324\212\204\233"
 276      4B74 16F4 
 276      D4AC 4E4F 
 276      C22C BB5D 
 276      C8D4 8A84 
 277 03c2 D359 76CF 		.ascii	"\323Yv\317\202\346`\371\375&\035\316g\223\273\213\317\215\273"
 277      82E6 60F9 
 277      FD26 1DCE 
 277      6793 BB8B 
 277      CF8D BB
 278 03d5 E112 D648 		.ascii	"\341\022\326H[\323\231\252\007\2427l5$\333i\336l\247\245\356"
 278      5BD3 99AA 
 278      07A2 376C 
 278      3524 DB69 
 278      DE6C A7A5 
 279 03ea 4E01 132A 		.ascii	"N\001\023*(W\270\177td\253+\3625\360\324\257\177\247\235\246"
 279      2857 B87F 
 279      7464 AB2B 
 279      F235 F0D4 
 279      AF7F A79D 
 280 03ff 7E0D B85E 		.ascii	"~\r\270^ew\304\233\244>My\353\036\021C\312\263\260\240jHxo\236"
 280      6577 C49B 
 280      A43E 4D79 
 280      EB1E 1143 
 280      CAB3 B0A0 
 281 0418 F095 90A5 		.ascii	"\360\225\220\245\025\220\245\240\341T\341p\223\021\3271k\322"
 281      1590 A5A0 
 281      E154 E170 
 281      9311 D731 
 281      6BD2 
 282 042a 770E 5F37 		.ascii	"w\016_7\020\277j%\277\366l\273\263]\217[\350\260K\177\2038  "
 282      10BF 6A25 
 282      BFF6 6CBB 
 282      B35D 8F5B 
 282      E8B0 4B7F 
 283 0442 2F1F 1FDF 		.ascii	"/\037\037\337XbB\265\030)\222\225\3469\217\256@\304Q\035\362"
 283      5862 42B5 
 283      1829 9295 
 283      E639 8FAE 
 283      40C4 511D 
 284 0457 223A D035 		.ascii	"\":\3205P\327\200|P=\362\241\211\260\217ZT\225\353S\232\275Y"
 284      50D7 807C 
 284      503D F2A1 
 284      89B0 8F5A 
 284      5495 EB53 
 285 046e 14D7 EAA8 		.ascii	"\024\327\352\250\331W\301l2\201\233HW\357\ro\033\273`\341j\321"
 285      D957 C16C 
 285      3281 9B48 
 285      57EF 0D6F 
 285      1BBB 60E1 
 286 0484 0A51 23D4 		.ascii	"\nQ#\324\313J\252\237\215\312\2421T23R\004k\200\242\341\221\340"
 286      CB4A AA9F 
 286      8DCA A231 
 286      5432 3352 
 286      046B 80A2 
 287 049b 4997 F4A0 		.ascii	"I\227\364\240\350\222\016'\320j%\354\034Hl\326#_/6\251\253\364"
 287      E892 0E27 
 287      D06A 25EC 
 287      1C48 6CD6 
 287      235F 2F36 
 288 04b2 F995 6452 		.ascii	"\371\225dR3\310m\264G\220\310\320h\234\271\210\232\3003g^N\032"
 288      33C8 6DB4 
 288      4790 C8D0 
 288      689C B988 
 288      9AC0 3367 
 289 04c9 C3A1 D889 		.ascii	"\303\241\330\211<\214O\261zy\344fv\205\221\224$\221\027\027\310"
 289      3C8C 4FB1 
 289      7A79 E466 
 289      7685 9194 
 289      2491 1717 
 290 04de 187B D168 		.ascii	"\030{\321hE\260z\3249\240\336\334W\271_\200\\XL\3120I\216\004"
 290      45B0 7AD4 
 290      39A0 DEDC 
 290      57B9 5F80 
 290      5C58 4CCA 
 291 04f6 6BF5 1F59 		.ascii	"k\365\037Y[\024\377\002\355\023\215\331\221zle\256\255\264&g"
 291      5B14 FF02 
 291      ED13 8DD9 
 291      917A 6C65 
 291      AEAD B426 
 292 050b B9B1 0A2A 		.ascii	"\271\261\n*:T\320\233`\347b\276\370m\320y\303VA/5\316n\354\027"
 292      3A54 D09B 
 292      60E7 62BE 
 292      F86D D079 
 292      C356 412F 
 293 0524 C559 A803 		.ascii	"\305Y\250\003\202\334n\017\302b"
 293      82DC 6E0F 
 293      C262 
 294 052e 5E41 4FD5 		.string	"^AO\325\305l\303\236\233\t\027\376\274\213\b\217n\354N\344)\031Lr\243\241\267'\303\035\37
 294      C56C C39E 
 294      9B09 17FE 
 294      BC8B 088F 
 294      6EEC 4EE4 
 295 062f 9DFD 80FB 		.string	"\235\375\200\373D\357=\256w\220\352\255L\020\277\300\205\316\324\236l\033\313uaj=IQ/Jy\30
 295      44EF 3DAE 
 295      7790 EAAD 
 295      4C10 BFC0 
 295      85CE D49E 
 296 06d7 0BEB 37E2 		.ascii	"\013\3537\342\344\225\325\"&\034\364\024<\224M{\312\255\023\005"
 296      E495 D522 
 296      261C F414 
 296      3C94 4D7B 
 296      CAAD 1305 
 297 06eb 625D 4647 		.ascii	"b]FG\207\325\035\3671\353\206+\242\373\004.\342N\002\216L\001"
 297      87D5 1DF7 
 297      31EB 862B 
 297      A2FB 042E 
 297      E24E 028E 
 298 0701 2F89 8448 		.ascii	"/\211\204HA!\001\232T\302J*\341|\365\311\305x\210\t(\030L?ld"
 298      4121 019A 
 298      54C2 4A2A 
 298      E17C F5C9 
 298      C578 8809 
 299 071b 3124 07C4 		.ascii	"1$\007\304{\253o\265\361\323\334Lr\275\313\353\31452w\332\250"
 299      7BAB 6FB5 
 299      F1D3 DC4C 
 299      72BD CBEB 
 299      CC35 3277 
 300 0731 3B70 E159 		.ascii	";p\341Y#x\243\325\002\221\272VP\270\323sa{\f\342\266\244[\205"
 300      2378 A3D5 
 300      0291 BA56 
 300      50B8 D373 
 300      617B 0CE2 
 301 0749 9964 1CAD 		.ascii	"\231d\034\255\"\206\330\247\254\342\206\254\243\206\034n{\272"
 301      2286 D8A7 
 301      ACE2 86AC 
 301      A386 1C6E 
 301      7BBA 
 302 075b 0AE1 0967 		.ascii	"\n\341\tg\353\033u\251\265\216g\363s\262\223\246'=i\242\304k"
 302      EB1B 75A9 
 302      B58E 67F3 
 302      73B2 93A6 
 302      273D 69A2 
 303 0771 F1D1 086F 		.ascii	"\361\321\bov\241\223O\f><\241cc\036\344\214\272m\270\324\003"
 303      76A1 934F 
 303      0C3E 3CA1 
 303      6363 1EE4 
 303      8CBA 6DB8 
 304 0787 EF63 634F 		.ascii	"\357ccO[\"\307\00566\035\232\333\233\317\2372\340Sll,\256\346"
 304      5B22 C705 
 304      3636 1D9A 
 304      DB9B CF9F 
 304      32E0 536C 
 305 079f A101 5FE2 		.ascii	"\241\001_\342\304\376\352\247<\026\344\370x\261\277<\b\327\261"
 305      C4FE EAA7 
 305      3C16 E4F8 
 305      78B1 BF3C 
 305      08D7 B1
 306 07b2 A184 9C87 		.ascii	"\241\204\234\207eZ6\244'\314\307\r\375\356\370\006\033{\270~"
 306      655A 36A4 
 306      27CC C70D 
 306      FDEE F806 
 306      1B7B B87E 
 307 07c6 CD30 3F32 		.ascii	"\3150?2\270\222#\303^\261"
 307      B892 23C3 
 307      5EB1 
 308 07d0 5987 7BD8 		.ascii	"Y\207{\330\330\346\242\355\207]\361\020k\224\036\310\036\343"
 308      D8E6 A2ED 
 308      875D F110 
 308      6B94 1EC8 
 308      1EE3 
 309 07e2 F2B5 D0DC 		.ascii	"\362\265\320\334\272\367\340q-\236`ci-\023\260\343\242\264\264"
 309      BAF7 E071 
 309      2D9E 6063 
 309      692D 13B0 
 309      E3A2 B4B4 
 310 07f6 51D2 DED3 		.ascii	"Q\322\336\323c\300\233\264N\256\345[K\343\017\352\361n:\354\321"
 310      63C0 9BB4 
 310      4EAE E55B 
 310      4BE3 0FEA 
 310      F16E 3AEC 
 311 080b D552 7E40 		.ascii	"\325R~@\213|\350\307\213\376\365\365\361\221.\322\263\252r\343"
 311      8B7C E8C7 
 311      8BFE F5F5 
 311      F191 2ED2 
 311      B3AA 72E3 
 312 081f E845 9A1C 		.ascii	"\350E\232\034\253b"
 312      AB62 
 313 0825 21F6 0705 		.string	"!\366\007\005Y\351\356G\362\3534\251\257\025/_\021\305\0353m\225^A\367S]\325\273*\275\363
 313      59E9 EE47 
 313      F2EB 34A9 
 313      AF15 2F5F 
 313      11C5 1D33 
 314 0926 4E34 697E 		.string	"N4i~\212\232\203\261]\217\355\347\205Y\345\354\274p\022$G\t\312\013h4I\347(^aO\321\n;\320
 314      8A9A 83B1 
 314      5D8F EDE7 
 314      8559 E5EC 
 314      BC70 1224 
 315 0a04 90CF B380 		.ascii	"\220\317\263\200%|k\n;\375\026M\272\001S\344N\236W\032\222\245"
 315      257C 6B0A 
 315      3BFD 164D 
 315      BA01 53E4 
 315      4E9E 571A 
 316 0a1a D853 670E 		.ascii	"\330Sg\016\357H\362\300\247i|\205]\331\031\227u\310\313\327\231"
 316      EF48 F2C0 
 316      A769 7C85 
 316      5DD9 1997 
 316      75C8 CBD7 
 317 0a2f 81A8 14EC 		.ascii	"\201\250\024\354\372\0216\036a\207\355\022\230q\311\276)\213"
 317      FA11 361E 
 317      6187 ED12 
 317      9871 C9BE 
 317      298B 
 318 0a41 E8A6 2437 		.ascii	"\350\246$7q7\nZ\247\261\214)\"\355\243g\017f\363\f\232\006\315"
 318      7137 0A5A 
 318      A7B1 8C29 
 318      22ED A367 
 318      0F66 F30C 
 319 0a58 98E2 8C8B 		.ascii	"\230\342\214\213\230\345W\t=\235\234l(\320\341\n\226)k\217^\331"
 319      98E5 5709 
 319      3D9D 9C6C 
 319      28D0 E10A 
 319      9629 6B8F 
 320 0a6e 68C0 8DAC 		.ascii	"h\300\215\254Qx\372N\211;\356f\215\325i\247\256\272\341q\326"
 320      5178 FA4E 
 320      893B EE66 
 320      8DD5 69A7 
 320      AEBA E171 
 321 0a83 787A 2EA6 		.ascii	"xz.\246v\032^\357\352$\273*\322\372v!\274\205\016\353\267\336"
 321      761A 5EEF 
 321      EA24 BB2A 
 321      D2FA 7621 
 321      BC85 0EEB 
 322 0a99 AD4E 3722 		.ascii	"\255N7\"\351\272\311\322\253\241\027\237?\335\237*\212\033\214"
 322      E9BA C9D2 
 322      ABA1 179F 
 322      3FDD 9F2A 
 322      8A1B 8C
 323 0aac B6FC AA9B 		.ascii	"\266\374\252\233<\277\024A\273\f\001+\007\324\222U\255\343\021"
 323      3CBF 1441 
 323      BB0C 012B 
 323      07D4 9255 
 323      ADE3 11
 324 0abf 6B86 885D 		.ascii	"k\206\210]\205(]\0034\001\032\001\365\200\006\305\205c4I\226"
 324      8528 5D03 
 324      3401 1A01 
 324      F580 06C5 
 324      8563 3449 
 325 0ad4 4495 02D3 		.ascii	"D\225\002\323\347,A\013\222e\tzEP\031\347p\341\035M\224\321k"
 325      E72C 410B 
 325      9265 097A 
 325      4550 19E7 
 325      70E1 1D4D 
 326 0aeb D4F4 2C87 		.ascii	"\324\364,\207\364\227\233R\2454e\247Zv\223\234\\\255$\227\252"
 326      F497 9B52 
 326      A534 65A7 
 326      5A76 939C 
 326      5CAD 2497 
 327 0b00 6FDE 5A13 		.ascii	"o\336Z\023q\"I\215:A}\363v=\271?S\207o\321%\021\312\313\237\354"
 327      7122 498D 
 327      3A41 7DF3 
 327      763D B93F 
 327      5387 6FD1 
 328 0b1a 7451 27A4 		.ascii	"tQ'\244,\266\250\025B\372\177\r/\323\\\231\214S\211\346\3530"
 328      2CB6 A815 
 328      42FA 7F0D 
 328      2FD3 5C99 
 328      8C53 89E6 
 329 0b30 ABC5 9E94 		.ascii	"\253\305\236\224uRR\256\255\212\277\315\357#\376\005\232\361"
 329      7552 52AE 
 329      AD8A BFCD 
 329      EF23 FE05 
 329      9AF1 
 330 0b42 3D95 7B11 		.ascii	"=\225{\021\036g\t\324\037\231Q\257\303\233\365\264qfS\361)W\274"
 330      1E67 09D4 
 330      1F99 51AF 
 330      C39B F5B4 
 330      7166 53F1 
 331 0b59 9B35 46AC 		.ascii	"\2335F\254\261\007\341VL\357$\3176\337\255\277\356\206\255t\330"
 331      B107 E156 
 331      4CEF 24CF 
 331      36DF ADBF 
 331      EE86 AD74 
 332 0b6e 3050 7228 		.ascii	"0Pr(\027\361C\232\342\326:ZU\310\372\246,d18\331\276\307\311"
 332      17F1 439A 
 332      E2D6 3A5A 
 332      55C8 FAA6 
 332      2C64 3138 
 333 0b86 75B3 6F8A 		.ascii	"u\263o\212\023Wm\214lqn)\311\016\207\221\321\365Xy\022\350\233"
 333      1357 6D8C 
 333      6C71 6E29 
 333      C90E 8791 
 333      D1F5 5879 
 334 0b9d 2203 07A3 		.ascii	"\"\003\007\243e\344\233J\262CBu\310%\267+\311\016\325tT.\271"
 334      65E4 9B4A 
 334      B243 4275 
 334      C825 B72B 
 334      C90E D574 
 335 0bb4 4349 7656 		.ascii	"CIvVM\245\334\350$\373\256\217'\306}H\214.H\204;\200^\300]\300"
 335      4DA5 DCE8 
 335      24FB AE8F 
 335      27C6 7D48 
 335      8C2E 4884 
 336 0bce 3DC0 6D40 		.ascii	"=\300m@7\240Gyp\223\333\230\250T\353p\016\252\217fe\270\317!"
 336      37A0 4779 
 336      7093 DB98 
 336      A854 EB70 
 336      0EAA 8F66 
 337 0be6 8F77 16D6 		.ascii	"\217w\026\326\364b\\K\227\\\310I\273\266\326~Xi\215auq\020\004"
 337      F462 5C4B 
 337      975C C849 
 337      BBB6 D67E 
 337      5869 8D61 
 338 0bfe F7DB 53B0 		.ascii	"\367\333S\260\317\361\260\"s\007\r\200\027?\326#\260\243\241"
 338      CFF1 B022 
 338      7307 0D80 
 338      173F D623 
 338      B0A3 A1
 339 0c11 BAE3 3D96 		.ascii	"\272\343=\226\316oBk\377\3763\255\b\367\261<\275\364\240\347"
 339      CE6F 426B 
 339      FFFE 33AD 
 339      08F7 B13C 
 339      BDF4 A0E7 
 340 0c25 0AAF BF3F 		.ascii	"\n\257\277?'w\320Yw2\335\360\004\033\333\262)s\013\277O\"OMG"
 340      2777 D059 
 340      7732 DDF0 
 340      041B DBB2 
 340      2973 0BBF 
 341 0c3e 1E25 77B9 		.ascii	"\036%w\271"
 342 0c42 E1F5 D3E8 		.string	"\341\365\323\350XJqA&\257\323\257\220\272\234\231\373P\207\023\331Xb\353\376sn8\2155.vt_G
 342      584A 7141 
 342      26AF D3AF 
 342      90BA 9C99 
 342      FB50 8713 
 343 0d43 46FE 1883 		.string	"F\376\030\203\311=\367\261\212\f-\036\2446\270\347\264w4\271H%\232d\220\017\317\241\341\0
 343      C93D F7B1 
 343      8A0C 2D1E 
 343      A436 B8E7 
 343      B477 34B9 
 344 0de2 6B1E 07EB 		.ascii	"k\036\007\353"
 345 0de6 9B0C D801 		.string	"\233\f\330\001\210\007l\007l\001l\003l\005\354\004$\001va\371\363\347\326\304\031q4iI\224
 345      8807 6C07 
 345      6C01 6C03 
 345      6C05 EC04 
 345      2401 7661 
 346 0ee7 99C8 3B8C 		.ascii	"\231\310;\214\275\321!LL:\216=%\303\b;{$\356\274\326\300\245"
 346      BDD1 214C 
 346      4C3A 8E3D 
 346      25C3 083B 
 346      7B24 EEBC 
 347 0efe 473D 5B7A 		.ascii	"G=[zf\374\371o\344\302OL%\374Ai\321\001\275m\225|\317\036\027"
 347      66FC F96F 
 347      E4C2 4F4C 
 347      25FC 4169 
 347      D101 BD6D 
 348 0f17 C5B9 280D 		.ascii	"\305\271(\r{\242\003\314=i&:H.\026\244\223,R:]\244\355\307\233"
 348      7BA2 03CC 
 348      3D69 263A 
 348      482E 16A4 
 348      932C 523A 
 349 0f30 AC5A 3CE6 		.ascii	"\254Z<\346l\225Z\343Gk\371\343\324_\223\347\006Q\315I\256l\225"
 349      6C95 5AE3 
 349      476B F9E3 
 349      D45F 93E7 
 349      0651 CD49 
 350 0f47 D2C9 53E8 		.ascii	"\322\311S\350\033W\273\245\227\260\377L\236\233\036\331s\316"
 350      1B57 BBA5 
 350      97B0 FF4C 
 350      9E9B 1ED9 
 350      73CE 
 351 0f59 E074 95CE 		.ascii	"\340t\225\316J\253\224\301V\251p\"\241J\253\216\340\0310\363"
 351      4AAB 94C1 
 351      56A9 7022 
 351      A14A AB8E 
 351      E019 30F3 
 352 0f6d 3475 3293 		.ascii	"4u2\223:yVr\262\241n\335\240^\035\022\247\354Cy\005m\322\233"
 352      3A79 5672 
 352      B2A1 6EDD 
 352      A05E 1D12 
 352      A7EC 4379 
 353 0f85 8CD1 9FD3 		.ascii	"\214\321\237\323w\nY\020\220\223< |\036:E\002r\222\007\344\034"
 353      770A 5910 
 353      9093 3C20 
 353      7C1E 3A45 
 353      0272 9207 
 354 0f9b 0DC8 BDF1 		.ascii	"\r\310\275\361\274"
 354      BC
 355 0fa0 201C 6D74 		.string	" \034mt\022\217\234\275\247N\270\3637&\344?UD5\367>\344i\3723r\204;t\251\305\305i"
 355      128F 9CBD 
 355      A74E B8F3 
 355      3726 E43F 
 355      5544 35F7 
 356 0fc2 2E48 0138 		.string	".H\0018\317\002p\367@\365U\254\016@.\230\305Jx\036u\351\202\344\322\336\324\225\233t\352"
 356      CF02 70F7 
 356      40F5 55AC 
 356      0E40 2E98 
 356      C54A 781E 
 357 0fe2 3865 57EF 		.string	"8eW\357\314\031\231&\005\340\035\032"
 357      CC19 9926 
 357      05E0 1D1A 
 357      00
 358 0fef 2B04 209B 		.string	"+\004 \233\007\200\317C9$"
 358      0780 CF43 
 358      3924 00
 359 0ffa D93C 00   		.string	"\331<"
 360 0ffd F934 00   		.string	"\3714"
 361 1000 4D6D E503 		.ascii	"Mm\345\003\323'K\325\311\336g\243\002L\236\300\357{t\355\256"
 361      D327 4BD5 
 361      C9DE 67A3 
 361      024C 9EC0 
 361      EF7B 74ED 
 362 1015 8BFC 3F70 		.ascii	"\213\374?p\234\224\335\036iP!f\3773\003\276\201|:/>\325UN\336"
 362      9C94 DD1E 
 362      6950 2166 
 362      FF33 03BE 
 362      817C 3A2F 
 363 102e 87E5 E422 		.ascii	"\207\345\344\"N.\242\344\373\003%\267\265rr/\222\223\2139\271"
 363      4E2E A2E4 
 363      FB03 25B7 
 363      B572 722F 
 363      9293 8B39 
 364 1043 9892 87F6 		.ascii	"\230\222\207\366\034\350\344/\373\252U/\373T\357\2215\212\227"
 364      1CE8 E42F 
 364      FBAA 552F 
 364      FB54 EF91 
 364      358A 97
 365 1056 C8E8 22F6 		.ascii	"\310\350\"\366\"\213\231\220~W/\327\005\316\311t]\342\272.Q]"
 365      228B 9990 
 365      7E57 2FD7 
 365      05CE C974 
 365      5DE2 BA2E 
 366 106c 758F CF8F 		.ascii	"u\217\317\217\032\361v\232(.7NwoB\310\327\033!\003\200V\032\370"
 366      1AF1 769A 
 366      282E 374E 
 366      776F 42C8 
 366      D71B 2103 
 367 1084 E8E1 4203 		.ascii	"\350\341B\003\022J0\346WFM\202\bq\355\377\037\322=Y\251)\205"
 367      124A 30E6 
 367      5746 4D82 
 367      0871 EDFF 
 367      1FD2 3D59 
 368 109b 6250 4E93 		.ascii	"bPN\223\3442\254O\031dI\002\\NH\017(\274\322=\360\226\374\r\017"
 368      E432 AC4F 
 368      1964 4902 
 368      5C4E 480F 
 368      28BC D23D 
 369 10b4 116D 7F5F 		.ascii	"\021m\177_S\201\355\257xH#\356Y/\276+\245d\234Ksq\303\243\336"
 369      5381 EDAF 
 369      7848 23EE 
 369      592F BE2B 
 369      A564 9C4B 
 370 10cd 032E 4C7C 		.ascii	"\003.L|\265M\274\235]E\305\3239\264\0013\366\334\274\227\255"
 370      B54D BC9D 
 370      5D45 C5D3 
 370      39B4 0133 
 370      F6DC BC97 
 371 10e2 F84F 3BE4 		.ascii	"\370O;\344u\226}F5\217V5\215VT\361\200\325('\223WNvr\r'\327P"
 371      7596 7D46 
 371      358F 5635 
 371      8D56 54F1 
 371      80D5 2827 
 372 10ff F2ED A2C1 		.ascii	"\362\355\242\301\r\302\253{Y\020S \212_\275@\377\207\b[\253Z"
 372      0DC2 AB7B 
 372      5910 5320 
 372      8A5F BD40 
 372      FF87 085B 
 373 1115 FC2A B9B8 		.ascii	"\374*\271\270\034\335\021\253g\034\353P\024\336)V\317P\322\256"
 373      1CDD 11AB 
 373      671C EB50 
 373      14DE 2956 
 373      CF50 D2AE 
 374 1129 50DA BAEA 		.ascii	"P\332\272\352\023\371\230\323\232\2421HS\262\256R\326\211Mgz"
 374      13F9 98D3 
 374      9AA2 3148 
 374      53B2 AE52 
 374      D689 4D67 
 375 113e 5C39 AB60 		.ascii	"\\9\253`\275#\253\216\262\036\334.k\326rV\331FGV=e\355\377\341"
 375      BD23 AB8E 
 375      B21E DC2E 
 375      6BD6 7256 
 375      D946 4756 
 376 1157 40A3 8EB3 		.ascii	"@\243\216\263:\022\034Y\r\224u\241]\314r\347\254\372\3658\325"
 376      3A12 1C59 
 376      0D94 75A1 
 376      5DCC 72E7 
 376      ACFA F538 
 377 116c C1FC 6B94 		.ascii	"\301\374k\224\226\223~)\016q\332\350$\2065RVfc\355F\233\312\030"
 377      9693 7E29 
 377      0E71 DAE8 
 377      2486 3552 
 377      5666 63ED 
 378 1184 4756 1365 		.ascii	"GV\023e\215\245E\326\270I\346opd5S\326\361C%\005\316c\337B9\365"
 378      8DA5 45D6 
 378      B849 E66F 
 378      7064 3553 
 378      D6F1 4325 
 379 119f 6B46 735D 		.ascii	"kFs]\234r\256SNv[Y\274\316)\247\225r\022\332w^w.\347\006\345"
 379      9C72 AE53 
 379      4E76 5B59 
 379      BCCE 29A7 
 379      9572 12DA 
 380 11ba 1C8E 7C34 		.ascii	"\034\216|4\204\234r\332(gt\367p\221\273SN;\345T\347\224\335q"
 380      849C 72DA 
 380      2867 74F7 
 380      7091 BB53 
 380      4E3B E554 
 381 11d2 579E 9226 		.ascii	"W\236\222&{\016\250\231\362)\025\352\240ub\342\350\226\024E\235"
 381      7B0E A899 
 381      F229 15EA 
 381      A075 62E2 
 381      E896 1445 
 382 11e7 E850 14B0 		.ascii	"\350P\024\260\233<\231o\322dn\275[\270W''\2232l'wrr'%_\353\335"
 382      9B3C 996F 
 382      D264 6EBD 
 382      5BB8 5727 
 382      2793 326C 
 383 1204 FFBA 9C9B 		.ascii	"\377\272\234\233\245\340\336\342\334[\224\273uM\3711\203\234"
 383      A5E0 DEE2 
 383      DC5B 94BB 
 383      754D F931 
 383      839C 
 384 1216 9CA6 2077 		.ascii	"\234\246 wq2\371\236mY\376\215\177@h\230\331oEX\250%4 4\330/"
 384      7132 F99E 
 384      6D59 FE8D 
 384      7F40 6898 
 384      D96F 4558 
 385 1231 227C 897F 		.ascii	"\"|\211\177\2409< ,h"
 385      A039 3C20 
 385      2C68 
 386 123b 8525 346C 		.string	"\205%4lN\200\376\367\037~6k\376o~\243\321G\004\205X\336\370\265\277\345-\340\204\371\005\
 386      4E80 FEF7 
 386      1F7E 366B 
 386      FE6F 7EA3 
 386      D147 0485 
 387 133c 4B44 9839 		.ascii	"KD\2309\214u\272\177\034\026\032\030\021`a-\317E\346\260 S\360"
 387      8C75 BA7F 
 387      1C16 1A18 
 387      1160 612D 
 387      CF45 E6B0 
 388 1353 8711 CB97 		.ascii	"\207\021\313\227H\004\375\374E_|:\377\2759oH?~)\375\370\325\214"
 388      4804 FDFC 
 388      455F 7C3A 
 388      FFBD 396F 
 388      483F 7E29 
 389 136b 05E6 6F83 		.ascii	"\005\346o\203\002\314vE\317\331\246\303\334\205!\201\346?{\330"
 389      02CC 7645 
 389      CFD9 A6C3 
 389      DC85 2181 
 389      E63F 7BD8 
 390 137f C5D3 F6F3 		.ascii	"\305\323\366\363*\013h\247\373'\346`\263)\334\314\324N\343S\026"
 390      2A0B 68A7 
 390      FB27 E660 
 390      B329 DCCC 
 390      D44E E353 
 391 1394 2ED0 7F6E 		.ascii	".\320\177n\016\t\f\r[\270\300\375\337B\002W\204\302\362\314%"
 391      0E09 0C0D 
 391      5BB8 C0FD 
 391      DF42 0257 
 391      84C2 F2CC 
 392 13a9 0BA5 FF98 		.ascii	"\013\245\377\230/\265~Q\304\222\371\301\246\360p-\375;\003\274"
 392      2FB5 7E51 
 392      C492 F9C1 
 392      A6F0 702D 
 392      FD3B 03BC 
 393 13bd 5EB4 C21C 		.ascii	"^\264\302\034\020\2644(\300d\t\n\ry\201\t\374h\351\374\320\220"
 393      10B4 3428 
 393      C064 090A 
 393      0D79 8109 
 393      FC68 E9FC 
 394 13d3 A541 CB22 		.ascii	"\245A\313\"\302ho\270"
 394      C268 6FB8 
 395 13db 3A3A CC0B 		.string	"::\314\013\177\313\213\n\232\235\340\t\375\341\241\301f\377\205\037Jv\030\245\037\304\036
 395      7FCB 8B0A 
 395      9A9D E009 
 395      FDE1 A1C1 
 395      66FF 851F 
 396 14dc 9BC0 70B6 		.ascii	"\233\300p\266r\312\351\2201^\037\230\376\374q\350\237\314a$\202"
 396      72CA E990 
 396      315E 1F98 
 396      FEFC 71E8 
 396      9FCC 6124 
 397 14f1 11CB 5790 		.ascii	"\021\313W\220\376\327T\236+&\331\352\207\227\024\363\217>\373"
 397      FED7 549E 
 397      2B26 D9EA 
 397      8797 14F3 
 397      8F3E FB
 398 1504 5472 EBD9 		.ascii	"Tr\353\3315\360k\315\337N)\3352]\n\006\313\235W\325\325KJ*\377"
 398      35F0 6BCD 
 398      DF4E 29DD 
 398      325D 0A06 
 398      CB9D 57D5 
 399 151d 0526 8BC9 		.ascii	"\005&\213\311\002)\351o1\262\210\263~wn\026k\271\220\252\366"
 399      0229 E96F 
 399      31B2 88B3 
 399      7E77 6E16 
 399      6BB9 90AA 
 400 1532 BF03 A4EA 		.ascii	"\277\003\244\352O"
 400      4F
 401               		.text
 402               		.section	.gnu.lto_.symtab.fbe3614c94669946,"",@progbits
 403 0000 6765 745F 		.string	"get_usb_descriptor"
 403      7573 625F 
 403      6465 7363 
 403      7269 7074 
 403      6F72 00
 404 0013 00        		.string	""
 405 0014 00        		.string	""
 406 0015 00        		.string	""
 407 0016 00        		.string	""
 408 0017 00        		.string	""
 409 0018 00        		.string	""
 410 0019 00        		.string	""
 411 001a 00        		.string	""
 412 001b 00        		.string	""
 413 001c 00        		.string	""
 414 001d 00        		.string	""
 415 001e C500      		.string	"\305"
 416 0020 00        		.string	""
 417 0021 00        		.string	""
 418 0022 4C61 6E67 		.string	"LanguageString"
 418      7561 6765 
 418      5374 7269 
 418      6E67 00
 419 0031 00        		.string	""
 420 0032 00        		.string	""
 421 0033 00        		.string	""
 422 0034 00        		.string	""
 423 0035 00        		.string	""
 424 0036 00        		.string	""
 425 0037 00        		.string	""
 426 0038 00        		.string	""
 427 0039 00        		.string	""
 428 003a 00        		.string	""
 429 003b 00        		.string	""
 430 003c ED00      		.string	"\355"
 431 003e 00        		.string	""
 432 003f 00        		.string	""
 433 0040 4D61 6E75 		.string	"ManufacturerString"
 433      6661 6374 
 433      7572 6572 
 433      5374 7269 
 433      6E67 00
 434 0053 00        		.string	""
 435 0054 00        		.string	""
 436 0055 00        		.string	""
 437 0056 00        		.string	""
 438 0057 00        		.string	""
 439 0058 00        		.string	""
 440 0059 00        		.string	""
 441 005a 00        		.string	""
 442 005b 00        		.string	""
 443 005c 00        		.string	""
 444 005d 00        		.string	""
 445 005e F200      		.string	"\362"
 446 0060 00        		.string	""
 447 0061 00        		.string	""
 448 0062 5072 6F64 		.string	"ProductString"
 448      7563 7453 
 448      7472 696E 
 448      6700 
 449 0070 00        		.string	""
 450 0071 00        		.string	""
 451 0072 00        		.string	""
 452 0073 00        		.string	""
 453 0074 00        		.string	""
 454 0075 00        		.string	""
 455 0076 00        		.string	""
 456 0077 00        		.string	""
 457 0078 00        		.string	""
 458 0079 00        		.string	""
 459 007a 00        		.string	""
 460 007b F700      		.string	"\367"
 461 007d 00        		.string	""
 462 007e 00        		.string	""
 463 007f 5365 7269 		.string	"SerialNumberString"
 463      616C 4E75 
 463      6D62 6572 
 463      5374 7269 
 463      6E67 00
 464 0092 00        		.string	""
 465 0093 00        		.string	""
 466 0094 00        		.string	""
 467 0095 00        		.string	""
 468 0096 00        		.string	""
 469 0097 00        		.string	""
 470 0098 00        		.string	""
 471 0099 00        		.string	""
 472 009a 00        		.string	""
 473 009b 00        		.string	""
 474 009c 00        		.string	""
 475 009d FC00      		.string	"\374"
 476 009f 00        		.string	""
 477 00a0 00        		.string	""
 478 00a1 4465 7669 		.string	"DeviceDescriptor"
 478      6365 4465 
 478      7363 7269 
 478      7074 6F72 
 478      00
 479 00b2 00        		.string	""
 480 00b3 00        		.string	""
 481 00b4 00        		.string	""
 482 00b5 00        		.string	""
 483 00b6 00        		.string	""
 484 00b7 00        		.string	""
 485 00b8 00        		.string	""
 486 00b9 00        		.string	""
 487 00ba 00        		.string	""
 488 00bb 00        		.string	""
 489 00bc 00        		.string	""
 490 00bd 3201 00   		.string	"2\001"
 491 00c0 00        		.string	""
 492 00c1 436F 6E66 		.string	"ConfigurationDescriptor"
 492      6967 7572 
 492      6174 696F 
 492      6E44 6573 
 492      6372 6970 
 493 00d9 00        		.string	""
 494 00da 00        		.string	""
 495 00db 00        		.string	""
 496 00dc 00        		.string	""
 497 00dd 00        		.string	""
 498 00de 00        		.string	""
 499 00df 00        		.string	""
 500 00e0 00        		.string	""
 501 00e1 00        		.string	""
 502 00e2 00        		.string	""
 503 00e3 00        		.string	""
 504 00e4 A301 00   		.string	"\243\001"
 505 00e7 00        		.string	""
 506 00e8 4B65 7962 		.string	"KeyboardReport"
 506      6F61 7264 
 506      5265 706F 
 506      7274 00
 507 00f7 00        		.string	""
 508 00f8 00        		.string	""
 509 00f9 00        		.string	""
 510 00fa 00        		.string	""
 511 00fb 00        		.string	""
 512 00fc 00        		.string	""
 513 00fd 00        		.string	""
 514 00fe 00        		.string	""
 515 00ff 00        		.string	""
 516 0100 00        		.string	""
 517 0101 00        		.string	""
 518 0102 B001 00   		.string	"\260\001"
 519 0105 00        		.string	""
 520 0106 5368 6172 		.string	"SharedReport"
 520      6564 5265 
 520      706F 7274 
 520      00
 521 0113 00        		.string	""
 522 0114 00        		.string	""
 523 0115 00        		.string	""
 524 0116 00        		.string	""
 525 0117 00        		.string	""
 526 0118 00        		.string	""
 527 0119 00        		.string	""
 528 011a 00        		.string	""
 529 011b 00        		.string	""
 530 011c 00        		.string	""
 531 011d 00        		.string	""
 532 011e B901 00   		.string	"\271\001"
 533 0121 00        		.string	""
 534 0122 436F 6E73 		.string	"ConsoleReport"
 534      6F6C 6552 
 534      6570 6F72 
 534      7400 
 535 0130 00        		.string	""
 536 0131 00        		.string	""
 537 0132 00        		.string	""
 538 0133 00        		.string	""
 539 0134 00        		.string	""
 540 0135 00        		.string	""
 541 0136 00        		.string	""
 542 0137 00        		.string	""
 543 0138 00        		.string	""
 544 0139 00        		.string	""
 545 013a 00        		.string	""
 546 013b C101 00   		.string	"\301\001"
 547 013e 00        		.string	""
 548               		.text
 549               		.section	.gnu.lto_.opts,"",@progbits
 550 0000 272D 666D 		.ascii	"'-fmath-errno' '-fsigned-zeros' '-ftrapping-m"
 550      6174 682D 
 550      6572 726E 
 550      6F27 2027 
 550      2D66 7369 
 551 002d 6174 6827 		.string	"ath' '-fno-trapv' '-fno-openmp' '-fno-openacc' '-mn-flash=1' '-mno-skip-bug' '-mmcu=avr5'
 551      2027 2D66 
 551      6E6F 2D74 
 551      7261 7076 
 551      2720 272D 
 552               		.text
 553               		.comm	__gnu_lto_v1,1,1
 554               		.comm	__gnu_lto_slim,1,1
 555               		.ident	"GCC: (GNU) 7.4.0"
DEFINED SYMBOLS
                            *ABS*:0000000000000000 usb_descriptor.c
/var/tmp//ccGENYOt.s:2      *ABS*:000000000000003e __SP_H__
/var/tmp//ccGENYOt.s:3      *ABS*:000000000000003d __SP_L__
/var/tmp//ccGENYOt.s:4      *ABS*:000000000000003f __SREG__
/var/tmp//ccGENYOt.s:5      *ABS*:0000000000000000 __tmp_reg__
/var/tmp//ccGENYOt.s:6      *ABS*:0000000000000001 __zero_reg__
                            *COM*:0000000000000001 __gnu_lto_v1
                            *COM*:0000000000000001 __gnu_lto_slim

NO UNDEFINED SYMBOLS
