   1              		.cpu cortex-m4
   2              		.eabi_attribute 20, 1
   3              		.eabi_attribute 21, 1
   4              		.eabi_attribute 23, 3
   5              		.eabi_attribute 24, 1
   6              		.eabi_attribute 25, 1
   7              		.eabi_attribute 26, 1
   8              		.eabi_attribute 30, 4
   9              		.eabi_attribute 34, 1
  10              		.eabi_attribute 18, 2
  11              		.file	"hal.c"
  12              		.text
  13              	.Ltext0:
  14              		.cfi_sections	.debug_frame
  15              		.section	.text.halInit,"ax",%progbits
  16              		.align	1
  17              		.global	halInit
  18              		.syntax unified
  19              		.thumb
  20              		.thumb_func
  21              		.fpu softvfp
  23              	halInit:
  24              	.LFB279:
  25              		.file 1 "lib/chibios/os/hal/src/hal.c"
   1:lib/chibios/os/hal/src/hal.c **** /*
   2:lib/chibios/os/hal/src/hal.c ****     ChibiOS - Copyright (C) 2006..2016 Giovanni Di Sirio
   3:lib/chibios/os/hal/src/hal.c **** 
   4:lib/chibios/os/hal/src/hal.c ****     Licensed under the Apache License, Version 2.0 (the "License");
   5:lib/chibios/os/hal/src/hal.c ****     you may not use this file except in compliance with the License.
   6:lib/chibios/os/hal/src/hal.c ****     You may obtain a copy of the License at
   7:lib/chibios/os/hal/src/hal.c **** 
   8:lib/chibios/os/hal/src/hal.c ****         http://www.apache.org/licenses/LICENSE-2.0
   9:lib/chibios/os/hal/src/hal.c **** 
  10:lib/chibios/os/hal/src/hal.c ****     Unless required by applicable law or agreed to in writing, software
  11:lib/chibios/os/hal/src/hal.c ****     distributed under the License is distributed on an "AS IS" BASIS,
  12:lib/chibios/os/hal/src/hal.c ****     WITHOUT WARRANTIES OR CONDITIONS OF ANY KIND, either express or implied.
  13:lib/chibios/os/hal/src/hal.c ****     See the License for the specific language governing permissions and
  14:lib/chibios/os/hal/src/hal.c ****     limitations under the License.
  15:lib/chibios/os/hal/src/hal.c **** */
  16:lib/chibios/os/hal/src/hal.c **** 
  17:lib/chibios/os/hal/src/hal.c **** /**
  18:lib/chibios/os/hal/src/hal.c ****  * @file    hal.c
  19:lib/chibios/os/hal/src/hal.c ****  * @brief   HAL subsystem code.
  20:lib/chibios/os/hal/src/hal.c ****  *
  21:lib/chibios/os/hal/src/hal.c ****  * @addtogroup HAL
  22:lib/chibios/os/hal/src/hal.c ****  * @{
  23:lib/chibios/os/hal/src/hal.c ****  */
  24:lib/chibios/os/hal/src/hal.c **** 
  25:lib/chibios/os/hal/src/hal.c **** #include "hal.h"
  26:lib/chibios/os/hal/src/hal.c **** 
  27:lib/chibios/os/hal/src/hal.c **** /*===========================================================================*/
  28:lib/chibios/os/hal/src/hal.c **** /* Driver local definitions.                                                 */
  29:lib/chibios/os/hal/src/hal.c **** /*===========================================================================*/
  30:lib/chibios/os/hal/src/hal.c **** 
  31:lib/chibios/os/hal/src/hal.c **** /*===========================================================================*/
  32:lib/chibios/os/hal/src/hal.c **** /* Driver exported variables.                                                */
  33:lib/chibios/os/hal/src/hal.c **** /*===========================================================================*/
  34:lib/chibios/os/hal/src/hal.c **** 
  35:lib/chibios/os/hal/src/hal.c **** /*===========================================================================*/
  36:lib/chibios/os/hal/src/hal.c **** /* Driver local variables and types.                                         */
  37:lib/chibios/os/hal/src/hal.c **** /*===========================================================================*/
  38:lib/chibios/os/hal/src/hal.c **** 
  39:lib/chibios/os/hal/src/hal.c **** /*===========================================================================*/
  40:lib/chibios/os/hal/src/hal.c **** /* Driver local functions.                                                   */
  41:lib/chibios/os/hal/src/hal.c **** /*===========================================================================*/
  42:lib/chibios/os/hal/src/hal.c **** 
  43:lib/chibios/os/hal/src/hal.c **** /*===========================================================================*/
  44:lib/chibios/os/hal/src/hal.c **** /* Driver exported functions.                                                */
  45:lib/chibios/os/hal/src/hal.c **** /*===========================================================================*/
  46:lib/chibios/os/hal/src/hal.c **** 
  47:lib/chibios/os/hal/src/hal.c **** /**
  48:lib/chibios/os/hal/src/hal.c ****  * @brief   HAL initialization.
  49:lib/chibios/os/hal/src/hal.c ****  * @details This function invokes the low level initialization code then
  50:lib/chibios/os/hal/src/hal.c ****  *          initializes all the drivers enabled in the HAL. Finally the
  51:lib/chibios/os/hal/src/hal.c ****  *          board-specific initialization is performed by invoking
  52:lib/chibios/os/hal/src/hal.c ****  *          @p boardInit() (usually defined in @p board.c).
  53:lib/chibios/os/hal/src/hal.c ****  *
  54:lib/chibios/os/hal/src/hal.c ****  * @init
  55:lib/chibios/os/hal/src/hal.c ****  */
  56:lib/chibios/os/hal/src/hal.c **** void halInit(void) {
  26              		.loc 1 56 0
  27              		.cfi_startproc
  28              		@ args = 0, pretend = 0, frame = 0
  29              		@ frame_needed = 0, uses_anonymous_args = 0
  30 0000 08B5     		push	{r3, lr}
  31              		.cfi_def_cfa_offset 8
  32              		.cfi_offset 3, -8
  33              		.cfi_offset 14, -4
  57:lib/chibios/os/hal/src/hal.c **** 
  58:lib/chibios/os/hal/src/hal.c ****   /* Initializes the OS Abstraction Layer.*/
  59:lib/chibios/os/hal/src/hal.c ****   osalInit();
  60:lib/chibios/os/hal/src/hal.c **** 
  61:lib/chibios/os/hal/src/hal.c ****   /* Platform low level initializations.*/
  62:lib/chibios/os/hal/src/hal.c ****   hal_lld_init();
  34              		.loc 1 62 0
  35 0002 FFF7FEFF 		bl	hal_lld_init
  36              	.LVL0:
  63:lib/chibios/os/hal/src/hal.c **** 
  64:lib/chibios/os/hal/src/hal.c **** #if (HAL_USE_PAL == TRUE) || defined(__DOXYGEN__)
  65:lib/chibios/os/hal/src/hal.c ****   palInit(&pal_default_config);
  37              		.loc 1 65 0
  38 0006 0A48     		ldr	r0, .L2
  39 0008 FFF7FEFF 		bl	_pal_lld_init
  40              	.LVL1:
  66:lib/chibios/os/hal/src/hal.c **** #endif
  67:lib/chibios/os/hal/src/hal.c **** #if (HAL_USE_ADC == TRUE) || defined(__DOXYGEN__)
  68:lib/chibios/os/hal/src/hal.c ****   adcInit();
  69:lib/chibios/os/hal/src/hal.c **** #endif
  70:lib/chibios/os/hal/src/hal.c **** #if (HAL_USE_CAN == TRUE) || defined(__DOXYGEN__)
  71:lib/chibios/os/hal/src/hal.c ****   canInit();
  72:lib/chibios/os/hal/src/hal.c **** #endif
  73:lib/chibios/os/hal/src/hal.c **** #if (HAL_USE_DAC == TRUE) || defined(__DOXYGEN__)
  74:lib/chibios/os/hal/src/hal.c ****   dacInit();
  41              		.loc 1 74 0
  42 000c FFF7FEFF 		bl	dacInit
  43              	.LVL2:
  75:lib/chibios/os/hal/src/hal.c **** #endif
  76:lib/chibios/os/hal/src/hal.c **** #if (HAL_USE_EXT == TRUE) || defined(__DOXYGEN__)
  77:lib/chibios/os/hal/src/hal.c ****   extInit();
  78:lib/chibios/os/hal/src/hal.c **** #endif
  79:lib/chibios/os/hal/src/hal.c **** #if (HAL_USE_GPT == TRUE) || defined(__DOXYGEN__)
  80:lib/chibios/os/hal/src/hal.c ****   gptInit();
  44              		.loc 1 80 0
  45 0010 FFF7FEFF 		bl	gptInit
  46              	.LVL3:
  81:lib/chibios/os/hal/src/hal.c **** #endif
  82:lib/chibios/os/hal/src/hal.c **** #if (HAL_USE_I2C == TRUE) || defined(__DOXYGEN__)
  83:lib/chibios/os/hal/src/hal.c ****   i2cInit();
  47              		.loc 1 83 0
  48 0014 FFF7FEFF 		bl	i2cInit
  49              	.LVL4:
  84:lib/chibios/os/hal/src/hal.c **** #endif
  85:lib/chibios/os/hal/src/hal.c **** #if (HAL_USE_I2S == TRUE) || defined(__DOXYGEN__)
  86:lib/chibios/os/hal/src/hal.c ****   i2sInit();
  87:lib/chibios/os/hal/src/hal.c **** #endif
  88:lib/chibios/os/hal/src/hal.c **** #if (HAL_USE_ICU == TRUE) || defined(__DOXYGEN__)
  89:lib/chibios/os/hal/src/hal.c ****   icuInit();
  90:lib/chibios/os/hal/src/hal.c **** #endif
  91:lib/chibios/os/hal/src/hal.c **** #if (HAL_USE_MAC == TRUE) || defined(__DOXYGEN__)
  92:lib/chibios/os/hal/src/hal.c ****   macInit();
  93:lib/chibios/os/hal/src/hal.c **** #endif
  94:lib/chibios/os/hal/src/hal.c **** #if (HAL_USE_PWM == TRUE) || defined(__DOXYGEN__)
  95:lib/chibios/os/hal/src/hal.c ****   pwmInit();
  50              		.loc 1 95 0
  51 0018 FFF7FEFF 		bl	pwmInit
  52              	.LVL5:
  96:lib/chibios/os/hal/src/hal.c **** #endif
  97:lib/chibios/os/hal/src/hal.c **** #if (HAL_USE_QSPI == TRUE) || defined(__DOXYGEN__)
  98:lib/chibios/os/hal/src/hal.c ****   qspiInit();
  99:lib/chibios/os/hal/src/hal.c **** #endif
 100:lib/chibios/os/hal/src/hal.c **** #if (HAL_USE_SERIAL == TRUE) || defined(__DOXYGEN__)
 101:lib/chibios/os/hal/src/hal.c ****   sdInit();
 102:lib/chibios/os/hal/src/hal.c **** #endif
 103:lib/chibios/os/hal/src/hal.c **** #if (HAL_USE_SDC == TRUE) || defined(__DOXYGEN__)
 104:lib/chibios/os/hal/src/hal.c ****   sdcInit();
 105:lib/chibios/os/hal/src/hal.c **** #endif
 106:lib/chibios/os/hal/src/hal.c **** #if (HAL_USE_SPI == TRUE) || defined(__DOXYGEN__)
 107:lib/chibios/os/hal/src/hal.c ****   spiInit();
 108:lib/chibios/os/hal/src/hal.c **** #endif
 109:lib/chibios/os/hal/src/hal.c **** #if (HAL_USE_UART == TRUE) || defined(__DOXYGEN__)
 110:lib/chibios/os/hal/src/hal.c ****   uartInit();
 111:lib/chibios/os/hal/src/hal.c **** #endif
 112:lib/chibios/os/hal/src/hal.c **** #if (HAL_USE_USB == TRUE) || defined(__DOXYGEN__)
 113:lib/chibios/os/hal/src/hal.c ****   usbInit();
  53              		.loc 1 113 0
  54 001c FFF7FEFF 		bl	usbInit
  55              	.LVL6:
 114:lib/chibios/os/hal/src/hal.c **** #endif
 115:lib/chibios/os/hal/src/hal.c **** #if (HAL_USE_MMC_SPI == TRUE) || defined(__DOXYGEN__)
 116:lib/chibios/os/hal/src/hal.c ****   mmcInit();
 117:lib/chibios/os/hal/src/hal.c **** #endif
 118:lib/chibios/os/hal/src/hal.c **** #if (HAL_USE_SERIAL_USB == TRUE) || defined(__DOXYGEN__)
 119:lib/chibios/os/hal/src/hal.c ****   sduInit();
  56              		.loc 1 119 0
  57 0020 FFF7FEFF 		bl	sduInit
  58              	.LVL7:
 120:lib/chibios/os/hal/src/hal.c **** #endif
 121:lib/chibios/os/hal/src/hal.c **** #if (HAL_USE_RTC == TRUE) || defined(__DOXYGEN__)
 122:lib/chibios/os/hal/src/hal.c ****   rtcInit();
 123:lib/chibios/os/hal/src/hal.c **** #endif
 124:lib/chibios/os/hal/src/hal.c **** #if (HAL_USE_WDG == TRUE) || defined(__DOXYGEN__)
 125:lib/chibios/os/hal/src/hal.c ****   wdgInit();
 126:lib/chibios/os/hal/src/hal.c **** #endif
 127:lib/chibios/os/hal/src/hal.c **** 
 128:lib/chibios/os/hal/src/hal.c ****   /* Community driver overlay initialization.*/
 129:lib/chibios/os/hal/src/hal.c **** #if defined(HAL_USE_COMMUNITY) || defined(__DOXYGEN__)
 130:lib/chibios/os/hal/src/hal.c **** #if (HAL_USE_COMMUNITY == TRUE) || defined(__DOXYGEN__)
 131:lib/chibios/os/hal/src/hal.c ****   halCommunityInit();
 132:lib/chibios/os/hal/src/hal.c **** #endif
 133:lib/chibios/os/hal/src/hal.c **** #endif
 134:lib/chibios/os/hal/src/hal.c **** 
 135:lib/chibios/os/hal/src/hal.c ****   /* Board specific initialization.*/
 136:lib/chibios/os/hal/src/hal.c ****   boardInit();
  59              		.loc 1 136 0
  60 0024 FFF7FEFF 		bl	boardInit
  61              	.LVL8:
 137:lib/chibios/os/hal/src/hal.c **** 
 138:lib/chibios/os/hal/src/hal.c **** /*
 139:lib/chibios/os/hal/src/hal.c ****  *  The ST driver is a special case, it is only initialized if the OSAL is
 140:lib/chibios/os/hal/src/hal.c ****  *  configured to require it.
 141:lib/chibios/os/hal/src/hal.c ****  */
 142:lib/chibios/os/hal/src/hal.c **** #if OSAL_ST_MODE != OSAL_ST_MODE_NONE
 143:lib/chibios/os/hal/src/hal.c ****   stInit();
 144:lib/chibios/os/hal/src/hal.c **** #endif
 145:lib/chibios/os/hal/src/hal.c **** }
  62              		.loc 1 145 0
  63 0028 BDE80840 		pop	{r3, lr}
  64              		.cfi_restore 14
  65              		.cfi_restore 3
  66              		.cfi_def_cfa_offset 0
 143:lib/chibios/os/hal/src/hal.c **** #endif
  67              		.loc 1 143 0
  68 002c FFF7FEBF 		b	stInit
  69              	.LVL9:
  70              	.L3:
  71              		.align	2
  72              	.L2:
  73 0030 00000000 		.word	pal_default_config
  74              		.cfi_endproc
  75              	.LFE279:
  77              		.text
  78              	.Letext0:
  79              		.file 2 "/usr/local/Cellar/gcc-arm-none-eabi/20180627/lib/gcc/arm-none-eabi/7.3.1/include/stddef.h
  80              		.file 3 "/usr/local/Cellar/gcc-arm-none-eabi/20180627/arm-none-eabi/include/machine/_default_types
  81              		.file 4 "/usr/local/Cellar/gcc-arm-none-eabi/20180627/arm-none-eabi/include/sys/_stdint.h"
  82              		.file 5 "./lib/chibios/os/common/ports/ARMCMx/compilers/GCC/chtypes.h"
  83              		.file 6 "./lib/chibios/os/rt/include/chsystypes.h"
  84              		.file 7 "./lib/chibios/os/rt/include/chschd.h"
  85              		.file 8 "./lib/chibios/os/common/ext/CMSIS/include/core_cm4.h"
  86              		.file 9 "./lib/chibios/os/common/ext/CMSIS/ST/STM32F3xx/system_stm32f3xx.h"
  87              		.file 10 "./lib/chibios/os/common/ext/CMSIS/ST/STM32F3xx/stm32f303xc.h"
  88              		.file 11 "./lib/chibios/os/common/ports/ARMCMx/chcore.h"
  89              		.file 12 "./lib/chibios/os/common/ports/ARMCMx/chcore_v7m.h"
  90              		.file 13 "./lib/chibios/os/hal/ports/STM32/LLD/TIMv1/stm32_tim.h"
  91              		.file 14 "./lib/chibios/os/rt/include/chtm.h"
  92              		.file 15 "./lib/chibios/os/rt/include/chsem.h"
  93              		.file 16 "./lib/chibios/os/rt/include/chmtx.h"
  94              		.file 17 "./lib/chibios/os/rt/include/chsys.h"
  95              		.file 18 "./lib/chibios/os/rt/include/chregistry.h"
  96              		.file 19 "./lib/chibios/os/common/oslib/include/chmemcore.h"
  97              		.file 20 "./lib/chibios/os/hal/ports/STM32/LLD/DMAv1/stm32_dma.h"
  98              		.file 21 "./lib/chibios/os/hal/ports/STM32/LLD/GPIOv2/hal_pal_lld.h"
  99              		.file 22 "./lib/chibios/os/hal/include/hal_dac.h"
 100              		.file 23 "./lib/chibios/os/hal/ports/STM32/LLD/DACv1/hal_dac_lld.h"
 101              		.file 24 "./lib/chibios/os/hal/include/hal_gpt.h"
 102              		.file 25 "./lib/chibios/os/hal/ports/STM32/LLD/TIMv1/hal_gpt_lld.h"
 103              		.file 26 "./lib/chibios/os/hal/include/hal_i2c.h"
 104              		.file 27 "./lib/chibios/os/hal/ports/STM32/LLD/I2Cv2/hal_i2c_lld.h"
 105              		.file 28 "./lib/chibios/os/hal/include/hal_pwm.h"
 106              		.file 29 "./lib/chibios/os/hal/ports/STM32/LLD/TIMv1/hal_pwm_lld.h"
 107              		.file 30 "./lib/chibios/os/hal/include/hal_usb.h"
 108              		.file 31 "./lib/chibios/os/hal/ports/STM32/LLD/USBv1/hal_usb_lld.h"
 109              		.file 32 "./lib/chibios/os/hal/ports/STM32/STM32F3xx/hal_lld.h"
 110              		.file 33 "./lib/chibios/os/hal/include/hal_serial_usb.h"
 111              		.file 34 "./drivers/boards/GENERIC_STM32_F303XC/board.h"
 112              		.file 35 "./lib/chibios/os/hal/include/hal_st.h"
 113              		.file 36 "./lib/chibios/os/hal/osal/rt/osal.h"
DEFINED SYMBOLS
                            *ABS*:0000000000000000 hal.c
/var/folders/qs/3p__ddh573j_6k2216pg8mv40000gn/T//ccbP2Z36.s:16     .text.halInit:0000000000000000 $t
/var/folders/qs/3p__ddh573j_6k2216pg8mv40000gn/T//ccbP2Z36.s:23     .text.halInit:0000000000000000 halInit
/var/folders/qs/3p__ddh573j_6k2216pg8mv40000gn/T//ccbP2Z36.s:73     .text.halInit:0000000000000030 $d

UNDEFINED SYMBOLS
hal_lld_init
_pal_lld_init
dacInit
gptInit
i2cInit
pwmInit
usbInit
sduInit
boardInit
stInit
pal_default_config
