   1              		.cpu cortex-m4
   2              		.eabi_attribute 20, 1
   3              		.eabi_attribute 21, 1
   4              		.eabi_attribute 23, 3
   5              		.eabi_attribute 24, 1
   6              		.eabi_attribute 25, 1
   7              		.eabi_attribute 26, 1
   8              		.eabi_attribute 30, 4
   9              		.eabi_attribute 34, 1
  10              		.eabi_attribute 18, 2
  11              		.file	"hal_uart.c"
  12              		.text
  13              	.Ltext0:
  14              		.cfi_sections	.debug_frame
  15              	.Letext0:
  16              		.file 1 "/usr/local/Cellar/gcc-arm-none-eabi/20180627/lib/gcc/arm-none-eabi/7.3.1/include/stddef.h
  17              		.file 2 "/usr/local/Cellar/gcc-arm-none-eabi/20180627/arm-none-eabi/include/machine/_default_types
  18              		.file 3 "/usr/local/Cellar/gcc-arm-none-eabi/20180627/arm-none-eabi/include/sys/_stdint.h"
  19              		.file 4 "./lib/chibios/os/common/ports/ARMCMx/compilers/GCC/chtypes.h"
  20              		.file 5 "./lib/chibios/os/rt/include/chsystypes.h"
  21              		.file 6 "./lib/chibios/os/rt/include/chschd.h"
  22              		.file 7 "./lib/chibios/os/common/ext/CMSIS/include/core_cm4.h"
  23              		.file 8 "./lib/chibios/os/common/ext/CMSIS/ST/STM32F3xx/system_stm32f3xx.h"
  24              		.file 9 "./lib/chibios/os/common/ext/CMSIS/ST/STM32F3xx/stm32f303xc.h"
  25              		.file 10 "./lib/chibios/os/common/ports/ARMCMx/chcore.h"
  26              		.file 11 "./lib/chibios/os/common/ports/ARMCMx/chcore_v7m.h"
  27              		.file 12 "./lib/chibios/os/hal/ports/STM32/LLD/TIMv1/stm32_tim.h"
  28              		.file 13 "./lib/chibios/os/rt/include/chtm.h"
  29              		.file 14 "./lib/chibios/os/rt/include/chsem.h"
  30              		.file 15 "./lib/chibios/os/rt/include/chmtx.h"
  31              		.file 16 "./lib/chibios/os/rt/include/chsys.h"
  32              		.file 17 "./lib/chibios/os/rt/include/chregistry.h"
  33              		.file 18 "./lib/chibios/os/common/oslib/include/chmemcore.h"
  34              		.file 19 "./lib/chibios/os/hal/ports/STM32/LLD/DMAv1/stm32_dma.h"
  35              		.file 20 "./lib/chibios/os/hal/ports/STM32/LLD/GPIOv2/hal_pal_lld.h"
  36              		.file 21 "./lib/chibios/os/hal/include/hal_dac.h"
  37              		.file 22 "./lib/chibios/os/hal/ports/STM32/LLD/DACv1/hal_dac_lld.h"
  38              		.file 23 "./lib/chibios/os/hal/include/hal_gpt.h"
  39              		.file 24 "./lib/chibios/os/hal/ports/STM32/LLD/TIMv1/hal_gpt_lld.h"
  40              		.file 25 "./lib/chibios/os/hal/include/hal_i2c.h"
  41              		.file 26 "./lib/chibios/os/hal/ports/STM32/LLD/I2Cv2/hal_i2c_lld.h"
  42              		.file 27 "./lib/chibios/os/hal/include/hal_pwm.h"
  43              		.file 28 "./lib/chibios/os/hal/ports/STM32/LLD/TIMv1/hal_pwm_lld.h"
  44              		.file 29 "./lib/chibios/os/hal/include/hal_usb.h"
  45              		.file 30 "./lib/chibios/os/hal/ports/STM32/LLD/USBv1/hal_usb_lld.h"
DEFINED SYMBOLS
                            *ABS*:0000000000000000 hal_uart.c

NO UNDEFINED SYMBOLS
